[info] welcome to sbt 1.8.0 (Oracle Corporation Java 9.0.4)
[info] loading global plugins from /Users/y3536zha/.sbt/1.0/plugins
[info] loading settings for project scala_flexible_type_with_test_script-build-build from build.sbt ...
[info] loading project definition from /Users/y3536zha/Desktop/scala_explicit/scala_flexible_type_with_test_script/project/project
[info] loading settings for project scala_flexible_type_with_test_script-build from build.sbt,plugins.sbt ...
[info] loading project definition from /Users/y3536zha/Desktop/scala_explicit/scala_flexible_type_with_test_script/project
[info] loading settings for project scala3 from build.sbt ...
[info] resolving key references (31394 settings) ...
[info] set current project to scala3 (in build file:/Users/y3536zha/Desktop/scala_explicit/scala_flexible_type_with_test_script/)
SLF4J: No SLF4J providers were found.
SLF4J: Defaulting to no-operation (NOP) logger implementation
SLF4J: See https://www.slf4j.org/codes.html#noProviders for further details.
SLF4J: Class path contains SLF4J bindings targeting slf4j-api versions 1.7.x or earlier.
SLF4J: Ignoring binding found at [jar:file:/Users/y3536zha/.sbt/boot/scala-2.12.17/org.scala-sbt/sbt/1.8.0/log4j-slf4j-impl-2.17.1.jar!/org/slf4j/impl/StaticLoggerBinder.class]
SLF4J: See https://www.slf4j.org/codes.html#ignoredBindings for an explanation.
[info] Wrote /Users/y3536zha/Desktop/scala_explicit/scala_flexible_type_with_test_script/tasty/../out/bootstrap/tasty-core-bootstrapped/scala-3.3.1-RC1-bin-SNAPSHOT-nonbootstrapped/tasty-core_3-3.3.1-RC1-bin-SNAPSHOT.pom
[info] Wrote /Users/y3536zha/Desktop/scala_explicit/scala_flexible_type_with_test_script/library/../out/bootstrap/scala3-library-bootstrapped/scala-3.3.1-RC1-bin-SNAPSHOT-nonbootstrapped/scala3-library_3-3.3.1-RC1-bin-SNAPSHOT.pom
[info] Wrote /Users/y3536zha/Desktop/scala_explicit/scala_flexible_type_with_test_script/interfaces/target/scala3-interfaces-3.3.1-RC1-bin-SNAPSHOT.pom
[info] Wrote /Users/y3536zha/Desktop/scala_explicit/scala_flexible_type_with_test_script/library-js/../out/bootstrap/scala3-library-bootstrappedJS/scala-3.3.1-RC1-bin-SNAPSHOT-nonbootstrapped/scala3-library_sjs1_3-3.3.1-RC1-bin-SNAPSHOT.pom
[info] Wrote /Users/y3536zha/Desktop/scala_explicit/scala_flexible_type_with_test_script/sbt-community-build/target/scala-2.12/sbt-1.0/sbt-community-build-0.1.0-SNAPSHOT.pom
[info] Wrote /Users/y3536zha/Desktop/scala_explicit/scala_flexible_type_with_test_script/compiler/../out/bootstrap/scala3-compiler-bootstrapped/scala-3.3.1-RC1-bin-SNAPSHOT-nonbootstrapped/scala3-compiler_3-3.3.1-RC1-bin-SNAPSHOT.pom
[info] Wrote /Users/y3536zha/Desktop/scala_explicit/scala_flexible_type_with_test_script/tasty-inspector/../out/bootstrap/scala3-tasty-inspector/scala-3.3.1-RC1-bin-SNAPSHOT-nonbootstrapped/scala3-tasty-inspector_3-3.3.1-RC1-bin-SNAPSHOT.pom
[info] Wrote /Users/y3536zha/Desktop/scala_explicit/scala_flexible_type_with_test_script/sbt-bridge/src/target/scala3-sbt-bridge-3.3.1-RC1-bin-SNAPSHOT.pom
[info] Wrote /Users/y3536zha/Desktop/scala_explicit/scala_flexible_type_with_test_script/scaladoc/../out/bootstrap/scaladoc/scala-3.3.1-RC1-bin-SNAPSHOT-nonbootstrapped/scaladoc_3-3.3.1-RC1-bin-SNAPSHOT.pom
[info] :: delivering :: ch.epfl.lamp#sbt-community-build;0.1.0-SNAPSHOT :: 0.1.0-SNAPSHOT :: integration :: Wed Jun 21 23:58:51 EDT 2023
[info] 	delivering ivy file to /Users/y3536zha/Desktop/scala_explicit/scala_flexible_type_with_test_script/sbt-community-build/target/scala-2.12/sbt-1.0/ivy-0.1.0-SNAPSHOT.xml
[info] :: delivering :: org.scala-lang#scala3-interfaces;3.3.1-RC1-bin-SNAPSHOT :: 3.3.1-RC1-bin-SNAPSHOT :: integration :: Wed Jun 21 23:58:51 EDT 2023
[info] 	delivering ivy file to /Users/y3536zha/Desktop/scala_explicit/scala_flexible_type_with_test_script/interfaces/target/ivy-3.3.1-RC1-bin-SNAPSHOT.xml
[info] 	published sbt-community-build to /Users/y3536zha/.ivy2/local/ch.epfl.lamp/sbt-community-build/scala_2.12/sbt_1.0/0.1.0-SNAPSHOT/poms/sbt-community-build.pom
[info] 	published sbt-community-build to /Users/y3536zha/.ivy2/local/ch.epfl.lamp/sbt-community-build/scala_2.12/sbt_1.0/0.1.0-SNAPSHOT/jars/sbt-community-build.jar
[info] 	published sbt-community-build to /Users/y3536zha/.ivy2/local/ch.epfl.lamp/sbt-community-build/scala_2.12/sbt_1.0/0.1.0-SNAPSHOT/srcs/sbt-community-build-sources.jar
[info] 	published sbt-community-build to /Users/y3536zha/.ivy2/local/ch.epfl.lamp/sbt-community-build/scala_2.12/sbt_1.0/0.1.0-SNAPSHOT/docs/sbt-community-build-javadoc.jar
[info] 	published ivy to /Users/y3536zha/.ivy2/local/ch.epfl.lamp/sbt-community-build/scala_2.12/sbt_1.0/0.1.0-SNAPSHOT/ivys/ivy.xml
[info] 	published scala3-interfaces to /Users/y3536zha/.ivy2/local/org.scala-lang/scala3-interfaces/3.3.1-RC1-bin-SNAPSHOT/poms/scala3-interfaces.pom
[info] 	published scala3-interfaces to /Users/y3536zha/.ivy2/local/org.scala-lang/scala3-interfaces/3.3.1-RC1-bin-SNAPSHOT/jars/scala3-interfaces.jar
[info] 	published scala3-interfaces to /Users/y3536zha/.ivy2/local/org.scala-lang/scala3-interfaces/3.3.1-RC1-bin-SNAPSHOT/srcs/scala3-interfaces-sources.jar
[info] 	published scala3-interfaces to /Users/y3536zha/.ivy2/local/org.scala-lang/scala3-interfaces/3.3.1-RC1-bin-SNAPSHOT/docs/scala3-interfaces-javadoc.jar
[info] 	published ivy to /Users/y3536zha/.ivy2/local/org.scala-lang/scala3-interfaces/3.3.1-RC1-bin-SNAPSHOT/ivys/ivy.xml
[info] :: delivering :: org.scala-lang#scala3-sbt-bridge;3.3.1-RC1-bin-SNAPSHOT :: 3.3.1-RC1-bin-SNAPSHOT :: integration :: Wed Jun 21 23:58:54 EDT 2023
[info] 	delivering ivy file to /Users/y3536zha/Desktop/scala_explicit/scala_flexible_type_with_test_script/sbt-bridge/src/target/ivy-3.3.1-RC1-bin-SNAPSHOT.xml
[info] 	published scala3-sbt-bridge to /Users/y3536zha/.ivy2/local/org.scala-lang/scala3-sbt-bridge/3.3.1-RC1-bin-SNAPSHOT/poms/scala3-sbt-bridge.pom
[info] 	published scala3-sbt-bridge to /Users/y3536zha/.ivy2/local/org.scala-lang/scala3-sbt-bridge/3.3.1-RC1-bin-SNAPSHOT/jars/scala3-sbt-bridge.jar
[info] 	published scala3-sbt-bridge to /Users/y3536zha/.ivy2/local/org.scala-lang/scala3-sbt-bridge/3.3.1-RC1-bin-SNAPSHOT/srcs/scala3-sbt-bridge-sources.jar
[info] 	published scala3-sbt-bridge to /Users/y3536zha/.ivy2/local/org.scala-lang/scala3-sbt-bridge/3.3.1-RC1-bin-SNAPSHOT/docs/scala3-sbt-bridge-javadoc.jar
[info] 	published ivy to /Users/y3536zha/.ivy2/local/org.scala-lang/scala3-sbt-bridge/3.3.1-RC1-bin-SNAPSHOT/ivys/ivy.xml
[info] :: delivering :: org.scala-lang#tasty-core_3;3.3.1-RC1-bin-SNAPSHOT :: 3.3.1-RC1-bin-SNAPSHOT :: integration :: Wed Jun 21 23:58:57 EDT 2023
[info] 	delivering ivy file to /Users/y3536zha/Desktop/scala_explicit/scala_flexible_type_with_test_script/out/bootstrap/tasty-core-bootstrapped/scala-3.3.1-RC1-bin-SNAPSHOT-nonbootstrapped/ivy-3.3.1-RC1-bin-SNAPSHOT.xml
[info] 	published tasty-core_3 to /Users/y3536zha/.ivy2/local/org.scala-lang/tasty-core_3/3.3.1-RC1-bin-SNAPSHOT/poms/tasty-core_3.pom
[info] 	published tasty-core_3 to /Users/y3536zha/.ivy2/local/org.scala-lang/tasty-core_3/3.3.1-RC1-bin-SNAPSHOT/jars/tasty-core_3.jar
[info] 	published tasty-core_3 to /Users/y3536zha/.ivy2/local/org.scala-lang/tasty-core_3/3.3.1-RC1-bin-SNAPSHOT/srcs/tasty-core_3-sources.jar
[info] 	published tasty-core_3 to /Users/y3536zha/.ivy2/local/org.scala-lang/tasty-core_3/3.3.1-RC1-bin-SNAPSHOT/docs/tasty-core_3-javadoc.jar
[info] 	published ivy to /Users/y3536zha/.ivy2/local/org.scala-lang/tasty-core_3/3.3.1-RC1-bin-SNAPSHOT/ivys/ivy.xml
[info] Main Scala API documentation to /Users/y3536zha/Desktop/scala_explicit/scala_flexible_type_with_test_script/library-js/../out/bootstrap/scala3-library-bootstrappedJS/scala-3.3.1-RC1-bin-SNAPSHOT-nonbootstrapped/api...
[info] Main Scala API documentation to /Users/y3536zha/Desktop/scala_explicit/scala_flexible_type_with_test_script/library/../out/bootstrap/scala3-library-bootstrapped/scala-3.3.1-RC1-bin-SNAPSHOT-nonbootstrapped/api...
[info] :: delivering :: org.scala-lang#scaladoc_3;3.3.1-RC1-bin-SNAPSHOT :: 3.3.1-RC1-bin-SNAPSHOT :: integration :: Wed Jun 21 23:58:57 EDT 2023
[info] 	delivering ivy file to /Users/y3536zha/Desktop/scala_explicit/scala_flexible_type_with_test_script/out/bootstrap/scaladoc/scala-3.3.1-RC1-bin-SNAPSHOT-nonbootstrapped/ivy-3.3.1-RC1-bin-SNAPSHOT.xml
[info] 	published scaladoc_3 to /Users/y3536zha/.ivy2/local/org.scala-lang/scaladoc_3/3.3.1-RC1-bin-SNAPSHOT/poms/scaladoc_3.pom
[info] 	published scaladoc_3 to /Users/y3536zha/.ivy2/local/org.scala-lang/scaladoc_3/3.3.1-RC1-bin-SNAPSHOT/jars/scaladoc_3.jar
[info] 	published scaladoc_3 to /Users/y3536zha/.ivy2/local/org.scala-lang/scaladoc_3/3.3.1-RC1-bin-SNAPSHOT/srcs/scaladoc_3-sources.jar
[info] 	published scaladoc_3 to /Users/y3536zha/.ivy2/local/org.scala-lang/scaladoc_3/3.3.1-RC1-bin-SNAPSHOT/docs/scaladoc_3-javadoc.jar
[info] 	published ivy to /Users/y3536zha/.ivy2/local/org.scala-lang/scaladoc_3/3.3.1-RC1-bin-SNAPSHOT/ivys/ivy.xml
[info] :: delivering :: org.scala-lang#scala3-tasty-inspector_3;3.3.1-RC1-bin-SNAPSHOT :: 3.3.1-RC1-bin-SNAPSHOT :: integration :: Wed Jun 21 23:58:58 EDT 2023
[info] 	delivering ivy file to /Users/y3536zha/Desktop/scala_explicit/scala_flexible_type_with_test_script/out/bootstrap/scala3-tasty-inspector/scala-3.3.1-RC1-bin-SNAPSHOT-nonbootstrapped/ivy-3.3.1-RC1-bin-SNAPSHOT.xml
[info] 	published scala3-tasty-inspector_3 to /Users/y3536zha/.ivy2/local/org.scala-lang/scala3-tasty-inspector_3/3.3.1-RC1-bin-SNAPSHOT/poms/scala3-tasty-inspector_3.pom
[info] 	published scala3-tasty-inspector_3 to /Users/y3536zha/.ivy2/local/org.scala-lang/scala3-tasty-inspector_3/3.3.1-RC1-bin-SNAPSHOT/jars/scala3-tasty-inspector_3.jar
[info] 	published scala3-tasty-inspector_3 to /Users/y3536zha/.ivy2/local/org.scala-lang/scala3-tasty-inspector_3/3.3.1-RC1-bin-SNAPSHOT/srcs/scala3-tasty-inspector_3-sources.jar
[info] 	published scala3-tasty-inspector_3 to /Users/y3536zha/.ivy2/local/org.scala-lang/scala3-tasty-inspector_3/3.3.1-RC1-bin-SNAPSHOT/docs/scala3-tasty-inspector_3-javadoc.jar
[info] 	published ivy to /Users/y3536zha/.ivy2/local/org.scala-lang/scala3-tasty-inspector_3/3.3.1-RC1-bin-SNAPSHOT/ivys/ivy.xml
[warn] bad option '-project-version 3.3.1-RC1-bin-SNAPSHOT' was ignored
[warn] Setting -skip-by-regex set to .+\.internal($|\..+) redundantly
[warn] Setting -skip-by-regex set to .+\.impl($|\..+) redundantly
[warn] Setting -skip-by-regex set to .+\.internal($|\..+) redundantly
[warn] Flag -project-logo set repeatedly
[warn] Setting -skip-by-regex set to .+\.impl($|\..+) redundantly
[warn] Setting -social-links set to github::https://github.com/lampepfl/dotty redundantly
[warn] Setting -skip-by-id set to scala.runtime.stdLibPatches redundantly
[warn] Setting -social-links set to discord::https://discord.com/invite/scala redundantly
[warn] Setting -skip-by-id set to scala.runtime.MatchCase redundantly
[warn] Setting -social-links set to twitter::https://twitter.com/scala_lang redundantly
[warn] bad option '-project-logo docs/_assets/images/logo.svg' was ignored
[warn] Setting -skip-by-id set to scala.runtime.stdLibPatches redundantly
[warn] Setting -social-links set to github::https://github.com/lampepfl/dotty redundantly
[warn] Setting -skip-by-id set to scala.runtime.MatchCase redundantly
[warn] Setting -social-links set to discord::https://discord.com/invite/scala redundantly
[warn] Flag -project-footer set repeatedly
[warn] Setting -social-links set to twitter::https://twitter.com/scala_lang redundantly
[warn] Flag -author set repeatedly
[warn] bad option '-project-footer "Copyright (c) 2002-2023, LAMP/EPFL"' was ignored
[warn] Flag -groups set repeatedly
[warn] bad option '-default-template static-site-main' was ignored
[warn] Flag -default-template set repeatedly
[warn] Flag -author set repeatedly
[warn] Setting -external-mappings set to .*scala/.*::scaladoc3::https://dotty.epfl.ch/api/ redundantly
[warn] Flag -groups set repeatedly
[warn] Setting -external-mappings set to .*java/.*::javadoc::https://docs.oracle.com/javase/8/docs/api/ redundantly
[warn] bad option '-project-version 3.3.1-RC1-bin-SNAPSHOT' was ignored
[warn] Setting -skip-by-regex set to .+\.internal($|\..+) redundantly
[warn] Setting -skip-by-regex set to .+\.impl($|\..+) redundantly
[warn] Setting -skip-by-id set to scala.runtime.stdLibPatches redundantly
[warn] Setting -skip-by-id set to scala.runtime.MatchCase redundantly
[warn] bad option '-project-logo docs/_assets/images/logo.svg' was ignored
[warn] Setting -social-links set to github::https://github.com/lampepfl/dotty redundantly
[warn] Setting -social-links set to discord::https://discord.com/invite/scala redundantly
[warn] Setting -social-links set to twitter::https://twitter.com/scala_lang redundantly
[warn] bad option '-project-footer "Copyright (c) 2002-2023, LAMP/EPFL"' was ignored
[warn] bad option '-default-template static-site-main' was ignored
[warn] Flag -author set repeatedly
[warn] Flag -groups set repeatedly
[info] Skipping unused scalacOptions: -Werror, -Yno-experimental, -Yexplicit-nulls
[info] Skipping unused scalacOptions: -Werror, -Yno-experimental, -Yexplicit-nulls
[info] :: delivering :: org.scala-lang#scala3-compiler_3;3.3.1-RC1-bin-SNAPSHOT :: 3.3.1-RC1-bin-SNAPSHOT :: integration :: Wed Jun 21 23:58:59 EDT 2023
[info] 	delivering ivy file to /Users/y3536zha/Desktop/scala_explicit/scala_flexible_type_with_test_script/out/bootstrap/scala3-compiler-bootstrapped/scala-3.3.1-RC1-bin-SNAPSHOT-nonbootstrapped/ivy-3.3.1-RC1-bin-SNAPSHOT.xml
[info] 	published scala3-compiler_3 to /Users/y3536zha/.ivy2/local/org.scala-lang/scala3-compiler_3/3.3.1-RC1-bin-SNAPSHOT/poms/scala3-compiler_3.pom
[info] 	published scala3-compiler_3 to /Users/y3536zha/.ivy2/local/org.scala-lang/scala3-compiler_3/3.3.1-RC1-bin-SNAPSHOT/jars/scala3-compiler_3.jar
[info] 	published scala3-compiler_3 to /Users/y3536zha/.ivy2/local/org.scala-lang/scala3-compiler_3/3.3.1-RC1-bin-SNAPSHOT/srcs/scala3-compiler_3-sources.jar
[info] 	published scala3-compiler_3 to /Users/y3536zha/.ivy2/local/org.scala-lang/scala3-compiler_3/3.3.1-RC1-bin-SNAPSHOT/docs/scala3-compiler_3-javadoc.jar
[info] 	published ivy to /Users/y3536zha/.ivy2/local/org.scala-lang/scala3-compiler_3/3.3.1-RC1-bin-SNAPSHOT/ivys/ivy.xml
[warn] -- Warning: library/src/scala/util/FromDigits.scala:21:6 -----------------------
[warn] -- Warning: library/src/scala/util/FromDigits.scala:21:6 -----------------------
[warn] 21 |  def fromDigits(digits: String): T
[warn] 21 |  def fromDigits(digits: String): T
[warn]    |      ^
[warn]    |      ^
[warn]    |      No DRI found for query: MalformedNumber
[warn]    |      No DRI found for query: MalformedNumber
[error] -- [E069] Naming Error: /Users/y3536zha/Desktop/scala_explicit/scala_flexible_type_with_test_script/library/src/scala/IArray.scala:13:7 
[error] -- [E069] Naming Error: /Users/y3536zha/Desktop/scala_explicit/scala_flexible_type_with_test_script/library/src/scala/IArray.scala:13:7 
[error] 13 |object IArray:
[error] 13 |object IArray:
[error]    |       ^
[error]    |       ^
[error]    |object IArray cannot have the same name as object IArray in package scala -- cannot define object member with the same name as a object member in self reference _.
[error]    |object IArray cannot have the same name as object IArray in package scala -- cannot define object member with the same name as a object member in self reference _.
[error]    |(Note: this can be resolved by using another name)
[error]    |(Note: this can be resolved by using another name)
[warn] 14 warnings found
[warn] 28 warnings found
[error] one error found
[error] one error found
[info] :: delivering :: org.scala-lang#scala3-library_sjs1_3;3.3.1-RC1-bin-SNAPSHOT :: 3.3.1-RC1-bin-SNAPSHOT :: integration :: Wed Jun 21 23:59:19 EDT 2023
[info] 	delivering ivy file to /Users/y3536zha/Desktop/scala_explicit/scala_flexible_type_with_test_script/out/bootstrap/scala3-library-bootstrappedJS/scala-3.3.1-RC1-bin-SNAPSHOT-nonbootstrapped/ivy-3.3.1-RC1-bin-SNAPSHOT.xml
[info] 	published scala3-library_sjs1_3 to /Users/y3536zha/.ivy2/local/org.scala-lang/scala3-library_sjs1_3/3.3.1-RC1-bin-SNAPSHOT/poms/scala3-library_sjs1_3.pom
[info] 	published scala3-library_sjs1_3 to /Users/y3536zha/.ivy2/local/org.scala-lang/scala3-library_sjs1_3/3.3.1-RC1-bin-SNAPSHOT/jars/scala3-library_sjs1_3.jar
[info] 	published scala3-library_sjs1_3 to /Users/y3536zha/.ivy2/local/org.scala-lang/scala3-library_sjs1_3/3.3.1-RC1-bin-SNAPSHOT/srcs/scala3-library_sjs1_3-sources.jar
[info] 	published scala3-library_sjs1_3 to /Users/y3536zha/.ivy2/local/org.scala-lang/scala3-library_sjs1_3/3.3.1-RC1-bin-SNAPSHOT/docs/scala3-library_sjs1_3-javadoc.jar
[info] 	published ivy to /Users/y3536zha/.ivy2/local/org.scala-lang/scala3-library_sjs1_3/3.3.1-RC1-bin-SNAPSHOT/ivys/ivy.xml
[info] :: delivering :: org.scala-lang#scala3-library_3;3.3.1-RC1-bin-SNAPSHOT :: 3.3.1-RC1-bin-SNAPSHOT :: integration :: Wed Jun 21 23:59:20 EDT 2023
[info] 	delivering ivy file to /Users/y3536zha/Desktop/scala_explicit/scala_flexible_type_with_test_script/out/bootstrap/scala3-library-bootstrapped/scala-3.3.1-RC1-bin-SNAPSHOT-nonbootstrapped/ivy-3.3.1-RC1-bin-SNAPSHOT.xml
[info] 	published scala3-library_3 to /Users/y3536zha/.ivy2/local/org.scala-lang/scala3-library_3/3.3.1-RC1-bin-SNAPSHOT/poms/scala3-library_3.pom
[info] 	published scala3-library_3 to /Users/y3536zha/.ivy2/local/org.scala-lang/scala3-library_3/3.3.1-RC1-bin-SNAPSHOT/jars/scala3-library_3.jar
[info] 	published scala3-library_3 to /Users/y3536zha/.ivy2/local/org.scala-lang/scala3-library_3/3.3.1-RC1-bin-SNAPSHOT/srcs/scala3-library_3-sources.jar
[info] 	published scala3-library_3 to /Users/y3536zha/.ivy2/local/org.scala-lang/scala3-library_3/3.3.1-RC1-bin-SNAPSHOT/docs/scala3-library_3-javadoc.jar
[info] 	published ivy to /Users/y3536zha/.ivy2/local/org.scala-lang/scala3-library_3/3.3.1-RC1-bin-SNAPSHOT/ivys/ivy.xml
[info] Test run dotty.communitybuild.CommunityBuildTestA started
[info] Test run dotty.communitybuild.CommunityBuildTestA finished: 0 failed, 0 ignored, 0 total, 0.001s
[info] Test run dotty.communitybuild.CommunityBuildTestC started
[info] Test dotty.communitybuild.CommunityBuildTestC.endpoints4s started
[32m[STARTING endpoints4s][0m
[32m[DEPENDENCIES DONE, NOW ACTUALLY RUNNING endpoints4s][0m
[32mBuilding endpoints4s with dotty-bootstrapped 3.3.1-RC1-bin-SNAPSHOT...[0m
[32msbt -sbt-version 1.8.0 -Dsbt.supershell=false -Ddotty.communitybuild.dir=/Users/y3536zha/Desktop/scala_explicit/scala_flexible_type_with_test_script/community-build --addPluginSbtFile=/Users/y3536zha/Desktop/scala_explicit/scala_flexible_type_with_test_script/community-build/sbt-injected-plugins set Global/testOptions += Tests.Argument(TestFramework("munit.Framework"), "+l"); clean; set Global/logLevel := Level.Error; set Global/updateOptions ~= (_.withLatestSnapshots(false)); set Global/scalacOptions ++= List("-Xcheck-macros","-Ysafe-init","-Yexplicit-nulls");++3.3.1-RC1-bin-SNAPSHOT!; json-schemaJVM/compile;algebraJVM/compile;openapiJVM/compile;http4s-server/compile;http4s-client/compile;play-server/compile;play-client/compile;akka-http-server/compile;akka-http-client/compile[0m
[info] welcome to sbt 1.8.0 (Oracle Corporation Java 9.0.4)
[info] loading global plugins from /Users/y3536zha/.sbt/1.0/plugins
[info] loading settings for project build from plugins.sbt,sbt-injected-plugins ...
[info] loading settings for project sbt-assets-build from plugins.sbt,sbt-injected-plugins ...
[info] loading project definition from /Users/y3536zha/Desktop/scala_explicit/scala_flexible_type_with_test_script/community-build/community-projects/endpoints4s/sbt-assets/project
[info] loading settings for project sbt-assets from build.sbt,version.sbt ...
[info] loading project definition from /Users/y3536zha/Desktop/scala_explicit/scala_flexible_type_with_test_script/community-build/community-projects/endpoints4s/project
[info] loading settings for project algebras from build.sbt ...
[info] loading settings for project jsonSchema from build.sbt ...
[info] loading settings for project openapi from build.sbt ...
[info] loading settings for project xhr from build.sbt ...
[info] loading settings for project play from build.sbt ...
[info] loading settings for project akka-http from build.sbt ...
[info] loading settings for project scalaj from build.sbt ...
[info] loading settings for project sttp from build.sbt ...
[info] loading settings for project http4s from build.sbt ...
[info] loading settings for project documentation from build.sbt ...
[info] loading settings for project endpoints4s from build.sbt ...
[info] resolving key references (61498 settings) ...
SLF4J: No SLF4J providers were found.
SLF4J: Defaulting to no-operation (NOP) logger implementation
SLF4J: See https://www.slf4j.org/codes.html#noProviders for further details.
SLF4J: Class path contains SLF4J bindings targeting slf4j-api versions 1.7.x or earlier.
SLF4J: Ignoring binding found at [jar:file:/Users/y3536zha/.sbt/boot/scala-2.12.17/org.scala-sbt/sbt/1.8.0/log4j-slf4j-impl-2.17.1.jar!/org/slf4j/impl/StaticLoggerBinder.class]
SLF4J: See https://www.slf4j.org/codes.html#ignoredBindings for an explanation.
[info] set current project to endpoints4s (in build file:/Users/y3536zha/Desktop/scala_explicit/scala_flexible_type_with_test_script/community-build/community-projects/endpoints4s/)
[info] Defining Global / testOptions
[info] The new value will be used by Test / test / testOptions, Test / testOnly / testOptions and 183 others.
[info] 	Run `last` for details.
[info] Reapplying settings...
[info] set current project to endpoints4s (in build file:/Users/y3536zha/Desktop/scala_explicit/scala_flexible_type_with_test_script/community-build/community-projects/endpoints4s/)
[success] Total time: 1 s, completed Jun 22, 2023, 12:00:01 AM
[info] Defining Global / logLevel
[info] The new value will be used by Test / test / testListeners, Test / testOnly / testListeners and 493 others.
[info] 	Run `last` for details.
[info] Reapplying settings...
[info] set current project to endpoints4s (in build file:/Users/y3536zha/Desktop/scala_explicit/scala_flexible_type_with_test_script/community-build/community-projects/endpoints4s/)
[info] Defining Global / updateOptions
[info] The new value will be used by akka-http / dependencyTreeIgnoreMissingUpdate / updateOptions, akka-http / ivyConfiguration and 183 others.
[info] 	Run `last` for details.
[info] Reapplying settings...
[info] set current project to endpoints4s (in build file:/Users/y3536zha/Desktop/scala_explicit/scala_flexible_type_with_test_script/community-build/community-projects/endpoints4s/)
[info] Defining Global / scalacOptions
[info] The new value will be used by akka-http / scalacOptions, akka-http-client / scalacOptions and 59 others.
[info] 	Run `last` for details.
[info] Reapplying settings...
[info] set current project to endpoints4s (in build file:/Users/y3536zha/Desktop/scala_explicit/scala_flexible_type_with_test_script/community-build/community-projects/endpoints4s/)
[info] Forcing Scala version to 3.3.1-RC1-bin-SNAPSHOT on all projects.
[info] Reapplying settings...
[info] Loading dependency tracking file /Users/y3536zha/Desktop/scala_explicit/scala_flexible_type_with_test_script/community-build/dotty-community-build-deps
[info] Dependency tracking file /Users/y3536zha/Desktop/scala_explicit/scala_flexible_type_with_test_script/community-build/dotty-community-build-deps does not exist
[info] set current project to endpoints4s (in build file:/Users/y3536zha/Desktop/scala_explicit/scala_flexible_type_with_test_script/community-build/community-projects/endpoints4s/)
[error] -- [E007] Type Mismatch Error: /Users/y3536zha/Desktop/scala_explicit/scala_flexible_type_with_test_script/community-build/community-projects/endpoints4s/json-schema/json-schema/src/main/scala/endpoints4s/Codec.scala:86:42 
[error] 86 |    parseStringCatchingExceptions("UUID", UUID.fromString)
[error]    |                                          ^^^^^^^^^^^^^^^
[error]    |                                         Found:    java.util.UUID | Null
[error]    |                                         Required: java.util.UUID
[error]    |
[error]    | longer explanation available when compiling with `-explain`
[error] -- [E134] Type Error: /Users/y3536zha/Desktop/scala_explicit/scala_flexible_type_with_test_script/community-build/community-projects/endpoints4s/json-schema/json-schema/src/main/scala/endpoints4s/Validated.scala:110:29 
[error] 110 |      case Failure(error) => Invalid(error.getMessage)
[error]     |                             ^^^^^^^
[error]     |None of the overloaded alternatives of method apply in object Invalid with types
[error]     | (error: String): endpoints4s.Invalid
[error]     | (errors: Seq[String]): endpoints4s.Invalid
[error]     |match arguments (String | Null)
[error] -- [E007] Type Mismatch Error: /Users/y3536zha/Desktop/scala_explicit/scala_flexible_type_with_test_script/community-build/community-projects/endpoints4s/json-schema/json-schema/src/main/scala/endpoints4s/algebra/JsonSchemas.scala:714:22 
[error] 704 |    stringJsonSchema(format = Some("uuid"))
[error] 705 |      .xmapPartial { str =>
[error] 706 |        Validated.fromEither(
[error] 707 |          Exception.nonFatalCatch
[error] 708 |            .either(UUID.fromString(str))
[error] 709 |            .left
[error] 710 |            .map(_ => s"Invalid UUID value: '$str'" :: Nil)
[error] 711 |        )
[error] 712 |      }(_.toString)
[error] 713 |      .withExample(UUID.fromString("5f27b818-027a-4008-b410-de01e1dd3a93"))
[error] 714 |      .withDescription("Universally unique identifier (RFC 4122)")
[error]     |    ^
[error]     |    Found:    JsonSchemas.this.JsonSchema[java.util.UUID | Null]
[error]     |    Required: JsonSchemas.this.JsonSchema[java.util.UUID]
[error]     |
[error]     | longer explanation available when compiling with `-explain`
[error] -- [E007] Type Mismatch Error: /Users/y3536zha/Desktop/scala_explicit/scala_flexible_type_with_test_script/community-build/community-projects/endpoints4s/json-schema/json-schema/src/main/scala/endpoints4s/algebra/JsonSchemas.scala:823:22 
[error] 818 |    stringJsonSchema(format = Some("date-time"))
[error] 819 |      .xmapPartial { instantString =>
[error] 820 |        Validated.fromTry(Try(Instant.parse(instantString)))
[error] 821 |      }(instant => instant.toString)
[error] 822 |      .withExample(Instant.now())
[error] 823 |      .withDescription("ISO 8601 Date and time in UTC")
[error]     |    ^
[error]     |    Found:    JsonSchemas.this.JsonSchema[java.time.Instant | Null]
[error]     |    Required: JsonSchemas.this.JsonSchema[java.time.Instant]
[error]     |
[error]     | longer explanation available when compiling with `-explain`
[error] -- [E007] Type Mismatch Error: /Users/y3536zha/Desktop/scala_explicit/scala_flexible_type_with_test_script/community-build/community-projects/endpoints4s/json-schema/json-schema/src/main/scala/endpoints4s/algebra/JsonSchemas.scala:836:22 
[error] 831 |    stringJsonSchema(format = Some("date-time"))
[error] 832 |      .xmapPartial { dateTimeString =>
[error] 833 |        Validated.fromTry(Try(OffsetDateTime.parse(dateTimeString)))
[error] 834 |      }(dateTime => dateTime.toString)
[error] 835 |      .withExample(OffsetDateTime.now())
[error] 836 |      .withDescription("ISO 8601 Date and time")
[error]     |    ^
[error]     |Found:    JsonSchemas.this.JsonSchema[java.time.OffsetDateTime | Null]
[error]     |Required: JsonSchemas.this.JsonSchema[java.time.OffsetDateTime]
[error]     |
[error]     | longer explanation available when compiling with `-explain`
[error] -- [E007] Type Mismatch Error: /Users/y3536zha/Desktop/scala_explicit/scala_flexible_type_with_test_script/community-build/community-projects/endpoints4s/json-schema/json-schema/src/main/scala/endpoints4s/algebra/JsonSchemas.scala:849:22 
[error] 844 |    stringJsonSchema(format = Some("duration"))
[error] 845 |      .xmapPartial { durationString =>
[error] 846 |        Validated.fromTry(Try(Duration.parse(durationString)))
[error] 847 |      }(duration => duration.toString)
[error] 848 |      .withExample(Duration.ofDays(7))
[error] 849 |      .withDescription("ISO 8601 Duration")
[error]     |    ^
[error]     |    Found:    JsonSchemas.this.JsonSchema[java.time.Duration | Null]
[error]     |    Required: JsonSchemas.this.JsonSchema[java.time.Duration]
[error]     |
[error]     | longer explanation available when compiling with `-explain`
[error] 6 errors found
[error] (json-schemaJVM / Compile / compileIncremental) Compilation failed
[error] Total time: 8 s, completed Jun 22, 2023, 12:00:32 AM
[32mRerunning tests in endpoints4s because of a previous run failure.[0m
[32msbt -sbt-version 1.8.0 -Dsbt.supershell=false -Ddotty.communitybuild.dir=/Users/y3536zha/Desktop/scala_explicit/scala_flexible_type_with_test_script/community-build --addPluginSbtFile=/Users/y3536zha/Desktop/scala_explicit/scala_flexible_type_with_test_script/community-build/sbt-injected-plugins set Global/testOptions += Tests.Argument(TestFramework("munit.Framework"), "+l"); clean; set Global/logLevel := Level.Error; set Global/updateOptions ~= (_.withLatestSnapshots(false)); set Global/scalacOptions ++= List("-Xcheck-macros","-Ysafe-init","-Yexplicit-nulls");++3.3.1-RC1-bin-SNAPSHOT!; json-schemaJVM/compile;algebraJVM/compile;openapiJVM/compile;http4s-server/compile;http4s-client/compile;play-server/compile;play-client/compile;akka-http-server/compile;akka-http-client/compile[0m
[info] welcome to sbt 1.8.0 (Oracle Corporation Java 9.0.4)
[info] loading global plugins from /Users/y3536zha/.sbt/1.0/plugins
[info] loading settings for project build from plugins.sbt,sbt-injected-plugins ...
[info] loading settings for project sbt-assets-build from plugins.sbt,sbt-injected-plugins ...
[info] loading project definition from /Users/y3536zha/Desktop/scala_explicit/scala_flexible_type_with_test_script/community-build/community-projects/endpoints4s/sbt-assets/project
[info] loading settings for project sbt-assets from build.sbt,version.sbt ...
[info] loading project definition from /Users/y3536zha/Desktop/scala_explicit/scala_flexible_type_with_test_script/community-build/community-projects/endpoints4s/project
[info] loading settings for project algebras from build.sbt ...
[info] loading settings for project jsonSchema from build.sbt ...
[info] loading settings for project openapi from build.sbt ...
[info] loading settings for project xhr from build.sbt ...
[info] loading settings for project play from build.sbt ...
[info] loading settings for project akka-http from build.sbt ...
[info] loading settings for project scalaj from build.sbt ...
[info] loading settings for project sttp from build.sbt ...
[info] loading settings for project http4s from build.sbt ...
[info] loading settings for project documentation from build.sbt ...
[info] loading settings for project endpoints4s from build.sbt ...
[info] resolving key references (61498 settings) ...
SLF4J: No SLF4J providers were found.
SLF4J: Defaulting to no-operation (NOP) logger implementation
SLF4J: See https://www.slf4j.org/codes.html#noProviders for further details.
SLF4J: Class path contains SLF4J bindings targeting slf4j-api versions 1.7.x or earlier.
SLF4J: Ignoring binding found at [jar:file:/Users/y3536zha/.sbt/boot/scala-2.12.17/org.scala-sbt/sbt/1.8.0/log4j-slf4j-impl-2.17.1.jar!/org/slf4j/impl/StaticLoggerBinder.class]
SLF4J: See https://www.slf4j.org/codes.html#ignoredBindings for an explanation.
[info] set current project to endpoints4s (in build file:/Users/y3536zha/Desktop/scala_explicit/scala_flexible_type_with_test_script/community-build/community-projects/endpoints4s/)
[info] Defining Global / testOptions
[info] The new value will be used by Test / test / testOptions, Test / testOnly / testOptions and 183 others.
[info] 	Run `last` for details.
[info] Reapplying settings...
[info] set current project to endpoints4s (in build file:/Users/y3536zha/Desktop/scala_explicit/scala_flexible_type_with_test_script/community-build/community-projects/endpoints4s/)
[success] Total time: 1 s, completed Jun 22, 2023, 12:00:56 AM
[info] Defining Global / logLevel
[info] The new value will be used by Test / test / testListeners, Test / testOnly / testListeners and 493 others.
[info] 	Run `last` for details.
[info] Reapplying settings...
[info] set current project to endpoints4s (in build file:/Users/y3536zha/Desktop/scala_explicit/scala_flexible_type_with_test_script/community-build/community-projects/endpoints4s/)
[info] Defining Global / updateOptions
[info] The new value will be used by akka-http / dependencyTreeIgnoreMissingUpdate / updateOptions, akka-http / ivyConfiguration and 183 others.
[info] 	Run `last` for details.
[info] Reapplying settings...
[info] set current project to endpoints4s (in build file:/Users/y3536zha/Desktop/scala_explicit/scala_flexible_type_with_test_script/community-build/community-projects/endpoints4s/)
[info] Defining Global / scalacOptions
[info] The new value will be used by akka-http / scalacOptions, akka-http-client / scalacOptions and 59 others.
[info] 	Run `last` for details.
[info] Reapplying settings...
[info] set current project to endpoints4s (in build file:/Users/y3536zha/Desktop/scala_explicit/scala_flexible_type_with_test_script/community-build/community-projects/endpoints4s/)
[info] Forcing Scala version to 3.3.1-RC1-bin-SNAPSHOT on all projects.
[info] Reapplying settings...
[info] Loading dependency tracking file /Users/y3536zha/Desktop/scala_explicit/scala_flexible_type_with_test_script/community-build/dotty-community-build-deps
[info] Dependency tracking file /Users/y3536zha/Desktop/scala_explicit/scala_flexible_type_with_test_script/community-build/dotty-community-build-deps does not exist
[info] set current project to endpoints4s (in build file:/Users/y3536zha/Desktop/scala_explicit/scala_flexible_type_with_test_script/community-build/community-projects/endpoints4s/)
[error] -- [E007] Type Mismatch Error: /Users/y3536zha/Desktop/scala_explicit/scala_flexible_type_with_test_script/community-build/community-projects/endpoints4s/json-schema/json-schema/src/main/scala/endpoints4s/Codec.scala:86:42 
[error] 86 |    parseStringCatchingExceptions("UUID", UUID.fromString)
[error]    |                                          ^^^^^^^^^^^^^^^
[error]    |                                         Found:    java.util.UUID | Null
[error]    |                                         Required: java.util.UUID
[error]    |
[error]    | longer explanation available when compiling with `-explain`
[error] -- [E134] Type Error: /Users/y3536zha/Desktop/scala_explicit/scala_flexible_type_with_test_script/community-build/community-projects/endpoints4s/json-schema/json-schema/src/main/scala/endpoints4s/Validated.scala:110:29 
[error] 110 |      case Failure(error) => Invalid(error.getMessage)
[error]     |                             ^^^^^^^
[error]     |None of the overloaded alternatives of method apply in object Invalid with types
[error]     | (error: String): endpoints4s.Invalid
[error]     | (errors: Seq[String]): endpoints4s.Invalid
[error]     |match arguments (String | Null)
[error] -- [E007] Type Mismatch Error: /Users/y3536zha/Desktop/scala_explicit/scala_flexible_type_with_test_script/community-build/community-projects/endpoints4s/json-schema/json-schema/src/main/scala/endpoints4s/algebra/JsonSchemas.scala:714:22 
[error] 704 |    stringJsonSchema(format = Some("uuid"))
[error] 705 |      .xmapPartial { str =>
[error] 706 |        Validated.fromEither(
[error] 707 |          Exception.nonFatalCatch
[error] 708 |            .either(UUID.fromString(str))
[error] 709 |            .left
[error] 710 |            .map(_ => s"Invalid UUID value: '$str'" :: Nil)
[error] 711 |        )
[error] 712 |      }(_.toString)
[error] 713 |      .withExample(UUID.fromString("5f27b818-027a-4008-b410-de01e1dd3a93"))
[error] 714 |      .withDescription("Universally unique identifier (RFC 4122)")
[error]     |    ^
[error]     |    Found:    JsonSchemas.this.JsonSchema[java.util.UUID | Null]
[error]     |    Required: JsonSchemas.this.JsonSchema[java.util.UUID]
[error]     |
[error]     | longer explanation available when compiling with `-explain`
[error] -- [E007] Type Mismatch Error: /Users/y3536zha/Desktop/scala_explicit/scala_flexible_type_with_test_script/community-build/community-projects/endpoints4s/json-schema/json-schema/src/main/scala/endpoints4s/algebra/JsonSchemas.scala:823:22 
[error] 818 |    stringJsonSchema(format = Some("date-time"))
[error] 819 |      .xmapPartial { instantString =>
[error] 820 |        Validated.fromTry(Try(Instant.parse(instantString)))
[error] 821 |      }(instant => instant.toString)
[error] 822 |      .withExample(Instant.now())
[error] 823 |      .withDescription("ISO 8601 Date and time in UTC")
[error]     |    ^
[error]     |    Found:    JsonSchemas.this.JsonSchema[java.time.Instant | Null]
[error]     |    Required: JsonSchemas.this.JsonSchema[java.time.Instant]
[error]     |
[error]     | longer explanation available when compiling with `-explain`
[error] -- [E007] Type Mismatch Error: /Users/y3536zha/Desktop/scala_explicit/scala_flexible_type_with_test_script/community-build/community-projects/endpoints4s/json-schema/json-schema/src/main/scala/endpoints4s/algebra/JsonSchemas.scala:836:22 
[error] 831 |    stringJsonSchema(format = Some("date-time"))
[error] 832 |      .xmapPartial { dateTimeString =>
[error] 833 |        Validated.fromTry(Try(OffsetDateTime.parse(dateTimeString)))
[error] 834 |      }(dateTime => dateTime.toString)
[error] 835 |      .withExample(OffsetDateTime.now())
[error] 836 |      .withDescription("ISO 8601 Date and time")
[error]     |    ^
[error]     |Found:    JsonSchemas.this.JsonSchema[java.time.OffsetDateTime | Null]
[error]     |Required: JsonSchemas.this.JsonSchema[java.time.OffsetDateTime]
[error]     |
[error]     | longer explanation available when compiling with `-explain`
[error] -- [E007] Type Mismatch Error: /Users/y3536zha/Desktop/scala_explicit/scala_flexible_type_with_test_script/community-build/community-projects/endpoints4s/json-schema/json-schema/src/main/scala/endpoints4s/algebra/JsonSchemas.scala:849:22 
[error] 844 |    stringJsonSchema(format = Some("duration"))
[error] 845 |      .xmapPartial { durationString =>
[error] 846 |        Validated.fromTry(Try(Duration.parse(durationString)))
[error] 847 |      }(duration => duration.toString)
[error] 848 |      .withExample(Duration.ofDays(7))
[error] 849 |      .withDescription("ISO 8601 Duration")
[error]     |    ^
[error]     |    Found:    JsonSchemas.this.JsonSchema[java.time.Duration | Null]
[error]     |    Required: JsonSchemas.this.JsonSchema[java.time.Duration]
[error]     |
[error]     | longer explanation available when compiling with `-explain`
[error] 6 errors found
[error] (json-schemaJVM / Compile / compileIncremental) Compilation failed
[error] Total time: 12 s, completed Jun 22, 2023, 12:01:26 AM
[32mRerunning tests in endpoints4s because of a previous run failure.[0m
[32msbt -sbt-version 1.8.0 -Dsbt.supershell=false -Ddotty.communitybuild.dir=/Users/y3536zha/Desktop/scala_explicit/scala_flexible_type_with_test_script/community-build --addPluginSbtFile=/Users/y3536zha/Desktop/scala_explicit/scala_flexible_type_with_test_script/community-build/sbt-injected-plugins set Global/testOptions += Tests.Argument(TestFramework("munit.Framework"), "+l"); clean; set Global/logLevel := Level.Error; set Global/updateOptions ~= (_.withLatestSnapshots(false)); set Global/scalacOptions ++= List("-Xcheck-macros","-Ysafe-init","-Yexplicit-nulls");++3.3.1-RC1-bin-SNAPSHOT!; json-schemaJVM/compile;algebraJVM/compile;openapiJVM/compile;http4s-server/compile;http4s-client/compile;play-server/compile;play-client/compile;akka-http-server/compile;akka-http-client/compile[0m
[info] welcome to sbt 1.8.0 (Oracle Corporation Java 9.0.4)
[info] loading global plugins from /Users/y3536zha/.sbt/1.0/plugins
[info] loading settings for project build from plugins.sbt,sbt-injected-plugins ...
[info] loading settings for project sbt-assets-build from plugins.sbt,sbt-injected-plugins ...
[info] loading project definition from /Users/y3536zha/Desktop/scala_explicit/scala_flexible_type_with_test_script/community-build/community-projects/endpoints4s/sbt-assets/project
[info] loading settings for project sbt-assets from build.sbt,version.sbt ...
[info] loading project definition from /Users/y3536zha/Desktop/scala_explicit/scala_flexible_type_with_test_script/community-build/community-projects/endpoints4s/project
[info] loading settings for project algebras from build.sbt ...
[info] loading settings for project jsonSchema from build.sbt ...
[info] loading settings for project openapi from build.sbt ...
[info] loading settings for project xhr from build.sbt ...
[info] loading settings for project play from build.sbt ...
[info] loading settings for project akka-http from build.sbt ...
[info] loading settings for project scalaj from build.sbt ...
[info] loading settings for project sttp from build.sbt ...
[info] loading settings for project http4s from build.sbt ...
[info] loading settings for project documentation from build.sbt ...
[info] loading settings for project endpoints4s from build.sbt ...
[info] resolving key references (61498 settings) ...
SLF4J: No SLF4J providers were found.
SLF4J: Defaulting to no-operation (NOP) logger implementation
SLF4J: See https://www.slf4j.org/codes.html#noProviders for further details.
SLF4J: Class path contains SLF4J bindings targeting slf4j-api versions 1.7.x or earlier.
SLF4J: Ignoring binding found at [jar:file:/Users/y3536zha/.sbt/boot/scala-2.12.17/org.scala-sbt/sbt/1.8.0/log4j-slf4j-impl-2.17.1.jar!/org/slf4j/impl/StaticLoggerBinder.class]
SLF4J: See https://www.slf4j.org/codes.html#ignoredBindings for an explanation.
[info] set current project to endpoints4s (in build file:/Users/y3536zha/Desktop/scala_explicit/scala_flexible_type_with_test_script/community-build/community-projects/endpoints4s/)
[info] Defining Global / testOptions
[info] The new value will be used by Test / test / testOptions, Test / testOnly / testOptions and 183 others.
[info] 	Run `last` for details.
[info] Reapplying settings...
[info] set current project to endpoints4s (in build file:/Users/y3536zha/Desktop/scala_explicit/scala_flexible_type_with_test_script/community-build/community-projects/endpoints4s/)
[success] Total time: 1 s, completed Jun 22, 2023, 12:01:59 AM
[info] Defining Global / logLevel
[info] The new value will be used by Test / test / testListeners, Test / testOnly / testListeners and 493 others.
[info] 	Run `last` for details.
[info] Reapplying settings...
[info] set current project to endpoints4s (in build file:/Users/y3536zha/Desktop/scala_explicit/scala_flexible_type_with_test_script/community-build/community-projects/endpoints4s/)
[info] Defining Global / updateOptions
[info] The new value will be used by akka-http / dependencyTreeIgnoreMissingUpdate / updateOptions, akka-http / ivyConfiguration and 183 others.
[info] 	Run `last` for details.
[info] Reapplying settings...
[info] set current project to endpoints4s (in build file:/Users/y3536zha/Desktop/scala_explicit/scala_flexible_type_with_test_script/community-build/community-projects/endpoints4s/)
[info] Defining Global / scalacOptions
[info] The new value will be used by akka-http / scalacOptions, akka-http-client / scalacOptions and 59 others.
[info] 	Run `last` for details.
[info] Reapplying settings...
[info] set current project to endpoints4s (in build file:/Users/y3536zha/Desktop/scala_explicit/scala_flexible_type_with_test_script/community-build/community-projects/endpoints4s/)
[info] Forcing Scala version to 3.3.1-RC1-bin-SNAPSHOT on all projects.
[info] Reapplying settings...
[info] Loading dependency tracking file /Users/y3536zha/Desktop/scala_explicit/scala_flexible_type_with_test_script/community-build/dotty-community-build-deps
[info] Dependency tracking file /Users/y3536zha/Desktop/scala_explicit/scala_flexible_type_with_test_script/community-build/dotty-community-build-deps does not exist
[info] set current project to endpoints4s (in build file:/Users/y3536zha/Desktop/scala_explicit/scala_flexible_type_with_test_script/community-build/community-projects/endpoints4s/)
[error] -- [E007] Type Mismatch Error: /Users/y3536zha/Desktop/scala_explicit/scala_flexible_type_with_test_script/community-build/community-projects/endpoints4s/json-schema/json-schema/src/main/scala/endpoints4s/Codec.scala:86:42 
[error] 86 |    parseStringCatchingExceptions("UUID", UUID.fromString)
[error]    |                                          ^^^^^^^^^^^^^^^
[error]    |                                         Found:    java.util.UUID | Null
[error]    |                                         Required: java.util.UUID
[error]    |
[error]    | longer explanation available when compiling with `-explain`
[error] -- [E134] Type Error: /Users/y3536zha/Desktop/scala_explicit/scala_flexible_type_with_test_script/community-build/community-projects/endpoints4s/json-schema/json-schema/src/main/scala/endpoints4s/Validated.scala:110:29 
[error] 110 |      case Failure(error) => Invalid(error.getMessage)
[error]     |                             ^^^^^^^
[error]     |None of the overloaded alternatives of method apply in object Invalid with types
[error]     | (error: String): endpoints4s.Invalid
[error]     | (errors: Seq[String]): endpoints4s.Invalid
[error]     |match arguments (String | Null)
[error] -- [E007] Type Mismatch Error: /Users/y3536zha/Desktop/scala_explicit/scala_flexible_type_with_test_script/community-build/community-projects/endpoints4s/json-schema/json-schema/src/main/scala/endpoints4s/algebra/JsonSchemas.scala:714:22 
[error] 704 |    stringJsonSchema(format = Some("uuid"))
[error] 705 |      .xmapPartial { str =>
[error] 706 |        Validated.fromEither(
[error] 707 |          Exception.nonFatalCatch
[error] 708 |            .either(UUID.fromString(str))
[error] 709 |            .left
[error] 710 |            .map(_ => s"Invalid UUID value: '$str'" :: Nil)
[error] 711 |        )
[error] 712 |      }(_.toString)
[error] 713 |      .withExample(UUID.fromString("5f27b818-027a-4008-b410-de01e1dd3a93"))
[error] 714 |      .withDescription("Universally unique identifier (RFC 4122)")
[error]     |    ^
[error]     |    Found:    JsonSchemas.this.JsonSchema[java.util.UUID | Null]
[error]     |    Required: JsonSchemas.this.JsonSchema[java.util.UUID]
[error]     |
[error]     | longer explanation available when compiling with `-explain`
[error] -- [E007] Type Mismatch Error: /Users/y3536zha/Desktop/scala_explicit/scala_flexible_type_with_test_script/community-build/community-projects/endpoints4s/json-schema/json-schema/src/main/scala/endpoints4s/algebra/JsonSchemas.scala:823:22 
[error] 818 |    stringJsonSchema(format = Some("date-time"))
[error] 819 |      .xmapPartial { instantString =>
[error] 820 |        Validated.fromTry(Try(Instant.parse(instantString)))
[error] 821 |      }(instant => instant.toString)
[error] 822 |      .withExample(Instant.now())
[error] 823 |      .withDescription("ISO 8601 Date and time in UTC")
[error]     |    ^
[error]     |    Found:    JsonSchemas.this.JsonSchema[java.time.Instant | Null]
[error]     |    Required: JsonSchemas.this.JsonSchema[java.time.Instant]
[error]     |
[error]     | longer explanation available when compiling with `-explain`
[error] -- [E007] Type Mismatch Error: /Users/y3536zha/Desktop/scala_explicit/scala_flexible_type_with_test_script/community-build/community-projects/endpoints4s/json-schema/json-schema/src/main/scala/endpoints4s/algebra/JsonSchemas.scala:836:22 
[error] 831 |    stringJsonSchema(format = Some("date-time"))
[error] 832 |      .xmapPartial { dateTimeString =>
[error] 833 |        Validated.fromTry(Try(OffsetDateTime.parse(dateTimeString)))
[error] 834 |      }(dateTime => dateTime.toString)
[error] 835 |      .withExample(OffsetDateTime.now())
[error] 836 |      .withDescription("ISO 8601 Date and time")
[error]     |    ^
[error]     |Found:    JsonSchemas.this.JsonSchema[java.time.OffsetDateTime | Null]
[error]     |Required: JsonSchemas.this.JsonSchema[java.time.OffsetDateTime]
[error]     |
[error]     | longer explanation available when compiling with `-explain`
[error] -- [E007] Type Mismatch Error: /Users/y3536zha/Desktop/scala_explicit/scala_flexible_type_with_test_script/community-build/community-projects/endpoints4s/json-schema/json-schema/src/main/scala/endpoints4s/algebra/JsonSchemas.scala:849:22 
[error] 844 |    stringJsonSchema(format = Some("duration"))
[error] 845 |      .xmapPartial { durationString =>
[error] 846 |        Validated.fromTry(Try(Duration.parse(durationString)))
[error] 847 |      }(duration => duration.toString)
[error] 848 |      .withExample(Duration.ofDays(7))
[error] 849 |      .withDescription("ISO 8601 Duration")
[error]     |    ^
[error]     |    Found:    JsonSchemas.this.JsonSchema[java.time.Duration | Null]
[error]     |    Required: JsonSchemas.this.JsonSchema[java.time.Duration]
[error]     |
[error]     | longer explanation available when compiling with `-explain`
[error] 6 errors found
[error] (json-schemaJVM / Compile / compileIncremental) Compilation failed
[error] Total time: 11 s, completed Jun 22, 2023, 12:02:33 AM
[32mRerunning tests in endpoints4s because of a previous run failure.[0m
[32msbt -sbt-version 1.8.0 -Dsbt.supershell=false -Ddotty.communitybuild.dir=/Users/y3536zha/Desktop/scala_explicit/scala_flexible_type_with_test_script/community-build --addPluginSbtFile=/Users/y3536zha/Desktop/scala_explicit/scala_flexible_type_with_test_script/community-build/sbt-injected-plugins set Global/testOptions += Tests.Argument(TestFramework("munit.Framework"), "+l"); clean; set Global/logLevel := Level.Error; set Global/updateOptions ~= (_.withLatestSnapshots(false)); set Global/scalacOptions ++= List("-Xcheck-macros","-Ysafe-init","-Yexplicit-nulls");++3.3.1-RC1-bin-SNAPSHOT!; json-schemaJVM/compile;algebraJVM/compile;openapiJVM/compile;http4s-server/compile;http4s-client/compile;play-server/compile;play-client/compile;akka-http-server/compile;akka-http-client/compile[0m
[info] welcome to sbt 1.8.0 (Oracle Corporation Java 9.0.4)
[info] loading global plugins from /Users/y3536zha/.sbt/1.0/plugins
[info] loading settings for project build from plugins.sbt,sbt-injected-plugins ...
[info] loading settings for project sbt-assets-build from plugins.sbt,sbt-injected-plugins ...
[info] loading project definition from /Users/y3536zha/Desktop/scala_explicit/scala_flexible_type_with_test_script/community-build/community-projects/endpoints4s/sbt-assets/project
[info] loading settings for project sbt-assets from build.sbt,version.sbt ...
[info] loading project definition from /Users/y3536zha/Desktop/scala_explicit/scala_flexible_type_with_test_script/community-build/community-projects/endpoints4s/project
[info] loading settings for project algebras from build.sbt ...
[info] loading settings for project jsonSchema from build.sbt ...
[info] loading settings for project openapi from build.sbt ...
[info] loading settings for project xhr from build.sbt ...
[info] loading settings for project play from build.sbt ...
[info] loading settings for project akka-http from build.sbt ...
[info] loading settings for project scalaj from build.sbt ...
[info] loading settings for project sttp from build.sbt ...
[info] loading settings for project http4s from build.sbt ...
[info] loading settings for project documentation from build.sbt ...
[info] loading settings for project endpoints4s from build.sbt ...
[info] resolving key references (61498 settings) ...
SLF4J: No SLF4J providers were found.
SLF4J: Defaulting to no-operation (NOP) logger implementation
SLF4J: See https://www.slf4j.org/codes.html#noProviders for further details.
SLF4J: Class path contains SLF4J bindings targeting slf4j-api versions 1.7.x or earlier.
SLF4J: Ignoring binding found at [jar:file:/Users/y3536zha/.sbt/boot/scala-2.12.17/org.scala-sbt/sbt/1.8.0/log4j-slf4j-impl-2.17.1.jar!/org/slf4j/impl/StaticLoggerBinder.class]
SLF4J: See https://www.slf4j.org/codes.html#ignoredBindings for an explanation.
[info] set current project to endpoints4s (in build file:/Users/y3536zha/Desktop/scala_explicit/scala_flexible_type_with_test_script/community-build/community-projects/endpoints4s/)
[info] Defining Global / testOptions
[info] The new value will be used by Test / test / testOptions, Test / testOnly / testOptions and 183 others.
[info] 	Run `last` for details.
[info] Reapplying settings...
[info] set current project to endpoints4s (in build file:/Users/y3536zha/Desktop/scala_explicit/scala_flexible_type_with_test_script/community-build/community-projects/endpoints4s/)
[success] Total time: 1 s, completed Jun 22, 2023, 12:03:16 AM
[info] Defining Global / logLevel
[info] The new value will be used by Test / test / testListeners, Test / testOnly / testListeners and 493 others.
[info] 	Run `last` for details.
[info] Reapplying settings...
[info] set current project to endpoints4s (in build file:/Users/y3536zha/Desktop/scala_explicit/scala_flexible_type_with_test_script/community-build/community-projects/endpoints4s/)
[info] Defining Global / updateOptions
[info] The new value will be used by akka-http / dependencyTreeIgnoreMissingUpdate / updateOptions, akka-http / ivyConfiguration and 183 others.
[info] 	Run `last` for details.
[info] Reapplying settings...
[info] set current project to endpoints4s (in build file:/Users/y3536zha/Desktop/scala_explicit/scala_flexible_type_with_test_script/community-build/community-projects/endpoints4s/)
[info] Defining Global / scalacOptions
[info] The new value will be used by akka-http / scalacOptions, akka-http-client / scalacOptions and 59 others.
[info] 	Run `last` for details.
[info] Reapplying settings...
[info] set current project to endpoints4s (in build file:/Users/y3536zha/Desktop/scala_explicit/scala_flexible_type_with_test_script/community-build/community-projects/endpoints4s/)
[info] Forcing Scala version to 3.3.1-RC1-bin-SNAPSHOT on all projects.
[info] Reapplying settings...
[info] Loading dependency tracking file /Users/y3536zha/Desktop/scala_explicit/scala_flexible_type_with_test_script/community-build/dotty-community-build-deps
[info] Dependency tracking file /Users/y3536zha/Desktop/scala_explicit/scala_flexible_type_with_test_script/community-build/dotty-community-build-deps does not exist
[info] set current project to endpoints4s (in build file:/Users/y3536zha/Desktop/scala_explicit/scala_flexible_type_with_test_script/community-build/community-projects/endpoints4s/)
[error] -- [E007] Type Mismatch Error: /Users/y3536zha/Desktop/scala_explicit/scala_flexible_type_with_test_script/community-build/community-projects/endpoints4s/json-schema/json-schema/src/main/scala/endpoints4s/Codec.scala:86:42 
[error] 86 |    parseStringCatchingExceptions("UUID", UUID.fromString)
[error]    |                                          ^^^^^^^^^^^^^^^
[error]    |                                         Found:    java.util.UUID | Null
[error]    |                                         Required: java.util.UUID
[error]    |
[error]    | longer explanation available when compiling with `-explain`
[error] -- [E134] Type Error: /Users/y3536zha/Desktop/scala_explicit/scala_flexible_type_with_test_script/community-build/community-projects/endpoints4s/json-schema/json-schema/src/main/scala/endpoints4s/Validated.scala:110:29 
[error] 110 |      case Failure(error) => Invalid(error.getMessage)
[error]     |                             ^^^^^^^
[error]     |None of the overloaded alternatives of method apply in object Invalid with types
[error]     | (error: String): endpoints4s.Invalid
[error]     | (errors: Seq[String]): endpoints4s.Invalid
[error]     |match arguments (String | Null)
[error] -- [E007] Type Mismatch Error: /Users/y3536zha/Desktop/scala_explicit/scala_flexible_type_with_test_script/community-build/community-projects/endpoints4s/json-schema/json-schema/src/main/scala/endpoints4s/algebra/JsonSchemas.scala:714:22 
[error] 704 |    stringJsonSchema(format = Some("uuid"))
[error] 705 |      .xmapPartial { str =>
[error] 706 |        Validated.fromEither(
[error] 707 |          Exception.nonFatalCatch
[error] 708 |            .either(UUID.fromString(str))
[error] 709 |            .left
[error] 710 |            .map(_ => s"Invalid UUID value: '$str'" :: Nil)
[error] 711 |        )
[error] 712 |      }(_.toString)
[error] 713 |      .withExample(UUID.fromString("5f27b818-027a-4008-b410-de01e1dd3a93"))
[error] 714 |      .withDescription("Universally unique identifier (RFC 4122)")
[error]     |    ^
[error]     |    Found:    JsonSchemas.this.JsonSchema[java.util.UUID | Null]
[error]     |    Required: JsonSchemas.this.JsonSchema[java.util.UUID]
[error]     |
[error]     | longer explanation available when compiling with `-explain`
[error] -- [E007] Type Mismatch Error: /Users/y3536zha/Desktop/scala_explicit/scala_flexible_type_with_test_script/community-build/community-projects/endpoints4s/json-schema/json-schema/src/main/scala/endpoints4s/algebra/JsonSchemas.scala:823:22 
[error] 818 |    stringJsonSchema(format = Some("date-time"))
[error] 819 |      .xmapPartial { instantString =>
[error] 820 |        Validated.fromTry(Try(Instant.parse(instantString)))
[error] 821 |      }(instant => instant.toString)
[error] 822 |      .withExample(Instant.now())
[error] 823 |      .withDescription("ISO 8601 Date and time in UTC")
[error]     |    ^
[error]     |    Found:    JsonSchemas.this.JsonSchema[java.time.Instant | Null]
[error]     |    Required: JsonSchemas.this.JsonSchema[java.time.Instant]
[error]     |
[error]     | longer explanation available when compiling with `-explain`
[error] -- [E007] Type Mismatch Error: /Users/y3536zha/Desktop/scala_explicit/scala_flexible_type_with_test_script/community-build/community-projects/endpoints4s/json-schema/json-schema/src/main/scala/endpoints4s/algebra/JsonSchemas.scala:836:22 
[error] 831 |    stringJsonSchema(format = Some("date-time"))
[error] 832 |      .xmapPartial { dateTimeString =>
[error] 833 |        Validated.fromTry(Try(OffsetDateTime.parse(dateTimeString)))
[error] 834 |      }(dateTime => dateTime.toString)
[error] 835 |      .withExample(OffsetDateTime.now())
[error] 836 |      .withDescription("ISO 8601 Date and time")
[error]     |    ^
[error]     |Found:    JsonSchemas.this.JsonSchema[java.time.OffsetDateTime | Null]
[error]     |Required: JsonSchemas.this.JsonSchema[java.time.OffsetDateTime]
[error]     |
[error]     | longer explanation available when compiling with `-explain`
[error] -- [E007] Type Mismatch Error: /Users/y3536zha/Desktop/scala_explicit/scala_flexible_type_with_test_script/community-build/community-projects/endpoints4s/json-schema/json-schema/src/main/scala/endpoints4s/algebra/JsonSchemas.scala:849:22 
[error] 844 |    stringJsonSchema(format = Some("duration"))
[error] 845 |      .xmapPartial { durationString =>
[error] 846 |        Validated.fromTry(Try(Duration.parse(durationString)))
[error] 847 |      }(duration => duration.toString)
[error] 848 |      .withExample(Duration.ofDays(7))
[error] 849 |      .withDescription("ISO 8601 Duration")
[error]     |    ^
[error]     |    Found:    JsonSchemas.this.JsonSchema[java.time.Duration | Null]
[error]     |    Required: JsonSchemas.this.JsonSchema[java.time.Duration]
[error]     |
[error]     | longer explanation available when compiling with `-explain`
[error] 6 errors found
[error] (json-schemaJVM / Compile / compileIncremental) Compilation failed
[error] Total time: 12 s, completed Jun 22, 2023, 12:03:50 AM
[32m[FAILURE endpoints4s][0m
[32m[endpoints4s DONE RUNNING][0m
[error] Test dotty.communitybuild.CommunityBuildTestC.endpoints4s failed: java.lang.AssertionError: 
[error] 
[error] sbt exited with an error code. To reproduce without JUnit, use:
[error] 
[error]     sbt community-build/prepareCommunityBuild
[error]     cd community-build/community-projects/endpoints4s
[error]     sbt -sbt-version 1.8.0 -Dsbt.supershell=false -Ddotty.communitybuild.dir=/Users/y3536zha/Desktop/scala_explicit/scala_flexible_type_with_test_script/community-build --addPluginSbtFile=/Users/y3536zha/Desktop/scala_explicit/scala_flexible_type_with_test_script/community-build/sbt-injected-plugins "set Global/testOptions += Tests.Argument(TestFramework("munit.Framework"), "+l"); clean; set Global/logLevel := Level.Error; set Global/updateOptions ~= (_.withLatestSnapshots(false)); set Global/scalacOptions ++= List("-Xcheck-macros","-Ysafe-init","-Yexplicit-nulls");++3.3.1-RC1-bin-SNAPSHOT!; json-schemaJVM/compile;algebraJVM/compile;openapiJVM/compile;http4s-server/compile;http4s-client/compile;play-server/compile;play-client/compile;akka-http-server/compile;akka-http-client/compile"
[error] 
[error] For a faster feedback loop on SBT projects, one can try to extract a direct call to dotc
[error] using the sbt export command. For instance, for scalacheck, use
[error]     sbt export jvm/test:compileIncremental
[error] 
[error] , took 269.966 sec
[error]     at dotty.communitybuild.CommunityBuildTest$package$testRunner$.failWith(CommunityBuildTest.scala:15)
[error]     at dotty.communitybuild.CommunityBuildRunner.runProject(CommunityBuildRunner.scala:93)
[error]     at dotty.communitybuild.CommunityBuildRunner.runProject$(CommunityBuildRunner.scala:33)
[error]     at dotty.communitybuild.CommunityBuildTest$package$testRunner$.runProject(CommunityBuildTest.scala:14)
[error]     at dotty.communitybuild.CommunityBuildRunner$.run(CommunityBuildRunner.scala:28)
[error]     at dotty.communitybuild.CommunityBuildTestC.endpoints4s(CommunityBuildTest.scala:67)
[error]     at jdk.internal.reflect.NativeMethodAccessorImpl.invoke0(Native Method)
[error]     at jdk.internal.reflect.NativeMethodAccessorImpl.invoke(Unknown Source)
[error]     at jdk.internal.reflect.DelegatingMethodAccessorImpl.invoke(Unknown Source)
[error]     at java.lang.reflect.Method.invoke(Unknown Source)
[error]     ...
[info] Test run dotty.communitybuild.CommunityBuildTestC finished: 1 failed, 0 ignored, 1 total, 269.977s
********************************************************************************
Failed projects:
 - dotty.communitybuild.CommunityBuildTestC.endpoints4s
********************************************************************************
[info] Test run dotty.communitybuild.CommunityBuildTestB started
[info] Test run dotty.communitybuild.CommunityBuildTestB finished: 0 failed, 0 ignored, 0 total, 0.0s
[error] Failed: Total 1, Failed 1, Errors 0, Passed 0
[error] Failed tests:
[error] 	dotty.communitybuild.CommunityBuildTestC
[error] (community-build / Test / testOnly) sbt.TestsFailedException: Tests unsuccessful
[error] Total time: 301 s (05:01), completed Jun 22, 2023, 12:03:51 AM
