[info] welcome to sbt 1.8.0 (Oracle Corporation Java 9.0.4)
[info] loading global plugins from /Users/y3536zha/.sbt/1.0/plugins
[info] loading settings for project scala_flexible_type_with_test_script-build-build from build.sbt ...
[info] loading project definition from /Users/y3536zha/Desktop/scala_explicit/scala_flexible_type_with_test_script/project/project
[info] loading settings for project scala_flexible_type_with_test_script-build from build.sbt,plugins.sbt ...
[info] loading project definition from /Users/y3536zha/Desktop/scala_explicit/scala_flexible_type_with_test_script/project
[info] loading settings for project scala3 from build.sbt ...
[info] resolving key references (31394 settings) ...
[info] set current project to scala3 (in build file:/Users/y3536zha/Desktop/scala_explicit/scala_flexible_type_with_test_script/)
SLF4J: No SLF4J providers were found.
SLF4J: Defaulting to no-operation (NOP) logger implementation
SLF4J: See https://www.slf4j.org/codes.html#noProviders for further details.
SLF4J: Class path contains SLF4J bindings targeting slf4j-api versions 1.7.x or earlier.
SLF4J: Ignoring binding found at [jar:file:/Users/y3536zha/.sbt/boot/scala-2.12.17/org.scala-sbt/sbt/1.8.0/log4j-slf4j-impl-2.17.1.jar!/org/slf4j/impl/StaticLoggerBinder.class]
SLF4J: See https://www.slf4j.org/codes.html#ignoredBindings for an explanation.
[info] Wrote /Users/y3536zha/Desktop/scala_explicit/scala_flexible_type_with_test_script/library-js/../out/bootstrap/scala3-library-bootstrappedJS/scala-3.3.1-RC1-bin-SNAPSHOT-nonbootstrapped/scala3-library_sjs1_3-3.3.1-RC1-bin-SNAPSHOT.pom
[info] Wrote /Users/y3536zha/Desktop/scala_explicit/scala_flexible_type_with_test_script/sbt-community-build/target/scala-2.12/sbt-1.0/sbt-community-build-0.1.0-SNAPSHOT.pom
[info] Wrote /Users/y3536zha/Desktop/scala_explicit/scala_flexible_type_with_test_script/compiler/../out/bootstrap/scala3-compiler-bootstrapped/scala-3.3.1-RC1-bin-SNAPSHOT-nonbootstrapped/scala3-compiler_3-3.3.1-RC1-bin-SNAPSHOT.pom
[info] Wrote /Users/y3536zha/Desktop/scala_explicit/scala_flexible_type_with_test_script/sbt-bridge/src/target/scala3-sbt-bridge-3.3.1-RC1-bin-SNAPSHOT.pom
[info] Wrote /Users/y3536zha/Desktop/scala_explicit/scala_flexible_type_with_test_script/tasty/../out/bootstrap/tasty-core-bootstrapped/scala-3.3.1-RC1-bin-SNAPSHOT-nonbootstrapped/tasty-core_3-3.3.1-RC1-bin-SNAPSHOT.pom
[info] Wrote /Users/y3536zha/Desktop/scala_explicit/scala_flexible_type_with_test_script/interfaces/target/scala3-interfaces-3.3.1-RC1-bin-SNAPSHOT.pom
[info] Wrote /Users/y3536zha/Desktop/scala_explicit/scala_flexible_type_with_test_script/library/../out/bootstrap/scala3-library-bootstrapped/scala-3.3.1-RC1-bin-SNAPSHOT-nonbootstrapped/scala3-library_3-3.3.1-RC1-bin-SNAPSHOT.pom
[info] Wrote /Users/y3536zha/Desktop/scala_explicit/scala_flexible_type_with_test_script/tasty-inspector/../out/bootstrap/scala3-tasty-inspector/scala-3.3.1-RC1-bin-SNAPSHOT-nonbootstrapped/scala3-tasty-inspector_3-3.3.1-RC1-bin-SNAPSHOT.pom
[info] Wrote /Users/y3536zha/Desktop/scala_explicit/scala_flexible_type_with_test_script/scaladoc/../out/bootstrap/scaladoc/scala-3.3.1-RC1-bin-SNAPSHOT-nonbootstrapped/scaladoc_3-3.3.1-RC1-bin-SNAPSHOT.pom
[info] :: delivering :: ch.epfl.lamp#sbt-community-build;0.1.0-SNAPSHOT :: 0.1.0-SNAPSHOT :: integration :: Thu Jun 22 00:10:30 EDT 2023
[info] 	delivering ivy file to /Users/y3536zha/Desktop/scala_explicit/scala_flexible_type_with_test_script/sbt-community-build/target/scala-2.12/sbt-1.0/ivy-0.1.0-SNAPSHOT.xml
[info] 	published sbt-community-build to /Users/y3536zha/.ivy2/local/ch.epfl.lamp/sbt-community-build/scala_2.12/sbt_1.0/0.1.0-SNAPSHOT/poms/sbt-community-build.pom
[info] 	published sbt-community-build to /Users/y3536zha/.ivy2/local/ch.epfl.lamp/sbt-community-build/scala_2.12/sbt_1.0/0.1.0-SNAPSHOT/jars/sbt-community-build.jar
[info] 	published sbt-community-build to /Users/y3536zha/.ivy2/local/ch.epfl.lamp/sbt-community-build/scala_2.12/sbt_1.0/0.1.0-SNAPSHOT/srcs/sbt-community-build-sources.jar
[info] 	published sbt-community-build to /Users/y3536zha/.ivy2/local/ch.epfl.lamp/sbt-community-build/scala_2.12/sbt_1.0/0.1.0-SNAPSHOT/docs/sbt-community-build-javadoc.jar
[info] 	published ivy to /Users/y3536zha/.ivy2/local/ch.epfl.lamp/sbt-community-build/scala_2.12/sbt_1.0/0.1.0-SNAPSHOT/ivys/ivy.xml
[info] :: delivering :: org.scala-lang#scala3-interfaces;3.3.1-RC1-bin-SNAPSHOT :: 3.3.1-RC1-bin-SNAPSHOT :: integration :: Thu Jun 22 00:10:30 EDT 2023
[info] 	delivering ivy file to /Users/y3536zha/Desktop/scala_explicit/scala_flexible_type_with_test_script/interfaces/target/ivy-3.3.1-RC1-bin-SNAPSHOT.xml
[info] 	published scala3-interfaces to /Users/y3536zha/.ivy2/local/org.scala-lang/scala3-interfaces/3.3.1-RC1-bin-SNAPSHOT/poms/scala3-interfaces.pom
[info] 	published scala3-interfaces to /Users/y3536zha/.ivy2/local/org.scala-lang/scala3-interfaces/3.3.1-RC1-bin-SNAPSHOT/jars/scala3-interfaces.jar
[info] 	published scala3-interfaces to /Users/y3536zha/.ivy2/local/org.scala-lang/scala3-interfaces/3.3.1-RC1-bin-SNAPSHOT/srcs/scala3-interfaces-sources.jar
[info] 	published scala3-interfaces to /Users/y3536zha/.ivy2/local/org.scala-lang/scala3-interfaces/3.3.1-RC1-bin-SNAPSHOT/docs/scala3-interfaces-javadoc.jar
[info] 	published ivy to /Users/y3536zha/.ivy2/local/org.scala-lang/scala3-interfaces/3.3.1-RC1-bin-SNAPSHOT/ivys/ivy.xml
[info] :: delivering :: org.scala-lang#scala3-sbt-bridge;3.3.1-RC1-bin-SNAPSHOT :: 3.3.1-RC1-bin-SNAPSHOT :: integration :: Thu Jun 22 00:10:32 EDT 2023
[info] 	delivering ivy file to /Users/y3536zha/Desktop/scala_explicit/scala_flexible_type_with_test_script/sbt-bridge/src/target/ivy-3.3.1-RC1-bin-SNAPSHOT.xml
[info] 	published scala3-sbt-bridge to /Users/y3536zha/.ivy2/local/org.scala-lang/scala3-sbt-bridge/3.3.1-RC1-bin-SNAPSHOT/poms/scala3-sbt-bridge.pom
[info] 	published scala3-sbt-bridge to /Users/y3536zha/.ivy2/local/org.scala-lang/scala3-sbt-bridge/3.3.1-RC1-bin-SNAPSHOT/jars/scala3-sbt-bridge.jar
[info] 	published scala3-sbt-bridge to /Users/y3536zha/.ivy2/local/org.scala-lang/scala3-sbt-bridge/3.3.1-RC1-bin-SNAPSHOT/srcs/scala3-sbt-bridge-sources.jar
[info] 	published scala3-sbt-bridge to /Users/y3536zha/.ivy2/local/org.scala-lang/scala3-sbt-bridge/3.3.1-RC1-bin-SNAPSHOT/docs/scala3-sbt-bridge-javadoc.jar
[info] 	published ivy to /Users/y3536zha/.ivy2/local/org.scala-lang/scala3-sbt-bridge/3.3.1-RC1-bin-SNAPSHOT/ivys/ivy.xml
[info] :: delivering :: org.scala-lang#tasty-core_3;3.3.1-RC1-bin-SNAPSHOT :: 3.3.1-RC1-bin-SNAPSHOT :: integration :: Thu Jun 22 00:10:36 EDT 2023
[info] 	delivering ivy file to /Users/y3536zha/Desktop/scala_explicit/scala_flexible_type_with_test_script/out/bootstrap/tasty-core-bootstrapped/scala-3.3.1-RC1-bin-SNAPSHOT-nonbootstrapped/ivy-3.3.1-RC1-bin-SNAPSHOT.xml
[info] 	published tasty-core_3 to /Users/y3536zha/.ivy2/local/org.scala-lang/tasty-core_3/3.3.1-RC1-bin-SNAPSHOT/poms/tasty-core_3.pom
[info] 	published tasty-core_3 to /Users/y3536zha/.ivy2/local/org.scala-lang/tasty-core_3/3.3.1-RC1-bin-SNAPSHOT/jars/tasty-core_3.jar
[info] 	published tasty-core_3 to /Users/y3536zha/.ivy2/local/org.scala-lang/tasty-core_3/3.3.1-RC1-bin-SNAPSHOT/srcs/tasty-core_3-sources.jar
[info] 	published tasty-core_3 to /Users/y3536zha/.ivy2/local/org.scala-lang/tasty-core_3/3.3.1-RC1-bin-SNAPSHOT/docs/tasty-core_3-javadoc.jar
[info] 	published ivy to /Users/y3536zha/.ivy2/local/org.scala-lang/tasty-core_3/3.3.1-RC1-bin-SNAPSHOT/ivys/ivy.xml
[info] Main Scala API documentation to /Users/y3536zha/Desktop/scala_explicit/scala_flexible_type_with_test_script/library-js/../out/bootstrap/scala3-library-bootstrappedJS/scala-3.3.1-RC1-bin-SNAPSHOT-nonbootstrapped/api...
[info] Main Scala API documentation to /Users/y3536zha/Desktop/scala_explicit/scala_flexible_type_with_test_script/library/../out/bootstrap/scala3-library-bootstrapped/scala-3.3.1-RC1-bin-SNAPSHOT-nonbootstrapped/api...
[info] :: delivering :: org.scala-lang#scala3-tasty-inspector_3;3.3.1-RC1-bin-SNAPSHOT :: 3.3.1-RC1-bin-SNAPSHOT :: integration :: Thu Jun 22 00:10:37 EDT 2023
[info] 	delivering ivy file to /Users/y3536zha/Desktop/scala_explicit/scala_flexible_type_with_test_script/out/bootstrap/scala3-tasty-inspector/scala-3.3.1-RC1-bin-SNAPSHOT-nonbootstrapped/ivy-3.3.1-RC1-bin-SNAPSHOT.xml
[info] 	published scala3-tasty-inspector_3 to /Users/y3536zha/.ivy2/local/org.scala-lang/scala3-tasty-inspector_3/3.3.1-RC1-bin-SNAPSHOT/poms/scala3-tasty-inspector_3.pom
[info] 	published scala3-tasty-inspector_3 to /Users/y3536zha/.ivy2/local/org.scala-lang/scala3-tasty-inspector_3/3.3.1-RC1-bin-SNAPSHOT/jars/scala3-tasty-inspector_3.jar
[info] 	published scala3-tasty-inspector_3 to /Users/y3536zha/.ivy2/local/org.scala-lang/scala3-tasty-inspector_3/3.3.1-RC1-bin-SNAPSHOT/srcs/scala3-tasty-inspector_3-sources.jar
[info] 	published scala3-tasty-inspector_3 to /Users/y3536zha/.ivy2/local/org.scala-lang/scala3-tasty-inspector_3/3.3.1-RC1-bin-SNAPSHOT/docs/scala3-tasty-inspector_3-javadoc.jar
[info] 	published ivy to /Users/y3536zha/.ivy2/local/org.scala-lang/scala3-tasty-inspector_3/3.3.1-RC1-bin-SNAPSHOT/ivys/ivy.xml
[info] :: delivering :: org.scala-lang#scaladoc_3;3.3.1-RC1-bin-SNAPSHOT :: 3.3.1-RC1-bin-SNAPSHOT :: integration :: Thu Jun 22 00:10:37 EDT 2023
[info] 	delivering ivy file to /Users/y3536zha/Desktop/scala_explicit/scala_flexible_type_with_test_script/out/bootstrap/scaladoc/scala-3.3.1-RC1-bin-SNAPSHOT-nonbootstrapped/ivy-3.3.1-RC1-bin-SNAPSHOT.xml
[info] 	published scaladoc_3 to /Users/y3536zha/.ivy2/local/org.scala-lang/scaladoc_3/3.3.1-RC1-bin-SNAPSHOT/poms/scaladoc_3.pom
[info] 	published scaladoc_3 to /Users/y3536zha/.ivy2/local/org.scala-lang/scaladoc_3/3.3.1-RC1-bin-SNAPSHOT/jars/scaladoc_3.jar
[info] 	published scaladoc_3 to /Users/y3536zha/.ivy2/local/org.scala-lang/scaladoc_3/3.3.1-RC1-bin-SNAPSHOT/srcs/scaladoc_3-sources.jar
[info] 	published scaladoc_3 to /Users/y3536zha/.ivy2/local/org.scala-lang/scaladoc_3/3.3.1-RC1-bin-SNAPSHOT/docs/scaladoc_3-javadoc.jar
[info] 	published ivy to /Users/y3536zha/.ivy2/local/org.scala-lang/scaladoc_3/3.3.1-RC1-bin-SNAPSHOT/ivys/ivy.xml
[warn] Setting -skip-by-regex set to .+\.internal($|\..+) redundantly
[warn] bad option '-project-version 3.3.1-RC1-bin-SNAPSHOT' was ignored
[warn] Setting -skip-by-regex set to .+\.impl($|\..+) redundantly
[warn] Setting -skip-by-regex set to .+\.internal($|\..+) redundantly
[warn] Flag -project-logo set repeatedly
[warn] Setting -skip-by-regex set to .+\.impl($|\..+) redundantly
[warn] Setting -social-links set to github::https://github.com/lampepfl/dotty redundantly
[warn] Setting -skip-by-id set to scala.runtime.stdLibPatches redundantly
[warn] Setting -social-links set to discord::https://discord.com/invite/scala redundantly
[warn] Setting -social-links set to twitter::https://twitter.com/scala_lang redundantly
[warn] Setting -skip-by-id set to scala.runtime.MatchCase redundantly
[warn] Setting -skip-by-id set to scala.runtime.stdLibPatches redundantly
[warn] bad option '-project-logo docs/_assets/images/logo.svg' was ignored
[warn] Setting -skip-by-id set to scala.runtime.MatchCase redundantly
[warn] Setting -social-links set to github::https://github.com/lampepfl/dotty redundantly
[warn] Flag -project-footer set repeatedly
[warn] Setting -social-links set to discord::https://discord.com/invite/scala redundantly
[warn] Flag -author set repeatedly
[warn] Setting -social-links set to twitter::https://twitter.com/scala_lang redundantly
[warn] Flag -groups set repeatedly
[warn] bad option '-project-footer "Copyright (c) 2002-2023, LAMP/EPFL"' was ignored
[warn] Flag -default-template set repeatedly
[warn] bad option '-default-template static-site-main' was ignored
[warn] Setting -external-mappings set to .*scala/.*::scaladoc3::https://dotty.epfl.ch/api/ redundantly
[warn] Flag -author set repeatedly
[warn] Setting -external-mappings set to .*java/.*::javadoc::https://docs.oracle.com/javase/8/docs/api/ redundantly
[warn] Flag -groups set repeatedly
[warn] bad option '-project-version 3.3.1-RC1-bin-SNAPSHOT' was ignored
[warn] Setting -skip-by-regex set to .+\.internal($|\..+) redundantly
[warn] Setting -skip-by-regex set to .+\.impl($|\..+) redundantly
[warn] Setting -skip-by-id set to scala.runtime.stdLibPatches redundantly
[warn] Setting -skip-by-id set to scala.runtime.MatchCase redundantly
[warn] bad option '-project-logo docs/_assets/images/logo.svg' was ignored
[warn] Setting -social-links set to github::https://github.com/lampepfl/dotty redundantly
[warn] Setting -social-links set to discord::https://discord.com/invite/scala redundantly
[warn] Setting -social-links set to twitter::https://twitter.com/scala_lang redundantly
[warn] bad option '-project-footer "Copyright (c) 2002-2023, LAMP/EPFL"' was ignored
[warn] bad option '-default-template static-site-main' was ignored
[warn] Flag -author set repeatedly
[warn] Flag -groups set repeatedly
[info] Skipping unused scalacOptions: -Werror, -Yno-experimental, -Yexplicit-nulls
[info] Skipping unused scalacOptions: -Werror, -Yno-experimental, -Yexplicit-nulls
[info] :: delivering :: org.scala-lang#scala3-compiler_3;3.3.1-RC1-bin-SNAPSHOT :: 3.3.1-RC1-bin-SNAPSHOT :: integration :: Thu Jun 22 00:10:38 EDT 2023
[info] 	delivering ivy file to /Users/y3536zha/Desktop/scala_explicit/scala_flexible_type_with_test_script/out/bootstrap/scala3-compiler-bootstrapped/scala-3.3.1-RC1-bin-SNAPSHOT-nonbootstrapped/ivy-3.3.1-RC1-bin-SNAPSHOT.xml
[info] 	published scala3-compiler_3 to /Users/y3536zha/.ivy2/local/org.scala-lang/scala3-compiler_3/3.3.1-RC1-bin-SNAPSHOT/poms/scala3-compiler_3.pom
[info] 	published scala3-compiler_3 to /Users/y3536zha/.ivy2/local/org.scala-lang/scala3-compiler_3/3.3.1-RC1-bin-SNAPSHOT/jars/scala3-compiler_3.jar
[info] 	published scala3-compiler_3 to /Users/y3536zha/.ivy2/local/org.scala-lang/scala3-compiler_3/3.3.1-RC1-bin-SNAPSHOT/srcs/scala3-compiler_3-sources.jar
[info] 	published scala3-compiler_3 to /Users/y3536zha/.ivy2/local/org.scala-lang/scala3-compiler_3/3.3.1-RC1-bin-SNAPSHOT/docs/scala3-compiler_3-javadoc.jar
[info] 	published ivy to /Users/y3536zha/.ivy2/local/org.scala-lang/scala3-compiler_3/3.3.1-RC1-bin-SNAPSHOT/ivys/ivy.xml
[warn] -- Warning: library/src/scala/util/FromDigits.scala:21:6 -----------------------
[warn] -- Warning: library/src/scala/util/FromDigits.scala:21:6 -----------------------
[warn] 21 |  def fromDigits(digits: String): T
[warn] 21 |  def fromDigits(digits: String): T
[warn]    |      ^
[warn]    |      ^
[warn]    |      No DRI found for query: MalformedNumber
[warn]    |      No DRI found for query: MalformedNumber
[error] -- [E069] Naming Error: /Users/y3536zha/Desktop/scala_explicit/scala_flexible_type_with_test_script/library/src/scala/IArray.scala:13:7 
[error] -- [E069] Naming Error: /Users/y3536zha/Desktop/scala_explicit/scala_flexible_type_with_test_script/library/src/scala/IArray.scala:13:7 
[error] 13 |object IArray:
[error] 13 |object IArray:
[error]    |       ^
[error]    |       ^
[error]    |object IArray cannot have the same name as object IArray in package scala -- cannot define object member with the same name as a object member in self reference _.
[error]    |object IArray cannot have the same name as object IArray in package scala -- cannot define object member with the same name as a object member in self reference _.
[error]    |(Note: this can be resolved by using another name)
[error]    |(Note: this can be resolved by using another name)
[warn] 28 warnings found
[warn] 14 warnings found
[error] one error found
[error] one error found
[info] :: delivering :: org.scala-lang#scala3-library_sjs1_3;3.3.1-RC1-bin-SNAPSHOT :: 3.3.1-RC1-bin-SNAPSHOT :: integration :: Thu Jun 22 00:10:56 EDT 2023
[info] 	delivering ivy file to /Users/y3536zha/Desktop/scala_explicit/scala_flexible_type_with_test_script/out/bootstrap/scala3-library-bootstrappedJS/scala-3.3.1-RC1-bin-SNAPSHOT-nonbootstrapped/ivy-3.3.1-RC1-bin-SNAPSHOT.xml
[info] :: delivering :: org.scala-lang#scala3-library_3;3.3.1-RC1-bin-SNAPSHOT :: 3.3.1-RC1-bin-SNAPSHOT :: integration :: Thu Jun 22 00:10:56 EDT 2023
[info] 	delivering ivy file to /Users/y3536zha/Desktop/scala_explicit/scala_flexible_type_with_test_script/out/bootstrap/scala3-library-bootstrapped/scala-3.3.1-RC1-bin-SNAPSHOT-nonbootstrapped/ivy-3.3.1-RC1-bin-SNAPSHOT.xml
[info] 	published scala3-library_sjs1_3 to /Users/y3536zha/.ivy2/local/org.scala-lang/scala3-library_sjs1_3/3.3.1-RC1-bin-SNAPSHOT/poms/scala3-library_sjs1_3.pom
[info] 	published scala3-library_sjs1_3 to /Users/y3536zha/.ivy2/local/org.scala-lang/scala3-library_sjs1_3/3.3.1-RC1-bin-SNAPSHOT/jars/scala3-library_sjs1_3.jar
[info] 	published scala3-library_sjs1_3 to /Users/y3536zha/.ivy2/local/org.scala-lang/scala3-library_sjs1_3/3.3.1-RC1-bin-SNAPSHOT/srcs/scala3-library_sjs1_3-sources.jar
[info] 	published scala3-library_sjs1_3 to /Users/y3536zha/.ivy2/local/org.scala-lang/scala3-library_sjs1_3/3.3.1-RC1-bin-SNAPSHOT/docs/scala3-library_sjs1_3-javadoc.jar
[info] 	published ivy to /Users/y3536zha/.ivy2/local/org.scala-lang/scala3-library_sjs1_3/3.3.1-RC1-bin-SNAPSHOT/ivys/ivy.xml
[info] 	published scala3-library_3 to /Users/y3536zha/.ivy2/local/org.scala-lang/scala3-library_3/3.3.1-RC1-bin-SNAPSHOT/poms/scala3-library_3.pom
[info] 	published scala3-library_3 to /Users/y3536zha/.ivy2/local/org.scala-lang/scala3-library_3/3.3.1-RC1-bin-SNAPSHOT/jars/scala3-library_3.jar
[info] 	published scala3-library_3 to /Users/y3536zha/.ivy2/local/org.scala-lang/scala3-library_3/3.3.1-RC1-bin-SNAPSHOT/srcs/scala3-library_3-sources.jar
[info] 	published scala3-library_3 to /Users/y3536zha/.ivy2/local/org.scala-lang/scala3-library_3/3.3.1-RC1-bin-SNAPSHOT/docs/scala3-library_3-javadoc.jar
[info] 	published ivy to /Users/y3536zha/.ivy2/local/org.scala-lang/scala3-library_3/3.3.1-RC1-bin-SNAPSHOT/ivys/ivy.xml
[info] Test run dotty.communitybuild.CommunityBuildTestA started
[info] Test run dotty.communitybuild.CommunityBuildTestA finished: 0 failed, 0 ignored, 0 total, 0.0s
[info] Test run dotty.communitybuild.CommunityBuildTestC started
[info] Test dotty.communitybuild.CommunityBuildTestC.libretto started
[32m[STARTING libretto][0m
[32mPublishing scala-xml[0m
[32msbt -sbt-version 1.8.0 -Dsbt.supershell=false -Ddotty.communitybuild.dir=/Users/y3536zha/Desktop/scala_explicit/scala_flexible_type_with_test_script/community-build --addPluginSbtFile=/Users/y3536zha/Desktop/scala_explicit/scala_flexible_type_with_test_script/community-build/sbt-injected-plugins clean; set Global/logLevel := Level.Error; set Global/updateOptions ~= (_.withLatestSnapshots(false)); set Global/scalacOptions ++= List("-Xcheck-macros","-Ysafe-init","-Yexplicit-nulls");++3.3.1-RC1-bin-SNAPSHOT!; xml/publishLocal[0m
[info] welcome to sbt 1.8.0 (Oracle Corporation Java 9.0.4)
[info] loading global plugins from /Users/y3536zha/.sbt/1.0/plugins
[info] loading settings for project scala-xml-build from plugins.sbt,sbt-injected-plugins ...
[info] loading project definition from /Users/y3536zha/Desktop/scala_explicit/scala_flexible_type_with_test_script/community-build/community-projects/scala-xml/project
[info] loading settings for project scala-xml from build.sbt ...
SLF4J: No SLF4J providers were found.
SLF4J: Defaulting to no-operation (NOP) logger implementation
SLF4J: See https://www.slf4j.org/codes.html#noProviders for further details.
SLF4J: Class path contains SLF4J bindings targeting slf4j-api versions 1.7.x or earlier.
SLF4J: Ignoring binding found at [jar:file:/Users/y3536zha/.sbt/boot/scala-2.12.17/org.scala-sbt/sbt/1.8.0/log4j-slf4j-impl-2.17.1.jar!/org/slf4j/impl/StaticLoggerBinder.class]
SLF4J: See https://www.slf4j.org/codes.html#ignoredBindings for an explanation.
[info] set current project to scala-xml (in build file:/Users/y3536zha/Desktop/scala_explicit/scala_flexible_type_with_test_script/community-build/community-projects/scala-xml/)
[success] Total time: 0 s, completed Jun 22, 2023, 12:11:09 AM
[info] Defining Global / logLevel
[info] The new value will be used by Test / test / testListeners, Test / testOnly / testListeners and 29 others.
[info] 	Run `last` for details.
[info] Reapplying settings...
[info] set current project to scala-xml (in build file:/Users/y3536zha/Desktop/scala_explicit/scala_flexible_type_with_test_script/community-build/community-projects/scala-xml/)
[info] Defining Global / updateOptions
[info] The new value will be used by dependencyTreeIgnoreMissingUpdate / updateOptions, ivyConfiguration and 9 others.
[info] 	Run `last` for details.
[info] Reapplying settings...
[info] set current project to scala-xml (in build file:/Users/y3536zha/Desktop/scala_explicit/scala_flexible_type_with_test_script/community-build/community-projects/scala-xml/)
[info] Defining Global / scalacOptions
[info] The new value will be used by Compile / scalacOptions, xml / scalacOptions and 1 others.
[info] 	Run `last` for details.
[info] Reapplying settings...
[info] set current project to scala-xml (in build file:/Users/y3536zha/Desktop/scala_explicit/scala_flexible_type_with_test_script/community-build/community-projects/scala-xml/)
[info] Forcing Scala version to 3.3.1-RC1-bin-SNAPSHOT on all projects.
[info] Reapplying settings...
[info] Loading dependency tracking file /Users/y3536zha/Desktop/scala_explicit/scala_flexible_type_with_test_script/community-build/dotty-community-build-deps
[info] Dependency tracking file /Users/y3536zha/Desktop/scala_explicit/scala_flexible_type_with_test_script/community-build/dotty-community-build-deps does not exist
[info] set current project to scala-xml (in build file:/Users/y3536zha/Desktop/scala_explicit/scala_flexible_type_with_test_script/community-build/community-projects/scala-xml/)
[error] -- [E172] Type Error: /Users/y3536zha/Desktop/scala_explicit/scala_flexible_type_with_test_script/community-build/community-projects/scala-xml/shared/src/main/scala/scala/xml/Attribute.scala:36:8 
[error] 36 |    if (pre == null || pre == "") new UnprefixedAttribute(key, value, next)
[error]    |        ^^^^^^^^^^^
[error]    |        Values of types String and Null cannot be compared with == or !=
[error] -- [E172] Type Error: /Users/y3536zha/Desktop/scala_explicit/scala_flexible_type_with_test_script/community-build/community-projects/scala-xml/shared/src/main/scala/scala/xml/Attribute.scala:40:8 
[error] 40 |    if (pre == null || pre == "") new UnprefixedAttribute(key, value, next)
[error]    |        ^^^^^^^^^^^
[error]    |        Values of types String and Null cannot be compared with == or !=
[error] -- [E172] Type Error: /Users/y3536zha/Desktop/scala_explicit/scala_flexible_type_with_test_script/community-build/community-projects/scala-xml/shared/src/main/scala/scala/xml/Attribute.scala:74:28 
[error] 74 |  def isPrefixed: Boolean = pre != null
[error]    |                            ^^^^^^^^^^^
[error]    |        Values of types String and Null cannot be compared with == or !=
[error] -- [E134] Type Error: /Users/y3536zha/Desktop/scala_explicit/scala_flexible_type_with_test_script/community-build/community-projects/scala-xml/shared/src/main/scala/scala/xml/Attribute.scala:80:5 
[error] 80 |    (next(arg, scope, key) == null) && (next wellformed scope)
[error]    |     ^^^^
[error]    |None of the overloaded alternatives of method apply in class MetaData with types
[error]    | (namespace_uri: String, scp: scala.xml.NamespaceBinding, k: String):
[error]    |  collection.Seq[scala.xml.Node]
[error]    | (namespace_uri: String, owner: scala.xml.Node, key: String):
[error]    |  collection.Seq[scala.xml.Node]
[error]    | (key: String): collection.Seq[scala.xml.Node]
[error]    |match arguments ((arg : String | Null), (scope : scala.xml.NamespaceBinding), (Attribute.this.key : String))
[error] -- [E172] Type Error: /Users/y3536zha/Desktop/scala_explicit/scala_flexible_type_with_test_script/community-build/community-projects/scala-xml/shared/src/main/scala/scala/xml/Attribute.scala:85:8 
[error] 85 |    if (value == null) next.iterator
[error]    |        ^^^^^^^^^^^^^
[error]    |Values of types collection.Seq[scala.xml.Node] and Null cannot be compared with == or !=.
[error]    |I found:
[error]    |
[error]    |    CanEqual.canEqualSeqs[T, U]
[error]    |
[error]    |But given instance canEqualSeqs in object CanEqual does not match type CanEqual[collection.Seq[scala.xml.Node], Null].
[error] -- [E172] Type Error: /Users/y3536zha/Desktop/scala_explicit/scala_flexible_type_with_test_script/community-build/community-projects/scala-xml/shared/src/main/scala/scala/xml/Attribute.scala:90:8 
[error] 90 |    if (value == null) next.size
[error]    |        ^^^^^^^^^^^^^
[error]    |Values of types collection.Seq[scala.xml.Node] and Null cannot be compared with == or !=.
[error]    |I found:
[error]    |
[error]    |    CanEqual.canEqualSeqs[T, U]
[error]    |
[error]    |But given instance canEqualSeqs in object CanEqual does not match type CanEqual[collection.Seq[scala.xml.Node], Null].
[error] -- [E172] Type Error: /Users/y3536zha/Desktop/scala_explicit/scala_flexible_type_with_test_script/community-build/community-projects/scala-xml/shared/src/main/scala/scala/xml/Attribute.scala:98:8 
[error] 98 |    if (value == null)
[error]    |        ^^^^^^^^^^^^^
[error]    |Values of types collection.Seq[scala.xml.Node] and Null cannot be compared with == or !=.
[error]    |I found:
[error]    |
[error]    |    CanEqual.canEqualSeqs[T, U]
[error]    |
[error]    |But given instance canEqualSeqs in object CanEqual does not match type CanEqual[collection.Seq[scala.xml.Node], Null].
[error] -- [E172] Type Error: /Users/y3536zha/Desktop/scala_explicit/scala_flexible_type_with_test_script/community-build/community-projects/scala-xml/shared/src/main/scala/scala/xml/Elem.scala:71:6 
[error] 71 |  if (scope == null)
[error]    |      ^^^^^^^^^^^^^
[error]    |Values of types scala.xml.NamespaceBinding and Null cannot be compared with == or !=
[error] -- [E172] Type Error: /Users/y3536zha/Desktop/scala_explicit/scala_flexible_type_with_test_script/community-build/community-projects/scala-xml/shared/src/main/scala/scala/xml/Equality.scala:65:8 
[error] 65 |    if (x1 == null || x2 == null)
[error]    |        ^^^^^^^^^^
[error]    |        Values of types AnyRef and Null cannot be compared with == or !=
[error] -- [E172] Type Error: /Users/y3536zha/Desktop/scala_explicit/scala_flexible_type_with_test_script/community-build/community-projects/scala-xml/shared/src/main/scala/scala/xml/Equality.scala:65:22 
[error] 65 |    if (x1 == null || x2 == null)
[error]    |                      ^^^^^^^^^^
[error]    |        Values of types AnyRef and Null cannot be compared with == or !=
[error] -- [E172] Type Error: /Users/y3536zha/Desktop/scala_explicit/scala_flexible_type_with_test_script/community-build/community-projects/scala-xml/shared/src/main/scala/scala/xml/NamespaceBinding.scala:49:11 
[error] 49 |      if ((x == null) || (x eq stop)) Nil
[error]    |           ^^^^^^^^^
[error]    |Values of types scala.xml.NamespaceBinding and Null cannot be compared with == or !=
[error] -- [E172] Type Error: /Users/y3536zha/Desktop/scala_explicit/scala_flexible_type_with_test_script/community-build/community-projects/scala-xml/shared/src/main/scala/scala/xml/NamespaceBinding.scala:83:11 
[error] 83 |      (if (prefix != null) ":" + prefix else ""),
[error]    |           ^^^^^^^^^^^^^^
[error]    |        Values of types String and Null cannot be compared with == or !=
[error] -- [E172] Type Error: /Users/y3536zha/Desktop/scala_explicit/scala_flexible_type_with_test_script/community-build/community-projects/scala-xml/shared/src/main/scala/scala/xml/NamespaceBinding.scala:84:11 
[error] 84 |      (if (uri != null) uri else "")
[error]    |           ^^^^^^^^^^^
[error]    |        Values of types String and Null cannot be compared with == or !=
[error] -- [E007] Type Mismatch Error: /Users/y3536zha/Desktop/scala_explicit/scala_flexible_type_with_test_script/community-build/community-projects/scala-xml/shared/src/main/scala/scala/xml/Node.scala:50:23 
[error] 50 |  def prefix: String = null
[error]    |                       ^^^^
[error]    |Found:    Null
[error]    |Required: String
[error]    |Note that implicit conversions were not tried because the result of an implicit conversion
[error]    |must be more specific than String
[error]    |
[error]    | longer explanation available when compiling with `-explain`
[error] -- [E007] Type Mismatch Error: /Users/y3536zha/Desktop/scala_explicit/scala_flexible_type_with_test_script/community-build/community-projects/scala-xml/shared/src/main/scala/scala/xml/Node.scala:84:61 
[error] 84 |  def getNamespace(pre: String): String = if (scope eq null) null else scope.getURI(pre)
[error]    |                                                             ^^^^
[error]    |Found:    Null
[error]    |Required: String
[error]    |Note that implicit conversions were not tried because the result of an implicit conversion
[error]    |must be more specific than String
[error]    |
[error]    | longer explanation available when compiling with `-explain`
[error] -- [E172] Type Error: /Users/y3536zha/Desktop/scala_explicit/scala_flexible_type_with_test_script/community-build/community-projects/scala-xml/shared/src/main/scala/scala/xml/Node.scala:187:8 
[error] 187 |    if (null != prefix) {
[error]     |        ^^^^^^^^^^^^^^
[error]     |      Values of types Null and String cannot be compared with == or !=
[error] -- [E007] Type Mismatch Error: /Users/y3536zha/Desktop/scala_explicit/scala_flexible_type_with_test_script/community-build/community-projects/scala-xml/shared/src/main/scala/scala/xml/Node.scala:197:30 
[error] 197 |  def xmlType(): TypeSymbol = null
[error]     |                              ^^^^
[error]     |Found:    Null
[error]     |Required: scala.xml.TypeSymbol
[error]     |Note that implicit conversions were not tried because the result of an implicit conversion
[error]     |must be more specific than scala.xml.TypeSymbol
[error]     |
[error]     | longer explanation available when compiling with `-explain`
[error] -- [E007] Type Mismatch Error: /Users/y3536zha/Desktop/scala_explicit/scala_flexible_type_with_test_script/community-build/community-projects/scala-xml/shared/src/main/scala/scala/xml/NodeSeq.scala:108:27 
[error] 108 |          else y.attribute(uri, key)
[error]     |                           ^^^
[error]     |                           Found:    (uri : String | Null)
[error]     |                           Required: String
[error]     |
[error]     | longer explanation available when compiling with `-explain`
[error] -- [E007] Type Mismatch Error: /Users/y3536zha/Desktop/scala_explicit/scala_flexible_type_with_test_script/community-build/community-projects/scala-xml/shared/src/main/scala/scala/xml/NodeSeq.scala:108:32 
[error] 108 |          else y.attribute(uri, key)
[error]     |                                ^^^
[error]     |                                Found:    (key : String | Null)
[error]     |                                Required: String
[error]     |
[error]     | longer explanation available when compiling with `-explain`
[error] -- [E007] Type Mismatch Error: /Users/y3536zha/Desktop/scala_explicit/scala_flexible_type_with_test_script/community-build/community-projects/scala-xml/shared/src/main/scala/scala/xml/Null.scala:34:34 
[error] 34 |  def getNamespace(owner: Node) = null
[error]    |                                  ^^^^
[error]    |Found:    Null
[error]    |Required: String
[error]    |Note that implicit conversions were not tried because the result of an implicit conversion
[error]    |must be more specific than String
[error]    |
[error]    | longer explanation available when compiling with `-explain`
[error] -- [E007] Type Mismatch Error: /Users/y3536zha/Desktop/scala_explicit/scala_flexible_type_with_test_script/community-build/community-projects/scala-xml/shared/src/main/scala/scala/xml/Null.scala:37:13 
[error] 37 |  def next = null
[error]    |             ^^^^
[error]    |Found:    Null
[error]    |Required: scala.xml.MetaData
[error]    |Note that implicit conversions were not tried because the result of an implicit conversion
[error]    |must be more specific than scala.xml.MetaData
[error]    |
[error]    | longer explanation available when compiling with `-explain`
[error] -- [E007] Type Mismatch Error: /Users/y3536zha/Desktop/scala_explicit/scala_flexible_type_with_test_script/community-build/community-projects/scala-xml/shared/src/main/scala/scala/xml/Null.scala:38:12 
[error] 38 |  def key = null
[error]    |            ^^^^
[error]    |Found:    Null
[error]    |Required: String
[error]    |Note that implicit conversions were not tried because the result of an implicit conversion
[error]    |must be more specific than String
[error]    |
[error]    | longer explanation available when compiling with `-explain`
[error] -- [E007] Type Mismatch Error: /Users/y3536zha/Desktop/scala_explicit/scala_flexible_type_with_test_script/community-build/community-projects/scala-xml/shared/src/main/scala/scala/xml/Null.scala:39:14 
[error] 39 |  def value = null
[error]    |              ^^^^
[error]    |Found:    Null
[error]    |Required: collection.Seq[scala.xml.Node]
[error]    |Note that implicit conversions were not tried because the result of an implicit conversion
[error]    |must be more specific than collection.Seq[scala.xml.Node]
[error]    |
[error]    | longer explanation available when compiling with `-explain`
[error] -- [E007] Type Mismatch Error: /Users/y3536zha/Desktop/scala_explicit/scala_flexible_type_with_test_script/community-build/community-projects/scala-xml/shared/src/main/scala/scala/xml/Null.scala:51:71 
[error] 51 |  def apply(namespace: String, scope: NamespaceBinding, key: String) = null
[error]    |                                                                       ^^^^
[error]    |Found:    Null
[error]    |Required: collection.Seq[scala.xml.Node]
[error]    |Note that implicit conversions were not tried because the result of an implicit conversion
[error]    |must be more specific than collection.Seq[scala.xml.Node]
[error]    |
[error]    | longer explanation available when compiling with `-explain`
[error] -- [E007] Type Mismatch Error: /Users/y3536zha/Desktop/scala_explicit/scala_flexible_type_with_test_script/community-build/community-projects/scala-xml/shared/src/main/scala/scala/xml/Null.scala:53:31 
[error] 53 |    if (isNameStart(key.head)) null
[error]    |                               ^^^^
[error]    |Found:    Null
[error]    |Required: collection.Seq[scala.xml.Node]
[error]    |Note that implicit conversions were not tried because the result of an implicit conversion
[error]    |must be more specific than collection.Seq[scala.xml.Node]
[error]    |
[error]    | longer explanation available when compiling with `-explain`
[error] -- [E007] Type Mismatch Error: /Users/y3536zha/Desktop/scala_explicit/scala_flexible_type_with_test_script/community-build/community-projects/scala-xml/shared/src/main/scala/scala/xml/PrefixedAttribute.scala:36:55 
[error] 36 |    this(pre, key, if (value ne null) Text(value) else null: NodeSeq, next)
[error]    |                                                       ^^^^
[error]    |Found:    Null
[error]    |Required: scala.xml.NodeSeq
[error]    |Note that implicit conversions were not tried because the result of an implicit conversion
[error]    |must be more specific than scala.xml.NodeSeq
[error]    |
[error]    | longer explanation available when compiling with `-explain`
[error] -- [E134] Type Error: /Users/y3536zha/Desktop/scala_explicit/scala_flexible_type_with_test_script/community-build/community-projects/scala-xml/shared/src/main/scala/scala/xml/PrefixedAttribute.scala:40:9 
[error] 40 |    this(pre, key, value.orNull, next)
[error]    |         ^
[error]    |None of the overloaded alternatives of constructor PrefixedAttribute in class PrefixedAttribute with types
[error]    | (pre: String, key: String, value: Option[collection.Seq[scala.xml.Node]], next:
[error]    |  scala.xml.MetaData): scala.xml.PrefixedAttribute
[error]    | (pre: String, key: String, value: String, next: scala.xml.MetaData):
[error]    |  scala.xml.PrefixedAttribute
[error]    | (pre: String, key: String, value: collection.Seq[scala.xml.Node], next1:
[error]    |  scala.xml.MetaData): scala.xml.PrefixedAttribute
[error]    |match arguments ((pre : String), (key : String), collection.Seq[scala.xml.Node] | Null, (next : scala.xml.MetaData))
[error] -- [E007] Type Mismatch Error: /Users/y3536zha/Desktop/scala_explicit/scala_flexible_type_with_test_script/community-build/community-projects/scala-xml/shared/src/main/scala/scala/xml/PrettyPrinter.scala:72:34 
[error] 72 |      val b = Box(ind, s.substring(0, last.head))
[error]    |                       ^^^^^^^^^^^^^^^^^^^^^^^^^
[error]    |                       Found:    String | Null
[error]    |                       Required: String
[error]    |
[error]    | longer explanation available when compiling with `-explain`
[error] -- [E007] Type Mismatch Error: /Users/y3536zha/Desktop/scala_explicit/scala_flexible_type_with_test_script/community-build/community-projects/scala-xml/shared/src/main/scala/scala/xml/PrettyPrinter.scala:74:41 
[error] 74 |      res = b :: Break :: cut(s.substring(last.head, s.length), ind)
[error]    |                              ^^^^^^^^^^^^^^^^^^^^^^^^^^^^^^^^
[error]    |                              Found:    String | Null
[error]    |                              Required: String
[error]    |
[error]    | longer explanation available when compiling with `-explain`
[error] -- [E007] Type Mismatch Error: /Users/y3536zha/Desktop/scala_explicit/scala_flexible_type_with_test_script/community-build/community-projects/scala-xml/shared/src/main/scala/scala/xml/PrettyPrinter.scala:156:39 
[error] 156 |      makeBox(ind, node.toString().trim())
[error]     |                   ^^^^^^^^^^^^^^^^^^^^^^
[error]     |                   Found:    String | Null
[error]     |                   Required: String
[error]     |
[error]     | longer explanation available when compiling with `-explain`
[error] -- [E007] Type Mismatch Error: /Users/y3536zha/Desktop/scala_explicit/scala_flexible_type_with_test_script/community-build/community-projects/scala-xml/shared/src/main/scala/scala/xml/PrettyPrinter.scala:186:36 
[error] 186 |          makeBox(ind, stg.substring(0, len2))
[error]     |                       ^^^^^^^^^^^^^^^^^^^^^^
[error]     |                       Found:    String | Null
[error]     |                       Required: String
[error]     |
[error]     | longer explanation available when compiling with `-explain`
[error] -- [E008] Not Found Error: /Users/y3536zha/Desktop/scala_explicit/scala_flexible_type_with_test_script/community-build/community-projects/scala-xml/shared/src/main/scala/scala/xml/PrettyPrinter.scala:197:55 
[error] 197 |          makeBox(ind, stg.substring(len2, stg.length).trim)
[error]     |                       ^^^^^^^^^^^^^^^^^^^^^^^^^^^^^^^^^^^^
[error]     |    value trim is not a member of String | Null.
[error]     |    Since explicit-nulls is enabled, the selection is rejected because
[error]     |    String | Null could be null at runtime.
[error]     |    If you want to select trim without checking for a null value,
[error]     |    insert a .nn before .trim or import scala.language.unsafeNulls.
[error] -- [E007] Type Mismatch Error: /Users/y3536zha/Desktop/scala_explicit/scala_flexible_type_with_test_script/community-build/community-projects/scala-xml/shared/src/main/scala/scala/xml/SpecialNode.scala:28:33 
[error] 28 |  final override def namespace = null
[error]    |                                 ^^^^
[error]    |Found:    Null
[error]    |Required: String
[error]    |Note that implicit conversions were not tried because the result of an implicit conversion
[error]    |must be more specific than String
[error]    |
[error]    | longer explanation available when compiling with `-explain`
[error] -- [E007] Type Mismatch Error: /Users/y3536zha/Desktop/scala_explicit/scala_flexible_type_with_test_script/community-build/community-projects/scala-xml/shared/src/main/scala/scala/xml/TextBuffer.scala:50:24 
[error] 50 |    case s  => Seq(Text(s))
[error]    |                        ^
[error]    |                        Found:    (s : String | Null)
[error]    |                        Required: String
[error]    |
[error]    | longer explanation available when compiling with `-explain`
[error] -- [E007] Type Mismatch Error: /Users/y3536zha/Desktop/scala_explicit/scala_flexible_type_with_test_script/community-build/community-projects/scala-xml/shared/src/main/scala/scala/xml/TopScope.scala:21:41 
[error] 21 |object TopScope extends NamespaceBinding(null, null, null) {
[error]    |                                         ^^^^
[error]    |Found:    Null
[error]    |Required: String
[error]    |Note that implicit conversions were not tried because the result of an implicit conversion
[error]    |must be more specific than String
[error]    |
[error]    | longer explanation available when compiling with `-explain`
[error] -- [E007] Type Mismatch Error: /Users/y3536zha/Desktop/scala_explicit/scala_flexible_type_with_test_script/community-build/community-projects/scala-xml/shared/src/main/scala/scala/xml/TopScope.scala:21:47 
[error] 21 |object TopScope extends NamespaceBinding(null, null, null) {
[error]    |                                               ^^^^
[error]    |Found:    Null
[error]    |Required: String
[error]    |Note that implicit conversions were not tried because the result of an implicit conversion
[error]    |must be more specific than String
[error]    |
[error]    | longer explanation available when compiling with `-explain`
[error] -- [E007] Type Mismatch Error: /Users/y3536zha/Desktop/scala_explicit/scala_flexible_type_with_test_script/community-build/community-projects/scala-xml/shared/src/main/scala/scala/xml/TopScope.scala:21:53 
[error] 21 |object TopScope extends NamespaceBinding(null, null, null) {
[error]    |                                                     ^^^^
[error]    |Found:    Null
[error]    |Required: scala.xml.NamespaceBinding
[error]    |Note that implicit conversions were not tried because the result of an implicit conversion
[error]    |must be more specific than scala.xml.NamespaceBinding
[error]    |
[error]    | longer explanation available when compiling with `-explain`
[error] -- [E007] Type Mismatch Error: /Users/y3536zha/Desktop/scala_explicit/scala_flexible_type_with_test_script/community-build/community-projects/scala-xml/shared/src/main/scala/scala/xml/TopScope.scala:26:39 
[error] 26 |    if (prefix1 == xml) namespace else null
[error]    |                                       ^^^^
[error]    |Found:    Null
[error]    |Required: String
[error]    |Note that implicit conversions were not tried because the result of an implicit conversion
[error]    |must be more specific than String
[error]    |
[error]    | longer explanation available when compiling with `-explain`
[error] -- [E007] Type Mismatch Error: /Users/y3536zha/Desktop/scala_explicit/scala_flexible_type_with_test_script/community-build/community-projects/scala-xml/shared/src/main/scala/scala/xml/TopScope.scala:29:36 
[error] 29 |    if (uri1 == namespace) xml else null
[error]    |                                    ^^^^
[error]    |Found:    Null
[error]    |Required: String
[error]    |Note that implicit conversions were not tried because the result of an implicit conversion
[error]    |must be more specific than String
[error]    |
[error]    | longer explanation available when compiling with `-explain`
[error] -- [E007] Type Mismatch Error: /Users/y3536zha/Desktop/scala_explicit/scala_flexible_type_with_test_script/community-build/community-projects/scala-xml/shared/src/main/scala/scala/xml/UnprefixedAttribute.scala:28:18 
[error] 28 |  final val pre = null
[error]    |                  ^^^^
[error]    |Found:    Null
[error]    |Required: String
[error]    |Note that implicit conversions were not tried because the result of an implicit conversion
[error]    |must be more specific than String
[error]    |
[error]    | longer explanation available when compiling with `-explain`
[error] -- [E007] Type Mismatch Error: /Users/y3536zha/Desktop/scala_explicit/scala_flexible_type_with_test_script/community-build/community-projects/scala-xml/shared/src/main/scala/scala/xml/UnprefixedAttribute.scala:33:50 
[error] 33 |    this(key, if (value ne null) Text(value) else null: NodeSeq, next)
[error]    |                                                  ^^^^
[error]    |Found:    Null
[error]    |Required: scala.xml.NodeSeq
[error]    |Note that implicit conversions were not tried because the result of an implicit conversion
[error]    |must be more specific than scala.xml.NodeSeq
[error]    |
[error]    | longer explanation available when compiling with `-explain`
[error] -- [E134] Type Error: /Users/y3536zha/Desktop/scala_explicit/scala_flexible_type_with_test_script/community-build/community-projects/scala-xml/shared/src/main/scala/scala/xml/UnprefixedAttribute.scala:37:9 
[error] 37 |    this(key, value.orNull, next)
[error]    |         ^
[error]    |None of the overloaded alternatives of constructor UnprefixedAttribute in class UnprefixedAttribute with types
[error]    | (key: String, value: Option[collection.Seq[scala.xml.Node]], next:
[error]    |  scala.xml.MetaData): scala.xml.UnprefixedAttribute
[error]    | (key: String, value: String, next: scala.xml.MetaData):
[error]    |  scala.xml.UnprefixedAttribute
[error]    | (key: String, value: collection.Seq[scala.xml.Node], next1: scala.xml.MetaData)
[error]    |  : scala.xml.UnprefixedAttribute
[error]    |match arguments ((key : String), collection.Seq[scala.xml.Node] | Null, (next : scala.xml.MetaData))
[error] -- [E007] Type Mismatch Error: /Users/y3536zha/Desktop/scala_explicit/scala_flexible_type_with_test_script/community-build/community-projects/scala-xml/shared/src/main/scala/scala/xml/UnprefixedAttribute.scala:42:48 
[error] 42 |  final def getNamespace(owner: Node): String = null
[error]    |                                                ^^^^
[error]    |Found:    Null
[error]    |Required: String
[error]    |Note that implicit conversions were not tried because the result of an implicit conversion
[error]    |must be more specific than String
[error]    |
[error]    | longer explanation available when compiling with `-explain`
[error] -- [E172] Type Error: /Users/y3536zha/Desktop/scala_explicit/scala_flexible_type_with_test_script/community-build/community-projects/scala-xml/shared/src/main/scala/scala/xml/Utility.scala:141:48 
[error] 141 |    ((unescMap get ref) map (s append _)).orNull
[error]     |                                                ^
[error]     |                             Cannot prove that Null <:< StringBuilder.
[error] -- [E007] Type Mismatch Error: /Users/y3536zha/Desktop/scala_explicit/scala_flexible_type_with_test_script/community-build/community-projects/scala-xml/shared/src/main/scala/scala/xml/Utility.scala:270:34 
[error] 270 |    case i  => Some(name.substring(0, i))
[error]     |                    ^^^^^^^^^^^^^^^^^^^^
[error]     |                    Found:    String | Null
[error]     |                    Required: String
[error]     |
[error]     | longer explanation available when compiling with `-explain`
[error] -- [E007] Type Mismatch Error: /Users/y3536zha/Desktop/scala_explicit/scala_flexible_type_with_test_script/community-build/community-projects/scala-xml/shared/src/main/scala/scala/xml/Utility.scala:304:27 
[error] 304 |    if (index >= s.length) null
[error]     |                           ^^^^
[error]     |Found:    Null
[error]     |Required: String
[error]     |Note that implicit conversions were not tried because the result of an implicit conversion
[error]     |must be more specific than String
[error]     |
[error]     | longer explanation available when compiling with `-explain`
[error] -- [E007] Type Mismatch Error: /Users/y3536zha/Desktop/scala_explicit/scala_flexible_type_with_test_script/community-build/community-projects/scala-xml/shared/src/main/scala/scala/xml/Utility.scala:333:4 
[error] 333 |    null
[error]     |    ^^^^
[error]     |Found:    Null
[error]     |Required: String
[error]     |Note that implicit conversions were not tried because the result of an implicit conversion
[error]     |must be more specific than String
[error]     |
[error]     | longer explanation available when compiling with `-explain`
[error] -- [E007] Type Mismatch Error: /Users/y3536zha/Desktop/scala_explicit/scala_flexible_type_with_test_script/community-build/community-projects/scala-xml/shared/src/main/scala/scala/xml/Utility.scala:338:29 
[error] 338 |    var rfb: StringBuilder = null
[error]     |                             ^^^^
[error]     |Found:    Null
[error]     |Required: StringBuilder
[error]     |Note that implicit conversions were not tried because the result of an implicit conversion
[error]     |must be more specific than StringBuilder
[error]     |
[error]     | longer explanation available when compiling with `-explain`
[error] -- [E172] Type Error: /Users/y3536zha/Desktop/scala_explicit/scala_flexible_type_with_test_script/community-build/community-projects/scala-xml/shared/src/main/scala/scala/xml/Utility.scala:362:17 
[error] 362 |            case null =>
[error]     |                 ^^^^
[error]     |Values of types Null and StringBuilder cannot be compared with == or !=.
[error]     |I found:
[error]     |
[error]     |    CanEqual.canEqualSeqs[T, U]
[error]     |
[error]     |But given instance canEqualSeqs in object CanEqual does not match type CanEqual[Null, StringBuilder].
[error] -- [E008] Not Found Error: /Users/y3536zha/Desktop/scala_explicit/scala_flexible_type_with_test_script/community-build/community-projects/scala-xml/shared/src/main/scala/scala/xml/XML.scala:99:19 
[error] 99 |      ultimately(w.close())(
[error]    |                 ^^^^^^^
[error]    |      value close is not a member of java.io.Writer | Null.
[error]    |      Since explicit-nulls is enabled, the selection is rejected because
[error]    |      java.io.Writer | Null could be null at runtime.
[error]    |      If you want to select close without checking for a null value,
[error]    |      insert a .nn before .close or import scala.language.unsafeNulls.
[error] -- [E007] Type Mismatch Error: /Users/y3536zha/Desktop/scala_explicit/scala_flexible_type_with_test_script/community-build/community-projects/scala-xml/shared/src/main/scala/scala/xml/XML.scala:100:14 
[error] 100 |        write(w, node, enc, xmlDecl, doctype)
[error]     |              ^
[error]     |              Found:    (w : java.io.Writer | Null)
[error]     |              Required: java.io.Writer
[error]     |
[error]     | longer explanation available when compiling with `-explain`
[error] -- [E007] Type Mismatch Error: /Users/y3536zha/Desktop/scala_explicit/scala_flexible_type_with_test_script/community-build/community-projects/scala-xml/shared/src/main/scala/scala/xml/XML.scala:94:27 
[error] 94 |    doctype: dtd.DocType = null): Unit =
[error]    |                           ^^^^
[error]    |Found:    Null
[error]    |Required: scala.xml.dtd.DocType
[error]    |Note that implicit conversions were not tried because the result of an implicit conversion
[error]    |must be more specific than scala.xml.dtd.DocType
[error]    |
[error]    | longer explanation available when compiling with `-explain`
[error] -- [E172] Type Error: /Users/y3536zha/Desktop/scala_explicit/scala_flexible_type_with_test_script/community-build/community-projects/scala-xml/shared/src/main/scala/scala/xml/Xhtml.scala:60:11 
[error] 60 |          (x.child == null || x.child.length == 0) &&
[error]    |           ^^^^^^^^^^^^^^^
[error]    |Values of types collection.Seq[scala.xml.Node] and Null cannot be compared with == or !=.
[error]    |I found:
[error]    |
[error]    |    CanEqual.canEqualSeqs[T, U]
[error]    |
[error]    |But given instance canEqualSeqs in object CanEqual does not match type CanEqual[collection.Seq[scala.xml.Node], Null].
[error] -- [E007] Type Mismatch Error: /Users/y3536zha/Desktop/scala_explicit/scala_flexible_type_with_test_script/community-build/community-projects/scala-xml/shared/src/main/scala/scala/xml/dtd/DTD.scala:26:31 
[error] 26 |  var externalID: ExternalID = null
[error]    |                               ^^^^
[error]    |Found:    Null
[error]    |Required: scala.xml.dtd.ExternalID
[error]    |Note that implicit conversions were not tried because the result of an implicit conversion
[error]    |must be more specific than scala.xml.dtd.ExternalID
[error]    |
[error]    | longer explanation available when compiling with `-explain`
[error] -- [E007] Type Mismatch Error: /Users/y3536zha/Desktop/scala_explicit/scala_flexible_type_with_test_script/community-build/community-projects/scala-xml/shared/src/main/scala/scala/xml/dtd/Decl.scala:121:28 
[error] 121 |        if (!Utility.isName(n))
[error]     |                            ^
[error]     |                            Found:    (n : String | Null)
[error]     |                            Required: String
[error]     |
[error]     | longer explanation available when compiling with `-explain`
[error] -- [E007] Type Mismatch Error: /Users/y3536zha/Desktop/scala_explicit/scala_flexible_type_with_test_script/community-build/community-projects/scala-xml/shared/src/main/scala/scala/xml/dtd/Decl.scala:124:27 
[error] 124 |        tmp = tmp.substring(iz + 1, tmp.length)
[error]     |              ^^^^^^^^^^^^^^^^^^^^^^^^^^^^^^^^^
[error]     |              Found:    String | Null
[error]     |              Required: String
[error]     |
[error]     | longer explanation available when compiling with `-explain`
[error] -- [E172] Type Error: /Users/y3536zha/Desktop/scala_explicit/scala_flexible_type_with_test_script/community-build/community-projects/scala-xml/shared/src/main/scala/scala/xml/dtd/ExternalID.scala:34:8 
[error] 34 |    if (publicId == null) "SYSTEM " + quotedSystemLiteral
[error]    |        ^^^^^^^^^^^^^^^^
[error]    |        Values of types String and Null cannot be compared with == or !=
[error] -- [E172] Type Error: /Users/y3536zha/Desktop/scala_explicit/scala_flexible_type_with_test_script/community-build/community-projects/scala-xml/shared/src/main/scala/scala/xml/dtd/ExternalID.scala:36:11 
[error] 36 |      (if (systemId == null) "" else " " + quotedSystemLiteral)
[error]    |           ^^^^^^^^^^^^^^^^
[error]    |        Values of types String and Null cannot be compared with == or !=
[error] -- [E007] Type Mismatch Error: /Users/y3536zha/Desktop/scala_explicit/scala_flexible_type_with_test_script/community-build/community-projects/scala-xml/shared/src/main/scala/scala/xml/dtd/ExternalID.scala:52:17 
[error] 52 |  val publicId = null
[error]    |                 ^^^^
[error]    |Found:    Null
[error]    |Required: String
[error]    |Note that implicit conversions were not tried because the result of an implicit conversion
[error]    |must be more specific than String
[error]    |
[error]    | longer explanation available when compiling with `-explain`
[error] -- [E172] Type Error: /Users/y3536zha/Desktop/scala_explicit/scala_flexible_type_with_test_script/community-build/community-projects/scala-xml/shared/src/main/scala/scala/xml/dtd/ExternalID.scala:69:6 
[error] 69 |  if (systemId != null && !checkSysID(systemId))
[error]    |      ^^^^^^^^^^^^^^^^
[error]    |      Values of types String and Null cannot be compared with == or !=
[error] -- [E007] Type Mismatch Error: /Users/y3536zha/Desktop/scala_explicit/scala_flexible_type_with_test_script/community-build/community-projects/scala-xml/shared/src/main/scala/scala/xml/dtd/ExternalID.scala:88:17 
[error] 88 |  val publicId = null
[error]    |                 ^^^^
[error]    |Found:    Null
[error]    |Required: String
[error]    |Note that implicit conversions were not tried because the result of an implicit conversion
[error]    |must be more specific than String
[error]    |
[error]    | longer explanation available when compiling with `-explain`
[error] -- [E007] Type Mismatch Error: /Users/y3536zha/Desktop/scala_explicit/scala_flexible_type_with_test_script/community-build/community-projects/scala-xml/shared/src/main/scala/scala/xml/dtd/ExternalID.scala:89:17 
[error] 89 |  val systemId = null
[error]    |                 ^^^^
[error]    |Found:    Null
[error]    |Required: String
[error]    |Note that implicit conversions were not tried because the result of an implicit conversion
[error]    |must be more specific than String
[error]    |
[error]    | longer explanation available when compiling with `-explain`
[error] -- [E008] Not Found Error: /Users/y3536zha/Desktop/scala_explicit/scala_flexible_type_with_test_script/community-build/community-projects/scala-xml/shared/src/main/scala/scala/xml/factory/XMLLoader.scala:34:13 
[error] 34 |      parser.setFeature("http://javax.xml.XMLConstants/feature/secure-processing", true)
[error]    |      ^^^^^^^^^^^^^^^^^
[error]    |value setFeature is not a member of javax.xml.parsers.SAXParserFactory | Null.
[error]    |Since explicit-nulls is enabled, the selection is rejected because
[error]    |javax.xml.parsers.SAXParserFactory | Null could be null at runtime.
[error]    |If you want to select setFeature without checking for a null value,
[error]    |insert a .nn before .setFeature or import scala.language.unsafeNulls.
[error] -- [E008] Not Found Error: /Users/y3536zha/Desktop/scala_explicit/scala_flexible_type_with_test_script/community-build/community-projects/scala-xml/shared/src/main/scala/scala/xml/factory/XMLLoader.scala:35:13 
[error] 35 |      parser.setFeature("http://apache.org/xml/features/nonvalidating/load-external-dtd", false)
[error]    |      ^^^^^^^^^^^^^^^^^
[error]    |value setFeature is not a member of javax.xml.parsers.SAXParserFactory | Null.
[error]    |Since explicit-nulls is enabled, the selection is rejected because
[error]    |javax.xml.parsers.SAXParserFactory | Null could be null at runtime.
[error]    |If you want to select setFeature without checking for a null value,
[error]    |insert a .nn before .setFeature or import scala.language.unsafeNulls.
[error] -- [E008] Not Found Error: /Users/y3536zha/Desktop/scala_explicit/scala_flexible_type_with_test_script/community-build/community-projects/scala-xml/shared/src/main/scala/scala/xml/factory/XMLLoader.scala:36:13 
[error] 36 |      parser.setFeature("http://apache.org/xml/features/disallow-doctype-decl", true)
[error]    |      ^^^^^^^^^^^^^^^^^
[error]    |value setFeature is not a member of javax.xml.parsers.SAXParserFactory | Null.
[error]    |Since explicit-nulls is enabled, the selection is rejected because
[error]    |javax.xml.parsers.SAXParserFactory | Null could be null at runtime.
[error]    |If you want to select setFeature without checking for a null value,
[error]    |insert a .nn before .setFeature or import scala.language.unsafeNulls.
[error] -- [E008] Not Found Error: /Users/y3536zha/Desktop/scala_explicit/scala_flexible_type_with_test_script/community-build/community-projects/scala-xml/shared/src/main/scala/scala/xml/factory/XMLLoader.scala:37:13 
[error] 37 |      parser.setFeature("http://xml.org/sax/features/external-parameter-entities", false)
[error]    |      ^^^^^^^^^^^^^^^^^
[error]    |value setFeature is not a member of javax.xml.parsers.SAXParserFactory | Null.
[error]    |Since explicit-nulls is enabled, the selection is rejected because
[error]    |javax.xml.parsers.SAXParserFactory | Null could be null at runtime.
[error]    |If you want to select setFeature without checking for a null value,
[error]    |insert a .nn before .setFeature or import scala.language.unsafeNulls.
[error] -- [E008] Not Found Error: /Users/y3536zha/Desktop/scala_explicit/scala_flexible_type_with_test_script/community-build/community-projects/scala-xml/shared/src/main/scala/scala/xml/factory/XMLLoader.scala:38:13 
[error] 38 |      parser.setFeature("http://xml.org/sax/features/external-general-entities", false)
[error]    |      ^^^^^^^^^^^^^^^^^
[error]    |value setFeature is not a member of javax.xml.parsers.SAXParserFactory | Null.
[error]    |Since explicit-nulls is enabled, the selection is rejected because
[error]    |javax.xml.parsers.SAXParserFactory | Null could be null at runtime.
[error]    |If you want to select setFeature without checking for a null value,
[error]    |insert a .nn before .setFeature or import scala.language.unsafeNulls.
[error] -- [E008] Not Found Error: /Users/y3536zha/Desktop/scala_explicit/scala_flexible_type_with_test_script/community-build/community-projects/scala-xml/shared/src/main/scala/scala/xml/factory/XMLLoader.scala:39:13 
[error] 39 |      parser.setFeature("http://xml.org/sax/features/resolve-dtd-uris", false)
[error]    |      ^^^^^^^^^^^^^^^^^
[error]    |value setFeature is not a member of javax.xml.parsers.SAXParserFactory | Null.
[error]    |Since explicit-nulls is enabled, the selection is rejected because
[error]    |javax.xml.parsers.SAXParserFactory | Null could be null at runtime.
[error]    |If you want to select setFeature without checking for a null value,
[error]    |insert a .nn before .setFeature or import scala.language.unsafeNulls.
[error] -- [E008] Not Found Error: /Users/y3536zha/Desktop/scala_explicit/scala_flexible_type_with_test_script/community-build/community-projects/scala-xml/shared/src/main/scala/scala/xml/factory/XMLLoader.scala:40:13 
[error] 40 |      parser.setXIncludeAware(false)
[error]    |      ^^^^^^^^^^^^^^^^^^^^^^^
[error]    |value setXIncludeAware is not a member of javax.xml.parsers.SAXParserFactory | Null.
[error]    |Since explicit-nulls is enabled, the selection is rejected because
[error]    |javax.xml.parsers.SAXParserFactory | Null could be null at runtime.
[error]    |If you want to select setXIncludeAware without checking for a null value,
[error]    |insert a .nn before .setXIncludeAware or import scala.language.unsafeNulls.
[error] -- [E008] Not Found Error: /Users/y3536zha/Desktop/scala_explicit/scala_flexible_type_with_test_script/community-build/community-projects/scala-xml/shared/src/main/scala/scala/xml/factory/XMLLoader.scala:41:13 
[error] 41 |      parser.setNamespaceAware(false)
[error]    |      ^^^^^^^^^^^^^^^^^^^^^^^^
[error]    |value setNamespaceAware is not a member of javax.xml.parsers.SAXParserFactory | Null.
[error]    |Since explicit-nulls is enabled, the selection is rejected because
[error]    |javax.xml.parsers.SAXParserFactory | Null could be null at runtime.
[error]    |If you want to select setNamespaceAware without checking for a null value,
[error]    |insert a .nn before .setNamespaceAware or import scala.language.unsafeNulls.
[error] -- [E008] Not Found Error: /Users/y3536zha/Desktop/scala_explicit/scala_flexible_type_with_test_script/community-build/community-projects/scala-xml/shared/src/main/scala/scala/xml/factory/XMLLoader.scala:42:13 
[error] 42 |      parser.newSAXParser()
[error]    |      ^^^^^^^^^^^^^^^^^^^
[error]    |value newSAXParser is not a member of javax.xml.parsers.SAXParserFactory | Null.
[error]    |Since explicit-nulls is enabled, the selection is rejected because
[error]    |javax.xml.parsers.SAXParserFactory | Null could be null at runtime.
[error]    |If you want to select newSAXParser without checking for a null value,
[error]    |insert a .nn before .newSAXParser or import scala.language.unsafeNulls.
[error] -- [E007] Type Mismatch Error: /Users/y3536zha/Desktop/scala_explicit/scala_flexible_type_with_test_script/community-build/community-projects/scala-xml/shared/src/main/scala/scala/xml/factory/XMLLoader.scala:47:26 
[error] 47 |  def parser: SAXParser = parserInstance.get
[error]    |                          ^^^^^^^^^^^^^^^^^^
[error]    |                          Found:    scala.xml.SAXParser | Null
[error]    |                          Required: scala.xml.SAXParser
[error]    |
[error]    | longer explanation available when compiling with `-explain`
[error] -- [E007] Type Mismatch Error: /Users/y3536zha/Desktop/scala_explicit/scala_flexible_type_with_test_script/community-build/community-projects/scala-xml/shared/src/main/scala/scala/xml/factory/XMLLoader.scala:89:64 
[error] 89 |  def load(url: URL): T = loadXML(fromInputStream(url.openStream()), parser)
[error]    |                                                  ^^^^^^^^^^^^^^^^
[error]    |                                    Found:    java.io.InputStream | Null
[error]    |                                    Required: java.io.InputStream
[error]    |
[error]    | longer explanation available when compiling with `-explain`
[error] -- [E007] Type Mismatch Error: /Users/y3536zha/Desktop/scala_explicit/scala_flexible_type_with_test_script/community-build/community-projects/scala-xml/shared/src/main/scala/scala/xml/factory/XMLLoader.scala:102:82 
[error] 102 |  def loadNodes(url: URL): Seq[Node] = loadXMLNodes(fromInputStream(url.openStream()), parser)
[error]     |                                                                    ^^^^^^^^^^^^^^^^
[error]     |                                  Found:    java.io.InputStream | Null
[error]     |                                  Required: java.io.InputStream
[error]     |
[error]     | longer explanation available when compiling with `-explain`
[error] -- [E007] Type Mismatch Error: /Users/y3536zha/Desktop/scala_explicit/scala_flexible_type_with_test_script/community-build/community-projects/scala-xml/shared/src/main/scala/scala/xml/include/CircularIncludeException.scala:27:20 
[error] 27 |  def this() = this(null)
[error]    |                    ^^^^
[error]    |Found:    Null
[error]    |Required: String
[error]    |Note that implicit conversions were not tried because the result of an implicit conversion
[error]    |must be more specific than String
[error]    |
[error]    | longer explanation available when compiling with `-explain`
[error] -- [E007] Type Mismatch Error: /Users/y3536zha/Desktop/scala_explicit/scala_flexible_type_with_test_script/community-build/community-projects/scala-xml/shared/src/main/scala/scala/xml/include/UnavailableResourceException.scala:23:20 
[error] 23 |  def this() = this(null)
[error]    |                    ^^^^
[error]    |Found:    Null
[error]    |Required: String
[error]    |Note that implicit conversions were not tried because the result of an implicit conversion
[error]    |must be more specific than String
[error]    |
[error]    | longer explanation available when compiling with `-explain`
[error] -- [E007] Type Mismatch Error: /Users/y3536zha/Desktop/scala_explicit/scala_flexible_type_with_test_script/community-build/community-projects/scala-xml/shared/src/main/scala/scala/xml/include/XIncludeException.scala:33:20 
[error] 33 |  def this() = this(null)
[error]    |                    ^^^^
[error]    |Found:    Null
[error]    |Required: String
[error]    |Note that implicit conversions were not tried because the result of an implicit conversion
[error]    |must be more specific than String
[error]    |
[error]    | longer explanation available when compiling with `-explain`
[error] -- [E007] Type Mismatch Error: /Users/y3536zha/Desktop/scala_explicit/scala_flexible_type_with_test_script/community-build/community-projects/scala-xml/shared/src/main/scala/scala/xml/include/XIncludeException.scala:35:37 
[error] 35 |  private var rootCause: Throwable = null
[error]    |                                     ^^^^
[error]    |Found:    Null
[error]    |Required: Throwable
[error]    |Note that implicit conversions were not tried because the result of an implicit conversion
[error]    |must be more specific than Throwable
[error]    |
[error]    | longer explanation available when compiling with `-explain`
[error] -- [E007] Type Mismatch Error: /Users/y3536zha/Desktop/scala_explicit/scala_flexible_type_with_test_script/community-build/community-projects/scala-xml/shared/src/main/scala/scala/xml/include/sax/EncodingHeuristics.scala:52:22 
[error] 52 |    var ret: String = null
[error]    |                      ^^^^
[error]    |Found:    Null
[error]    |Required: String
[error]    |Note that implicit conversions were not tried because the result of an implicit conversion
[error]    |must be more specific than String
[error]    |
[error]    | longer explanation available when compiling with `-explain`
[error] -- [E007] Type Mismatch Error: /Users/y3536zha/Desktop/scala_explicit/scala_flexible_type_with_test_script/community-build/community-projects/scala-xml/shared/src/main/scala/scala/xml/include/sax/EncodingHeuristics.scala:70:39 
[error] 70 |      case _                        => null
[error]    |                                       ^^^^
[error]    |Found:    Null
[error]    |Required: String
[error]    |Note that implicit conversions were not tried because the result of an implicit conversion
[error]    |must be more specific than String
[error]    |
[error]    | longer explanation available when compiling with `-explain`
[error] -- [E172] Type Error: /Users/y3536zha/Desktop/scala_explicit/scala_flexible_type_with_test_script/community-build/community-projects/scala-xml/shared/src/main/scala/scala/xml/include/sax/EncodingHeuristics.scala:72:8 
[error] 72 |    if (ret != null)
[error]    |        ^^^^^^^^^^^
[error]    |        Values of types String and Null cannot be compared with == or !=
[error] -- [E007] Type Mismatch Error: /Users/y3536zha/Desktop/scala_explicit/scala_flexible_type_with_test_script/community-build/community-projects/scala-xml/shared/src/main/scala/scala/xml/include/sax/XIncludeFilter.scala:153:36 
[error] 153 |          includeTextDocument(href, encoding)
[error]     |                                    ^^^^^^^^
[error]     |                                  Found:    (encoding : String | Null)
[error]     |                                  Required: String
[error]     |
[error]     | longer explanation available when compiling with `-explain`
[error] -- [E172] Type Error: /Users/y3536zha/Desktop/scala_explicit/scala_flexible_type_with_test_script/community-build/community-projects/scala-xml/shared/src/main/scala/scala/xml/include/sax/XIncludeFilter.scala:234:8 
[error] 234 |    if (locator != null) {
[error]     |        ^^^^^^^^^^^^^^^
[error]     |Values of types org.xml.sax.Locator and Null cannot be compared with == or !=
[error] -- [E007] Type Mismatch Error: /Users/y3536zha/Desktop/scala_explicit/scala_flexible_type_with_test_script/community-build/community-projects/scala-xml/shared/src/main/scala/scala/xml/include/sax/XIncludeFilter.scala:235:36 
[error] 235 |      publicID = locator.getPublicId()
[error]     |                 ^^^^^^^^^^^^^^^^^^^^^
[error]     |                 Found:    String | Null
[error]     |                 Required: String
[error]     |
[error]     | longer explanation available when compiling with `-explain`
[error] -- [E007] Type Mismatch Error: /Users/y3536zha/Desktop/scala_explicit/scala_flexible_type_with_test_script/community-build/community-projects/scala-xml/shared/src/main/scala/scala/xml/include/sax/XIncludeFilter.scala:236:36 
[error] 236 |      systemID = locator.getSystemId()
[error]     |                 ^^^^^^^^^^^^^^^^^^^^^
[error]     |                 Found:    String | Null
[error]     |                 Required: String
[error]     |
[error]     | longer explanation available when compiling with `-explain`
[error] -- [E172] Type Error: /Users/y3536zha/Desktop/scala_explicit/scala_flexible_type_with_test_script/community-build/community-projects/scala-xml/shared/src/main/scala/scala/xml/include/sax/XIncludeFilter.scala:261:8 
[error] 261 |    if (encoding == null || encoding.trim().equals("")) encoding = "UTF-8"
[error]     |        ^^^^^^^^^^^^^^^^
[error]     |      Values of types String and Null cannot be compared with == or !=
[error] -- [E007] Type Mismatch Error: /Users/y3536zha/Desktop/scala_explicit/scala_flexible_type_with_test_script/community-build/community-projects/scala-xml/shared/src/main/scala/scala/xml/include/sax/XIncludeFilter.scala:262:22 
[error] 262 |    var source: URL = null
[error]     |                      ^^^^
[error]     |Found:    Null
[error]     |Required: java.net.URL
[error]     |Note that implicit conversions were not tried because the result of an implicit conversion
[error]     |must be more specific than java.net.URL
[error]     |
[error]     | longer explanation available when compiling with `-explain`
[error] -- [E008] Not Found Error: /Users/y3536zha/Desktop/scala_explicit/scala_flexible_type_with_test_script/community-build/community-projects/scala-xml/shared/src/main/scala/scala/xml/include/sax/XIncludeFilter.scala:276:42 
[error] 276 |      val in = new BufferedInputStream(uc.getInputStream())
[error]     |                                       ^^^^^^^^^^^^^^^^^
[error]     |value getInputStream is not a member of java.net.URLConnection | Null.
[error]     |Since explicit-nulls is enabled, the selection is rejected because
[error]     |java.net.URLConnection | Null could be null at runtime.
[error]     |If you want to select getInputStream without checking for a null value,
[error]     |insert a .nn before .getInputStream or import scala.language.unsafeNulls.
[error] -- [E008] Not Found Error: /Users/y3536zha/Desktop/scala_explicit/scala_flexible_type_with_test_script/community-build/community-projects/scala-xml/shared/src/main/scala/scala/xml/include/sax/XIncludeFilter.scala:277:34 
[error] 277 |      val encodingFromHeader = uc.getContentEncoding()
[error]     |                               ^^^^^^^^^^^^^^^^^^^^^
[error]     |value getContentEncoding is not a member of java.net.URLConnection | Null.
[error]     |Since explicit-nulls is enabled, the selection is rejected because
[error]     |java.net.URLConnection | Null could be null at runtime.
[error]     |If you want to select getContentEncoding without checking for a null value,
[error]     |insert a .nn before .getContentEncoding or import scala.language.unsafeNulls.
[error] -- [E008] Not Found Error: /Users/y3536zha/Desktop/scala_explicit/scala_flexible_type_with_test_script/community-build/community-projects/scala-xml/shared/src/main/scala/scala/xml/include/sax/XIncludeFilter.scala:278:27 
[error] 278 |      var contentType = uc.getContentType()
[error]     |                        ^^^^^^^^^^^^^^^^^
[error]     |value getContentType is not a member of java.net.URLConnection | Null.
[error]     |Since explicit-nulls is enabled, the selection is rejected because
[error]     |java.net.URLConnection | Null could be null at runtime.
[error]     |If you want to select getContentType without checking for a null value,
[error]     |insert a .nn before .getContentType or import scala.language.unsafeNulls.
[error] -- [E008] Not Found Error: /Users/y3536zha/Desktop/scala_explicit/scala_flexible_type_with_test_script/community-build/community-projects/scala-xml/shared/src/main/scala/scala/xml/include/sax/XIncludeFilter.scala:341:62 
[error] 341 |            catch { case _: SAXException => return System.err.println("Could not find an XML parser") }
[error]     |                                                   ^^^^^^^^^^^^^^^^^^
[error]     |    value println is not a member of java.io.PrintStream | Null.
[error]     |    Since explicit-nulls is enabled, the selection is rejected because
[error]     |    java.io.PrintStream | Null could be null at runtime.
[error]     |    If you want to select println without checking for a null value,
[error]     |    insert a .nn before .println or import scala.language.unsafeNulls.
[error] -- [E007] Type Mismatch Error: /Users/y3536zha/Desktop/scala_explicit/scala_flexible_type_with_test_script/community-build/community-projects/scala-xml/shared/src/main/scala/scala/xml/include/sax/XIncludeFilter.scala:340:48 
[error] 340 |            try XMLReaderFactory.createXMLReader(XercesClassName)
[error]     |                ^^^^^^^^^^^^^^^^^^^^^^^^^^^^^^^^^^^^^^^^^^^^^^^^^
[error]     |                Found:    org.xml.sax.XMLReader | Null
[error]     |                Required: org.xml.sax.XMLReader
[error]     |
[error]     | longer explanation available when compiling with `-explain`
[error] -- [E007] Type Mismatch Error: /Users/y3536zha/Desktop/scala_explicit/scala_flexible_type_with_test_script/community-build/community-projects/scala-xml/shared/src/main/scala/scala/xml/include/sax/XIncludeFilter.scala:337:44 
[error] 337 |        try XMLReaderFactory.createXMLReader()
[error]     |            ^^^^^^^^^^^^^^^^^^^^^^^^^^^^^^^^^^
[error]     |            Found:    org.xml.sax.XMLReader | Null
[error]     |            Required: org.xml.sax.XMLReader
[error]     |
[error]     | longer explanation available when compiling with `-explain`
[error] -- [E007] Type Mismatch Error: /Users/y3536zha/Desktop/scala_explicit/scala_flexible_type_with_test_script/community-build/community-projects/scala-xml/shared/src/main/scala/scala/xml/include/sax/XIncluder.scala:66:43 
[error] 66 |        out.write(scala.xml.Utility.escape(value))
[error]    |                                           ^^^^^
[error]    |                                       Found:    (value : String | Null)
[error]    |                                       Required: String
[error]    |
[error]    | longer explanation available when compiling with `-explain`
[error] -- [E172] Type Error: /Users/y3536zha/Desktop/scala_explicit/scala_flexible_type_with_test_script/community-build/community-projects/scala-xml/shared/src/main/scala/scala/xml/include/sax/XIncluder.scala:139:10 
[error] 139 |      if (publicID != null) id = " PUBLIC \"" + publicID + "\" \"" + systemID + '"'
[error]     |          ^^^^^^^^^^^^^^^^
[error]     |      Values of types String and Null cannot be compared with == or !=
[error] -- [E172] Type Error: /Users/y3536zha/Desktop/scala_explicit/scala_flexible_type_with_test_script/community-build/community-projects/scala-xml/shared/src/main/scala/scala/xml/include/sax/XIncluder.scala:140:15 
[error] 140 |      else if (systemID != null) id = " SYSTEM \"" + systemID + '"'
[error]     |               ^^^^^^^^^^^^^^^^
[error]     |      Values of types String and Null cannot be compared with == or !=
[error] -- [E007] Type Mismatch Error: /Users/y3536zha/Desktop/scala_explicit/scala_flexible_type_with_test_script/community-build/community-projects/scala-xml/shared/src/main/scala/scala/xml/include/sax/XIncluder.scala:164:39 
[error] 164 |  private var filter: XIncludeFilter = null
[error]     |                                       ^^^^
[error]     |Found:    Null
[error]     |Required: scala.xml.include.sax.XIncludeFilter
[error]     |Note that implicit conversions were not tried because the result of an implicit conversion
[error]     |must be more specific than scala.xml.include.sax.XIncludeFilter
[error]     |
[error]     | longer explanation available when compiling with `-explain`
[error] -- [E007] Type Mismatch Error: /Users/y3536zha/Desktop/scala_explicit/scala_flexible_type_with_test_script/community-build/community-projects/scala-xml/shared/src/main/scala/scala/xml/parsing/FactoryAdapter.scala:168:18 
[error] 168 |    if (idx < 0) (null, s)
[error]     |                  ^^^^
[error]     |Found:    Null
[error]     |Required: String
[error]     |Note that implicit conversions were not tried because the result of an implicit conversion
[error]     |must be more specific than String
[error]     |
[error]     | longer explanation available when compiling with `-explain`
[error] -- [E007] Type Mismatch Error: /Users/y3536zha/Desktop/scala_explicit/scala_flexible_type_with_test_script/community-build/community-projects/scala-xml/shared/src/main/scala/scala/xml/parsing/FactoryAdapter.scala:195:15 
[error] 195 |      hStack = null :: hStack
[error]     |               ^^^^
[error]     |Found:    Null
[error]     |Required: scala.xml.Node
[error]     |Note that implicit conversions were not tried because the result of an implicit conversion
[error]     |must be more specific than scala.xml.Node
[error]     |
[error]     | longer explanation available when compiling with `-explain`
[error] -- [E007] Type Mismatch Error: /Users/y3536zha/Desktop/scala_explicit/scala_flexible_type_with_test_script/community-build/community-projects/scala-xml/shared/src/main/scala/scala/xml/parsing/FactoryAdapter.scala:204:35 
[error] 204 |        val (pre, key) = splitName(qname)
[error]     |                                   ^^^^^
[error]     |                                   Found:    (qname : String | Null)
[error]     |                                   Required: String
[error]     |
[error]     | longer explanation available when compiling with `-explain`
[error] 135 errors found
[error] (xml / Compile / compileIncremental) Compilation failed
[error] Total time: 14 s, completed Jun 22, 2023, 12:11:26 AM
[error] Test dotty.communitybuild.CommunityBuildTestC.libretto failed: java.lang.RuntimeException: Publish command exited with code 1 for project scala-xml. Project details:
[error] SbtCommunityProject(scala-xml,xml/test,List(),List(),dotty.communitybuild.SbtCommunityProject$$$Lambda$50/1659548756@6dc2ce7d,xml/publishLocal,xml/doc,List(-Xcheck-macros, -Ysafe-init, -Yexplicit-nulls),false), took 28.671 sec
[error]     at dotty.communitybuild.CommunityProject.publish(projects.scala:64)
[error]     at dotty.communitybuild.CommunityProject.publish$(projects.scala:35)
[error]     at dotty.communitybuild.SbtCommunityProject.publish(projects.scala:104)
[error]     at dotty.communitybuild.CommunityProject.publishDependencies$$anonfun$1(projects.scala:52)
[error]     at scala.runtime.function.JProcedure1.apply(JProcedure1.java:15)
[error]     at scala.runtime.function.JProcedure1.apply(JProcedure1.java:10)
[error]     at scala.collection.immutable.List.foreach(List.scala:333)
[error]     at dotty.communitybuild.CommunityProject.publishDependencies(projects.scala:52)
[error]     at dotty.communitybuild.CommunityProject.publishDependencies$(projects.scala:35)
[error]     at dotty.communitybuild.SbtCommunityProject.publishDependencies(projects.scala:104)
[error]     at dotty.communitybuild.CommunityProject.publish(projects.scala:58)
[error]     at dotty.communitybuild.CommunityProject.publish$(projects.scala:35)
[error]     at dotty.communitybuild.SbtCommunityProject.publish(projects.scala:104)
[error]     at dotty.communitybuild.CommunityBuildRunner$.run$$anonfun$1(CommunityBuildRunner.scala:24)
[error]     at scala.runtime.function.JProcedure1.apply(JProcedure1.java:15)
[error]     at scala.runtime.function.JProcedure1.apply(JProcedure1.java:10)
[error]     at scala.collection.immutable.List.foreach(List.scala:333)
[error]     at dotty.communitybuild.CommunityBuildRunner$.run(CommunityBuildRunner.scala:24)
[error]     at dotty.communitybuild.CommunityBuildTestC.libretto(CommunityBuildTest.scala:73)
[error]     at jdk.internal.reflect.NativeMethodAccessorImpl.invoke0(Native Method)
[error]     at jdk.internal.reflect.NativeMethodAccessorImpl.invoke(Unknown Source)
[error]     at jdk.internal.reflect.DelegatingMethodAccessorImpl.invoke(Unknown Source)
[error]     at java.lang.reflect.Method.invoke(Unknown Source)
[error]     ...
[info] Test run dotty.communitybuild.CommunityBuildTestC finished: 1 failed, 0 ignored, 1 total, 28.678s
********************************************************************************
Failed projects:
 - dotty.communitybuild.CommunityBuildTestC.libretto
********************************************************************************
[info] Test run dotty.communitybuild.CommunityBuildTestB started
[info] Test run dotty.communitybuild.CommunityBuildTestB finished: 0 failed, 0 ignored, 0 total, 0.0s
[error] Failed: Total 1, Failed 1, Errors 0, Passed 0
[error] Failed tests:
[error] 	dotty.communitybuild.CommunityBuildTestC
[error] (community-build / Test / testOnly) sbt.TestsFailedException: Tests unsuccessful
[error] Total time: 58 s, completed Jun 22, 2023, 12:11:27 AM
