[info] welcome to sbt 1.8.0 (Oracle Corporation Java 9.0.4)
[info] loading global plugins from /Users/y3536zha/.sbt/1.0/plugins
[info] loading settings for project scala_flexible_type_with_test_script-build-build from build.sbt ...
[info] loading project definition from /Users/y3536zha/Desktop/scala_explicit/scala_flexible_type_with_test_script/project/project
[info] loading settings for project scala_flexible_type_with_test_script-build from build.sbt,plugins.sbt ...
[info] loading project definition from /Users/y3536zha/Desktop/scala_explicit/scala_flexible_type_with_test_script/project
[info] loading settings for project scala3 from build.sbt ...
[info] resolving key references (31394 settings) ...
[info] set current project to scala3 (in build file:/Users/y3536zha/Desktop/scala_explicit/scala_flexible_type_with_test_script/)
SLF4J: No SLF4J providers were found.
SLF4J: Defaulting to no-operation (NOP) logger implementation
SLF4J: See https://www.slf4j.org/codes.html#noProviders for further details.
SLF4J: Class path contains SLF4J bindings targeting slf4j-api versions 1.7.x or earlier.
SLF4J: Ignoring binding found at [jar:file:/Users/y3536zha/.sbt/boot/scala-2.12.17/org.scala-sbt/sbt/1.8.0/log4j-slf4j-impl-2.17.1.jar!/org/slf4j/impl/StaticLoggerBinder.class]
SLF4J: See https://www.slf4j.org/codes.html#ignoredBindings for an explanation.
[info] Wrote /Users/y3536zha/Desktop/scala_explicit/scala_flexible_type_with_test_script/tasty/../out/bootstrap/tasty-core-bootstrapped/scala-3.3.1-RC1-bin-SNAPSHOT-nonbootstrapped/tasty-core_3-3.3.1-RC1-bin-SNAPSHOT.pom
[info] Wrote /Users/y3536zha/Desktop/scala_explicit/scala_flexible_type_with_test_script/sbt-community-build/target/scala-2.12/sbt-1.0/sbt-community-build-0.1.0-SNAPSHOT.pom
[info] Wrote /Users/y3536zha/Desktop/scala_explicit/scala_flexible_type_with_test_script/compiler/../out/bootstrap/scala3-compiler-bootstrapped/scala-3.3.1-RC1-bin-SNAPSHOT-nonbootstrapped/scala3-compiler_3-3.3.1-RC1-bin-SNAPSHOT.pom
[info] Wrote /Users/y3536zha/Desktop/scala_explicit/scala_flexible_type_with_test_script/sbt-bridge/src/target/scala3-sbt-bridge-3.3.1-RC1-bin-SNAPSHOT.pom
[info] Wrote /Users/y3536zha/Desktop/scala_explicit/scala_flexible_type_with_test_script/library-js/../out/bootstrap/scala3-library-bootstrappedJS/scala-3.3.1-RC1-bin-SNAPSHOT-nonbootstrapped/scala3-library_sjs1_3-3.3.1-RC1-bin-SNAPSHOT.pom
[info] Wrote /Users/y3536zha/Desktop/scala_explicit/scala_flexible_type_with_test_script/interfaces/target/scala3-interfaces-3.3.1-RC1-bin-SNAPSHOT.pom
[info] Wrote /Users/y3536zha/Desktop/scala_explicit/scala_flexible_type_with_test_script/library/../out/bootstrap/scala3-library-bootstrapped/scala-3.3.1-RC1-bin-SNAPSHOT-nonbootstrapped/scala3-library_3-3.3.1-RC1-bin-SNAPSHOT.pom
[info] Wrote /Users/y3536zha/Desktop/scala_explicit/scala_flexible_type_with_test_script/tasty-inspector/../out/bootstrap/scala3-tasty-inspector/scala-3.3.1-RC1-bin-SNAPSHOT-nonbootstrapped/scala3-tasty-inspector_3-3.3.1-RC1-bin-SNAPSHOT.pom
[info] Wrote /Users/y3536zha/Desktop/scala_explicit/scala_flexible_type_with_test_script/scaladoc/../out/bootstrap/scaladoc/scala-3.3.1-RC1-bin-SNAPSHOT-nonbootstrapped/scaladoc_3-3.3.1-RC1-bin-SNAPSHOT.pom
[info] :: delivering :: ch.epfl.lamp#sbt-community-build;0.1.0-SNAPSHOT :: 0.1.0-SNAPSHOT :: integration :: Thu Jun 22 00:25:34 EDT 2023
[info] 	delivering ivy file to /Users/y3536zha/Desktop/scala_explicit/scala_flexible_type_with_test_script/sbt-community-build/target/scala-2.12/sbt-1.0/ivy-0.1.0-SNAPSHOT.xml
[info] 	published sbt-community-build to /Users/y3536zha/.ivy2/local/ch.epfl.lamp/sbt-community-build/scala_2.12/sbt_1.0/0.1.0-SNAPSHOT/poms/sbt-community-build.pom
[info] 	published sbt-community-build to /Users/y3536zha/.ivy2/local/ch.epfl.lamp/sbt-community-build/scala_2.12/sbt_1.0/0.1.0-SNAPSHOT/jars/sbt-community-build.jar
[info] 	published sbt-community-build to /Users/y3536zha/.ivy2/local/ch.epfl.lamp/sbt-community-build/scala_2.12/sbt_1.0/0.1.0-SNAPSHOT/srcs/sbt-community-build-sources.jar
[info] 	published sbt-community-build to /Users/y3536zha/.ivy2/local/ch.epfl.lamp/sbt-community-build/scala_2.12/sbt_1.0/0.1.0-SNAPSHOT/docs/sbt-community-build-javadoc.jar
[info] 	published ivy to /Users/y3536zha/.ivy2/local/ch.epfl.lamp/sbt-community-build/scala_2.12/sbt_1.0/0.1.0-SNAPSHOT/ivys/ivy.xml
[info] :: delivering :: org.scala-lang#scala3-interfaces;3.3.1-RC1-bin-SNAPSHOT :: 3.3.1-RC1-bin-SNAPSHOT :: integration :: Thu Jun 22 00:25:34 EDT 2023
[info] 	delivering ivy file to /Users/y3536zha/Desktop/scala_explicit/scala_flexible_type_with_test_script/interfaces/target/ivy-3.3.1-RC1-bin-SNAPSHOT.xml
[info] 	published scala3-interfaces to /Users/y3536zha/.ivy2/local/org.scala-lang/scala3-interfaces/3.3.1-RC1-bin-SNAPSHOT/poms/scala3-interfaces.pom
[info] 	published scala3-interfaces to /Users/y3536zha/.ivy2/local/org.scala-lang/scala3-interfaces/3.3.1-RC1-bin-SNAPSHOT/jars/scala3-interfaces.jar
[info] 	published scala3-interfaces to /Users/y3536zha/.ivy2/local/org.scala-lang/scala3-interfaces/3.3.1-RC1-bin-SNAPSHOT/srcs/scala3-interfaces-sources.jar
[info] 	published scala3-interfaces to /Users/y3536zha/.ivy2/local/org.scala-lang/scala3-interfaces/3.3.1-RC1-bin-SNAPSHOT/docs/scala3-interfaces-javadoc.jar
[info] 	published ivy to /Users/y3536zha/.ivy2/local/org.scala-lang/scala3-interfaces/3.3.1-RC1-bin-SNAPSHOT/ivys/ivy.xml
[info] :: delivering :: org.scala-lang#scala3-sbt-bridge;3.3.1-RC1-bin-SNAPSHOT :: 3.3.1-RC1-bin-SNAPSHOT :: integration :: Thu Jun 22 00:25:36 EDT 2023
[info] 	delivering ivy file to /Users/y3536zha/Desktop/scala_explicit/scala_flexible_type_with_test_script/sbt-bridge/src/target/ivy-3.3.1-RC1-bin-SNAPSHOT.xml
[info] 	published scala3-sbt-bridge to /Users/y3536zha/.ivy2/local/org.scala-lang/scala3-sbt-bridge/3.3.1-RC1-bin-SNAPSHOT/poms/scala3-sbt-bridge.pom
[info] 	published scala3-sbt-bridge to /Users/y3536zha/.ivy2/local/org.scala-lang/scala3-sbt-bridge/3.3.1-RC1-bin-SNAPSHOT/jars/scala3-sbt-bridge.jar
[info] 	published scala3-sbt-bridge to /Users/y3536zha/.ivy2/local/org.scala-lang/scala3-sbt-bridge/3.3.1-RC1-bin-SNAPSHOT/srcs/scala3-sbt-bridge-sources.jar
[info] 	published scala3-sbt-bridge to /Users/y3536zha/.ivy2/local/org.scala-lang/scala3-sbt-bridge/3.3.1-RC1-bin-SNAPSHOT/docs/scala3-sbt-bridge-javadoc.jar
[info] 	published ivy to /Users/y3536zha/.ivy2/local/org.scala-lang/scala3-sbt-bridge/3.3.1-RC1-bin-SNAPSHOT/ivys/ivy.xml
[info] :: delivering :: org.scala-lang#tasty-core_3;3.3.1-RC1-bin-SNAPSHOT :: 3.3.1-RC1-bin-SNAPSHOT :: integration :: Thu Jun 22 00:25:39 EDT 2023
[info] 	delivering ivy file to /Users/y3536zha/Desktop/scala_explicit/scala_flexible_type_with_test_script/out/bootstrap/tasty-core-bootstrapped/scala-3.3.1-RC1-bin-SNAPSHOT-nonbootstrapped/ivy-3.3.1-RC1-bin-SNAPSHOT.xml
[info] 	published tasty-core_3 to /Users/y3536zha/.ivy2/local/org.scala-lang/tasty-core_3/3.3.1-RC1-bin-SNAPSHOT/poms/tasty-core_3.pom
[info] 	published tasty-core_3 to /Users/y3536zha/.ivy2/local/org.scala-lang/tasty-core_3/3.3.1-RC1-bin-SNAPSHOT/jars/tasty-core_3.jar
[info] 	published tasty-core_3 to /Users/y3536zha/.ivy2/local/org.scala-lang/tasty-core_3/3.3.1-RC1-bin-SNAPSHOT/srcs/tasty-core_3-sources.jar
[info] 	published tasty-core_3 to /Users/y3536zha/.ivy2/local/org.scala-lang/tasty-core_3/3.3.1-RC1-bin-SNAPSHOT/docs/tasty-core_3-javadoc.jar
[info] 	published ivy to /Users/y3536zha/.ivy2/local/org.scala-lang/tasty-core_3/3.3.1-RC1-bin-SNAPSHOT/ivys/ivy.xml
[info] Main Scala API documentation to /Users/y3536zha/Desktop/scala_explicit/scala_flexible_type_with_test_script/library-js/../out/bootstrap/scala3-library-bootstrappedJS/scala-3.3.1-RC1-bin-SNAPSHOT-nonbootstrapped/api...
[info] Main Scala API documentation to /Users/y3536zha/Desktop/scala_explicit/scala_flexible_type_with_test_script/library/../out/bootstrap/scala3-library-bootstrapped/scala-3.3.1-RC1-bin-SNAPSHOT-nonbootstrapped/api...
[info] :: delivering :: org.scala-lang#scala3-tasty-inspector_3;3.3.1-RC1-bin-SNAPSHOT :: 3.3.1-RC1-bin-SNAPSHOT :: integration :: Thu Jun 22 00:25:40 EDT 2023
[info] 	delivering ivy file to /Users/y3536zha/Desktop/scala_explicit/scala_flexible_type_with_test_script/out/bootstrap/scala3-tasty-inspector/scala-3.3.1-RC1-bin-SNAPSHOT-nonbootstrapped/ivy-3.3.1-RC1-bin-SNAPSHOT.xml
[info] 	published scala3-tasty-inspector_3 to /Users/y3536zha/.ivy2/local/org.scala-lang/scala3-tasty-inspector_3/3.3.1-RC1-bin-SNAPSHOT/poms/scala3-tasty-inspector_3.pom
[info] 	published scala3-tasty-inspector_3 to /Users/y3536zha/.ivy2/local/org.scala-lang/scala3-tasty-inspector_3/3.3.1-RC1-bin-SNAPSHOT/jars/scala3-tasty-inspector_3.jar
[info] 	published scala3-tasty-inspector_3 to /Users/y3536zha/.ivy2/local/org.scala-lang/scala3-tasty-inspector_3/3.3.1-RC1-bin-SNAPSHOT/srcs/scala3-tasty-inspector_3-sources.jar
[info] 	published scala3-tasty-inspector_3 to /Users/y3536zha/.ivy2/local/org.scala-lang/scala3-tasty-inspector_3/3.3.1-RC1-bin-SNAPSHOT/docs/scala3-tasty-inspector_3-javadoc.jar
[info] 	published ivy to /Users/y3536zha/.ivy2/local/org.scala-lang/scala3-tasty-inspector_3/3.3.1-RC1-bin-SNAPSHOT/ivys/ivy.xml
[info] :: delivering :: org.scala-lang#scaladoc_3;3.3.1-RC1-bin-SNAPSHOT :: 3.3.1-RC1-bin-SNAPSHOT :: integration :: Thu Jun 22 00:25:40 EDT 2023
[info] 	delivering ivy file to /Users/y3536zha/Desktop/scala_explicit/scala_flexible_type_with_test_script/out/bootstrap/scaladoc/scala-3.3.1-RC1-bin-SNAPSHOT-nonbootstrapped/ivy-3.3.1-RC1-bin-SNAPSHOT.xml
[info] 	published scaladoc_3 to /Users/y3536zha/.ivy2/local/org.scala-lang/scaladoc_3/3.3.1-RC1-bin-SNAPSHOT/poms/scaladoc_3.pom
[info] 	published scaladoc_3 to /Users/y3536zha/.ivy2/local/org.scala-lang/scaladoc_3/3.3.1-RC1-bin-SNAPSHOT/jars/scaladoc_3.jar
[info] 	published scaladoc_3 to /Users/y3536zha/.ivy2/local/org.scala-lang/scaladoc_3/3.3.1-RC1-bin-SNAPSHOT/srcs/scaladoc_3-sources.jar
[info] 	published scaladoc_3 to /Users/y3536zha/.ivy2/local/org.scala-lang/scaladoc_3/3.3.1-RC1-bin-SNAPSHOT/docs/scaladoc_3-javadoc.jar
[info] 	published ivy to /Users/y3536zha/.ivy2/local/org.scala-lang/scaladoc_3/3.3.1-RC1-bin-SNAPSHOT/ivys/ivy.xml
[warn] bad option '-project-version 3.3.1-RC1-bin-SNAPSHOT' was ignored
[warn] Setting -skip-by-regex set to .+\.internal($|\..+) redundantly
[warn] Setting -skip-by-regex set to .+\.internal($|\..+) redundantly
[warn] Setting -skip-by-regex set to .+\.impl($|\..+) redundantly
[warn] Setting -skip-by-regex set to .+\.impl($|\..+) redundantly
[warn] Flag -project-logo set repeatedly
[warn] Setting -skip-by-id set to scala.runtime.stdLibPatches redundantly
[warn] Setting -social-links set to github::https://github.com/lampepfl/dotty redundantly
[warn] Setting -skip-by-id set to scala.runtime.MatchCase redundantly
[warn] Setting -social-links set to discord::https://discord.com/invite/scala redundantly
[warn] bad option '-project-logo docs/_assets/images/logo.svg' was ignored
[warn] Setting -social-links set to twitter::https://twitter.com/scala_lang redundantly
[warn] Setting -social-links set to github::https://github.com/lampepfl/dotty redundantly
[warn] Setting -skip-by-id set to scala.runtime.stdLibPatches redundantly
[warn] Setting -social-links set to discord::https://discord.com/invite/scala redundantly
[warn] Setting -skip-by-id set to scala.runtime.MatchCase redundantly
[warn] Setting -social-links set to twitter::https://twitter.com/scala_lang redundantly
[warn] Flag -project-footer set repeatedly
[warn] bad option '-project-footer "Copyright (c) 2002-2023, LAMP/EPFL"' was ignored
[warn] Flag -author set repeatedly
[warn] bad option '-default-template static-site-main' was ignored
[warn] Flag -groups set repeatedly
[warn] Flag -author set repeatedly
[warn] Flag -default-template set repeatedly
[warn] Flag -groups set repeatedly
[warn] Setting -external-mappings set to .*scala/.*::scaladoc3::https://dotty.epfl.ch/api/ redundantly
[warn] Setting -external-mappings set to .*java/.*::javadoc::https://docs.oracle.com/javase/8/docs/api/ redundantly
[warn] bad option '-project-version 3.3.1-RC1-bin-SNAPSHOT' was ignored
[warn] Setting -skip-by-regex set to .+\.internal($|\..+) redundantly
[warn] Setting -skip-by-regex set to .+\.impl($|\..+) redundantly
[warn] Setting -skip-by-id set to scala.runtime.stdLibPatches redundantly
[warn] Setting -skip-by-id set to scala.runtime.MatchCase redundantly
[warn] bad option '-project-logo docs/_assets/images/logo.svg' was ignored
[warn] Setting -social-links set to github::https://github.com/lampepfl/dotty redundantly
[warn] Setting -social-links set to discord::https://discord.com/invite/scala redundantly
[warn] Setting -social-links set to twitter::https://twitter.com/scala_lang redundantly
[warn] bad option '-project-footer "Copyright (c) 2002-2023, LAMP/EPFL"' was ignored
[warn] bad option '-default-template static-site-main' was ignored
[warn] Flag -author set repeatedly
[warn] Flag -groups set repeatedly
[info] Skipping unused scalacOptions: -Werror, -Yno-experimental, -Yexplicit-nulls
[info] Skipping unused scalacOptions: -Werror, -Yno-experimental, -Yexplicit-nulls
[info] :: delivering :: org.scala-lang#scala3-compiler_3;3.3.1-RC1-bin-SNAPSHOT :: 3.3.1-RC1-bin-SNAPSHOT :: integration :: Thu Jun 22 00:25:42 EDT 2023
[info] 	delivering ivy file to /Users/y3536zha/Desktop/scala_explicit/scala_flexible_type_with_test_script/out/bootstrap/scala3-compiler-bootstrapped/scala-3.3.1-RC1-bin-SNAPSHOT-nonbootstrapped/ivy-3.3.1-RC1-bin-SNAPSHOT.xml
[info] 	published scala3-compiler_3 to /Users/y3536zha/.ivy2/local/org.scala-lang/scala3-compiler_3/3.3.1-RC1-bin-SNAPSHOT/poms/scala3-compiler_3.pom
[info] 	published scala3-compiler_3 to /Users/y3536zha/.ivy2/local/org.scala-lang/scala3-compiler_3/3.3.1-RC1-bin-SNAPSHOT/jars/scala3-compiler_3.jar
[info] 	published scala3-compiler_3 to /Users/y3536zha/.ivy2/local/org.scala-lang/scala3-compiler_3/3.3.1-RC1-bin-SNAPSHOT/srcs/scala3-compiler_3-sources.jar
[info] 	published scala3-compiler_3 to /Users/y3536zha/.ivy2/local/org.scala-lang/scala3-compiler_3/3.3.1-RC1-bin-SNAPSHOT/docs/scala3-compiler_3-javadoc.jar
[info] 	published ivy to /Users/y3536zha/.ivy2/local/org.scala-lang/scala3-compiler_3/3.3.1-RC1-bin-SNAPSHOT/ivys/ivy.xml
[warn] -- Warning: library/src/scala/util/FromDigits.scala:21:6 -----------------------
[warn] -- Warning: library/src/scala/util/FromDigits.scala:21:6 -----------------------
[warn] 21 |  def fromDigits(digits: String): T
[warn] 21 |  def fromDigits(digits: String): T
[warn]    |      ^
[warn]    |      ^
[warn]    |      No DRI found for query: MalformedNumber
[warn]    |      No DRI found for query: MalformedNumber
[error] -- [E069] Naming Error: /Users/y3536zha/Desktop/scala_explicit/scala_flexible_type_with_test_script/library/src/scala/IArray.scala:13:7 
[error] -- [E069] Naming Error: /Users/y3536zha/Desktop/scala_explicit/scala_flexible_type_with_test_script/library/src/scala/IArray.scala:13:7 
[error] 13 |object IArray:
[error] 13 |object IArray:
[error]    |       ^
[error]    |       ^
[error]    |object IArray cannot have the same name as object IArray in package scala -- cannot define object member with the same name as a object member in self reference _.
[error]    |object IArray cannot have the same name as object IArray in package scala -- cannot define object member with the same name as a object member in self reference _.
[error]    |(Note: this can be resolved by using another name)
[error]    |(Note: this can be resolved by using another name)
[warn] 14 warnings found
[warn] 28 warnings found
[error] one error found
[error] one error found
[info] :: delivering :: org.scala-lang#scala3-library_3;3.3.1-RC1-bin-SNAPSHOT :: 3.3.1-RC1-bin-SNAPSHOT :: integration :: Thu Jun 22 00:25:59 EDT 2023
[info] 	delivering ivy file to /Users/y3536zha/Desktop/scala_explicit/scala_flexible_type_with_test_script/out/bootstrap/scala3-library-bootstrapped/scala-3.3.1-RC1-bin-SNAPSHOT-nonbootstrapped/ivy-3.3.1-RC1-bin-SNAPSHOT.xml
[info] :: delivering :: org.scala-lang#scala3-library_sjs1_3;3.3.1-RC1-bin-SNAPSHOT :: 3.3.1-RC1-bin-SNAPSHOT :: integration :: Thu Jun 22 00:25:59 EDT 2023
[info] 	delivering ivy file to /Users/y3536zha/Desktop/scala_explicit/scala_flexible_type_with_test_script/out/bootstrap/scala3-library-bootstrappedJS/scala-3.3.1-RC1-bin-SNAPSHOT-nonbootstrapped/ivy-3.3.1-RC1-bin-SNAPSHOT.xml
[info] 	published scala3-library_3 to /Users/y3536zha/.ivy2/local/org.scala-lang/scala3-library_3/3.3.1-RC1-bin-SNAPSHOT/poms/scala3-library_3.pom
[info] 	published scala3-library_3 to /Users/y3536zha/.ivy2/local/org.scala-lang/scala3-library_3/3.3.1-RC1-bin-SNAPSHOT/jars/scala3-library_3.jar
[info] 	published scala3-library_3 to /Users/y3536zha/.ivy2/local/org.scala-lang/scala3-library_3/3.3.1-RC1-bin-SNAPSHOT/srcs/scala3-library_3-sources.jar
[info] 	published scala3-library_3 to /Users/y3536zha/.ivy2/local/org.scala-lang/scala3-library_3/3.3.1-RC1-bin-SNAPSHOT/docs/scala3-library_3-javadoc.jar
[info] 	published ivy to /Users/y3536zha/.ivy2/local/org.scala-lang/scala3-library_3/3.3.1-RC1-bin-SNAPSHOT/ivys/ivy.xml
[info] 	published scala3-library_sjs1_3 to /Users/y3536zha/.ivy2/local/org.scala-lang/scala3-library_sjs1_3/3.3.1-RC1-bin-SNAPSHOT/poms/scala3-library_sjs1_3.pom
[info] 	published scala3-library_sjs1_3 to /Users/y3536zha/.ivy2/local/org.scala-lang/scala3-library_sjs1_3/3.3.1-RC1-bin-SNAPSHOT/jars/scala3-library_sjs1_3.jar
[info] 	published scala3-library_sjs1_3 to /Users/y3536zha/.ivy2/local/org.scala-lang/scala3-library_sjs1_3/3.3.1-RC1-bin-SNAPSHOT/srcs/scala3-library_sjs1_3-sources.jar
[info] 	published scala3-library_sjs1_3 to /Users/y3536zha/.ivy2/local/org.scala-lang/scala3-library_sjs1_3/3.3.1-RC1-bin-SNAPSHOT/docs/scala3-library_sjs1_3-javadoc.jar
[info] 	published ivy to /Users/y3536zha/.ivy2/local/org.scala-lang/scala3-library_sjs1_3/3.3.1-RC1-bin-SNAPSHOT/ivys/ivy.xml
[info] Test run dotty.communitybuild.CommunityBuildTestA started
[info] Test run dotty.communitybuild.CommunityBuildTestA finished: 0 failed, 0 ignored, 0 total, 0.0s
[info] Test run dotty.communitybuild.CommunityBuildTestC started
[info] Test dotty.communitybuild.CommunityBuildTestC.scalaJava8Compat started
[32m[STARTING scala-java8-compat][0m
[32m[DEPENDENCIES DONE, NOW ACTUALLY RUNNING scala-java8-compat][0m
[32mBuilding scala-java8-compat with dotty-bootstrapped 3.3.1-RC1-bin-SNAPSHOT...[0m
[32msbt -sbt-version 1.8.0 -Dsbt.supershell=false -Ddotty.communitybuild.dir=/Users/y3536zha/Desktop/scala_explicit/scala_flexible_type_with_test_script/community-build --addPluginSbtFile=/Users/y3536zha/Desktop/scala_explicit/scala_flexible_type_with_test_script/community-build/sbt-injected-plugins set Global/testOptions += Tests.Argument(TestFramework("munit.Framework"), "+l"); clean; set Global/logLevel := Level.Error; set Global/updateOptions ~= (_.withLatestSnapshots(false)); set Global/scalacOptions ++= List("-Xcheck-macros","-Ysafe-init","-Yexplicit-nulls");++3.3.1-RC1-bin-SNAPSHOT!; test[0m
[info] welcome to sbt 1.8.0 (Oracle Corporation Java 9.0.4)
[info] loading global plugins from /Users/y3536zha/.sbt/1.0/plugins
[info] loading settings for project scala-java8-compat-build from plugins.sbt,sbt-injected-plugins ...
[info] loading project definition from /Users/y3536zha/Desktop/scala_explicit/scala_flexible_type_with_test_script/community-build/community-projects/scala-java8-compat/project
[info] loading settings for project scalaJava8Compat from build.sbt ...
SLF4J: No SLF4J providers were found.
SLF4J: Defaulting to no-operation (NOP) logger implementation
SLF4J: See https://www.slf4j.org/codes.html#noProviders for further details.
SLF4J: Class path contains SLF4J bindings targeting slf4j-api versions 1.7.x or earlier.
SLF4J: Ignoring binding found at [jar:file:/Users/y3536zha/.sbt/boot/scala-2.12.17/org.scala-sbt/sbt/1.8.0/log4j-slf4j-impl-2.17.1.jar!/org/slf4j/impl/StaticLoggerBinder.class]
SLF4J: See https://www.slf4j.org/codes.html#ignoredBindings for an explanation.
[info] set current project to scala-java8-compat (in build file:/Users/y3536zha/Desktop/scala_explicit/scala_flexible_type_with_test_script/community-build/community-projects/scala-java8-compat/)
[info] Defining Global / testOptions
[info] The new value will be used by testOptions
[info] Reapplying settings...
[info] set current project to scala-java8-compat (in build file:/Users/y3536zha/Desktop/scala_explicit/scala_flexible_type_with_test_script/community-build/community-projects/scala-java8-compat/)
[success] Total time: 0 s, completed Jun 22, 2023, 12:26:11 AM
[info] Defining Global / logLevel
[info] The new value will be used by Test / test / testListeners, Test / testOnly / testListeners and 5 others.
[info] 	Run `last` for details.
[info] Reapplying settings...
[info] set current project to scala-java8-compat (in build file:/Users/y3536zha/Desktop/scala_explicit/scala_flexible_type_with_test_script/community-build/community-projects/scala-java8-compat/)
[info] Defining Global / updateOptions
[info] The new value will be used by dependencyTreeIgnoreMissingUpdate / updateOptions, ivyConfiguration, pushRemoteCache / ivyConfiguration
[info] Reapplying settings...
[info] set current project to scala-java8-compat (in build file:/Users/y3536zha/Desktop/scala_explicit/scala_flexible_type_with_test_script/community-build/community-projects/scala-java8-compat/)
[info] Defining Global / scalacOptions
[info] The new value will be used by Compile / scalacOptions, Genjavadoc / scalacOptions
[info] Reapplying settings...
[info] set current project to scala-java8-compat (in build file:/Users/y3536zha/Desktop/scala_explicit/scala_flexible_type_with_test_script/community-build/community-projects/scala-java8-compat/)
[info] Forcing Scala version to 3.3.1-RC1-bin-SNAPSHOT on all projects.
[info] Reapplying settings...
[info] Loading dependency tracking file /Users/y3536zha/Desktop/scala_explicit/scala_flexible_type_with_test_script/community-build/dotty-community-build-deps
[info] Dependency tracking file /Users/y3536zha/Desktop/scala_explicit/scala_flexible_type_with_test_script/community-build/dotty-community-build-deps does not exist
[info] set current project to scala-java8-compat (in build file:/Users/y3536zha/Desktop/scala_explicit/scala_flexible_type_with_test_script/community-build/community-projects/scala-java8-compat/)
[error] -- [E007] Type Mismatch Error: /Users/y3536zha/Desktop/scala_explicit/scala_flexible_type_with_test_script/community-build/community-projects/scala-java8-compat/src/main/scala-2.13+/scala/compat/java8/StreamConverters.scala:154:57 
[error] 154 |    def seqStream: DoubleStream = java.util.Arrays.stream(a)
[error]     |                                  ^^^^^^^^^^^^^^^^^^^^^^^^^^
[error]     |                        Found:    java.util.stream.DoubleStream | Null
[error]     |                        Required: java.util.stream.DoubleStream
[error]     |
[error]     | longer explanation available when compiling with `-explain`
[error] -- [E007] Type Mismatch Error: /Users/y3536zha/Desktop/scala_explicit/scala_flexible_type_with_test_script/community-build/community-projects/scala-java8-compat/src/main/scala-2.13+/scala/compat/java8/StreamConverters.scala:156:34 
[error] 156 |    def parStream: DoubleStream = seqStream.parallel
[error]     |                                  ^^^^^^^^^^^^^^^^^^
[error]     |                        Found:    java.util.stream.DoubleStream | Null
[error]     |                        Required: java.util.stream.DoubleStream
[error]     |
[error]     | longer explanation available when compiling with `-explain`
[error] -- [E007] Type Mismatch Error: /Users/y3536zha/Desktop/scala_explicit/scala_flexible_type_with_test_script/community-build/community-projects/scala-java8-compat/src/main/scala-2.13+/scala/compat/java8/StreamConverters.scala:161:54 
[error] 161 |    def seqStream: IntStream = java.util.Arrays.stream(a)
[error]     |                               ^^^^^^^^^^^^^^^^^^^^^^^^^^
[error]     |                           Found:    java.util.stream.IntStream | Null
[error]     |                           Required: java.util.stream.IntStream
[error]     |
[error]     | longer explanation available when compiling with `-explain`
[error] -- [E007] Type Mismatch Error: /Users/y3536zha/Desktop/scala_explicit/scala_flexible_type_with_test_script/community-build/community-projects/scala-java8-compat/src/main/scala-2.13+/scala/compat/java8/StreamConverters.scala:163:31 
[error] 163 |    def parStream: IntStream = seqStream.parallel
[error]     |                               ^^^^^^^^^^^^^^^^^^
[error]     |                           Found:    java.util.stream.IntStream | Null
[error]     |                           Required: java.util.stream.IntStream
[error]     |
[error]     | longer explanation available when compiling with `-explain`
[error] -- [E007] Type Mismatch Error: /Users/y3536zha/Desktop/scala_explicit/scala_flexible_type_with_test_script/community-build/community-projects/scala-java8-compat/src/main/scala-2.13+/scala/compat/java8/StreamConverters.scala:168:55 
[error] 168 |    def seqStream: LongStream = java.util.Arrays.stream(a)
[error]     |                                ^^^^^^^^^^^^^^^^^^^^^^^^^^
[error]     |                          Found:    java.util.stream.LongStream | Null
[error]     |                          Required: java.util.stream.LongStream
[error]     |
[error]     | longer explanation available when compiling with `-explain`
[error] -- [E007] Type Mismatch Error: /Users/y3536zha/Desktop/scala_explicit/scala_flexible_type_with_test_script/community-build/community-projects/scala-java8-compat/src/main/scala-2.13+/scala/compat/java8/StreamConverters.scala:170:32 
[error] 170 |    def parStream: LongStream = seqStream.parallel
[error]     |                                ^^^^^^^^^^^^^^^^^^
[error]     |                          Found:    java.util.stream.LongStream | Null
[error]     |                          Required: java.util.stream.LongStream
[error]     |
[error]     | longer explanation available when compiling with `-explain`
[error] -- [E134] Type Error: /Users/y3536zha/Desktop/scala_explicit/scala_flexible_type_with_test_script/community-build/community-projects/scala-java8-compat/src/main/scala-2.13+/scala/compat/java8/StreamConverters.scala:175:48 
[error] 175 |    def seqStream: Stream[A] = java.util.Arrays.stream(a)
[error]     |                               ^^^^^^^^^^^^^^^^^^^^^^^
[error]     |None of the overloaded alternatives of method stream in object Arrays with types
[error]     | (x$0: Array[Double] | Null, x$1: Int, x$2: Int): java.util.streamÂ².DoubleStream
[error]     |  | Null
[error]     | (x$0: Array[Double] | Null): java.util.streamÂ².DoubleStream | Null
[error]     | (x$0: Array[Long] | Null, x$1: Int, x$2: Int): java.util.streamÂ².LongStream |
[error]     |  Null
[error]     | (x$0: Array[Long] | Null): java.util.streamÂ².LongStream | Null
[error]     | (x$0: Array[Int] | Null, x$1: Int, x$2: Int): java.util.streamÂ².IntStream | Null
[error]     | (x$0: Array[Int] | Null): java.util.streamÂ².IntStream | Null
[error]     | [T]
[error]     |  (x$0: Array[Object & T | Null] | Null, x$1: Int, x$2: Int):
[error]     |    java.util.streamÂ².Stream[T] | Null
[error]     | [T](x$0: Array[Object & TÂ² | Null] | Null): java.util.streamÂ².Stream[TÂ²] | Null
[error]     |match arguments ((AnyArrayHasSeqParStream.this.a : Array[A]))
[error]     |
[error]     |where:    A       is a type in class AnyArrayHasSeqParStream with bounds <: AnyRef
[error]     |          T       is a type variable with constraint <: Object
[error]     |          TÂ²      is a type variable with constraint <: Object
[error]     |          stream  is a method in object Arrays
[error]     |          streamÂ² is a package in package java.util
[error] -- [E007] Type Mismatch Error: /Users/y3536zha/Desktop/scala_explicit/scala_flexible_type_with_test_script/community-build/community-projects/scala-java8-compat/src/main/scala-2.13+/scala/compat/java8/StreamConverters.scala:177:31 
[error] 177 |    def parStream: Stream[A] = seqStream.parallel
[error]     |                               ^^^^^^^^^^^^^^^^^^
[error]     |Found:    java.util.stream.Stream[A] | Null
[error]     |Required: java.util.stream.Stream[A]
[error]     |
[error]     |where:    A is a type in class AnyArrayHasSeqParStream with bounds <: AnyRef
[error]     |
[error]     | longer explanation available when compiling with `-explain`
[error] -- [E008] Not Found Error: /Users/y3536zha/Desktop/scala_explicit/scala_flexible_type_with_test_script/community-build/community-projects/scala-java8-compat/src/main/scala-2.13+/scala/compat/java8/StreamConverters.scala:238:41 
[error] 238 |      else if (stream.isParallel) anyAcc.to(factory)
[error]     |                                  ^^^^^^^^^
[error]     |    value to is not a member of scala.jdk.AnyAccumulator[A] | Null.
[error]     |    Since explicit-nulls is enabled, the selection is rejected because
[error]     |    scala.jdk.AnyAccumulator[A] | Null could be null at runtime.
[error]     |    If you want to select to without checking for a null value,
[error]     |    insert a .nn before .to or import scala.language.unsafeNulls.
[error] -- [E008] Not Found Error: /Users/y3536zha/Desktop/scala_explicit/scala_flexible_type_with_test_script/community-build/community-projects/scala-java8-compat/src/main/scala-2.13+/scala/compat/java8/StreamConverters.scala:239:48 
[error] 239 |      else factory.fromSpecific(stream.iterator.asScala)
[error]     |                                ^^^^^^^^^^^^^^^^^^^^^^^
[error]     |    value asScala is not a member of java.util.Iterator[A] | Null.
[error]     |    An extension method was tried, but could not be fully constructed:
[error]     |
[error]     |        jdk.CollectionConverters.IteratorHasAsScala[A](
[error]     |          StreamHasToScala.this.stream.iterator())
[error] -- [E008] Not Found Error: /Users/y3536zha/Desktop/scala_explicit/scala_flexible_type_with_test_script/community-build/community-projects/scala-java8-compat/src/main/scala-2.13+/scala/compat/java8/StreamConverters.scala:258:48 
[error] 258 |      else factory.fromSpecific(stream.iterator.asScala)
[error]     |                                ^^^^^^^^^^^^^^^^^^^^^^^
[error]     |    value asScala is not a member of java.util.Iterator[A] | Null.
[error]     |    An extension method was tried, but could not be fully constructed:
[error]     |
[error]     |        jdk.CollectionConverters.IteratorHasAsScala[A](
[error]     |          StreamHasToScala.this.stream.iterator())
[error] -- [E008] Not Found Error: /Users/y3536zha/Desktop/scala_explicit/scala_flexible_type_with_test_script/community-build/community-projects/scala-java8-compat/src/main/scala-2.13+/scala/compat/java8/StreamConverters.scala:315:41 
[error] 315 |      else if (stream.isParallel) intAcc.to(factory)
[error]     |                                  ^^^^^^^^^
[error]     |    value to is not a member of scala.jdk.IntAccumulator | Null.
[error]     |    Since explicit-nulls is enabled, the selection is rejected because
[error]     |    scala.jdk.IntAccumulator | Null could be null at runtime.
[error]     |    If you want to select to without checking for a null value,
[error]     |    insert a .nn before .to or import scala.language.unsafeNulls.
[error] -- [E008] Not Found Error: /Users/y3536zha/Desktop/scala_explicit/scala_flexible_type_with_test_script/community-build/community-projects/scala-java8-compat/src/main/scala-2.13+/scala/compat/java8/StreamConverters.scala:363:42 
[error] 363 |      else if (stream.isParallel) longAcc.to(factory)
[error]     |                                  ^^^^^^^^^^
[error]     |    value to is not a member of scala.jdk.LongAccumulator | Null.
[error]     |    Since explicit-nulls is enabled, the selection is rejected because
[error]     |    scala.jdk.LongAccumulator | Null could be null at runtime.
[error]     |    If you want to select to without checking for a null value,
[error]     |    insert a .nn before .to or import scala.language.unsafeNulls.
[error] -- [E008] Not Found Error: /Users/y3536zha/Desktop/scala_explicit/scala_flexible_type_with_test_script/community-build/community-projects/scala-java8-compat/src/main/scala-2.13+/scala/compat/java8/StreamConverters.scala:411:44 
[error] 411 |      else if (stream.isParallel) doubleAcc.to(factory)
[error]     |                                  ^^^^^^^^^^^^
[error]     |    value to is not a member of scala.jdk.DoubleAccumulator | Null.
[error]     |    Since explicit-nulls is enabled, the selection is rejected because
[error]     |    scala.jdk.DoubleAccumulator | Null could be null at runtime.
[error]     |    If you want to select to without checking for a null value,
[error]     |    insert a .nn before .to or import scala.language.unsafeNulls.
[error] -- [E172] Type Error: /Users/y3536zha/Desktop/scala_explicit/scala_flexible_type_with_test_script/community-build/community-projects/scala-java8-compat/src/main/scala-2.13+/scala/compat/java8/converterImpl/StepperExtensions.scala:37:28 
[error] 37 |      case AnyAccumulator | null =>
[error]    |                            ^^^^
[error]    |        Values of types Null and AnyRef cannot be compared with == or !=
[error] -- [E007] Type Mismatch Error: /Users/y3536zha/Desktop/scala_explicit/scala_flexible_type_with_test_script/community-build/community-projects/scala-java8-compat/src/main/scala/scala/compat/java8/DurationConverters.scala:62:43 
[error] 62 |    if (duration.length == 0) JavaDuration.ZERO
[error]    |                              ^^^^^^^^^^^^^^^^^
[error]    |         Found:    (java.time.Duration.ZERO : java.time.Duration | Null)
[error]    |         Required: java.time.Duration
[error]    |
[error]    | longer explanation available when compiling with `-explain`
[error] -- [E007] Type Mismatch Error: /Users/y3536zha/Desktop/scala_explicit/scala_flexible_type_with_test_script/community-build/community-projects/scala-java8-compat/src/main/scala/scala/compat/java8/DurationConverters.scala:64:55 
[error] 64 |      case TimeUnit.NANOSECONDS => JavaDuration.ofNanos(duration.length)
[error]    |                                   ^^^^^^^^^^^^^^^^^^^^^^^^^^^^^^^^^^^^^
[error]    |                                   Found:    java.time.Duration | Null
[error]    |                                   Required: java.time.Duration
[error]    |
[error]    | longer explanation available when compiling with `-explain`
[error] -- [E007] Type Mismatch Error: /Users/y3536zha/Desktop/scala_explicit/scala_flexible_type_with_test_script/community-build/community-projects/scala-java8-compat/src/main/scala/scala/compat/java8/DurationConverters.scala:65:51 
[error] 65 |      case TimeUnit.MICROSECONDS => JavaDuration.of(duration.length, ChronoUnit.MICROS)
[error]    |                                    ^^^^^^^^^^^^^^^^^^^^^^^^^^^^^^^^^^^^^^^^^^^^^^^^^^^
[error]    |                                    Found:    java.time.Duration | Null
[error]    |                                    Required: java.time.Duration
[error]    |
[error]    | longer explanation available when compiling with `-explain`
[error] -- [E007] Type Mismatch Error: /Users/y3536zha/Desktop/scala_explicit/scala_flexible_type_with_test_script/community-build/community-projects/scala-java8-compat/src/main/scala/scala/compat/java8/DurationConverters.scala:66:57 
[error] 66 |      case TimeUnit.MILLISECONDS => JavaDuration.ofMillis(duration.length)
[error]    |                                    ^^^^^^^^^^^^^^^^^^^^^^^^^^^^^^^^^^^^^^
[error]    |                                    Found:    java.time.Duration | Null
[error]    |                                    Required: java.time.Duration
[error]    |
[error]    | longer explanation available when compiling with `-explain`
[error] -- [E007] Type Mismatch Error: /Users/y3536zha/Desktop/scala_explicit/scala_flexible_type_with_test_script/community-build/community-projects/scala-java8-compat/src/main/scala/scala/compat/java8/DurationConverters.scala:67:53 
[error] 67 |      case TimeUnit.SECONDS => JavaDuration.ofSeconds(duration.length)
[error]    |                               ^^^^^^^^^^^^^^^^^^^^^^^^^^^^^^^^^^^^^^^
[error]    |                               Found:    java.time.Duration | Null
[error]    |                               Required: java.time.Duration
[error]    |
[error]    | longer explanation available when compiling with `-explain`
[error] -- [E007] Type Mismatch Error: /Users/y3536zha/Desktop/scala_explicit/scala_flexible_type_with_test_script/community-build/community-projects/scala-java8-compat/src/main/scala/scala/compat/java8/DurationConverters.scala:68:53 
[error] 68 |      case TimeUnit.MINUTES => JavaDuration.ofMinutes(duration.length)
[error]    |                               ^^^^^^^^^^^^^^^^^^^^^^^^^^^^^^^^^^^^^^^
[error]    |                               Found:    java.time.Duration | Null
[error]    |                               Required: java.time.Duration
[error]    |
[error]    | longer explanation available when compiling with `-explain`
[error] -- [E007] Type Mismatch Error: /Users/y3536zha/Desktop/scala_explicit/scala_flexible_type_with_test_script/community-build/community-projects/scala-java8-compat/src/main/scala/scala/compat/java8/DurationConverters.scala:69:49 
[error] 69 |      case TimeUnit.HOURS => JavaDuration.ofHours(duration.length)
[error]    |                             ^^^^^^^^^^^^^^^^^^^^^^^^^^^^^^^^^^^^^
[error]    |                             Found:    java.time.Duration | Null
[error]    |                             Required: java.time.Duration
[error]    |
[error]    | longer explanation available when compiling with `-explain`
[error] -- [E007] Type Mismatch Error: /Users/y3536zha/Desktop/scala_explicit/scala_flexible_type_with_test_script/community-build/community-projects/scala-java8-compat/src/main/scala/scala/compat/java8/DurationConverters.scala:70:47 
[error] 70 |      case TimeUnit.DAYS => JavaDuration.ofDays(duration.length)
[error]    |                            ^^^^^^^^^^^^^^^^^^^^^^^^^^^^^^^^^^^^
[error]    |                            Found:    java.time.Duration | Null
[error]    |                            Required: java.time.Duration
[error]    |
[error]    | longer explanation available when compiling with `-explain`
[error] -- [E007] Type Mismatch Error: /Users/y3536zha/Desktop/scala_explicit/scala_flexible_type_with_test_script/community-build/community-projects/scala-java8-compat/src/main/scala/scala/compat/java8/OptionConverters.scala:66:93 
[error] 66 |      def fromJava(o: Optional[Double]): OptionalDouble = if (o.isPresent) OptionalDouble.of(o.get) else OptionalDouble.empty
[error]    |                                                                                             ^^^^^
[error]    |                                                 Found:    Double | Null
[error]    |                                                 Required: Double
[error]    |
[error]    | longer explanation available when compiling with `-explain`
[error] -- [E007] Type Mismatch Error: /Users/y3536zha/Desktop/scala_explicit/scala_flexible_type_with_test_script/community-build/community-projects/scala-java8-compat/src/main/scala/scala/compat/java8/OptionConverters.scala:66:105 
[error] 66 |      def fromJava(o: Optional[Double]): OptionalDouble = if (o.isPresent) OptionalDouble.of(o.get) else OptionalDouble.empty
[error]    |                                                                                                         ^^^^^^^^^^^^^^^^^^^^
[error]    |                               Found:    java.util.OptionalDouble | Null
[error]    |                               Required: java.util.OptionalDouble
[error]    |
[error]    | longer explanation available when compiling with `-explain`
[error] -- [E007] Type Mismatch Error: /Users/y3536zha/Desktop/scala_explicit/scala_flexible_type_with_test_script/community-build/community-projects/scala-java8-compat/src/main/scala/scala/compat/java8/OptionConverters.scala:68:100 
[error] 68 |      def fromScala(o: Option[Double]): OptionalDouble = o match { case Some(d) => OptionalDouble.of(d); case _ => OptionalDouble.empty }
[error]    |                                                                                   ^^^^^^^^^^^^^^^^^^^^
[error]    |                               Found:    java.util.OptionalDouble | Null
[error]    |                               Required: java.util.OptionalDouble
[error]    |
[error]    | longer explanation available when compiling with `-explain`
[error] -- [E007] Type Mismatch Error: /Users/y3536zha/Desktop/scala_explicit/scala_flexible_type_with_test_script/community-build/community-projects/scala-java8-compat/src/main/scala/scala/compat/java8/OptionConverters.scala:68:115 
[error] 68 |      def fromScala(o: Option[Double]): OptionalDouble = o match { case Some(d) => OptionalDouble.of(d); case _ => OptionalDouble.empty }
[error]    |                                                                                                                   ^^^^^^^^^^^^^^^^^^^^
[error]    |                               Found:    java.util.OptionalDouble | Null
[error]    |                               Required: java.util.OptionalDouble
[error]    |
[error]    | longer explanation available when compiling with `-explain`
[error] -- [E007] Type Mismatch Error: /Users/y3536zha/Desktop/scala_explicit/scala_flexible_type_with_test_script/community-build/community-projects/scala-java8-compat/src/main/scala/scala/compat/java8/OptionConverters.scala:75:84 
[error] 75 |      def fromJava(o: Optional[Int]): OptionalInt = if (o.isPresent) OptionalInt.of(o.get) else OptionalInt.empty
[error]    |                                                                                    ^^^^^
[error]    |                                                    Found:    Int | Null
[error]    |                                                    Required: Int
[error]    |
[error]    | longer explanation available when compiling with `-explain`
[error] -- [E007] Type Mismatch Error: /Users/y3536zha/Desktop/scala_explicit/scala_flexible_type_with_test_script/community-build/community-projects/scala-java8-compat/src/main/scala/scala/compat/java8/OptionConverters.scala:75:96 
[error] 75 |      def fromJava(o: Optional[Int]): OptionalInt = if (o.isPresent) OptionalInt.of(o.get) else OptionalInt.empty
[error]    |                                                                                                ^^^^^^^^^^^^^^^^^
[error]    |                                  Found:    java.util.OptionalInt | Null
[error]    |                                  Required: java.util.OptionalInt
[error]    |
[error]    | longer explanation available when compiling with `-explain`
[error] -- [E007] Type Mismatch Error: /Users/y3536zha/Desktop/scala_explicit/scala_flexible_type_with_test_script/community-build/community-projects/scala-java8-compat/src/main/scala/scala/compat/java8/OptionConverters.scala:77:91 
[error] 77 |      def fromScala(o: Option[Int]): OptionalInt = o match { case Some(d) => OptionalInt.of(d); case _ => OptionalInt.empty }
[error]    |                                                                             ^^^^^^^^^^^^^^^^^
[error]    |                                  Found:    java.util.OptionalInt | Null
[error]    |                                  Required: java.util.OptionalInt
[error]    |
[error]    | longer explanation available when compiling with `-explain`
[error] -- [E007] Type Mismatch Error: /Users/y3536zha/Desktop/scala_explicit/scala_flexible_type_with_test_script/community-build/community-projects/scala-java8-compat/src/main/scala/scala/compat/java8/OptionConverters.scala:77:106 
[error] 77 |      def fromScala(o: Option[Int]): OptionalInt = o match { case Some(d) => OptionalInt.of(d); case _ => OptionalInt.empty }
[error]    |                                                                                                          ^^^^^^^^^^^^^^^^^
[error]    |                                  Found:    java.util.OptionalInt | Null
[error]    |                                  Required: java.util.OptionalInt
[error]    |
[error]    | longer explanation available when compiling with `-explain`
[error] -- [E007] Type Mismatch Error: /Users/y3536zha/Desktop/scala_explicit/scala_flexible_type_with_test_script/community-build/community-projects/scala-java8-compat/src/main/scala/scala/compat/java8/OptionConverters.scala:84:87 
[error] 84 |      def fromJava(o: Optional[Long]): OptionalLong = if (o.isPresent) OptionalLong.of(o.get) else OptionalLong.empty
[error]    |                                                                                       ^^^^^
[error]    |                                                   Found:    Long | Null
[error]    |                                                   Required: Long
[error]    |
[error]    | longer explanation available when compiling with `-explain`
[error] -- [E007] Type Mismatch Error: /Users/y3536zha/Desktop/scala_explicit/scala_flexible_type_with_test_script/community-build/community-projects/scala-java8-compat/src/main/scala/scala/compat/java8/OptionConverters.scala:84:99 
[error] 84 |      def fromJava(o: Optional[Long]): OptionalLong = if (o.isPresent) OptionalLong.of(o.get) else OptionalLong.empty
[error]    |                                                                                                   ^^^^^^^^^^^^^^^^^^
[error]    |                                 Found:    java.util.OptionalLong | Null
[error]    |                                 Required: java.util.OptionalLong
[error]    |
[error]    | longer explanation available when compiling with `-explain`
[error] -- [E007] Type Mismatch Error: /Users/y3536zha/Desktop/scala_explicit/scala_flexible_type_with_test_script/community-build/community-projects/scala-java8-compat/src/main/scala/scala/compat/java8/OptionConverters.scala:86:94 
[error] 86 |      def fromScala(o: Option[Long]): OptionalLong = o match { case Some(d) => OptionalLong.of(d); case _ => OptionalLong.empty }
[error]    |                                                                               ^^^^^^^^^^^^^^^^^^
[error]    |                                 Found:    java.util.OptionalLong | Null
[error]    |                                 Required: java.util.OptionalLong
[error]    |
[error]    | longer explanation available when compiling with `-explain`
[error] -- [E007] Type Mismatch Error: /Users/y3536zha/Desktop/scala_explicit/scala_flexible_type_with_test_script/community-build/community-projects/scala-java8-compat/src/main/scala/scala/compat/java8/OptionConverters.scala:86:109 
[error] 86 |      def fromScala(o: Option[Long]): OptionalLong = o match { case Some(d) => OptionalLong.of(d); case _ => OptionalLong.empty }
[error]    |                                                                                                             ^^^^^^^^^^^^^^^^^^
[error]    |                                 Found:    java.util.OptionalLong | Null
[error]    |                                 Required: java.util.OptionalLong
[error]    |
[error]    | longer explanation available when compiling with `-explain`
[error] -- [E007] Type Mismatch Error: /Users/y3536zha/Desktop/scala_explicit/scala_flexible_type_with_test_script/community-build/community-projects/scala-java8-compat/src/main/scala/scala/compat/java8/OptionConverters.scala:92:60 
[error] 92 |    def asScala: Option[A] = if (underlying.isPresent) Some(underlying.get) else None
[error]    |                                                            ^^^^^^^^^^^^^^
[error]    |                                                      Found:    A | Null
[error]    |                                                      Required: A
[error]    |
[error]    | longer explanation available when compiling with `-explain`
[error] -- [E007] Type Mismatch Error: /Users/y3536zha/Desktop/scala_explicit/scala_flexible_type_with_test_script/community-build/community-projects/scala-java8-compat/src/main/scala/scala/compat/java8/OptionConverters.scala:100:84 
[error] 100 |    def asJava: Optional[A] = underlying match { case Some(a) => Optional.ofNullable(a); case _ => Optional.empty[A] }
[error]     |                                                                 ^^^^^^^^^^^^^^^^^^^^^^
[error]     |                                Found:    java.util.Optional[A] | Null
[error]     |                                Required: java.util.Optional[A]
[error]     |
[error]     | longer explanation available when compiling with `-explain`
[error] -- [E007] Type Mismatch Error: /Users/y3536zha/Desktop/scala_explicit/scala_flexible_type_with_test_script/community-build/community-projects/scala-java8-compat/src/main/scala/scala/compat/java8/OptionConverters.scala:100:99 
[error] 100 |    def asJava: Optional[A] = underlying match { case Some(a) => Optional.ofNullable(a); case _ => Optional.empty[A] }
[error]     |                                                                                                   ^^^^^^^^^^^^^^^^^
[error]     |                                Found:    java.util.Optional[A] | Null
[error]     |                                Required: java.util.Optional[A]
[error]     |
[error]     | longer explanation available when compiling with `-explain`
[error] -- [E007] Type Mismatch Error: /Users/y3536zha/Desktop/scala_explicit/scala_flexible_type_with_test_script/community-build/community-projects/scala-java8-compat/src/main/scala/scala/compat/java8/OptionConverters.scala:110:75 
[error] 110 |    def asGeneric: Optional[Double] = if (underlying.isPresent) Optional.of(underlying.getAsDouble) else Optional.empty[Double]
[error]     |                                                                ^^^^^^^^^^^^^^^^^^^^^^^^^^^^^^^^^^^
[error]     |                           Found:    java.util.Optional[Double] | Null
[error]     |                           Required: java.util.Optional[Double]
[error]     |
[error]     | longer explanation available when compiling with `-explain`
[error] -- [E007] Type Mismatch Error: /Users/y3536zha/Desktop/scala_explicit/scala_flexible_type_with_test_script/community-build/community-projects/scala-java8-compat/src/main/scala/scala/compat/java8/OptionConverters.scala:110:105 
[error] 110 |    def asGeneric: Optional[Double] = if (underlying.isPresent) Optional.of(underlying.getAsDouble) else Optional.empty[Double]
[error]     |                                                                                                         ^^^^^^^^^^^^^^^^^^^^^^
[error]     |                           Found:    java.util.Optional[Double] | Null
[error]     |                           Required: java.util.Optional[Double]
[error]     |
[error]     | longer explanation available when compiling with `-explain`
[error] -- [E007] Type Mismatch Error: /Users/y3536zha/Desktop/scala_explicit/scala_flexible_type_with_test_script/community-build/community-projects/scala-java8-compat/src/main/scala/scala/compat/java8/OptionConverters.scala:118:72 
[error] 118 |    def asGeneric: Optional[Int] = if (underlying.isPresent) Optional.of(underlying.getAsInt) else Optional.empty[Int]
[error]     |                                                             ^^^^^^^^^^^^^^^^^^^^^^^^^^^^^^^^
[error]     |                              Found:    java.util.Optional[Int] | Null
[error]     |                              Required: java.util.Optional[Int]
[error]     |
[error]     | longer explanation available when compiling with `-explain`
[error] -- [E007] Type Mismatch Error: /Users/y3536zha/Desktop/scala_explicit/scala_flexible_type_with_test_script/community-build/community-projects/scala-java8-compat/src/main/scala/scala/compat/java8/OptionConverters.scala:118:99 
[error] 118 |    def asGeneric: Optional[Int] = if (underlying.isPresent) Optional.of(underlying.getAsInt) else Optional.empty[Int]
[error]     |                                                                                                   ^^^^^^^^^^^^^^^^^^^
[error]     |                              Found:    java.util.Optional[Int] | Null
[error]     |                              Required: java.util.Optional[Int]
[error]     |
[error]     | longer explanation available when compiling with `-explain`
[error] -- [E007] Type Mismatch Error: /Users/y3536zha/Desktop/scala_explicit/scala_flexible_type_with_test_script/community-build/community-projects/scala-java8-compat/src/main/scala/scala/compat/java8/OptionConverters.scala:126:73 
[error] 126 |    def asGeneric: Optional[Long] = if (underlying.isPresent) Optional.of(underlying.getAsLong) else Optional.empty[Long]
[error]     |                                                              ^^^^^^^^^^^^^^^^^^^^^^^^^^^^^^^^^
[error]     |                             Found:    java.util.Optional[Long] | Null
[error]     |                             Required: java.util.Optional[Long]
[error]     |
[error]     | longer explanation available when compiling with `-explain`
[error] -- [E007] Type Mismatch Error: /Users/y3536zha/Desktop/scala_explicit/scala_flexible_type_with_test_script/community-build/community-projects/scala-java8-compat/src/main/scala/scala/compat/java8/OptionConverters.scala:126:101 
[error] 126 |    def asGeneric: Optional[Long] = if (underlying.isPresent) Optional.of(underlying.getAsLong) else Optional.empty[Long]
[error]     |                                                                                                     ^^^^^^^^^^^^^^^^^^^^
[error]     |                             Found:    java.util.Optional[Long] | Null
[error]     |                             Required: java.util.Optional[Long]
[error]     |
[error]     | longer explanation available when compiling with `-explain`
[error] -- [E007] Type Mismatch Error: /Users/y3536zha/Desktop/scala_explicit/scala_flexible_type_with_test_script/community-build/community-projects/scala-java8-compat/src/main/scala/scala/compat/java8/OptionConverters.scala:130:96 
[error] 130 |  final def toJava[A](o: Option[A]): Optional[A] = o match { case Some(a) => Optional.ofNullable(a); case _ => Optional.empty[A] }
[error]     |                                                                             ^^^^^^^^^^^^^^^^^^^^^^
[error]     |                                Found:    java.util.Optional[A] | Null
[error]     |                                Required: java.util.Optional[A]
[error]     |
[error]     | longer explanation available when compiling with `-explain`
[error] -- [E007] Type Mismatch Error: /Users/y3536zha/Desktop/scala_explicit/scala_flexible_type_with_test_script/community-build/community-projects/scala-java8-compat/src/main/scala/scala/compat/java8/OptionConverters.scala:130:111 
[error] 130 |  final def toJava[A](o: Option[A]): Optional[A] = o match { case Some(a) => Optional.ofNullable(a); case _ => Optional.empty[A] }
[error]     |                                                                                                               ^^^^^^^^^^^^^^^^^
[error]     |                                Found:    java.util.Optional[A] | Null
[error]     |                                Required: java.util.Optional[A]
[error]     |
[error]     | longer explanation available when compiling with `-explain`
[error] -- [E007] Type Mismatch Error: /Users/y3536zha/Desktop/scala_explicit/scala_flexible_type_with_test_script/community-build/community-projects/scala-java8-compat/src/main/scala/scala/compat/java8/OptionConverters.scala:133:74 
[error] 133 |  final def toScala[A](o: Optional[A]): Option[A] = if (o.isPresent) Some(o.get) else None
[error]     |                                                                          ^^^^^
[error]     |                                                    Found:    A | Null
[error]     |                                                    Required: A
[error]     |
[error]     | longer explanation available when compiling with `-explain`
[error] -- [E007] Type Mismatch Error: /Users/y3536zha/Desktop/scala_explicit/scala_flexible_type_with_test_script/community-build/community-projects/scala-java8-compat/src/main/scala/scala/concurrent/java8/FutureConvertersImpl.scala:35:92 
[error] 35 |    override def thenApply[U](fn: JF[_ >: T, _ <: U]): CompletableFuture[U] = thenApplyAsync(fn)
[error]    |                                                                              ^^^^^^^^^^^^^^^^^^
[error]    |              Found:    java.util.concurrent.CompletableFuture[U] | Null
[error]    |              Required: java.util.concurrent.CompletableFuture[U]
[error]    |
[error]    | longer explanation available when compiling with `-explain`
[error] -- [E007] Type Mismatch Error: /Users/y3536zha/Desktop/scala_explicit/scala_flexible_type_with_test_script/community-build/community-projects/scala-java8-compat/src/main/scala/scala/concurrent/java8/FutureConvertersImpl.scala:37:92 
[error] 37 |    override def thenAccept(fn: Consumer[_ >: T]): CompletableFuture[Void] = thenAcceptAsync(fn)
[error]    |                                                                             ^^^^^^^^^^^^^^^^^^^
[error]    |           Found:    java.util.concurrent.CompletableFuture[Void] | Null
[error]    |           Required: java.util.concurrent.CompletableFuture[Void]
[error]    |
[error]    | longer explanation available when compiling with `-explain`
[error] -- [E007] Type Mismatch Error: /Users/y3536zha/Desktop/scala_explicit/scala_flexible_type_with_test_script/community-build/community-projects/scala-java8-compat/src/main/scala/scala/concurrent/java8/FutureConvertersImpl.scala:39:78 
[error] 39 |    override def thenRun(fn: Runnable): CompletableFuture[Void] = thenRunAsync(fn)
[error]    |                                                                  ^^^^^^^^^^^^^^^^
[error]    |           Found:    java.util.concurrent.CompletableFuture[Void] | Null
[error]    |           Required: java.util.concurrent.CompletableFuture[Void]
[error]    |
[error]    | longer explanation available when compiling with `-explain`
[error] -- [E007] Type Mismatch Error: /Users/y3536zha/Desktop/scala_explicit/scala_flexible_type_with_test_script/community-build/community-projects/scala-java8-compat/src/main/scala/scala/concurrent/java8/FutureConvertersImpl.scala:41:144 
[error] 41 |    override def thenCombine[U, V](cs: CompletionStage[_ <: U], fn: BiFunction[_ >: T, _ >: U, _ <: V]): CompletableFuture[V] = thenCombineAsync(cs, fn)
[error]    |                                                                                                                                ^^^^^^^^^^^^^^^^^^^^^^^^
[error]    |              Found:    java.util.concurrent.CompletableFuture[V] | Null
[error]    |              Required: java.util.concurrent.CompletableFuture[V]
[error]    |
[error]    | longer explanation available when compiling with `-explain`
[error] -- [E007] Type Mismatch Error: /Users/y3536zha/Desktop/scala_explicit/scala_flexible_type_with_test_script/community-build/community-projects/scala-java8-compat/src/main/scala/scala/concurrent/java8/FutureConvertersImpl.scala:43:142 
[error] 43 |    override def thenAcceptBoth[U](cs: CompletionStage[_ <: U], fn: BiConsumer[_ >: T, _ >: U]): CompletableFuture[Void] = thenAcceptBothAsync(cs, fn)
[error]    |                                                                                                                           ^^^^^^^^^^^^^^^^^^^^^^^^^^^
[error]    |           Found:    java.util.concurrent.CompletableFuture[Void] | Null
[error]    |           Required: java.util.concurrent.CompletableFuture[Void]
[error]    |
[error]    | longer explanation available when compiling with `-explain`
[error] -- [E007] Type Mismatch Error: /Users/y3536zha/Desktop/scala_explicit/scala_flexible_type_with_test_script/community-build/community-projects/scala-java8-compat/src/main/scala/scala/concurrent/java8/FutureConvertersImpl.scala:45:112 
[error] 45 |    override def runAfterBoth(cs: CompletionStage[_], fn: Runnable): CompletableFuture[Void] = runAfterBothAsync(cs, fn)
[error]    |                                                                                               ^^^^^^^^^^^^^^^^^^^^^^^^^
[error]    |           Found:    java.util.concurrent.CompletableFuture[Void] | Null
[error]    |           Required: java.util.concurrent.CompletableFuture[Void]
[error]    |
[error]    | longer explanation available when compiling with `-explain`
[error] -- [E007] Type Mismatch Error: /Users/y3536zha/Desktop/scala_explicit/scala_flexible_type_with_test_script/community-build/community-projects/scala-java8-compat/src/main/scala/scala/concurrent/java8/FutureConvertersImpl.scala:47:124 
[error] 47 |    override def applyToEither[U](cs: CompletionStage[_ <: T], fn: JF[_ >: T, U]): CompletableFuture[U] = applyToEitherAsync(cs, fn)
[error]    |                                                                                                          ^^^^^^^^^^^^^^^^^^^^^^^^^^
[error]    |              Found:    java.util.concurrent.CompletableFuture[U] | Null
[error]    |              Required: java.util.concurrent.CompletableFuture[U]
[error]    |
[error]    | longer explanation available when compiling with `-explain`
[error] -- [E007] Type Mismatch Error: /Users/y3536zha/Desktop/scala_explicit/scala_flexible_type_with_test_script/community-build/community-projects/scala-java8-compat/src/main/scala/scala/concurrent/java8/FutureConvertersImpl.scala:49:125 
[error] 49 |    override def acceptEither(cs: CompletionStage[_ <: T], fn: Consumer[_ >: T]): CompletableFuture[Void] = acceptEitherAsync(cs, fn)
[error]    |                                                                                                            ^^^^^^^^^^^^^^^^^^^^^^^^^
[error]    |           Found:    java.util.concurrent.CompletableFuture[Void] | Null
[error]    |           Required: java.util.concurrent.CompletableFuture[Void]
[error]    |
[error]    | longer explanation available when compiling with `-explain`
[error] -- [E007] Type Mismatch Error: /Users/y3536zha/Desktop/scala_explicit/scala_flexible_type_with_test_script/community-build/community-projects/scala-java8-compat/src/main/scala/scala/concurrent/java8/FutureConvertersImpl.scala:51:116 
[error] 51 |    override def runAfterEither(cs: CompletionStage[_], fn: Runnable): CompletableFuture[Void] = runAfterEitherAsync(cs, fn)
[error]    |                                                                                                 ^^^^^^^^^^^^^^^^^^^^^^^^^^^
[error]    |           Found:    java.util.concurrent.CompletableFuture[Void] | Null
[error]    |           Required: java.util.concurrent.CompletableFuture[Void]
[error]    |
[error]    | longer explanation available when compiling with `-explain`
[error] -- [E007] Type Mismatch Error: /Users/y3536zha/Desktop/scala_explicit/scala_flexible_type_with_test_script/community-build/community-projects/scala-java8-compat/src/main/scala/scala/concurrent/java8/FutureConvertersImpl.scala:53:113 
[error] 53 |    override def thenCompose[U](fn: JF[_ >: T, _ <: CompletionStage[U]]): CompletableFuture[U] = thenComposeAsync(fn)
[error]    |                                                                                                 ^^^^^^^^^^^^^^^^^^^^
[error]    |              Found:    java.util.concurrent.CompletableFuture[U] | Null
[error]    |              Required: java.util.concurrent.CompletableFuture[U]
[error]    |
[error]    | longer explanation available when compiling with `-explain`
[error] -- [E007] Type Mismatch Error: /Users/y3536zha/Desktop/scala_explicit/scala_flexible_type_with_test_script/community-build/community-projects/scala-java8-compat/src/main/scala/scala/concurrent/java8/FutureConvertersImpl.scala:55:111 
[error] 55 |    override def whenComplete(fn: BiConsumer[_ >: T, _ >: Throwable]): CompletableFuture[T] = whenCompleteAsync(fn)
[error]    |                                                                                              ^^^^^^^^^^^^^^^^^^^^^
[error]    |              Found:    java.util.concurrent.CompletableFuture[T] | Null
[error]    |              Required: java.util.concurrent.CompletableFuture[T]
[error]    |
[error]    | longer explanation available when compiling with `-explain`
[error] -- [E007] Type Mismatch Error: /Users/y3536zha/Desktop/scala_explicit/scala_flexible_type_with_test_script/community-build/community-projects/scala-java8-compat/src/main/scala/scala/concurrent/java8/FutureConvertersImpl.scala:57:105 
[error] 57 |    override def handle[U](fn: BiFunction[_ >: T, Throwable, _ <: U]): CompletableFuture[U] = handleAsync(fn)
[error]    |                                                                                              ^^^^^^^^^^^^^^^
[error]    |              Found:    java.util.concurrent.CompletableFuture[U] | Null
[error]    |              Required: java.util.concurrent.CompletableFuture[U]
[error]    |
[error]    | longer explanation available when compiling with `-explain`
[error] -- [E172] Type Error: /Users/y3536zha/Desktop/scala_explicit/scala_flexible_type_with_test_script/community-build/community-projects/scala-java8-compat/src/main/scala/scala/concurrent/java8/FutureConvertersImpl.scala:63:14 
[error] 63 |          if (e == null) cf.complete(t)
[error]    |              ^^^^^^^^^
[error]    |     Values of types Throwable and Null cannot be compared with == or !=
[error] -- [E007] Type Mismatch Error: /Users/y3536zha/Desktop/scala_explicit/scala_flexible_type_with_test_script/community-build/community-projects/scala-java8-compat/src/main/scala/scala/concurrent/java8/FutureConvertersImpl.scala:90:63 
[error] 90 |    override def get(): T = scala.concurrent.blocking(super.get())
[error]    |                                                      ^^^^^^^^^^^
[error]    |                                                      Found:    T | Null
[error]    |                                                      Required: T
[error]    |
[error]    | longer explanation available when compiling with `-explain`
[error] -- [E007] Type Mismatch Error: /Users/y3536zha/Desktop/scala_explicit/scala_flexible_type_with_test_script/community-build/community-projects/scala-java8-compat/src/main/scala/scala/concurrent/java8/FutureConvertersImpl.scala:92:92 
[error] 92 |    override def get(timeout: Long, unit: TimeUnit): T = scala.concurrent.blocking(super.get(timeout, unit))
[error]    |                                                                                   ^^^^^^^^^^^^^^^^^^^^^^^^
[error]    |                                                      Found:    T | Null
[error]    |                                                      Required: T
[error]    |
[error]    | longer explanation available when compiling with `-explain`
[error] -- [E172] Type Error: /Users/y3536zha/Desktop/scala_explicit/scala_flexible_type_with_test_script/community-build/community-projects/scala-java8-compat/src/main/scala/scala/concurrent/java8/FutureConvertersImpl.scala:99:10 
[error] 99 |      if (e == null) complete(Success(v))
[error]    |          ^^^^^^^^^
[error]    |     Values of types Throwable and Null cannot be compared with == or !=
[error] -- [E007] Type Mismatch Error: /Users/y3536zha/Desktop/scala_explicit/scala_flexible_type_with_test_script/community-build/community-projects/scala-java8-compat/target/scala-3.3.1-RC1-bin-SNAPSHOT/src_managed/main/FunctionConverters.scala:30:38 
[error] 30 |    def apply(x1: T, x2: U) = jf.apply(x1, x2)
[error]    |                              ^^^^^^^^^^^^^^^^
[error]    |                              Found:    R | Null
[error]    |                              Required: R
[error]    |
[error]    | longer explanation available when compiling with `-explain`
[error] -- [E007] Type Mismatch Error: /Users/y3536zha/Desktop/scala_explicit/scala_flexible_type_with_test_script/community-build/community-projects/scala-java8-compat/target/scala-3.3.1-RC1-bin-SNAPSHOT/src_managed/main/FunctionConverters.scala:64:38 
[error] 64 |    def apply(x1: T, x2: T) = jf.apply(x1, x2)
[error]    |                              ^^^^^^^^^^^^^^^^
[error]    |                              Found:    T | Null
[error]    |                              Required: T
[error]    |
[error]    | longer explanation available when compiling with `-explain`
[error] -- [E007] Type Mismatch Error: /Users/y3536zha/Desktop/scala_explicit/scala_flexible_type_with_test_script/community-build/community-projects/scala-java8-compat/target/scala-3.3.1-RC1-bin-SNAPSHOT/src_managed/main/FunctionConverters.scala:149:42 
[error] 149 |    def apply(x1: scala.Double) = jf.apply(x1)
[error]     |                                  ^^^^^^^^^^^^
[error]     |                                  Found:    R | Null
[error]     |                                  Required: R
[error]     |
[error]     | longer explanation available when compiling with `-explain`
[error] -- [E007] Type Mismatch Error: /Users/y3536zha/Desktop/scala_explicit/scala_flexible_type_with_test_script/community-build/community-projects/scala-java8-compat/target/scala-3.3.1-RC1-bin-SNAPSHOT/src_managed/main/FunctionConverters.scala:251:31 
[error] 251 |    def apply(x1: T) = jf.apply(x1)
[error]     |                       ^^^^^^^^^^^^
[error]     |                       Found:    R | Null
[error]     |                       Required: R
[error]     |
[error]     | longer explanation available when compiling with `-explain`
[error] -- [E007] Type Mismatch Error: /Users/y3536zha/Desktop/scala_explicit/scala_flexible_type_with_test_script/community-build/community-projects/scala-java8-compat/target/scala-3.3.1-RC1-bin-SNAPSHOT/src_managed/main/FunctionConverters.scala:302:39 
[error] 302 |    def apply(x1: scala.Int) = jf.apply(x1)
[error]     |                               ^^^^^^^^^^^^
[error]     |                               Found:    R | Null
[error]     |                               Required: R
[error]     |
[error]     | longer explanation available when compiling with `-explain`
[error] -- [E007] Type Mismatch Error: /Users/y3536zha/Desktop/scala_explicit/scala_flexible_type_with_test_script/community-build/community-projects/scala-java8-compat/target/scala-3.3.1-RC1-bin-SNAPSHOT/src_managed/main/FunctionConverters.scala:438:40 
[error] 438 |    def apply(x1: scala.Long) = jf.apply(x1)
[error]     |                                ^^^^^^^^^^^^
[error]     |                                Found:    R | Null
[error]     |                                Required: R
[error]     |
[error]     | longer explanation available when compiling with `-explain`
[error] -- [E007] Type Mismatch Error: /Users/y3536zha/Desktop/scala_explicit/scala_flexible_type_with_test_script/community-build/community-projects/scala-java8-compat/target/scala-3.3.1-RC1-bin-SNAPSHOT/src_managed/main/FunctionConverters.scala:608:24 
[error] 608 |    def apply() = jf.get()
[error]     |                  ^^^^^^^^
[error]     |                  Found:    T | Null
[error]     |                  Required: T
[error]     |
[error]     | longer explanation available when compiling with `-explain`
[error] -- [E007] Type Mismatch Error: /Users/y3536zha/Desktop/scala_explicit/scala_flexible_type_with_test_script/community-build/community-projects/scala-java8-compat/target/scala-3.3.1-RC1-bin-SNAPSHOT/src_managed/main/FunctionConverters.scala:727:31 
[error] 727 |    def apply(x1: T) = jf.apply(x1)
[error]     |                       ^^^^^^^^^^^^
[error]     |                       Found:    T | Null
[error]     |                       Required: T
[error]     |
[error]     | longer explanation available when compiling with `-explain`
[error] 71 errors found
[error] Module scala-java8-compat:1.0.0+50-eb16484f-SNAPSHOT is not binary compatible with versions . You have to relax your compatibility intention by changing the value of versionPolicyIntention.
[error] mimaReportBinaryIssues failed
[error] (Compile / compileIncremental) Compilation failed
[error] (versionPolicyMimaCheck) mimaReportBinaryIssues failed
[error] Total time: 13 s, completed Jun 22, 2023, 12:26:25 AM
[32mRerunning tests in scala-java8-compat because of a previous run failure.[0m
[32msbt -sbt-version 1.8.0 -Dsbt.supershell=false -Ddotty.communitybuild.dir=/Users/y3536zha/Desktop/scala_explicit/scala_flexible_type_with_test_script/community-build --addPluginSbtFile=/Users/y3536zha/Desktop/scala_explicit/scala_flexible_type_with_test_script/community-build/sbt-injected-plugins set Global/testOptions += Tests.Argument(TestFramework("munit.Framework"), "+l"); clean; set Global/logLevel := Level.Error; set Global/updateOptions ~= (_.withLatestSnapshots(false)); set Global/scalacOptions ++= List("-Xcheck-macros","-Ysafe-init","-Yexplicit-nulls");++3.3.1-RC1-bin-SNAPSHOT!; test[0m
[info] welcome to sbt 1.8.0 (Oracle Corporation Java 9.0.4)
[info] loading global plugins from /Users/y3536zha/.sbt/1.0/plugins
[info] loading settings for project scala-java8-compat-build from plugins.sbt,sbt-injected-plugins ...
[info] loading project definition from /Users/y3536zha/Desktop/scala_explicit/scala_flexible_type_with_test_script/community-build/community-projects/scala-java8-compat/project
[info] loading settings for project scalaJava8Compat from build.sbt ...
SLF4J: No SLF4J providers were found.
SLF4J: Defaulting to no-operation (NOP) logger implementation
SLF4J: See https://www.slf4j.org/codes.html#noProviders for further details.
SLF4J: Class path contains SLF4J bindings targeting slf4j-api versions 1.7.x or earlier.
SLF4J: Ignoring binding found at [jar:file:/Users/y3536zha/.sbt/boot/scala-2.12.17/org.scala-sbt/sbt/1.8.0/log4j-slf4j-impl-2.17.1.jar!/org/slf4j/impl/StaticLoggerBinder.class]
SLF4J: See https://www.slf4j.org/codes.html#ignoredBindings for an explanation.
[info] set current project to scala-java8-compat (in build file:/Users/y3536zha/Desktop/scala_explicit/scala_flexible_type_with_test_script/community-build/community-projects/scala-java8-compat/)
[info] Defining Global / testOptions
[info] The new value will be used by testOptions
[info] Reapplying settings...
[info] set current project to scala-java8-compat (in build file:/Users/y3536zha/Desktop/scala_explicit/scala_flexible_type_with_test_script/community-build/community-projects/scala-java8-compat/)
[success] Total time: 0 s, completed Jun 22, 2023, 12:26:33 AM
[info] Defining Global / logLevel
[info] The new value will be used by Test / test / testListeners, Test / testOnly / testListeners and 5 others.
[info] 	Run `last` for details.
[info] Reapplying settings...
[info] set current project to scala-java8-compat (in build file:/Users/y3536zha/Desktop/scala_explicit/scala_flexible_type_with_test_script/community-build/community-projects/scala-java8-compat/)
[info] Defining Global / updateOptions
[info] The new value will be used by dependencyTreeIgnoreMissingUpdate / updateOptions, ivyConfiguration, pushRemoteCache / ivyConfiguration
[info] Reapplying settings...
[info] set current project to scala-java8-compat (in build file:/Users/y3536zha/Desktop/scala_explicit/scala_flexible_type_with_test_script/community-build/community-projects/scala-java8-compat/)
[info] Defining Global / scalacOptions
[info] The new value will be used by Compile / scalacOptions, Genjavadoc / scalacOptions
[info] Reapplying settings...
[info] set current project to scala-java8-compat (in build file:/Users/y3536zha/Desktop/scala_explicit/scala_flexible_type_with_test_script/community-build/community-projects/scala-java8-compat/)
[info] Forcing Scala version to 3.3.1-RC1-bin-SNAPSHOT on all projects.
[info] Reapplying settings...
[info] Loading dependency tracking file /Users/y3536zha/Desktop/scala_explicit/scala_flexible_type_with_test_script/community-build/dotty-community-build-deps
[info] Dependency tracking file /Users/y3536zha/Desktop/scala_explicit/scala_flexible_type_with_test_script/community-build/dotty-community-build-deps does not exist
[info] set current project to scala-java8-compat (in build file:/Users/y3536zha/Desktop/scala_explicit/scala_flexible_type_with_test_script/community-build/community-projects/scala-java8-compat/)
[error] -- [E007] Type Mismatch Error: /Users/y3536zha/Desktop/scala_explicit/scala_flexible_type_with_test_script/community-build/community-projects/scala-java8-compat/src/main/scala-2.13+/scala/compat/java8/StreamConverters.scala:154:57 
[error] 154 |    def seqStream: DoubleStream = java.util.Arrays.stream(a)
[error]     |                                  ^^^^^^^^^^^^^^^^^^^^^^^^^^
[error]     |                        Found:    java.util.stream.DoubleStream | Null
[error]     |                        Required: java.util.stream.DoubleStream
[error]     |
[error]     | longer explanation available when compiling with `-explain`
[error] -- [E007] Type Mismatch Error: /Users/y3536zha/Desktop/scala_explicit/scala_flexible_type_with_test_script/community-build/community-projects/scala-java8-compat/src/main/scala-2.13+/scala/compat/java8/StreamConverters.scala:156:34 
[error] 156 |    def parStream: DoubleStream = seqStream.parallel
[error]     |                                  ^^^^^^^^^^^^^^^^^^
[error]     |                        Found:    java.util.stream.DoubleStream | Null
[error]     |                        Required: java.util.stream.DoubleStream
[error]     |
[error]     | longer explanation available when compiling with `-explain`
[error] -- [E007] Type Mismatch Error: /Users/y3536zha/Desktop/scala_explicit/scala_flexible_type_with_test_script/community-build/community-projects/scala-java8-compat/src/main/scala-2.13+/scala/compat/java8/StreamConverters.scala:161:54 
[error] 161 |    def seqStream: IntStream = java.util.Arrays.stream(a)
[error]     |                               ^^^^^^^^^^^^^^^^^^^^^^^^^^
[error]     |                           Found:    java.util.stream.IntStream | Null
[error]     |                           Required: java.util.stream.IntStream
[error]     |
[error]     | longer explanation available when compiling with `-explain`
[error] -- [E007] Type Mismatch Error: /Users/y3536zha/Desktop/scala_explicit/scala_flexible_type_with_test_script/community-build/community-projects/scala-java8-compat/src/main/scala-2.13+/scala/compat/java8/StreamConverters.scala:163:31 
[error] 163 |    def parStream: IntStream = seqStream.parallel
[error]     |                               ^^^^^^^^^^^^^^^^^^
[error]     |                           Found:    java.util.stream.IntStream | Null
[error]     |                           Required: java.util.stream.IntStream
[error]     |
[error]     | longer explanation available when compiling with `-explain`
[error] -- [E007] Type Mismatch Error: /Users/y3536zha/Desktop/scala_explicit/scala_flexible_type_with_test_script/community-build/community-projects/scala-java8-compat/src/main/scala-2.13+/scala/compat/java8/StreamConverters.scala:168:55 
[error] 168 |    def seqStream: LongStream = java.util.Arrays.stream(a)
[error]     |                                ^^^^^^^^^^^^^^^^^^^^^^^^^^
[error]     |                          Found:    java.util.stream.LongStream | Null
[error]     |                          Required: java.util.stream.LongStream
[error]     |
[error]     | longer explanation available when compiling with `-explain`
[error] -- [E007] Type Mismatch Error: /Users/y3536zha/Desktop/scala_explicit/scala_flexible_type_with_test_script/community-build/community-projects/scala-java8-compat/src/main/scala-2.13+/scala/compat/java8/StreamConverters.scala:170:32 
[error] 170 |    def parStream: LongStream = seqStream.parallel
[error]     |                                ^^^^^^^^^^^^^^^^^^
[error]     |                          Found:    java.util.stream.LongStream | Null
[error]     |                          Required: java.util.stream.LongStream
[error]     |
[error]     | longer explanation available when compiling with `-explain`
[error] -- [E134] Type Error: /Users/y3536zha/Desktop/scala_explicit/scala_flexible_type_with_test_script/community-build/community-projects/scala-java8-compat/src/main/scala-2.13+/scala/compat/java8/StreamConverters.scala:175:48 
[error] 175 |    def seqStream: Stream[A] = java.util.Arrays.stream(a)
[error]     |                               ^^^^^^^^^^^^^^^^^^^^^^^
[error]     |None of the overloaded alternatives of method stream in object Arrays with types
[error]     | (x$0: Array[Double] | Null, x$1: Int, x$2: Int): java.util.streamÂ².DoubleStream
[error]     |  | Null
[error]     | (x$0: Array[Double] | Null): java.util.streamÂ².DoubleStream | Null
[error]     | (x$0: Array[Long] | Null, x$1: Int, x$2: Int): java.util.streamÂ².LongStream |
[error]     |  Null
[error]     | (x$0: Array[Long] | Null): java.util.streamÂ².LongStream | Null
[error]     | (x$0: Array[Int] | Null, x$1: Int, x$2: Int): java.util.streamÂ².IntStream | Null
[error]     | (x$0: Array[Int] | Null): java.util.streamÂ².IntStream | Null
[error]     | [T]
[error]     |  (x$0: Array[Object & T | Null] | Null, x$1: Int, x$2: Int):
[error]     |    java.util.streamÂ².Stream[T] | Null
[error]     | [T](x$0: Array[Object & TÂ² | Null] | Null): java.util.streamÂ².Stream[TÂ²] | Null
[error]     |match arguments ((AnyArrayHasSeqParStream.this.a : Array[A]))
[error]     |
[error]     |where:    A       is a type in class AnyArrayHasSeqParStream with bounds <: AnyRef
[error]     |          T       is a type variable with constraint <: Object
[error]     |          TÂ²      is a type variable with constraint <: Object
[error]     |          stream  is a method in object Arrays
[error]     |          streamÂ² is a package in package java.util
[error] -- [E007] Type Mismatch Error: /Users/y3536zha/Desktop/scala_explicit/scala_flexible_type_with_test_script/community-build/community-projects/scala-java8-compat/src/main/scala-2.13+/scala/compat/java8/StreamConverters.scala:177:31 
[error] 177 |    def parStream: Stream[A] = seqStream.parallel
[error]     |                               ^^^^^^^^^^^^^^^^^^
[error]     |Found:    java.util.stream.Stream[A] | Null
[error]     |Required: java.util.stream.Stream[A]
[error]     |
[error]     |where:    A is a type in class AnyArrayHasSeqParStream with bounds <: AnyRef
[error]     |
[error]     | longer explanation available when compiling with `-explain`
[error] -- [E008] Not Found Error: /Users/y3536zha/Desktop/scala_explicit/scala_flexible_type_with_test_script/community-build/community-projects/scala-java8-compat/src/main/scala-2.13+/scala/compat/java8/StreamConverters.scala:238:41 
[error] 238 |      else if (stream.isParallel) anyAcc.to(factory)
[error]     |                                  ^^^^^^^^^
[error]     |    value to is not a member of scala.jdk.AnyAccumulator[A] | Null.
[error]     |    Since explicit-nulls is enabled, the selection is rejected because
[error]     |    scala.jdk.AnyAccumulator[A] | Null could be null at runtime.
[error]     |    If you want to select to without checking for a null value,
[error]     |    insert a .nn before .to or import scala.language.unsafeNulls.
[error] -- [E008] Not Found Error: /Users/y3536zha/Desktop/scala_explicit/scala_flexible_type_with_test_script/community-build/community-projects/scala-java8-compat/src/main/scala-2.13+/scala/compat/java8/StreamConverters.scala:239:48 
[error] 239 |      else factory.fromSpecific(stream.iterator.asScala)
[error]     |                                ^^^^^^^^^^^^^^^^^^^^^^^
[error]     |    value asScala is not a member of java.util.Iterator[A] | Null.
[error]     |    An extension method was tried, but could not be fully constructed:
[error]     |
[error]     |        jdk.CollectionConverters.IteratorHasAsScala[A](
[error]     |          StreamHasToScala.this.stream.iterator())
[error] -- [E008] Not Found Error: /Users/y3536zha/Desktop/scala_explicit/scala_flexible_type_with_test_script/community-build/community-projects/scala-java8-compat/src/main/scala-2.13+/scala/compat/java8/StreamConverters.scala:258:48 
[error] 258 |      else factory.fromSpecific(stream.iterator.asScala)
[error]     |                                ^^^^^^^^^^^^^^^^^^^^^^^
[error]     |    value asScala is not a member of java.util.Iterator[A] | Null.
[error]     |    An extension method was tried, but could not be fully constructed:
[error]     |
[error]     |        jdk.CollectionConverters.IteratorHasAsScala[A](
[error]     |          StreamHasToScala.this.stream.iterator())
[error] -- [E008] Not Found Error: /Users/y3536zha/Desktop/scala_explicit/scala_flexible_type_with_test_script/community-build/community-projects/scala-java8-compat/src/main/scala-2.13+/scala/compat/java8/StreamConverters.scala:315:41 
[error] 315 |      else if (stream.isParallel) intAcc.to(factory)
[error]     |                                  ^^^^^^^^^
[error]     |    value to is not a member of scala.jdk.IntAccumulator | Null.
[error]     |    Since explicit-nulls is enabled, the selection is rejected because
[error]     |    scala.jdk.IntAccumulator | Null could be null at runtime.
[error]     |    If you want to select to without checking for a null value,
[error]     |    insert a .nn before .to or import scala.language.unsafeNulls.
[error] -- [E008] Not Found Error: /Users/y3536zha/Desktop/scala_explicit/scala_flexible_type_with_test_script/community-build/community-projects/scala-java8-compat/src/main/scala-2.13+/scala/compat/java8/StreamConverters.scala:363:42 
[error] 363 |      else if (stream.isParallel) longAcc.to(factory)
[error]     |                                  ^^^^^^^^^^
[error]     |    value to is not a member of scala.jdk.LongAccumulator | Null.
[error]     |    Since explicit-nulls is enabled, the selection is rejected because
[error]     |    scala.jdk.LongAccumulator | Null could be null at runtime.
[error]     |    If you want to select to without checking for a null value,
[error]     |    insert a .nn before .to or import scala.language.unsafeNulls.
[error] -- [E008] Not Found Error: /Users/y3536zha/Desktop/scala_explicit/scala_flexible_type_with_test_script/community-build/community-projects/scala-java8-compat/src/main/scala-2.13+/scala/compat/java8/StreamConverters.scala:411:44 
[error] 411 |      else if (stream.isParallel) doubleAcc.to(factory)
[error]     |                                  ^^^^^^^^^^^^
[error]     |    value to is not a member of scala.jdk.DoubleAccumulator | Null.
[error]     |    Since explicit-nulls is enabled, the selection is rejected because
[error]     |    scala.jdk.DoubleAccumulator | Null could be null at runtime.
[error]     |    If you want to select to without checking for a null value,
[error]     |    insert a .nn before .to or import scala.language.unsafeNulls.
[error] -- [E172] Type Error: /Users/y3536zha/Desktop/scala_explicit/scala_flexible_type_with_test_script/community-build/community-projects/scala-java8-compat/src/main/scala-2.13+/scala/compat/java8/converterImpl/StepperExtensions.scala:37:28 
[error] 37 |      case AnyAccumulator | null =>
[error]    |                            ^^^^
[error]    |        Values of types Null and AnyRef cannot be compared with == or !=
[error] -- [E007] Type Mismatch Error: /Users/y3536zha/Desktop/scala_explicit/scala_flexible_type_with_test_script/community-build/community-projects/scala-java8-compat/src/main/scala/scala/compat/java8/DurationConverters.scala:62:43 
[error] 62 |    if (duration.length == 0) JavaDuration.ZERO
[error]    |                              ^^^^^^^^^^^^^^^^^
[error]    |         Found:    (java.time.Duration.ZERO : java.time.Duration | Null)
[error]    |         Required: java.time.Duration
[error]    |
[error]    | longer explanation available when compiling with `-explain`
[error] -- [E007] Type Mismatch Error: /Users/y3536zha/Desktop/scala_explicit/scala_flexible_type_with_test_script/community-build/community-projects/scala-java8-compat/src/main/scala/scala/compat/java8/DurationConverters.scala:64:55 
[error] 64 |      case TimeUnit.NANOSECONDS => JavaDuration.ofNanos(duration.length)
[error]    |                                   ^^^^^^^^^^^^^^^^^^^^^^^^^^^^^^^^^^^^^
[error]    |                                   Found:    java.time.Duration | Null
[error]    |                                   Required: java.time.Duration
[error]    |
[error]    | longer explanation available when compiling with `-explain`
[error] -- [E007] Type Mismatch Error: /Users/y3536zha/Desktop/scala_explicit/scala_flexible_type_with_test_script/community-build/community-projects/scala-java8-compat/src/main/scala/scala/compat/java8/DurationConverters.scala:65:51 
[error] 65 |      case TimeUnit.MICROSECONDS => JavaDuration.of(duration.length, ChronoUnit.MICROS)
[error]    |                                    ^^^^^^^^^^^^^^^^^^^^^^^^^^^^^^^^^^^^^^^^^^^^^^^^^^^
[error]    |                                    Found:    java.time.Duration | Null
[error]    |                                    Required: java.time.Duration
[error]    |
[error]    | longer explanation available when compiling with `-explain`
[error] -- [E007] Type Mismatch Error: /Users/y3536zha/Desktop/scala_explicit/scala_flexible_type_with_test_script/community-build/community-projects/scala-java8-compat/src/main/scala/scala/compat/java8/DurationConverters.scala:66:57 
[error] 66 |      case TimeUnit.MILLISECONDS => JavaDuration.ofMillis(duration.length)
[error]    |                                    ^^^^^^^^^^^^^^^^^^^^^^^^^^^^^^^^^^^^^^
[error]    |                                    Found:    java.time.Duration | Null
[error]    |                                    Required: java.time.Duration
[error]    |
[error]    | longer explanation available when compiling with `-explain`
[error] -- [E007] Type Mismatch Error: /Users/y3536zha/Desktop/scala_explicit/scala_flexible_type_with_test_script/community-build/community-projects/scala-java8-compat/src/main/scala/scala/compat/java8/DurationConverters.scala:67:53 
[error] 67 |      case TimeUnit.SECONDS => JavaDuration.ofSeconds(duration.length)
[error]    |                               ^^^^^^^^^^^^^^^^^^^^^^^^^^^^^^^^^^^^^^^
[error]    |                               Found:    java.time.Duration | Null
[error]    |                               Required: java.time.Duration
[error]    |
[error]    | longer explanation available when compiling with `-explain`
[error] -- [E007] Type Mismatch Error: /Users/y3536zha/Desktop/scala_explicit/scala_flexible_type_with_test_script/community-build/community-projects/scala-java8-compat/src/main/scala/scala/compat/java8/DurationConverters.scala:68:53 
[error] 68 |      case TimeUnit.MINUTES => JavaDuration.ofMinutes(duration.length)
[error]    |                               ^^^^^^^^^^^^^^^^^^^^^^^^^^^^^^^^^^^^^^^
[error]    |                               Found:    java.time.Duration | Null
[error]    |                               Required: java.time.Duration
[error]    |
[error]    | longer explanation available when compiling with `-explain`
[error] -- [E007] Type Mismatch Error: /Users/y3536zha/Desktop/scala_explicit/scala_flexible_type_with_test_script/community-build/community-projects/scala-java8-compat/src/main/scala/scala/compat/java8/DurationConverters.scala:69:49 
[error] 69 |      case TimeUnit.HOURS => JavaDuration.ofHours(duration.length)
[error]    |                             ^^^^^^^^^^^^^^^^^^^^^^^^^^^^^^^^^^^^^
[error]    |                             Found:    java.time.Duration | Null
[error]    |                             Required: java.time.Duration
[error]    |
[error]    | longer explanation available when compiling with `-explain`
[error] -- [E007] Type Mismatch Error: /Users/y3536zha/Desktop/scala_explicit/scala_flexible_type_with_test_script/community-build/community-projects/scala-java8-compat/src/main/scala/scala/compat/java8/DurationConverters.scala:70:47 
[error] 70 |      case TimeUnit.DAYS => JavaDuration.ofDays(duration.length)
[error]    |                            ^^^^^^^^^^^^^^^^^^^^^^^^^^^^^^^^^^^^
[error]    |                            Found:    java.time.Duration | Null
[error]    |                            Required: java.time.Duration
[error]    |
[error]    | longer explanation available when compiling with `-explain`
[error] -- [E007] Type Mismatch Error: /Users/y3536zha/Desktop/scala_explicit/scala_flexible_type_with_test_script/community-build/community-projects/scala-java8-compat/src/main/scala/scala/compat/java8/OptionConverters.scala:66:93 
[error] 66 |      def fromJava(o: Optional[Double]): OptionalDouble = if (o.isPresent) OptionalDouble.of(o.get) else OptionalDouble.empty
[error]    |                                                                                             ^^^^^
[error]    |                                                 Found:    Double | Null
[error]    |                                                 Required: Double
[error]    |
[error]    | longer explanation available when compiling with `-explain`
[error] -- [E007] Type Mismatch Error: /Users/y3536zha/Desktop/scala_explicit/scala_flexible_type_with_test_script/community-build/community-projects/scala-java8-compat/src/main/scala/scala/compat/java8/OptionConverters.scala:66:105 
[error] 66 |      def fromJava(o: Optional[Double]): OptionalDouble = if (o.isPresent) OptionalDouble.of(o.get) else OptionalDouble.empty
[error]    |                                                                                                         ^^^^^^^^^^^^^^^^^^^^
[error]    |                               Found:    java.util.OptionalDouble | Null
[error]    |                               Required: java.util.OptionalDouble
[error]    |
[error]    | longer explanation available when compiling with `-explain`
[error] -- [E007] Type Mismatch Error: /Users/y3536zha/Desktop/scala_explicit/scala_flexible_type_with_test_script/community-build/community-projects/scala-java8-compat/src/main/scala/scala/compat/java8/OptionConverters.scala:68:100 
[error] 68 |      def fromScala(o: Option[Double]): OptionalDouble = o match { case Some(d) => OptionalDouble.of(d); case _ => OptionalDouble.empty }
[error]    |                                                                                   ^^^^^^^^^^^^^^^^^^^^
[error]    |                               Found:    java.util.OptionalDouble | Null
[error]    |                               Required: java.util.OptionalDouble
[error]    |
[error]    | longer explanation available when compiling with `-explain`
[error] -- [E007] Type Mismatch Error: /Users/y3536zha/Desktop/scala_explicit/scala_flexible_type_with_test_script/community-build/community-projects/scala-java8-compat/src/main/scala/scala/compat/java8/OptionConverters.scala:68:115 
[error] 68 |      def fromScala(o: Option[Double]): OptionalDouble = o match { case Some(d) => OptionalDouble.of(d); case _ => OptionalDouble.empty }
[error]    |                                                                                                                   ^^^^^^^^^^^^^^^^^^^^
[error]    |                               Found:    java.util.OptionalDouble | Null
[error]    |                               Required: java.util.OptionalDouble
[error]    |
[error]    | longer explanation available when compiling with `-explain`
[error] -- [E007] Type Mismatch Error: /Users/y3536zha/Desktop/scala_explicit/scala_flexible_type_with_test_script/community-build/community-projects/scala-java8-compat/src/main/scala/scala/compat/java8/OptionConverters.scala:75:84 
[error] 75 |      def fromJava(o: Optional[Int]): OptionalInt = if (o.isPresent) OptionalInt.of(o.get) else OptionalInt.empty
[error]    |                                                                                    ^^^^^
[error]    |                                                    Found:    Int | Null
[error]    |                                                    Required: Int
[error]    |
[error]    | longer explanation available when compiling with `-explain`
[error] -- [E007] Type Mismatch Error: /Users/y3536zha/Desktop/scala_explicit/scala_flexible_type_with_test_script/community-build/community-projects/scala-java8-compat/src/main/scala/scala/compat/java8/OptionConverters.scala:75:96 
[error] 75 |      def fromJava(o: Optional[Int]): OptionalInt = if (o.isPresent) OptionalInt.of(o.get) else OptionalInt.empty
[error]    |                                                                                                ^^^^^^^^^^^^^^^^^
[error]    |                                  Found:    java.util.OptionalInt | Null
[error]    |                                  Required: java.util.OptionalInt
[error]    |
[error]    | longer explanation available when compiling with `-explain`
[error] -- [E007] Type Mismatch Error: /Users/y3536zha/Desktop/scala_explicit/scala_flexible_type_with_test_script/community-build/community-projects/scala-java8-compat/src/main/scala/scala/compat/java8/OptionConverters.scala:77:91 
[error] 77 |      def fromScala(o: Option[Int]): OptionalInt = o match { case Some(d) => OptionalInt.of(d); case _ => OptionalInt.empty }
[error]    |                                                                             ^^^^^^^^^^^^^^^^^
[error]    |                                  Found:    java.util.OptionalInt | Null
[error]    |                                  Required: java.util.OptionalInt
[error]    |
[error]    | longer explanation available when compiling with `-explain`
[error] -- [E007] Type Mismatch Error: /Users/y3536zha/Desktop/scala_explicit/scala_flexible_type_with_test_script/community-build/community-projects/scala-java8-compat/src/main/scala/scala/compat/java8/OptionConverters.scala:77:106 
[error] 77 |      def fromScala(o: Option[Int]): OptionalInt = o match { case Some(d) => OptionalInt.of(d); case _ => OptionalInt.empty }
[error]    |                                                                                                          ^^^^^^^^^^^^^^^^^
[error]    |                                  Found:    java.util.OptionalInt | Null
[error]    |                                  Required: java.util.OptionalInt
[error]    |
[error]    | longer explanation available when compiling with `-explain`
[error] -- [E007] Type Mismatch Error: /Users/y3536zha/Desktop/scala_explicit/scala_flexible_type_with_test_script/community-build/community-projects/scala-java8-compat/src/main/scala/scala/compat/java8/OptionConverters.scala:84:87 
[error] 84 |      def fromJava(o: Optional[Long]): OptionalLong = if (o.isPresent) OptionalLong.of(o.get) else OptionalLong.empty
[error]    |                                                                                       ^^^^^
[error]    |                                                   Found:    Long | Null
[error]    |                                                   Required: Long
[error]    |
[error]    | longer explanation available when compiling with `-explain`
[error] -- [E007] Type Mismatch Error: /Users/y3536zha/Desktop/scala_explicit/scala_flexible_type_with_test_script/community-build/community-projects/scala-java8-compat/src/main/scala/scala/compat/java8/OptionConverters.scala:84:99 
[error] 84 |      def fromJava(o: Optional[Long]): OptionalLong = if (o.isPresent) OptionalLong.of(o.get) else OptionalLong.empty
[error]    |                                                                                                   ^^^^^^^^^^^^^^^^^^
[error]    |                                 Found:    java.util.OptionalLong | Null
[error]    |                                 Required: java.util.OptionalLong
[error]    |
[error]    | longer explanation available when compiling with `-explain`
[error] -- [E007] Type Mismatch Error: /Users/y3536zha/Desktop/scala_explicit/scala_flexible_type_with_test_script/community-build/community-projects/scala-java8-compat/src/main/scala/scala/compat/java8/OptionConverters.scala:86:94 
[error] 86 |      def fromScala(o: Option[Long]): OptionalLong = o match { case Some(d) => OptionalLong.of(d); case _ => OptionalLong.empty }
[error]    |                                                                               ^^^^^^^^^^^^^^^^^^
[error]    |                                 Found:    java.util.OptionalLong | Null
[error]    |                                 Required: java.util.OptionalLong
[error]    |
[error]    | longer explanation available when compiling with `-explain`
[error] -- [E007] Type Mismatch Error: /Users/y3536zha/Desktop/scala_explicit/scala_flexible_type_with_test_script/community-build/community-projects/scala-java8-compat/src/main/scala/scala/compat/java8/OptionConverters.scala:86:109 
[error] 86 |      def fromScala(o: Option[Long]): OptionalLong = o match { case Some(d) => OptionalLong.of(d); case _ => OptionalLong.empty }
[error]    |                                                                                                             ^^^^^^^^^^^^^^^^^^
[error]    |                                 Found:    java.util.OptionalLong | Null
[error]    |                                 Required: java.util.OptionalLong
[error]    |
[error]    | longer explanation available when compiling with `-explain`
[error] -- [E007] Type Mismatch Error: /Users/y3536zha/Desktop/scala_explicit/scala_flexible_type_with_test_script/community-build/community-projects/scala-java8-compat/src/main/scala/scala/compat/java8/OptionConverters.scala:92:60 
[error] 92 |    def asScala: Option[A] = if (underlying.isPresent) Some(underlying.get) else None
[error]    |                                                            ^^^^^^^^^^^^^^
[error]    |                                                      Found:    A | Null
[error]    |                                                      Required: A
[error]    |
[error]    | longer explanation available when compiling with `-explain`
[error] -- [E007] Type Mismatch Error: /Users/y3536zha/Desktop/scala_explicit/scala_flexible_type_with_test_script/community-build/community-projects/scala-java8-compat/src/main/scala/scala/compat/java8/OptionConverters.scala:100:84 
[error] 100 |    def asJava: Optional[A] = underlying match { case Some(a) => Optional.ofNullable(a); case _ => Optional.empty[A] }
[error]     |                                                                 ^^^^^^^^^^^^^^^^^^^^^^
[error]     |                                Found:    java.util.Optional[A] | Null
[error]     |                                Required: java.util.Optional[A]
[error]     |
[error]     | longer explanation available when compiling with `-explain`
[error] -- [E007] Type Mismatch Error: /Users/y3536zha/Desktop/scala_explicit/scala_flexible_type_with_test_script/community-build/community-projects/scala-java8-compat/src/main/scala/scala/compat/java8/OptionConverters.scala:100:99 
[error] 100 |    def asJava: Optional[A] = underlying match { case Some(a) => Optional.ofNullable(a); case _ => Optional.empty[A] }
[error]     |                                                                                                   ^^^^^^^^^^^^^^^^^
[error]     |                                Found:    java.util.Optional[A] | Null
[error]     |                                Required: java.util.Optional[A]
[error]     |
[error]     | longer explanation available when compiling with `-explain`
[error] -- [E007] Type Mismatch Error: /Users/y3536zha/Desktop/scala_explicit/scala_flexible_type_with_test_script/community-build/community-projects/scala-java8-compat/src/main/scala/scala/compat/java8/OptionConverters.scala:110:75 
[error] 110 |    def asGeneric: Optional[Double] = if (underlying.isPresent) Optional.of(underlying.getAsDouble) else Optional.empty[Double]
[error]     |                                                                ^^^^^^^^^^^^^^^^^^^^^^^^^^^^^^^^^^^
[error]     |                           Found:    java.util.Optional[Double] | Null
[error]     |                           Required: java.util.Optional[Double]
[error]     |
[error]     | longer explanation available when compiling with `-explain`
[error] -- [E007] Type Mismatch Error: /Users/y3536zha/Desktop/scala_explicit/scala_flexible_type_with_test_script/community-build/community-projects/scala-java8-compat/src/main/scala/scala/compat/java8/OptionConverters.scala:110:105 
[error] 110 |    def asGeneric: Optional[Double] = if (underlying.isPresent) Optional.of(underlying.getAsDouble) else Optional.empty[Double]
[error]     |                                                                                                         ^^^^^^^^^^^^^^^^^^^^^^
[error]     |                           Found:    java.util.Optional[Double] | Null
[error]     |                           Required: java.util.Optional[Double]
[error]     |
[error]     | longer explanation available when compiling with `-explain`
[error] -- [E007] Type Mismatch Error: /Users/y3536zha/Desktop/scala_explicit/scala_flexible_type_with_test_script/community-build/community-projects/scala-java8-compat/src/main/scala/scala/compat/java8/OptionConverters.scala:118:72 
[error] 118 |    def asGeneric: Optional[Int] = if (underlying.isPresent) Optional.of(underlying.getAsInt) else Optional.empty[Int]
[error]     |                                                             ^^^^^^^^^^^^^^^^^^^^^^^^^^^^^^^^
[error]     |                              Found:    java.util.Optional[Int] | Null
[error]     |                              Required: java.util.Optional[Int]
[error]     |
[error]     | longer explanation available when compiling with `-explain`
[error] -- [E007] Type Mismatch Error: /Users/y3536zha/Desktop/scala_explicit/scala_flexible_type_with_test_script/community-build/community-projects/scala-java8-compat/src/main/scala/scala/compat/java8/OptionConverters.scala:118:99 
[error] 118 |    def asGeneric: Optional[Int] = if (underlying.isPresent) Optional.of(underlying.getAsInt) else Optional.empty[Int]
[error]     |                                                                                                   ^^^^^^^^^^^^^^^^^^^
[error]     |                              Found:    java.util.Optional[Int] | Null
[error]     |                              Required: java.util.Optional[Int]
[error]     |
[error]     | longer explanation available when compiling with `-explain`
[error] -- [E007] Type Mismatch Error: /Users/y3536zha/Desktop/scala_explicit/scala_flexible_type_with_test_script/community-build/community-projects/scala-java8-compat/src/main/scala/scala/compat/java8/OptionConverters.scala:126:73 
[error] 126 |    def asGeneric: Optional[Long] = if (underlying.isPresent) Optional.of(underlying.getAsLong) else Optional.empty[Long]
[error]     |                                                              ^^^^^^^^^^^^^^^^^^^^^^^^^^^^^^^^^
[error]     |                             Found:    java.util.Optional[Long] | Null
[error]     |                             Required: java.util.Optional[Long]
[error]     |
[error]     | longer explanation available when compiling with `-explain`
[error] -- [E007] Type Mismatch Error: /Users/y3536zha/Desktop/scala_explicit/scala_flexible_type_with_test_script/community-build/community-projects/scala-java8-compat/src/main/scala/scala/compat/java8/OptionConverters.scala:126:101 
[error] 126 |    def asGeneric: Optional[Long] = if (underlying.isPresent) Optional.of(underlying.getAsLong) else Optional.empty[Long]
[error]     |                                                                                                     ^^^^^^^^^^^^^^^^^^^^
[error]     |                             Found:    java.util.Optional[Long] | Null
[error]     |                             Required: java.util.Optional[Long]
[error]     |
[error]     | longer explanation available when compiling with `-explain`
[error] -- [E007] Type Mismatch Error: /Users/y3536zha/Desktop/scala_explicit/scala_flexible_type_with_test_script/community-build/community-projects/scala-java8-compat/src/main/scala/scala/compat/java8/OptionConverters.scala:130:96 
[error] 130 |  final def toJava[A](o: Option[A]): Optional[A] = o match { case Some(a) => Optional.ofNullable(a); case _ => Optional.empty[A] }
[error]     |                                                                             ^^^^^^^^^^^^^^^^^^^^^^
[error]     |                                Found:    java.util.Optional[A] | Null
[error]     |                                Required: java.util.Optional[A]
[error]     |
[error]     | longer explanation available when compiling with `-explain`
[error] -- [E007] Type Mismatch Error: /Users/y3536zha/Desktop/scala_explicit/scala_flexible_type_with_test_script/community-build/community-projects/scala-java8-compat/src/main/scala/scala/compat/java8/OptionConverters.scala:130:111 
[error] 130 |  final def toJava[A](o: Option[A]): Optional[A] = o match { case Some(a) => Optional.ofNullable(a); case _ => Optional.empty[A] }
[error]     |                                                                                                               ^^^^^^^^^^^^^^^^^
[error]     |                                Found:    java.util.Optional[A] | Null
[error]     |                                Required: java.util.Optional[A]
[error]     |
[error]     | longer explanation available when compiling with `-explain`
[error] -- [E007] Type Mismatch Error: /Users/y3536zha/Desktop/scala_explicit/scala_flexible_type_with_test_script/community-build/community-projects/scala-java8-compat/src/main/scala/scala/compat/java8/OptionConverters.scala:133:74 
[error] 133 |  final def toScala[A](o: Optional[A]): Option[A] = if (o.isPresent) Some(o.get) else None
[error]     |                                                                          ^^^^^
[error]     |                                                    Found:    A | Null
[error]     |                                                    Required: A
[error]     |
[error]     | longer explanation available when compiling with `-explain`
[error] -- [E007] Type Mismatch Error: /Users/y3536zha/Desktop/scala_explicit/scala_flexible_type_with_test_script/community-build/community-projects/scala-java8-compat/src/main/scala/scala/concurrent/java8/FutureConvertersImpl.scala:35:92 
[error] 35 |    override def thenApply[U](fn: JF[_ >: T, _ <: U]): CompletableFuture[U] = thenApplyAsync(fn)
[error]    |                                                                              ^^^^^^^^^^^^^^^^^^
[error]    |              Found:    java.util.concurrent.CompletableFuture[U] | Null
[error]    |              Required: java.util.concurrent.CompletableFuture[U]
[error]    |
[error]    | longer explanation available when compiling with `-explain`
[error] -- [E007] Type Mismatch Error: /Users/y3536zha/Desktop/scala_explicit/scala_flexible_type_with_test_script/community-build/community-projects/scala-java8-compat/src/main/scala/scala/concurrent/java8/FutureConvertersImpl.scala:37:92 
[error] 37 |    override def thenAccept(fn: Consumer[_ >: T]): CompletableFuture[Void] = thenAcceptAsync(fn)
[error]    |                                                                             ^^^^^^^^^^^^^^^^^^^
[error]    |           Found:    java.util.concurrent.CompletableFuture[Void] | Null
[error]    |           Required: java.util.concurrent.CompletableFuture[Void]
[error]    |
[error]    | longer explanation available when compiling with `-explain`
[error] -- [E007] Type Mismatch Error: /Users/y3536zha/Desktop/scala_explicit/scala_flexible_type_with_test_script/community-build/community-projects/scala-java8-compat/src/main/scala/scala/concurrent/java8/FutureConvertersImpl.scala:39:78 
[error] 39 |    override def thenRun(fn: Runnable): CompletableFuture[Void] = thenRunAsync(fn)
[error]    |                                                                  ^^^^^^^^^^^^^^^^
[error]    |           Found:    java.util.concurrent.CompletableFuture[Void] | Null
[error]    |           Required: java.util.concurrent.CompletableFuture[Void]
[error]    |
[error]    | longer explanation available when compiling with `-explain`
[error] -- [E007] Type Mismatch Error: /Users/y3536zha/Desktop/scala_explicit/scala_flexible_type_with_test_script/community-build/community-projects/scala-java8-compat/src/main/scala/scala/concurrent/java8/FutureConvertersImpl.scala:41:144 
[error] 41 |    override def thenCombine[U, V](cs: CompletionStage[_ <: U], fn: BiFunction[_ >: T, _ >: U, _ <: V]): CompletableFuture[V] = thenCombineAsync(cs, fn)
[error]    |                                                                                                                                ^^^^^^^^^^^^^^^^^^^^^^^^
[error]    |              Found:    java.util.concurrent.CompletableFuture[V] | Null
[error]    |              Required: java.util.concurrent.CompletableFuture[V]
[error]    |
[error]    | longer explanation available when compiling with `-explain`
[error] -- [E007] Type Mismatch Error: /Users/y3536zha/Desktop/scala_explicit/scala_flexible_type_with_test_script/community-build/community-projects/scala-java8-compat/src/main/scala/scala/concurrent/java8/FutureConvertersImpl.scala:43:142 
[error] 43 |    override def thenAcceptBoth[U](cs: CompletionStage[_ <: U], fn: BiConsumer[_ >: T, _ >: U]): CompletableFuture[Void] = thenAcceptBothAsync(cs, fn)
[error]    |                                                                                                                           ^^^^^^^^^^^^^^^^^^^^^^^^^^^
[error]    |           Found:    java.util.concurrent.CompletableFuture[Void] | Null
[error]    |           Required: java.util.concurrent.CompletableFuture[Void]
[error]    |
[error]    | longer explanation available when compiling with `-explain`
[error] -- [E007] Type Mismatch Error: /Users/y3536zha/Desktop/scala_explicit/scala_flexible_type_with_test_script/community-build/community-projects/scala-java8-compat/src/main/scala/scala/concurrent/java8/FutureConvertersImpl.scala:45:112 
[error] 45 |    override def runAfterBoth(cs: CompletionStage[_], fn: Runnable): CompletableFuture[Void] = runAfterBothAsync(cs, fn)
[error]    |                                                                                               ^^^^^^^^^^^^^^^^^^^^^^^^^
[error]    |           Found:    java.util.concurrent.CompletableFuture[Void] | Null
[error]    |           Required: java.util.concurrent.CompletableFuture[Void]
[error]    |
[error]    | longer explanation available when compiling with `-explain`
[error] -- [E007] Type Mismatch Error: /Users/y3536zha/Desktop/scala_explicit/scala_flexible_type_with_test_script/community-build/community-projects/scala-java8-compat/src/main/scala/scala/concurrent/java8/FutureConvertersImpl.scala:47:124 
[error] 47 |    override def applyToEither[U](cs: CompletionStage[_ <: T], fn: JF[_ >: T, U]): CompletableFuture[U] = applyToEitherAsync(cs, fn)
[error]    |                                                                                                          ^^^^^^^^^^^^^^^^^^^^^^^^^^
[error]    |              Found:    java.util.concurrent.CompletableFuture[U] | Null
[error]    |              Required: java.util.concurrent.CompletableFuture[U]
[error]    |
[error]    | longer explanation available when compiling with `-explain`
[error] -- [E007] Type Mismatch Error: /Users/y3536zha/Desktop/scala_explicit/scala_flexible_type_with_test_script/community-build/community-projects/scala-java8-compat/src/main/scala/scala/concurrent/java8/FutureConvertersImpl.scala:49:125 
[error] 49 |    override def acceptEither(cs: CompletionStage[_ <: T], fn: Consumer[_ >: T]): CompletableFuture[Void] = acceptEitherAsync(cs, fn)
[error]    |                                                                                                            ^^^^^^^^^^^^^^^^^^^^^^^^^
[error]    |           Found:    java.util.concurrent.CompletableFuture[Void] | Null
[error]    |           Required: java.util.concurrent.CompletableFuture[Void]
[error]    |
[error]    | longer explanation available when compiling with `-explain`
[error] -- [E007] Type Mismatch Error: /Users/y3536zha/Desktop/scala_explicit/scala_flexible_type_with_test_script/community-build/community-projects/scala-java8-compat/src/main/scala/scala/concurrent/java8/FutureConvertersImpl.scala:51:116 
[error] 51 |    override def runAfterEither(cs: CompletionStage[_], fn: Runnable): CompletableFuture[Void] = runAfterEitherAsync(cs, fn)
[error]    |                                                                                                 ^^^^^^^^^^^^^^^^^^^^^^^^^^^
[error]    |           Found:    java.util.concurrent.CompletableFuture[Void] | Null
[error]    |           Required: java.util.concurrent.CompletableFuture[Void]
[error]    |
[error]    | longer explanation available when compiling with `-explain`
[error] -- [E007] Type Mismatch Error: /Users/y3536zha/Desktop/scala_explicit/scala_flexible_type_with_test_script/community-build/community-projects/scala-java8-compat/src/main/scala/scala/concurrent/java8/FutureConvertersImpl.scala:53:113 
[error] 53 |    override def thenCompose[U](fn: JF[_ >: T, _ <: CompletionStage[U]]): CompletableFuture[U] = thenComposeAsync(fn)
[error]    |                                                                                                 ^^^^^^^^^^^^^^^^^^^^
[error]    |              Found:    java.util.concurrent.CompletableFuture[U] | Null
[error]    |              Required: java.util.concurrent.CompletableFuture[U]
[error]    |
[error]    | longer explanation available when compiling with `-explain`
[error] -- [E007] Type Mismatch Error: /Users/y3536zha/Desktop/scala_explicit/scala_flexible_type_with_test_script/community-build/community-projects/scala-java8-compat/src/main/scala/scala/concurrent/java8/FutureConvertersImpl.scala:55:111 
[error] 55 |    override def whenComplete(fn: BiConsumer[_ >: T, _ >: Throwable]): CompletableFuture[T] = whenCompleteAsync(fn)
[error]    |                                                                                              ^^^^^^^^^^^^^^^^^^^^^
[error]    |              Found:    java.util.concurrent.CompletableFuture[T] | Null
[error]    |              Required: java.util.concurrent.CompletableFuture[T]
[error]    |
[error]    | longer explanation available when compiling with `-explain`
[error] -- [E007] Type Mismatch Error: /Users/y3536zha/Desktop/scala_explicit/scala_flexible_type_with_test_script/community-build/community-projects/scala-java8-compat/src/main/scala/scala/concurrent/java8/FutureConvertersImpl.scala:57:105 
[error] 57 |    override def handle[U](fn: BiFunction[_ >: T, Throwable, _ <: U]): CompletableFuture[U] = handleAsync(fn)
[error]    |                                                                                              ^^^^^^^^^^^^^^^
[error]    |              Found:    java.util.concurrent.CompletableFuture[U] | Null
[error]    |              Required: java.util.concurrent.CompletableFuture[U]
[error]    |
[error]    | longer explanation available when compiling with `-explain`
[error] -- [E172] Type Error: /Users/y3536zha/Desktop/scala_explicit/scala_flexible_type_with_test_script/community-build/community-projects/scala-java8-compat/src/main/scala/scala/concurrent/java8/FutureConvertersImpl.scala:63:14 
[error] 63 |          if (e == null) cf.complete(t)
[error]    |              ^^^^^^^^^
[error]    |     Values of types Throwable and Null cannot be compared with == or !=
[error] -- [E007] Type Mismatch Error: /Users/y3536zha/Desktop/scala_explicit/scala_flexible_type_with_test_script/community-build/community-projects/scala-java8-compat/src/main/scala/scala/concurrent/java8/FutureConvertersImpl.scala:90:63 
[error] 90 |    override def get(): T = scala.concurrent.blocking(super.get())
[error]    |                                                      ^^^^^^^^^^^
[error]    |                                                      Found:    T | Null
[error]    |                                                      Required: T
[error]    |
[error]    | longer explanation available when compiling with `-explain`
[error] -- [E007] Type Mismatch Error: /Users/y3536zha/Desktop/scala_explicit/scala_flexible_type_with_test_script/community-build/community-projects/scala-java8-compat/src/main/scala/scala/concurrent/java8/FutureConvertersImpl.scala:92:92 
[error] 92 |    override def get(timeout: Long, unit: TimeUnit): T = scala.concurrent.blocking(super.get(timeout, unit))
[error]    |                                                                                   ^^^^^^^^^^^^^^^^^^^^^^^^
[error]    |                                                      Found:    T | Null
[error]    |                                                      Required: T
[error]    |
[error]    | longer explanation available when compiling with `-explain`
[error] -- [E172] Type Error: /Users/y3536zha/Desktop/scala_explicit/scala_flexible_type_with_test_script/community-build/community-projects/scala-java8-compat/src/main/scala/scala/concurrent/java8/FutureConvertersImpl.scala:99:10 
[error] 99 |      if (e == null) complete(Success(v))
[error]    |          ^^^^^^^^^
[error]    |     Values of types Throwable and Null cannot be compared with == or !=
[error] -- [E007] Type Mismatch Error: /Users/y3536zha/Desktop/scala_explicit/scala_flexible_type_with_test_script/community-build/community-projects/scala-java8-compat/target/scala-3.3.1-RC1-bin-SNAPSHOT/src_managed/main/FunctionConverters.scala:30:38 
[error] 30 |    def apply(x1: T, x2: U) = jf.apply(x1, x2)
[error]    |                              ^^^^^^^^^^^^^^^^
[error]    |                              Found:    R | Null
[error]    |                              Required: R
[error]    |
[error]    | longer explanation available when compiling with `-explain`
[error] -- [E007] Type Mismatch Error: /Users/y3536zha/Desktop/scala_explicit/scala_flexible_type_with_test_script/community-build/community-projects/scala-java8-compat/target/scala-3.3.1-RC1-bin-SNAPSHOT/src_managed/main/FunctionConverters.scala:64:38 
[error] 64 |    def apply(x1: T, x2: T) = jf.apply(x1, x2)
[error]    |                              ^^^^^^^^^^^^^^^^
[error]    |                              Found:    T | Null
[error]    |                              Required: T
[error]    |
[error]    | longer explanation available when compiling with `-explain`
[error] -- [E007] Type Mismatch Error: /Users/y3536zha/Desktop/scala_explicit/scala_flexible_type_with_test_script/community-build/community-projects/scala-java8-compat/target/scala-3.3.1-RC1-bin-SNAPSHOT/src_managed/main/FunctionConverters.scala:149:42 
[error] 149 |    def apply(x1: scala.Double) = jf.apply(x1)
[error]     |                                  ^^^^^^^^^^^^
[error]     |                                  Found:    R | Null
[error]     |                                  Required: R
[error]     |
[error]     | longer explanation available when compiling with `-explain`
[error] -- [E007] Type Mismatch Error: /Users/y3536zha/Desktop/scala_explicit/scala_flexible_type_with_test_script/community-build/community-projects/scala-java8-compat/target/scala-3.3.1-RC1-bin-SNAPSHOT/src_managed/main/FunctionConverters.scala:251:31 
[error] 251 |    def apply(x1: T) = jf.apply(x1)
[error]     |                       ^^^^^^^^^^^^
[error]     |                       Found:    R | Null
[error]     |                       Required: R
[error]     |
[error]     | longer explanation available when compiling with `-explain`
[error] -- [E007] Type Mismatch Error: /Users/y3536zha/Desktop/scala_explicit/scala_flexible_type_with_test_script/community-build/community-projects/scala-java8-compat/target/scala-3.3.1-RC1-bin-SNAPSHOT/src_managed/main/FunctionConverters.scala:302:39 
[error] 302 |    def apply(x1: scala.Int) = jf.apply(x1)
[error]     |                               ^^^^^^^^^^^^
[error]     |                               Found:    R | Null
[error]     |                               Required: R
[error]     |
[error]     | longer explanation available when compiling with `-explain`
[error] -- [E007] Type Mismatch Error: /Users/y3536zha/Desktop/scala_explicit/scala_flexible_type_with_test_script/community-build/community-projects/scala-java8-compat/target/scala-3.3.1-RC1-bin-SNAPSHOT/src_managed/main/FunctionConverters.scala:438:40 
[error] 438 |    def apply(x1: scala.Long) = jf.apply(x1)
[error]     |                                ^^^^^^^^^^^^
[error]     |                                Found:    R | Null
[error]     |                                Required: R
[error]     |
[error]     | longer explanation available when compiling with `-explain`
[error] -- [E007] Type Mismatch Error: /Users/y3536zha/Desktop/scala_explicit/scala_flexible_type_with_test_script/community-build/community-projects/scala-java8-compat/target/scala-3.3.1-RC1-bin-SNAPSHOT/src_managed/main/FunctionConverters.scala:608:24 
[error] 608 |    def apply() = jf.get()
[error]     |                  ^^^^^^^^
[error]     |                  Found:    T | Null
[error]     |                  Required: T
[error]     |
[error]     | longer explanation available when compiling with `-explain`
[error] -- [E007] Type Mismatch Error: /Users/y3536zha/Desktop/scala_explicit/scala_flexible_type_with_test_script/community-build/community-projects/scala-java8-compat/target/scala-3.3.1-RC1-bin-SNAPSHOT/src_managed/main/FunctionConverters.scala:727:31 
[error] 727 |    def apply(x1: T) = jf.apply(x1)
[error]     |                       ^^^^^^^^^^^^
[error]     |                       Found:    T | Null
[error]     |                       Required: T
[error]     |
[error]     | longer explanation available when compiling with `-explain`
[error] 71 errors found
[error] Module scala-java8-compat:1.0.0+50-eb16484f-SNAPSHOT is not binary compatible with versions . You have to relax your compatibility intention by changing the value of versionPolicyIntention.
[error] mimaReportBinaryIssues failed
[error] (Compile / compileIncremental) Compilation failed
[error] (versionPolicyMimaCheck) mimaReportBinaryIssues failed
[error] Total time: 11 s, completed Jun 22, 2023, 12:26:46 AM
[32mRerunning tests in scala-java8-compat because of a previous run failure.[0m
[32msbt -sbt-version 1.8.0 -Dsbt.supershell=false -Ddotty.communitybuild.dir=/Users/y3536zha/Desktop/scala_explicit/scala_flexible_type_with_test_script/community-build --addPluginSbtFile=/Users/y3536zha/Desktop/scala_explicit/scala_flexible_type_with_test_script/community-build/sbt-injected-plugins set Global/testOptions += Tests.Argument(TestFramework("munit.Framework"), "+l"); clean; set Global/logLevel := Level.Error; set Global/updateOptions ~= (_.withLatestSnapshots(false)); set Global/scalacOptions ++= List("-Xcheck-macros","-Ysafe-init","-Yexplicit-nulls");++3.3.1-RC1-bin-SNAPSHOT!; test[0m
[info] welcome to sbt 1.8.0 (Oracle Corporation Java 9.0.4)
[info] loading global plugins from /Users/y3536zha/.sbt/1.0/plugins
[info] loading settings for project scala-java8-compat-build from plugins.sbt,sbt-injected-plugins ...
[info] loading project definition from /Users/y3536zha/Desktop/scala_explicit/scala_flexible_type_with_test_script/community-build/community-projects/scala-java8-compat/project
[info] loading settings for project scalaJava8Compat from build.sbt ...
SLF4J: No SLF4J providers were found.
SLF4J: Defaulting to no-operation (NOP) logger implementation
SLF4J: See https://www.slf4j.org/codes.html#noProviders for further details.
SLF4J: Class path contains SLF4J bindings targeting slf4j-api versions 1.7.x or earlier.
SLF4J: Ignoring binding found at [jar:file:/Users/y3536zha/.sbt/boot/scala-2.12.17/org.scala-sbt/sbt/1.8.0/log4j-slf4j-impl-2.17.1.jar!/org/slf4j/impl/StaticLoggerBinder.class]
SLF4J: See https://www.slf4j.org/codes.html#ignoredBindings for an explanation.
[info] set current project to scala-java8-compat (in build file:/Users/y3536zha/Desktop/scala_explicit/scala_flexible_type_with_test_script/community-build/community-projects/scala-java8-compat/)
[info] Defining Global / testOptions
[info] The new value will be used by testOptions
[info] Reapplying settings...
[info] set current project to scala-java8-compat (in build file:/Users/y3536zha/Desktop/scala_explicit/scala_flexible_type_with_test_script/community-build/community-projects/scala-java8-compat/)
[success] Total time: 0 s, completed Jun 22, 2023, 12:26:54 AM
[info] Defining Global / logLevel
[info] The new value will be used by Test / test / testListeners, Test / testOnly / testListeners and 5 others.
[info] 	Run `last` for details.
[info] Reapplying settings...
[info] set current project to scala-java8-compat (in build file:/Users/y3536zha/Desktop/scala_explicit/scala_flexible_type_with_test_script/community-build/community-projects/scala-java8-compat/)
[info] Defining Global / updateOptions
[info] The new value will be used by dependencyTreeIgnoreMissingUpdate / updateOptions, ivyConfiguration, pushRemoteCache / ivyConfiguration
[info] Reapplying settings...
[info] set current project to scala-java8-compat (in build file:/Users/y3536zha/Desktop/scala_explicit/scala_flexible_type_with_test_script/community-build/community-projects/scala-java8-compat/)
[info] Defining Global / scalacOptions
[info] The new value will be used by Compile / scalacOptions, Genjavadoc / scalacOptions
[info] Reapplying settings...
[info] set current project to scala-java8-compat (in build file:/Users/y3536zha/Desktop/scala_explicit/scala_flexible_type_with_test_script/community-build/community-projects/scala-java8-compat/)
[info] Forcing Scala version to 3.3.1-RC1-bin-SNAPSHOT on all projects.
[info] Reapplying settings...
[info] Loading dependency tracking file /Users/y3536zha/Desktop/scala_explicit/scala_flexible_type_with_test_script/community-build/dotty-community-build-deps
[info] Dependency tracking file /Users/y3536zha/Desktop/scala_explicit/scala_flexible_type_with_test_script/community-build/dotty-community-build-deps does not exist
[info] set current project to scala-java8-compat (in build file:/Users/y3536zha/Desktop/scala_explicit/scala_flexible_type_with_test_script/community-build/community-projects/scala-java8-compat/)
[error] -- [E007] Type Mismatch Error: /Users/y3536zha/Desktop/scala_explicit/scala_flexible_type_with_test_script/community-build/community-projects/scala-java8-compat/src/main/scala-2.13+/scala/compat/java8/StreamConverters.scala:154:57 
[error] 154 |    def seqStream: DoubleStream = java.util.Arrays.stream(a)
[error]     |                                  ^^^^^^^^^^^^^^^^^^^^^^^^^^
[error]     |                        Found:    java.util.stream.DoubleStream | Null
[error]     |                        Required: java.util.stream.DoubleStream
[error]     |
[error]     | longer explanation available when compiling with `-explain`
[error] -- [E007] Type Mismatch Error: /Users/y3536zha/Desktop/scala_explicit/scala_flexible_type_with_test_script/community-build/community-projects/scala-java8-compat/src/main/scala-2.13+/scala/compat/java8/StreamConverters.scala:156:34 
[error] 156 |    def parStream: DoubleStream = seqStream.parallel
[error]     |                                  ^^^^^^^^^^^^^^^^^^
[error]     |                        Found:    java.util.stream.DoubleStream | Null
[error]     |                        Required: java.util.stream.DoubleStream
[error]     |
[error]     | longer explanation available when compiling with `-explain`
[error] -- [E007] Type Mismatch Error: /Users/y3536zha/Desktop/scala_explicit/scala_flexible_type_with_test_script/community-build/community-projects/scala-java8-compat/src/main/scala-2.13+/scala/compat/java8/StreamConverters.scala:161:54 
[error] 161 |    def seqStream: IntStream = java.util.Arrays.stream(a)
[error]     |                               ^^^^^^^^^^^^^^^^^^^^^^^^^^
[error]     |                           Found:    java.util.stream.IntStream | Null
[error]     |                           Required: java.util.stream.IntStream
[error]     |
[error]     | longer explanation available when compiling with `-explain`
[error] -- [E007] Type Mismatch Error: /Users/y3536zha/Desktop/scala_explicit/scala_flexible_type_with_test_script/community-build/community-projects/scala-java8-compat/src/main/scala-2.13+/scala/compat/java8/StreamConverters.scala:163:31 
[error] 163 |    def parStream: IntStream = seqStream.parallel
[error]     |                               ^^^^^^^^^^^^^^^^^^
[error]     |                           Found:    java.util.stream.IntStream | Null
[error]     |                           Required: java.util.stream.IntStream
[error]     |
[error]     | longer explanation available when compiling with `-explain`
[error] -- [E007] Type Mismatch Error: /Users/y3536zha/Desktop/scala_explicit/scala_flexible_type_with_test_script/community-build/community-projects/scala-java8-compat/src/main/scala-2.13+/scala/compat/java8/StreamConverters.scala:168:55 
[error] 168 |    def seqStream: LongStream = java.util.Arrays.stream(a)
[error]     |                                ^^^^^^^^^^^^^^^^^^^^^^^^^^
[error]     |                          Found:    java.util.stream.LongStream | Null
[error]     |                          Required: java.util.stream.LongStream
[error]     |
[error]     | longer explanation available when compiling with `-explain`
[error] -- [E007] Type Mismatch Error: /Users/y3536zha/Desktop/scala_explicit/scala_flexible_type_with_test_script/community-build/community-projects/scala-java8-compat/src/main/scala-2.13+/scala/compat/java8/StreamConverters.scala:170:32 
[error] 170 |    def parStream: LongStream = seqStream.parallel
[error]     |                                ^^^^^^^^^^^^^^^^^^
[error]     |                          Found:    java.util.stream.LongStream | Null
[error]     |                          Required: java.util.stream.LongStream
[error]     |
[error]     | longer explanation available when compiling with `-explain`
[error] -- [E134] Type Error: /Users/y3536zha/Desktop/scala_explicit/scala_flexible_type_with_test_script/community-build/community-projects/scala-java8-compat/src/main/scala-2.13+/scala/compat/java8/StreamConverters.scala:175:48 
[error] 175 |    def seqStream: Stream[A] = java.util.Arrays.stream(a)
[error]     |                               ^^^^^^^^^^^^^^^^^^^^^^^
[error]     |None of the overloaded alternatives of method stream in object Arrays with types
[error]     | (x$0: Array[Double] | Null, x$1: Int, x$2: Int): java.util.streamÂ².DoubleStream
[error]     |  | Null
[error]     | (x$0: Array[Double] | Null): java.util.streamÂ².DoubleStream | Null
[error]     | (x$0: Array[Long] | Null, x$1: Int, x$2: Int): java.util.streamÂ².LongStream |
[error]     |  Null
[error]     | (x$0: Array[Long] | Null): java.util.streamÂ².LongStream | Null
[error]     | (x$0: Array[Int] | Null, x$1: Int, x$2: Int): java.util.streamÂ².IntStream | Null
[error]     | (x$0: Array[Int] | Null): java.util.streamÂ².IntStream | Null
[error]     | [T]
[error]     |  (x$0: Array[Object & T | Null] | Null, x$1: Int, x$2: Int):
[error]     |    java.util.streamÂ².Stream[T] | Null
[error]     | [T](x$0: Array[Object & TÂ² | Null] | Null): java.util.streamÂ².Stream[TÂ²] | Null
[error]     |match arguments ((AnyArrayHasSeqParStream.this.a : Array[A]))
[error]     |
[error]     |where:    A       is a type in class AnyArrayHasSeqParStream with bounds <: AnyRef
[error]     |          T       is a type variable with constraint <: Object
[error]     |          TÂ²      is a type variable with constraint <: Object
[error]     |          stream  is a method in object Arrays
[error]     |          streamÂ² is a package in package java.util
[error] -- [E007] Type Mismatch Error: /Users/y3536zha/Desktop/scala_explicit/scala_flexible_type_with_test_script/community-build/community-projects/scala-java8-compat/src/main/scala-2.13+/scala/compat/java8/StreamConverters.scala:177:31 
[error] 177 |    def parStream: Stream[A] = seqStream.parallel
[error]     |                               ^^^^^^^^^^^^^^^^^^
[error]     |Found:    java.util.stream.Stream[A] | Null
[error]     |Required: java.util.stream.Stream[A]
[error]     |
[error]     |where:    A is a type in class AnyArrayHasSeqParStream with bounds <: AnyRef
[error]     |
[error]     | longer explanation available when compiling with `-explain`
[error] -- [E008] Not Found Error: /Users/y3536zha/Desktop/scala_explicit/scala_flexible_type_with_test_script/community-build/community-projects/scala-java8-compat/src/main/scala-2.13+/scala/compat/java8/StreamConverters.scala:238:41 
[error] 238 |      else if (stream.isParallel) anyAcc.to(factory)
[error]     |                                  ^^^^^^^^^
[error]     |    value to is not a member of scala.jdk.AnyAccumulator[A] | Null.
[error]     |    Since explicit-nulls is enabled, the selection is rejected because
[error]     |    scala.jdk.AnyAccumulator[A] | Null could be null at runtime.
[error]     |    If you want to select to without checking for a null value,
[error]     |    insert a .nn before .to or import scala.language.unsafeNulls.
[error] -- [E008] Not Found Error: /Users/y3536zha/Desktop/scala_explicit/scala_flexible_type_with_test_script/community-build/community-projects/scala-java8-compat/src/main/scala-2.13+/scala/compat/java8/StreamConverters.scala:239:48 
[error] 239 |      else factory.fromSpecific(stream.iterator.asScala)
[error]     |                                ^^^^^^^^^^^^^^^^^^^^^^^
[error]     |    value asScala is not a member of java.util.Iterator[A] | Null.
[error]     |    An extension method was tried, but could not be fully constructed:
[error]     |
[error]     |        jdk.CollectionConverters.IteratorHasAsScala[A](
[error]     |          StreamHasToScala.this.stream.iterator())
[error] -- [E008] Not Found Error: /Users/y3536zha/Desktop/scala_explicit/scala_flexible_type_with_test_script/community-build/community-projects/scala-java8-compat/src/main/scala-2.13+/scala/compat/java8/StreamConverters.scala:258:48 
[error] 258 |      else factory.fromSpecific(stream.iterator.asScala)
[error]     |                                ^^^^^^^^^^^^^^^^^^^^^^^
[error]     |    value asScala is not a member of java.util.Iterator[A] | Null.
[error]     |    An extension method was tried, but could not be fully constructed:
[error]     |
[error]     |        jdk.CollectionConverters.IteratorHasAsScala[A](
[error]     |          StreamHasToScala.this.stream.iterator())
[error] -- [E008] Not Found Error: /Users/y3536zha/Desktop/scala_explicit/scala_flexible_type_with_test_script/community-build/community-projects/scala-java8-compat/src/main/scala-2.13+/scala/compat/java8/StreamConverters.scala:315:41 
[error] 315 |      else if (stream.isParallel) intAcc.to(factory)
[error]     |                                  ^^^^^^^^^
[error]     |    value to is not a member of scala.jdk.IntAccumulator | Null.
[error]     |    Since explicit-nulls is enabled, the selection is rejected because
[error]     |    scala.jdk.IntAccumulator | Null could be null at runtime.
[error]     |    If you want to select to without checking for a null value,
[error]     |    insert a .nn before .to or import scala.language.unsafeNulls.
[error] -- [E008] Not Found Error: /Users/y3536zha/Desktop/scala_explicit/scala_flexible_type_with_test_script/community-build/community-projects/scala-java8-compat/src/main/scala-2.13+/scala/compat/java8/StreamConverters.scala:363:42 
[error] 363 |      else if (stream.isParallel) longAcc.to(factory)
[error]     |                                  ^^^^^^^^^^
[error]     |    value to is not a member of scala.jdk.LongAccumulator | Null.
[error]     |    Since explicit-nulls is enabled, the selection is rejected because
[error]     |    scala.jdk.LongAccumulator | Null could be null at runtime.
[error]     |    If you want to select to without checking for a null value,
[error]     |    insert a .nn before .to or import scala.language.unsafeNulls.
[error] -- [E008] Not Found Error: /Users/y3536zha/Desktop/scala_explicit/scala_flexible_type_with_test_script/community-build/community-projects/scala-java8-compat/src/main/scala-2.13+/scala/compat/java8/StreamConverters.scala:411:44 
[error] 411 |      else if (stream.isParallel) doubleAcc.to(factory)
[error]     |                                  ^^^^^^^^^^^^
[error]     |    value to is not a member of scala.jdk.DoubleAccumulator | Null.
[error]     |    Since explicit-nulls is enabled, the selection is rejected because
[error]     |    scala.jdk.DoubleAccumulator | Null could be null at runtime.
[error]     |    If you want to select to without checking for a null value,
[error]     |    insert a .nn before .to or import scala.language.unsafeNulls.
[error] -- [E172] Type Error: /Users/y3536zha/Desktop/scala_explicit/scala_flexible_type_with_test_script/community-build/community-projects/scala-java8-compat/src/main/scala-2.13+/scala/compat/java8/converterImpl/StepperExtensions.scala:37:28 
[error] 37 |      case AnyAccumulator | null =>
[error]    |                            ^^^^
[error]    |        Values of types Null and AnyRef cannot be compared with == or !=
[error] -- [E007] Type Mismatch Error: /Users/y3536zha/Desktop/scala_explicit/scala_flexible_type_with_test_script/community-build/community-projects/scala-java8-compat/src/main/scala/scala/compat/java8/DurationConverters.scala:62:43 
[error] 62 |    if (duration.length == 0) JavaDuration.ZERO
[error]    |                              ^^^^^^^^^^^^^^^^^
[error]    |         Found:    (java.time.Duration.ZERO : java.time.Duration | Null)
[error]    |         Required: java.time.Duration
[error]    |
[error]    | longer explanation available when compiling with `-explain`
[error] -- [E007] Type Mismatch Error: /Users/y3536zha/Desktop/scala_explicit/scala_flexible_type_with_test_script/community-build/community-projects/scala-java8-compat/src/main/scala/scala/compat/java8/DurationConverters.scala:64:55 
[error] 64 |      case TimeUnit.NANOSECONDS => JavaDuration.ofNanos(duration.length)
[error]    |                                   ^^^^^^^^^^^^^^^^^^^^^^^^^^^^^^^^^^^^^
[error]    |                                   Found:    java.time.Duration | Null
[error]    |                                   Required: java.time.Duration
[error]    |
[error]    | longer explanation available when compiling with `-explain`
[error] -- [E007] Type Mismatch Error: /Users/y3536zha/Desktop/scala_explicit/scala_flexible_type_with_test_script/community-build/community-projects/scala-java8-compat/src/main/scala/scala/compat/java8/DurationConverters.scala:65:51 
[error] 65 |      case TimeUnit.MICROSECONDS => JavaDuration.of(duration.length, ChronoUnit.MICROS)
[error]    |                                    ^^^^^^^^^^^^^^^^^^^^^^^^^^^^^^^^^^^^^^^^^^^^^^^^^^^
[error]    |                                    Found:    java.time.Duration | Null
[error]    |                                    Required: java.time.Duration
[error]    |
[error]    | longer explanation available when compiling with `-explain`
[error] -- [E007] Type Mismatch Error: /Users/y3536zha/Desktop/scala_explicit/scala_flexible_type_with_test_script/community-build/community-projects/scala-java8-compat/src/main/scala/scala/compat/java8/DurationConverters.scala:66:57 
[error] 66 |      case TimeUnit.MILLISECONDS => JavaDuration.ofMillis(duration.length)
[error]    |                                    ^^^^^^^^^^^^^^^^^^^^^^^^^^^^^^^^^^^^^^
[error]    |                                    Found:    java.time.Duration | Null
[error]    |                                    Required: java.time.Duration
[error]    |
[error]    | longer explanation available when compiling with `-explain`
[error] -- [E007] Type Mismatch Error: /Users/y3536zha/Desktop/scala_explicit/scala_flexible_type_with_test_script/community-build/community-projects/scala-java8-compat/src/main/scala/scala/compat/java8/DurationConverters.scala:67:53 
[error] 67 |      case TimeUnit.SECONDS => JavaDuration.ofSeconds(duration.length)
[error]    |                               ^^^^^^^^^^^^^^^^^^^^^^^^^^^^^^^^^^^^^^^
[error]    |                               Found:    java.time.Duration | Null
[error]    |                               Required: java.time.Duration
[error]    |
[error]    | longer explanation available when compiling with `-explain`
[error] -- [E007] Type Mismatch Error: /Users/y3536zha/Desktop/scala_explicit/scala_flexible_type_with_test_script/community-build/community-projects/scala-java8-compat/src/main/scala/scala/compat/java8/DurationConverters.scala:68:53 
[error] 68 |      case TimeUnit.MINUTES => JavaDuration.ofMinutes(duration.length)
[error]    |                               ^^^^^^^^^^^^^^^^^^^^^^^^^^^^^^^^^^^^^^^
[error]    |                               Found:    java.time.Duration | Null
[error]    |                               Required: java.time.Duration
[error]    |
[error]    | longer explanation available when compiling with `-explain`
[error] -- [E007] Type Mismatch Error: /Users/y3536zha/Desktop/scala_explicit/scala_flexible_type_with_test_script/community-build/community-projects/scala-java8-compat/src/main/scala/scala/compat/java8/DurationConverters.scala:69:49 
[error] 69 |      case TimeUnit.HOURS => JavaDuration.ofHours(duration.length)
[error]    |                             ^^^^^^^^^^^^^^^^^^^^^^^^^^^^^^^^^^^^^
[error]    |                             Found:    java.time.Duration | Null
[error]    |                             Required: java.time.Duration
[error]    |
[error]    | longer explanation available when compiling with `-explain`
[error] -- [E007] Type Mismatch Error: /Users/y3536zha/Desktop/scala_explicit/scala_flexible_type_with_test_script/community-build/community-projects/scala-java8-compat/src/main/scala/scala/compat/java8/DurationConverters.scala:70:47 
[error] 70 |      case TimeUnit.DAYS => JavaDuration.ofDays(duration.length)
[error]    |                            ^^^^^^^^^^^^^^^^^^^^^^^^^^^^^^^^^^^^
[error]    |                            Found:    java.time.Duration | Null
[error]    |                            Required: java.time.Duration
[error]    |
[error]    | longer explanation available when compiling with `-explain`
[error] -- [E007] Type Mismatch Error: /Users/y3536zha/Desktop/scala_explicit/scala_flexible_type_with_test_script/community-build/community-projects/scala-java8-compat/src/main/scala/scala/compat/java8/OptionConverters.scala:66:93 
[error] 66 |      def fromJava(o: Optional[Double]): OptionalDouble = if (o.isPresent) OptionalDouble.of(o.get) else OptionalDouble.empty
[error]    |                                                                                             ^^^^^
[error]    |                                                 Found:    Double | Null
[error]    |                                                 Required: Double
[error]    |
[error]    | longer explanation available when compiling with `-explain`
[error] -- [E007] Type Mismatch Error: /Users/y3536zha/Desktop/scala_explicit/scala_flexible_type_with_test_script/community-build/community-projects/scala-java8-compat/src/main/scala/scala/compat/java8/OptionConverters.scala:66:105 
[error] 66 |      def fromJava(o: Optional[Double]): OptionalDouble = if (o.isPresent) OptionalDouble.of(o.get) else OptionalDouble.empty
[error]    |                                                                                                         ^^^^^^^^^^^^^^^^^^^^
[error]    |                               Found:    java.util.OptionalDouble | Null
[error]    |                               Required: java.util.OptionalDouble
[error]    |
[error]    | longer explanation available when compiling with `-explain`
[error] -- [E007] Type Mismatch Error: /Users/y3536zha/Desktop/scala_explicit/scala_flexible_type_with_test_script/community-build/community-projects/scala-java8-compat/src/main/scala/scala/compat/java8/OptionConverters.scala:68:100 
[error] 68 |      def fromScala(o: Option[Double]): OptionalDouble = o match { case Some(d) => OptionalDouble.of(d); case _ => OptionalDouble.empty }
[error]    |                                                                                   ^^^^^^^^^^^^^^^^^^^^
[error]    |                               Found:    java.util.OptionalDouble | Null
[error]    |                               Required: java.util.OptionalDouble
[error]    |
[error]    | longer explanation available when compiling with `-explain`
[error] -- [E007] Type Mismatch Error: /Users/y3536zha/Desktop/scala_explicit/scala_flexible_type_with_test_script/community-build/community-projects/scala-java8-compat/src/main/scala/scala/compat/java8/OptionConverters.scala:68:115 
[error] 68 |      def fromScala(o: Option[Double]): OptionalDouble = o match { case Some(d) => OptionalDouble.of(d); case _ => OptionalDouble.empty }
[error]    |                                                                                                                   ^^^^^^^^^^^^^^^^^^^^
[error]    |                               Found:    java.util.OptionalDouble | Null
[error]    |                               Required: java.util.OptionalDouble
[error]    |
[error]    | longer explanation available when compiling with `-explain`
[error] -- [E007] Type Mismatch Error: /Users/y3536zha/Desktop/scala_explicit/scala_flexible_type_with_test_script/community-build/community-projects/scala-java8-compat/src/main/scala/scala/compat/java8/OptionConverters.scala:75:84 
[error] 75 |      def fromJava(o: Optional[Int]): OptionalInt = if (o.isPresent) OptionalInt.of(o.get) else OptionalInt.empty
[error]    |                                                                                    ^^^^^
[error]    |                                                    Found:    Int | Null
[error]    |                                                    Required: Int
[error]    |
[error]    | longer explanation available when compiling with `-explain`
[error] -- [E007] Type Mismatch Error: /Users/y3536zha/Desktop/scala_explicit/scala_flexible_type_with_test_script/community-build/community-projects/scala-java8-compat/src/main/scala/scala/compat/java8/OptionConverters.scala:75:96 
[error] 75 |      def fromJava(o: Optional[Int]): OptionalInt = if (o.isPresent) OptionalInt.of(o.get) else OptionalInt.empty
[error]    |                                                                                                ^^^^^^^^^^^^^^^^^
[error]    |                                  Found:    java.util.OptionalInt | Null
[error]    |                                  Required: java.util.OptionalInt
[error]    |
[error]    | longer explanation available when compiling with `-explain`
[error] -- [E007] Type Mismatch Error: /Users/y3536zha/Desktop/scala_explicit/scala_flexible_type_with_test_script/community-build/community-projects/scala-java8-compat/src/main/scala/scala/compat/java8/OptionConverters.scala:77:91 
[error] 77 |      def fromScala(o: Option[Int]): OptionalInt = o match { case Some(d) => OptionalInt.of(d); case _ => OptionalInt.empty }
[error]    |                                                                             ^^^^^^^^^^^^^^^^^
[error]    |                                  Found:    java.util.OptionalInt | Null
[error]    |                                  Required: java.util.OptionalInt
[error]    |
[error]    | longer explanation available when compiling with `-explain`
[error] -- [E007] Type Mismatch Error: /Users/y3536zha/Desktop/scala_explicit/scala_flexible_type_with_test_script/community-build/community-projects/scala-java8-compat/src/main/scala/scala/compat/java8/OptionConverters.scala:77:106 
[error] 77 |      def fromScala(o: Option[Int]): OptionalInt = o match { case Some(d) => OptionalInt.of(d); case _ => OptionalInt.empty }
[error]    |                                                                                                          ^^^^^^^^^^^^^^^^^
[error]    |                                  Found:    java.util.OptionalInt | Null
[error]    |                                  Required: java.util.OptionalInt
[error]    |
[error]    | longer explanation available when compiling with `-explain`
[error] -- [E007] Type Mismatch Error: /Users/y3536zha/Desktop/scala_explicit/scala_flexible_type_with_test_script/community-build/community-projects/scala-java8-compat/src/main/scala/scala/compat/java8/OptionConverters.scala:84:87 
[error] 84 |      def fromJava(o: Optional[Long]): OptionalLong = if (o.isPresent) OptionalLong.of(o.get) else OptionalLong.empty
[error]    |                                                                                       ^^^^^
[error]    |                                                   Found:    Long | Null
[error]    |                                                   Required: Long
[error]    |
[error]    | longer explanation available when compiling with `-explain`
[error] -- [E007] Type Mismatch Error: /Users/y3536zha/Desktop/scala_explicit/scala_flexible_type_with_test_script/community-build/community-projects/scala-java8-compat/src/main/scala/scala/compat/java8/OptionConverters.scala:84:99 
[error] 84 |      def fromJava(o: Optional[Long]): OptionalLong = if (o.isPresent) OptionalLong.of(o.get) else OptionalLong.empty
[error]    |                                                                                                   ^^^^^^^^^^^^^^^^^^
[error]    |                                 Found:    java.util.OptionalLong | Null
[error]    |                                 Required: java.util.OptionalLong
[error]    |
[error]    | longer explanation available when compiling with `-explain`
[error] -- [E007] Type Mismatch Error: /Users/y3536zha/Desktop/scala_explicit/scala_flexible_type_with_test_script/community-build/community-projects/scala-java8-compat/src/main/scala/scala/compat/java8/OptionConverters.scala:86:94 
[error] 86 |      def fromScala(o: Option[Long]): OptionalLong = o match { case Some(d) => OptionalLong.of(d); case _ => OptionalLong.empty }
[error]    |                                                                               ^^^^^^^^^^^^^^^^^^
[error]    |                                 Found:    java.util.OptionalLong | Null
[error]    |                                 Required: java.util.OptionalLong
[error]    |
[error]    | longer explanation available when compiling with `-explain`
[error] -- [E007] Type Mismatch Error: /Users/y3536zha/Desktop/scala_explicit/scala_flexible_type_with_test_script/community-build/community-projects/scala-java8-compat/src/main/scala/scala/compat/java8/OptionConverters.scala:86:109 
[error] 86 |      def fromScala(o: Option[Long]): OptionalLong = o match { case Some(d) => OptionalLong.of(d); case _ => OptionalLong.empty }
[error]    |                                                                                                             ^^^^^^^^^^^^^^^^^^
[error]    |                                 Found:    java.util.OptionalLong | Null
[error]    |                                 Required: java.util.OptionalLong
[error]    |
[error]    | longer explanation available when compiling with `-explain`
[error] -- [E007] Type Mismatch Error: /Users/y3536zha/Desktop/scala_explicit/scala_flexible_type_with_test_script/community-build/community-projects/scala-java8-compat/src/main/scala/scala/compat/java8/OptionConverters.scala:92:60 
[error] 92 |    def asScala: Option[A] = if (underlying.isPresent) Some(underlying.get) else None
[error]    |                                                            ^^^^^^^^^^^^^^
[error]    |                                                      Found:    A | Null
[error]    |                                                      Required: A
[error]    |
[error]    | longer explanation available when compiling with `-explain`
[error] -- [E007] Type Mismatch Error: /Users/y3536zha/Desktop/scala_explicit/scala_flexible_type_with_test_script/community-build/community-projects/scala-java8-compat/src/main/scala/scala/compat/java8/OptionConverters.scala:100:84 
[error] 100 |    def asJava: Optional[A] = underlying match { case Some(a) => Optional.ofNullable(a); case _ => Optional.empty[A] }
[error]     |                                                                 ^^^^^^^^^^^^^^^^^^^^^^
[error]     |                                Found:    java.util.Optional[A] | Null
[error]     |                                Required: java.util.Optional[A]
[error]     |
[error]     | longer explanation available when compiling with `-explain`
[error] -- [E007] Type Mismatch Error: /Users/y3536zha/Desktop/scala_explicit/scala_flexible_type_with_test_script/community-build/community-projects/scala-java8-compat/src/main/scala/scala/compat/java8/OptionConverters.scala:100:99 
[error] 100 |    def asJava: Optional[A] = underlying match { case Some(a) => Optional.ofNullable(a); case _ => Optional.empty[A] }
[error]     |                                                                                                   ^^^^^^^^^^^^^^^^^
[error]     |                                Found:    java.util.Optional[A] | Null
[error]     |                                Required: java.util.Optional[A]
[error]     |
[error]     | longer explanation available when compiling with `-explain`
[error] -- [E007] Type Mismatch Error: /Users/y3536zha/Desktop/scala_explicit/scala_flexible_type_with_test_script/community-build/community-projects/scala-java8-compat/src/main/scala/scala/compat/java8/OptionConverters.scala:110:75 
[error] 110 |    def asGeneric: Optional[Double] = if (underlying.isPresent) Optional.of(underlying.getAsDouble) else Optional.empty[Double]
[error]     |                                                                ^^^^^^^^^^^^^^^^^^^^^^^^^^^^^^^^^^^
[error]     |                           Found:    java.util.Optional[Double] | Null
[error]     |                           Required: java.util.Optional[Double]
[error]     |
[error]     | longer explanation available when compiling with `-explain`
[error] -- [E007] Type Mismatch Error: /Users/y3536zha/Desktop/scala_explicit/scala_flexible_type_with_test_script/community-build/community-projects/scala-java8-compat/src/main/scala/scala/compat/java8/OptionConverters.scala:110:105 
[error] 110 |    def asGeneric: Optional[Double] = if (underlying.isPresent) Optional.of(underlying.getAsDouble) else Optional.empty[Double]
[error]     |                                                                                                         ^^^^^^^^^^^^^^^^^^^^^^
[error]     |                           Found:    java.util.Optional[Double] | Null
[error]     |                           Required: java.util.Optional[Double]
[error]     |
[error]     | longer explanation available when compiling with `-explain`
[error] -- [E007] Type Mismatch Error: /Users/y3536zha/Desktop/scala_explicit/scala_flexible_type_with_test_script/community-build/community-projects/scala-java8-compat/src/main/scala/scala/compat/java8/OptionConverters.scala:118:72 
[error] 118 |    def asGeneric: Optional[Int] = if (underlying.isPresent) Optional.of(underlying.getAsInt) else Optional.empty[Int]
[error]     |                                                             ^^^^^^^^^^^^^^^^^^^^^^^^^^^^^^^^
[error]     |                              Found:    java.util.Optional[Int] | Null
[error]     |                              Required: java.util.Optional[Int]
[error]     |
[error]     | longer explanation available when compiling with `-explain`
[error] -- [E007] Type Mismatch Error: /Users/y3536zha/Desktop/scala_explicit/scala_flexible_type_with_test_script/community-build/community-projects/scala-java8-compat/src/main/scala/scala/compat/java8/OptionConverters.scala:118:99 
[error] 118 |    def asGeneric: Optional[Int] = if (underlying.isPresent) Optional.of(underlying.getAsInt) else Optional.empty[Int]
[error]     |                                                                                                   ^^^^^^^^^^^^^^^^^^^
[error]     |                              Found:    java.util.Optional[Int] | Null
[error]     |                              Required: java.util.Optional[Int]
[error]     |
[error]     | longer explanation available when compiling with `-explain`
[error] -- [E007] Type Mismatch Error: /Users/y3536zha/Desktop/scala_explicit/scala_flexible_type_with_test_script/community-build/community-projects/scala-java8-compat/src/main/scala/scala/compat/java8/OptionConverters.scala:126:73 
[error] 126 |    def asGeneric: Optional[Long] = if (underlying.isPresent) Optional.of(underlying.getAsLong) else Optional.empty[Long]
[error]     |                                                              ^^^^^^^^^^^^^^^^^^^^^^^^^^^^^^^^^
[error]     |                             Found:    java.util.Optional[Long] | Null
[error]     |                             Required: java.util.Optional[Long]
[error]     |
[error]     | longer explanation available when compiling with `-explain`
[error] -- [E007] Type Mismatch Error: /Users/y3536zha/Desktop/scala_explicit/scala_flexible_type_with_test_script/community-build/community-projects/scala-java8-compat/src/main/scala/scala/compat/java8/OptionConverters.scala:126:101 
[error] 126 |    def asGeneric: Optional[Long] = if (underlying.isPresent) Optional.of(underlying.getAsLong) else Optional.empty[Long]
[error]     |                                                                                                     ^^^^^^^^^^^^^^^^^^^^
[error]     |                             Found:    java.util.Optional[Long] | Null
[error]     |                             Required: java.util.Optional[Long]
[error]     |
[error]     | longer explanation available when compiling with `-explain`
[error] -- [E007] Type Mismatch Error: /Users/y3536zha/Desktop/scala_explicit/scala_flexible_type_with_test_script/community-build/community-projects/scala-java8-compat/src/main/scala/scala/compat/java8/OptionConverters.scala:130:96 
[error] 130 |  final def toJava[A](o: Option[A]): Optional[A] = o match { case Some(a) => Optional.ofNullable(a); case _ => Optional.empty[A] }
[error]     |                                                                             ^^^^^^^^^^^^^^^^^^^^^^
[error]     |                                Found:    java.util.Optional[A] | Null
[error]     |                                Required: java.util.Optional[A]
[error]     |
[error]     | longer explanation available when compiling with `-explain`
[error] -- [E007] Type Mismatch Error: /Users/y3536zha/Desktop/scala_explicit/scala_flexible_type_with_test_script/community-build/community-projects/scala-java8-compat/src/main/scala/scala/compat/java8/OptionConverters.scala:130:111 
[error] 130 |  final def toJava[A](o: Option[A]): Optional[A] = o match { case Some(a) => Optional.ofNullable(a); case _ => Optional.empty[A] }
[error]     |                                                                                                               ^^^^^^^^^^^^^^^^^
[error]     |                                Found:    java.util.Optional[A] | Null
[error]     |                                Required: java.util.Optional[A]
[error]     |
[error]     | longer explanation available when compiling with `-explain`
[error] -- [E007] Type Mismatch Error: /Users/y3536zha/Desktop/scala_explicit/scala_flexible_type_with_test_script/community-build/community-projects/scala-java8-compat/src/main/scala/scala/compat/java8/OptionConverters.scala:133:74 
[error] 133 |  final def toScala[A](o: Optional[A]): Option[A] = if (o.isPresent) Some(o.get) else None
[error]     |                                                                          ^^^^^
[error]     |                                                    Found:    A | Null
[error]     |                                                    Required: A
[error]     |
[error]     | longer explanation available when compiling with `-explain`
[error] -- [E007] Type Mismatch Error: /Users/y3536zha/Desktop/scala_explicit/scala_flexible_type_with_test_script/community-build/community-projects/scala-java8-compat/src/main/scala/scala/concurrent/java8/FutureConvertersImpl.scala:35:92 
[error] 35 |    override def thenApply[U](fn: JF[_ >: T, _ <: U]): CompletableFuture[U] = thenApplyAsync(fn)
[error]    |                                                                              ^^^^^^^^^^^^^^^^^^
[error]    |              Found:    java.util.concurrent.CompletableFuture[U] | Null
[error]    |              Required: java.util.concurrent.CompletableFuture[U]
[error]    |
[error]    | longer explanation available when compiling with `-explain`
[error] -- [E007] Type Mismatch Error: /Users/y3536zha/Desktop/scala_explicit/scala_flexible_type_with_test_script/community-build/community-projects/scala-java8-compat/src/main/scala/scala/concurrent/java8/FutureConvertersImpl.scala:37:92 
[error] 37 |    override def thenAccept(fn: Consumer[_ >: T]): CompletableFuture[Void] = thenAcceptAsync(fn)
[error]    |                                                                             ^^^^^^^^^^^^^^^^^^^
[error]    |           Found:    java.util.concurrent.CompletableFuture[Void] | Null
[error]    |           Required: java.util.concurrent.CompletableFuture[Void]
[error]    |
[error]    | longer explanation available when compiling with `-explain`
[error] -- [E007] Type Mismatch Error: /Users/y3536zha/Desktop/scala_explicit/scala_flexible_type_with_test_script/community-build/community-projects/scala-java8-compat/src/main/scala/scala/concurrent/java8/FutureConvertersImpl.scala:39:78 
[error] 39 |    override def thenRun(fn: Runnable): CompletableFuture[Void] = thenRunAsync(fn)
[error]    |                                                                  ^^^^^^^^^^^^^^^^
[error]    |           Found:    java.util.concurrent.CompletableFuture[Void] | Null
[error]    |           Required: java.util.concurrent.CompletableFuture[Void]
[error]    |
[error]    | longer explanation available when compiling with `-explain`
[error] -- [E007] Type Mismatch Error: /Users/y3536zha/Desktop/scala_explicit/scala_flexible_type_with_test_script/community-build/community-projects/scala-java8-compat/src/main/scala/scala/concurrent/java8/FutureConvertersImpl.scala:41:144 
[error] 41 |    override def thenCombine[U, V](cs: CompletionStage[_ <: U], fn: BiFunction[_ >: T, _ >: U, _ <: V]): CompletableFuture[V] = thenCombineAsync(cs, fn)
[error]    |                                                                                                                                ^^^^^^^^^^^^^^^^^^^^^^^^
[error]    |              Found:    java.util.concurrent.CompletableFuture[V] | Null
[error]    |              Required: java.util.concurrent.CompletableFuture[V]
[error]    |
[error]    | longer explanation available when compiling with `-explain`
[error] -- [E007] Type Mismatch Error: /Users/y3536zha/Desktop/scala_explicit/scala_flexible_type_with_test_script/community-build/community-projects/scala-java8-compat/src/main/scala/scala/concurrent/java8/FutureConvertersImpl.scala:43:142 
[error] 43 |    override def thenAcceptBoth[U](cs: CompletionStage[_ <: U], fn: BiConsumer[_ >: T, _ >: U]): CompletableFuture[Void] = thenAcceptBothAsync(cs, fn)
[error]    |                                                                                                                           ^^^^^^^^^^^^^^^^^^^^^^^^^^^
[error]    |           Found:    java.util.concurrent.CompletableFuture[Void] | Null
[error]    |           Required: java.util.concurrent.CompletableFuture[Void]
[error]    |
[error]    | longer explanation available when compiling with `-explain`
[error] -- [E007] Type Mismatch Error: /Users/y3536zha/Desktop/scala_explicit/scala_flexible_type_with_test_script/community-build/community-projects/scala-java8-compat/src/main/scala/scala/concurrent/java8/FutureConvertersImpl.scala:45:112 
[error] 45 |    override def runAfterBoth(cs: CompletionStage[_], fn: Runnable): CompletableFuture[Void] = runAfterBothAsync(cs, fn)
[error]    |                                                                                               ^^^^^^^^^^^^^^^^^^^^^^^^^
[error]    |           Found:    java.util.concurrent.CompletableFuture[Void] | Null
[error]    |           Required: java.util.concurrent.CompletableFuture[Void]
[error]    |
[error]    | longer explanation available when compiling with `-explain`
[error] -- [E007] Type Mismatch Error: /Users/y3536zha/Desktop/scala_explicit/scala_flexible_type_with_test_script/community-build/community-projects/scala-java8-compat/src/main/scala/scala/concurrent/java8/FutureConvertersImpl.scala:47:124 
[error] 47 |    override def applyToEither[U](cs: CompletionStage[_ <: T], fn: JF[_ >: T, U]): CompletableFuture[U] = applyToEitherAsync(cs, fn)
[error]    |                                                                                                          ^^^^^^^^^^^^^^^^^^^^^^^^^^
[error]    |              Found:    java.util.concurrent.CompletableFuture[U] | Null
[error]    |              Required: java.util.concurrent.CompletableFuture[U]
[error]    |
[error]    | longer explanation available when compiling with `-explain`
[error] -- [E007] Type Mismatch Error: /Users/y3536zha/Desktop/scala_explicit/scala_flexible_type_with_test_script/community-build/community-projects/scala-java8-compat/src/main/scala/scala/concurrent/java8/FutureConvertersImpl.scala:49:125 
[error] 49 |    override def acceptEither(cs: CompletionStage[_ <: T], fn: Consumer[_ >: T]): CompletableFuture[Void] = acceptEitherAsync(cs, fn)
[error]    |                                                                                                            ^^^^^^^^^^^^^^^^^^^^^^^^^
[error]    |           Found:    java.util.concurrent.CompletableFuture[Void] | Null
[error]    |           Required: java.util.concurrent.CompletableFuture[Void]
[error]    |
[error]    | longer explanation available when compiling with `-explain`
[error] -- [E007] Type Mismatch Error: /Users/y3536zha/Desktop/scala_explicit/scala_flexible_type_with_test_script/community-build/community-projects/scala-java8-compat/src/main/scala/scala/concurrent/java8/FutureConvertersImpl.scala:51:116 
[error] 51 |    override def runAfterEither(cs: CompletionStage[_], fn: Runnable): CompletableFuture[Void] = runAfterEitherAsync(cs, fn)
[error]    |                                                                                                 ^^^^^^^^^^^^^^^^^^^^^^^^^^^
[error]    |           Found:    java.util.concurrent.CompletableFuture[Void] | Null
[error]    |           Required: java.util.concurrent.CompletableFuture[Void]
[error]    |
[error]    | longer explanation available when compiling with `-explain`
[error] -- [E007] Type Mismatch Error: /Users/y3536zha/Desktop/scala_explicit/scala_flexible_type_with_test_script/community-build/community-projects/scala-java8-compat/src/main/scala/scala/concurrent/java8/FutureConvertersImpl.scala:53:113 
[error] 53 |    override def thenCompose[U](fn: JF[_ >: T, _ <: CompletionStage[U]]): CompletableFuture[U] = thenComposeAsync(fn)
[error]    |                                                                                                 ^^^^^^^^^^^^^^^^^^^^
[error]    |              Found:    java.util.concurrent.CompletableFuture[U] | Null
[error]    |              Required: java.util.concurrent.CompletableFuture[U]
[error]    |
[error]    | longer explanation available when compiling with `-explain`
[error] -- [E007] Type Mismatch Error: /Users/y3536zha/Desktop/scala_explicit/scala_flexible_type_with_test_script/community-build/community-projects/scala-java8-compat/src/main/scala/scala/concurrent/java8/FutureConvertersImpl.scala:55:111 
[error] 55 |    override def whenComplete(fn: BiConsumer[_ >: T, _ >: Throwable]): CompletableFuture[T] = whenCompleteAsync(fn)
[error]    |                                                                                              ^^^^^^^^^^^^^^^^^^^^^
[error]    |              Found:    java.util.concurrent.CompletableFuture[T] | Null
[error]    |              Required: java.util.concurrent.CompletableFuture[T]
[error]    |
[error]    | longer explanation available when compiling with `-explain`
[error] -- [E007] Type Mismatch Error: /Users/y3536zha/Desktop/scala_explicit/scala_flexible_type_with_test_script/community-build/community-projects/scala-java8-compat/src/main/scala/scala/concurrent/java8/FutureConvertersImpl.scala:57:105 
[error] 57 |    override def handle[U](fn: BiFunction[_ >: T, Throwable, _ <: U]): CompletableFuture[U] = handleAsync(fn)
[error]    |                                                                                              ^^^^^^^^^^^^^^^
[error]    |              Found:    java.util.concurrent.CompletableFuture[U] | Null
[error]    |              Required: java.util.concurrent.CompletableFuture[U]
[error]    |
[error]    | longer explanation available when compiling with `-explain`
[error] -- [E172] Type Error: /Users/y3536zha/Desktop/scala_explicit/scala_flexible_type_with_test_script/community-build/community-projects/scala-java8-compat/src/main/scala/scala/concurrent/java8/FutureConvertersImpl.scala:63:14 
[error] 63 |          if (e == null) cf.complete(t)
[error]    |              ^^^^^^^^^
[error]    |     Values of types Throwable and Null cannot be compared with == or !=
[error] -- [E007] Type Mismatch Error: /Users/y3536zha/Desktop/scala_explicit/scala_flexible_type_with_test_script/community-build/community-projects/scala-java8-compat/src/main/scala/scala/concurrent/java8/FutureConvertersImpl.scala:90:63 
[error] 90 |    override def get(): T = scala.concurrent.blocking(super.get())
[error]    |                                                      ^^^^^^^^^^^
[error]    |                                                      Found:    T | Null
[error]    |                                                      Required: T
[error]    |
[error]    | longer explanation available when compiling with `-explain`
[error] -- [E007] Type Mismatch Error: /Users/y3536zha/Desktop/scala_explicit/scala_flexible_type_with_test_script/community-build/community-projects/scala-java8-compat/src/main/scala/scala/concurrent/java8/FutureConvertersImpl.scala:92:92 
[error] 92 |    override def get(timeout: Long, unit: TimeUnit): T = scala.concurrent.blocking(super.get(timeout, unit))
[error]    |                                                                                   ^^^^^^^^^^^^^^^^^^^^^^^^
[error]    |                                                      Found:    T | Null
[error]    |                                                      Required: T
[error]    |
[error]    | longer explanation available when compiling with `-explain`
[error] -- [E172] Type Error: /Users/y3536zha/Desktop/scala_explicit/scala_flexible_type_with_test_script/community-build/community-projects/scala-java8-compat/src/main/scala/scala/concurrent/java8/FutureConvertersImpl.scala:99:10 
[error] 99 |      if (e == null) complete(Success(v))
[error]    |          ^^^^^^^^^
[error]    |     Values of types Throwable and Null cannot be compared with == or !=
[error] -- [E007] Type Mismatch Error: /Users/y3536zha/Desktop/scala_explicit/scala_flexible_type_with_test_script/community-build/community-projects/scala-java8-compat/target/scala-3.3.1-RC1-bin-SNAPSHOT/src_managed/main/FunctionConverters.scala:30:38 
[error] 30 |    def apply(x1: T, x2: U) = jf.apply(x1, x2)
[error]    |                              ^^^^^^^^^^^^^^^^
[error]    |                              Found:    R | Null
[error]    |                              Required: R
[error]    |
[error]    | longer explanation available when compiling with `-explain`
[error] -- [E007] Type Mismatch Error: /Users/y3536zha/Desktop/scala_explicit/scala_flexible_type_with_test_script/community-build/community-projects/scala-java8-compat/target/scala-3.3.1-RC1-bin-SNAPSHOT/src_managed/main/FunctionConverters.scala:64:38 
[error] 64 |    def apply(x1: T, x2: T) = jf.apply(x1, x2)
[error]    |                              ^^^^^^^^^^^^^^^^
[error]    |                              Found:    T | Null
[error]    |                              Required: T
[error]    |
[error]    | longer explanation available when compiling with `-explain`
[error] -- [E007] Type Mismatch Error: /Users/y3536zha/Desktop/scala_explicit/scala_flexible_type_with_test_script/community-build/community-projects/scala-java8-compat/target/scala-3.3.1-RC1-bin-SNAPSHOT/src_managed/main/FunctionConverters.scala:149:42 
[error] 149 |    def apply(x1: scala.Double) = jf.apply(x1)
[error]     |                                  ^^^^^^^^^^^^
[error]     |                                  Found:    R | Null
[error]     |                                  Required: R
[error]     |
[error]     | longer explanation available when compiling with `-explain`
[error] -- [E007] Type Mismatch Error: /Users/y3536zha/Desktop/scala_explicit/scala_flexible_type_with_test_script/community-build/community-projects/scala-java8-compat/target/scala-3.3.1-RC1-bin-SNAPSHOT/src_managed/main/FunctionConverters.scala:251:31 
[error] 251 |    def apply(x1: T) = jf.apply(x1)
[error]     |                       ^^^^^^^^^^^^
[error]     |                       Found:    R | Null
[error]     |                       Required: R
[error]     |
[error]     | longer explanation available when compiling with `-explain`
[error] -- [E007] Type Mismatch Error: /Users/y3536zha/Desktop/scala_explicit/scala_flexible_type_with_test_script/community-build/community-projects/scala-java8-compat/target/scala-3.3.1-RC1-bin-SNAPSHOT/src_managed/main/FunctionConverters.scala:302:39 
[error] 302 |    def apply(x1: scala.Int) = jf.apply(x1)
[error]     |                               ^^^^^^^^^^^^
[error]     |                               Found:    R | Null
[error]     |                               Required: R
[error]     |
[error]     | longer explanation available when compiling with `-explain`
[error] -- [E007] Type Mismatch Error: /Users/y3536zha/Desktop/scala_explicit/scala_flexible_type_with_test_script/community-build/community-projects/scala-java8-compat/target/scala-3.3.1-RC1-bin-SNAPSHOT/src_managed/main/FunctionConverters.scala:438:40 
[error] 438 |    def apply(x1: scala.Long) = jf.apply(x1)
[error]     |                                ^^^^^^^^^^^^
[error]     |                                Found:    R | Null
[error]     |                                Required: R
[error]     |
[error]     | longer explanation available when compiling with `-explain`
[error] -- [E007] Type Mismatch Error: /Users/y3536zha/Desktop/scala_explicit/scala_flexible_type_with_test_script/community-build/community-projects/scala-java8-compat/target/scala-3.3.1-RC1-bin-SNAPSHOT/src_managed/main/FunctionConverters.scala:608:24 
[error] 608 |    def apply() = jf.get()
[error]     |                  ^^^^^^^^
[error]     |                  Found:    T | Null
[error]     |                  Required: T
[error]     |
[error]     | longer explanation available when compiling with `-explain`
[error] -- [E007] Type Mismatch Error: /Users/y3536zha/Desktop/scala_explicit/scala_flexible_type_with_test_script/community-build/community-projects/scala-java8-compat/target/scala-3.3.1-RC1-bin-SNAPSHOT/src_managed/main/FunctionConverters.scala:727:31 
[error] 727 |    def apply(x1: T) = jf.apply(x1)
[error]     |                       ^^^^^^^^^^^^
[error]     |                       Found:    T | Null
[error]     |                       Required: T
[error]     |
[error]     | longer explanation available when compiling with `-explain`
[error] 71 errors found
[error] Module scala-java8-compat:1.0.0+50-eb16484f-SNAPSHOT is not binary compatible with versions . You have to relax your compatibility intention by changing the value of versionPolicyIntention.
[error] mimaReportBinaryIssues failed
[error] (Compile / compileIncremental) Compilation failed
[error] (versionPolicyMimaCheck) mimaReportBinaryIssues failed
[error] Total time: 10 s, completed Jun 22, 2023, 12:27:06 AM
[32mRerunning tests in scala-java8-compat because of a previous run failure.[0m
[32msbt -sbt-version 1.8.0 -Dsbt.supershell=false -Ddotty.communitybuild.dir=/Users/y3536zha/Desktop/scala_explicit/scala_flexible_type_with_test_script/community-build --addPluginSbtFile=/Users/y3536zha/Desktop/scala_explicit/scala_flexible_type_with_test_script/community-build/sbt-injected-plugins set Global/testOptions += Tests.Argument(TestFramework("munit.Framework"), "+l"); clean; set Global/logLevel := Level.Error; set Global/updateOptions ~= (_.withLatestSnapshots(false)); set Global/scalacOptions ++= List("-Xcheck-macros","-Ysafe-init","-Yexplicit-nulls");++3.3.1-RC1-bin-SNAPSHOT!; test[0m
[info] welcome to sbt 1.8.0 (Oracle Corporation Java 9.0.4)
[info] loading global plugins from /Users/y3536zha/.sbt/1.0/plugins
[info] loading settings for project scala-java8-compat-build from plugins.sbt,sbt-injected-plugins ...
[info] loading project definition from /Users/y3536zha/Desktop/scala_explicit/scala_flexible_type_with_test_script/community-build/community-projects/scala-java8-compat/project
[info] loading settings for project scalaJava8Compat from build.sbt ...
SLF4J: No SLF4J providers were found.
SLF4J: Defaulting to no-operation (NOP) logger implementation
SLF4J: See https://www.slf4j.org/codes.html#noProviders for further details.
SLF4J: Class path contains SLF4J bindings targeting slf4j-api versions 1.7.x or earlier.
SLF4J: Ignoring binding found at [jar:file:/Users/y3536zha/.sbt/boot/scala-2.12.17/org.scala-sbt/sbt/1.8.0/log4j-slf4j-impl-2.17.1.jar!/org/slf4j/impl/StaticLoggerBinder.class]
SLF4J: See https://www.slf4j.org/codes.html#ignoredBindings for an explanation.
[info] set current project to scala-java8-compat (in build file:/Users/y3536zha/Desktop/scala_explicit/scala_flexible_type_with_test_script/community-build/community-projects/scala-java8-compat/)
[info] Defining Global / testOptions
[info] The new value will be used by testOptions
[info] Reapplying settings...
[info] set current project to scala-java8-compat (in build file:/Users/y3536zha/Desktop/scala_explicit/scala_flexible_type_with_test_script/community-build/community-projects/scala-java8-compat/)
[success] Total time: 0 s, completed Jun 22, 2023, 12:27:13 AM
[info] Defining Global / logLevel
[info] The new value will be used by Test / test / testListeners, Test / testOnly / testListeners and 5 others.
[info] 	Run `last` for details.
[info] Reapplying settings...
[info] set current project to scala-java8-compat (in build file:/Users/y3536zha/Desktop/scala_explicit/scala_flexible_type_with_test_script/community-build/community-projects/scala-java8-compat/)
[info] Defining Global / updateOptions
[info] The new value will be used by dependencyTreeIgnoreMissingUpdate / updateOptions, ivyConfiguration, pushRemoteCache / ivyConfiguration
[info] Reapplying settings...
[info] set current project to scala-java8-compat (in build file:/Users/y3536zha/Desktop/scala_explicit/scala_flexible_type_with_test_script/community-build/community-projects/scala-java8-compat/)
[info] Defining Global / scalacOptions
[info] The new value will be used by Compile / scalacOptions, Genjavadoc / scalacOptions
[info] Reapplying settings...
[info] set current project to scala-java8-compat (in build file:/Users/y3536zha/Desktop/scala_explicit/scala_flexible_type_with_test_script/community-build/community-projects/scala-java8-compat/)
[info] Forcing Scala version to 3.3.1-RC1-bin-SNAPSHOT on all projects.
[info] Reapplying settings...
[info] Loading dependency tracking file /Users/y3536zha/Desktop/scala_explicit/scala_flexible_type_with_test_script/community-build/dotty-community-build-deps
[info] Dependency tracking file /Users/y3536zha/Desktop/scala_explicit/scala_flexible_type_with_test_script/community-build/dotty-community-build-deps does not exist
[info] set current project to scala-java8-compat (in build file:/Users/y3536zha/Desktop/scala_explicit/scala_flexible_type_with_test_script/community-build/community-projects/scala-java8-compat/)
[error] -- [E007] Type Mismatch Error: /Users/y3536zha/Desktop/scala_explicit/scala_flexible_type_with_test_script/community-build/community-projects/scala-java8-compat/src/main/scala-2.13+/scala/compat/java8/StreamConverters.scala:154:57 
[error] 154 |    def seqStream: DoubleStream = java.util.Arrays.stream(a)
[error]     |                                  ^^^^^^^^^^^^^^^^^^^^^^^^^^
[error]     |                        Found:    java.util.stream.DoubleStream | Null
[error]     |                        Required: java.util.stream.DoubleStream
[error]     |
[error]     | longer explanation available when compiling with `-explain`
[error] -- [E007] Type Mismatch Error: /Users/y3536zha/Desktop/scala_explicit/scala_flexible_type_with_test_script/community-build/community-projects/scala-java8-compat/src/main/scala-2.13+/scala/compat/java8/StreamConverters.scala:156:34 
[error] 156 |    def parStream: DoubleStream = seqStream.parallel
[error]     |                                  ^^^^^^^^^^^^^^^^^^
[error]     |                        Found:    java.util.stream.DoubleStream | Null
[error]     |                        Required: java.util.stream.DoubleStream
[error]     |
[error]     | longer explanation available when compiling with `-explain`
[error] -- [E007] Type Mismatch Error: /Users/y3536zha/Desktop/scala_explicit/scala_flexible_type_with_test_script/community-build/community-projects/scala-java8-compat/src/main/scala-2.13+/scala/compat/java8/StreamConverters.scala:161:54 
[error] 161 |    def seqStream: IntStream = java.util.Arrays.stream(a)
[error]     |                               ^^^^^^^^^^^^^^^^^^^^^^^^^^
[error]     |                           Found:    java.util.stream.IntStream | Null
[error]     |                           Required: java.util.stream.IntStream
[error]     |
[error]     | longer explanation available when compiling with `-explain`
[error] -- [E007] Type Mismatch Error: /Users/y3536zha/Desktop/scala_explicit/scala_flexible_type_with_test_script/community-build/community-projects/scala-java8-compat/src/main/scala-2.13+/scala/compat/java8/StreamConverters.scala:163:31 
[error] 163 |    def parStream: IntStream = seqStream.parallel
[error]     |                               ^^^^^^^^^^^^^^^^^^
[error]     |                           Found:    java.util.stream.IntStream | Null
[error]     |                           Required: java.util.stream.IntStream
[error]     |
[error]     | longer explanation available when compiling with `-explain`
[error] -- [E007] Type Mismatch Error: /Users/y3536zha/Desktop/scala_explicit/scala_flexible_type_with_test_script/community-build/community-projects/scala-java8-compat/src/main/scala-2.13+/scala/compat/java8/StreamConverters.scala:168:55 
[error] 168 |    def seqStream: LongStream = java.util.Arrays.stream(a)
[error]     |                                ^^^^^^^^^^^^^^^^^^^^^^^^^^
[error]     |                          Found:    java.util.stream.LongStream | Null
[error]     |                          Required: java.util.stream.LongStream
[error]     |
[error]     | longer explanation available when compiling with `-explain`
[error] -- [E007] Type Mismatch Error: /Users/y3536zha/Desktop/scala_explicit/scala_flexible_type_with_test_script/community-build/community-projects/scala-java8-compat/src/main/scala-2.13+/scala/compat/java8/StreamConverters.scala:170:32 
[error] 170 |    def parStream: LongStream = seqStream.parallel
[error]     |                                ^^^^^^^^^^^^^^^^^^
[error]     |                          Found:    java.util.stream.LongStream | Null
[error]     |                          Required: java.util.stream.LongStream
[error]     |
[error]     | longer explanation available when compiling with `-explain`
[error] -- [E134] Type Error: /Users/y3536zha/Desktop/scala_explicit/scala_flexible_type_with_test_script/community-build/community-projects/scala-java8-compat/src/main/scala-2.13+/scala/compat/java8/StreamConverters.scala:175:48 
[error] 175 |    def seqStream: Stream[A] = java.util.Arrays.stream(a)
[error]     |                               ^^^^^^^^^^^^^^^^^^^^^^^
[error]     |None of the overloaded alternatives of method stream in object Arrays with types
[error]     | (x$0: Array[Double] | Null, x$1: Int, x$2: Int): java.util.streamÂ².DoubleStream
[error]     |  | Null
[error]     | (x$0: Array[Double] | Null): java.util.streamÂ².DoubleStream | Null
[error]     | (x$0: Array[Long] | Null, x$1: Int, x$2: Int): java.util.streamÂ².LongStream |
[error]     |  Null
[error]     | (x$0: Array[Long] | Null): java.util.streamÂ².LongStream | Null
[error]     | (x$0: Array[Int] | Null, x$1: Int, x$2: Int): java.util.streamÂ².IntStream | Null
[error]     | (x$0: Array[Int] | Null): java.util.streamÂ².IntStream | Null
[error]     | [T]
[error]     |  (x$0: Array[Object & T | Null] | Null, x$1: Int, x$2: Int):
[error]     |    java.util.streamÂ².Stream[T] | Null
[error]     | [T](x$0: Array[Object & TÂ² | Null] | Null): java.util.streamÂ².Stream[TÂ²] | Null
[error]     |match arguments ((AnyArrayHasSeqParStream.this.a : Array[A]))
[error]     |
[error]     |where:    A       is a type in class AnyArrayHasSeqParStream with bounds <: AnyRef
[error]     |          T       is a type variable with constraint <: Object
[error]     |          TÂ²      is a type variable with constraint <: Object
[error]     |          stream  is a method in object Arrays
[error]     |          streamÂ² is a package in package java.util
[error] -- [E007] Type Mismatch Error: /Users/y3536zha/Desktop/scala_explicit/scala_flexible_type_with_test_script/community-build/community-projects/scala-java8-compat/src/main/scala-2.13+/scala/compat/java8/StreamConverters.scala:177:31 
[error] 177 |    def parStream: Stream[A] = seqStream.parallel
[error]     |                               ^^^^^^^^^^^^^^^^^^
[error]     |Found:    java.util.stream.Stream[A] | Null
[error]     |Required: java.util.stream.Stream[A]
[error]     |
[error]     |where:    A is a type in class AnyArrayHasSeqParStream with bounds <: AnyRef
[error]     |
[error]     | longer explanation available when compiling with `-explain`
[error] -- [E008] Not Found Error: /Users/y3536zha/Desktop/scala_explicit/scala_flexible_type_with_test_script/community-build/community-projects/scala-java8-compat/src/main/scala-2.13+/scala/compat/java8/StreamConverters.scala:238:41 
[error] 238 |      else if (stream.isParallel) anyAcc.to(factory)
[error]     |                                  ^^^^^^^^^
[error]     |    value to is not a member of scala.jdk.AnyAccumulator[A] | Null.
[error]     |    Since explicit-nulls is enabled, the selection is rejected because
[error]     |    scala.jdk.AnyAccumulator[A] | Null could be null at runtime.
[error]     |    If you want to select to without checking for a null value,
[error]     |    insert a .nn before .to or import scala.language.unsafeNulls.
[error] -- [E008] Not Found Error: /Users/y3536zha/Desktop/scala_explicit/scala_flexible_type_with_test_script/community-build/community-projects/scala-java8-compat/src/main/scala-2.13+/scala/compat/java8/StreamConverters.scala:239:48 
[error] 239 |      else factory.fromSpecific(stream.iterator.asScala)
[error]     |                                ^^^^^^^^^^^^^^^^^^^^^^^
[error]     |    value asScala is not a member of java.util.Iterator[A] | Null.
[error]     |    An extension method was tried, but could not be fully constructed:
[error]     |
[error]     |        jdk.CollectionConverters.IteratorHasAsScala[A](
[error]     |          StreamHasToScala.this.stream.iterator())
[error] -- [E008] Not Found Error: /Users/y3536zha/Desktop/scala_explicit/scala_flexible_type_with_test_script/community-build/community-projects/scala-java8-compat/src/main/scala-2.13+/scala/compat/java8/StreamConverters.scala:258:48 
[error] 258 |      else factory.fromSpecific(stream.iterator.asScala)
[error]     |                                ^^^^^^^^^^^^^^^^^^^^^^^
[error]     |    value asScala is not a member of java.util.Iterator[A] | Null.
[error]     |    An extension method was tried, but could not be fully constructed:
[error]     |
[error]     |        jdk.CollectionConverters.IteratorHasAsScala[A](
[error]     |          StreamHasToScala.this.stream.iterator())
[error] -- [E008] Not Found Error: /Users/y3536zha/Desktop/scala_explicit/scala_flexible_type_with_test_script/community-build/community-projects/scala-java8-compat/src/main/scala-2.13+/scala/compat/java8/StreamConverters.scala:315:41 
[error] 315 |      else if (stream.isParallel) intAcc.to(factory)
[error]     |                                  ^^^^^^^^^
[error]     |    value to is not a member of scala.jdk.IntAccumulator | Null.
[error]     |    Since explicit-nulls is enabled, the selection is rejected because
[error]     |    scala.jdk.IntAccumulator | Null could be null at runtime.
[error]     |    If you want to select to without checking for a null value,
[error]     |    insert a .nn before .to or import scala.language.unsafeNulls.
[error] -- [E008] Not Found Error: /Users/y3536zha/Desktop/scala_explicit/scala_flexible_type_with_test_script/community-build/community-projects/scala-java8-compat/src/main/scala-2.13+/scala/compat/java8/StreamConverters.scala:363:42 
[error] 363 |      else if (stream.isParallel) longAcc.to(factory)
[error]     |                                  ^^^^^^^^^^
[error]     |    value to is not a member of scala.jdk.LongAccumulator | Null.
[error]     |    Since explicit-nulls is enabled, the selection is rejected because
[error]     |    scala.jdk.LongAccumulator | Null could be null at runtime.
[error]     |    If you want to select to without checking for a null value,
[error]     |    insert a .nn before .to or import scala.language.unsafeNulls.
[error] -- [E008] Not Found Error: /Users/y3536zha/Desktop/scala_explicit/scala_flexible_type_with_test_script/community-build/community-projects/scala-java8-compat/src/main/scala-2.13+/scala/compat/java8/StreamConverters.scala:411:44 
[error] 411 |      else if (stream.isParallel) doubleAcc.to(factory)
[error]     |                                  ^^^^^^^^^^^^
[error]     |    value to is not a member of scala.jdk.DoubleAccumulator | Null.
[error]     |    Since explicit-nulls is enabled, the selection is rejected because
[error]     |    scala.jdk.DoubleAccumulator | Null could be null at runtime.
[error]     |    If you want to select to without checking for a null value,
[error]     |    insert a .nn before .to or import scala.language.unsafeNulls.
[error] -- [E172] Type Error: /Users/y3536zha/Desktop/scala_explicit/scala_flexible_type_with_test_script/community-build/community-projects/scala-java8-compat/src/main/scala-2.13+/scala/compat/java8/converterImpl/StepperExtensions.scala:37:28 
[error] 37 |      case AnyAccumulator | null =>
[error]    |                            ^^^^
[error]    |        Values of types Null and AnyRef cannot be compared with == or !=
[error] -- [E007] Type Mismatch Error: /Users/y3536zha/Desktop/scala_explicit/scala_flexible_type_with_test_script/community-build/community-projects/scala-java8-compat/src/main/scala/scala/compat/java8/DurationConverters.scala:62:43 
[error] 62 |    if (duration.length == 0) JavaDuration.ZERO
[error]    |                              ^^^^^^^^^^^^^^^^^
[error]    |         Found:    (java.time.Duration.ZERO : java.time.Duration | Null)
[error]    |         Required: java.time.Duration
[error]    |
[error]    | longer explanation available when compiling with `-explain`
[error] -- [E007] Type Mismatch Error: /Users/y3536zha/Desktop/scala_explicit/scala_flexible_type_with_test_script/community-build/community-projects/scala-java8-compat/src/main/scala/scala/compat/java8/DurationConverters.scala:64:55 
[error] 64 |      case TimeUnit.NANOSECONDS => JavaDuration.ofNanos(duration.length)
[error]    |                                   ^^^^^^^^^^^^^^^^^^^^^^^^^^^^^^^^^^^^^
[error]    |                                   Found:    java.time.Duration | Null
[error]    |                                   Required: java.time.Duration
[error]    |
[error]    | longer explanation available when compiling with `-explain`
[error] -- [E007] Type Mismatch Error: /Users/y3536zha/Desktop/scala_explicit/scala_flexible_type_with_test_script/community-build/community-projects/scala-java8-compat/src/main/scala/scala/compat/java8/DurationConverters.scala:65:51 
[error] 65 |      case TimeUnit.MICROSECONDS => JavaDuration.of(duration.length, ChronoUnit.MICROS)
[error]    |                                    ^^^^^^^^^^^^^^^^^^^^^^^^^^^^^^^^^^^^^^^^^^^^^^^^^^^
[error]    |                                    Found:    java.time.Duration | Null
[error]    |                                    Required: java.time.Duration
[error]    |
[error]    | longer explanation available when compiling with `-explain`
[error] -- [E007] Type Mismatch Error: /Users/y3536zha/Desktop/scala_explicit/scala_flexible_type_with_test_script/community-build/community-projects/scala-java8-compat/src/main/scala/scala/compat/java8/DurationConverters.scala:66:57 
[error] 66 |      case TimeUnit.MILLISECONDS => JavaDuration.ofMillis(duration.length)
[error]    |                                    ^^^^^^^^^^^^^^^^^^^^^^^^^^^^^^^^^^^^^^
[error]    |                                    Found:    java.time.Duration | Null
[error]    |                                    Required: java.time.Duration
[error]    |
[error]    | longer explanation available when compiling with `-explain`
[error] -- [E007] Type Mismatch Error: /Users/y3536zha/Desktop/scala_explicit/scala_flexible_type_with_test_script/community-build/community-projects/scala-java8-compat/src/main/scala/scala/compat/java8/DurationConverters.scala:67:53 
[error] 67 |      case TimeUnit.SECONDS => JavaDuration.ofSeconds(duration.length)
[error]    |                               ^^^^^^^^^^^^^^^^^^^^^^^^^^^^^^^^^^^^^^^
[error]    |                               Found:    java.time.Duration | Null
[error]    |                               Required: java.time.Duration
[error]    |
[error]    | longer explanation available when compiling with `-explain`
[error] -- [E007] Type Mismatch Error: /Users/y3536zha/Desktop/scala_explicit/scala_flexible_type_with_test_script/community-build/community-projects/scala-java8-compat/src/main/scala/scala/compat/java8/DurationConverters.scala:68:53 
[error] 68 |      case TimeUnit.MINUTES => JavaDuration.ofMinutes(duration.length)
[error]    |                               ^^^^^^^^^^^^^^^^^^^^^^^^^^^^^^^^^^^^^^^
[error]    |                               Found:    java.time.Duration | Null
[error]    |                               Required: java.time.Duration
[error]    |
[error]    | longer explanation available when compiling with `-explain`
[error] -- [E007] Type Mismatch Error: /Users/y3536zha/Desktop/scala_explicit/scala_flexible_type_with_test_script/community-build/community-projects/scala-java8-compat/src/main/scala/scala/compat/java8/DurationConverters.scala:69:49 
[error] 69 |      case TimeUnit.HOURS => JavaDuration.ofHours(duration.length)
[error]    |                             ^^^^^^^^^^^^^^^^^^^^^^^^^^^^^^^^^^^^^
[error]    |                             Found:    java.time.Duration | Null
[error]    |                             Required: java.time.Duration
[error]    |
[error]    | longer explanation available when compiling with `-explain`
[error] -- [E007] Type Mismatch Error: /Users/y3536zha/Desktop/scala_explicit/scala_flexible_type_with_test_script/community-build/community-projects/scala-java8-compat/src/main/scala/scala/compat/java8/DurationConverters.scala:70:47 
[error] 70 |      case TimeUnit.DAYS => JavaDuration.ofDays(duration.length)
[error]    |                            ^^^^^^^^^^^^^^^^^^^^^^^^^^^^^^^^^^^^
[error]    |                            Found:    java.time.Duration | Null
[error]    |                            Required: java.time.Duration
[error]    |
[error]    | longer explanation available when compiling with `-explain`
[error] -- [E007] Type Mismatch Error: /Users/y3536zha/Desktop/scala_explicit/scala_flexible_type_with_test_script/community-build/community-projects/scala-java8-compat/src/main/scala/scala/compat/java8/OptionConverters.scala:66:93 
[error] 66 |      def fromJava(o: Optional[Double]): OptionalDouble = if (o.isPresent) OptionalDouble.of(o.get) else OptionalDouble.empty
[error]    |                                                                                             ^^^^^
[error]    |                                                 Found:    Double | Null
[error]    |                                                 Required: Double
[error]    |
[error]    | longer explanation available when compiling with `-explain`
[error] -- [E007] Type Mismatch Error: /Users/y3536zha/Desktop/scala_explicit/scala_flexible_type_with_test_script/community-build/community-projects/scala-java8-compat/src/main/scala/scala/compat/java8/OptionConverters.scala:66:105 
[error] 66 |      def fromJava(o: Optional[Double]): OptionalDouble = if (o.isPresent) OptionalDouble.of(o.get) else OptionalDouble.empty
[error]    |                                                                                                         ^^^^^^^^^^^^^^^^^^^^
[error]    |                               Found:    java.util.OptionalDouble | Null
[error]    |                               Required: java.util.OptionalDouble
[error]    |
[error]    | longer explanation available when compiling with `-explain`
[error] -- [E007] Type Mismatch Error: /Users/y3536zha/Desktop/scala_explicit/scala_flexible_type_with_test_script/community-build/community-projects/scala-java8-compat/src/main/scala/scala/compat/java8/OptionConverters.scala:68:100 
[error] 68 |      def fromScala(o: Option[Double]): OptionalDouble = o match { case Some(d) => OptionalDouble.of(d); case _ => OptionalDouble.empty }
[error]    |                                                                                   ^^^^^^^^^^^^^^^^^^^^
[error]    |                               Found:    java.util.OptionalDouble | Null
[error]    |                               Required: java.util.OptionalDouble
[error]    |
[error]    | longer explanation available when compiling with `-explain`
[error] -- [E007] Type Mismatch Error: /Users/y3536zha/Desktop/scala_explicit/scala_flexible_type_with_test_script/community-build/community-projects/scala-java8-compat/src/main/scala/scala/compat/java8/OptionConverters.scala:68:115 
[error] 68 |      def fromScala(o: Option[Double]): OptionalDouble = o match { case Some(d) => OptionalDouble.of(d); case _ => OptionalDouble.empty }
[error]    |                                                                                                                   ^^^^^^^^^^^^^^^^^^^^
[error]    |                               Found:    java.util.OptionalDouble | Null
[error]    |                               Required: java.util.OptionalDouble
[error]    |
[error]    | longer explanation available when compiling with `-explain`
[error] -- [E007] Type Mismatch Error: /Users/y3536zha/Desktop/scala_explicit/scala_flexible_type_with_test_script/community-build/community-projects/scala-java8-compat/src/main/scala/scala/compat/java8/OptionConverters.scala:75:84 
[error] 75 |      def fromJava(o: Optional[Int]): OptionalInt = if (o.isPresent) OptionalInt.of(o.get) else OptionalInt.empty
[error]    |                                                                                    ^^^^^
[error]    |                                                    Found:    Int | Null
[error]    |                                                    Required: Int
[error]    |
[error]    | longer explanation available when compiling with `-explain`
[error] -- [E007] Type Mismatch Error: /Users/y3536zha/Desktop/scala_explicit/scala_flexible_type_with_test_script/community-build/community-projects/scala-java8-compat/src/main/scala/scala/compat/java8/OptionConverters.scala:75:96 
[error] 75 |      def fromJava(o: Optional[Int]): OptionalInt = if (o.isPresent) OptionalInt.of(o.get) else OptionalInt.empty
[error]    |                                                                                                ^^^^^^^^^^^^^^^^^
[error]    |                                  Found:    java.util.OptionalInt | Null
[error]    |                                  Required: java.util.OptionalInt
[error]    |
[error]    | longer explanation available when compiling with `-explain`
[error] -- [E007] Type Mismatch Error: /Users/y3536zha/Desktop/scala_explicit/scala_flexible_type_with_test_script/community-build/community-projects/scala-java8-compat/src/main/scala/scala/compat/java8/OptionConverters.scala:77:91 
[error] 77 |      def fromScala(o: Option[Int]): OptionalInt = o match { case Some(d) => OptionalInt.of(d); case _ => OptionalInt.empty }
[error]    |                                                                             ^^^^^^^^^^^^^^^^^
[error]    |                                  Found:    java.util.OptionalInt | Null
[error]    |                                  Required: java.util.OptionalInt
[error]    |
[error]    | longer explanation available when compiling with `-explain`
[error] -- [E007] Type Mismatch Error: /Users/y3536zha/Desktop/scala_explicit/scala_flexible_type_with_test_script/community-build/community-projects/scala-java8-compat/src/main/scala/scala/compat/java8/OptionConverters.scala:77:106 
[error] 77 |      def fromScala(o: Option[Int]): OptionalInt = o match { case Some(d) => OptionalInt.of(d); case _ => OptionalInt.empty }
[error]    |                                                                                                          ^^^^^^^^^^^^^^^^^
[error]    |                                  Found:    java.util.OptionalInt | Null
[error]    |                                  Required: java.util.OptionalInt
[error]    |
[error]    | longer explanation available when compiling with `-explain`
[error] -- [E007] Type Mismatch Error: /Users/y3536zha/Desktop/scala_explicit/scala_flexible_type_with_test_script/community-build/community-projects/scala-java8-compat/src/main/scala/scala/compat/java8/OptionConverters.scala:84:87 
[error] 84 |      def fromJava(o: Optional[Long]): OptionalLong = if (o.isPresent) OptionalLong.of(o.get) else OptionalLong.empty
[error]    |                                                                                       ^^^^^
[error]    |                                                   Found:    Long | Null
[error]    |                                                   Required: Long
[error]    |
[error]    | longer explanation available when compiling with `-explain`
[error] -- [E007] Type Mismatch Error: /Users/y3536zha/Desktop/scala_explicit/scala_flexible_type_with_test_script/community-build/community-projects/scala-java8-compat/src/main/scala/scala/compat/java8/OptionConverters.scala:84:99 
[error] 84 |      def fromJava(o: Optional[Long]): OptionalLong = if (o.isPresent) OptionalLong.of(o.get) else OptionalLong.empty
[error]    |                                                                                                   ^^^^^^^^^^^^^^^^^^
[error]    |                                 Found:    java.util.OptionalLong | Null
[error]    |                                 Required: java.util.OptionalLong
[error]    |
[error]    | longer explanation available when compiling with `-explain`
[error] -- [E007] Type Mismatch Error: /Users/y3536zha/Desktop/scala_explicit/scala_flexible_type_with_test_script/community-build/community-projects/scala-java8-compat/src/main/scala/scala/compat/java8/OptionConverters.scala:86:94 
[error] 86 |      def fromScala(o: Option[Long]): OptionalLong = o match { case Some(d) => OptionalLong.of(d); case _ => OptionalLong.empty }
[error]    |                                                                               ^^^^^^^^^^^^^^^^^^
[error]    |                                 Found:    java.util.OptionalLong | Null
[error]    |                                 Required: java.util.OptionalLong
[error]    |
[error]    | longer explanation available when compiling with `-explain`
[error] -- [E007] Type Mismatch Error: /Users/y3536zha/Desktop/scala_explicit/scala_flexible_type_with_test_script/community-build/community-projects/scala-java8-compat/src/main/scala/scala/compat/java8/OptionConverters.scala:86:109 
[error] 86 |      def fromScala(o: Option[Long]): OptionalLong = o match { case Some(d) => OptionalLong.of(d); case _ => OptionalLong.empty }
[error]    |                                                                                                             ^^^^^^^^^^^^^^^^^^
[error]    |                                 Found:    java.util.OptionalLong | Null
[error]    |                                 Required: java.util.OptionalLong
[error]    |
[error]    | longer explanation available when compiling with `-explain`
[error] -- [E007] Type Mismatch Error: /Users/y3536zha/Desktop/scala_explicit/scala_flexible_type_with_test_script/community-build/community-projects/scala-java8-compat/src/main/scala/scala/compat/java8/OptionConverters.scala:92:60 
[error] 92 |    def asScala: Option[A] = if (underlying.isPresent) Some(underlying.get) else None
[error]    |                                                            ^^^^^^^^^^^^^^
[error]    |                                                      Found:    A | Null
[error]    |                                                      Required: A
[error]    |
[error]    | longer explanation available when compiling with `-explain`
[error] -- [E007] Type Mismatch Error: /Users/y3536zha/Desktop/scala_explicit/scala_flexible_type_with_test_script/community-build/community-projects/scala-java8-compat/src/main/scala/scala/compat/java8/OptionConverters.scala:100:84 
[error] 100 |    def asJava: Optional[A] = underlying match { case Some(a) => Optional.ofNullable(a); case _ => Optional.empty[A] }
[error]     |                                                                 ^^^^^^^^^^^^^^^^^^^^^^
[error]     |                                Found:    java.util.Optional[A] | Null
[error]     |                                Required: java.util.Optional[A]
[error]     |
[error]     | longer explanation available when compiling with `-explain`
[error] -- [E007] Type Mismatch Error: /Users/y3536zha/Desktop/scala_explicit/scala_flexible_type_with_test_script/community-build/community-projects/scala-java8-compat/src/main/scala/scala/compat/java8/OptionConverters.scala:100:99 
[error] 100 |    def asJava: Optional[A] = underlying match { case Some(a) => Optional.ofNullable(a); case _ => Optional.empty[A] }
[error]     |                                                                                                   ^^^^^^^^^^^^^^^^^
[error]     |                                Found:    java.util.Optional[A] | Null
[error]     |                                Required: java.util.Optional[A]
[error]     |
[error]     | longer explanation available when compiling with `-explain`
[error] -- [E007] Type Mismatch Error: /Users/y3536zha/Desktop/scala_explicit/scala_flexible_type_with_test_script/community-build/community-projects/scala-java8-compat/src/main/scala/scala/compat/java8/OptionConverters.scala:110:75 
[error] 110 |    def asGeneric: Optional[Double] = if (underlying.isPresent) Optional.of(underlying.getAsDouble) else Optional.empty[Double]
[error]     |                                                                ^^^^^^^^^^^^^^^^^^^^^^^^^^^^^^^^^^^
[error]     |                           Found:    java.util.Optional[Double] | Null
[error]     |                           Required: java.util.Optional[Double]
[error]     |
[error]     | longer explanation available when compiling with `-explain`
[error] -- [E007] Type Mismatch Error: /Users/y3536zha/Desktop/scala_explicit/scala_flexible_type_with_test_script/community-build/community-projects/scala-java8-compat/src/main/scala/scala/compat/java8/OptionConverters.scala:110:105 
[error] 110 |    def asGeneric: Optional[Double] = if (underlying.isPresent) Optional.of(underlying.getAsDouble) else Optional.empty[Double]
[error]     |                                                                                                         ^^^^^^^^^^^^^^^^^^^^^^
[error]     |                           Found:    java.util.Optional[Double] | Null
[error]     |                           Required: java.util.Optional[Double]
[error]     |
[error]     | longer explanation available when compiling with `-explain`
[error] -- [E007] Type Mismatch Error: /Users/y3536zha/Desktop/scala_explicit/scala_flexible_type_with_test_script/community-build/community-projects/scala-java8-compat/src/main/scala/scala/compat/java8/OptionConverters.scala:118:72 
[error] 118 |    def asGeneric: Optional[Int] = if (underlying.isPresent) Optional.of(underlying.getAsInt) else Optional.empty[Int]
[error]     |                                                             ^^^^^^^^^^^^^^^^^^^^^^^^^^^^^^^^
[error]     |                              Found:    java.util.Optional[Int] | Null
[error]     |                              Required: java.util.Optional[Int]
[error]     |
[error]     | longer explanation available when compiling with `-explain`
[error] -- [E007] Type Mismatch Error: /Users/y3536zha/Desktop/scala_explicit/scala_flexible_type_with_test_script/community-build/community-projects/scala-java8-compat/src/main/scala/scala/compat/java8/OptionConverters.scala:118:99 
[error] 118 |    def asGeneric: Optional[Int] = if (underlying.isPresent) Optional.of(underlying.getAsInt) else Optional.empty[Int]
[error]     |                                                                                                   ^^^^^^^^^^^^^^^^^^^
[error]     |                              Found:    java.util.Optional[Int] | Null
[error]     |                              Required: java.util.Optional[Int]
[error]     |
[error]     | longer explanation available when compiling with `-explain`
[error] -- [E007] Type Mismatch Error: /Users/y3536zha/Desktop/scala_explicit/scala_flexible_type_with_test_script/community-build/community-projects/scala-java8-compat/src/main/scala/scala/compat/java8/OptionConverters.scala:126:73 
[error] 126 |    def asGeneric: Optional[Long] = if (underlying.isPresent) Optional.of(underlying.getAsLong) else Optional.empty[Long]
[error]     |                                                              ^^^^^^^^^^^^^^^^^^^^^^^^^^^^^^^^^
[error]     |                             Found:    java.util.Optional[Long] | Null
[error]     |                             Required: java.util.Optional[Long]
[error]     |
[error]     | longer explanation available when compiling with `-explain`
[error] -- [E007] Type Mismatch Error: /Users/y3536zha/Desktop/scala_explicit/scala_flexible_type_with_test_script/community-build/community-projects/scala-java8-compat/src/main/scala/scala/compat/java8/OptionConverters.scala:126:101 
[error] 126 |    def asGeneric: Optional[Long] = if (underlying.isPresent) Optional.of(underlying.getAsLong) else Optional.empty[Long]
[error]     |                                                                                                     ^^^^^^^^^^^^^^^^^^^^
[error]     |                             Found:    java.util.Optional[Long] | Null
[error]     |                             Required: java.util.Optional[Long]
[error]     |
[error]     | longer explanation available when compiling with `-explain`
[error] -- [E007] Type Mismatch Error: /Users/y3536zha/Desktop/scala_explicit/scala_flexible_type_with_test_script/community-build/community-projects/scala-java8-compat/src/main/scala/scala/compat/java8/OptionConverters.scala:130:96 
[error] 130 |  final def toJava[A](o: Option[A]): Optional[A] = o match { case Some(a) => Optional.ofNullable(a); case _ => Optional.empty[A] }
[error]     |                                                                             ^^^^^^^^^^^^^^^^^^^^^^
[error]     |                                Found:    java.util.Optional[A] | Null
[error]     |                                Required: java.util.Optional[A]
[error]     |
[error]     | longer explanation available when compiling with `-explain`
[error] -- [E007] Type Mismatch Error: /Users/y3536zha/Desktop/scala_explicit/scala_flexible_type_with_test_script/community-build/community-projects/scala-java8-compat/src/main/scala/scala/compat/java8/OptionConverters.scala:130:111 
[error] 130 |  final def toJava[A](o: Option[A]): Optional[A] = o match { case Some(a) => Optional.ofNullable(a); case _ => Optional.empty[A] }
[error]     |                                                                                                               ^^^^^^^^^^^^^^^^^
[error]     |                                Found:    java.util.Optional[A] | Null
[error]     |                                Required: java.util.Optional[A]
[error]     |
[error]     | longer explanation available when compiling with `-explain`
[error] -- [E007] Type Mismatch Error: /Users/y3536zha/Desktop/scala_explicit/scala_flexible_type_with_test_script/community-build/community-projects/scala-java8-compat/src/main/scala/scala/compat/java8/OptionConverters.scala:133:74 
[error] 133 |  final def toScala[A](o: Optional[A]): Option[A] = if (o.isPresent) Some(o.get) else None
[error]     |                                                                          ^^^^^
[error]     |                                                    Found:    A | Null
[error]     |                                                    Required: A
[error]     |
[error]     | longer explanation available when compiling with `-explain`
[error] -- [E007] Type Mismatch Error: /Users/y3536zha/Desktop/scala_explicit/scala_flexible_type_with_test_script/community-build/community-projects/scala-java8-compat/src/main/scala/scala/concurrent/java8/FutureConvertersImpl.scala:35:92 
[error] 35 |    override def thenApply[U](fn: JF[_ >: T, _ <: U]): CompletableFuture[U] = thenApplyAsync(fn)
[error]    |                                                                              ^^^^^^^^^^^^^^^^^^
[error]    |              Found:    java.util.concurrent.CompletableFuture[U] | Null
[error]    |              Required: java.util.concurrent.CompletableFuture[U]
[error]    |
[error]    | longer explanation available when compiling with `-explain`
[error] -- [E007] Type Mismatch Error: /Users/y3536zha/Desktop/scala_explicit/scala_flexible_type_with_test_script/community-build/community-projects/scala-java8-compat/src/main/scala/scala/concurrent/java8/FutureConvertersImpl.scala:37:92 
[error] 37 |    override def thenAccept(fn: Consumer[_ >: T]): CompletableFuture[Void] = thenAcceptAsync(fn)
[error]    |                                                                             ^^^^^^^^^^^^^^^^^^^
[error]    |           Found:    java.util.concurrent.CompletableFuture[Void] | Null
[error]    |           Required: java.util.concurrent.CompletableFuture[Void]
[error]    |
[error]    | longer explanation available when compiling with `-explain`
[error] -- [E007] Type Mismatch Error: /Users/y3536zha/Desktop/scala_explicit/scala_flexible_type_with_test_script/community-build/community-projects/scala-java8-compat/src/main/scala/scala/concurrent/java8/FutureConvertersImpl.scala:39:78 
[error] 39 |    override def thenRun(fn: Runnable): CompletableFuture[Void] = thenRunAsync(fn)
[error]    |                                                                  ^^^^^^^^^^^^^^^^
[error]    |           Found:    java.util.concurrent.CompletableFuture[Void] | Null
[error]    |           Required: java.util.concurrent.CompletableFuture[Void]
[error]    |
[error]    | longer explanation available when compiling with `-explain`
[error] -- [E007] Type Mismatch Error: /Users/y3536zha/Desktop/scala_explicit/scala_flexible_type_with_test_script/community-build/community-projects/scala-java8-compat/src/main/scala/scala/concurrent/java8/FutureConvertersImpl.scala:41:144 
[error] 41 |    override def thenCombine[U, V](cs: CompletionStage[_ <: U], fn: BiFunction[_ >: T, _ >: U, _ <: V]): CompletableFuture[V] = thenCombineAsync(cs, fn)
[error]    |                                                                                                                                ^^^^^^^^^^^^^^^^^^^^^^^^
[error]    |              Found:    java.util.concurrent.CompletableFuture[V] | Null
[error]    |              Required: java.util.concurrent.CompletableFuture[V]
[error]    |
[error]    | longer explanation available when compiling with `-explain`
[error] -- [E007] Type Mismatch Error: /Users/y3536zha/Desktop/scala_explicit/scala_flexible_type_with_test_script/community-build/community-projects/scala-java8-compat/src/main/scala/scala/concurrent/java8/FutureConvertersImpl.scala:43:142 
[error] 43 |    override def thenAcceptBoth[U](cs: CompletionStage[_ <: U], fn: BiConsumer[_ >: T, _ >: U]): CompletableFuture[Void] = thenAcceptBothAsync(cs, fn)
[error]    |                                                                                                                           ^^^^^^^^^^^^^^^^^^^^^^^^^^^
[error]    |           Found:    java.util.concurrent.CompletableFuture[Void] | Null
[error]    |           Required: java.util.concurrent.CompletableFuture[Void]
[error]    |
[error]    | longer explanation available when compiling with `-explain`
[error] -- [E007] Type Mismatch Error: /Users/y3536zha/Desktop/scala_explicit/scala_flexible_type_with_test_script/community-build/community-projects/scala-java8-compat/src/main/scala/scala/concurrent/java8/FutureConvertersImpl.scala:45:112 
[error] 45 |    override def runAfterBoth(cs: CompletionStage[_], fn: Runnable): CompletableFuture[Void] = runAfterBothAsync(cs, fn)
[error]    |                                                                                               ^^^^^^^^^^^^^^^^^^^^^^^^^
[error]    |           Found:    java.util.concurrent.CompletableFuture[Void] | Null
[error]    |           Required: java.util.concurrent.CompletableFuture[Void]
[error]    |
[error]    | longer explanation available when compiling with `-explain`
[error] -- [E007] Type Mismatch Error: /Users/y3536zha/Desktop/scala_explicit/scala_flexible_type_with_test_script/community-build/community-projects/scala-java8-compat/src/main/scala/scala/concurrent/java8/FutureConvertersImpl.scala:47:124 
[error] 47 |    override def applyToEither[U](cs: CompletionStage[_ <: T], fn: JF[_ >: T, U]): CompletableFuture[U] = applyToEitherAsync(cs, fn)
[error]    |                                                                                                          ^^^^^^^^^^^^^^^^^^^^^^^^^^
[error]    |              Found:    java.util.concurrent.CompletableFuture[U] | Null
[error]    |              Required: java.util.concurrent.CompletableFuture[U]
[error]    |
[error]    | longer explanation available when compiling with `-explain`
[error] -- [E007] Type Mismatch Error: /Users/y3536zha/Desktop/scala_explicit/scala_flexible_type_with_test_script/community-build/community-projects/scala-java8-compat/src/main/scala/scala/concurrent/java8/FutureConvertersImpl.scala:49:125 
[error] 49 |    override def acceptEither(cs: CompletionStage[_ <: T], fn: Consumer[_ >: T]): CompletableFuture[Void] = acceptEitherAsync(cs, fn)
[error]    |                                                                                                            ^^^^^^^^^^^^^^^^^^^^^^^^^
[error]    |           Found:    java.util.concurrent.CompletableFuture[Void] | Null
[error]    |           Required: java.util.concurrent.CompletableFuture[Void]
[error]    |
[error]    | longer explanation available when compiling with `-explain`
[error] -- [E007] Type Mismatch Error: /Users/y3536zha/Desktop/scala_explicit/scala_flexible_type_with_test_script/community-build/community-projects/scala-java8-compat/src/main/scala/scala/concurrent/java8/FutureConvertersImpl.scala:51:116 
[error] 51 |    override def runAfterEither(cs: CompletionStage[_], fn: Runnable): CompletableFuture[Void] = runAfterEitherAsync(cs, fn)
[error]    |                                                                                                 ^^^^^^^^^^^^^^^^^^^^^^^^^^^
[error]    |           Found:    java.util.concurrent.CompletableFuture[Void] | Null
[error]    |           Required: java.util.concurrent.CompletableFuture[Void]
[error]    |
[error]    | longer explanation available when compiling with `-explain`
[error] -- [E007] Type Mismatch Error: /Users/y3536zha/Desktop/scala_explicit/scala_flexible_type_with_test_script/community-build/community-projects/scala-java8-compat/src/main/scala/scala/concurrent/java8/FutureConvertersImpl.scala:53:113 
[error] 53 |    override def thenCompose[U](fn: JF[_ >: T, _ <: CompletionStage[U]]): CompletableFuture[U] = thenComposeAsync(fn)
[error]    |                                                                                                 ^^^^^^^^^^^^^^^^^^^^
[error]    |              Found:    java.util.concurrent.CompletableFuture[U] | Null
[error]    |              Required: java.util.concurrent.CompletableFuture[U]
[error]    |
[error]    | longer explanation available when compiling with `-explain`
[error] -- [E007] Type Mismatch Error: /Users/y3536zha/Desktop/scala_explicit/scala_flexible_type_with_test_script/community-build/community-projects/scala-java8-compat/src/main/scala/scala/concurrent/java8/FutureConvertersImpl.scala:55:111 
[error] 55 |    override def whenComplete(fn: BiConsumer[_ >: T, _ >: Throwable]): CompletableFuture[T] = whenCompleteAsync(fn)
[error]    |                                                                                              ^^^^^^^^^^^^^^^^^^^^^
[error]    |              Found:    java.util.concurrent.CompletableFuture[T] | Null
[error]    |              Required: java.util.concurrent.CompletableFuture[T]
[error]    |
[error]    | longer explanation available when compiling with `-explain`
[error] -- [E007] Type Mismatch Error: /Users/y3536zha/Desktop/scala_explicit/scala_flexible_type_with_test_script/community-build/community-projects/scala-java8-compat/src/main/scala/scala/concurrent/java8/FutureConvertersImpl.scala:57:105 
[error] 57 |    override def handle[U](fn: BiFunction[_ >: T, Throwable, _ <: U]): CompletableFuture[U] = handleAsync(fn)
[error]    |                                                                                              ^^^^^^^^^^^^^^^
[error]    |              Found:    java.util.concurrent.CompletableFuture[U] | Null
[error]    |              Required: java.util.concurrent.CompletableFuture[U]
[error]    |
[error]    | longer explanation available when compiling with `-explain`
[error] -- [E172] Type Error: /Users/y3536zha/Desktop/scala_explicit/scala_flexible_type_with_test_script/community-build/community-projects/scala-java8-compat/src/main/scala/scala/concurrent/java8/FutureConvertersImpl.scala:63:14 
[error] 63 |          if (e == null) cf.complete(t)
[error]    |              ^^^^^^^^^
[error]    |     Values of types Throwable and Null cannot be compared with == or !=
[error] -- [E007] Type Mismatch Error: /Users/y3536zha/Desktop/scala_explicit/scala_flexible_type_with_test_script/community-build/community-projects/scala-java8-compat/src/main/scala/scala/concurrent/java8/FutureConvertersImpl.scala:90:63 
[error] 90 |    override def get(): T = scala.concurrent.blocking(super.get())
[error]    |                                                      ^^^^^^^^^^^
[error]    |                                                      Found:    T | Null
[error]    |                                                      Required: T
[error]    |
[error]    | longer explanation available when compiling with `-explain`
[error] -- [E007] Type Mismatch Error: /Users/y3536zha/Desktop/scala_explicit/scala_flexible_type_with_test_script/community-build/community-projects/scala-java8-compat/src/main/scala/scala/concurrent/java8/FutureConvertersImpl.scala:92:92 
[error] 92 |    override def get(timeout: Long, unit: TimeUnit): T = scala.concurrent.blocking(super.get(timeout, unit))
[error]    |                                                                                   ^^^^^^^^^^^^^^^^^^^^^^^^
[error]    |                                                      Found:    T | Null
[error]    |                                                      Required: T
[error]    |
[error]    | longer explanation available when compiling with `-explain`
[error] -- [E172] Type Error: /Users/y3536zha/Desktop/scala_explicit/scala_flexible_type_with_test_script/community-build/community-projects/scala-java8-compat/src/main/scala/scala/concurrent/java8/FutureConvertersImpl.scala:99:10 
[error] 99 |      if (e == null) complete(Success(v))
[error]    |          ^^^^^^^^^
[error]    |     Values of types Throwable and Null cannot be compared with == or !=
[error] -- [E007] Type Mismatch Error: /Users/y3536zha/Desktop/scala_explicit/scala_flexible_type_with_test_script/community-build/community-projects/scala-java8-compat/target/scala-3.3.1-RC1-bin-SNAPSHOT/src_managed/main/FunctionConverters.scala:30:38 
[error] 30 |    def apply(x1: T, x2: U) = jf.apply(x1, x2)
[error]    |                              ^^^^^^^^^^^^^^^^
[error]    |                              Found:    R | Null
[error]    |                              Required: R
[error]    |
[error]    | longer explanation available when compiling with `-explain`
[error] -- [E007] Type Mismatch Error: /Users/y3536zha/Desktop/scala_explicit/scala_flexible_type_with_test_script/community-build/community-projects/scala-java8-compat/target/scala-3.3.1-RC1-bin-SNAPSHOT/src_managed/main/FunctionConverters.scala:64:38 
[error] 64 |    def apply(x1: T, x2: T) = jf.apply(x1, x2)
[error]    |                              ^^^^^^^^^^^^^^^^
[error]    |                              Found:    T | Null
[error]    |                              Required: T
[error]    |
[error]    | longer explanation available when compiling with `-explain`
[error] -- [E007] Type Mismatch Error: /Users/y3536zha/Desktop/scala_explicit/scala_flexible_type_with_test_script/community-build/community-projects/scala-java8-compat/target/scala-3.3.1-RC1-bin-SNAPSHOT/src_managed/main/FunctionConverters.scala:149:42 
[error] 149 |    def apply(x1: scala.Double) = jf.apply(x1)
[error]     |                                  ^^^^^^^^^^^^
[error]     |                                  Found:    R | Null
[error]     |                                  Required: R
[error]     |
[error]     | longer explanation available when compiling with `-explain`
[error] -- [E007] Type Mismatch Error: /Users/y3536zha/Desktop/scala_explicit/scala_flexible_type_with_test_script/community-build/community-projects/scala-java8-compat/target/scala-3.3.1-RC1-bin-SNAPSHOT/src_managed/main/FunctionConverters.scala:251:31 
[error] 251 |    def apply(x1: T) = jf.apply(x1)
[error]     |                       ^^^^^^^^^^^^
[error]     |                       Found:    R | Null
[error]     |                       Required: R
[error]     |
[error]     | longer explanation available when compiling with `-explain`
[error] -- [E007] Type Mismatch Error: /Users/y3536zha/Desktop/scala_explicit/scala_flexible_type_with_test_script/community-build/community-projects/scala-java8-compat/target/scala-3.3.1-RC1-bin-SNAPSHOT/src_managed/main/FunctionConverters.scala:302:39 
[error] 302 |    def apply(x1: scala.Int) = jf.apply(x1)
[error]     |                               ^^^^^^^^^^^^
[error]     |                               Found:    R | Null
[error]     |                               Required: R
[error]     |
[error]     | longer explanation available when compiling with `-explain`
[error] -- [E007] Type Mismatch Error: /Users/y3536zha/Desktop/scala_explicit/scala_flexible_type_with_test_script/community-build/community-projects/scala-java8-compat/target/scala-3.3.1-RC1-bin-SNAPSHOT/src_managed/main/FunctionConverters.scala:438:40 
[error] 438 |    def apply(x1: scala.Long) = jf.apply(x1)
[error]     |                                ^^^^^^^^^^^^
[error]     |                                Found:    R | Null
[error]     |                                Required: R
[error]     |
[error]     | longer explanation available when compiling with `-explain`
[error] -- [E007] Type Mismatch Error: /Users/y3536zha/Desktop/scala_explicit/scala_flexible_type_with_test_script/community-build/community-projects/scala-java8-compat/target/scala-3.3.1-RC1-bin-SNAPSHOT/src_managed/main/FunctionConverters.scala:608:24 
[error] 608 |    def apply() = jf.get()
[error]     |                  ^^^^^^^^
[error]     |                  Found:    T | Null
[error]     |                  Required: T
[error]     |
[error]     | longer explanation available when compiling with `-explain`
[error] -- [E007] Type Mismatch Error: /Users/y3536zha/Desktop/scala_explicit/scala_flexible_type_with_test_script/community-build/community-projects/scala-java8-compat/target/scala-3.3.1-RC1-bin-SNAPSHOT/src_managed/main/FunctionConverters.scala:727:31 
[error] 727 |    def apply(x1: T) = jf.apply(x1)
[error]     |                       ^^^^^^^^^^^^
[error]     |                       Found:    T | Null
[error]     |                       Required: T
[error]     |
[error]     | longer explanation available when compiling with `-explain`
[error] 71 errors found
[error] Module scala-java8-compat:1.0.0+50-eb16484f-SNAPSHOT is not binary compatible with versions . You have to relax your compatibility intention by changing the value of versionPolicyIntention.
[error] mimaReportBinaryIssues failed
[error] (Compile / compileIncremental) Compilation failed
[error] (versionPolicyMimaCheck) mimaReportBinaryIssues failed
[error] Total time: 10 s, completed Jun 22, 2023, 12:27:24 AM
[32m[FAILURE scala-java8-compat][0m
[32m[scala-java8-compat DONE RUNNING][0m
[error] Test dotty.communitybuild.CommunityBuildTestC.scalaJava8Compat failed: java.lang.AssertionError: 
[error] 
[error] sbt exited with an error code. To reproduce without JUnit, use:
[error] 
[error]     sbt community-build/prepareCommunityBuild
[error]     cd community-build/community-projects/scala-java8-compat
[error]     sbt -sbt-version 1.8.0 -Dsbt.supershell=false -Ddotty.communitybuild.dir=/Users/y3536zha/Desktop/scala_explicit/scala_flexible_type_with_test_script/community-build --addPluginSbtFile=/Users/y3536zha/Desktop/scala_explicit/scala_flexible_type_with_test_script/community-build/sbt-injected-plugins "set Global/testOptions += Tests.Argument(TestFramework("munit.Framework"), "+l"); clean; set Global/logLevel := Level.Error; set Global/updateOptions ~= (_.withLatestSnapshots(false)); set Global/scalacOptions ++= List("-Xcheck-macros","-Ysafe-init","-Yexplicit-nulls");++3.3.1-RC1-bin-SNAPSHOT!; test"
[error] 
[error] For a faster feedback loop on SBT projects, one can try to extract a direct call to dotc
[error] using the sbt export command. For instance, for scalacheck, use
[error]     sbt export jvm/test:compileIncremental
[error] 
[error] , took 84.418 sec
[error]     at dotty.communitybuild.CommunityBuildTest$package$testRunner$.failWith(CommunityBuildTest.scala:15)
[error]     at dotty.communitybuild.CommunityBuildRunner.runProject(CommunityBuildRunner.scala:93)
[error]     at dotty.communitybuild.CommunityBuildRunner.runProject$(CommunityBuildRunner.scala:33)
[error]     at dotty.communitybuild.CommunityBuildTest$package$testRunner$.runProject(CommunityBuildTest.scala:14)
[error]     at dotty.communitybuild.CommunityBuildRunner$.run(CommunityBuildRunner.scala:28)
[error]     at dotty.communitybuild.CommunityBuildTestC.scalaJava8Compat(CommunityBuildTest.scala:85)
[error]     at jdk.internal.reflect.NativeMethodAccessorImpl.invoke0(Native Method)
[error]     at jdk.internal.reflect.NativeMethodAccessorImpl.invoke(Unknown Source)
[error]     at jdk.internal.reflect.DelegatingMethodAccessorImpl.invoke(Unknown Source)
[error]     at java.lang.reflect.Method.invoke(Unknown Source)
[error]     ...
[info] Test run dotty.communitybuild.CommunityBuildTestC finished: 1 failed, 0 ignored, 1 total, 84.424s
********************************************************************************
Failed projects:
 - dotty.communitybuild.CommunityBuildTestC.scalaJava8Compat
********************************************************************************
[info] Test run dotty.communitybuild.CommunityBuildTestB started
[info] Test run dotty.communitybuild.CommunityBuildTestB finished: 0 failed, 0 ignored, 0 total, 0.0s
[error] Failed: Total 1, Failed 1, Errors 0, Passed 0
[error] Failed tests:
[error] 	dotty.communitybuild.CommunityBuildTestC
[error] (community-build / Test / testOnly) sbt.TestsFailedException: Tests unsuccessful
[error] Total time: 113 s (01:53), completed Jun 22, 2023, 12:27:25 AM
