[info] welcome to sbt 1.8.0 (Oracle Corporation Java 9.0.4)
[info] loading global plugins from /Users/y3536zha/.sbt/1.0/plugins
[info] loading settings for project scala_flexible_type_with_test_script-build-build from build.sbt ...
[info] loading project definition from /Users/y3536zha/Desktop/scala_explicit/scala_flexible_type_with_test_script/project/project
[info] loading settings for project scala_flexible_type_with_test_script-build from build.sbt,plugins.sbt ...
[info] loading project definition from /Users/y3536zha/Desktop/scala_explicit/scala_flexible_type_with_test_script/project
[info] loading settings for project scala3 from build.sbt ...
[info] resolving key references (31394 settings) ...
[info] set current project to scala3 (in build file:/Users/y3536zha/Desktop/scala_explicit/scala_flexible_type_with_test_script/)
SLF4J: No SLF4J providers were found.
SLF4J: Defaulting to no-operation (NOP) logger implementation
SLF4J: See https://www.slf4j.org/codes.html#noProviders for further details.
SLF4J: Class path contains SLF4J bindings targeting slf4j-api versions 1.7.x or earlier.
SLF4J: Ignoring binding found at [jar:file:/Users/y3536zha/.sbt/boot/scala-2.12.17/org.scala-sbt/sbt/1.8.0/log4j-slf4j-impl-2.17.1.jar!/org/slf4j/impl/StaticLoggerBinder.class]
SLF4J: See https://www.slf4j.org/codes.html#ignoredBindings for an explanation.
[info] Wrote /Users/y3536zha/Desktop/scala_explicit/scala_flexible_type_with_test_script/library/../out/bootstrap/scala3-library-bootstrapped/scala-3.3.1-RC1-bin-SNAPSHOT-nonbootstrapped/scala3-library_3-3.3.1-RC1-bin-SNAPSHOT.pom
[info] Wrote /Users/y3536zha/Desktop/scala_explicit/scala_flexible_type_with_test_script/interfaces/target/scala3-interfaces-3.3.1-RC1-bin-SNAPSHOT.pom
[info] Wrote /Users/y3536zha/Desktop/scala_explicit/scala_flexible_type_with_test_script/tasty/../out/bootstrap/tasty-core-bootstrapped/scala-3.3.1-RC1-bin-SNAPSHOT-nonbootstrapped/tasty-core_3-3.3.1-RC1-bin-SNAPSHOT.pom
[info] Wrote /Users/y3536zha/Desktop/scala_explicit/scala_flexible_type_with_test_script/sbt-community-build/target/scala-2.12/sbt-1.0/sbt-community-build-0.1.0-SNAPSHOT.pom
[info] Wrote /Users/y3536zha/Desktop/scala_explicit/scala_flexible_type_with_test_script/tasty-inspector/../out/bootstrap/scala3-tasty-inspector/scala-3.3.1-RC1-bin-SNAPSHOT-nonbootstrapped/scala3-tasty-inspector_3-3.3.1-RC1-bin-SNAPSHOT.pom
[info] Wrote /Users/y3536zha/Desktop/scala_explicit/scala_flexible_type_with_test_script/sbt-bridge/src/target/scala3-sbt-bridge-3.3.1-RC1-bin-SNAPSHOT.pom
[info] Wrote /Users/y3536zha/Desktop/scala_explicit/scala_flexible_type_with_test_script/compiler/../out/bootstrap/scala3-compiler-bootstrapped/scala-3.3.1-RC1-bin-SNAPSHOT-nonbootstrapped/scala3-compiler_3-3.3.1-RC1-bin-SNAPSHOT.pom
[info] Wrote /Users/y3536zha/Desktop/scala_explicit/scala_flexible_type_with_test_script/library-js/../out/bootstrap/scala3-library-bootstrappedJS/scala-3.3.1-RC1-bin-SNAPSHOT-nonbootstrapped/scala3-library_sjs1_3-3.3.1-RC1-bin-SNAPSHOT.pom
[info] Wrote /Users/y3536zha/Desktop/scala_explicit/scala_flexible_type_with_test_script/scaladoc/../out/bootstrap/scaladoc/scala-3.3.1-RC1-bin-SNAPSHOT-nonbootstrapped/scaladoc_3-3.3.1-RC1-bin-SNAPSHOT.pom
[info] :: delivering :: org.scala-lang#scala3-interfaces;3.3.1-RC1-bin-SNAPSHOT :: 3.3.1-RC1-bin-SNAPSHOT :: integration :: Thu Jun 22 01:05:43 EDT 2023
[info] 	delivering ivy file to /Users/y3536zha/Desktop/scala_explicit/scala_flexible_type_with_test_script/interfaces/target/ivy-3.3.1-RC1-bin-SNAPSHOT.xml
[info] 	published scala3-interfaces to /Users/y3536zha/.ivy2/local/org.scala-lang/scala3-interfaces/3.3.1-RC1-bin-SNAPSHOT/poms/scala3-interfaces.pom
[info] 	published scala3-interfaces to /Users/y3536zha/.ivy2/local/org.scala-lang/scala3-interfaces/3.3.1-RC1-bin-SNAPSHOT/jars/scala3-interfaces.jar
[info] 	published scala3-interfaces to /Users/y3536zha/.ivy2/local/org.scala-lang/scala3-interfaces/3.3.1-RC1-bin-SNAPSHOT/srcs/scala3-interfaces-sources.jar
[info] 	published scala3-interfaces to /Users/y3536zha/.ivy2/local/org.scala-lang/scala3-interfaces/3.3.1-RC1-bin-SNAPSHOT/docs/scala3-interfaces-javadoc.jar
[info] 	published ivy to /Users/y3536zha/.ivy2/local/org.scala-lang/scala3-interfaces/3.3.1-RC1-bin-SNAPSHOT/ivys/ivy.xml
[info] :: delivering :: ch.epfl.lamp#sbt-community-build;0.1.0-SNAPSHOT :: 0.1.0-SNAPSHOT :: integration :: Thu Jun 22 01:05:43 EDT 2023
[info] 	delivering ivy file to /Users/y3536zha/Desktop/scala_explicit/scala_flexible_type_with_test_script/sbt-community-build/target/scala-2.12/sbt-1.0/ivy-0.1.0-SNAPSHOT.xml
[info] 	published sbt-community-build to /Users/y3536zha/.ivy2/local/ch.epfl.lamp/sbt-community-build/scala_2.12/sbt_1.0/0.1.0-SNAPSHOT/poms/sbt-community-build.pom
[info] 	published sbt-community-build to /Users/y3536zha/.ivy2/local/ch.epfl.lamp/sbt-community-build/scala_2.12/sbt_1.0/0.1.0-SNAPSHOT/jars/sbt-community-build.jar
[info] 	published sbt-community-build to /Users/y3536zha/.ivy2/local/ch.epfl.lamp/sbt-community-build/scala_2.12/sbt_1.0/0.1.0-SNAPSHOT/srcs/sbt-community-build-sources.jar
[info] 	published sbt-community-build to /Users/y3536zha/.ivy2/local/ch.epfl.lamp/sbt-community-build/scala_2.12/sbt_1.0/0.1.0-SNAPSHOT/docs/sbt-community-build-javadoc.jar
[info] 	published ivy to /Users/y3536zha/.ivy2/local/ch.epfl.lamp/sbt-community-build/scala_2.12/sbt_1.0/0.1.0-SNAPSHOT/ivys/ivy.xml
[info] :: delivering :: org.scala-lang#scala3-sbt-bridge;3.3.1-RC1-bin-SNAPSHOT :: 3.3.1-RC1-bin-SNAPSHOT :: integration :: Thu Jun 22 01:05:45 EDT 2023
[info] 	delivering ivy file to /Users/y3536zha/Desktop/scala_explicit/scala_flexible_type_with_test_script/sbt-bridge/src/target/ivy-3.3.1-RC1-bin-SNAPSHOT.xml
[info] 	published scala3-sbt-bridge to /Users/y3536zha/.ivy2/local/org.scala-lang/scala3-sbt-bridge/3.3.1-RC1-bin-SNAPSHOT/poms/scala3-sbt-bridge.pom
[info] 	published scala3-sbt-bridge to /Users/y3536zha/.ivy2/local/org.scala-lang/scala3-sbt-bridge/3.3.1-RC1-bin-SNAPSHOT/jars/scala3-sbt-bridge.jar
[info] 	published scala3-sbt-bridge to /Users/y3536zha/.ivy2/local/org.scala-lang/scala3-sbt-bridge/3.3.1-RC1-bin-SNAPSHOT/srcs/scala3-sbt-bridge-sources.jar
[info] 	published scala3-sbt-bridge to /Users/y3536zha/.ivy2/local/org.scala-lang/scala3-sbt-bridge/3.3.1-RC1-bin-SNAPSHOT/docs/scala3-sbt-bridge-javadoc.jar
[info] 	published ivy to /Users/y3536zha/.ivy2/local/org.scala-lang/scala3-sbt-bridge/3.3.1-RC1-bin-SNAPSHOT/ivys/ivy.xml
[info] :: delivering :: org.scala-lang#tasty-core_3;3.3.1-RC1-bin-SNAPSHOT :: 3.3.1-RC1-bin-SNAPSHOT :: integration :: Thu Jun 22 01:05:49 EDT 2023
[info] 	delivering ivy file to /Users/y3536zha/Desktop/scala_explicit/scala_flexible_type_with_test_script/out/bootstrap/tasty-core-bootstrapped/scala-3.3.1-RC1-bin-SNAPSHOT-nonbootstrapped/ivy-3.3.1-RC1-bin-SNAPSHOT.xml
[info] 	published tasty-core_3 to /Users/y3536zha/.ivy2/local/org.scala-lang/tasty-core_3/3.3.1-RC1-bin-SNAPSHOT/poms/tasty-core_3.pom
[info] 	published tasty-core_3 to /Users/y3536zha/.ivy2/local/org.scala-lang/tasty-core_3/3.3.1-RC1-bin-SNAPSHOT/jars/tasty-core_3.jar
[info] 	published tasty-core_3 to /Users/y3536zha/.ivy2/local/org.scala-lang/tasty-core_3/3.3.1-RC1-bin-SNAPSHOT/srcs/tasty-core_3-sources.jar
[info] 	published tasty-core_3 to /Users/y3536zha/.ivy2/local/org.scala-lang/tasty-core_3/3.3.1-RC1-bin-SNAPSHOT/docs/tasty-core_3-javadoc.jar
[info] 	published ivy to /Users/y3536zha/.ivy2/local/org.scala-lang/tasty-core_3/3.3.1-RC1-bin-SNAPSHOT/ivys/ivy.xml
[info] Main Scala API documentation to /Users/y3536zha/Desktop/scala_explicit/scala_flexible_type_with_test_script/library/../out/bootstrap/scala3-library-bootstrapped/scala-3.3.1-RC1-bin-SNAPSHOT-nonbootstrapped/api...
[info] Main Scala API documentation to /Users/y3536zha/Desktop/scala_explicit/scala_flexible_type_with_test_script/library-js/../out/bootstrap/scala3-library-bootstrappedJS/scala-3.3.1-RC1-bin-SNAPSHOT-nonbootstrapped/api...
[info] :: delivering :: org.scala-lang#scala3-tasty-inspector_3;3.3.1-RC1-bin-SNAPSHOT :: 3.3.1-RC1-bin-SNAPSHOT :: integration :: Thu Jun 22 01:05:50 EDT 2023
[info] 	delivering ivy file to /Users/y3536zha/Desktop/scala_explicit/scala_flexible_type_with_test_script/out/bootstrap/scala3-tasty-inspector/scala-3.3.1-RC1-bin-SNAPSHOT-nonbootstrapped/ivy-3.3.1-RC1-bin-SNAPSHOT.xml
[info] 	published scala3-tasty-inspector_3 to /Users/y3536zha/.ivy2/local/org.scala-lang/scala3-tasty-inspector_3/3.3.1-RC1-bin-SNAPSHOT/poms/scala3-tasty-inspector_3.pom
[info] 	published scala3-tasty-inspector_3 to /Users/y3536zha/.ivy2/local/org.scala-lang/scala3-tasty-inspector_3/3.3.1-RC1-bin-SNAPSHOT/jars/scala3-tasty-inspector_3.jar
[info] 	published scala3-tasty-inspector_3 to /Users/y3536zha/.ivy2/local/org.scala-lang/scala3-tasty-inspector_3/3.3.1-RC1-bin-SNAPSHOT/srcs/scala3-tasty-inspector_3-sources.jar
[info] 	published scala3-tasty-inspector_3 to /Users/y3536zha/.ivy2/local/org.scala-lang/scala3-tasty-inspector_3/3.3.1-RC1-bin-SNAPSHOT/docs/scala3-tasty-inspector_3-javadoc.jar
[info] 	published ivy to /Users/y3536zha/.ivy2/local/org.scala-lang/scala3-tasty-inspector_3/3.3.1-RC1-bin-SNAPSHOT/ivys/ivy.xml
[info] :: delivering :: org.scala-lang#scaladoc_3;3.3.1-RC1-bin-SNAPSHOT :: 3.3.1-RC1-bin-SNAPSHOT :: integration :: Thu Jun 22 01:05:50 EDT 2023
[info] 	delivering ivy file to /Users/y3536zha/Desktop/scala_explicit/scala_flexible_type_with_test_script/out/bootstrap/scaladoc/scala-3.3.1-RC1-bin-SNAPSHOT-nonbootstrapped/ivy-3.3.1-RC1-bin-SNAPSHOT.xml
[info] 	published scaladoc_3 to /Users/y3536zha/.ivy2/local/org.scala-lang/scaladoc_3/3.3.1-RC1-bin-SNAPSHOT/poms/scaladoc_3.pom
[info] 	published scaladoc_3 to /Users/y3536zha/.ivy2/local/org.scala-lang/scaladoc_3/3.3.1-RC1-bin-SNAPSHOT/jars/scaladoc_3.jar
[info] 	published scaladoc_3 to /Users/y3536zha/.ivy2/local/org.scala-lang/scaladoc_3/3.3.1-RC1-bin-SNAPSHOT/srcs/scaladoc_3-sources.jar
[info] 	published scaladoc_3 to /Users/y3536zha/.ivy2/local/org.scala-lang/scaladoc_3/3.3.1-RC1-bin-SNAPSHOT/docs/scaladoc_3-javadoc.jar
[info] 	published ivy to /Users/y3536zha/.ivy2/local/org.scala-lang/scaladoc_3/3.3.1-RC1-bin-SNAPSHOT/ivys/ivy.xml
[warn] bad option '-project-version 3.3.1-RC1-bin-SNAPSHOT' was ignored
[warn] Setting -skip-by-regex set to .+\.internal($|\..+) redundantly
[warn] Setting -skip-by-regex set to .+\.internal($|\..+) redundantly
[warn] Setting -skip-by-regex set to .+\.impl($|\..+) redundantly
[warn] Setting -skip-by-regex set to .+\.impl($|\..+) redundantly
[warn] Flag -project-logo set repeatedly
[warn] Setting -skip-by-id set to scala.runtime.stdLibPatches redundantly
[warn] Setting -social-links set to github::https://github.com/lampepfl/dotty redundantly
[warn] Setting -skip-by-id set to scala.runtime.MatchCase redundantly
[warn] bad option '-project-logo docs/_assets/images/logo.svg' was ignored
[warn] Setting -social-links set to discord::https://discord.com/invite/scala redundantly
[warn] Setting -social-links set to github::https://github.com/lampepfl/dotty redundantly
[warn] Setting -social-links set to twitter::https://twitter.com/scala_lang redundantly
[warn] Setting -social-links set to discord::https://discord.com/invite/scala redundantly
[warn] Setting -skip-by-id set to scala.runtime.stdLibPatches redundantly
[warn] Setting -social-links set to twitter::https://twitter.com/scala_lang redundantly
[warn] bad option '-project-footer "Copyright (c) 2002-2023, LAMP/EPFL"' was ignored
[warn] Setting -skip-by-id set to scala.runtime.MatchCase redundantly
[warn] bad option '-default-template static-site-main' was ignored
[warn] Flag -project-footer set repeatedly
[warn] Flag -author set repeatedly
[warn] Flag -author set repeatedly
[warn] Flag -groups set repeatedly
[warn] Flag -groups set repeatedly
[warn] Flag -default-template set repeatedly
[warn] Setting -external-mappings set to .*scala/.*::scaladoc3::https://dotty.epfl.ch/api/ redundantly
[warn] Setting -external-mappings set to .*java/.*::javadoc::https://docs.oracle.com/javase/8/docs/api/ redundantly
[warn] bad option '-project-version 3.3.1-RC1-bin-SNAPSHOT' was ignored
[warn] Setting -skip-by-regex set to .+\.internal($|\..+) redundantly
[warn] Setting -skip-by-regex set to .+\.impl($|\..+) redundantly
[warn] Setting -skip-by-id set to scala.runtime.stdLibPatches redundantly
[warn] Setting -skip-by-id set to scala.runtime.MatchCase redundantly
[warn] bad option '-project-logo docs/_assets/images/logo.svg' was ignored
[warn] Setting -social-links set to github::https://github.com/lampepfl/dotty redundantly
[warn] Setting -social-links set to discord::https://discord.com/invite/scala redundantly
[warn] Setting -social-links set to twitter::https://twitter.com/scala_lang redundantly
[warn] bad option '-project-footer "Copyright (c) 2002-2023, LAMP/EPFL"' was ignored
[warn] bad option '-default-template static-site-main' was ignored
[warn] Flag -author set repeatedly
[warn] Flag -groups set repeatedly
[info] Skipping unused scalacOptions: -Werror, -Yno-experimental, -Yexplicit-nulls
[info] Skipping unused scalacOptions: -Werror, -Yno-experimental, -Yexplicit-nulls
[info] :: delivering :: org.scala-lang#scala3-compiler_3;3.3.1-RC1-bin-SNAPSHOT :: 3.3.1-RC1-bin-SNAPSHOT :: integration :: Thu Jun 22 01:05:52 EDT 2023
[info] 	delivering ivy file to /Users/y3536zha/Desktop/scala_explicit/scala_flexible_type_with_test_script/out/bootstrap/scala3-compiler-bootstrapped/scala-3.3.1-RC1-bin-SNAPSHOT-nonbootstrapped/ivy-3.3.1-RC1-bin-SNAPSHOT.xml
[info] 	published scala3-compiler_3 to /Users/y3536zha/.ivy2/local/org.scala-lang/scala3-compiler_3/3.3.1-RC1-bin-SNAPSHOT/poms/scala3-compiler_3.pom
[info] 	published scala3-compiler_3 to /Users/y3536zha/.ivy2/local/org.scala-lang/scala3-compiler_3/3.3.1-RC1-bin-SNAPSHOT/jars/scala3-compiler_3.jar
[info] 	published scala3-compiler_3 to /Users/y3536zha/.ivy2/local/org.scala-lang/scala3-compiler_3/3.3.1-RC1-bin-SNAPSHOT/srcs/scala3-compiler_3-sources.jar
[info] 	published scala3-compiler_3 to /Users/y3536zha/.ivy2/local/org.scala-lang/scala3-compiler_3/3.3.1-RC1-bin-SNAPSHOT/docs/scala3-compiler_3-javadoc.jar
[info] 	published ivy to /Users/y3536zha/.ivy2/local/org.scala-lang/scala3-compiler_3/3.3.1-RC1-bin-SNAPSHOT/ivys/ivy.xml
[warn] -- Warning: library/src/scala/util/FromDigits.scala:21:6 -----------------------
[warn] 21 |  def fromDigits(digits: String): T
[warn]    |      ^
[warn]    |      No DRI found for query: MalformedNumber
[warn] -- Warning: library/src/scala/util/FromDigits.scala:21:6 -----------------------
[warn] 21 |  def fromDigits(digits: String): T
[warn]    |      ^
[warn]    |      No DRI found for query: MalformedNumber
[error] -- [E069] Naming Error: /Users/y3536zha/Desktop/scala_explicit/scala_flexible_type_with_test_script/library/src/scala/IArray.scala:13:7 
[error] 13 |object IArray:
[error]    |       ^
[error]    |object IArray cannot have the same name as object IArray in package scala -- cannot define object member with the same name as a object member in self reference _.
[error]    |(Note: this can be resolved by using another name)
[error] -- [E069] Naming Error: /Users/y3536zha/Desktop/scala_explicit/scala_flexible_type_with_test_script/library/src/scala/IArray.scala:13:7 
[error] 13 |object IArray:
[error]    |       ^
[error]    |object IArray cannot have the same name as object IArray in package scala -- cannot define object member with the same name as a object member in self reference _.
[error]    |(Note: this can be resolved by using another name)
[warn] 28 warnings found
[warn] 14 warnings found
[error] one error found
[error] one error found
[info] :: delivering :: org.scala-lang#scala3-library_3;3.3.1-RC1-bin-SNAPSHOT :: 3.3.1-RC1-bin-SNAPSHOT :: integration :: Thu Jun 22 01:06:15 EDT 2023
[info] 	delivering ivy file to /Users/y3536zha/Desktop/scala_explicit/scala_flexible_type_with_test_script/out/bootstrap/scala3-library-bootstrapped/scala-3.3.1-RC1-bin-SNAPSHOT-nonbootstrapped/ivy-3.3.1-RC1-bin-SNAPSHOT.xml
[info] 	published scala3-library_3 to /Users/y3536zha/.ivy2/local/org.scala-lang/scala3-library_3/3.3.1-RC1-bin-SNAPSHOT/poms/scala3-library_3.pom
[info] 	published scala3-library_3 to /Users/y3536zha/.ivy2/local/org.scala-lang/scala3-library_3/3.3.1-RC1-bin-SNAPSHOT/jars/scala3-library_3.jar
[info] 	published scala3-library_3 to /Users/y3536zha/.ivy2/local/org.scala-lang/scala3-library_3/3.3.1-RC1-bin-SNAPSHOT/srcs/scala3-library_3-sources.jar
[info] 	published scala3-library_3 to /Users/y3536zha/.ivy2/local/org.scala-lang/scala3-library_3/3.3.1-RC1-bin-SNAPSHOT/docs/scala3-library_3-javadoc.jar
[info] 	published ivy to /Users/y3536zha/.ivy2/local/org.scala-lang/scala3-library_3/3.3.1-RC1-bin-SNAPSHOT/ivys/ivy.xml
[info] :: delivering :: org.scala-lang#scala3-library_sjs1_3;3.3.1-RC1-bin-SNAPSHOT :: 3.3.1-RC1-bin-SNAPSHOT :: integration :: Thu Jun 22 01:06:15 EDT 2023
[info] 	delivering ivy file to /Users/y3536zha/Desktop/scala_explicit/scala_flexible_type_with_test_script/out/bootstrap/scala3-library-bootstrappedJS/scala-3.3.1-RC1-bin-SNAPSHOT-nonbootstrapped/ivy-3.3.1-RC1-bin-SNAPSHOT.xml
[info] 	published scala3-library_sjs1_3 to /Users/y3536zha/.ivy2/local/org.scala-lang/scala3-library_sjs1_3/3.3.1-RC1-bin-SNAPSHOT/poms/scala3-library_sjs1_3.pom
[info] 	published scala3-library_sjs1_3 to /Users/y3536zha/.ivy2/local/org.scala-lang/scala3-library_sjs1_3/3.3.1-RC1-bin-SNAPSHOT/jars/scala3-library_sjs1_3.jar
[info] 	published scala3-library_sjs1_3 to /Users/y3536zha/.ivy2/local/org.scala-lang/scala3-library_sjs1_3/3.3.1-RC1-bin-SNAPSHOT/srcs/scala3-library_sjs1_3-sources.jar
[info] 	published scala3-library_sjs1_3 to /Users/y3536zha/.ivy2/local/org.scala-lang/scala3-library_sjs1_3/3.3.1-RC1-bin-SNAPSHOT/docs/scala3-library_sjs1_3-javadoc.jar
[info] 	published ivy to /Users/y3536zha/.ivy2/local/org.scala-lang/scala3-library_sjs1_3/3.3.1-RC1-bin-SNAPSHOT/ivys/ivy.xml
[info] Test run dotty.communitybuild.CommunityBuildTestA started
[info] Test run dotty.communitybuild.CommunityBuildTestA finished: 0 failed, 0 ignored, 0 total, 0.0s
[info] Test run dotty.communitybuild.CommunityBuildTestC started
[info] Test dotty.communitybuild.CommunityBuildTestC.verify started
[32m[STARTING verify][0m
[32m[DEPENDENCIES DONE, NOW ACTUALLY RUNNING verify][0m
[32mBuilding verify with dotty-bootstrapped 3.3.1-RC1-bin-SNAPSHOT...[0m
[32msbt -sbt-version 1.8.0 -Dsbt.supershell=false -Ddotty.communitybuild.dir=/Users/y3536zha/Desktop/scala_explicit/scala_flexible_type_with_test_script/community-build --addPluginSbtFile=/Users/y3536zha/Desktop/scala_explicit/scala_flexible_type_with_test_script/community-build/sbt-injected-plugins set Global/testOptions += Tests.Argument(TestFramework("munit.Framework"), "+l"); clean; set Global/logLevel := Level.Error; set Global/updateOptions ~= (_.withLatestSnapshots(false)); set Global/scalacOptions ++= List("-Ysafe-init","-Yexplicit-nulls");++3.3.1-RC1-bin-SNAPSHOT!; verifyJVM/test[0m
[info] welcome to sbt 1.8.0 (Oracle Corporation Java 9.0.4)
[info] loading global plugins from /Users/y3536zha/.sbt/1.0/plugins
[info] waiting for lock on /Users/y3536zha/.ivy2/.sbt.ivy.lock to be available...
[info] loading settings for project verify-build from plugins.sbt,sbt-injected-plugins ...
[info] loading project definition from /Users/y3536zha/Desktop/scala_explicit/scala_flexible_type_with_test_script/community-build/community-projects/verify/project
[info] loading settings for project verifyRoot from build.sbt ...
[info] set current project to verify root (in build file:/Users/y3536zha/Desktop/scala_explicit/scala_flexible_type_with_test_script/community-build/community-projects/verify/)
[info] Defining Global / testOptions
[info] The new value will be used by Test / test / testOptions, Test / testOnly / testOptions and 9 others.
[info] 	Run `last` for details.
[info] Reapplying settings...
[info] set current project to verify root (in build file:/Users/y3536zha/Desktop/scala_explicit/scala_flexible_type_with_test_script/community-build/community-projects/verify/)
[success] Total time: 0 s, completed Jun 22, 2023, 1:06:33 AM
[info] Defining Global / logLevel
[info] The new value will be used by Test / test / testListeners, Test / testOnly / testListeners and 29 others.
[info] 	Run `last` for details.
[info] Reapplying settings...
[info] set current project to verify root (in build file:/Users/y3536zha/Desktop/scala_explicit/scala_flexible_type_with_test_script/community-build/community-projects/verify/)
[info] Defining Global / updateOptions
[info] The new value will be used by dependencyTreeIgnoreMissingUpdate / updateOptions, ivyConfiguration and 9 others.
[info] 	Run `last` for details.
[info] Reapplying settings...
[info] set current project to verify root (in build file:/Users/y3536zha/Desktop/scala_explicit/scala_flexible_type_with_test_script/community-build/community-projects/verify/)
[info] Defining Global / scalacOptions
[info] The new value will be used by ThisBuild / scalacOptions
[info] Reapplying settings...
[info] set current project to verify root (in build file:/Users/y3536zha/Desktop/scala_explicit/scala_flexible_type_with_test_script/community-build/community-projects/verify/)
[info] Forcing Scala version to 3.3.1-RC1-bin-SNAPSHOT on all projects.
[info] Reapplying settings...
[info] Loading dependency tracking file /Users/y3536zha/Desktop/scala_explicit/scala_flexible_type_with_test_script/community-build/dotty-community-build-deps
[info] Dependency tracking file /Users/y3536zha/Desktop/scala_explicit/scala_flexible_type_with_test_script/community-build/dotty-community-build-deps does not exist
[info] set current project to verify root (in build file:/Users/y3536zha/Desktop/scala_explicit/scala_flexible_type_with_test_script/community-build/community-projects/verify/)
[error] -- [E008] Not Found Error: /Users/y3536zha/Desktop/scala_explicit/scala_flexible_type_with_test_script/community-build/community-projects/verify/jvm/src/main/scala/verify/internal/Reflect.scala:22:43 
[error] 22 |          runtimeClass.getField("MODULE$").get(null)
[error]    |          ^^^^^^^^^^^^^^^^^^^^^^^^^^^^^^^^^^^^
[error]    |      value get is not a member of java.lang.reflect.Field | Null.
[error]    |      Since explicit-nulls is enabled, the selection is rejected because
[error]    |      java.lang.reflect.Field | Null could be null at runtime.
[error]    |      If you want to select get without checking for a null value,
[error]    |      insert a .nn before .get or import scala.language.unsafeNulls.
[error] -- [E008] Not Found Error: /Users/y3536zha/Desktop/scala_explicit/scala_flexible_type_with_test_script/community-build/community-projects/verify/jvm/src/main/scala/verify/internal/Reflect.scala:36:20 
[error] 36 |      clazz.getName.endsWith("$") && (fld.getModifiers & Modifier.STATIC) != 0
[error]    |      ^^^^^^^^^^^^^^^^^^^^^^
[error]    |     value endsWith is not a member of String | Null.
[error]    |     Since explicit-nulls is enabled, the selection is rejected because
[error]    |     String | Null could be null at runtime.
[error]    |     If you want to select endsWith without checking for a null value,
[error]    |     insert a .nn before .endsWith or import scala.language.unsafeNulls.
java.lang.NoClassDefFoundError: scala/runtime/Scala3RunTime$ while typechecking /Users/y3536zha/Desktop/scala_explicit/scala_flexible_type_with_test_script/community-build/community-projects/verify/jvm/src/main/scala/verify/internal/Reflect.scala
Exception while compiling /Users/y3536zha/Desktop/scala_explicit/scala_flexible_type_with_test_script/community-build/community-projects/verify/jvm/src/main/scala/verify/internal/EnableReflectiveInstantiation.scala, /Users/y3536zha/Desktop/scala_explicit/scala_flexible_type_with_test_script/community-build/community-projects/verify/jvm/src/main/scala/verify/internal/Reflect.scala, /Users/y3536zha/Desktop/scala_explicit/scala_flexible_type_with_test_script/community-build/community-projects/verify/jvm/src/main/scala/verify/platform/package.scala, /Users/y3536zha/Desktop/scala_explicit/scala_flexible_type_with_test_script/community-build/community-projects/verify/shared/src/main/scala-3/verify/asserts/AssertEqualsMacro.scala, /Users/y3536zha/Desktop/scala_explicit/scala_flexible_type_with_test_script/community-build/community-projects/verify/shared/src/main/scala-3/verify/asserts/Recorder.scala, /Users/y3536zha/Desktop/scala_explicit/scala_flexible_type_with_test_script/community-build/community-projects/verify/shared/src/main/scala-3/verify/asserts/RecorderMacro.scala, /Users/y3536zha/Desktop/scala_explicit/scala_flexible_type_with_test_script/community-build/community-projects/verify/shared/src/main/scala-3/verify/sourcecode/Compat.scala, /Users/y3536zha/Desktop/scala_explicit/scala_flexible_type_with_test_script/community-build/community-projects/verify/shared/src/main/scala-3/verify/sourcecode/Macros.scala, /Users/y3536zha/Desktop/scala_explicit/scala_flexible_type_with_test_script/community-build/community-projects/verify/shared/src/main/scala-3/verify/sourcecode/SourceContext.scala, /Users/y3536zha/Desktop/scala_explicit/scala_flexible_type_with_test_script/community-build/community-projects/verify/shared/src/main/scala/verify/AbstractTestSuite.scala, /Users/y3536zha/Desktop/scala_explicit/scala_flexible_type_with_test_script/community-build/community-projects/verify/shared/src/main/scala/verify/Assertion.scala, /Users/y3536zha/Desktop/scala_explicit/scala_flexible_type_with_test_script/community-build/community-projects/verify/shared/src/main/scala/verify/BasicTestSuite.scala, /Users/y3536zha/Desktop/scala_explicit/scala_flexible_type_with_test_script/community-build/community-projects/verify/shared/src/main/scala/verify/DiffUtil.scala, /Users/y3536zha/Desktop/scala_explicit/scala_flexible_type_with_test_script/community-build/community-projects/verify/shared/src/main/scala/verify/Properties.scala, /Users/y3536zha/Desktop/scala_explicit/scala_flexible_type_with_test_script/community-build/community-projects/verify/shared/src/main/scala/verify/Result.scala, /Users/y3536zha/Desktop/scala_explicit/scala_flexible_type_with_test_script/community-build/community-projects/verify/shared/src/main/scala/verify/TestSpec.scala, /Users/y3536zha/Desktop/scala_explicit/scala_flexible_type_with_test_script/community-build/community-projects/verify/shared/src/main/scala/verify/TestSuite.scala, /Users/y3536zha/Desktop/scala_explicit/scala_flexible_type_with_test_script/community-build/community-projects/verify/shared/src/main/scala/verify/Utils.scala, /Users/y3536zha/Desktop/scala_explicit/scala_flexible_type_with_test_script/community-build/community-projects/verify/shared/src/main/scala/verify/Void.scala, /Users/y3536zha/Desktop/scala_explicit/scala_flexible_type_with_test_script/community-build/community-projects/verify/shared/src/main/scala/verify/asserts/ExpressionRenderer.scala, /Users/y3536zha/Desktop/scala_explicit/scala_flexible_type_with_test_script/community-build/community-projects/verify/shared/src/main/scala/verify/asserts/PowerAssert.scala, /Users/y3536zha/Desktop/scala_explicit/scala_flexible_type_with_test_script/community-build/community-projects/verify/shared/src/main/scala/verify/asserts/RecordedExpression.scala, /Users/y3536zha/Desktop/scala_explicit/scala_flexible_type_with_test_script/community-build/community-projects/verify/shared/src/main/scala/verify/asserts/RecordedValue.scala, /Users/y3536zha/Desktop/scala_explicit/scala_flexible_type_with_test_script/community-build/community-projects/verify/shared/src/main/scala/verify/asserts/RecorderListener.scala, /Users/y3536zha/Desktop/scala_explicit/scala_flexible_type_with_test_script/community-build/community-projects/verify/shared/src/main/scala/verify/asserts/RecorderRuntime.scala, /Users/y3536zha/Desktop/scala_explicit/scala_flexible_type_with_test_script/community-build/community-projects/verify/shared/src/main/scala/verify/asserts/Recording.scala, /Users/y3536zha/Desktop/scala_explicit/scala_flexible_type_with_test_script/community-build/community-projects/verify/shared/src/main/scala/verify/exceptions.scala, /Users/y3536zha/Desktop/scala_explicit/scala_flexible_type_with_test_script/community-build/community-projects/verify/shared/src/main/scala/verify/runner/Framework.scala, /Users/y3536zha/Desktop/scala_explicit/scala_flexible_type_with_test_script/community-build/community-projects/verify/shared/src/main/scala/verify/runner/Options.scala, /Users/y3536zha/Desktop/scala_explicit/scala_flexible_type_with_test_script/community-build/community-projects/verify/shared/src/main/scala/verify/runner/Runner.scala, /Users/y3536zha/Desktop/scala_explicit/scala_flexible_type_with_test_script/community-build/community-projects/verify/shared/src/main/scala/verify/runner/Task.scala
[error] ## Exception when compiling 31 sources to /Users/y3536zha/Desktop/scala_explicit/scala_flexible_type_with_test_script/community-build/community-projects/verify/jvm/target/scala-3.3.1-RC1-bin-SNAPSHOT/classes
[error] java.lang.NoClassDefFoundError: scala/runtime/Scala3RunTime$
[error] dotty.tools.dotc.core.Symbols$Symbol.asTerm(Symbols.scala:169)
[error] dotty.tools.dotc.ast.tpd$.New(tpd.scala:522)
[error] dotty.tools.dotc.core.Annotations$Annotation$.apply(Annotations.scala:211)
[error] dotty.tools.dotc.core.Annotations$Annotation$.apply(Annotations.scala:205)
[error] dotty.tools.dotc.core.classfile.ClassfileParser.parseAttribute$1(ClassfileParser.scala:767)
[error] dotty.tools.dotc.core.classfile.ClassfileParser.parseAttributes$$anonfun$1(ClassfileParser.scala:825)
[error] scala.runtime.java8.JFunction1$mcVI$sp.apply(JFunction1$mcVI$sp.scala:18)
[error] scala.collection.immutable.Range.foreach(Range.scala:190)
[error] dotty.tools.dotc.core.classfile.ClassfileParser.parseAttributes(ClassfileParser.scala:825)
[error] dotty.tools.dotc.core.classfile.ClassfileParser.parseMember(ClassfileParser.scala:256)
[error] dotty.tools.dotc.core.classfile.ClassfileParser.parseClass$$anonfun$2(ClassfileParser.scala:207)
[error] scala.runtime.java8.JFunction1$mcVI$sp.apply(JFunction1$mcVI$sp.scala:18)
[error] scala.collection.immutable.Range.foreach(Range.scala:190)
[error] dotty.tools.dotc.core.classfile.ClassfileParser.parseClass(ClassfileParser.scala:207)
[error] dotty.tools.dotc.core.classfile.ClassfileParser.$anonfun$1(ClassfileParser.scala:87)
[error] dotty.tools.dotc.core.classfile.ClassfileParser.run(ClassfileParser.scala:82)
[error] dotty.tools.dotc.core.ClassfileLoader.load(SymbolLoaders.scala:412)
[error] dotty.tools.dotc.core.ClassfileLoader.doComplete(SymbolLoaders.scala:407)
[error] dotty.tools.dotc.core.SymbolLoader$$anon$1.doComplete(SymbolLoaders.scala:325)
[error] dotty.tools.dotc.core.SymbolLoader.complete(SymbolLoaders.scala:341)
[error] dotty.tools.dotc.core.SymDenotations$SymDenotation.completeFrom(SymDenotations.scala:174)
[error] dotty.tools.dotc.core.Denotations$Denotation.completeInfo$1(Denotations.scala:187)
[error] dotty.tools.dotc.core.Denotations$Denotation.info(Denotations.scala:189)
[error] dotty.tools.dotc.core.SymDenotations$SymDenotation.ensureCompleted(SymDenotations.scala:393)
[error] dotty.tools.dotc.core.SymDenotations$SymDenotation.flags(SymDenotations.scala:66)
[error] dotty.tools.dotc.core.SymDenotations$SymDenotation.is(SymDenotations.scala:122)
[error] dotty.tools.dotc.typer.ImportSuggestions.lookInside$1(ImportSuggestions.scala:66)
[error] dotty.tools.dotc.typer.ImportSuggestions.$anonfun$1(ImportSuggestions.scala:90)
[error] dotty.tools.dotc.core.Scopes$Scope.filter(Scopes.scala:102)
[error] dotty.tools.dotc.typer.ImportSuggestions.rootsStrictlyIn$1(ImportSuggestions.scala:90)
[error] dotty.tools.dotc.typer.ImportSuggestions.rootsIn$1(ImportSuggestions.scala:108)
[error] dotty.tools.dotc.typer.ImportSuggestions.rootsStrictlyIn$1$$anonfun$2(ImportSuggestions.scala:100)
[error] scala.collection.immutable.List.flatMap(List.scala:293)
[error] dotty.tools.dotc.typer.ImportSuggestions.rootsStrictlyIn$1(ImportSuggestions.scala:100)
[error] dotty.tools.dotc.typer.ImportSuggestions.rootsIn$1(ImportSuggestions.scala:108)
[error] dotty.tools.dotc.typer.ImportSuggestions.rootsStrictlyIn$1$$anonfun$2(ImportSuggestions.scala:100)
[error] scala.collection.immutable.List.flatMap(List.scala:293)
[error] dotty.tools.dotc.typer.ImportSuggestions.rootsStrictlyIn$1(ImportSuggestions.scala:100)
[error] dotty.tools.dotc.typer.ImportSuggestions.recur$1(ImportSuggestions.scala:119)
[error] dotty.tools.dotc.typer.ImportSuggestions.recur$1(ImportSuggestions.scala:130)
[error] dotty.tools.dotc.typer.ImportSuggestions.recur$1(ImportSuggestions.scala:130)
[error] dotty.tools.dotc.typer.ImportSuggestions.recur$1(ImportSuggestions.scala:130)
[error] dotty.tools.dotc.typer.ImportSuggestions.recur$1(ImportSuggestions.scala:130)
[error] dotty.tools.dotc.typer.ImportSuggestions.recur$1(ImportSuggestions.scala:130)
[error] dotty.tools.dotc.typer.ImportSuggestions.recur$1(ImportSuggestions.scala:130)
[error] dotty.tools.dotc.typer.ImportSuggestions.recur$1(ImportSuggestions.scala:130)
[error] dotty.tools.dotc.typer.ImportSuggestions.recur$1(ImportSuggestions.scala:130)
[error] dotty.tools.dotc.typer.ImportSuggestions.recur$1(ImportSuggestions.scala:130)
[error] dotty.tools.dotc.typer.ImportSuggestions.recur$1(ImportSuggestions.scala:130)
[error] dotty.tools.dotc.typer.ImportSuggestions.recur$1(ImportSuggestions.scala:130)
[error] dotty.tools.dotc.typer.ImportSuggestions.recur$1(ImportSuggestions.scala:130)
[error] dotty.tools.dotc.typer.ImportSuggestions.recur$1(ImportSuggestions.scala:130)
[error] dotty.tools.dotc.typer.ImportSuggestions.recur$1(ImportSuggestions.scala:130)
[error] dotty.tools.dotc.typer.ImportSuggestions.recur$1(ImportSuggestions.scala:130)
[error] dotty.tools.dotc.typer.ImportSuggestions.recur$1(ImportSuggestions.scala:130)
[error] dotty.tools.dotc.typer.ImportSuggestions.recur$1(ImportSuggestions.scala:130)
[error] dotty.tools.dotc.typer.ImportSuggestions.suggestionRoots(ImportSuggestions.scala:133)
[error] dotty.tools.dotc.typer.ImportSuggestions.importSuggestions(ImportSuggestions.scala:235)
[error] dotty.tools.dotc.typer.ImportSuggestions.importSuggestionAddendum(ImportSuggestions.scala:325)
[error] dotty.tools.dotc.typer.ImportSuggestions.importSuggestionAddendum$(ImportSuggestions.scala:21)
[error] dotty.tools.dotc.typer.Typer.importSuggestionAddendum(Typer.scala:116)
[error] dotty.tools.dotc.reporting.TypeMismatch.importSuggestions$1(messages.scala:293)
[error] dotty.tools.dotc.reporting.TypeMismatch.msgPostscript$$anonfun$2(messages.scala:295)
[error] scala.Option.getOrElse(Option.scala:201)
[error] dotty.tools.dotc.reporting.TypeMismatch.msgPostscript(messages.scala:295)
[error] dotty.tools.dotc.reporting.Message.message$$anonfun$1(Message.scala:345)
[error] dotty.tools.dotc.reporting.Message.inMessageContext(Message.scala:341)
[error] dotty.tools.dotc.reporting.Message.message(Message.scala:345)
[error] dotty.tools.dotc.reporting.Message.isNonSensical(Message.scala:322)
[error] dotty.tools.dotc.reporting.HideNonSensicalMessages.isHidden(HideNonSensicalMessages.scala:16)
[error] dotty.tools.dotc.reporting.HideNonSensicalMessages.isHidden$(HideNonSensicalMessages.scala:10)
[error] dotty.tools.dotc.reporting.AbstractReporter.isHidden(AbstractReporter.scala:8)
[error] dotty.tools.dotc.reporting.Reporter.issueUnconfigured(Reporter.scala:156)
[error] dotty.tools.dotc.reporting.Reporter.go$1(Reporter.scala:181)
[error] dotty.tools.dotc.reporting.Reporter.issueIfNotSuppressed(Reporter.scala:200)
[error] dotty.tools.dotc.reporting.Reporter.report(Reporter.scala:203)
[error] dotty.tools.dotc.reporting.Reporter.flush$$anonfun$1(Reporter.scala:261)
[error] scala.runtime.function.JProcedure1.apply(JProcedure1.java:15)
[error] scala.runtime.function.JProcedure1.apply(JProcedure1.java:10)
[error] scala.collection.immutable.List.foreach(List.scala:333)
[error] dotty.tools.dotc.reporting.Reporter.flush(Reporter.scala:261)
[error] dotty.tools.dotc.core.TyperState.commit(TyperState.scala:175)
[error] dotty.tools.dotc.typer.Applications.fail$1(Applications.scala:1055)
[error] dotty.tools.dotc.typer.Applications.realApply$1$$anonfun$3$$anonfun$1(Applications.scala:1061)
[error] scala.Option.getOrElse(Option.scala:201)
[error] dotty.tools.dotc.typer.Applications.realApply$1$$anonfun$3(Applications.scala:1062)
[error] dotty.tools.dotc.typer.Typer.tryEither(Typer.scala:3313)
[error] dotty.tools.dotc.typer.Applications.realApply$1(Applications.scala:1063)
[error] dotty.tools.dotc.typer.Applications.typedApply(Applications.scala:1101)
[error] dotty.tools.dotc.typer.Applications.typedApply$(Applications.scala:352)
[error] dotty.tools.dotc.typer.Typer.typedApply(Typer.scala:116)
[error] dotty.tools.dotc.typer.Typer.typedUnnamed$1(Typer.scala:3035)
[error] dotty.tools.dotc.typer.Typer.typedUnadapted(Typer.scala:3098)
[error] dotty.tools.dotc.typer.Typer.typed(Typer.scala:3170)
[error] dotty.tools.dotc.typer.Typer.typed(Typer.scala:3174)
[error] dotty.tools.dotc.typer.Typer.typedExpr(Typer.scala:3286)
[error] dotty.tools.dotc.typer.Typer.typedBlock(Typer.scala:1166)
[error] dotty.tools.dotc.typer.Typer.typedUnnamed$1(Typer.scala:3043)
[error] dotty.tools.dotc.typer.Typer.typedUnadapted(Typer.scala:3098)
[error] dotty.tools.dotc.typer.Typer.typed(Typer.scala:3170)
[error] dotty.tools.dotc.typer.Typer.typed(Typer.scala:3174)
[error] dotty.tools.dotc.typer.Typer.$anonfun$41(Typer.scala:1982)
[error] dotty.tools.dotc.typer.Applications.harmonic(Applications.scala:2334)
[error] dotty.tools.dotc.typer.Applications.harmonic$(Applications.scala:352)
[error] dotty.tools.dotc.typer.Typer.harmonic(Typer.scala:116)
[error] dotty.tools.dotc.typer.Typer.typedTry(Typer.scala:1984)
[error] dotty.tools.dotc.typer.Typer.typedTry(Typer.scala:1997)
[error] dotty.tools.dotc.typer.Typer.typedUnnamed$1(Typer.scala:3075)
[error] dotty.tools.dotc.typer.Typer.typedUnadapted(Typer.scala:3098)
[error] dotty.tools.dotc.typer.Typer.typed(Typer.scala:3170)
[error] dotty.tools.dotc.typer.Typer.typed(Typer.scala:3174)
[error] dotty.tools.dotc.typer.Typer.typedExpr(Typer.scala:3286)
[error] dotty.tools.dotc.typer.Typer.typedBlock(Typer.scala:1166)
[error] dotty.tools.dotc.typer.Typer.typedUnnamed$1(Typer.scala:3043)
[error] dotty.tools.dotc.typer.Typer.typedUnadapted(Typer.scala:3098)
[error] dotty.tools.dotc.typer.Typer.typed(Typer.scala:3170)
[error] dotty.tools.dotc.typer.Typer.typed(Typer.scala:3174)
[error] dotty.tools.dotc.typer.Typer.typedExpr(Typer.scala:3286)
[error] dotty.tools.dotc.typer.Typer.$anonfun$57(Typer.scala:2473)
[error] dotty.tools.dotc.inlines.PrepareInlineable$.dropInlineIfError(PrepareInlineable.scala:250)
[error] dotty.tools.dotc.typer.Typer.typedDefDef(Typer.scala:2473)
[error] dotty.tools.dotc.typer.Typer.typedNamed$1(Typer.scala:3011)
[error] dotty.tools.dotc.typer.Typer.typedUnadapted(Typer.scala:3097)
[error] dotty.tools.dotc.typer.Typer.typed(Typer.scala:3170)
[error] dotty.tools.dotc.typer.Typer.typed(Typer.scala:3174)
[error] dotty.tools.dotc.typer.Typer.traverse$1(Typer.scala:3196)
[error] dotty.tools.dotc.typer.Typer.typedStats(Typer.scala:3242)
[error] dotty.tools.dotc.typer.Typer.typedClassDef(Typer.scala:2656)
[error] dotty.tools.dotc.typer.Typer.typedTypeOrClassDef$1(Typer.scala:3023)
[error] dotty.tools.dotc.typer.Typer.typedNamed$1(Typer.scala:3027)
[error] dotty.tools.dotc.typer.Typer.typedUnadapted(Typer.scala:3097)
[error] dotty.tools.dotc.typer.Typer.typed(Typer.scala:3170)
[error] dotty.tools.dotc.typer.Typer.typed(Typer.scala:3174)
[error] dotty.tools.dotc.typer.Typer.traverse$1(Typer.scala:3196)
[error] dotty.tools.dotc.typer.Typer.typedStats(Typer.scala:3242)
[error] dotty.tools.dotc.typer.Typer.typedPackageDef(Typer.scala:2799)
[error] dotty.tools.dotc.typer.Typer.typedUnnamed$1(Typer.scala:3068)
[error] dotty.tools.dotc.typer.Typer.typedUnadapted(Typer.scala:3098)
[error] dotty.tools.dotc.typer.Typer.typed(Typer.scala:3170)
[error] dotty.tools.dotc.typer.Typer.typed(Typer.scala:3174)
[error] dotty.tools.dotc.typer.Typer.typedExpr(Typer.scala:3286)
[error] dotty.tools.dotc.typer.TyperPhase.typeCheck$$anonfun$1(TyperPhase.scala:44)
[error] dotty.tools.dotc.typer.TyperPhase.typeCheck$$anonfun$adapted$1(TyperPhase.scala:54)
[error] scala.Function0.apply$mcV$sp(Function0.scala:42)
[error] dotty.tools.dotc.core.Phases$Phase.monitor(Phases.scala:437)
[error] dotty.tools.dotc.typer.TyperPhase.typeCheck(TyperPhase.scala:54)
[error] dotty.tools.dotc.typer.TyperPhase.runOn$$anonfun$3(TyperPhase.scala:88)
[error] scala.runtime.function.JProcedure1.apply(JProcedure1.java:15)
[error] scala.runtime.function.JProcedure1.apply(JProcedure1.java:10)
[error] scala.collection.immutable.List.foreach(List.scala:333)
[error] dotty.tools.dotc.typer.TyperPhase.runOn(TyperPhase.scala:88)
[error] dotty.tools.dotc.Run.runPhases$1$$anonfun$1(Run.scala:246)
[error] scala.runtime.function.JProcedure1.apply(JProcedure1.java:15)
[error] scala.runtime.function.JProcedure1.apply(JProcedure1.java:10)
[error] scala.collection.ArrayOps$.foreach$extension(ArrayOps.scala:1321)
[error] dotty.tools.dotc.Run.runPhases$1(Run.scala:262)
[error] dotty.tools.dotc.Run.compileUnits$$anonfun$1(Run.scala:270)
[error] dotty.tools.dotc.Run.compileUnits$$anonfun$adapted$1(Run.scala:279)
[error] dotty.tools.dotc.util.Stats$.maybeMonitored(Stats.scala:67)
[error] dotty.tools.dotc.Run.compileUnits(Run.scala:279)
[error] dotty.tools.dotc.Run.compileSources(Run.scala:194)
[error] dotty.tools.dotc.Run.compile(Run.scala:179)
[error] dotty.tools.dotc.Driver.doCompile(Driver.scala:37)
[error] dotty.tools.xsbt.CompilerBridgeDriver.run(CompilerBridgeDriver.java:88)
[error] dotty.tools.xsbt.CompilerBridge.run(CompilerBridge.java:22)
[error] sbt.internal.inc.AnalyzingCompiler.compile(AnalyzingCompiler.scala:91)
[error] sbt.internal.inc.MixedAnalyzingCompiler.$anonfun$compile$7(MixedAnalyzingCompiler.scala:193)
[error] scala.runtime.java8.JFunction0$mcV$sp.apply(JFunction0$mcV$sp.java:23)
[error] sbt.internal.inc.MixedAnalyzingCompiler.timed(MixedAnalyzingCompiler.scala:248)
[error] sbt.internal.inc.MixedAnalyzingCompiler.$anonfun$compile$4(MixedAnalyzingCompiler.scala:183)
[error] sbt.internal.inc.MixedAnalyzingCompiler.$anonfun$compile$4$adapted(MixedAnalyzingCompiler.scala:163)
[error] sbt.internal.inc.JarUtils$.withPreviousJar(JarUtils.scala:239)
[error] sbt.internal.inc.MixedAnalyzingCompiler.compileScala$1(MixedAnalyzingCompiler.scala:163)
[error] sbt.internal.inc.MixedAnalyzingCompiler.compile(MixedAnalyzingCompiler.scala:211)
[error] sbt.internal.inc.IncrementalCompilerImpl.$anonfun$compileInternal$1(IncrementalCompilerImpl.scala:534)
[error] sbt.internal.inc.IncrementalCompilerImpl.$anonfun$compileInternal$1$adapted(IncrementalCompilerImpl.scala:534)
[error] sbt.internal.inc.Incremental$.$anonfun$apply$5(Incremental.scala:179)
[error] sbt.internal.inc.Incremental$.$anonfun$apply$5$adapted(Incremental.scala:177)
[error] sbt.internal.inc.Incremental$$anon$2.run(Incremental.scala:463)
[error] sbt.internal.inc.IncrementalCommon$CycleState.next(IncrementalCommon.scala:116)
[error] sbt.internal.inc.IncrementalCommon$$anon$1.next(IncrementalCommon.scala:56)
[error] sbt.internal.inc.IncrementalCommon$$anon$1.next(IncrementalCommon.scala:52)
[error] sbt.internal.inc.IncrementalCommon.cycle(IncrementalCommon.scala:263)
[error] sbt.internal.inc.Incremental$.$anonfun$incrementalCompile$8(Incremental.scala:418)
[error] sbt.internal.inc.Incremental$.withClassfileManager(Incremental.scala:506)
[error] sbt.internal.inc.Incremental$.incrementalCompile(Incremental.scala:405)
[error] sbt.internal.inc.Incremental$.apply(Incremental.scala:171)
[error] sbt.internal.inc.IncrementalCompilerImpl.compileInternal(IncrementalCompilerImpl.scala:534)
[error] sbt.internal.inc.IncrementalCompilerImpl.$anonfun$compileIncrementally$1(IncrementalCompilerImpl.scala:488)
[error] sbt.internal.inc.IncrementalCompilerImpl.handleCompilationError(IncrementalCompilerImpl.scala:332)
[error] sbt.internal.inc.IncrementalCompilerImpl.compileIncrementally(IncrementalCompilerImpl.scala:425)
[error] sbt.internal.inc.IncrementalCompilerImpl.compile(IncrementalCompilerImpl.scala:137)
[error] sbt.Defaults$.compileIncrementalTaskImpl(Defaults.scala:2363)
[error] sbt.Defaults$.$anonfun$compileIncrementalTask$2(Defaults.scala:2313)
[error] sbt.internal.server.BspCompileTask$.$anonfun$compute$1(BspCompileTask.scala:30)
[error] sbt.internal.io.Retry$.apply(Retry.scala:46)
[error] sbt.internal.io.Retry$.apply(Retry.scala:28)
[error] sbt.internal.io.Retry$.apply(Retry.scala:23)
[error] sbt.internal.server.BspCompileTask$.compute(BspCompileTask.scala:30)
[error] sbt.Defaults$.$anonfun$compileIncrementalTask$1(Defaults.scala:2311)
[error] scala.Function1.$anonfun$compose$1(Function1.scala:49)
[error] sbt.internal.util.$tilde$greater.$anonfun$$u2219$1(TypeFunctions.scala:62)
[error] sbt.std.Transform$$anon$4.work(Transform.scala:68)
[error] sbt.Execute.$anonfun$submit$2(Execute.scala:282)
[error] sbt.internal.util.ErrorHandling$.wideConvert(ErrorHandling.scala:23)
[error] sbt.Execute.work(Execute.scala:291)
[error] sbt.Execute.$anonfun$submit$1(Execute.scala:282)
[error] sbt.ConcurrentRestrictions$$anon$4.$anonfun$submitValid$1(ConcurrentRestrictions.scala:265)
[error] sbt.CompletionService$$anon$2.call(CompletionService.scala:64)
[error] java.base/java.util.concurrent.FutureTask.run(Unknown Source)
[error] java.base/java.util.concurrent.Executors$RunnableAdapter.call(Unknown Source)
[error] java.base/java.util.concurrent.FutureTask.run(Unknown Source)
[error] java.base/java.util.concurrent.ThreadPoolExecutor.runWorker(Unknown Source)
[error] java.base/java.util.concurrent.ThreadPoolExecutor$Worker.run(Unknown Source)
[error] java.base/java.lang.Thread.run(Unknown Source)
[error]            
[error] java.lang.NoClassDefFoundError: scala/runtime/Scala3RunTime$
[error] 	at dotty.tools.dotc.core.Symbols$Symbol.asTerm(Symbols.scala:169)
[error] 	at dotty.tools.dotc.ast.tpd$.New(tpd.scala:522)
[error] 	at dotty.tools.dotc.core.Annotations$Annotation$.apply(Annotations.scala:211)
[error] 	at dotty.tools.dotc.core.Annotations$Annotation$.apply(Annotations.scala:205)
[error] 	at dotty.tools.dotc.core.classfile.ClassfileParser.parseAttribute$1(ClassfileParser.scala:767)
[error] 	at dotty.tools.dotc.core.classfile.ClassfileParser.parseAttributes$$anonfun$1(ClassfileParser.scala:825)
[error] 	at scala.runtime.java8.JFunction1$mcVI$sp.apply(JFunction1$mcVI$sp.scala:18)
[error] 	at scala.collection.immutable.Range.foreach(Range.scala:190)
[error] 	at dotty.tools.dotc.core.classfile.ClassfileParser.parseAttributes(ClassfileParser.scala:825)
[error] 	at dotty.tools.dotc.core.classfile.ClassfileParser.parseMember(ClassfileParser.scala:256)
[error] 	at dotty.tools.dotc.core.classfile.ClassfileParser.parseClass$$anonfun$2(ClassfileParser.scala:207)
[error] 	at scala.runtime.java8.JFunction1$mcVI$sp.apply(JFunction1$mcVI$sp.scala:18)
[error] 	at scala.collection.immutable.Range.foreach(Range.scala:190)
[error] 	at dotty.tools.dotc.core.classfile.ClassfileParser.parseClass(ClassfileParser.scala:207)
[error] 	at dotty.tools.dotc.core.classfile.ClassfileParser.$anonfun$1(ClassfileParser.scala:87)
[error] 	at dotty.tools.dotc.core.classfile.ClassfileParser.run(ClassfileParser.scala:82)
[error] 	at dotty.tools.dotc.core.ClassfileLoader.load(SymbolLoaders.scala:412)
[error] 	at dotty.tools.dotc.core.ClassfileLoader.doComplete(SymbolLoaders.scala:407)
[error] 	at dotty.tools.dotc.core.SymbolLoader$$anon$1.doComplete(SymbolLoaders.scala:325)
[error] 	at dotty.tools.dotc.core.SymbolLoader.complete(SymbolLoaders.scala:341)
[error] 	at dotty.tools.dotc.core.SymDenotations$SymDenotation.completeFrom(SymDenotations.scala:174)
[error] 	at dotty.tools.dotc.core.Denotations$Denotation.completeInfo$1(Denotations.scala:187)
[error] 	at dotty.tools.dotc.core.Denotations$Denotation.info(Denotations.scala:189)
[error] 	at dotty.tools.dotc.core.SymDenotations$SymDenotation.ensureCompleted(SymDenotations.scala:393)
[error] 	at dotty.tools.dotc.core.SymDenotations$SymDenotation.flags(SymDenotations.scala:66)
[error] 	at dotty.tools.dotc.core.SymDenotations$SymDenotation.is(SymDenotations.scala:122)
[error] 	at dotty.tools.dotc.typer.ImportSuggestions.lookInside$1(ImportSuggestions.scala:66)
[error] 	at dotty.tools.dotc.typer.ImportSuggestions.$anonfun$1(ImportSuggestions.scala:90)
[error] 	at dotty.tools.dotc.core.Scopes$Scope.filter(Scopes.scala:102)
[error] 	at dotty.tools.dotc.typer.ImportSuggestions.rootsStrictlyIn$1(ImportSuggestions.scala:90)
[error] 	at dotty.tools.dotc.typer.ImportSuggestions.rootsIn$1(ImportSuggestions.scala:108)
[error] 	at dotty.tools.dotc.typer.ImportSuggestions.rootsStrictlyIn$1$$anonfun$2(ImportSuggestions.scala:100)
[error] 	at scala.collection.immutable.List.flatMap(List.scala:293)
[error] 	at dotty.tools.dotc.typer.ImportSuggestions.rootsStrictlyIn$1(ImportSuggestions.scala:100)
[error] 	at dotty.tools.dotc.typer.ImportSuggestions.rootsIn$1(ImportSuggestions.scala:108)
[error] 	at dotty.tools.dotc.typer.ImportSuggestions.rootsStrictlyIn$1$$anonfun$2(ImportSuggestions.scala:100)
[error] 	at scala.collection.immutable.List.flatMap(List.scala:293)
[error] 	at dotty.tools.dotc.typer.ImportSuggestions.rootsStrictlyIn$1(ImportSuggestions.scala:100)
[error] 	at dotty.tools.dotc.typer.ImportSuggestions.recur$1(ImportSuggestions.scala:119)
[error] 	at dotty.tools.dotc.typer.ImportSuggestions.recur$1(ImportSuggestions.scala:130)
[error] 	at dotty.tools.dotc.typer.ImportSuggestions.recur$1(ImportSuggestions.scala:130)
[error] 	at dotty.tools.dotc.typer.ImportSuggestions.recur$1(ImportSuggestions.scala:130)
[error] 	at dotty.tools.dotc.typer.ImportSuggestions.recur$1(ImportSuggestions.scala:130)
[error] 	at dotty.tools.dotc.typer.ImportSuggestions.recur$1(ImportSuggestions.scala:130)
[error] 	at dotty.tools.dotc.typer.ImportSuggestions.recur$1(ImportSuggestions.scala:130)
[error] 	at dotty.tools.dotc.typer.ImportSuggestions.recur$1(ImportSuggestions.scala:130)
[error] 	at dotty.tools.dotc.typer.ImportSuggestions.recur$1(ImportSuggestions.scala:130)
[error] 	at dotty.tools.dotc.typer.ImportSuggestions.recur$1(ImportSuggestions.scala:130)
[error] 	at dotty.tools.dotc.typer.ImportSuggestions.recur$1(ImportSuggestions.scala:130)
[error] 	at dotty.tools.dotc.typer.ImportSuggestions.recur$1(ImportSuggestions.scala:130)
[error] 	at dotty.tools.dotc.typer.ImportSuggestions.recur$1(ImportSuggestions.scala:130)
[error] 	at dotty.tools.dotc.typer.ImportSuggestions.recur$1(ImportSuggestions.scala:130)
[error] 	at dotty.tools.dotc.typer.ImportSuggestions.recur$1(ImportSuggestions.scala:130)
[error] 	at dotty.tools.dotc.typer.ImportSuggestions.recur$1(ImportSuggestions.scala:130)
[error] 	at dotty.tools.dotc.typer.ImportSuggestions.recur$1(ImportSuggestions.scala:130)
[error] 	at dotty.tools.dotc.typer.ImportSuggestions.recur$1(ImportSuggestions.scala:130)
[error] 	at dotty.tools.dotc.typer.ImportSuggestions.suggestionRoots(ImportSuggestions.scala:133)
[error] 	at dotty.tools.dotc.typer.ImportSuggestions.importSuggestions(ImportSuggestions.scala:235)
[error] 	at dotty.tools.dotc.typer.ImportSuggestions.importSuggestionAddendum(ImportSuggestions.scala:325)
[error] 	at dotty.tools.dotc.typer.ImportSuggestions.importSuggestionAddendum$(ImportSuggestions.scala:21)
[error] 	at dotty.tools.dotc.typer.Typer.importSuggestionAddendum(Typer.scala:116)
[error] 	at dotty.tools.dotc.reporting.TypeMismatch.importSuggestions$1(messages.scala:293)
[error] 	at dotty.tools.dotc.reporting.TypeMismatch.msgPostscript$$anonfun$2(messages.scala:295)
[error] 	at scala.Option.getOrElse(Option.scala:201)
[error] 	at dotty.tools.dotc.reporting.TypeMismatch.msgPostscript(messages.scala:295)
[error] 	at dotty.tools.dotc.reporting.Message.message$$anonfun$1(Message.scala:345)
[error] 	at dotty.tools.dotc.reporting.Message.inMessageContext(Message.scala:341)
[error] 	at dotty.tools.dotc.reporting.Message.message(Message.scala:345)
[error] 	at dotty.tools.dotc.reporting.Message.isNonSensical(Message.scala:322)
[error] 	at dotty.tools.dotc.reporting.HideNonSensicalMessages.isHidden(HideNonSensicalMessages.scala:16)
[error] 	at dotty.tools.dotc.reporting.HideNonSensicalMessages.isHidden$(HideNonSensicalMessages.scala:10)
[error] 	at dotty.tools.dotc.reporting.AbstractReporter.isHidden(AbstractReporter.scala:8)
[error] 	at dotty.tools.dotc.reporting.Reporter.issueUnconfigured(Reporter.scala:156)
[error] 	at dotty.tools.dotc.reporting.Reporter.go$1(Reporter.scala:181)
[error] 	at dotty.tools.dotc.reporting.Reporter.issueIfNotSuppressed(Reporter.scala:200)
[error] 	at dotty.tools.dotc.reporting.Reporter.report(Reporter.scala:203)
[error] 	at dotty.tools.dotc.reporting.Reporter.flush$$anonfun$1(Reporter.scala:261)
[error] 	at scala.runtime.function.JProcedure1.apply(JProcedure1.java:15)
[error] 	at scala.runtime.function.JProcedure1.apply(JProcedure1.java:10)
[error] 	at scala.collection.immutable.List.foreach(List.scala:333)
[error] 	at dotty.tools.dotc.reporting.Reporter.flush(Reporter.scala:261)
[error] 	at dotty.tools.dotc.core.TyperState.commit(TyperState.scala:175)
[error] 	at dotty.tools.dotc.typer.Applications.fail$1(Applications.scala:1055)
[error] 	at dotty.tools.dotc.typer.Applications.realApply$1$$anonfun$3$$anonfun$1(Applications.scala:1061)
[error] 	at scala.Option.getOrElse(Option.scala:201)
[error] 	at dotty.tools.dotc.typer.Applications.realApply$1$$anonfun$3(Applications.scala:1062)
[error] 	at dotty.tools.dotc.typer.Typer.tryEither(Typer.scala:3313)
[error] 	at dotty.tools.dotc.typer.Applications.realApply$1(Applications.scala:1063)
[error] 	at dotty.tools.dotc.typer.Applications.typedApply(Applications.scala:1101)
[error] 	at dotty.tools.dotc.typer.Applications.typedApply$(Applications.scala:352)
[error] 	at dotty.tools.dotc.typer.Typer.typedApply(Typer.scala:116)
[error] 	at dotty.tools.dotc.typer.Typer.typedUnnamed$1(Typer.scala:3035)
[error] 	at dotty.tools.dotc.typer.Typer.typedUnadapted(Typer.scala:3098)
[error] 	at dotty.tools.dotc.typer.Typer.typed(Typer.scala:3170)
[error] 	at dotty.tools.dotc.typer.Typer.typed(Typer.scala:3174)
[error] 	at dotty.tools.dotc.typer.Typer.typedExpr(Typer.scala:3286)
[error] 	at dotty.tools.dotc.typer.Typer.typedBlock(Typer.scala:1166)
[error] 	at dotty.tools.dotc.typer.Typer.typedUnnamed$1(Typer.scala:3043)
[error] 	at dotty.tools.dotc.typer.Typer.typedUnadapted(Typer.scala:3098)
[error] 	at dotty.tools.dotc.typer.Typer.typed(Typer.scala:3170)
[error] 	at dotty.tools.dotc.typer.Typer.typed(Typer.scala:3174)
[error] 	at dotty.tools.dotc.typer.Typer.$anonfun$41(Typer.scala:1982)
[error] 	at dotty.tools.dotc.typer.Applications.harmonic(Applications.scala:2334)
[error] 	at dotty.tools.dotc.typer.Applications.harmonic$(Applications.scala:352)
[error] 	at dotty.tools.dotc.typer.Typer.harmonic(Typer.scala:116)
[error] 	at dotty.tools.dotc.typer.Typer.typedTry(Typer.scala:1984)
[error] 	at dotty.tools.dotc.typer.Typer.typedTry(Typer.scala:1997)
[error] 	at dotty.tools.dotc.typer.Typer.typedUnnamed$1(Typer.scala:3075)
[error] 	at dotty.tools.dotc.typer.Typer.typedUnadapted(Typer.scala:3098)
[error] 	at dotty.tools.dotc.typer.Typer.typed(Typer.scala:3170)
[error] 	at dotty.tools.dotc.typer.Typer.typed(Typer.scala:3174)
[error] 	at dotty.tools.dotc.typer.Typer.typedExpr(Typer.scala:3286)
[error] 	at dotty.tools.dotc.typer.Typer.typedBlock(Typer.scala:1166)
[error] 	at dotty.tools.dotc.typer.Typer.typedUnnamed$1(Typer.scala:3043)
[error] 	at dotty.tools.dotc.typer.Typer.typedUnadapted(Typer.scala:3098)
[error] 	at dotty.tools.dotc.typer.Typer.typed(Typer.scala:3170)
[error] 	at dotty.tools.dotc.typer.Typer.typed(Typer.scala:3174)
[error] 	at dotty.tools.dotc.typer.Typer.typedExpr(Typer.scala:3286)
[error] 	at dotty.tools.dotc.typer.Typer.$anonfun$57(Typer.scala:2473)
[error] 	at dotty.tools.dotc.inlines.PrepareInlineable$.dropInlineIfError(PrepareInlineable.scala:250)
[error] 	at dotty.tools.dotc.typer.Typer.typedDefDef(Typer.scala:2473)
[error] 	at dotty.tools.dotc.typer.Typer.typedNamed$1(Typer.scala:3011)
[error] 	at dotty.tools.dotc.typer.Typer.typedUnadapted(Typer.scala:3097)
[error] 	at dotty.tools.dotc.typer.Typer.typed(Typer.scala:3170)
[error] 	at dotty.tools.dotc.typer.Typer.typed(Typer.scala:3174)
[error] 	at dotty.tools.dotc.typer.Typer.traverse$1(Typer.scala:3196)
[error] 	at dotty.tools.dotc.typer.Typer.typedStats(Typer.scala:3242)
[error] 	at dotty.tools.dotc.typer.Typer.typedClassDef(Typer.scala:2656)
[error] 	at dotty.tools.dotc.typer.Typer.typedTypeOrClassDef$1(Typer.scala:3023)
[error] 	at dotty.tools.dotc.typer.Typer.typedNamed$1(Typer.scala:3027)
[error] 	at dotty.tools.dotc.typer.Typer.typedUnadapted(Typer.scala:3097)
[error] 	at dotty.tools.dotc.typer.Typer.typed(Typer.scala:3170)
[error] 	at dotty.tools.dotc.typer.Typer.typed(Typer.scala:3174)
[error] 	at dotty.tools.dotc.typer.Typer.traverse$1(Typer.scala:3196)
[error] 	at dotty.tools.dotc.typer.Typer.typedStats(Typer.scala:3242)
[error] 	at dotty.tools.dotc.typer.Typer.typedPackageDef(Typer.scala:2799)
[error] 	at dotty.tools.dotc.typer.Typer.typedUnnamed$1(Typer.scala:3068)
[error] 	at dotty.tools.dotc.typer.Typer.typedUnadapted(Typer.scala:3098)
[error] 	at dotty.tools.dotc.typer.Typer.typed(Typer.scala:3170)
[error] 	at dotty.tools.dotc.typer.Typer.typed(Typer.scala:3174)
[error] 	at dotty.tools.dotc.typer.Typer.typedExpr(Typer.scala:3286)
[error] 	at dotty.tools.dotc.typer.TyperPhase.typeCheck$$anonfun$1(TyperPhase.scala:44)
[error] 	at dotty.tools.dotc.typer.TyperPhase.typeCheck$$anonfun$adapted$1(TyperPhase.scala:54)
[error] 	at scala.Function0.apply$mcV$sp(Function0.scala:42)
[error] 	at dotty.tools.dotc.core.Phases$Phase.monitor(Phases.scala:437)
[error] 	at dotty.tools.dotc.typer.TyperPhase.typeCheck(TyperPhase.scala:54)
[error] 	at dotty.tools.dotc.typer.TyperPhase.runOn$$anonfun$3(TyperPhase.scala:88)
[error] 	at scala.runtime.function.JProcedure1.apply(JProcedure1.java:15)
[error] 	at scala.runtime.function.JProcedure1.apply(JProcedure1.java:10)
[error] 	at scala.collection.immutable.List.foreach(List.scala:333)
[error] 	at dotty.tools.dotc.typer.TyperPhase.runOn(TyperPhase.scala:88)
[error] 	at dotty.tools.dotc.Run.runPhases$1$$anonfun$1(Run.scala:246)
[error] 	at scala.runtime.function.JProcedure1.apply(JProcedure1.java:15)
[error] 	at scala.runtime.function.JProcedure1.apply(JProcedure1.java:10)
[error] 	at scala.collection.ArrayOps$.foreach$extension(ArrayOps.scala:1321)
[error] 	at dotty.tools.dotc.Run.runPhases$1(Run.scala:262)
[error] 	at dotty.tools.dotc.Run.compileUnits$$anonfun$1(Run.scala:270)
[error] 	at dotty.tools.dotc.Run.compileUnits$$anonfun$adapted$1(Run.scala:279)
[error] 	at dotty.tools.dotc.util.Stats$.maybeMonitored(Stats.scala:67)
[error] 	at dotty.tools.dotc.Run.compileUnits(Run.scala:279)
[error] 	at dotty.tools.dotc.Run.compileSources(Run.scala:194)
[error] 	at dotty.tools.dotc.Run.compile(Run.scala:179)
[error] 	at dotty.tools.dotc.Driver.doCompile(Driver.scala:37)
[error] 	at dotty.tools.xsbt.CompilerBridgeDriver.run(CompilerBridgeDriver.java:88)
[error] 	at dotty.tools.xsbt.CompilerBridge.run(CompilerBridge.java:22)
[error] 	at sbt.internal.inc.AnalyzingCompiler.compile(AnalyzingCompiler.scala:91)
[error] 	at sbt.internal.inc.MixedAnalyzingCompiler.$anonfun$compile$7(MixedAnalyzingCompiler.scala:193)
[error] 	at scala.runtime.java8.JFunction0$mcV$sp.apply(JFunction0$mcV$sp.java:23)
[error] 	at sbt.internal.inc.MixedAnalyzingCompiler.timed(MixedAnalyzingCompiler.scala:248)
[error] 	at sbt.internal.inc.MixedAnalyzingCompiler.$anonfun$compile$4(MixedAnalyzingCompiler.scala:183)
[error] 	at sbt.internal.inc.MixedAnalyzingCompiler.$anonfun$compile$4$adapted(MixedAnalyzingCompiler.scala:163)
[error] 	at sbt.internal.inc.JarUtils$.withPreviousJar(JarUtils.scala:239)
[error] 	at sbt.internal.inc.MixedAnalyzingCompiler.compileScala$1(MixedAnalyzingCompiler.scala:163)
[error] 	at sbt.internal.inc.MixedAnalyzingCompiler.compile(MixedAnalyzingCompiler.scala:211)
[error] 	at sbt.internal.inc.IncrementalCompilerImpl.$anonfun$compileInternal$1(IncrementalCompilerImpl.scala:534)
[error] 	at sbt.internal.inc.IncrementalCompilerImpl.$anonfun$compileInternal$1$adapted(IncrementalCompilerImpl.scala:534)
[error] 	at sbt.internal.inc.Incremental$.$anonfun$apply$5(Incremental.scala:179)
[error] 	at sbt.internal.inc.Incremental$.$anonfun$apply$5$adapted(Incremental.scala:177)
[error] 	at sbt.internal.inc.Incremental$$anon$2.run(Incremental.scala:463)
[error] 	at sbt.internal.inc.IncrementalCommon$CycleState.next(IncrementalCommon.scala:116)
[error] 	at sbt.internal.inc.IncrementalCommon$$anon$1.next(IncrementalCommon.scala:56)
[error] 	at sbt.internal.inc.IncrementalCommon$$anon$1.next(IncrementalCommon.scala:52)
[error] 	at sbt.internal.inc.IncrementalCommon.cycle(IncrementalCommon.scala:263)
[error] 	at sbt.internal.inc.Incremental$.$anonfun$incrementalCompile$8(Incremental.scala:418)
[error] 	at sbt.internal.inc.Incremental$.withClassfileManager(Incremental.scala:506)
[error] 	at sbt.internal.inc.Incremental$.incrementalCompile(Incremental.scala:405)
[error] 	at sbt.internal.inc.Incremental$.apply(Incremental.scala:171)
[error] 	at sbt.internal.inc.IncrementalCompilerImpl.compileInternal(IncrementalCompilerImpl.scala:534)
[error] 	at sbt.internal.inc.IncrementalCompilerImpl.$anonfun$compileIncrementally$1(IncrementalCompilerImpl.scala:488)
[error] 	at sbt.internal.inc.IncrementalCompilerImpl.handleCompilationError(IncrementalCompilerImpl.scala:332)
[error] 	at sbt.internal.inc.IncrementalCompilerImpl.compileIncrementally(IncrementalCompilerImpl.scala:425)
[error] 	at sbt.internal.inc.IncrementalCompilerImpl.compile(IncrementalCompilerImpl.scala:137)
[error] 	at sbt.Defaults$.compileIncrementalTaskImpl(Defaults.scala:2363)
[error] 	at sbt.Defaults$.$anonfun$compileIncrementalTask$2(Defaults.scala:2313)
[error] 	at sbt.internal.server.BspCompileTask$.$anonfun$compute$1(BspCompileTask.scala:30)
[error] 	at sbt.internal.io.Retry$.apply(Retry.scala:46)
[error] 	at sbt.internal.io.Retry$.apply(Retry.scala:28)
[error] 	at sbt.internal.io.Retry$.apply(Retry.scala:23)
[error] 	at sbt.internal.server.BspCompileTask$.compute(BspCompileTask.scala:30)
[error] 	at sbt.Defaults$.$anonfun$compileIncrementalTask$1(Defaults.scala:2311)
[error] 	at scala.Function1.$anonfun$compose$1(Function1.scala:49)
[error] 	at sbt.internal.util.$tilde$greater.$anonfun$$u2219$1(TypeFunctions.scala:62)
[error] 	at sbt.std.Transform$$anon$4.work(Transform.scala:68)
[error] 	at sbt.Execute.$anonfun$submit$2(Execute.scala:282)
[error] 	at sbt.internal.util.ErrorHandling$.wideConvert(ErrorHandling.scala:23)
[error] 	at sbt.Execute.work(Execute.scala:291)
[error] 	at sbt.Execute.$anonfun$submit$1(Execute.scala:282)
[error] 	at sbt.ConcurrentRestrictions$$anon$4.$anonfun$submitValid$1(ConcurrentRestrictions.scala:265)
[error] 	at sbt.CompletionService$$anon$2.call(CompletionService.scala:64)
[error] 	at java.base/java.util.concurrent.FutureTask.run(Unknown Source)
[error] 	at java.base/java.util.concurrent.Executors$RunnableAdapter.call(Unknown Source)
[error] 	at java.base/java.util.concurrent.FutureTask.run(Unknown Source)
[error] 	at java.base/java.util.concurrent.ThreadPoolExecutor.runWorker(Unknown Source)
[error] 	at java.base/java.util.concurrent.ThreadPoolExecutor$Worker.run(Unknown Source)
[error] 	at java.base/java.lang.Thread.run(Unknown Source)
[error] Caused by: java.lang.ClassNotFoundException: scala.runtime.Scala3RunTime$
[error] 	at java.base/java.net.URLClassLoader.findClass(Unknown Source)
[error] 	at java.base/java.lang.ClassLoader.loadClass(Unknown Source)
[error] 	at java.base/java.lang.ClassLoader.loadClass(Unknown Source)
[error] 	at dotty.tools.dotc.core.Symbols$Symbol.asTerm(Symbols.scala:169)
[error] 	at dotty.tools.dotc.ast.tpd$.New(tpd.scala:522)
[error] 	at dotty.tools.dotc.core.Annotations$Annotation$.apply(Annotations.scala:211)
[error] 	at dotty.tools.dotc.core.Annotations$Annotation$.apply(Annotations.scala:205)
[error] 	at dotty.tools.dotc.core.classfile.ClassfileParser.parseAttribute$1(ClassfileParser.scala:767)
[error] 	at dotty.tools.dotc.core.classfile.ClassfileParser.parseAttributes$$anonfun$1(ClassfileParser.scala:825)
[error] 	at scala.runtime.java8.JFunction1$mcVI$sp.apply(JFunction1$mcVI$sp.scala:18)
[error] 	at scala.collection.immutable.Range.foreach(Range.scala:190)
[error] 	at dotty.tools.dotc.core.classfile.ClassfileParser.parseAttributes(ClassfileParser.scala:825)
[error] 	at dotty.tools.dotc.core.classfile.ClassfileParser.parseMember(ClassfileParser.scala:256)
[error] 	at dotty.tools.dotc.core.classfile.ClassfileParser.parseClass$$anonfun$2(ClassfileParser.scala:207)
[error] 	at scala.runtime.java8.JFunction1$mcVI$sp.apply(JFunction1$mcVI$sp.scala:18)
[error] 	at scala.collection.immutable.Range.foreach(Range.scala:190)
[error] 	at dotty.tools.dotc.core.classfile.ClassfileParser.parseClass(ClassfileParser.scala:207)
[error] 	at dotty.tools.dotc.core.classfile.ClassfileParser.$anonfun$1(ClassfileParser.scala:87)
[error] 	at dotty.tools.dotc.core.classfile.ClassfileParser.run(ClassfileParser.scala:82)
[error] 	at dotty.tools.dotc.core.ClassfileLoader.load(SymbolLoaders.scala:412)
[error] 	at dotty.tools.dotc.core.ClassfileLoader.doComplete(SymbolLoaders.scala:407)
[error] 	at dotty.tools.dotc.core.SymbolLoader$$anon$1.doComplete(SymbolLoaders.scala:325)
[error] 	at dotty.tools.dotc.core.SymbolLoader.complete(SymbolLoaders.scala:341)
[error] 	at dotty.tools.dotc.core.SymDenotations$SymDenotation.completeFrom(SymDenotations.scala:174)
[error] 	at dotty.tools.dotc.core.Denotations$Denotation.completeInfo$1(Denotations.scala:187)
[error] 	at dotty.tools.dotc.core.Denotations$Denotation.info(Denotations.scala:189)
[error] 	at dotty.tools.dotc.core.SymDenotations$SymDenotation.ensureCompleted(SymDenotations.scala:393)
[error] 	at dotty.tools.dotc.core.SymDenotations$SymDenotation.flags(SymDenotations.scala:66)
[error] 	at dotty.tools.dotc.core.SymDenotations$SymDenotation.is(SymDenotations.scala:122)
[error] 	at dotty.tools.dotc.typer.ImportSuggestions.lookInside$1(ImportSuggestions.scala:66)
[error] 	at dotty.tools.dotc.typer.ImportSuggestions.$anonfun$1(ImportSuggestions.scala:90)
[error] 	at dotty.tools.dotc.core.Scopes$Scope.filter(Scopes.scala:102)
[error] 	at dotty.tools.dotc.typer.ImportSuggestions.rootsStrictlyIn$1(ImportSuggestions.scala:90)
[error] 	at dotty.tools.dotc.typer.ImportSuggestions.rootsIn$1(ImportSuggestions.scala:108)
[error] 	at dotty.tools.dotc.typer.ImportSuggestions.rootsStrictlyIn$1$$anonfun$2(ImportSuggestions.scala:100)
[error] 	at scala.collection.immutable.List.flatMap(List.scala:293)
[error] 	at dotty.tools.dotc.typer.ImportSuggestions.rootsStrictlyIn$1(ImportSuggestions.scala:100)
[error] 	at dotty.tools.dotc.typer.ImportSuggestions.rootsIn$1(ImportSuggestions.scala:108)
[error] 	at dotty.tools.dotc.typer.ImportSuggestions.rootsStrictlyIn$1$$anonfun$2(ImportSuggestions.scala:100)
[error] 	at scala.collection.immutable.List.flatMap(List.scala:293)
[error] 	at dotty.tools.dotc.typer.ImportSuggestions.rootsStrictlyIn$1(ImportSuggestions.scala:100)
[error] 	at dotty.tools.dotc.typer.ImportSuggestions.recur$1(ImportSuggestions.scala:119)
[error] 	at dotty.tools.dotc.typer.ImportSuggestions.recur$1(ImportSuggestions.scala:130)
[error] 	at dotty.tools.dotc.typer.ImportSuggestions.recur$1(ImportSuggestions.scala:130)
[error] 	at dotty.tools.dotc.typer.ImportSuggestions.recur$1(ImportSuggestions.scala:130)
[error] 	at dotty.tools.dotc.typer.ImportSuggestions.recur$1(ImportSuggestions.scala:130)
[error] 	at dotty.tools.dotc.typer.ImportSuggestions.recur$1(ImportSuggestions.scala:130)
[error] 	at dotty.tools.dotc.typer.ImportSuggestions.recur$1(ImportSuggestions.scala:130)
[error] 	at dotty.tools.dotc.typer.ImportSuggestions.recur$1(ImportSuggestions.scala:130)
[error] 	at dotty.tools.dotc.typer.ImportSuggestions.recur$1(ImportSuggestions.scala:130)
[error] 	at dotty.tools.dotc.typer.ImportSuggestions.recur$1(ImportSuggestions.scala:130)
[error] 	at dotty.tools.dotc.typer.ImportSuggestions.recur$1(ImportSuggestions.scala:130)
[error] 	at dotty.tools.dotc.typer.ImportSuggestions.recur$1(ImportSuggestions.scala:130)
[error] 	at dotty.tools.dotc.typer.ImportSuggestions.recur$1(ImportSuggestions.scala:130)
[error] 	at dotty.tools.dotc.typer.ImportSuggestions.recur$1(ImportSuggestions.scala:130)
[error] 	at dotty.tools.dotc.typer.ImportSuggestions.recur$1(ImportSuggestions.scala:130)
[error] 	at dotty.tools.dotc.typer.ImportSuggestions.recur$1(ImportSuggestions.scala:130)
[error] 	at dotty.tools.dotc.typer.ImportSuggestions.recur$1(ImportSuggestions.scala:130)
[error] 	at dotty.tools.dotc.typer.ImportSuggestions.recur$1(ImportSuggestions.scala:130)
[error] 	at dotty.tools.dotc.typer.ImportSuggestions.suggestionRoots(ImportSuggestions.scala:133)
[error] 	at dotty.tools.dotc.typer.ImportSuggestions.importSuggestions(ImportSuggestions.scala:235)
[error] 	at dotty.tools.dotc.typer.ImportSuggestions.importSuggestionAddendum(ImportSuggestions.scala:325)
[error] 	at dotty.tools.dotc.typer.ImportSuggestions.importSuggestionAddendum$(ImportSuggestions.scala:21)
[error] 	at dotty.tools.dotc.typer.Typer.importSuggestionAddendum(Typer.scala:116)
[error] 	at dotty.tools.dotc.reporting.TypeMismatch.importSuggestions$1(messages.scala:293)
[error] 	at dotty.tools.dotc.reporting.TypeMismatch.msgPostscript$$anonfun$2(messages.scala:295)
[error] 	at scala.Option.getOrElse(Option.scala:201)
[error] 	at dotty.tools.dotc.reporting.TypeMismatch.msgPostscript(messages.scala:295)
[error] 	at dotty.tools.dotc.reporting.Message.message$$anonfun$1(Message.scala:345)
[error] 	at dotty.tools.dotc.reporting.Message.inMessageContext(Message.scala:341)
[error] 	at dotty.tools.dotc.reporting.Message.message(Message.scala:345)
[error] 	at dotty.tools.dotc.reporting.Message.isNonSensical(Message.scala:322)
[error] 	at dotty.tools.dotc.reporting.HideNonSensicalMessages.isHidden(HideNonSensicalMessages.scala:16)
[error] 	at dotty.tools.dotc.reporting.HideNonSensicalMessages.isHidden$(HideNonSensicalMessages.scala:10)
[error] 	at dotty.tools.dotc.reporting.AbstractReporter.isHidden(AbstractReporter.scala:8)
[error] 	at dotty.tools.dotc.reporting.Reporter.issueUnconfigured(Reporter.scala:156)
[error] 	at dotty.tools.dotc.reporting.Reporter.go$1(Reporter.scala:181)
[error] 	at dotty.tools.dotc.reporting.Reporter.issueIfNotSuppressed(Reporter.scala:200)
[error] 	at dotty.tools.dotc.reporting.Reporter.report(Reporter.scala:203)
[error] 	at dotty.tools.dotc.reporting.Reporter.flush$$anonfun$1(Reporter.scala:261)
[error] 	at scala.runtime.function.JProcedure1.apply(JProcedure1.java:15)
[error] 	at scala.runtime.function.JProcedure1.apply(JProcedure1.java:10)
[error] 	at scala.collection.immutable.List.foreach(List.scala:333)
[error] 	at dotty.tools.dotc.reporting.Reporter.flush(Reporter.scala:261)
[error] 	at dotty.tools.dotc.core.TyperState.commit(TyperState.scala:175)
[error] 	at dotty.tools.dotc.typer.Applications.fail$1(Applications.scala:1055)
[error] 	at dotty.tools.dotc.typer.Applications.realApply$1$$anonfun$3$$anonfun$1(Applications.scala:1061)
[error] 	at scala.Option.getOrElse(Option.scala:201)
[error] 	at dotty.tools.dotc.typer.Applications.realApply$1$$anonfun$3(Applications.scala:1062)
[error] 	at dotty.tools.dotc.typer.Typer.tryEither(Typer.scala:3313)
[error] 	at dotty.tools.dotc.typer.Applications.realApply$1(Applications.scala:1063)
[error] 	at dotty.tools.dotc.typer.Applications.typedApply(Applications.scala:1101)
[error] 	at dotty.tools.dotc.typer.Applications.typedApply$(Applications.scala:352)
[error] 	at dotty.tools.dotc.typer.Typer.typedApply(Typer.scala:116)
[error] 	at dotty.tools.dotc.typer.Typer.typedUnnamed$1(Typer.scala:3035)
[error] 	at dotty.tools.dotc.typer.Typer.typedUnadapted(Typer.scala:3098)
[error] 	at dotty.tools.dotc.typer.Typer.typed(Typer.scala:3170)
[error] 	at dotty.tools.dotc.typer.Typer.typed(Typer.scala:3174)
[error] 	at dotty.tools.dotc.typer.Typer.typedExpr(Typer.scala:3286)
[error] 	at dotty.tools.dotc.typer.Typer.typedBlock(Typer.scala:1166)
[error] 	at dotty.tools.dotc.typer.Typer.typedUnnamed$1(Typer.scala:3043)
[error] 	at dotty.tools.dotc.typer.Typer.typedUnadapted(Typer.scala:3098)
[error] 	at dotty.tools.dotc.typer.Typer.typed(Typer.scala:3170)
[error] 	at dotty.tools.dotc.typer.Typer.typed(Typer.scala:3174)
[error] 	at dotty.tools.dotc.typer.Typer.$anonfun$41(Typer.scala:1982)
[error] 	at dotty.tools.dotc.typer.Applications.harmonic(Applications.scala:2334)
[error] 	at dotty.tools.dotc.typer.Applications.harmonic$(Applications.scala:352)
[error] 	at dotty.tools.dotc.typer.Typer.harmonic(Typer.scala:116)
[error] 	at dotty.tools.dotc.typer.Typer.typedTry(Typer.scala:1984)
[error] 	at dotty.tools.dotc.typer.Typer.typedTry(Typer.scala:1997)
[error] 	at dotty.tools.dotc.typer.Typer.typedUnnamed$1(Typer.scala:3075)
[error] 	at dotty.tools.dotc.typer.Typer.typedUnadapted(Typer.scala:3098)
[error] 	at dotty.tools.dotc.typer.Typer.typed(Typer.scala:3170)
[error] 	at dotty.tools.dotc.typer.Typer.typed(Typer.scala:3174)
[error] 	at dotty.tools.dotc.typer.Typer.typedExpr(Typer.scala:3286)
[error] 	at dotty.tools.dotc.typer.Typer.typedBlock(Typer.scala:1166)
[error] 	at dotty.tools.dotc.typer.Typer.typedUnnamed$1(Typer.scala:3043)
[error] 	at dotty.tools.dotc.typer.Typer.typedUnadapted(Typer.scala:3098)
[error] 	at dotty.tools.dotc.typer.Typer.typed(Typer.scala:3170)
[error] 	at dotty.tools.dotc.typer.Typer.typed(Typer.scala:3174)
[error] 	at dotty.tools.dotc.typer.Typer.typedExpr(Typer.scala:3286)
[error] 	at dotty.tools.dotc.typer.Typer.$anonfun$57(Typer.scala:2473)
[error] 	at dotty.tools.dotc.inlines.PrepareInlineable$.dropInlineIfError(PrepareInlineable.scala:250)
[error] 	at dotty.tools.dotc.typer.Typer.typedDefDef(Typer.scala:2473)
[error] 	at dotty.tools.dotc.typer.Typer.typedNamed$1(Typer.scala:3011)
[error] 	at dotty.tools.dotc.typer.Typer.typedUnadapted(Typer.scala:3097)
[error] 	at dotty.tools.dotc.typer.Typer.typed(Typer.scala:3170)
[error] 	at dotty.tools.dotc.typer.Typer.typed(Typer.scala:3174)
[error] 	at dotty.tools.dotc.typer.Typer.traverse$1(Typer.scala:3196)
[error] 	at dotty.tools.dotc.typer.Typer.typedStats(Typer.scala:3242)
[error] 	at dotty.tools.dotc.typer.Typer.typedClassDef(Typer.scala:2656)
[error] 	at dotty.tools.dotc.typer.Typer.typedTypeOrClassDef$1(Typer.scala:3023)
[error] 	at dotty.tools.dotc.typer.Typer.typedNamed$1(Typer.scala:3027)
[error] 	at dotty.tools.dotc.typer.Typer.typedUnadapted(Typer.scala:3097)
[error] 	at dotty.tools.dotc.typer.Typer.typed(Typer.scala:3170)
[error] 	at dotty.tools.dotc.typer.Typer.typed(Typer.scala:3174)
[error] 	at dotty.tools.dotc.typer.Typer.traverse$1(Typer.scala:3196)
[error] 	at dotty.tools.dotc.typer.Typer.typedStats(Typer.scala:3242)
[error] 	at dotty.tools.dotc.typer.Typer.typedPackageDef(Typer.scala:2799)
[error] 	at dotty.tools.dotc.typer.Typer.typedUnnamed$1(Typer.scala:3068)
[error] 	at dotty.tools.dotc.typer.Typer.typedUnadapted(Typer.scala:3098)
[error] 	at dotty.tools.dotc.typer.Typer.typed(Typer.scala:3170)
[error] 	at dotty.tools.dotc.typer.Typer.typed(Typer.scala:3174)
[error] 	at dotty.tools.dotc.typer.Typer.typedExpr(Typer.scala:3286)
[error] 	at dotty.tools.dotc.typer.TyperPhase.typeCheck$$anonfun$1(TyperPhase.scala:44)
[error] 	at dotty.tools.dotc.typer.TyperPhase.typeCheck$$anonfun$adapted$1(TyperPhase.scala:54)
[error] 	at scala.Function0.apply$mcV$sp(Function0.scala:42)
[error] 	at dotty.tools.dotc.core.Phases$Phase.monitor(Phases.scala:437)
[error] 	at dotty.tools.dotc.typer.TyperPhase.typeCheck(TyperPhase.scala:54)
[error] 	at dotty.tools.dotc.typer.TyperPhase.runOn$$anonfun$3(TyperPhase.scala:88)
[error] 	at scala.runtime.function.JProcedure1.apply(JProcedure1.java:15)
[error] 	at scala.runtime.function.JProcedure1.apply(JProcedure1.java:10)
[error] 	at scala.collection.immutable.List.foreach(List.scala:333)
[error] 	at dotty.tools.dotc.typer.TyperPhase.runOn(TyperPhase.scala:88)
[error] 	at dotty.tools.dotc.Run.runPhases$1$$anonfun$1(Run.scala:246)
[error] 	at scala.runtime.function.JProcedure1.apply(JProcedure1.java:15)
[error] 	at scala.runtime.function.JProcedure1.apply(JProcedure1.java:10)
[error] 	at scala.collection.ArrayOps$.foreach$extension(ArrayOps.scala:1321)
[error] 	at dotty.tools.dotc.Run.runPhases$1(Run.scala:262)
[error] 	at dotty.tools.dotc.Run.compileUnits$$anonfun$1(Run.scala:270)
[error] 	at dotty.tools.dotc.Run.compileUnits$$anonfun$adapted$1(Run.scala:279)
[error] 	at dotty.tools.dotc.util.Stats$.maybeMonitored(Stats.scala:67)
[error] 	at dotty.tools.dotc.Run.compileUnits(Run.scala:279)
[error] 	at dotty.tools.dotc.Run.compileSources(Run.scala:194)
[error] 	at dotty.tools.dotc.Run.compile(Run.scala:179)
[error] 	at dotty.tools.dotc.Driver.doCompile(Driver.scala:37)
[error] 	at dotty.tools.xsbt.CompilerBridgeDriver.run(CompilerBridgeDriver.java:88)
[error] 	at dotty.tools.xsbt.CompilerBridge.run(CompilerBridge.java:22)
[error] 	at sbt.internal.inc.AnalyzingCompiler.compile(AnalyzingCompiler.scala:91)
[error] 	at sbt.internal.inc.MixedAnalyzingCompiler.$anonfun$compile$7(MixedAnalyzingCompiler.scala:193)
[error] 	at scala.runtime.java8.JFunction0$mcV$sp.apply(JFunction0$mcV$sp.java:23)
[error] 	at sbt.internal.inc.MixedAnalyzingCompiler.timed(MixedAnalyzingCompiler.scala:248)
[error] 	at sbt.internal.inc.MixedAnalyzingCompiler.$anonfun$compile$4(MixedAnalyzingCompiler.scala:183)
[error] 	at sbt.internal.inc.MixedAnalyzingCompiler.$anonfun$compile$4$adapted(MixedAnalyzingCompiler.scala:163)
[error] 	at sbt.internal.inc.JarUtils$.withPreviousJar(JarUtils.scala:239)
[error] 	at sbt.internal.inc.MixedAnalyzingCompiler.compileScala$1(MixedAnalyzingCompiler.scala:163)
[error] 	at sbt.internal.inc.MixedAnalyzingCompiler.compile(MixedAnalyzingCompiler.scala:211)
[error] 	at sbt.internal.inc.IncrementalCompilerImpl.$anonfun$compileInternal$1(IncrementalCompilerImpl.scala:534)
[error] 	at sbt.internal.inc.IncrementalCompilerImpl.$anonfun$compileInternal$1$adapted(IncrementalCompilerImpl.scala:534)
[error] 	at sbt.internal.inc.Incremental$.$anonfun$apply$5(Incremental.scala:179)
[error] 	at sbt.internal.inc.Incremental$.$anonfun$apply$5$adapted(Incremental.scala:177)
[error] 	at sbt.internal.inc.Incremental$$anon$2.run(Incremental.scala:463)
[error] 	at sbt.internal.inc.IncrementalCommon$CycleState.next(IncrementalCommon.scala:116)
[error] 	at sbt.internal.inc.IncrementalCommon$$anon$1.next(IncrementalCommon.scala:56)
[error] 	at sbt.internal.inc.IncrementalCommon$$anon$1.next(IncrementalCommon.scala:52)
[error] 	at sbt.internal.inc.IncrementalCommon.cycle(IncrementalCommon.scala:263)
[error] 	at sbt.internal.inc.Incremental$.$anonfun$incrementalCompile$8(Incremental.scala:418)
[error] 	at sbt.internal.inc.Incremental$.withClassfileManager(Incremental.scala:506)
[error] 	at sbt.internal.inc.Incremental$.incrementalCompile(Incremental.scala:405)
[error] 	at sbt.internal.inc.Incremental$.apply(Incremental.scala:171)
[error] 	at sbt.internal.inc.IncrementalCompilerImpl.compileInternal(IncrementalCompilerImpl.scala:534)
[error] 	at sbt.internal.inc.IncrementalCompilerImpl.$anonfun$compileIncrementally$1(IncrementalCompilerImpl.scala:488)
[error] 	at sbt.internal.inc.IncrementalCompilerImpl.handleCompilationError(IncrementalCompilerImpl.scala:332)
[error] 	at sbt.internal.inc.IncrementalCompilerImpl.compileIncrementally(IncrementalCompilerImpl.scala:425)
[error] 	at sbt.internal.inc.IncrementalCompilerImpl.compile(IncrementalCompilerImpl.scala:137)
[error] 	at sbt.Defaults$.compileIncrementalTaskImpl(Defaults.scala:2363)
[error] 	at sbt.Defaults$.$anonfun$compileIncrementalTask$2(Defaults.scala:2313)
[error] 	at sbt.internal.server.BspCompileTask$.$anonfun$compute$1(BspCompileTask.scala:30)
[error] 	at sbt.internal.io.Retry$.apply(Retry.scala:46)
[error] 	at sbt.internal.io.Retry$.apply(Retry.scala:28)
[error] 	at sbt.internal.io.Retry$.apply(Retry.scala:23)
[error] 	at sbt.internal.server.BspCompileTask$.compute(BspCompileTask.scala:30)
[error] 	at sbt.Defaults$.$anonfun$compileIncrementalTask$1(Defaults.scala:2311)
[error] 	at scala.Function1.$anonfun$compose$1(Function1.scala:49)
[error] 	at sbt.internal.util.$tilde$greater.$anonfun$$u2219$1(TypeFunctions.scala:62)
[error] 	at sbt.std.Transform$$anon$4.work(Transform.scala:68)
[error] 	at sbt.Execute.$anonfun$submit$2(Execute.scala:282)
[error] 	at sbt.internal.util.ErrorHandling$.wideConvert(ErrorHandling.scala:23)
[error] 	at sbt.Execute.work(Execute.scala:291)
[error] 	at sbt.Execute.$anonfun$submit$1(Execute.scala:282)
[error] 	at sbt.ConcurrentRestrictions$$anon$4.$anonfun$submitValid$1(ConcurrentRestrictions.scala:265)
[error] 	at sbt.CompletionService$$anon$2.call(CompletionService.scala:64)
[error] 	at java.base/java.util.concurrent.FutureTask.run(Unknown Source)
[error] 	at java.base/java.util.concurrent.Executors$RunnableAdapter.call(Unknown Source)
[error] 	at java.base/java.util.concurrent.FutureTask.run(Unknown Source)
[error] 	at java.base/java.util.concurrent.ThreadPoolExecutor.runWorker(Unknown Source)
[error] 	at java.base/java.util.concurrent.ThreadPoolExecutor$Worker.run(Unknown Source)
[error] 	at java.base/java.lang.Thread.run(Unknown Source)
[error] (verifyJVM / Compile / compileIncremental) java.lang.NoClassDefFoundError: scala/runtime/Scala3RunTime$
[error] Total time: 7 s, completed Jun 22, 2023, 1:06:43 AM
[32mRerunning tests in verify because of a previous run failure.[0m
[32msbt -sbt-version 1.8.0 -Dsbt.supershell=false -Ddotty.communitybuild.dir=/Users/y3536zha/Desktop/scala_explicit/scala_flexible_type_with_test_script/community-build --addPluginSbtFile=/Users/y3536zha/Desktop/scala_explicit/scala_flexible_type_with_test_script/community-build/sbt-injected-plugins set Global/testOptions += Tests.Argument(TestFramework("munit.Framework"), "+l"); clean; set Global/logLevel := Level.Error; set Global/updateOptions ~= (_.withLatestSnapshots(false)); set Global/scalacOptions ++= List("-Ysafe-init","-Yexplicit-nulls");++3.3.1-RC1-bin-SNAPSHOT!; verifyJVM/test[0m
[info] welcome to sbt 1.8.0 (Oracle Corporation Java 9.0.4)
[info] loading global plugins from /Users/y3536zha/.sbt/1.0/plugins
[info] loading settings for project verify-build from plugins.sbt,sbt-injected-plugins ...
[info] loading project definition from /Users/y3536zha/Desktop/scala_explicit/scala_flexible_type_with_test_script/community-build/community-projects/verify/project
[info] loading settings for project verifyRoot from build.sbt ...
[info] set current project to verify root (in build file:/Users/y3536zha/Desktop/scala_explicit/scala_flexible_type_with_test_script/community-build/community-projects/verify/)
[info] Defining Global / testOptions
[info] The new value will be used by Test / test / testOptions, Test / testOnly / testOptions and 9 others.
[info] 	Run `last` for details.
[info] Reapplying settings...
[info] set current project to verify root (in build file:/Users/y3536zha/Desktop/scala_explicit/scala_flexible_type_with_test_script/community-build/community-projects/verify/)
[success] Total time: 0 s, completed Jun 22, 2023, 1:06:54 AM
[info] Defining Global / logLevel
[info] The new value will be used by Test / test / testListeners, Test / testOnly / testListeners and 29 others.
[info] 	Run `last` for details.
[info] Reapplying settings...
[info] set current project to verify root (in build file:/Users/y3536zha/Desktop/scala_explicit/scala_flexible_type_with_test_script/community-build/community-projects/verify/)
[info] Defining Global / updateOptions
[info] The new value will be used by dependencyTreeIgnoreMissingUpdate / updateOptions, ivyConfiguration and 9 others.
[info] 	Run `last` for details.
[info] Reapplying settings...
[info] set current project to verify root (in build file:/Users/y3536zha/Desktop/scala_explicit/scala_flexible_type_with_test_script/community-build/community-projects/verify/)
[info] Defining Global / scalacOptions
[info] The new value will be used by ThisBuild / scalacOptions
[info] Reapplying settings...
[info] set current project to verify root (in build file:/Users/y3536zha/Desktop/scala_explicit/scala_flexible_type_with_test_script/community-build/community-projects/verify/)
[info] Forcing Scala version to 3.3.1-RC1-bin-SNAPSHOT on all projects.
[info] Reapplying settings...
[info] Loading dependency tracking file /Users/y3536zha/Desktop/scala_explicit/scala_flexible_type_with_test_script/community-build/dotty-community-build-deps
[info] Dependency tracking file /Users/y3536zha/Desktop/scala_explicit/scala_flexible_type_with_test_script/community-build/dotty-community-build-deps does not exist
[info] set current project to verify root (in build file:/Users/y3536zha/Desktop/scala_explicit/scala_flexible_type_with_test_script/community-build/community-projects/verify/)
[error] -- [E008] Not Found Error: /Users/y3536zha/Desktop/scala_explicit/scala_flexible_type_with_test_script/community-build/community-projects/verify/jvm/src/main/scala/verify/internal/Reflect.scala:22:43 
[error] 22 |          runtimeClass.getField("MODULE$").get(null)
[error]    |          ^^^^^^^^^^^^^^^^^^^^^^^^^^^^^^^^^^^^
[error]    |      value get is not a member of java.lang.reflect.Field | Null.
[error]    |      Since explicit-nulls is enabled, the selection is rejected because
[error]    |      java.lang.reflect.Field | Null could be null at runtime.
[error]    |      If you want to select get without checking for a null value,
[error]    |      insert a .nn before .get or import scala.language.unsafeNulls.
[error] -- [E008] Not Found Error: /Users/y3536zha/Desktop/scala_explicit/scala_flexible_type_with_test_script/community-build/community-projects/verify/jvm/src/main/scala/verify/internal/Reflect.scala:36:20 
[error] 36 |      clazz.getName.endsWith("$") && (fld.getModifiers & Modifier.STATIC) != 0
[error]    |      ^^^^^^^^^^^^^^^^^^^^^^
[error]    |     value endsWith is not a member of String | Null.
[error]    |     Since explicit-nulls is enabled, the selection is rejected because
[error]    |     String | Null could be null at runtime.
[error]    |     If you want to select endsWith without checking for a null value,
[error]    |     insert a .nn before .endsWith or import scala.language.unsafeNulls.
[error] -- [E007] Type Mismatch Error: /Users/y3536zha/Desktop/scala_explicit/scala_flexible_type_with_test_script/community-build/community-projects/verify/jvm/src/main/scala/verify/internal/Reflect.scala:49:11 
[error] 49 |      Some(clazz)
[error]    |           ^^^^^
[error]    |    Found:    (clazz : Class[?] | Null)
[error]    |    Required: Class[?]
[error]    |
[error]    |    The following import might make progress towards fixing the problem:
[error]    |
[error]    |      import verify.sourcecode.Text.toScalaVerifySourcecodeText
[error]    |
[error]    |
[error]    | longer explanation available when compiling with `-explain`
[error] -- [E007] Type Mismatch Error: /Users/y3536zha/Desktop/scala_explicit/scala_flexible_type_with_test_script/community-build/community-projects/verify/shared/src/main/scala-3/verify/sourcecode/Macros.scala:84:4 
[error] 84 |    s.name.trim
[error]    |    ^^^^^^^^^^^
[error]    |    Found:    String | Null
[error]    |    Required: String
[error]    |
[error]    |    The following import might make progress towards fixing the problem:
[error]    |
[error]    |      import verify.sourcecode.Text.toScalaVerifySourcecodeText
[error]    |
[error]    |
[error]    | longer explanation available when compiling with `-explain`
[error] -- [E008] Not Found Error: /Users/y3536zha/Desktop/scala_explicit/scala_flexible_type_with_test_script/community-build/community-projects/verify/shared/src/main/scala-3/verify/sourcecode/Macros.scala:130:9 
[error] 129 |      owner.fullName.trim
[error] 130 |        .split("\\.", -1)
[error]     |      ^
[error]     |    value split is not a member of String | Null.
[error]     |    Since explicit-nulls is enabled, the selection is rejected because
[error]     |    String | Null could be null at runtime.
[error]     |    If you want to select split without checking for a null value,
[error]     |    insert a .nn before .split or import scala.language.unsafeNulls.
[error] -- [E134] Type Error: /Users/y3536zha/Desktop/scala_explicit/scala_flexible_type_with_test_script/community-build/community-projects/verify/shared/src/main/scala-3/verify/sourcecode/Macros.scala:141:32 
[error] 141 |    '{ FullName.Machine(${ Util.literal(qctx)(fullName) }) }
[error]     |                           ^^^^^^^^^^^^
[error]     |None of the overloaded alternatives of method literal in object Util with types
[error]     | (qctx: quoted.Quotes)(value: Int): quoted.Expr[Int]
[error]     | (qctx: quoted.Quotes)(value: String): quoted.Expr[String]
[error]     |match arguments ((qctx : quoted.Quotes))((fullName : String | Null))
[error] -- [E007] Type Mismatch Error: /Users/y3536zha/Desktop/scala_explicit/scala_flexible_type_with_test_script/community-build/community-projects/verify/shared/src/main/scala/verify/DiffUtil.scala:43:18 
[error] 43 |      splitTokens(rest, token :: acc)
[error]    |                  ^^^^
[error]    |    Found:    (rest : String | Null)
[error]    |    Required: String
[error]    |
[error]    |    The following import might make progress towards fixing the problem:
[error]    |
[error]    |      import verify.sourcecode.Text.toScalaVerifySourcecodeText
[error]    |
[error]    |
[error]    | longer explanation available when compiling with `-explain`
[error] -- [E007] Type Mismatch Error: /Users/y3536zha/Desktop/scala_explicit/scala_flexible_type_with_test_script/community-build/community-projects/verify/shared/src/main/scala/verify/DiffUtil.scala:43:24 
[error] 43 |      splitTokens(rest, token :: acc)
[error]    |                        ^^^^^
[error]    |    Found:    (token : String | Null)
[error]    |    Required: String
[error]    |
[error]    |    The following import might make progress towards fixing the problem:
[error]    |
[error]    |      import verify.sourcecode.Text.toScalaVerifySourcecodeText
[error]    |
[error]    |
[error]    | longer explanation available when compiling with `-explain`
[error] -- [E007] Type Mismatch Error: /Users/y3536zha/Desktop/scala_explicit/scala_flexible_type_with_test_script/community-build/community-projects/verify/shared/src/main/scala/verify/DiffUtil.scala:90:29 
[error] 90 |    padDiffs(diffs).mkString(System.lineSeparator)
[error]    |                             ^^^^^^^^^^^^^^^^^^^^
[error]    |    Found:    String | Null
[error]    |    Required: String
[error]    |
[error]    |    The following import might make progress towards fixing the problem:
[error]    |
[error]    |      import verify.sourcecode.Text.toScalaVerifySourcecodeText
[error]    |
[error]    |
[error]    | longer explanation available when compiling with `-explain`
[error] -- [E008] Not Found Error: /Users/y3536zha/Desktop/scala_explicit/scala_flexible_type_with_test_script/community-build/community-projects/verify/shared/src/main/scala/verify/DiffUtil.scala:95:85 
[error] 95 |    def textLength(str: String): Int = str.replaceAll("\u001b\\[[\\d;]*[^\\d;]", "").length
[error]    |                                       ^^^^^^^^^^^^^^^^^^^^^^^^^^^^^^^^^^^^^^^^^^^^^^^^^^^^
[error]    |      value length is not a member of String | Null.
[error]    |      Since explicit-nulls is enabled, the selection is rejected because
[error]    |      String | Null could be null at runtime.
[error]    |      If you want to select length without checking for a null value,
[error]    |      insert a .nn before .length or import scala.language.unsafeNulls.
[error] -- [E008] Not Found Error: /Users/y3536zha/Desktop/scala_explicit/scala_flexible_type_with_test_script/community-build/community-projects/verify/shared/src/main/scala/verify/Result.scala:64:29 
[error] 64 |        val className = name.substring(name.lastIndexOf(".") + 1)
[error]    |                        ^^^^^^^^^^^^^^
[error]    |    value substring is not a member of String | Null.
[error]    |    Since explicit-nulls is enabled, the selection is rejected because
[error]    |    String | Null could be null at runtime.
[error]    |    If you want to select substring without checking for a null value,
[error]    |    insert a .nn before .substring or import scala.language.unsafeNulls.
[error] -- [E008] Not Found Error: /Users/y3536zha/Desktop/scala_explicit/scala_flexible_type_with_test_script/community-build/community-projects/verify/shared/src/main/scala/verify/Result.scala:64:44 
[error] 64 |        val className = name.substring(name.lastIndexOf(".") + 1)
[error]    |                                       ^^^^^^^^^^^^^^^^
[error]    |  value lastIndexOf is not a member of String | Null.
[error]    |  Since explicit-nulls is enabled, the selection is rejected because
[error]    |  String | Null could be null at runtime.
[error]    |  If you want to select lastIndexOf without checking for a null value,
[error]    |  insert a .nn before .lastIndexOf or import scala.language.unsafeNulls.
[error] -- [E008] Not Found Error: /Users/y3536zha/Desktop/scala_explicit/scala_flexible_type_with_test_script/community-build/community-projects/verify/shared/src/main/scala/verify/Result.scala:66:23 
[error] 66 |          .filterNot(_.isEmpty)
[error]    |                     ^^^^^^^^^
[error]    |      value isEmpty is not a member of String | Null.
[error]    |      Since explicit-nulls is enabled, the selection is rejected because
[error]    |      String | Null could be null at runtime.
[error]    |      If you want to select isEmpty without checking for a null value,
[error]    |      insert a .nn before .isEmpty or import scala.language.unsafeNulls.
[error] -- [E007] Type Mismatch Error: /Users/y3536zha/Desktop/scala_explicit/scala_flexible_type_with_test_script/community-build/community-projects/verify/shared/src/main/scala/verify/Result.scala:76:21 
[error] 76 |      Result.Failure(ex.getMessage, Some(ex), None)
[error]    |                     ^^^^^^^^^^^^^
[error]    |    Found:    String | Null
[error]    |    Required: String
[error]    |
[error]    |    The following import might make progress towards fixing the problem:
[error]    |
[error]    |      import verify.sourcecode.Text.toScalaVerifySourcecodeText
[error]    |
[error]    |
[error]    | longer explanation available when compiling with `-explain`
[error] -- [E008] Not Found Error: /Users/y3536zha/Desktop/scala_explicit/scala_flexible_type_with_test_script/community-build/community-projects/verify/shared/src/main/scala/verify/Result.scala:102:34 
[error] 102 |        val tr = ex.getStackTrace.map(_.toString)
[error]     |                 ^^^^^^^^^^^^^^^^^^^^
[error]     |  value map is not a member of Array[StackTraceElement | Null] | Null.
[error]     |  An extension method was tried, but could not be fully constructed:
[error]     |
[error]     |      genericArrayOps[T](ex.getStackTrace())
[error] -- [E172] Type Error: /Users/y3536zha/Desktop/scala_explicit/scala_flexible_type_with_test_script/community-build/community-projects/verify/shared/src/main/scala/verify/Result.scala:114:28 
[error] 114 |      formatDescription(if (msg != null && msg.nonEmpty) msg else "Test failed", location, color, reset, "  ")
[error]     |                            ^^^^^^^^^^^
[error]     |      Values of types String and Null cannot be compared with == or !=
[error] -- [E008] Not Found Error: /Users/y3536zha/Desktop/scala_explicit/scala_flexible_type_with_test_script/community-build/community-projects/verify/shared/src/main/scala/verify/Result.scala:128:41 
[error] 128 |    val lines = message.split("\\r?\\n").zipWithIndex.map { case (line, index) =>
[error]     |                ^^^^^^^^^^^^^^^^^^^^^^^^^^^^^^^^^^^^^
[error]     |    value zipWithIndex is not a member of Array[String | Null] | Null.
[error]     |    An extension method was tried, but could not be fully constructed:
[error]     |
[error]     |        genericArrayOps[T](message.split("\\r?\\n"))
[error] -- [E007] Type Mismatch Error: /Users/y3536zha/Desktop/scala_explicit/scala_flexible_type_with_test_script/community-build/community-projects/verify/shared/src/main/scala/verify/exceptions.scala:20:28 
[error] 20 |    extends VerifyException(null, reason)
[error]    |                            ^^^^
[error]    |Found:    Null
[error]    |Required: String
[error]    |Note that implicit conversions were not tried because the result of an implicit conversion
[error]    |must be more specific than String
[error]    |
[error]    | longer explanation available when compiling with `-explain`
[error] -- [E172] Type Error: /Users/y3536zha/Desktop/scala_explicit/scala_flexible_type_with_test_script/community-build/community-projects/verify/shared/src/main/scala/verify/exceptions.scala:23:41 
[error] 23 |    extends VerifyException(reason.orNull, null)
[error]    |                                         ^
[error]    |                                      Cannot prove that Null <:< String.
[error] -- [E007] Type Mismatch Error: /Users/y3536zha/Desktop/scala_explicit/scala_flexible_type_with_test_script/community-build/community-projects/verify/shared/src/main/scala/verify/exceptions.scala:23:43 
[error] 23 |    extends VerifyException(reason.orNull, null)
[error]    |                                           ^^^^
[error]    |Found:    Null
[error]    |Required: Throwable
[error]    |Note that implicit conversions were not tried because the result of an implicit conversion
[error]    |must be more specific than Throwable
[error]    |
[error]    | longer explanation available when compiling with `-explain`
[error] -- [E172] Type Error: /Users/y3536zha/Desktop/scala_explicit/scala_flexible_type_with_test_script/community-build/community-projects/verify/shared/src/main/scala/verify/exceptions.scala:26:41 
[error] 26 |    extends VerifyException(reason.orNull, null)
[error]    |                                         ^
[error]    |                                      Cannot prove that Null <:< String.
[error] -- [E007] Type Mismatch Error: /Users/y3536zha/Desktop/scala_explicit/scala_flexible_type_with_test_script/community-build/community-projects/verify/shared/src/main/scala/verify/exceptions.scala:26:43 
[error] 26 |    extends VerifyException(reason.orNull, null)
[error]    |                                           ^^^^
[error]    |Found:    Null
[error]    |Required: Throwable
[error]    |Note that implicit conversions were not tried because the result of an implicit conversion
[error]    |must be more specific than Throwable
[error]    |
[error]    | longer explanation available when compiling with `-explain`
[error] -- [E007] Type Mismatch Error: /Users/y3536zha/Desktop/scala_explicit/scala_flexible_type_with_test_script/community-build/community-projects/verify/shared/src/main/scala/verify/exceptions.scala:28:115 
[error] 28 |final class InterceptException(val message: String, val location: SourceLocation) extends VerifyException(message, null)
[error]    |                                                                                                                   ^^^^
[error]    |Found:    Null
[error]    |Required: Throwable
[error]    |Note that implicit conversions were not tried because the result of an implicit conversion
[error]    |must be more specific than Throwable
[error]    |
[error]    | longer explanation available when compiling with `-explain`
[error] -- [E007] Type Mismatch Error: /Users/y3536zha/Desktop/scala_explicit/scala_flexible_type_with_test_script/community-build/community-projects/verify/shared/src/main/scala/verify/runner/Runner.scala:39:27 
[error] 39 |    serializer(task.taskDef())
[error]    |               ^^^^^^^^^^^^^^
[error]    |    Found:    sbt.testing.TaskDef | Null
[error]    |    Required: sbt.testing.TaskDef
[error]    |
[error]    |    The following import might make progress towards fixing the problem:
[error]    |
[error]    |      import verify.sourcecode.Text.toScalaVerifySourcecodeText
[error]    |
[error]    |
[error]    | longer explanation available when compiling with `-explain`
[error] -- [E007] Type Mismatch Error: /Users/y3536zha/Desktop/scala_explicit/scala_flexible_type_with_test_script/community-build/community-projects/verify/shared/src/main/scala/verify/runner/Task.scala:63:50 
[error] 63 |    val future = loadSuite(task.fullyQualifiedName(), cl).fold(unit) { suite =>
[error]    |                           ^^^^^^^^^^^^^^^^^^^^^^^^^
[error]    |    Found:    String | Null
[error]    |    Required: String
[error]    |
[error]    |    The following import might make progress towards fixing the problem:
[error]    |
[error]    |      import verify.sourcecode.Text.toScalaVerifySourcecodeText
[error]    |
[error]    |
[error]    | longer explanation available when compiling with `-explain`
[error] -- [E007] Type Mismatch Error: /Users/y3536zha/Desktop/scala_explicit/scala_flexible_type_with_test_script/community-build/community-projects/verify/shared/src/main/scala/verify/runner/Task.scala:64:41 
[error] 64 |      reportStart(task.fullyQualifiedName(), loggers)
[error]    |                  ^^^^^^^^^^^^^^^^^^^^^^^^^
[error]    |    Found:    String | Null
[error]    |    Required: String
[error]    |
[error]    |    The following import might make progress towards fixing the problem:
[error]    |
[error]    |      import verify.sourcecode.Text.toScalaVerifySourcecodeText
[error]    |
[error]    |
[error]    | longer explanation available when compiling with `-explain`
[error] -- [E007] Type Mismatch Error: /Users/y3536zha/Desktop/scala_explicit/scala_flexible_type_with_test_script/community-build/community-projects/verify/shared/src/main/scala/verify/runner/Task.scala:88:29 
[error] 88 |      task.fullyQualifiedName()
[error]    |      ^^^^^^^^^^^^^^^^^^^^^^^^^
[error]    |    Found:    String | Null
[error]    |    Required: String
[error]    |
[error]    |    The following import might make progress towards fixing the problem:
[error]    |
[error]    |      import verify.sourcecode.Text.toScalaVerifySourcecodeText
[error]    |
[error]    |
[error]    | longer explanation available when compiling with `-explain`
[error] -- [E008] Not Found Error: /Users/y3536zha/Desktop/scala_explicit/scala_flexible_type_with_test_script/community-build/community-projects/verify/shared/src/main/scala/verify/runner/Task.scala:115:23 
[error] 115 |      task.selectors().head
[error]     |      ^^^^^^^^^^^^^^^^^^^^^
[error]     |value head is not a member of Array[sbt.testing.Selector | Null] | Null.
[error]     |An extension method was tried, but could not be fully constructed:
[error]     |
[error]     |    genericArrayOps[T](Task.this.task.selectors())
[error] -- [E007] Type Mismatch Error: /Users/y3536zha/Desktop/scala_explicit/scala_flexible_type_with_test_script/community-build/community-projects/verify/shared/src/main/scala/verify/runner/Task.scala:119:22 
[error] 119 |      task.fingerprint()
[error]     |      ^^^^^^^^^^^^^^^^^^
[error]     |  Found:    sbt.testing.Fingerprint | Null
[error]     |  Required: sbt.testing.Fingerprint
[error]     |
[error]     |  The following import might make progress towards fixing the problem:
[error]     |
[error]     |    import verify.sourcecode.Text.toScalaVerifySourcecodeText
[error]     |
[error]     |
[error]     | longer explanation available when compiling with `-explain`
[error] 29 errors found
[error] (verifyJVM / Compile / compileIncremental) Compilation failed
[error] Total time: 10 s, completed Jun 22, 2023, 1:07:07 AM
[32mRerunning tests in verify because of a previous run failure.[0m
[32msbt -sbt-version 1.8.0 -Dsbt.supershell=false -Ddotty.communitybuild.dir=/Users/y3536zha/Desktop/scala_explicit/scala_flexible_type_with_test_script/community-build --addPluginSbtFile=/Users/y3536zha/Desktop/scala_explicit/scala_flexible_type_with_test_script/community-build/sbt-injected-plugins set Global/testOptions += Tests.Argument(TestFramework("munit.Framework"), "+l"); clean; set Global/logLevel := Level.Error; set Global/updateOptions ~= (_.withLatestSnapshots(false)); set Global/scalacOptions ++= List("-Ysafe-init","-Yexplicit-nulls");++3.3.1-RC1-bin-SNAPSHOT!; verifyJVM/test[0m
[info] welcome to sbt 1.8.0 (Oracle Corporation Java 9.0.4)
[info] loading global plugins from /Users/y3536zha/.sbt/1.0/plugins
[info] loading settings for project verify-build from plugins.sbt,sbt-injected-plugins ...
[info] loading project definition from /Users/y3536zha/Desktop/scala_explicit/scala_flexible_type_with_test_script/community-build/community-projects/verify/project
[info] loading settings for project verifyRoot from build.sbt ...
[info] set current project to verify root (in build file:/Users/y3536zha/Desktop/scala_explicit/scala_flexible_type_with_test_script/community-build/community-projects/verify/)
[info] Defining Global / testOptions
[info] The new value will be used by Test / test / testOptions, Test / testOnly / testOptions and 9 others.
[info] 	Run `last` for details.
[info] Reapplying settings...
[info] set current project to verify root (in build file:/Users/y3536zha/Desktop/scala_explicit/scala_flexible_type_with_test_script/community-build/community-projects/verify/)
[success] Total time: 0 s, completed Jun 22, 2023, 1:07:19 AM
[info] Defining Global / logLevel
[info] The new value will be used by Test / test / testListeners, Test / testOnly / testListeners and 29 others.
[info] 	Run `last` for details.
[info] Reapplying settings...
[info] set current project to verify root (in build file:/Users/y3536zha/Desktop/scala_explicit/scala_flexible_type_with_test_script/community-build/community-projects/verify/)
[info] Defining Global / updateOptions
[info] The new value will be used by dependencyTreeIgnoreMissingUpdate / updateOptions, ivyConfiguration and 9 others.
[info] 	Run `last` for details.
[info] Reapplying settings...
[info] set current project to verify root (in build file:/Users/y3536zha/Desktop/scala_explicit/scala_flexible_type_with_test_script/community-build/community-projects/verify/)
[info] Defining Global / scalacOptions
[info] The new value will be used by ThisBuild / scalacOptions
[info] Reapplying settings...
[info] set current project to verify root (in build file:/Users/y3536zha/Desktop/scala_explicit/scala_flexible_type_with_test_script/community-build/community-projects/verify/)
[info] Forcing Scala version to 3.3.1-RC1-bin-SNAPSHOT on all projects.
[info] Reapplying settings...
[info] Loading dependency tracking file /Users/y3536zha/Desktop/scala_explicit/scala_flexible_type_with_test_script/community-build/dotty-community-build-deps
[info] Dependency tracking file /Users/y3536zha/Desktop/scala_explicit/scala_flexible_type_with_test_script/community-build/dotty-community-build-deps does not exist
[info] set current project to verify root (in build file:/Users/y3536zha/Desktop/scala_explicit/scala_flexible_type_with_test_script/community-build/community-projects/verify/)
[error] -- [E008] Not Found Error: /Users/y3536zha/Desktop/scala_explicit/scala_flexible_type_with_test_script/community-build/community-projects/verify/jvm/src/main/scala/verify/internal/Reflect.scala:22:43 
[error] 22 |          runtimeClass.getField("MODULE$").get(null)
[error]    |          ^^^^^^^^^^^^^^^^^^^^^^^^^^^^^^^^^^^^
[error]    |      value get is not a member of java.lang.reflect.Field | Null.
[error]    |      Since explicit-nulls is enabled, the selection is rejected because
[error]    |      java.lang.reflect.Field | Null could be null at runtime.
[error]    |      If you want to select get without checking for a null value,
[error]    |      insert a .nn before .get or import scala.language.unsafeNulls.
[error] -- [E008] Not Found Error: /Users/y3536zha/Desktop/scala_explicit/scala_flexible_type_with_test_script/community-build/community-projects/verify/jvm/src/main/scala/verify/internal/Reflect.scala:36:20 
[error] 36 |      clazz.getName.endsWith("$") && (fld.getModifiers & Modifier.STATIC) != 0
[error]    |      ^^^^^^^^^^^^^^^^^^^^^^
[error]    |     value endsWith is not a member of String | Null.
[error]    |     Since explicit-nulls is enabled, the selection is rejected because
[error]    |     String | Null could be null at runtime.
[error]    |     If you want to select endsWith without checking for a null value,
[error]    |     insert a .nn before .endsWith or import scala.language.unsafeNulls.
[error] -- [E007] Type Mismatch Error: /Users/y3536zha/Desktop/scala_explicit/scala_flexible_type_with_test_script/community-build/community-projects/verify/jvm/src/main/scala/verify/internal/Reflect.scala:49:11 
[error] 49 |      Some(clazz)
[error]    |           ^^^^^
[error]    |    Found:    (clazz : Class[?] | Null)
[error]    |    Required: Class[?]
[error]    |
[error]    |    The following import might make progress towards fixing the problem:
[error]    |
[error]    |      import verify.sourcecode.Text.toScalaVerifySourcecodeText
[error]    |
[error]    |
[error]    | longer explanation available when compiling with `-explain`
[error] -- [E007] Type Mismatch Error: /Users/y3536zha/Desktop/scala_explicit/scala_flexible_type_with_test_script/community-build/community-projects/verify/shared/src/main/scala-3/verify/sourcecode/Macros.scala:84:4 
[error] 84 |    s.name.trim
[error]    |    ^^^^^^^^^^^
[error]    |    Found:    String | Null
[error]    |    Required: String
[error]    |
[error]    |    The following import might make progress towards fixing the problem:
[error]    |
[error]    |      import verify.sourcecode.Text.toScalaVerifySourcecodeText
[error]    |
[error]    |
[error]    | longer explanation available when compiling with `-explain`
[error] -- [E008] Not Found Error: /Users/y3536zha/Desktop/scala_explicit/scala_flexible_type_with_test_script/community-build/community-projects/verify/shared/src/main/scala-3/verify/sourcecode/Macros.scala:130:9 
[error] 129 |      owner.fullName.trim
[error] 130 |        .split("\\.", -1)
[error]     |      ^
[error]     |    value split is not a member of String | Null.
[error]     |    Since explicit-nulls is enabled, the selection is rejected because
[error]     |    String | Null could be null at runtime.
[error]     |    If you want to select split without checking for a null value,
[error]     |    insert a .nn before .split or import scala.language.unsafeNulls.
[error] -- [E134] Type Error: /Users/y3536zha/Desktop/scala_explicit/scala_flexible_type_with_test_script/community-build/community-projects/verify/shared/src/main/scala-3/verify/sourcecode/Macros.scala:141:32 
[error] 141 |    '{ FullName.Machine(${ Util.literal(qctx)(fullName) }) }
[error]     |                           ^^^^^^^^^^^^
[error]     |None of the overloaded alternatives of method literal in object Util with types
[error]     | (qctx: quoted.Quotes)(value: Int): quoted.Expr[Int]
[error]     | (qctx: quoted.Quotes)(value: String): quoted.Expr[String]
[error]     |match arguments ((qctx : quoted.Quotes))((fullName : String | Null))
[error] -- [E007] Type Mismatch Error: /Users/y3536zha/Desktop/scala_explicit/scala_flexible_type_with_test_script/community-build/community-projects/verify/shared/src/main/scala/verify/DiffUtil.scala:43:18 
[error] 43 |      splitTokens(rest, token :: acc)
[error]    |                  ^^^^
[error]    |    Found:    (rest : String | Null)
[error]    |    Required: String
[error]    |
[error]    |    The following import might make progress towards fixing the problem:
[error]    |
[error]    |      import verify.sourcecode.Text.toScalaVerifySourcecodeText
[error]    |
[error]    |
[error]    | longer explanation available when compiling with `-explain`
[error] -- [E007] Type Mismatch Error: /Users/y3536zha/Desktop/scala_explicit/scala_flexible_type_with_test_script/community-build/community-projects/verify/shared/src/main/scala/verify/DiffUtil.scala:43:24 
[error] 43 |      splitTokens(rest, token :: acc)
[error]    |                        ^^^^^
[error]    |    Found:    (token : String | Null)
[error]    |    Required: String
[error]    |
[error]    |    The following import might make progress towards fixing the problem:
[error]    |
[error]    |      import verify.sourcecode.Text.toScalaVerifySourcecodeText
[error]    |
[error]    |
[error]    | longer explanation available when compiling with `-explain`
[error] -- [E007] Type Mismatch Error: /Users/y3536zha/Desktop/scala_explicit/scala_flexible_type_with_test_script/community-build/community-projects/verify/shared/src/main/scala/verify/DiffUtil.scala:90:29 
[error] 90 |    padDiffs(diffs).mkString(System.lineSeparator)
[error]    |                             ^^^^^^^^^^^^^^^^^^^^
[error]    |    Found:    String | Null
[error]    |    Required: String
[error]    |
[error]    |    The following import might make progress towards fixing the problem:
[error]    |
[error]    |      import verify.sourcecode.Text.toScalaVerifySourcecodeText
[error]    |
[error]    |
[error]    | longer explanation available when compiling with `-explain`
[error] -- [E008] Not Found Error: /Users/y3536zha/Desktop/scala_explicit/scala_flexible_type_with_test_script/community-build/community-projects/verify/shared/src/main/scala/verify/DiffUtil.scala:95:85 
[error] 95 |    def textLength(str: String): Int = str.replaceAll("\u001b\\[[\\d;]*[^\\d;]", "").length
[error]    |                                       ^^^^^^^^^^^^^^^^^^^^^^^^^^^^^^^^^^^^^^^^^^^^^^^^^^^^
[error]    |      value length is not a member of String | Null.
[error]    |      Since explicit-nulls is enabled, the selection is rejected because
[error]    |      String | Null could be null at runtime.
[error]    |      If you want to select length without checking for a null value,
[error]    |      insert a .nn before .length or import scala.language.unsafeNulls.
[error] -- [E008] Not Found Error: /Users/y3536zha/Desktop/scala_explicit/scala_flexible_type_with_test_script/community-build/community-projects/verify/shared/src/main/scala/verify/Result.scala:64:29 
[error] 64 |        val className = name.substring(name.lastIndexOf(".") + 1)
[error]    |                        ^^^^^^^^^^^^^^
[error]    |    value substring is not a member of String | Null.
[error]    |    Since explicit-nulls is enabled, the selection is rejected because
[error]    |    String | Null could be null at runtime.
[error]    |    If you want to select substring without checking for a null value,
[error]    |    insert a .nn before .substring or import scala.language.unsafeNulls.
[error] -- [E008] Not Found Error: /Users/y3536zha/Desktop/scala_explicit/scala_flexible_type_with_test_script/community-build/community-projects/verify/shared/src/main/scala/verify/Result.scala:64:44 
[error] 64 |        val className = name.substring(name.lastIndexOf(".") + 1)
[error]    |                                       ^^^^^^^^^^^^^^^^
[error]    |  value lastIndexOf is not a member of String | Null.
[error]    |  Since explicit-nulls is enabled, the selection is rejected because
[error]    |  String | Null could be null at runtime.
[error]    |  If you want to select lastIndexOf without checking for a null value,
[error]    |  insert a .nn before .lastIndexOf or import scala.language.unsafeNulls.
[error] -- [E008] Not Found Error: /Users/y3536zha/Desktop/scala_explicit/scala_flexible_type_with_test_script/community-build/community-projects/verify/shared/src/main/scala/verify/Result.scala:66:23 
[error] 66 |          .filterNot(_.isEmpty)
[error]    |                     ^^^^^^^^^
[error]    |      value isEmpty is not a member of String | Null.
[error]    |      Since explicit-nulls is enabled, the selection is rejected because
[error]    |      String | Null could be null at runtime.
[error]    |      If you want to select isEmpty without checking for a null value,
[error]    |      insert a .nn before .isEmpty or import scala.language.unsafeNulls.
[error] -- [E007] Type Mismatch Error: /Users/y3536zha/Desktop/scala_explicit/scala_flexible_type_with_test_script/community-build/community-projects/verify/shared/src/main/scala/verify/Result.scala:76:21 
[error] 76 |      Result.Failure(ex.getMessage, Some(ex), None)
[error]    |                     ^^^^^^^^^^^^^
[error]    |    Found:    String | Null
[error]    |    Required: String
[error]    |
[error]    |    The following import might make progress towards fixing the problem:
[error]    |
[error]    |      import verify.sourcecode.Text.toScalaVerifySourcecodeText
[error]    |
[error]    |
[error]    | longer explanation available when compiling with `-explain`
[error] -- [E008] Not Found Error: /Users/y3536zha/Desktop/scala_explicit/scala_flexible_type_with_test_script/community-build/community-projects/verify/shared/src/main/scala/verify/Result.scala:102:34 
[error] 102 |        val tr = ex.getStackTrace.map(_.toString)
[error]     |                 ^^^^^^^^^^^^^^^^^^^^
[error]     |  value map is not a member of Array[StackTraceElement | Null] | Null.
[error]     |  An extension method was tried, but could not be fully constructed:
[error]     |
[error]     |      genericArrayOps[T](ex.getStackTrace())
[error] -- [E172] Type Error: /Users/y3536zha/Desktop/scala_explicit/scala_flexible_type_with_test_script/community-build/community-projects/verify/shared/src/main/scala/verify/Result.scala:114:28 
[error] 114 |      formatDescription(if (msg != null && msg.nonEmpty) msg else "Test failed", location, color, reset, "  ")
[error]     |                            ^^^^^^^^^^^
[error]     |      Values of types String and Null cannot be compared with == or !=
[error] -- [E008] Not Found Error: /Users/y3536zha/Desktop/scala_explicit/scala_flexible_type_with_test_script/community-build/community-projects/verify/shared/src/main/scala/verify/Result.scala:128:41 
[error] 128 |    val lines = message.split("\\r?\\n").zipWithIndex.map { case (line, index) =>
[error]     |                ^^^^^^^^^^^^^^^^^^^^^^^^^^^^^^^^^^^^^
[error]     |    value zipWithIndex is not a member of Array[String | Null] | Null.
[error]     |    An extension method was tried, but could not be fully constructed:
[error]     |
[error]     |        genericArrayOps[T](message.split("\\r?\\n"))
[error] -- [E007] Type Mismatch Error: /Users/y3536zha/Desktop/scala_explicit/scala_flexible_type_with_test_script/community-build/community-projects/verify/shared/src/main/scala/verify/exceptions.scala:20:28 
[error] 20 |    extends VerifyException(null, reason)
[error]    |                            ^^^^
[error]    |Found:    Null
[error]    |Required: String
[error]    |Note that implicit conversions were not tried because the result of an implicit conversion
[error]    |must be more specific than String
[error]    |
[error]    | longer explanation available when compiling with `-explain`
[error] -- [E172] Type Error: /Users/y3536zha/Desktop/scala_explicit/scala_flexible_type_with_test_script/community-build/community-projects/verify/shared/src/main/scala/verify/exceptions.scala:23:41 
[error] 23 |    extends VerifyException(reason.orNull, null)
[error]    |                                         ^
[error]    |                                      Cannot prove that Null <:< String.
[error] -- [E007] Type Mismatch Error: /Users/y3536zha/Desktop/scala_explicit/scala_flexible_type_with_test_script/community-build/community-projects/verify/shared/src/main/scala/verify/exceptions.scala:23:43 
[error] 23 |    extends VerifyException(reason.orNull, null)
[error]    |                                           ^^^^
[error]    |Found:    Null
[error]    |Required: Throwable
[error]    |Note that implicit conversions were not tried because the result of an implicit conversion
[error]    |must be more specific than Throwable
[error]    |
[error]    | longer explanation available when compiling with `-explain`
[error] -- [E172] Type Error: /Users/y3536zha/Desktop/scala_explicit/scala_flexible_type_with_test_script/community-build/community-projects/verify/shared/src/main/scala/verify/exceptions.scala:26:41 
[error] 26 |    extends VerifyException(reason.orNull, null)
[error]    |                                         ^
[error]    |                                      Cannot prove that Null <:< String.
[error] -- [E007] Type Mismatch Error: /Users/y3536zha/Desktop/scala_explicit/scala_flexible_type_with_test_script/community-build/community-projects/verify/shared/src/main/scala/verify/exceptions.scala:26:43 
[error] 26 |    extends VerifyException(reason.orNull, null)
[error]    |                                           ^^^^
[error]    |Found:    Null
[error]    |Required: Throwable
[error]    |Note that implicit conversions were not tried because the result of an implicit conversion
[error]    |must be more specific than Throwable
[error]    |
[error]    | longer explanation available when compiling with `-explain`
[error] -- [E007] Type Mismatch Error: /Users/y3536zha/Desktop/scala_explicit/scala_flexible_type_with_test_script/community-build/community-projects/verify/shared/src/main/scala/verify/exceptions.scala:28:115 
[error] 28 |final class InterceptException(val message: String, val location: SourceLocation) extends VerifyException(message, null)
[error]    |                                                                                                                   ^^^^
[error]    |Found:    Null
[error]    |Required: Throwable
[error]    |Note that implicit conversions were not tried because the result of an implicit conversion
[error]    |must be more specific than Throwable
[error]    |
[error]    | longer explanation available when compiling with `-explain`
[error] -- [E007] Type Mismatch Error: /Users/y3536zha/Desktop/scala_explicit/scala_flexible_type_with_test_script/community-build/community-projects/verify/shared/src/main/scala/verify/runner/Runner.scala:39:27 
[error] 39 |    serializer(task.taskDef())
[error]    |               ^^^^^^^^^^^^^^
[error]    |    Found:    sbt.testing.TaskDef | Null
[error]    |    Required: sbt.testing.TaskDef
[error]    |
[error]    |    The following import might make progress towards fixing the problem:
[error]    |
[error]    |      import verify.sourcecode.Text.toScalaVerifySourcecodeText
[error]    |
[error]    |
[error]    | longer explanation available when compiling with `-explain`
[error] -- [E007] Type Mismatch Error: /Users/y3536zha/Desktop/scala_explicit/scala_flexible_type_with_test_script/community-build/community-projects/verify/shared/src/main/scala/verify/runner/Task.scala:63:50 
[error] 63 |    val future = loadSuite(task.fullyQualifiedName(), cl).fold(unit) { suite =>
[error]    |                           ^^^^^^^^^^^^^^^^^^^^^^^^^
[error]    |    Found:    String | Null
[error]    |    Required: String
[error]    |
[error]    |    The following import might make progress towards fixing the problem:
[error]    |
[error]    |      import verify.sourcecode.Text.toScalaVerifySourcecodeText
[error]    |
[error]    |
[error]    | longer explanation available when compiling with `-explain`
[error] -- [E007] Type Mismatch Error: /Users/y3536zha/Desktop/scala_explicit/scala_flexible_type_with_test_script/community-build/community-projects/verify/shared/src/main/scala/verify/runner/Task.scala:64:41 
[error] 64 |      reportStart(task.fullyQualifiedName(), loggers)
[error]    |                  ^^^^^^^^^^^^^^^^^^^^^^^^^
[error]    |    Found:    String | Null
[error]    |    Required: String
[error]    |
[error]    |    The following import might make progress towards fixing the problem:
[error]    |
[error]    |      import verify.sourcecode.Text.toScalaVerifySourcecodeText
[error]    |
[error]    |
[error]    | longer explanation available when compiling with `-explain`
[error] -- [E007] Type Mismatch Error: /Users/y3536zha/Desktop/scala_explicit/scala_flexible_type_with_test_script/community-build/community-projects/verify/shared/src/main/scala/verify/runner/Task.scala:88:29 
[error] 88 |      task.fullyQualifiedName()
[error]    |      ^^^^^^^^^^^^^^^^^^^^^^^^^
[error]    |    Found:    String | Null
[error]    |    Required: String
[error]    |
[error]    |    The following import might make progress towards fixing the problem:
[error]    |
[error]    |      import verify.sourcecode.Text.toScalaVerifySourcecodeText
[error]    |
[error]    |
[error]    | longer explanation available when compiling with `-explain`
[error] -- [E008] Not Found Error: /Users/y3536zha/Desktop/scala_explicit/scala_flexible_type_with_test_script/community-build/community-projects/verify/shared/src/main/scala/verify/runner/Task.scala:115:23 
[error] 115 |      task.selectors().head
[error]     |      ^^^^^^^^^^^^^^^^^^^^^
[error]     |value head is not a member of Array[sbt.testing.Selector | Null] | Null.
[error]     |An extension method was tried, but could not be fully constructed:
[error]     |
[error]     |    genericArrayOps[T](Task.this.task.selectors())
[error] -- [E007] Type Mismatch Error: /Users/y3536zha/Desktop/scala_explicit/scala_flexible_type_with_test_script/community-build/community-projects/verify/shared/src/main/scala/verify/runner/Task.scala:119:22 
[error] 119 |      task.fingerprint()
[error]     |      ^^^^^^^^^^^^^^^^^^
[error]     |  Found:    sbt.testing.Fingerprint | Null
[error]     |  Required: sbt.testing.Fingerprint
[error]     |
[error]     |  The following import might make progress towards fixing the problem:
[error]     |
[error]     |    import verify.sourcecode.Text.toScalaVerifySourcecodeText
[error]     |
[error]     |
[error]     | longer explanation available when compiling with `-explain`
[error] 29 errors found
[error] (verifyJVM / Compile / compileIncremental) Compilation failed
[error] Total time: 11 s, completed Jun 22, 2023, 1:07:33 AM
[32mRerunning tests in verify because of a previous run failure.[0m
[32msbt -sbt-version 1.8.0 -Dsbt.supershell=false -Ddotty.communitybuild.dir=/Users/y3536zha/Desktop/scala_explicit/scala_flexible_type_with_test_script/community-build --addPluginSbtFile=/Users/y3536zha/Desktop/scala_explicit/scala_flexible_type_with_test_script/community-build/sbt-injected-plugins set Global/testOptions += Tests.Argument(TestFramework("munit.Framework"), "+l"); clean; set Global/logLevel := Level.Error; set Global/updateOptions ~= (_.withLatestSnapshots(false)); set Global/scalacOptions ++= List("-Ysafe-init","-Yexplicit-nulls");++3.3.1-RC1-bin-SNAPSHOT!; verifyJVM/test[0m
[info] welcome to sbt 1.8.0 (Oracle Corporation Java 9.0.4)
[info] loading global plugins from /Users/y3536zha/.sbt/1.0/plugins
[info] loading settings for project verify-build from plugins.sbt,sbt-injected-plugins ...
[info] loading project definition from /Users/y3536zha/Desktop/scala_explicit/scala_flexible_type_with_test_script/community-build/community-projects/verify/project
[info] loading settings for project verifyRoot from build.sbt ...
[info] set current project to verify root (in build file:/Users/y3536zha/Desktop/scala_explicit/scala_flexible_type_with_test_script/community-build/community-projects/verify/)
[info] Defining Global / testOptions
[info] The new value will be used by Test / test / testOptions, Test / testOnly / testOptions and 9 others.
[info] 	Run `last` for details.
[info] Reapplying settings...
[info] set current project to verify root (in build file:/Users/y3536zha/Desktop/scala_explicit/scala_flexible_type_with_test_script/community-build/community-projects/verify/)
[success] Total time: 0 s, completed Jun 22, 2023, 1:07:44 AM
[info] Defining Global / logLevel
[info] The new value will be used by Test / test / testListeners, Test / testOnly / testListeners and 29 others.
[info] 	Run `last` for details.
[info] Reapplying settings...
[info] set current project to verify root (in build file:/Users/y3536zha/Desktop/scala_explicit/scala_flexible_type_with_test_script/community-build/community-projects/verify/)
[info] Defining Global / updateOptions
[info] The new value will be used by dependencyTreeIgnoreMissingUpdate / updateOptions, ivyConfiguration and 9 others.
[info] 	Run `last` for details.
[info] Reapplying settings...
[info] set current project to verify root (in build file:/Users/y3536zha/Desktop/scala_explicit/scala_flexible_type_with_test_script/community-build/community-projects/verify/)
[info] Defining Global / scalacOptions
[info] The new value will be used by ThisBuild / scalacOptions
[info] Reapplying settings...
[info] set current project to verify root (in build file:/Users/y3536zha/Desktop/scala_explicit/scala_flexible_type_with_test_script/community-build/community-projects/verify/)
[info] Forcing Scala version to 3.3.1-RC1-bin-SNAPSHOT on all projects.
[info] Reapplying settings...
[info] Loading dependency tracking file /Users/y3536zha/Desktop/scala_explicit/scala_flexible_type_with_test_script/community-build/dotty-community-build-deps
[info] Dependency tracking file /Users/y3536zha/Desktop/scala_explicit/scala_flexible_type_with_test_script/community-build/dotty-community-build-deps does not exist
[info] set current project to verify root (in build file:/Users/y3536zha/Desktop/scala_explicit/scala_flexible_type_with_test_script/community-build/community-projects/verify/)
[error] -- [E008] Not Found Error: /Users/y3536zha/Desktop/scala_explicit/scala_flexible_type_with_test_script/community-build/community-projects/verify/jvm/src/main/scala/verify/internal/Reflect.scala:22:43 
[error] 22 |          runtimeClass.getField("MODULE$").get(null)
[error]    |          ^^^^^^^^^^^^^^^^^^^^^^^^^^^^^^^^^^^^
[error]    |      value get is not a member of java.lang.reflect.Field | Null.
[error]    |      Since explicit-nulls is enabled, the selection is rejected because
[error]    |      java.lang.reflect.Field | Null could be null at runtime.
[error]    |      If you want to select get without checking for a null value,
[error]    |      insert a .nn before .get or import scala.language.unsafeNulls.
[error] -- [E008] Not Found Error: /Users/y3536zha/Desktop/scala_explicit/scala_flexible_type_with_test_script/community-build/community-projects/verify/jvm/src/main/scala/verify/internal/Reflect.scala:36:20 
[error] 36 |      clazz.getName.endsWith("$") && (fld.getModifiers & Modifier.STATIC) != 0
[error]    |      ^^^^^^^^^^^^^^^^^^^^^^
[error]    |     value endsWith is not a member of String | Null.
[error]    |     Since explicit-nulls is enabled, the selection is rejected because
[error]    |     String | Null could be null at runtime.
[error]    |     If you want to select endsWith without checking for a null value,
[error]    |     insert a .nn before .endsWith or import scala.language.unsafeNulls.
[error] -- [E007] Type Mismatch Error: /Users/y3536zha/Desktop/scala_explicit/scala_flexible_type_with_test_script/community-build/community-projects/verify/jvm/src/main/scala/verify/internal/Reflect.scala:49:11 
[error] 49 |      Some(clazz)
[error]    |           ^^^^^
[error]    |    Found:    (clazz : Class[?] | Null)
[error]    |    Required: Class[?]
[error]    |
[error]    |    The following import might make progress towards fixing the problem:
[error]    |
[error]    |      import verify.sourcecode.Text.toScalaVerifySourcecodeText
[error]    |
[error]    |
[error]    | longer explanation available when compiling with `-explain`
[error] -- [E007] Type Mismatch Error: /Users/y3536zha/Desktop/scala_explicit/scala_flexible_type_with_test_script/community-build/community-projects/verify/shared/src/main/scala-3/verify/sourcecode/Macros.scala:84:4 
[error] 84 |    s.name.trim
[error]    |    ^^^^^^^^^^^
[error]    |    Found:    String | Null
[error]    |    Required: String
[error]    |
[error]    |    The following import might make progress towards fixing the problem:
[error]    |
[error]    |      import verify.sourcecode.Text.toScalaVerifySourcecodeText
[error]    |
[error]    |
[error]    | longer explanation available when compiling with `-explain`
[error] -- [E008] Not Found Error: /Users/y3536zha/Desktop/scala_explicit/scala_flexible_type_with_test_script/community-build/community-projects/verify/shared/src/main/scala-3/verify/sourcecode/Macros.scala:130:9 
[error] 129 |      owner.fullName.trim
[error] 130 |        .split("\\.", -1)
[error]     |      ^
[error]     |    value split is not a member of String | Null.
[error]     |    Since explicit-nulls is enabled, the selection is rejected because
[error]     |    String | Null could be null at runtime.
[error]     |    If you want to select split without checking for a null value,
[error]     |    insert a .nn before .split or import scala.language.unsafeNulls.
[error] -- [E134] Type Error: /Users/y3536zha/Desktop/scala_explicit/scala_flexible_type_with_test_script/community-build/community-projects/verify/shared/src/main/scala-3/verify/sourcecode/Macros.scala:141:32 
[error] 141 |    '{ FullName.Machine(${ Util.literal(qctx)(fullName) }) }
[error]     |                           ^^^^^^^^^^^^
[error]     |None of the overloaded alternatives of method literal in object Util with types
[error]     | (qctx: quoted.Quotes)(value: Int): quoted.Expr[Int]
[error]     | (qctx: quoted.Quotes)(value: String): quoted.Expr[String]
[error]     |match arguments ((qctx : quoted.Quotes))((fullName : String | Null))
[error] -- [E007] Type Mismatch Error: /Users/y3536zha/Desktop/scala_explicit/scala_flexible_type_with_test_script/community-build/community-projects/verify/shared/src/main/scala/verify/DiffUtil.scala:43:18 
[error] 43 |      splitTokens(rest, token :: acc)
[error]    |                  ^^^^
[error]    |    Found:    (rest : String | Null)
[error]    |    Required: String
[error]    |
[error]    |    The following import might make progress towards fixing the problem:
[error]    |
[error]    |      import verify.sourcecode.Text.toScalaVerifySourcecodeText
[error]    |
[error]    |
[error]    | longer explanation available when compiling with `-explain`
[error] -- [E007] Type Mismatch Error: /Users/y3536zha/Desktop/scala_explicit/scala_flexible_type_with_test_script/community-build/community-projects/verify/shared/src/main/scala/verify/DiffUtil.scala:43:24 
[error] 43 |      splitTokens(rest, token :: acc)
[error]    |                        ^^^^^
[error]    |    Found:    (token : String | Null)
[error]    |    Required: String
[error]    |
[error]    |    The following import might make progress towards fixing the problem:
[error]    |
[error]    |      import verify.sourcecode.Text.toScalaVerifySourcecodeText
[error]    |
[error]    |
[error]    | longer explanation available when compiling with `-explain`
[error] -- [E007] Type Mismatch Error: /Users/y3536zha/Desktop/scala_explicit/scala_flexible_type_with_test_script/community-build/community-projects/verify/shared/src/main/scala/verify/DiffUtil.scala:90:29 
[error] 90 |    padDiffs(diffs).mkString(System.lineSeparator)
[error]    |                             ^^^^^^^^^^^^^^^^^^^^
[error]    |    Found:    String | Null
[error]    |    Required: String
[error]    |
[error]    |    The following import might make progress towards fixing the problem:
[error]    |
[error]    |      import verify.sourcecode.Text.toScalaVerifySourcecodeText
[error]    |
[error]    |
[error]    | longer explanation available when compiling with `-explain`
[error] -- [E008] Not Found Error: /Users/y3536zha/Desktop/scala_explicit/scala_flexible_type_with_test_script/community-build/community-projects/verify/shared/src/main/scala/verify/DiffUtil.scala:95:85 
[error] 95 |    def textLength(str: String): Int = str.replaceAll("\u001b\\[[\\d;]*[^\\d;]", "").length
[error]    |                                       ^^^^^^^^^^^^^^^^^^^^^^^^^^^^^^^^^^^^^^^^^^^^^^^^^^^^
[error]    |      value length is not a member of String | Null.
[error]    |      Since explicit-nulls is enabled, the selection is rejected because
[error]    |      String | Null could be null at runtime.
[error]    |      If you want to select length without checking for a null value,
[error]    |      insert a .nn before .length or import scala.language.unsafeNulls.
[error] -- [E008] Not Found Error: /Users/y3536zha/Desktop/scala_explicit/scala_flexible_type_with_test_script/community-build/community-projects/verify/shared/src/main/scala/verify/Result.scala:64:29 
[error] 64 |        val className = name.substring(name.lastIndexOf(".") + 1)
[error]    |                        ^^^^^^^^^^^^^^
[error]    |    value substring is not a member of String | Null.
[error]    |    Since explicit-nulls is enabled, the selection is rejected because
[error]    |    String | Null could be null at runtime.
[error]    |    If you want to select substring without checking for a null value,
[error]    |    insert a .nn before .substring or import scala.language.unsafeNulls.
[error] -- [E008] Not Found Error: /Users/y3536zha/Desktop/scala_explicit/scala_flexible_type_with_test_script/community-build/community-projects/verify/shared/src/main/scala/verify/Result.scala:64:44 
[error] 64 |        val className = name.substring(name.lastIndexOf(".") + 1)
[error]    |                                       ^^^^^^^^^^^^^^^^
[error]    |  value lastIndexOf is not a member of String | Null.
[error]    |  Since explicit-nulls is enabled, the selection is rejected because
[error]    |  String | Null could be null at runtime.
[error]    |  If you want to select lastIndexOf without checking for a null value,
[error]    |  insert a .nn before .lastIndexOf or import scala.language.unsafeNulls.
[error] -- [E008] Not Found Error: /Users/y3536zha/Desktop/scala_explicit/scala_flexible_type_with_test_script/community-build/community-projects/verify/shared/src/main/scala/verify/Result.scala:66:23 
[error] 66 |          .filterNot(_.isEmpty)
[error]    |                     ^^^^^^^^^
[error]    |      value isEmpty is not a member of String | Null.
[error]    |      Since explicit-nulls is enabled, the selection is rejected because
[error]    |      String | Null could be null at runtime.
[error]    |      If you want to select isEmpty without checking for a null value,
[error]    |      insert a .nn before .isEmpty or import scala.language.unsafeNulls.
[error] -- [E007] Type Mismatch Error: /Users/y3536zha/Desktop/scala_explicit/scala_flexible_type_with_test_script/community-build/community-projects/verify/shared/src/main/scala/verify/Result.scala:76:21 
[error] 76 |      Result.Failure(ex.getMessage, Some(ex), None)
[error]    |                     ^^^^^^^^^^^^^
[error]    |    Found:    String | Null
[error]    |    Required: String
[error]    |
[error]    |    The following import might make progress towards fixing the problem:
[error]    |
[error]    |      import verify.sourcecode.Text.toScalaVerifySourcecodeText
[error]    |
[error]    |
[error]    | longer explanation available when compiling with `-explain`
[error] -- [E008] Not Found Error: /Users/y3536zha/Desktop/scala_explicit/scala_flexible_type_with_test_script/community-build/community-projects/verify/shared/src/main/scala/verify/Result.scala:102:34 
[error] 102 |        val tr = ex.getStackTrace.map(_.toString)
[error]     |                 ^^^^^^^^^^^^^^^^^^^^
[error]     |  value map is not a member of Array[StackTraceElement | Null] | Null.
[error]     |  An extension method was tried, but could not be fully constructed:
[error]     |
[error]     |      genericArrayOps[T](ex.getStackTrace())
[error] -- [E172] Type Error: /Users/y3536zha/Desktop/scala_explicit/scala_flexible_type_with_test_script/community-build/community-projects/verify/shared/src/main/scala/verify/Result.scala:114:28 
[error] 114 |      formatDescription(if (msg != null && msg.nonEmpty) msg else "Test failed", location, color, reset, "  ")
[error]     |                            ^^^^^^^^^^^
[error]     |      Values of types String and Null cannot be compared with == or !=
[error] -- [E008] Not Found Error: /Users/y3536zha/Desktop/scala_explicit/scala_flexible_type_with_test_script/community-build/community-projects/verify/shared/src/main/scala/verify/Result.scala:128:41 
[error] 128 |    val lines = message.split("\\r?\\n").zipWithIndex.map { case (line, index) =>
[error]     |                ^^^^^^^^^^^^^^^^^^^^^^^^^^^^^^^^^^^^^
[error]     |    value zipWithIndex is not a member of Array[String | Null] | Null.
[error]     |    An extension method was tried, but could not be fully constructed:
[error]     |
[error]     |        genericArrayOps[T](message.split("\\r?\\n"))
[error] -- [E007] Type Mismatch Error: /Users/y3536zha/Desktop/scala_explicit/scala_flexible_type_with_test_script/community-build/community-projects/verify/shared/src/main/scala/verify/exceptions.scala:20:28 
[error] 20 |    extends VerifyException(null, reason)
[error]    |                            ^^^^
[error]    |Found:    Null
[error]    |Required: String
[error]    |Note that implicit conversions were not tried because the result of an implicit conversion
[error]    |must be more specific than String
[error]    |
[error]    | longer explanation available when compiling with `-explain`
[error] -- [E172] Type Error: /Users/y3536zha/Desktop/scala_explicit/scala_flexible_type_with_test_script/community-build/community-projects/verify/shared/src/main/scala/verify/exceptions.scala:23:41 
[error] 23 |    extends VerifyException(reason.orNull, null)
[error]    |                                         ^
[error]    |                                      Cannot prove that Null <:< String.
[error] -- [E007] Type Mismatch Error: /Users/y3536zha/Desktop/scala_explicit/scala_flexible_type_with_test_script/community-build/community-projects/verify/shared/src/main/scala/verify/exceptions.scala:23:43 
[error] 23 |    extends VerifyException(reason.orNull, null)
[error]    |                                           ^^^^
[error]    |Found:    Null
[error]    |Required: Throwable
[error]    |Note that implicit conversions were not tried because the result of an implicit conversion
[error]    |must be more specific than Throwable
[error]    |
[error]    | longer explanation available when compiling with `-explain`
[error] -- [E172] Type Error: /Users/y3536zha/Desktop/scala_explicit/scala_flexible_type_with_test_script/community-build/community-projects/verify/shared/src/main/scala/verify/exceptions.scala:26:41 
[error] 26 |    extends VerifyException(reason.orNull, null)
[error]    |                                         ^
[error]    |                                      Cannot prove that Null <:< String.
[error] -- [E007] Type Mismatch Error: /Users/y3536zha/Desktop/scala_explicit/scala_flexible_type_with_test_script/community-build/community-projects/verify/shared/src/main/scala/verify/exceptions.scala:26:43 
[error] 26 |    extends VerifyException(reason.orNull, null)
[error]    |                                           ^^^^
[error]    |Found:    Null
[error]    |Required: Throwable
[error]    |Note that implicit conversions were not tried because the result of an implicit conversion
[error]    |must be more specific than Throwable
[error]    |
[error]    | longer explanation available when compiling with `-explain`
[error] -- [E007] Type Mismatch Error: /Users/y3536zha/Desktop/scala_explicit/scala_flexible_type_with_test_script/community-build/community-projects/verify/shared/src/main/scala/verify/exceptions.scala:28:115 
[error] 28 |final class InterceptException(val message: String, val location: SourceLocation) extends VerifyException(message, null)
[error]    |                                                                                                                   ^^^^
[error]    |Found:    Null
[error]    |Required: Throwable
[error]    |Note that implicit conversions were not tried because the result of an implicit conversion
[error]    |must be more specific than Throwable
[error]    |
[error]    | longer explanation available when compiling with `-explain`
[error] -- [E007] Type Mismatch Error: /Users/y3536zha/Desktop/scala_explicit/scala_flexible_type_with_test_script/community-build/community-projects/verify/shared/src/main/scala/verify/runner/Runner.scala:39:27 
[error] 39 |    serializer(task.taskDef())
[error]    |               ^^^^^^^^^^^^^^
[error]    |    Found:    sbt.testing.TaskDef | Null
[error]    |    Required: sbt.testing.TaskDef
[error]    |
[error]    |    The following import might make progress towards fixing the problem:
[error]    |
[error]    |      import verify.sourcecode.Text.toScalaVerifySourcecodeText
[error]    |
[error]    |
[error]    | longer explanation available when compiling with `-explain`
[error] -- [E007] Type Mismatch Error: /Users/y3536zha/Desktop/scala_explicit/scala_flexible_type_with_test_script/community-build/community-projects/verify/shared/src/main/scala/verify/runner/Task.scala:63:50 
[error] 63 |    val future = loadSuite(task.fullyQualifiedName(), cl).fold(unit) { suite =>
[error]    |                           ^^^^^^^^^^^^^^^^^^^^^^^^^
[error]    |    Found:    String | Null
[error]    |    Required: String
[error]    |
[error]    |    The following import might make progress towards fixing the problem:
[error]    |
[error]    |      import verify.sourcecode.Text.toScalaVerifySourcecodeText
[error]    |
[error]    |
[error]    | longer explanation available when compiling with `-explain`
[error] -- [E007] Type Mismatch Error: /Users/y3536zha/Desktop/scala_explicit/scala_flexible_type_with_test_script/community-build/community-projects/verify/shared/src/main/scala/verify/runner/Task.scala:64:41 
[error] 64 |      reportStart(task.fullyQualifiedName(), loggers)
[error]    |                  ^^^^^^^^^^^^^^^^^^^^^^^^^
[error]    |    Found:    String | Null
[error]    |    Required: String
[error]    |
[error]    |    The following import might make progress towards fixing the problem:
[error]    |
[error]    |      import verify.sourcecode.Text.toScalaVerifySourcecodeText
[error]    |
[error]    |
[error]    | longer explanation available when compiling with `-explain`
[error] -- [E007] Type Mismatch Error: /Users/y3536zha/Desktop/scala_explicit/scala_flexible_type_with_test_script/community-build/community-projects/verify/shared/src/main/scala/verify/runner/Task.scala:88:29 
[error] 88 |      task.fullyQualifiedName()
[error]    |      ^^^^^^^^^^^^^^^^^^^^^^^^^
[error]    |    Found:    String | Null
[error]    |    Required: String
[error]    |
[error]    |    The following import might make progress towards fixing the problem:
[error]    |
[error]    |      import verify.sourcecode.Text.toScalaVerifySourcecodeText
[error]    |
[error]    |
[error]    | longer explanation available when compiling with `-explain`
[error] -- [E008] Not Found Error: /Users/y3536zha/Desktop/scala_explicit/scala_flexible_type_with_test_script/community-build/community-projects/verify/shared/src/main/scala/verify/runner/Task.scala:115:23 
[error] 115 |      task.selectors().head
[error]     |      ^^^^^^^^^^^^^^^^^^^^^
[error]     |value head is not a member of Array[sbt.testing.Selector | Null] | Null.
[error]     |An extension method was tried, but could not be fully constructed:
[error]     |
[error]     |    genericArrayOps[T](Task.this.task.selectors())
[error] -- [E007] Type Mismatch Error: /Users/y3536zha/Desktop/scala_explicit/scala_flexible_type_with_test_script/community-build/community-projects/verify/shared/src/main/scala/verify/runner/Task.scala:119:22 
[error] 119 |      task.fingerprint()
[error]     |      ^^^^^^^^^^^^^^^^^^
[error]     |  Found:    sbt.testing.Fingerprint | Null
[error]     |  Required: sbt.testing.Fingerprint
[error]     |
[error]     |  The following import might make progress towards fixing the problem:
[error]     |
[error]     |    import verify.sourcecode.Text.toScalaVerifySourcecodeText
[error]     |
[error]     |
[error]     | longer explanation available when compiling with `-explain`
[error] 29 errors found
[error] (verifyJVM / Compile / compileIncremental) Compilation failed
[error] Total time: 11 s, completed Jun 22, 2023, 1:07:59 AM
[32m[FAILURE verify][0m
[32m[verify DONE RUNNING][0m
[error] Test dotty.communitybuild.CommunityBuildTestC.verify failed: java.lang.AssertionError: 
[error] 
[error] sbt exited with an error code. To reproduce without JUnit, use:
[error] 
[error]     sbt community-build/prepareCommunityBuild
[error]     cd community-build/community-projects/verify
[error]     sbt -sbt-version 1.8.0 -Dsbt.supershell=false -Ddotty.communitybuild.dir=/Users/y3536zha/Desktop/scala_explicit/scala_flexible_type_with_test_script/community-build --addPluginSbtFile=/Users/y3536zha/Desktop/scala_explicit/scala_flexible_type_with_test_script/community-build/sbt-injected-plugins "set Global/testOptions += Tests.Argument(TestFramework("munit.Framework"), "+l"); clean; set Global/logLevel := Level.Error; set Global/updateOptions ~= (_.withLatestSnapshots(false)); set Global/scalacOptions ++= List("-Ysafe-init","-Yexplicit-nulls");++3.3.1-RC1-bin-SNAPSHOT!; verifyJVM/test"
[error] 
[error] For a faster feedback loop on SBT projects, one can try to extract a direct call to dotc
[error] using the sbt export command. For instance, for scalacheck, use
[error]     sbt export jvm/test:compileIncremental
[error] 
[error] , took 102.788 sec
[error]     at dotty.communitybuild.CommunityBuildTest$package$testRunner$.failWith(CommunityBuildTest.scala:15)
[error]     at dotty.communitybuild.CommunityBuildRunner.runProject(CommunityBuildRunner.scala:93)
[error]     at dotty.communitybuild.CommunityBuildRunner.runProject$(CommunityBuildRunner.scala:33)
[error]     at dotty.communitybuild.CommunityBuildTest$package$testRunner$.runProject(CommunityBuildTest.scala:14)
[error]     at dotty.communitybuild.CommunityBuildRunner$.run(CommunityBuildRunner.scala:28)
[error]     at dotty.communitybuild.CommunityBuildTestC.verify(CommunityBuildTest.scala:102)
[error]     at jdk.internal.reflect.NativeMethodAccessorImpl.invoke0(Native Method)
[error]     at jdk.internal.reflect.NativeMethodAccessorImpl.invoke(Unknown Source)
[error]     at jdk.internal.reflect.DelegatingMethodAccessorImpl.invoke(Unknown Source)
[error]     at java.lang.reflect.Method.invoke(Unknown Source)
[error]     ...
[info] Test run dotty.communitybuild.CommunityBuildTestC finished: 1 failed, 0 ignored, 1 total, 102.799s
********************************************************************************
Failed projects:
 - dotty.communitybuild.CommunityBuildTestC.verify
********************************************************************************
[info] Test run dotty.communitybuild.CommunityBuildTestB started
[info] Test run dotty.communitybuild.CommunityBuildTestB finished: 0 failed, 0 ignored, 0 total, 0.0s
[error] Failed: Total 1, Failed 1, Errors 0, Passed 0
[error] Failed tests:
[error] 	dotty.communitybuild.CommunityBuildTestC
[error] (community-build / Test / testOnly) sbt.TestsFailedException: Tests unsuccessful
[error] Total time: 138 s (02:18), completed Jun 22, 2023, 1:07:59 AM
