[info] welcome to sbt 1.8.0 (AdoptOpenJDK Java 1.8.0_292)
[info] loading global plugins from /Users/yixing/.sbt/1.0/plugins
[info] loading settings for project scala_flexible_type_with_test_script-build-build from build.sbt ...
[info] loading project definition from /Users/yixing/Desktop/scala_explicit_unsafe/scala_flexible_type_with_test_script/project/project
[info] loading settings for project scala_flexible_type_with_test_script-build from build.sbt,plugins.sbt ...
[info] loading project definition from /Users/yixing/Desktop/scala_explicit_unsafe/scala_flexible_type_with_test_script/project
[info] loading settings for project scala3 from build.sbt ...
[info] resolving key references (31394 settings) ...
[info] set current project to scala3 (in build file:/Users/yixing/Desktop/scala_explicit_unsafe/scala_flexible_type_with_test_script/)
SLF4J: No SLF4J providers were found.
SLF4J: Defaulting to no-operation (NOP) logger implementation
SLF4J: See https://www.slf4j.org/codes.html#noProviders for further details.
SLF4J: Class path contains SLF4J bindings targeting slf4j-api versions 1.7.x or earlier.
SLF4J: Ignoring binding found at [jar:file:/Users/yixing/.sbt/boot/scala-2.12.17/org.scala-sbt/sbt/1.8.0/log4j-slf4j-impl-2.17.1.jar!/org/slf4j/impl/StaticLoggerBinder.class]
SLF4J: See https://www.slf4j.org/codes.html#ignoredBindings for an explanation.
[info] Wrote /Users/yixing/Desktop/scala_explicit_unsafe/scala_flexible_type_with_test_script/interfaces/target/scala3-interfaces-3.3.1-RC1-bin-SNAPSHOT.pom
[info] Wrote /Users/yixing/Desktop/scala_explicit_unsafe/scala_flexible_type_with_test_script/library/../out/bootstrap/scala3-library-bootstrapped/scala-3.3.1-RC1-bin-SNAPSHOT-nonbootstrapped/scala3-library_3-3.3.1-RC1-bin-SNAPSHOT.pom
[info] Wrote /Users/yixing/Desktop/scala_explicit_unsafe/scala_flexible_type_with_test_script/library-js/../out/bootstrap/scala3-library-bootstrappedJS/scala-3.3.1-RC1-bin-SNAPSHOT-nonbootstrapped/scala3-library_sjs1_3-3.3.1-RC1-bin-SNAPSHOT.pom
[info] Wrote /Users/yixing/Desktop/scala_explicit_unsafe/scala_flexible_type_with_test_script/sbt-community-build/target/scala-2.12/sbt-1.0/sbt-community-build-0.1.0-SNAPSHOT.pom
[info] Wrote /Users/yixing/Desktop/scala_explicit_unsafe/scala_flexible_type_with_test_script/tasty/../out/bootstrap/tasty-core-bootstrapped/scala-3.3.1-RC1-bin-SNAPSHOT-nonbootstrapped/tasty-core_3-3.3.1-RC1-bin-SNAPSHOT.pom
[info] Wrote /Users/yixing/Desktop/scala_explicit_unsafe/scala_flexible_type_with_test_script/compiler/../out/bootstrap/scala3-compiler-bootstrapped/scala-3.3.1-RC1-bin-SNAPSHOT-nonbootstrapped/scala3-compiler_3-3.3.1-RC1-bin-SNAPSHOT.pom
[info] Wrote /Users/yixing/Desktop/scala_explicit_unsafe/scala_flexible_type_with_test_script/tasty-inspector/../out/bootstrap/scala3-tasty-inspector/scala-3.3.1-RC1-bin-SNAPSHOT-nonbootstrapped/scala3-tasty-inspector_3-3.3.1-RC1-bin-SNAPSHOT.pom
[info] Wrote /Users/yixing/Desktop/scala_explicit_unsafe/scala_flexible_type_with_test_script/sbt-bridge/src/target/scala3-sbt-bridge-3.3.1-RC1-bin-SNAPSHOT.pom
[info] Wrote /Users/yixing/Desktop/scala_explicit_unsafe/scala_flexible_type_with_test_script/scaladoc/../out/bootstrap/scaladoc/scala-3.3.1-RC1-bin-SNAPSHOT-nonbootstrapped/scaladoc_3-3.3.1-RC1-bin-SNAPSHOT.pom
[info] :: delivering :: org.scala-lang#scala3-interfaces;3.3.1-RC1-bin-SNAPSHOT :: 3.3.1-RC1-bin-SNAPSHOT :: integration :: Thu Jun 29 07:53:48 EDT 2023
[info] 	delivering ivy file to /Users/yixing/Desktop/scala_explicit_unsafe/scala_flexible_type_with_test_script/interfaces/target/ivy-3.3.1-RC1-bin-SNAPSHOT.xml
[info] :: delivering :: ch.epfl.lamp#sbt-community-build;0.1.0-SNAPSHOT :: 0.1.0-SNAPSHOT :: integration :: Thu Jun 29 07:53:48 EDT 2023
[info] 	delivering ivy file to /Users/yixing/Desktop/scala_explicit_unsafe/scala_flexible_type_with_test_script/sbt-community-build/target/scala-2.12/sbt-1.0/ivy-0.1.0-SNAPSHOT.xml
[info] 	published scala3-interfaces to /Users/yixing/.ivy2/local/org.scala-lang/scala3-interfaces/3.3.1-RC1-bin-SNAPSHOT/poms/scala3-interfaces.pom
[info] 	published scala3-interfaces to /Users/yixing/.ivy2/local/org.scala-lang/scala3-interfaces/3.3.1-RC1-bin-SNAPSHOT/jars/scala3-interfaces.jar
[info] 	published scala3-interfaces to /Users/yixing/.ivy2/local/org.scala-lang/scala3-interfaces/3.3.1-RC1-bin-SNAPSHOT/srcs/scala3-interfaces-sources.jar
[info] 	published scala3-interfaces to /Users/yixing/.ivy2/local/org.scala-lang/scala3-interfaces/3.3.1-RC1-bin-SNAPSHOT/docs/scala3-interfaces-javadoc.jar
[info] 	published ivy to /Users/yixing/.ivy2/local/org.scala-lang/scala3-interfaces/3.3.1-RC1-bin-SNAPSHOT/ivys/ivy.xml
[info] 	published sbt-community-build to /Users/yixing/.ivy2/local/ch.epfl.lamp/sbt-community-build/scala_2.12/sbt_1.0/0.1.0-SNAPSHOT/poms/sbt-community-build.pom
[info] 	published sbt-community-build to /Users/yixing/.ivy2/local/ch.epfl.lamp/sbt-community-build/scala_2.12/sbt_1.0/0.1.0-SNAPSHOT/jars/sbt-community-build.jar
[info] 	published sbt-community-build to /Users/yixing/.ivy2/local/ch.epfl.lamp/sbt-community-build/scala_2.12/sbt_1.0/0.1.0-SNAPSHOT/srcs/sbt-community-build-sources.jar
[info] 	published sbt-community-build to /Users/yixing/.ivy2/local/ch.epfl.lamp/sbt-community-build/scala_2.12/sbt_1.0/0.1.0-SNAPSHOT/docs/sbt-community-build-javadoc.jar
[info] 	published ivy to /Users/yixing/.ivy2/local/ch.epfl.lamp/sbt-community-build/scala_2.12/sbt_1.0/0.1.0-SNAPSHOT/ivys/ivy.xml
[info] :: delivering :: org.scala-lang#scala3-sbt-bridge;3.3.1-RC1-bin-SNAPSHOT :: 3.3.1-RC1-bin-SNAPSHOT :: integration :: Thu Jun 29 07:53:50 EDT 2023
[info] 	delivering ivy file to /Users/yixing/Desktop/scala_explicit_unsafe/scala_flexible_type_with_test_script/sbt-bridge/src/target/ivy-3.3.1-RC1-bin-SNAPSHOT.xml
[info] 	published scala3-sbt-bridge to /Users/yixing/.ivy2/local/org.scala-lang/scala3-sbt-bridge/3.3.1-RC1-bin-SNAPSHOT/poms/scala3-sbt-bridge.pom
[info] 	published scala3-sbt-bridge to /Users/yixing/.ivy2/local/org.scala-lang/scala3-sbt-bridge/3.3.1-RC1-bin-SNAPSHOT/jars/scala3-sbt-bridge.jar
[info] 	published scala3-sbt-bridge to /Users/yixing/.ivy2/local/org.scala-lang/scala3-sbt-bridge/3.3.1-RC1-bin-SNAPSHOT/srcs/scala3-sbt-bridge-sources.jar
[info] 	published scala3-sbt-bridge to /Users/yixing/.ivy2/local/org.scala-lang/scala3-sbt-bridge/3.3.1-RC1-bin-SNAPSHOT/docs/scala3-sbt-bridge-javadoc.jar
[info] 	published ivy to /Users/yixing/.ivy2/local/org.scala-lang/scala3-sbt-bridge/3.3.1-RC1-bin-SNAPSHOT/ivys/ivy.xml
[info] :: delivering :: org.scala-lang#tasty-core_3;3.3.1-RC1-bin-SNAPSHOT :: 3.3.1-RC1-bin-SNAPSHOT :: integration :: Thu Jun 29 07:53:55 EDT 2023
[info] 	delivering ivy file to /Users/yixing/Desktop/scala_explicit_unsafe/scala_flexible_type_with_test_script/out/bootstrap/tasty-core-bootstrapped/scala-3.3.1-RC1-bin-SNAPSHOT-nonbootstrapped/ivy-3.3.1-RC1-bin-SNAPSHOT.xml
[info] 	published tasty-core_3 to /Users/yixing/.ivy2/local/org.scala-lang/tasty-core_3/3.3.1-RC1-bin-SNAPSHOT/poms/tasty-core_3.pom
[info] 	published tasty-core_3 to /Users/yixing/.ivy2/local/org.scala-lang/tasty-core_3/3.3.1-RC1-bin-SNAPSHOT/jars/tasty-core_3.jar
[info] 	published tasty-core_3 to /Users/yixing/.ivy2/local/org.scala-lang/tasty-core_3/3.3.1-RC1-bin-SNAPSHOT/srcs/tasty-core_3-sources.jar
[info] 	published tasty-core_3 to /Users/yixing/.ivy2/local/org.scala-lang/tasty-core_3/3.3.1-RC1-bin-SNAPSHOT/docs/tasty-core_3-javadoc.jar
[info] 	published ivy to /Users/yixing/.ivy2/local/org.scala-lang/tasty-core_3/3.3.1-RC1-bin-SNAPSHOT/ivys/ivy.xml
[info] Main Scala API documentation to /Users/yixing/Desktop/scala_explicit_unsafe/scala_flexible_type_with_test_script/library-js/../out/bootstrap/scala3-library-bootstrappedJS/scala-3.3.1-RC1-bin-SNAPSHOT-nonbootstrapped/api...
[info] Main Scala API documentation to /Users/yixing/Desktop/scala_explicit_unsafe/scala_flexible_type_with_test_script/library/../out/bootstrap/scala3-library-bootstrapped/scala-3.3.1-RC1-bin-SNAPSHOT-nonbootstrapped/api...
[info] :: delivering :: org.scala-lang#scala3-tasty-inspector_3;3.3.1-RC1-bin-SNAPSHOT :: 3.3.1-RC1-bin-SNAPSHOT :: integration :: Thu Jun 29 07:53:55 EDT 2023
[info] 	delivering ivy file to /Users/yixing/Desktop/scala_explicit_unsafe/scala_flexible_type_with_test_script/out/bootstrap/scala3-tasty-inspector/scala-3.3.1-RC1-bin-SNAPSHOT-nonbootstrapped/ivy-3.3.1-RC1-bin-SNAPSHOT.xml
[info] 	published scala3-tasty-inspector_3 to /Users/yixing/.ivy2/local/org.scala-lang/scala3-tasty-inspector_3/3.3.1-RC1-bin-SNAPSHOT/poms/scala3-tasty-inspector_3.pom
[info] 	published scala3-tasty-inspector_3 to /Users/yixing/.ivy2/local/org.scala-lang/scala3-tasty-inspector_3/3.3.1-RC1-bin-SNAPSHOT/jars/scala3-tasty-inspector_3.jar
[info] 	published scala3-tasty-inspector_3 to /Users/yixing/.ivy2/local/org.scala-lang/scala3-tasty-inspector_3/3.3.1-RC1-bin-SNAPSHOT/srcs/scala3-tasty-inspector_3-sources.jar
[info] 	published scala3-tasty-inspector_3 to /Users/yixing/.ivy2/local/org.scala-lang/scala3-tasty-inspector_3/3.3.1-RC1-bin-SNAPSHOT/docs/scala3-tasty-inspector_3-javadoc.jar
[info] 	published ivy to /Users/yixing/.ivy2/local/org.scala-lang/scala3-tasty-inspector_3/3.3.1-RC1-bin-SNAPSHOT/ivys/ivy.xml
[info] :: delivering :: org.scala-lang#scaladoc_3;3.3.1-RC1-bin-SNAPSHOT :: 3.3.1-RC1-bin-SNAPSHOT :: integration :: Thu Jun 29 07:53:55 EDT 2023
[info] 	delivering ivy file to /Users/yixing/Desktop/scala_explicit_unsafe/scala_flexible_type_with_test_script/out/bootstrap/scaladoc/scala-3.3.1-RC1-bin-SNAPSHOT-nonbootstrapped/ivy-3.3.1-RC1-bin-SNAPSHOT.xml
[info] 	published scaladoc_3 to /Users/yixing/.ivy2/local/org.scala-lang/scaladoc_3/3.3.1-RC1-bin-SNAPSHOT/poms/scaladoc_3.pom
[info] 	published scaladoc_3 to /Users/yixing/.ivy2/local/org.scala-lang/scaladoc_3/3.3.1-RC1-bin-SNAPSHOT/jars/scaladoc_3.jar
[info] 	published scaladoc_3 to /Users/yixing/.ivy2/local/org.scala-lang/scaladoc_3/3.3.1-RC1-bin-SNAPSHOT/srcs/scaladoc_3-sources.jar
[info] 	published scaladoc_3 to /Users/yixing/.ivy2/local/org.scala-lang/scaladoc_3/3.3.1-RC1-bin-SNAPSHOT/docs/scaladoc_3-javadoc.jar
[info] 	published ivy to /Users/yixing/.ivy2/local/org.scala-lang/scaladoc_3/3.3.1-RC1-bin-SNAPSHOT/ivys/ivy.xml
[info] :: delivering :: org.scala-lang#scala3-compiler_3;3.3.1-RC1-bin-SNAPSHOT :: 3.3.1-RC1-bin-SNAPSHOT :: integration :: Thu Jun 29 07:53:56 EDT 2023
[info] 	delivering ivy file to /Users/yixing/Desktop/scala_explicit_unsafe/scala_flexible_type_with_test_script/out/bootstrap/scala3-compiler-bootstrapped/scala-3.3.1-RC1-bin-SNAPSHOT-nonbootstrapped/ivy-3.3.1-RC1-bin-SNAPSHOT.xml
[info] 	published scala3-compiler_3 to /Users/yixing/.ivy2/local/org.scala-lang/scala3-compiler_3/3.3.1-RC1-bin-SNAPSHOT/poms/scala3-compiler_3.pom
[warn] Setting -skip-by-regex set to .+\.internal($|\..+) redundantly
[warn] Setting -skip-by-regex set to .+\.impl($|\..+) redundantly
[warn] Flag -project-logo set repeatedly
[warn] bad option '-project-version 3.3.1-RC1-bin-SNAPSHOT' was ignored
[warn] Setting -skip-by-regex set to .+\.internal($|\..+) redundantly
[warn] Setting -skip-by-regex set to .+\.impl($|\..+) redundantly
[warn] Setting -skip-by-id set to scala.runtime.stdLibPatches redundantly
[warn] Setting -skip-by-id set to scala.runtime.MatchCase redundantly
[warn] bad option '-project-logo docs/_assets/images/logo.svg' was ignored
[warn] Setting -social-links set to github::https://github.com/lampepfl/dotty redundantly
[warn] Setting -social-links set to discord::https://discord.com/invite/scala redundantly
[warn] Setting -social-links set to twitter::https://twitter.com/scala_lang redundantly
[warn] bad option '-project-footer "Copyright (c) 2002-2023, LAMP/EPFL"' was ignored
[warn] bad option '-default-template static-site-main' was ignored
[warn] Flag -author set repeatedly
[warn] Flag -groups set repeatedly
[warn] Setting -social-links set to github::https://github.com/lampepfl/dotty redundantly
[warn] Setting -social-links set to discord::https://discord.com/invite/scala redundantly
[warn] Setting -social-links set to twitter::https://twitter.com/scala_lang redundantly
[warn] Setting -skip-by-id set to scala.runtime.stdLibPatches redundantly
[warn] Setting -skip-by-id set to scala.runtime.MatchCase redundantly
[warn] Flag -project-footer set repeatedly
[warn] Flag -author set repeatedly
[warn] Flag -groups set repeatedly
[warn] Flag -default-template set repeatedly
[warn] Setting -external-mappings set to .*scala/.*::scaladoc3::https://dotty.epfl.ch/api/ redundantly
[warn] Setting -external-mappings set to .*java/.*::javadoc::https://docs.oracle.com/javase/8/docs/api/ redundantly
[warn] bad option '-project-version 3.3.1-RC1-bin-SNAPSHOT' was ignored
[warn] Setting -skip-by-regex set to .+\.internal($|\..+) redundantly
[warn] Setting -skip-by-regex set to .+\.impl($|\..+) redundantly
[warn] Setting -skip-by-id set to scala.runtime.stdLibPatches redundantly
[warn] Setting -skip-by-id set to scala.runtime.MatchCase redundantly
[warn] bad option '-project-logo docs/_assets/images/logo.svg' was ignored
[warn] Setting -social-links set to github::https://github.com/lampepfl/dotty redundantly
[warn] Setting -social-links set to discord::https://discord.com/invite/scala redundantly
[warn] Setting -social-links set to twitter::https://twitter.com/scala_lang redundantly
[warn] bad option '-project-footer "Copyright (c) 2002-2023, LAMP/EPFL"' was ignored
[warn] bad option '-default-template static-site-main' was ignored
[warn] Flag -author set repeatedly
[warn] Flag -groups set repeatedly
[info] Skipping unused scalacOptions: -Werror, -Yno-experimental, -Yexplicit-nulls
[info] Skipping unused scalacOptions: -Werror, -Yno-experimental, -Yexplicit-nulls
[info] 	published scala3-compiler_3 to /Users/yixing/.ivy2/local/org.scala-lang/scala3-compiler_3/3.3.1-RC1-bin-SNAPSHOT/jars/scala3-compiler_3.jar
[info] 	published scala3-compiler_3 to /Users/yixing/.ivy2/local/org.scala-lang/scala3-compiler_3/3.3.1-RC1-bin-SNAPSHOT/srcs/scala3-compiler_3-sources.jar
[info] 	published scala3-compiler_3 to /Users/yixing/.ivy2/local/org.scala-lang/scala3-compiler_3/3.3.1-RC1-bin-SNAPSHOT/docs/scala3-compiler_3-javadoc.jar
[info] 	published ivy to /Users/yixing/.ivy2/local/org.scala-lang/scala3-compiler_3/3.3.1-RC1-bin-SNAPSHOT/ivys/ivy.xml
[warn] -- Warning: library/src/scala/util/FromDigits.scala:21:6 -----------------------
[warn] 21 |  def fromDigits(digits: String): T
[warn]    |      ^
[warn]    |      No DRI found for query: MalformedNumber
[warn] -- Warning: library/src/scala/util/FromDigits.scala:21:6 -----------------------
[warn] 21 |  def fromDigits(digits: String): T
[warn]    |      ^
[warn]    |      No DRI found for query: MalformedNumber
[error] -- [E069] Naming Error: /Users/yixing/Desktop/scala_explicit_unsafe/scala_flexible_type_with_test_script/library/src/scala/IArray.scala:13:7 
[error] 13 |object IArray:
[error]    |       ^
[error]    |object IArray cannot have the same name as object IArray in package scala -- cannot define object member with the same name as a object member in self reference _.
[error]    |(Note: this can be resolved by using another name)
[error] -- [E069] Naming Error: /Users/yixing/Desktop/scala_explicit_unsafe/scala_flexible_type_with_test_script/library/src/scala/IArray.scala:13:7 
[error] 13 |object IArray:
[error]    |       ^
[error]    |object IArray cannot have the same name as object IArray in package scala -- cannot define object member with the same name as a object member in self reference _.
[error]    |(Note: this can be resolved by using another name)
[warn] 28 warnings found
[warn] 14 warnings found
[error] one error found
[error] one error found
[info] :: delivering :: org.scala-lang#scala3-library_3;3.3.1-RC1-bin-SNAPSHOT :: 3.3.1-RC1-bin-SNAPSHOT :: integration :: Thu Jun 29 07:54:18 EDT 2023
[info] 	delivering ivy file to /Users/yixing/Desktop/scala_explicit_unsafe/scala_flexible_type_with_test_script/out/bootstrap/scala3-library-bootstrapped/scala-3.3.1-RC1-bin-SNAPSHOT-nonbootstrapped/ivy-3.3.1-RC1-bin-SNAPSHOT.xml
[info] 	published scala3-library_3 to /Users/yixing/.ivy2/local/org.scala-lang/scala3-library_3/3.3.1-RC1-bin-SNAPSHOT/poms/scala3-library_3.pom
[info] 	published scala3-library_3 to /Users/yixing/.ivy2/local/org.scala-lang/scala3-library_3/3.3.1-RC1-bin-SNAPSHOT/jars/scala3-library_3.jar
[info] 	published scala3-library_3 to /Users/yixing/.ivy2/local/org.scala-lang/scala3-library_3/3.3.1-RC1-bin-SNAPSHOT/srcs/scala3-library_3-sources.jar
[info] 	published scala3-library_3 to /Users/yixing/.ivy2/local/org.scala-lang/scala3-library_3/3.3.1-RC1-bin-SNAPSHOT/docs/scala3-library_3-javadoc.jar
[info] 	published ivy to /Users/yixing/.ivy2/local/org.scala-lang/scala3-library_3/3.3.1-RC1-bin-SNAPSHOT/ivys/ivy.xml
[info] :: delivering :: org.scala-lang#scala3-library_sjs1_3;3.3.1-RC1-bin-SNAPSHOT :: 3.3.1-RC1-bin-SNAPSHOT :: integration :: Thu Jun 29 07:54:18 EDT 2023
[info] 	delivering ivy file to /Users/yixing/Desktop/scala_explicit_unsafe/scala_flexible_type_with_test_script/out/bootstrap/scala3-library-bootstrappedJS/scala-3.3.1-RC1-bin-SNAPSHOT-nonbootstrapped/ivy-3.3.1-RC1-bin-SNAPSHOT.xml
[info] 	published scala3-library_sjs1_3 to /Users/yixing/.ivy2/local/org.scala-lang/scala3-library_sjs1_3/3.3.1-RC1-bin-SNAPSHOT/poms/scala3-library_sjs1_3.pom
[info] 	published scala3-library_sjs1_3 to /Users/yixing/.ivy2/local/org.scala-lang/scala3-library_sjs1_3/3.3.1-RC1-bin-SNAPSHOT/jars/scala3-library_sjs1_3.jar
[info] 	published scala3-library_sjs1_3 to /Users/yixing/.ivy2/local/org.scala-lang/scala3-library_sjs1_3/3.3.1-RC1-bin-SNAPSHOT/srcs/scala3-library_sjs1_3-sources.jar
[info] 	published scala3-library_sjs1_3 to /Users/yixing/.ivy2/local/org.scala-lang/scala3-library_sjs1_3/3.3.1-RC1-bin-SNAPSHOT/docs/scala3-library_sjs1_3-javadoc.jar
[info] 	published ivy to /Users/yixing/.ivy2/local/org.scala-lang/scala3-library_sjs1_3/3.3.1-RC1-bin-SNAPSHOT/ivys/ivy.xml
[info] Test run dotty.communitybuild.CommunityBuildTestA started
[info] Test run dotty.communitybuild.CommunityBuildTestA finished: 0 failed, 0 ignored, 0 total, 0.001s
[info] Test run dotty.communitybuild.CommunityBuildTestC started
[info] Test dotty.communitybuild.CommunityBuildTestC.onnxScala started
[32m[STARTING onnx-scala][0m
[32mPublishing scala-xml[0m
[32msbt -sbt-version 1.8.0 -Dsbt.supershell=false -Ddotty.communitybuild.dir=/Users/yixing/Desktop/scala_explicit_unsafe/scala_flexible_type_with_test_script/community-build --addPluginSbtFile=/Users/yixing/Desktop/scala_explicit_unsafe/scala_flexible_type_with_test_script/community-build/sbt-injected-plugins clean; set Global/logLevel := Level.Error; set Global/updateOptions ~= (_.withLatestSnapshots(false)); set Global/scalacOptions ++= List("-Xcheck-macros","-Ysafe-init","-Yexplicit-nulls","-language:unsafeNulls");++3.3.1-RC1-bin-SNAPSHOT!; xml/publishLocal[0m
[info] welcome to sbt 1.8.0 (AdoptOpenJDK Java 1.8.0_292)
[info] loading global plugins from /Users/yixing/.sbt/1.0/plugins
[info] loading settings for project scala-xml-build from plugins.sbt,sbt-injected-plugins ...
[info] loading project definition from /Users/yixing/Desktop/scala_explicit_unsafe/scala_flexible_type_with_test_script/community-build/community-projects/scala-xml/project
[info] loading settings for project scala-xml from build.sbt ...
SLF4J: No SLF4J providers were found.
SLF4J: Defaulting to no-operation (NOP) logger implementation
SLF4J: See https://www.slf4j.org/codes.html#noProviders for further details.
SLF4J: Class path contains SLF4J bindings targeting slf4j-api versions 1.7.x or earlier.
SLF4J: Ignoring binding found at [jar:file:/Users/yixing/.sbt/boot/scala-2.12.17/org.scala-sbt/sbt/1.8.0/log4j-slf4j-impl-2.17.1.jar!/org/slf4j/impl/StaticLoggerBinder.class]
SLF4J: See https://www.slf4j.org/codes.html#ignoredBindings for an explanation.
[info] set current project to scala-xml (in build file:/Users/yixing/Desktop/scala_explicit_unsafe/scala_flexible_type_with_test_script/community-build/community-projects/scala-xml/)
[success] Total time: 0 s, completed Jun 29, 2023 7:54:34 AM
[info] Defining Global / logLevel
[info] The new value will be used by Test / test / testListeners, Test / testOnly / testListeners and 29 others.
[info] 	Run `last` for details.
[info] Reapplying settings...
[info] set current project to scala-xml (in build file:/Users/yixing/Desktop/scala_explicit_unsafe/scala_flexible_type_with_test_script/community-build/community-projects/scala-xml/)
[info] Defining Global / updateOptions
[info] The new value will be used by dependencyTreeIgnoreMissingUpdate / updateOptions, ivyConfiguration and 9 others.
[info] 	Run `last` for details.
[info] Reapplying settings...
[info] set current project to scala-xml (in build file:/Users/yixing/Desktop/scala_explicit_unsafe/scala_flexible_type_with_test_script/community-build/community-projects/scala-xml/)
[info] Defining Global / scalacOptions
[info] The new value will be used by Compile / scalacOptions, xml / scalacOptions and 1 others.
[info] 	Run `last` for details.
[info] Reapplying settings...
[info] set current project to scala-xml (in build file:/Users/yixing/Desktop/scala_explicit_unsafe/scala_flexible_type_with_test_script/community-build/community-projects/scala-xml/)
[info] Forcing Scala version to 3.3.1-RC1-bin-SNAPSHOT on all projects.
[info] Reapplying settings...
[info] Loading dependency tracking file /Users/yixing/Desktop/scala_explicit_unsafe/scala_flexible_type_with_test_script/community-build/dotty-community-build-deps
[info] Dependency tracking file /Users/yixing/Desktop/scala_explicit_unsafe/scala_flexible_type_with_test_script/community-build/dotty-community-build-deps does not exist
[info] set current project to scala-xml (in build file:/Users/yixing/Desktop/scala_explicit_unsafe/scala_flexible_type_with_test_script/community-build/community-projects/scala-xml/)
[success] Total time: 30 s, completed Jun 29, 2023 7:55:07 AM
[32mPublishing scalatest[0m
[32msbt -sbt-version 1.8.0 -Dsbt.supershell=false -Ddotty.communitybuild.dir=/Users/yixing/Desktop/scala_explicit_unsafe/scala_flexible_type_with_test_script/community-build --addPluginSbtFile=/Users/yixing/Desktop/scala_explicit_unsafe/scala_flexible_type_with_test_script/community-build/sbt-injected-plugins clean; set Global/logLevel := Level.Error; set Global/updateOptions ~= (_.withLatestSnapshots(false)); set Global/scalacOptions ++= List("-Xcheck-macros","-Ysafe-init","-Yexplicit-nulls","-language:unsafeNulls");++3.3.1-RC1-bin-SNAPSHOT!; scalacticDotty/publishLocal; scalatestDotty/publishLocal; scalacticDottyJS/publishLocal; scalatestDottyJS/publishLocal[0m
[info] welcome to sbt 1.8.0 (AdoptOpenJDK Java 1.8.0_292)
[info] loading global plugins from /Users/yixing/.sbt/1.0/plugins
[info] loading settings for project scalatest-build from build.sbt,plugins.sbt,sbt-injected-plugins ...
[info] loading project definition from /Users/yixing/Desktop/scala_explicit_unsafe/scala_flexible_type_with_test_script/community-build/community-projects/scalatest/project
[info] compiling 51 Scala sources to /Users/yixing/Desktop/scala_explicit_unsafe/scala_flexible_type_with_test_script/community-build/community-projects/scalatest/project/target/scala-2.12/sbt-1.0/classes ...
[warn] /Users/yixing/Desktop/scala_explicit_unsafe/scala_flexible_type_with_test_script/community-build/community-projects/scalatest/project/BuildCommons.scala:149:9: method in in trait ScopingSetting is deprecated (since 1.5.0): `in` is deprecated; migrate to slash syntax - https://www.scala-sbt.org/1.x/docs/Migrating-from-sbt-013x.html#slash
[warn]     doc in Compile := docTask((doc in Compile).value,
[warn]         ^
[warn] /Users/yixing/Desktop/scala_explicit_unsafe/scala_flexible_type_with_test_script/community-build/community-projects/scalatest/project/BuildCommons.scala:150:48: method in in trait ScopingSetting is deprecated (since 1.5.0): `in` is deprecated; migrate to slash syntax - https://www.scala-sbt.org/1.x/docs/Migrating-from-sbt-013x.html#slash
[warn]                               (sourceDirectory in Compile).value,
[warn]                                                ^
[warn] /Users/yixing/Desktop/scala_explicit_unsafe/scala_flexible_type_with_test_script/community-build/community-projects/scalatest/project/BuildCommons.scala:149:36: method in in trait ScopingSetting is deprecated (since 1.5.0): `in` is deprecated; migrate to slash syntax - https://www.scala-sbt.org/1.x/docs/Migrating-from-sbt-013x.html#slash
[warn]     doc in Compile := docTask((doc in Compile).value,
[warn]                                    ^
[warn] /Users/yixing/Desktop/scala_explicit_unsafe/scala_flexible_type_with_test_script/community-build/community-projects/scalatest/project/BuildCommons.scala:259:12: method in in trait ScopingSetting is deprecated (since 1.5.0): `in` is deprecated; migrate to slash syntax - https://www.scala-sbt.org/1.x/docs/Migrating-from-sbt-013x.html#slash
[warn]       fork in test := false,
[warn]            ^
[warn] /Users/yixing/Desktop/scala_explicit_unsafe/scala_flexible_type_with_test_script/community-build/community-projects/scalatest/project/BuildCommons.scala:260:23: method in in trait ScopingSetting is deprecated (since 1.5.0): `in` is deprecated; migrate to slash syntax - https://www.scala-sbt.org/1.x/docs/Migrating-from-sbt-013x.html#slash
[warn]       nativeLinkStubs in Test := true,
[warn]                       ^
[warn] /Users/yixing/Desktop/scala_explicit_unsafe/scala_flexible_type_with_test_script/community-build/community-projects/scalatest/project/BuildCommons.scala:261:18: method in in trait ScopingSetting is deprecated (since 1.5.0): `in` is deprecated; migrate to slash syntax - https://www.scala-sbt.org/1.x/docs/Migrating-from-sbt-013x.html#slash
[warn]       nativeDump in Test := false, 
[warn]                  ^
[warn] /Users/yixing/Desktop/scala_explicit_unsafe/scala_flexible_type_with_test_script/community-build/community-projects/scalatest/project/BuildCommons.scala:262:19: method in in trait ScopingSetting is deprecated (since 1.5.0): `in` is deprecated; migrate to slash syntax - https://www.scala-sbt.org/1.x/docs/Migrating-from-sbt-013x.html#slash
[warn]       testOptions in Test := scalatestTestJSNativeOptions,
[warn]                   ^
[warn] /Users/yixing/Desktop/scala_explicit_unsafe/scala_flexible_type_with_test_script/community-build/community-projects/scalatest/project/DottyBuild.scala:29:14: method in in trait ScopingSetting is deprecated (since 1.5.0): `in` is deprecated; migrate to slash syntax - https://www.scala-sbt.org/1.x/docs/Migrating-from-sbt-013x.html#slash
[warn]     mappings in (Compile, packageSrc) ++= { // publish generated sources
[warn]              ^
[warn] /Users/yixing/Desktop/scala_explicit_unsafe/scala_flexible_type_with_test_script/community-build/community-projects/scalatest/project/DottyBuild.scala:31:45: method in in trait ScopingSetting is deprecated (since 1.5.0): `in` is deprecated; migrate to slash syntax - https://www.scala-sbt.org/1.x/docs/Migrating-from-sbt-013x.html#slash
[warn]       val sdirs = (managedSourceDirectories in Compile).value
[warn]                                             ^
[warn] /Users/yixing/Desktop/scala_explicit_unsafe/scala_flexible_type_with_test_script/community-build/community-projects/scalatest/project/DottyBuild.scala:30:34: method in in trait ScopingSetting is deprecated (since 1.5.0): `in` is deprecated; migrate to slash syntax - https://www.scala-sbt.org/1.x/docs/Migrating-from-sbt-013x.html#slash
[warn]       val srcs = (managedSources in Compile).value
[warn]                                  ^
[warn] /Users/yixing/Desktop/scala_explicit_unsafe/scala_flexible_type_with_test_script/community-build/community-projects/scalatest/project/DottyBuild.scala:46:23: method in in trait ScopingSetting is deprecated (since 1.5.0): `in` is deprecated; migrate to slash syntax - https://www.scala-sbt.org/1.x/docs/Migrating-from-sbt-013x.html#slash
[warn]       initialCommands in console := "import org.scalactic._",
[warn]                       ^
[warn] /Users/yixing/Desktop/scala_explicit_unsafe/scala_flexible_type_with_test_script/community-build/community-projects/scalatest/project/DottyBuild.scala:48:24: method in in trait ScopingSetting is deprecated (since 1.5.0): `in` is deprecated; migrate to slash syntax - https://www.scala-sbt.org/1.x/docs/Migrating-from-sbt-013x.html#slash
[warn]       sourceGenerators in Compile += {
[warn]                        ^
[warn] /Users/yixing/Desktop/scala_explicit_unsafe/scala_flexible_type_with_test_script/community-build/community-projects/scalatest/project/DottyBuild.scala:60:49: method in in trait ScopingSetting is deprecated (since 1.5.0): `in` is deprecated; migrate to slash syntax - https://www.scala-sbt.org/1.x/docs/Migrating-from-sbt-013x.html#slash
[warn]           GenArrayHelper.genMain((sourceManaged in Compile).value / "org" / "scalactic", version.value, scalaVersion.value)
[warn]                                                 ^
[warn] /Users/yixing/Desktop/scala_explicit_unsafe/scala_flexible_type_with_test_script/community-build/community-projects/scalatest/project/DottyBuild.scala:59:70: method in in trait ScopingSetting is deprecated (since 1.5.0): `in` is deprecated; migrate to slash syntax - https://www.scala-sbt.org/1.x/docs/Migrating-from-sbt-013x.html#slash
[warn]           ScalacticGenResourcesJVM.genFailureMessages((sourceManaged in Compile).value / "org" / "scalactic", version.value, scalaVersion.value) ++
[warn]                                                                      ^
[warn] /Users/yixing/Desktop/scala_explicit_unsafe/scala_flexible_type_with_test_script/community-build/community-projects/scalatest/project/DottyBuild.scala:58:59: method in in trait ScopingSetting is deprecated (since 1.5.0): `in` is deprecated; migrate to slash syntax - https://www.scala-sbt.org/1.x/docs/Migrating-from-sbt-013x.html#slash
[warn]           GenVersions.genScalacticVersions((sourceManaged in Compile).value / "org" / "scalactic", version.value, scalaVersion.value) ++
[warn]                                                           ^
[warn] /Users/yixing/Desktop/scala_explicit_unsafe/scala_flexible_type_with_test_script/community-build/community-projects/scalatest/project/DottyBuild.scala:57:53: method in in trait ScopingSetting is deprecated (since 1.5.0): `in` is deprecated; migrate to slash syntax - https://www.scala-sbt.org/1.x/docs/Migrating-from-sbt-013x.html#slash
[warn]           GenScalacticDotty.genScala((sourceManaged in Compile).value, version.value, scalaVersion.value) ++
[warn]                                                     ^
[warn] /Users/yixing/Desktop/scala_explicit_unsafe/scala_flexible_type_with_test_script/community-build/community-projects/scalatest/project/DottyBuild.scala:55:53: method in in trait ScopingSetting is deprecated (since 1.5.0): `in` is deprecated; migrate to slash syntax - https://www.scala-sbt.org/1.x/docs/Migrating-from-sbt-013x.html#slash
[warn]           GenColCompatHelper.genMain((sourceManaged in Compile).value / "org" / "scalactic", version.value, scalaVersion.value) ++
[warn]                                                     ^
[warn] /Users/yixing/Desktop/scala_explicit_unsafe/scala_flexible_type_with_test_script/community-build/community-projects/scalatest/project/DottyBuild.scala:54:43: method in in trait ScopingSetting is deprecated (since 1.5.0): `in` is deprecated; migrate to slash syntax - https://www.scala-sbt.org/1.x/docs/Migrating-from-sbt-013x.html#slash
[warn]           GenEvery.genMain((sourceManaged in Compile).value / "org" / "scalactic", version.value, scalaVersion.value) ++
[warn]                                           ^
[warn] /Users/yixing/Desktop/scala_explicit_unsafe/scala_flexible_type_with_test_script/community-build/community-projects/scalatest/project/DottyBuild.scala:53:45: method in in trait ScopingSetting is deprecated (since 1.5.0): `in` is deprecated; migrate to slash syntax - https://www.scala-sbt.org/1.x/docs/Migrating-from-sbt-013x.html#slash
[warn]           GenAnyVals.genMain((sourceManaged in Compile).value / "org" / "scalactic" / "anyvals", version.value, scalaVersion.value, true) ++
[warn]                                             ^
[warn] /Users/yixing/Desktop/scala_explicit_unsafe/scala_flexible_type_with_test_script/community-build/community-projects/scalatest/project/DottyBuild.scala:52:64: method in in trait ScopingSetting is deprecated (since 1.5.0): `in` is deprecated; migrate to slash syntax - https://www.scala-sbt.org/1.x/docs/Migrating-from-sbt-013x.html#slash
[warn]           ScalacticGenResourcesJVM.genResources((sourceManaged in Compile).value / "org" / "scalactic", version.value, scalaVersion.value) ++
[warn]                                                                ^
[warn] /Users/yixing/Desktop/scala_explicit_unsafe/scala_flexible_type_with_test_script/community-build/community-projects/scalatest/project/DottyBuild.scala:51:58: method in in trait ScopingSetting is deprecated (since 1.5.0): `in` is deprecated; migrate to slash syntax - https://www.scala-sbt.org/1.x/docs/Migrating-from-sbt-013x.html#slash
[warn]           GenScalacticDotty.genMacroScala((sourceManaged in Compile).value, version.value, scalaVersion.value) ++
[warn]                                                          ^
[warn] /Users/yixing/Desktop/scala_explicit_unsafe/scala_flexible_type_with_test_script/community-build/community-projects/scalatest/project/DottyBuild.scala:63:26: method in in trait ScopingSetting is deprecated (since 1.5.0): `in` is deprecated; migrate to slash syntax - https://www.scala-sbt.org/1.x/docs/Migrating-from-sbt-013x.html#slash
[warn]       resourceGenerators in Compile += Def.task {
[warn]                          ^
[warn] /Users/yixing/Desktop/scala_explicit_unsafe/scala_flexible_type_with_test_script/community-build/community-projects/scalatest/project/DottyBuild.scala:64:56: method in in trait ScopingSetting is deprecated (since 1.5.0): `in` is deprecated; migrate to slash syntax - https://www.scala-sbt.org/1.x/docs/Migrating-from-sbt-013x.html#slash
[warn]         GenScalacticDotty.genResource((resourceManaged in Compile).value)
[warn]                                                        ^
[warn] /Users/yixing/Desktop/scala_explicit_unsafe/scala_flexible_type_with_test_script/community-build/community-projects/scalatest/project/DottyBuild.scala:68:23: method in in trait ScopingSetting is deprecated (since 1.5.0): `in` is deprecated; migrate to slash syntax - https://www.scala-sbt.org/1.x/docs/Migrating-from-sbt-013x.html#slash
[warn]       publishArtifact in (Compile, packageDoc) := false, // Temporary disable publishing of doc, can't get it to build.
[warn]                       ^
[warn] /Users/yixing/Desktop/scala_explicit_unsafe/scala_flexible_type_with_test_script/community-build/community-projects/scalatest/project/DottyBuild.scala:70:48: method in in trait ScopingSetting is deprecated (since 1.5.0): `in` is deprecated; migrate to slash syntax - https://www.scala-sbt.org/1.x/docs/Migrating-from-sbt-013x.html#slash
[warn]       mimaCurrentClassfiles := (classDirectory in Compile).value.getParentFile / (name.value + "_" + scalaBinaryVersion.value + "-" + releaseVersion + ".jar")
[warn]                                                ^
[warn] /Users/yixing/Desktop/scala_explicit_unsafe/scala_flexible_type_with_test_script/community-build/community-projects/scalatest/project/DottyBuild.scala:103:23: method in in trait ScopingSetting is deprecated (since 1.5.0): `in` is deprecated; migrate to slash syntax - https://www.scala-sbt.org/1.x/docs/Migrating-from-sbt-013x.html#slash
[warn]       initialCommands in console := "import org.scalactic._",
[warn]                       ^
[warn] /Users/yixing/Desktop/scala_explicit_unsafe/scala_flexible_type_with_test_script/community-build/community-projects/scalatest/project/DottyBuild.scala:105:24: method in in trait ScopingSetting is deprecated (since 1.5.0): `in` is deprecated; migrate to slash syntax - https://www.scala-sbt.org/1.x/docs/Migrating-from-sbt-013x.html#slash
[warn]       sourceGenerators in Compile += {
[warn]                        ^
[warn] /Users/yixing/Desktop/scala_explicit_unsafe/scala_flexible_type_with_test_script/community-build/community-projects/scalatest/project/DottyBuild.scala:117:49: method in in trait ScopingSetting is deprecated (since 1.5.0): `in` is deprecated; migrate to slash syntax - https://www.scala-sbt.org/1.x/docs/Migrating-from-sbt-013x.html#slash
[warn]           GenArrayHelper.genMain((sourceManaged in Compile).value / "org" / "scalactic", version.value, scalaVersion.value)
[warn]                                                 ^
[warn] /Users/yixing/Desktop/scala_explicit_unsafe/scala_flexible_type_with_test_script/community-build/community-projects/scalatest/project/DottyBuild.scala:116:71: method in in trait ScopingSetting is deprecated (since 1.5.0): `in` is deprecated; migrate to slash syntax - https://www.scala-sbt.org/1.x/docs/Migrating-from-sbt-013x.html#slash
[warn]           ScalacticGenResourcesJSVM.genFailureMessages((sourceManaged in Compile).value / "org" / "scalactic", version.value, scalaVersion.value) ++
[warn]                                                                       ^
[warn] /Users/yixing/Desktop/scala_explicit_unsafe/scala_flexible_type_with_test_script/community-build/community-projects/scalatest/project/DottyBuild.scala:115:59: method in in trait ScopingSetting is deprecated (since 1.5.0): `in` is deprecated; migrate to slash syntax - https://www.scala-sbt.org/1.x/docs/Migrating-from-sbt-013x.html#slash
[warn]           GenVersions.genScalacticVersions((sourceManaged in Compile).value / "org" / "scalactic", version.value, scalaVersion.value) ++
[warn]                                                           ^
[warn] /Users/yixing/Desktop/scala_explicit_unsafe/scala_flexible_type_with_test_script/community-build/community-projects/scalatest/project/DottyBuild.scala:114:55: method in in trait ScopingSetting is deprecated (since 1.5.0): `in` is deprecated; migrate to slash syntax - https://www.scala-sbt.org/1.x/docs/Migrating-from-sbt-013x.html#slash
[warn]           GenScalacticDotty.genScalaJS((sourceManaged in Compile).value, version.value, scalaVersion.value) ++
[warn]                                                       ^
[warn] /Users/yixing/Desktop/scala_explicit_unsafe/scala_flexible_type_with_test_script/community-build/community-projects/scalatest/project/DottyBuild.scala:112:53: method in in trait ScopingSetting is deprecated (since 1.5.0): `in` is deprecated; migrate to slash syntax - https://www.scala-sbt.org/1.x/docs/Migrating-from-sbt-013x.html#slash
[warn]           GenColCompatHelper.genMain((sourceManaged in Compile).value / "org" / "scalactic", version.value, scalaVersion.value) ++
[warn]                                                     ^
[warn] /Users/yixing/Desktop/scala_explicit_unsafe/scala_flexible_type_with_test_script/community-build/community-projects/scalatest/project/DottyBuild.scala:111:43: method in in trait ScopingSetting is deprecated (since 1.5.0): `in` is deprecated; migrate to slash syntax - https://www.scala-sbt.org/1.x/docs/Migrating-from-sbt-013x.html#slash
[warn]           GenEvery.genMain((sourceManaged in Compile).value / "org" / "scalactic", version.value, scalaVersion.value) ++
[warn]                                           ^
[warn] /Users/yixing/Desktop/scala_explicit_unsafe/scala_flexible_type_with_test_script/community-build/community-projects/scalatest/project/DottyBuild.scala:110:45: method in in trait ScopingSetting is deprecated (since 1.5.0): `in` is deprecated; migrate to slash syntax - https://www.scala-sbt.org/1.x/docs/Migrating-from-sbt-013x.html#slash
[warn]           GenAnyVals.genMain((sourceManaged in Compile).value / "org" / "scalactic" / "anyvals", version.value, scalaVersion.value, true) ++
[warn]                                             ^
[warn] /Users/yixing/Desktop/scala_explicit_unsafe/scala_flexible_type_with_test_script/community-build/community-projects/scalatest/project/DottyBuild.scala:109:65: method in in trait ScopingSetting is deprecated (since 1.5.0): `in` is deprecated; migrate to slash syntax - https://www.scala-sbt.org/1.x/docs/Migrating-from-sbt-013x.html#slash
[warn]           ScalacticGenResourcesJSVM.genResources((sourceManaged in Compile).value / "org" / "scalactic", version.value, scalaVersion.value) ++
[warn]                                                                 ^
[warn] /Users/yixing/Desktop/scala_explicit_unsafe/scala_flexible_type_with_test_script/community-build/community-projects/scalatest/project/DottyBuild.scala:108:58: method in in trait ScopingSetting is deprecated (since 1.5.0): `in` is deprecated; migrate to slash syntax - https://www.scala-sbt.org/1.x/docs/Migrating-from-sbt-013x.html#slash
[warn]           GenScalacticDotty.genMacroScala((sourceManaged in Compile).value, version.value, scalaVersion.value) ++
[warn]                                                          ^
[warn] /Users/yixing/Desktop/scala_explicit_unsafe/scala_flexible_type_with_test_script/community-build/community-projects/scalatest/project/DottyBuild.scala:120:26: method in in trait ScopingSetting is deprecated (since 1.5.0): `in` is deprecated; migrate to slash syntax - https://www.scala-sbt.org/1.x/docs/Migrating-from-sbt-013x.html#slash
[warn]       resourceGenerators in Compile += Def.task {
[warn]                          ^
[warn] /Users/yixing/Desktop/scala_explicit_unsafe/scala_flexible_type_with_test_script/community-build/community-projects/scalatest/project/DottyBuild.scala:121:56: method in in trait ScopingSetting is deprecated (since 1.5.0): `in` is deprecated; migrate to slash syntax - https://www.scala-sbt.org/1.x/docs/Migrating-from-sbt-013x.html#slash
[warn]         GenScalacticDotty.genResource((resourceManaged in Compile).value)
[warn]                                                        ^
[warn] /Users/yixing/Desktop/scala_explicit_unsafe/scala_flexible_type_with_test_script/community-build/community-projects/scalatest/project/DottyBuild.scala:125:23: method in in trait ScopingSetting is deprecated (since 1.5.0): `in` is deprecated; migrate to slash syntax - https://www.scala-sbt.org/1.x/docs/Migrating-from-sbt-013x.html#slash
[warn]       publishArtifact in (Compile, packageDoc) := false, // Temporary disable publishing of doc, can't get it to build.
[warn]                       ^
[warn] /Users/yixing/Desktop/scala_explicit_unsafe/scala_flexible_type_with_test_script/community-build/community-projects/scalatest/project/DottyBuild.scala:127:48: method in in trait ScopingSetting is deprecated (since 1.5.0): `in` is deprecated; migrate to slash syntax - https://www.scala-sbt.org/1.x/docs/Migrating-from-sbt-013x.html#slash
[warn]       mimaCurrentClassfiles := (classDirectory in Compile).value.getParentFile / (name.value + "_" + scalaBinaryVersion.value + "-" + releaseVersion + ".jar")
[warn]                                                ^
[warn] /Users/yixing/Desktop/scala_explicit_unsafe/scala_flexible_type_with_test_script/community-build/community-projects/scalatest/project/DottyBuild.scala:160:23: method in in trait ScopingSetting is deprecated (since 1.5.0): `in` is deprecated; migrate to slash syntax - https://www.scala-sbt.org/1.x/docs/Migrating-from-sbt-013x.html#slash
[warn]       initialCommands in console := "import org.scalactic._",
[warn]                       ^
[warn] /Users/yixing/Desktop/scala_explicit_unsafe/scala_flexible_type_with_test_script/community-build/community-projects/scalatest/project/DottyBuild.scala:162:24: method in in trait ScopingSetting is deprecated (since 1.5.0): `in` is deprecated; migrate to slash syntax - https://www.scala-sbt.org/1.x/docs/Migrating-from-sbt-013x.html#slash
[warn]       sourceGenerators in Compile += {
[warn]                        ^
[warn] /Users/yixing/Desktop/scala_explicit_unsafe/scala_flexible_type_with_test_script/community-build/community-projects/scalatest/project/DottyBuild.scala:174:49: method in in trait ScopingSetting is deprecated (since 1.5.0): `in` is deprecated; migrate to slash syntax - https://www.scala-sbt.org/1.x/docs/Migrating-from-sbt-013x.html#slash
[warn]           GenArrayHelper.genMain((sourceManaged in Compile).value / "org" / "scalactic", version.value, scalaVersion.value)
[warn]                                                 ^
[warn] /Users/yixing/Desktop/scala_explicit_unsafe/scala_flexible_type_with_test_script/community-build/community-projects/scalatest/project/DottyBuild.scala:173:71: method in in trait ScopingSetting is deprecated (since 1.5.0): `in` is deprecated; migrate to slash syntax - https://www.scala-sbt.org/1.x/docs/Migrating-from-sbt-013x.html#slash
[warn]           ScalacticGenResourcesJSVM.genFailureMessages((sourceManaged in Compile).value / "org" / "scalactic", version.value, scalaVersion.value) ++
[warn]                                                                       ^
[warn] /Users/yixing/Desktop/scala_explicit_unsafe/scala_flexible_type_with_test_script/community-build/community-projects/scalatest/project/DottyBuild.scala:172:59: method in in trait ScopingSetting is deprecated (since 1.5.0): `in` is deprecated; migrate to slash syntax - https://www.scala-sbt.org/1.x/docs/Migrating-from-sbt-013x.html#slash
[warn]           GenVersions.genScalacticVersions((sourceManaged in Compile).value / "org" / "scalactic", version.value, scalaVersion.value) ++
[warn]                                                           ^
[warn] /Users/yixing/Desktop/scala_explicit_unsafe/scala_flexible_type_with_test_script/community-build/community-projects/scalatest/project/DottyBuild.scala:171:59: method in in trait ScopingSetting is deprecated (since 1.5.0): `in` is deprecated; migrate to slash syntax - https://www.scala-sbt.org/1.x/docs/Migrating-from-sbt-013x.html#slash
[warn]           GenScalacticDotty.genScalaNative((sourceManaged in Compile).value, version.value, scalaVersion.value) ++ 
[warn]                                                           ^
[warn] /Users/yixing/Desktop/scala_explicit_unsafe/scala_flexible_type_with_test_script/community-build/community-projects/scalatest/project/DottyBuild.scala:169:53: method in in trait ScopingSetting is deprecated (since 1.5.0): `in` is deprecated; migrate to slash syntax - https://www.scala-sbt.org/1.x/docs/Migrating-from-sbt-013x.html#slash
[warn]           GenColCompatHelper.genMain((sourceManaged in Compile).value / "org" / "scalactic", version.value, scalaVersion.value) ++
[warn]                                                     ^
[warn] /Users/yixing/Desktop/scala_explicit_unsafe/scala_flexible_type_with_test_script/community-build/community-projects/scalatest/project/DottyBuild.scala:168:43: method in in trait ScopingSetting is deprecated (since 1.5.0): `in` is deprecated; migrate to slash syntax - https://www.scala-sbt.org/1.x/docs/Migrating-from-sbt-013x.html#slash
[warn]           GenEvery.genMain((sourceManaged in Compile).value / "org" / "scalactic", version.value, scalaVersion.value) ++
[warn]                                           ^
[warn] /Users/yixing/Desktop/scala_explicit_unsafe/scala_flexible_type_with_test_script/community-build/community-projects/scalatest/project/DottyBuild.scala:167:45: method in in trait ScopingSetting is deprecated (since 1.5.0): `in` is deprecated; migrate to slash syntax - https://www.scala-sbt.org/1.x/docs/Migrating-from-sbt-013x.html#slash
[warn]           GenAnyVals.genMain((sourceManaged in Compile).value / "org" / "scalactic" / "anyvals", version.value, scalaVersion.value, true) ++
[warn]                                             ^
[warn] /Users/yixing/Desktop/scala_explicit_unsafe/scala_flexible_type_with_test_script/community-build/community-projects/scalatest/project/DottyBuild.scala:166:65: method in in trait ScopingSetting is deprecated (since 1.5.0): `in` is deprecated; migrate to slash syntax - https://www.scala-sbt.org/1.x/docs/Migrating-from-sbt-013x.html#slash
[warn]           ScalacticGenResourcesJSVM.genResources((sourceManaged in Compile).value / "org" / "scalactic", version.value, scalaVersion.value) ++
[warn]                                                                 ^
[warn] /Users/yixing/Desktop/scala_explicit_unsafe/scala_flexible_type_with_test_script/community-build/community-projects/scalatest/project/DottyBuild.scala:165:58: method in in trait ScopingSetting is deprecated (since 1.5.0): `in` is deprecated; migrate to slash syntax - https://www.scala-sbt.org/1.x/docs/Migrating-from-sbt-013x.html#slash
[warn]           GenScalacticDotty.genMacroScala((sourceManaged in Compile).value, version.value, scalaVersion.value) ++
[warn]                                                          ^
[warn] /Users/yixing/Desktop/scala_explicit_unsafe/scala_flexible_type_with_test_script/community-build/community-projects/scalatest/project/DottyBuild.scala:177:26: method in in trait ScopingSetting is deprecated (since 1.5.0): `in` is deprecated; migrate to slash syntax - https://www.scala-sbt.org/1.x/docs/Migrating-from-sbt-013x.html#slash
[warn]       resourceGenerators in Compile += Def.task {
[warn]                          ^
[warn] /Users/yixing/Desktop/scala_explicit_unsafe/scala_flexible_type_with_test_script/community-build/community-projects/scalatest/project/DottyBuild.scala:178:56: method in in trait ScopingSetting is deprecated (since 1.5.0): `in` is deprecated; migrate to slash syntax - https://www.scala-sbt.org/1.x/docs/Migrating-from-sbt-013x.html#slash
[warn]         GenScalacticDotty.genResource((resourceManaged in Compile).value)
[warn]                                                        ^
[warn] /Users/yixing/Desktop/scala_explicit_unsafe/scala_flexible_type_with_test_script/community-build/community-projects/scalatest/project/DottyBuild.scala:182:23: method in in trait ScopingSetting is deprecated (since 1.5.0): `in` is deprecated; migrate to slash syntax - https://www.scala-sbt.org/1.x/docs/Migrating-from-sbt-013x.html#slash
[warn]       publishArtifact in (Compile, packageDoc) := false, // Temporary disable publishing of doc, can't get it to build.
[warn]                       ^
[warn] /Users/yixing/Desktop/scala_explicit_unsafe/scala_flexible_type_with_test_script/community-build/community-projects/scalatest/project/DottyBuild.scala:184:48: method in in trait ScopingSetting is deprecated (since 1.5.0): `in` is deprecated; migrate to slash syntax - https://www.scala-sbt.org/1.x/docs/Migrating-from-sbt-013x.html#slash
[warn]       mimaCurrentClassfiles := (classDirectory in Compile).value.getParentFile / (name.value + "_" + scalaBinaryVersion.value + "-" + releaseVersion + ".jar")
[warn]                                                ^
[warn] /Users/yixing/Desktop/scala_explicit_unsafe/scala_flexible_type_with_test_script/community-build/community-projects/scalatest/project/DottyBuild.scala:216:23: method in in trait ScopingSetting is deprecated (since 1.5.0): `in` is deprecated; migrate to slash syntax - https://www.scala-sbt.org/1.x/docs/Migrating-from-sbt-013x.html#slash
[warn]       initialCommands in console := """|import org.scalatest._
[warn]                       ^
[warn] /Users/yixing/Desktop/scala_explicit_unsafe/scala_flexible_type_with_test_script/community-build/community-projects/scalatest/project/DottyBuild.scala:222:24: method in in trait ScopingSetting is deprecated (since 1.5.0): `in` is deprecated; migrate to slash syntax - https://www.scala-sbt.org/1.x/docs/Migrating-from-sbt-013x.html#slash
[warn]       sourceGenerators in Compile += Def.task {
[warn]                        ^
[warn] /Users/yixing/Desktop/scala_explicit_unsafe/scala_flexible_type_with_test_script/community-build/community-projects/scalatest/project/DottyBuild.scala:227:45: method in in trait ScopingSetting is deprecated (since 1.5.0): `in` is deprecated; migrate to slash syntax - https://www.scala-sbt.org/1.x/docs/Migrating-from-sbt-013x.html#slash
[warn]         GenConfigMap.genMain((sourceManaged in Compile).value / "org" / "scalatest", version.value, scalaVersion.value)
[warn]                                             ^
[warn] /Users/yixing/Desktop/scala_explicit_unsafe/scala_flexible_type_with_test_script/community-build/community-projects/scalatest/project/DottyBuild.scala:226:68: method in in trait ScopingSetting is deprecated (since 1.5.0): `in` is deprecated; migrate to slash syntax - https://www.scala-sbt.org/1.x/docs/Migrating-from-sbt-013x.html#slash
[warn]         ScalaTestGenResourcesJVM.genFailureMessages((sourceManaged in Compile).value / "org" / "scalatest", version.value, scalaVersion.value)  ++
[warn]                                                                    ^
[warn] /Users/yixing/Desktop/scala_explicit_unsafe/scala_flexible_type_with_test_script/community-build/community-projects/scalatest/project/DottyBuild.scala:225:62: method in in trait ScopingSetting is deprecated (since 1.5.0): `in` is deprecated; migrate to slash syntax - https://www.scala-sbt.org/1.x/docs/Migrating-from-sbt-013x.html#slash
[warn]         ScalaTestGenResourcesJVM.genResources((sourceManaged in Compile).value / "org" / "scalatest", version.value, scalaVersion.value) ++
[warn]                                                              ^
[warn] /Users/yixing/Desktop/scala_explicit_unsafe/scala_flexible_type_with_test_script/community-build/community-projects/scalatest/project/DottyBuild.scala:224:57: method in in trait ScopingSetting is deprecated (since 1.5.0): `in` is deprecated; migrate to slash syntax - https://www.scala-sbt.org/1.x/docs/Migrating-from-sbt-013x.html#slash
[warn]         GenVersions.genScalaTestVersions((sourceManaged in Compile).value / "org" / "scalatest", version.value, scalaVersion.value) ++
[warn]                                                         ^
[warn] /Users/yixing/Desktop/scala_explicit_unsafe/scala_flexible_type_with_test_script/community-build/community-projects/scalatest/project/DottyBuild.scala:223:57: method in in trait ScopingSetting is deprecated (since 1.5.0): `in` is deprecated; migrate to slash syntax - https://www.scala-sbt.org/1.x/docs/Migrating-from-sbt-013x.html#slash
[warn]         GenModulesDotty.genScalaTestCore((sourceManaged in Compile).value, version.value, scalaVersion.value) ++
[warn]                                                         ^
[warn] /Users/yixing/Desktop/scala_explicit_unsafe/scala_flexible_type_with_test_script/community-build/community-projects/scalatest/project/DottyBuild.scala:230:32: method in in trait ScopingSetting is deprecated (since 1.5.0): `in` is deprecated; migrate to slash syntax - https://www.scala-sbt.org/1.x/docs/Migrating-from-sbt-013x.html#slash
[warn]       managedSourceDirectories in Compile += javaSourceManaged.value,
[warn]                                ^
[warn] /Users/yixing/Desktop/scala_explicit_unsafe/scala_flexible_type_with_test_script/community-build/community-projects/scalatest/project/DottyBuild.scala:231:24: method in in trait ScopingSetting is deprecated (since 1.5.0): `in` is deprecated; migrate to slash syntax - https://www.scala-sbt.org/1.x/docs/Migrating-from-sbt-013x.html#slash
[warn]       sourceGenerators in Compile += Def.task {
[warn]                        ^
[warn] /Users/yixing/Desktop/scala_explicit_unsafe/scala_flexible_type_with_test_script/community-build/community-projects/scalatest/project/DottyBuild.scala:232:54: method in in trait ScopingSetting is deprecated (since 1.5.0): `in` is deprecated; migrate to slash syntax - https://www.scala-sbt.org/1.x/docs/Migrating-from-sbt-013x.html#slash
[warn]         GenScalaTestDotty.genJava((javaSourceManaged in Compile).value, version.value, scalaVersion.value)
[warn]                                                      ^
[warn] /Users/yixing/Desktop/scala_explicit_unsafe/scala_flexible_type_with_test_script/community-build/community-projects/scalatest/project/DottyBuild.scala:234:26: method in in trait ScopingSetting is deprecated (since 1.5.0): `in` is deprecated; migrate to slash syntax - https://www.scala-sbt.org/1.x/docs/Migrating-from-sbt-013x.html#slash
[warn]       resourceGenerators in Compile += Def.task {
[warn]                          ^
[warn] /Users/yixing/Desktop/scala_explicit_unsafe/scala_flexible_type_with_test_script/community-build/community-projects/scalatest/project/DottyBuild.scala:235:54: method in in trait ScopingSetting is deprecated (since 1.5.0): `in` is deprecated; migrate to slash syntax - https://www.scala-sbt.org/1.x/docs/Migrating-from-sbt-013x.html#slash
[warn]           GenScalaTestDotty.genHtml((resourceManaged in Compile).value, version.value, scalaVersion.value)
[warn]                                                      ^
[warn] /Users/yixing/Desktop/scala_explicit_unsafe/scala_flexible_type_with_test_script/community-build/community-projects/scalatest/project/DottyBuild.scala:237:24: method in in trait ScopingSetting is deprecated (since 1.5.0): `in` is deprecated; migrate to slash syntax - https://www.scala-sbt.org/1.x/docs/Migrating-from-sbt-013x.html#slash
[warn]       sourceGenerators in Compile += Def.task {
[warn]                        ^
[warn] /Users/yixing/Desktop/scala_explicit_unsafe/scala_flexible_type_with_test_script/community-build/community-projects/scalatest/project/DottyBuild.scala:239:53: method in in trait ScopingSetting is deprecated (since 1.5.0): `in` is deprecated; migrate to slash syntax - https://www.scala-sbt.org/1.x/docs/Migrating-from-sbt-013x.html#slash
[warn]         GenCompatibleClasses.genMain((sourceManaged in Compile).value / "org" / "scalatest" / "tools", version.value, scalaVersion.value)
[warn]                                                     ^
[warn] /Users/yixing/Desktop/scala_explicit_unsafe/scala_flexible_type_with_test_script/community-build/community-projects/scalatest/project/DottyBuild.scala:238:41: method in in trait ScopingSetting is deprecated (since 1.5.0): `in` is deprecated; migrate to slash syntax - https://www.scala-sbt.org/1.x/docs/Migrating-from-sbt-013x.html#slash
[warn]         GenTable.genMain((sourceManaged in Compile).value / "org" / "scalatest", version.value, scalaVersion.value) ++
[warn]                                         ^
[warn] /Users/yixing/Desktop/scala_explicit_unsafe/scala_flexible_type_with_test_script/community-build/community-projects/scalatest/project/DottyBuild.scala:243:23: method in in trait ScopingSetting is deprecated (since 1.5.0): `in` is deprecated; migrate to slash syntax - https://www.scala-sbt.org/1.x/docs/Migrating-from-sbt-013x.html#slash
[warn]       publishArtifact in (Compile, packageDoc) := false, // Temporary disable publishing of doc, can't get it to build.
[warn]                       ^
[warn] /Users/yixing/Desktop/scala_explicit_unsafe/scala_flexible_type_with_test_script/community-build/community-projects/scalatest/project/DottyBuild.scala:245:48: method in in trait ScopingSetting is deprecated (since 1.5.0): `in` is deprecated; migrate to slash syntax - https://www.scala-sbt.org/1.x/docs/Migrating-from-sbt-013x.html#slash
[warn]       mimaCurrentClassfiles := (classDirectory in Compile).value.getParentFile / (name.value + "_" + scalaBinaryVersion.value + "-" + releaseVersion + ".jar"),
[warn]                                                ^
[warn] /Users/yixing/Desktop/scala_explicit_unsafe/scala_flexible_type_with_test_script/community-build/community-projects/scalatest/project/DottyBuild.scala:292:23: method in in trait ScopingSetting is deprecated (since 1.5.0): `in` is deprecated; migrate to slash syntax - https://www.scala-sbt.org/1.x/docs/Migrating-from-sbt-013x.html#slash
[warn]       initialCommands in console := """|import org.scalatest._
[warn]                       ^
[warn] /Users/yixing/Desktop/scala_explicit_unsafe/scala_flexible_type_with_test_script/community-build/community-projects/scalatest/project/DottyBuild.scala:298:24: method in in trait ScopingSetting is deprecated (since 1.5.0): `in` is deprecated; migrate to slash syntax - https://www.scala-sbt.org/1.x/docs/Migrating-from-sbt-013x.html#slash
[warn]       sourceGenerators in Compile += Def.task {
[warn]                        ^
[warn] /Users/yixing/Desktop/scala_explicit_unsafe/scala_flexible_type_with_test_script/community-build/community-projects/scalatest/project/DottyBuild.scala:304:45: method in in trait ScopingSetting is deprecated (since 1.5.0): `in` is deprecated; migrate to slash syntax - https://www.scala-sbt.org/1.x/docs/Migrating-from-sbt-013x.html#slash
[warn]         GenConfigMap.genMain((sourceManaged in Compile).value / "org" / "scalatest", version.value, scalaVersion.value)
[warn]                                             ^
[warn] /Users/yixing/Desktop/scala_explicit_unsafe/scala_flexible_type_with_test_script/community-build/community-projects/scalatest/project/DottyBuild.scala:303:69: method in in trait ScopingSetting is deprecated (since 1.5.0): `in` is deprecated; migrate to slash syntax - https://www.scala-sbt.org/1.x/docs/Migrating-from-sbt-013x.html#slash
[warn]         ScalaTestGenResourcesJSVM.genFailureMessages((sourceManaged in Compile).value / "org" / "scalatest", version.value, scalaVersion.value)  ++
[warn]                                                                     ^
[warn] /Users/yixing/Desktop/scala_explicit_unsafe/scala_flexible_type_with_test_script/community-build/community-projects/scalatest/project/DottyBuild.scala:302:63: method in in trait ScopingSetting is deprecated (since 1.5.0): `in` is deprecated; migrate to slash syntax - https://www.scala-sbt.org/1.x/docs/Migrating-from-sbt-013x.html#slash
[warn]         ScalaTestGenResourcesJSVM.genResources((sourceManaged in Compile).value / "org" / "scalatest", version.value, scalaVersion.value) ++
[warn]                                                               ^
[warn] /Users/yixing/Desktop/scala_explicit_unsafe/scala_flexible_type_with_test_script/community-build/community-projects/scalatest/project/DottyBuild.scala:301:57: method in in trait ScopingSetting is deprecated (since 1.5.0): `in` is deprecated; migrate to slash syntax - https://www.scala-sbt.org/1.x/docs/Migrating-from-sbt-013x.html#slash
[warn]         GenVersions.genScalaTestVersions((sourceManaged in Compile).value / "org" / "scalatest", version.value, scalaVersion.value) ++
[warn]                                                         ^
[warn] /Users/yixing/Desktop/scala_explicit_unsafe/scala_flexible_type_with_test_script/community-build/community-projects/scalatest/project/DottyBuild.scala:300:53: method in in trait ScopingSetting is deprecated (since 1.5.0): `in` is deprecated; migrate to slash syntax - https://www.scala-sbt.org/1.x/docs/Migrating-from-sbt-013x.html#slash
[warn]         GenScalaTestDotty.genScalaJS((sourceManaged in Compile).value, version.value, scalaVersion.value) ++
[warn]                                                     ^
[warn] /Users/yixing/Desktop/scala_explicit_unsafe/scala_flexible_type_with_test_script/community-build/community-projects/scalatest/project/DottyBuild.scala:299:59: method in in trait ScopingSetting is deprecated (since 1.5.0): `in` is deprecated; migrate to slash syntax - https://www.scala-sbt.org/1.x/docs/Migrating-from-sbt-013x.html#slash
[warn]         GenModulesDotty.genScalaTestCoreJS((sourceManaged in Compile).value, version.value, scalaVersion.value) ++
[warn]                                                           ^
[warn] /Users/yixing/Desktop/scala_explicit_unsafe/scala_flexible_type_with_test_script/community-build/community-projects/scalatest/project/DottyBuild.scala:307:32: method in in trait ScopingSetting is deprecated (since 1.5.0): `in` is deprecated; migrate to slash syntax - https://www.scala-sbt.org/1.x/docs/Migrating-from-sbt-013x.html#slash
[warn]       managedSourceDirectories in Compile += javaSourceManaged.value,
[warn]                                ^
[warn] /Users/yixing/Desktop/scala_explicit_unsafe/scala_flexible_type_with_test_script/community-build/community-projects/scalatest/project/DottyBuild.scala:308:24: method in in trait ScopingSetting is deprecated (since 1.5.0): `in` is deprecated; migrate to slash syntax - https://www.scala-sbt.org/1.x/docs/Migrating-from-sbt-013x.html#slash
[warn]       sourceGenerators in Compile += Def.task {
[warn]                        ^
[warn] /Users/yixing/Desktop/scala_explicit_unsafe/scala_flexible_type_with_test_script/community-build/community-projects/scalatest/project/DottyBuild.scala:309:54: method in in trait ScopingSetting is deprecated (since 1.5.0): `in` is deprecated; migrate to slash syntax - https://www.scala-sbt.org/1.x/docs/Migrating-from-sbt-013x.html#slash
[warn]         GenScalaTestDotty.genJava((javaSourceManaged in Compile).value, version.value, scalaVersion.value)
[warn]                                                      ^
[warn] /Users/yixing/Desktop/scala_explicit_unsafe/scala_flexible_type_with_test_script/community-build/community-projects/scalatest/project/DottyBuild.scala:311:26: method in in trait ScopingSetting is deprecated (since 1.5.0): `in` is deprecated; migrate to slash syntax - https://www.scala-sbt.org/1.x/docs/Migrating-from-sbt-013x.html#slash
[warn]       resourceGenerators in Compile += Def.task {
[warn]                          ^
[warn] /Users/yixing/Desktop/scala_explicit_unsafe/scala_flexible_type_with_test_script/community-build/community-projects/scalatest/project/DottyBuild.scala:312:54: method in in trait ScopingSetting is deprecated (since 1.5.0): `in` is deprecated; migrate to slash syntax - https://www.scala-sbt.org/1.x/docs/Migrating-from-sbt-013x.html#slash
[warn]           GenScalaTestDotty.genHtml((resourceManaged in Compile).value, version.value, scalaVersion.value)
[warn]                                                      ^
[warn] /Users/yixing/Desktop/scala_explicit_unsafe/scala_flexible_type_with_test_script/community-build/community-projects/scalatest/project/DottyBuild.scala:314:24: method in in trait ScopingSetting is deprecated (since 1.5.0): `in` is deprecated; migrate to slash syntax - https://www.scala-sbt.org/1.x/docs/Migrating-from-sbt-013x.html#slash
[warn]       sourceGenerators in Compile += Def.task {
[warn]                        ^
[warn] /Users/yixing/Desktop/scala_explicit_unsafe/scala_flexible_type_with_test_script/community-build/community-projects/scalatest/project/DottyBuild.scala:315:41: method in in trait ScopingSetting is deprecated (since 1.5.0): `in` is deprecated; migrate to slash syntax - https://www.scala-sbt.org/1.x/docs/Migrating-from-sbt-013x.html#slash
[warn]         GenTable.genMain((sourceManaged in Compile).value / "org" / "scalatest", version.value, scalaVersion.value)
[warn]                                         ^
[warn] /Users/yixing/Desktop/scala_explicit_unsafe/scala_flexible_type_with_test_script/community-build/community-projects/scalatest/project/DottyBuild.scala:319:23: method in in trait ScopingSetting is deprecated (since 1.5.0): `in` is deprecated; migrate to slash syntax - https://www.scala-sbt.org/1.x/docs/Migrating-from-sbt-013x.html#slash
[warn]       publishArtifact in (Compile, packageDoc) := false, // Temporary disable publishing of doc, can't get it to build.
[warn]                       ^
[warn] /Users/yixing/Desktop/scala_explicit_unsafe/scala_flexible_type_with_test_script/community-build/community-projects/scalatest/project/DottyBuild.scala:321:48: method in in trait ScopingSetting is deprecated (since 1.5.0): `in` is deprecated; migrate to slash syntax - https://www.scala-sbt.org/1.x/docs/Migrating-from-sbt-013x.html#slash
[warn]       mimaCurrentClassfiles := (classDirectory in Compile).value.getParentFile / (name.value + "_" + scalaBinaryVersion.value + "-" + releaseVersion + ".jar"),
[warn]                                                ^
[warn] /Users/yixing/Desktop/scala_explicit_unsafe/scala_flexible_type_with_test_script/community-build/community-projects/scalatest/project/DottyBuild.scala:369:23: method in in trait ScopingSetting is deprecated (since 1.5.0): `in` is deprecated; migrate to slash syntax - https://www.scala-sbt.org/1.x/docs/Migrating-from-sbt-013x.html#slash
[warn]       initialCommands in console := """|import org.scalatest._
[warn]                       ^
[warn] /Users/yixing/Desktop/scala_explicit_unsafe/scala_flexible_type_with_test_script/community-build/community-projects/scalatest/project/DottyBuild.scala:375:24: method in in trait ScopingSetting is deprecated (since 1.5.0): `in` is deprecated; migrate to slash syntax - https://www.scala-sbt.org/1.x/docs/Migrating-from-sbt-013x.html#slash
[warn]       sourceGenerators in Compile += Def.task {
[warn]                        ^
[warn] /Users/yixing/Desktop/scala_explicit_unsafe/scala_flexible_type_with_test_script/community-build/community-projects/scalatest/project/DottyBuild.scala:381:45: method in in trait ScopingSetting is deprecated (since 1.5.0): `in` is deprecated; migrate to slash syntax - https://www.scala-sbt.org/1.x/docs/Migrating-from-sbt-013x.html#slash
[warn]         GenConfigMap.genMain((sourceManaged in Compile).value / "org" / "scalatest", version.value, scalaVersion.value)
[warn]                                             ^
[warn] /Users/yixing/Desktop/scala_explicit_unsafe/scala_flexible_type_with_test_script/community-build/community-projects/scalatest/project/DottyBuild.scala:380:69: method in in trait ScopingSetting is deprecated (since 1.5.0): `in` is deprecated; migrate to slash syntax - https://www.scala-sbt.org/1.x/docs/Migrating-from-sbt-013x.html#slash
[warn]         ScalaTestGenResourcesJSVM.genFailureMessages((sourceManaged in Compile).value / "org" / "scalatest", version.value, scalaVersion.value)  ++
[warn]                                                                     ^
[warn] /Users/yixing/Desktop/scala_explicit_unsafe/scala_flexible_type_with_test_script/community-build/community-projects/scalatest/project/DottyBuild.scala:379:63: method in in trait ScopingSetting is deprecated (since 1.5.0): `in` is deprecated; migrate to slash syntax - https://www.scala-sbt.org/1.x/docs/Migrating-from-sbt-013x.html#slash
[warn]         ScalaTestGenResourcesJSVM.genResources((sourceManaged in Compile).value / "org" / "scalatest", version.value, scalaVersion.value) ++
[warn]                                                               ^
[warn] /Users/yixing/Desktop/scala_explicit_unsafe/scala_flexible_type_with_test_script/community-build/community-projects/scalatest/project/DottyBuild.scala:378:57: method in in trait ScopingSetting is deprecated (since 1.5.0): `in` is deprecated; migrate to slash syntax - https://www.scala-sbt.org/1.x/docs/Migrating-from-sbt-013x.html#slash
[warn]         GenVersions.genScalaTestVersions((sourceManaged in Compile).value / "org" / "scalatest", version.value, scalaVersion.value) ++
[warn]                                                         ^
[warn] /Users/yixing/Desktop/scala_explicit_unsafe/scala_flexible_type_with_test_script/community-build/community-projects/scalatest/project/DottyBuild.scala:377:57: method in in trait ScopingSetting is deprecated (since 1.5.0): `in` is deprecated; migrate to slash syntax - https://www.scala-sbt.org/1.x/docs/Migrating-from-sbt-013x.html#slash
[warn]         GenScalaTestDotty.genScalaNative((sourceManaged in Compile).value, version.value, scalaVersion.value) ++
[warn]                                                         ^
[warn] /Users/yixing/Desktop/scala_explicit_unsafe/scala_flexible_type_with_test_script/community-build/community-projects/scalatest/project/DottyBuild.scala:376:63: method in in trait ScopingSetting is deprecated (since 1.5.0): `in` is deprecated; migrate to slash syntax - https://www.scala-sbt.org/1.x/docs/Migrating-from-sbt-013x.html#slash
[warn]         GenModulesDotty.genScalaTestCoreNative((sourceManaged in Compile).value, version.value, scalaVersion.value) ++
[warn]                                                               ^
[warn] /Users/yixing/Desktop/scala_explicit_unsafe/scala_flexible_type_with_test_script/community-build/community-projects/scalatest/project/DottyBuild.scala:384:32: method in in trait ScopingSetting is deprecated (since 1.5.0): `in` is deprecated; migrate to slash syntax - https://www.scala-sbt.org/1.x/docs/Migrating-from-sbt-013x.html#slash
[warn]       managedSourceDirectories in Compile += javaSourceManaged.value,
[warn]                                ^
[warn] /Users/yixing/Desktop/scala_explicit_unsafe/scala_flexible_type_with_test_script/community-build/community-projects/scalatest/project/DottyBuild.scala:385:24: method in in trait ScopingSetting is deprecated (since 1.5.0): `in` is deprecated; migrate to slash syntax - https://www.scala-sbt.org/1.x/docs/Migrating-from-sbt-013x.html#slash
[warn]       sourceGenerators in Compile += Def.task {
[warn]                        ^
[warn] /Users/yixing/Desktop/scala_explicit_unsafe/scala_flexible_type_with_test_script/community-build/community-projects/scalatest/project/DottyBuild.scala:386:54: method in in trait ScopingSetting is deprecated (since 1.5.0): `in` is deprecated; migrate to slash syntax - https://www.scala-sbt.org/1.x/docs/Migrating-from-sbt-013x.html#slash
[warn]         GenScalaTestDotty.genJava((javaSourceManaged in Compile).value, version.value, scalaVersion.value)
[warn]                                                      ^
[warn] 100 warnings found
[info] done compiling
[info] loading settings for project root from build.sbt ...
[info] resolving key references (166064 settings) ...
[info] set current project to root (in build file:/Users/yixing/Desktop/scala_explicit_unsafe/scala_flexible_type_with_test_script/community-build/community-projects/scalatest/)
[warn] there are 13 keys that are not used by any other settings/tasks:
[warn]  
[warn] * common-test / projectTitle
[warn]   +- /Users/yixing/Desktop/scala_explicit_unsafe/scala_flexible_type_with_test_script/community-build/community-projects/scalatest/project/scalatest.scala:187
[warn] * scalactic-test / projectTitle
[warn]   +- /Users/yixing/Desktop/scala_explicit_unsafe/scala_flexible_type_with_test_script/community-build/community-projects/scalatest/project/scalatest.scala:278
[warn] * scalacticMacro / projectTitle
[warn]   +- /Users/yixing/Desktop/scala_explicit_unsafe/scala_flexible_type_with_test_script/community-build/community-projects/scalatest/project/scalatest.scala:204
[warn] * scalatest-test / projectTitle
[warn]   +- /Users/yixing/Desktop/scala_explicit_unsafe/scala_flexible_type_with_test_script/community-build/community-projects/scalatest/project/scalatest.scala:312
[warn] * scalatestCompatible / javaSourceManaged
[warn]   +- /Users/yixing/Desktop/scala_explicit_unsafe/scala_flexible_type_with_test_script/community-build/community-projects/scalatest/project/scalatest.scala:550
[warn] * scalatestDiagramsTest / projectTitle
[warn]   +- /Users/yixing/Desktop/scala_explicit_unsafe/scala_flexible_type_with_test_script/community-build/community-projects/scalatest/project/scalatest.scala:329
[warn] * scalatestFeatureSpecTest / projectTitle
[warn]   +- /Users/yixing/Desktop/scala_explicit_unsafe/scala_flexible_type_with_test_script/community-build/community-projects/scalatest/project/scalatest.scala:336
[warn] * scalatestFlatSpecTest / projectTitle
[warn]   +- /Users/yixing/Desktop/scala_explicit_unsafe/scala_flexible_type_with_test_script/community-build/community-projects/scalatest/project/scalatest.scala:343
[warn] * scalatestFreeSpecTest / projectTitle
[warn]   +- /Users/yixing/Desktop/scala_explicit_unsafe/scala_flexible_type_with_test_script/community-build/community-projects/scalatest/project/scalatest.scala:350
[warn] * scalatestFunSpecTest / projectTitle
[warn]   +- /Users/yixing/Desktop/scala_explicit_unsafe/scala_flexible_type_with_test_script/community-build/community-projects/scalatest/project/scalatest.scala:357
[warn] * scalatestFunSuiteTest / projectTitle
[warn]   +- /Users/yixing/Desktop/scala_explicit_unsafe/scala_flexible_type_with_test_script/community-build/community-projects/scalatest/project/scalatest.scala:364
[warn] * scalatestPropSpecTest / projectTitle
[warn]   +- /Users/yixing/Desktop/scala_explicit_unsafe/scala_flexible_type_with_test_script/community-build/community-projects/scalatest/project/scalatest.scala:371
[warn] * scalatestWordSpecTest / projectTitle
[warn]   +- /Users/yixing/Desktop/scala_explicit_unsafe/scala_flexible_type_with_test_script/community-build/community-projects/scalatest/project/scalatest.scala:378
[warn]  
[warn] note: a setting might still be used by a command; to exclude a key from this `lintUnused` check
[warn] either append it to `Global / excludeLintKeys` or call .withRank(KeyRanks.Invisible) on the key
[warn] Credentials file /Users/yixing/.ivy2/.credentials does not exist
[warn] Credentials file /Users/yixing/.ivy2/.credentials does not exist
[warn] Credentials file /Users/yixing/.ivy2/.credentials does not exist
[warn] Credentials file /Users/yixing/.ivy2/.credentials does not exist
[warn] Credentials file /Users/yixing/.ivy2/.credentials does not exist
[warn] Credentials file /Users/yixing/.ivy2/.credentials does not exist
[warn] Credentials file /Users/yixing/.ivy2/.credentials does not exist
[warn] Credentials file /Users/yixing/.ivy2/.credentials does not exist
[warn] Credentials file /Users/yixing/.ivy2/.credentials does not exist
[warn] Credentials file /Users/yixing/.ivy2/.credentials does not exist
[warn] Credentials file /Users/yixing/.ivy2/.credentials does not exist
[warn] Credentials file /Users/yixing/.ivy2/.credentials does not exist
[warn] Credentials file /Users/yixing/.ivy2/.credentials does not exist
[warn] Credentials file /Users/yixing/.ivy2/.credentials does not exist
[warn] Credentials file /Users/yixing/.ivy2/.credentials does not exist
[warn] Credentials file /Users/yixing/.ivy2/.credentials does not exist
[warn] Credentials file /Users/yixing/.ivy2/.credentials does not exist
[warn] Credentials file /Users/yixing/.ivy2/.credentials does not exist
[warn] Credentials file /Users/yixing/.ivy2/.credentials does not exist
[warn] Credentials file /Users/yixing/.ivy2/.credentials does not exist
[warn] Credentials file /Users/yixing/.ivy2/.credentials does not exist
[warn] Credentials file /Users/yixing/.ivy2/.credentials does not exist
[warn] Credentials file /Users/yixing/.ivy2/.credentials does not exist
[warn] Credentials file /Users/yixing/.ivy2/.credentials does not exist
[warn] Credentials file /Users/yixing/.ivy2/.credentials does not exist
[warn] Credentials file /Users/yixing/.ivy2/.credentials does not exist
[warn] Credentials file /Users/yixing/.ivy2/.credentials does not exist
[warn] Credentials file /Users/yixing/.ivy2/.credentials does not exist
[success] Total time: 0 s, completed Jun 29, 2023 7:56:04 AM
[info] Defining Global / logLevel
[info] The new value will be used by Test / test / testListeners, Test / testOnly / testListeners and 1509 others.
[info] 	Run `last` for details.
[info] Reapplying settings...
[info] set current project to root (in build file:/Users/yixing/Desktop/scala_explicit_unsafe/scala_flexible_type_with_test_script/community-build/community-projects/scalatest/)
[info] Defining Global / updateOptions
[info] The new value will be used by common-test / dependencyTreeIgnoreMissingUpdate / updateOptions, common-test / ivyConfiguration and 564 others.
[info] 	Run `last` for details.
[info] Reapplying settings...
[info] set current project to root (in build file:/Users/yixing/Desktop/scala_explicit_unsafe/scala_flexible_type_with_test_script/community-build/community-projects/scalatest/)
[info] Defining Global / scalacOptions
[info] The new value will be used by Compile / scalacOptions, common-test / Compile / scalacOptions and 186 others.
[info] 	Run `last` for details.
[info] Reapplying settings...
[info] set current project to root (in build file:/Users/yixing/Desktop/scala_explicit_unsafe/scala_flexible_type_with_test_script/community-build/community-projects/scalatest/)
[info] Forcing Scala version to 3.3.1-RC1-bin-SNAPSHOT on all projects.
[info] Reapplying settings...
[info] Loading dependency tracking file /Users/yixing/Desktop/scala_explicit_unsafe/scala_flexible_type_with_test_script/community-build/dotty-community-build-deps
[info] set current project to root (in build file:/Users/yixing/Desktop/scala_explicit_unsafe/scala_flexible_type_with_test_script/community-build/community-projects/scalatest/)
Copied /Users/yixing/Desktop/scala_explicit_unsafe/scala_flexible_type_with_test_script/community-build/community-projects/scalatest/dotty/scalactic/target/scala-3.3.1-RC1-bin-SNAPSHOT/src_managed/main/org/scalactic/NameUtil.scala
Copied /Users/yixing/Desktop/scala_explicit_unsafe/scala_flexible_type_with_test_script/community-build/community-projects/scalatest/dotty/scalactic/target/scala-3.3.1-RC1-bin-SNAPSHOT/src_managed/main/org/scalactic/Validation.scala
Copied /Users/yixing/Desktop/scala_explicit_unsafe/scala_flexible_type_with_test_script/community-build/community-projects/scalatest/dotty/scalactic/target/scala-3.3.1-RC1-bin-SNAPSHOT/src_managed/main/org/scalactic/Or.scala
Generated /Users/yixing/Desktop/scala_explicit_unsafe/scala_flexible_type_with_test_script/community-build/community-projects/scalatest/dotty/scalactic/target/scala-3.3.1-RC1-bin-SNAPSHOT/src_managed/main/org/scalactic/Resources.scala
Copied /Users/yixing/Desktop/scala_explicit_unsafe/scala_flexible_type_with_test_script/community-build/community-projects/scalatest/dotty/scalactic/target/scala-3.3.1-RC1-bin-SNAPSHOT/resource_managed/main/org/scalactic/ScalacticBundle.properties
Generated: /Users/yixing/Desktop/scala_explicit_unsafe/scala_flexible_type_with_test_script/community-build/community-projects/scalatest/dotty/scalactic/target/scala-3.3.1-RC1-bin-SNAPSHOT/src_managed/main/org/scalactic/anyvals/NonZeroInt.scala
Generated: /Users/yixing/Desktop/scala_explicit_unsafe/scala_flexible_type_with_test_script/community-build/community-projects/scalatest/dotty/scalactic/target/scala-3.3.1-RC1-bin-SNAPSHOT/src_managed/main/org/scalactic/anyvals/NonZeroIntMacro.scala
Generated: /Users/yixing/Desktop/scala_explicit_unsafe/scala_flexible_type_with_test_script/community-build/community-projects/scalatest/dotty/scalactic/target/scala-3.3.1-RC1-bin-SNAPSHOT/src_managed/main/org/scalactic/anyvals/NonZeroLong.scala
Generated: /Users/yixing/Desktop/scala_explicit_unsafe/scala_flexible_type_with_test_script/community-build/community-projects/scalatest/dotty/scalactic/target/scala-3.3.1-RC1-bin-SNAPSHOT/src_managed/main/org/scalactic/anyvals/NonZeroLongMacro.scala
Generated: /Users/yixing/Desktop/scala_explicit_unsafe/scala_flexible_type_with_test_script/community-build/community-projects/scalatest/dotty/scalactic/target/scala-3.3.1-RC1-bin-SNAPSHOT/src_managed/main/org/scalactic/anyvals/NonZeroFloat.scala
Generated: /Users/yixing/Desktop/scala_explicit_unsafe/scala_flexible_type_with_test_script/community-build/community-projects/scalatest/dotty/scalactic/target/scala-3.3.1-RC1-bin-SNAPSHOT/src_managed/main/org/scalactic/anyvals/NonZeroFloatMacro.scala
Generated: /Users/yixing/Desktop/scala_explicit_unsafe/scala_flexible_type_with_test_script/community-build/community-projects/scalatest/dotty/scalactic/target/scala-3.3.1-RC1-bin-SNAPSHOT/src_managed/main/org/scalactic/anyvals/NonZeroDouble.scala
Generated: /Users/yixing/Desktop/scala_explicit_unsafe/scala_flexible_type_with_test_script/community-build/community-projects/scalatest/dotty/scalactic/target/scala-3.3.1-RC1-bin-SNAPSHOT/src_managed/main/org/scalactic/anyvals/NonZeroDoubleMacro.scala
Generated: /Users/yixing/Desktop/scala_explicit_unsafe/scala_flexible_type_with_test_script/community-build/community-projects/scalatest/dotty/scalactic/target/scala-3.3.1-RC1-bin-SNAPSHOT/src_managed/main/org/scalactic/anyvals/NonZeroFiniteFloat.scala
Generated: /Users/yixing/Desktop/scala_explicit_unsafe/scala_flexible_type_with_test_script/community-build/community-projects/scalatest/dotty/scalactic/target/scala-3.3.1-RC1-bin-SNAPSHOT/src_managed/main/org/scalactic/anyvals/NonZeroFiniteFloatMacro.scala
Generated: /Users/yixing/Desktop/scala_explicit_unsafe/scala_flexible_type_with_test_script/community-build/community-projects/scalatest/dotty/scalactic/target/scala-3.3.1-RC1-bin-SNAPSHOT/src_managed/main/org/scalactic/anyvals/NonZeroFiniteDouble.scala
Generated: /Users/yixing/Desktop/scala_explicit_unsafe/scala_flexible_type_with_test_script/community-build/community-projects/scalatest/dotty/scalactic/target/scala-3.3.1-RC1-bin-SNAPSHOT/src_managed/main/org/scalactic/anyvals/NonZeroFiniteDoubleMacro.scala
Generated: /Users/yixing/Desktop/scala_explicit_unsafe/scala_flexible_type_with_test_script/community-build/community-projects/scalatest/dotty/scalactic/target/scala-3.3.1-RC1-bin-SNAPSHOT/src_managed/main/org/scalactic/anyvals/PosZInt.scala
Generated: /Users/yixing/Desktop/scala_explicit_unsafe/scala_flexible_type_with_test_script/community-build/community-projects/scalatest/dotty/scalactic/target/scala-3.3.1-RC1-bin-SNAPSHOT/src_managed/main/org/scalactic/anyvals/PosZIntMacro.scala
Generated: /Users/yixing/Desktop/scala_explicit_unsafe/scala_flexible_type_with_test_script/community-build/community-projects/scalatest/dotty/scalactic/target/scala-3.3.1-RC1-bin-SNAPSHOT/src_managed/main/org/scalactic/anyvals/PosZLong.scala
Generated: /Users/yixing/Desktop/scala_explicit_unsafe/scala_flexible_type_with_test_script/community-build/community-projects/scalatest/dotty/scalactic/target/scala-3.3.1-RC1-bin-SNAPSHOT/src_managed/main/org/scalactic/anyvals/PosZLongMacro.scala
Generated: /Users/yixing/Desktop/scala_explicit_unsafe/scala_flexible_type_with_test_script/community-build/community-projects/scalatest/dotty/scalactic/target/scala-3.3.1-RC1-bin-SNAPSHOT/src_managed/main/org/scalactic/anyvals/PosZFloat.scala
Generated: /Users/yixing/Desktop/scala_explicit_unsafe/scala_flexible_type_with_test_script/community-build/community-projects/scalatest/dotty/scalactic/target/scala-3.3.1-RC1-bin-SNAPSHOT/src_managed/main/org/scalactic/anyvals/PosZFloatMacro.scala
Generated: /Users/yixing/Desktop/scala_explicit_unsafe/scala_flexible_type_with_test_script/community-build/community-projects/scalatest/dotty/scalactic/target/scala-3.3.1-RC1-bin-SNAPSHOT/src_managed/main/org/scalactic/anyvals/PosZDouble.scala
Generated: /Users/yixing/Desktop/scala_explicit_unsafe/scala_flexible_type_with_test_script/community-build/community-projects/scalatest/dotty/scalactic/target/scala-3.3.1-RC1-bin-SNAPSHOT/src_managed/main/org/scalactic/anyvals/PosZDoubleMacro.scala
Generated: /Users/yixing/Desktop/scala_explicit_unsafe/scala_flexible_type_with_test_script/community-build/community-projects/scalatest/dotty/scalactic/target/scala-3.3.1-RC1-bin-SNAPSHOT/src_managed/main/org/scalactic/anyvals/PosInt.scala
Generated: /Users/yixing/Desktop/scala_explicit_unsafe/scala_flexible_type_with_test_script/community-build/community-projects/scalatest/dotty/scalactic/target/scala-3.3.1-RC1-bin-SNAPSHOT/src_managed/main/org/scalactic/anyvals/PosIntMacro.scala
Generated: /Users/yixing/Desktop/scala_explicit_unsafe/scala_flexible_type_with_test_script/community-build/community-projects/scalatest/dotty/scalactic/target/scala-3.3.1-RC1-bin-SNAPSHOT/src_managed/main/org/scalactic/anyvals/PosLong.scala
Generated: /Users/yixing/Desktop/scala_explicit_unsafe/scala_flexible_type_with_test_script/community-build/community-projects/scalatest/dotty/scalactic/target/scala-3.3.1-RC1-bin-SNAPSHOT/src_managed/main/org/scalactic/anyvals/PosLongMacro.scala
Generated: /Users/yixing/Desktop/scala_explicit_unsafe/scala_flexible_type_with_test_script/community-build/community-projects/scalatest/dotty/scalactic/target/scala-3.3.1-RC1-bin-SNAPSHOT/src_managed/main/org/scalactic/anyvals/PosFloat.scala
Generated: /Users/yixing/Desktop/scala_explicit_unsafe/scala_flexible_type_with_test_script/community-build/community-projects/scalatest/dotty/scalactic/target/scala-3.3.1-RC1-bin-SNAPSHOT/src_managed/main/org/scalactic/anyvals/PosFloatMacro.scala
Generated: /Users/yixing/Desktop/scala_explicit_unsafe/scala_flexible_type_with_test_script/community-build/community-projects/scalatest/dotty/scalactic/target/scala-3.3.1-RC1-bin-SNAPSHOT/src_managed/main/org/scalactic/anyvals/PosDouble.scala
Generated: /Users/yixing/Desktop/scala_explicit_unsafe/scala_flexible_type_with_test_script/community-build/community-projects/scalatest/dotty/scalactic/target/scala-3.3.1-RC1-bin-SNAPSHOT/src_managed/main/org/scalactic/anyvals/PosDoubleMacro.scala
Generated: /Users/yixing/Desktop/scala_explicit_unsafe/scala_flexible_type_with_test_script/community-build/community-projects/scalatest/dotty/scalactic/target/scala-3.3.1-RC1-bin-SNAPSHOT/src_managed/main/org/scalactic/anyvals/NegInt.scala
Generated: /Users/yixing/Desktop/scala_explicit_unsafe/scala_flexible_type_with_test_script/community-build/community-projects/scalatest/dotty/scalactic/target/scala-3.3.1-RC1-bin-SNAPSHOT/src_managed/main/org/scalactic/anyvals/NegIntMacro.scala
Generated: /Users/yixing/Desktop/scala_explicit_unsafe/scala_flexible_type_with_test_script/community-build/community-projects/scalatest/dotty/scalactic/target/scala-3.3.1-RC1-bin-SNAPSHOT/src_managed/main/org/scalactic/anyvals/NegLong.scala
Generated: /Users/yixing/Desktop/scala_explicit_unsafe/scala_flexible_type_with_test_script/community-build/community-projects/scalatest/dotty/scalactic/target/scala-3.3.1-RC1-bin-SNAPSHOT/src_managed/main/org/scalactic/anyvals/NegLongMacro.scala
Generated: /Users/yixing/Desktop/scala_explicit_unsafe/scala_flexible_type_with_test_script/community-build/community-projects/scalatest/dotty/scalactic/target/scala-3.3.1-RC1-bin-SNAPSHOT/src_managed/main/org/scalactic/anyvals/NegFloat.scala
Generated: /Users/yixing/Desktop/scala_explicit_unsafe/scala_flexible_type_with_test_script/community-build/community-projects/scalatest/dotty/scalactic/target/scala-3.3.1-RC1-bin-SNAPSHOT/src_managed/main/org/scalactic/anyvals/NegFloatMacro.scala
Generated: /Users/yixing/Desktop/scala_explicit_unsafe/scala_flexible_type_with_test_script/community-build/community-projects/scalatest/dotty/scalactic/target/scala-3.3.1-RC1-bin-SNAPSHOT/src_managed/main/org/scalactic/anyvals/NegDouble.scala
Generated: /Users/yixing/Desktop/scala_explicit_unsafe/scala_flexible_type_with_test_script/community-build/community-projects/scalatest/dotty/scalactic/target/scala-3.3.1-RC1-bin-SNAPSHOT/src_managed/main/org/scalactic/anyvals/NegDoubleMacro.scala
Generated: /Users/yixing/Desktop/scala_explicit_unsafe/scala_flexible_type_with_test_script/community-build/community-projects/scalatest/dotty/scalactic/target/scala-3.3.1-RC1-bin-SNAPSHOT/src_managed/main/org/scalactic/anyvals/NegZInt.scala
Generated: /Users/yixing/Desktop/scala_explicit_unsafe/scala_flexible_type_with_test_script/community-build/community-projects/scalatest/dotty/scalactic/target/scala-3.3.1-RC1-bin-SNAPSHOT/src_managed/main/org/scalactic/anyvals/NegZIntMacro.scala
Generated: /Users/yixing/Desktop/scala_explicit_unsafe/scala_flexible_type_with_test_script/community-build/community-projects/scalatest/dotty/scalactic/target/scala-3.3.1-RC1-bin-SNAPSHOT/src_managed/main/org/scalactic/anyvals/NegZLong.scala
Generated: /Users/yixing/Desktop/scala_explicit_unsafe/scala_flexible_type_with_test_script/community-build/community-projects/scalatest/dotty/scalactic/target/scala-3.3.1-RC1-bin-SNAPSHOT/src_managed/main/org/scalactic/anyvals/NegZLongMacro.scala
Generated: /Users/yixing/Desktop/scala_explicit_unsafe/scala_flexible_type_with_test_script/community-build/community-projects/scalatest/dotty/scalactic/target/scala-3.3.1-RC1-bin-SNAPSHOT/src_managed/main/org/scalactic/anyvals/NegZFloat.scala
Generated: /Users/yixing/Desktop/scala_explicit_unsafe/scala_flexible_type_with_test_script/community-build/community-projects/scalatest/dotty/scalactic/target/scala-3.3.1-RC1-bin-SNAPSHOT/src_managed/main/org/scalactic/anyvals/NegZFloatMacro.scala
Generated: /Users/yixing/Desktop/scala_explicit_unsafe/scala_flexible_type_with_test_script/community-build/community-projects/scalatest/dotty/scalactic/target/scala-3.3.1-RC1-bin-SNAPSHOT/src_managed/main/org/scalactic/anyvals/NegZDouble.scala
Generated: /Users/yixing/Desktop/scala_explicit_unsafe/scala_flexible_type_with_test_script/community-build/community-projects/scalatest/dotty/scalactic/target/scala-3.3.1-RC1-bin-SNAPSHOT/src_managed/main/org/scalactic/anyvals/NegZDoubleMacro.scala
Generated: /Users/yixing/Desktop/scala_explicit_unsafe/scala_flexible_type_with_test_script/community-build/community-projects/scalatest/dotty/scalactic/target/scala-3.3.1-RC1-bin-SNAPSHOT/src_managed/main/org/scalactic/anyvals/PosFiniteFloat.scala
Generated: /Users/yixing/Desktop/scala_explicit_unsafe/scala_flexible_type_with_test_script/community-build/community-projects/scalatest/dotty/scalactic/target/scala-3.3.1-RC1-bin-SNAPSHOT/src_managed/main/org/scalactic/anyvals/PosFiniteFloatMacro.scala
Generated: /Users/yixing/Desktop/scala_explicit_unsafe/scala_flexible_type_with_test_script/community-build/community-projects/scalatest/dotty/scalactic/target/scala-3.3.1-RC1-bin-SNAPSHOT/src_managed/main/org/scalactic/anyvals/PosFiniteDouble.scala
Generated: /Users/yixing/Desktop/scala_explicit_unsafe/scala_flexible_type_with_test_script/community-build/community-projects/scalatest/dotty/scalactic/target/scala-3.3.1-RC1-bin-SNAPSHOT/src_managed/main/org/scalactic/anyvals/PosFiniteDoubleMacro.scala
Generated: /Users/yixing/Desktop/scala_explicit_unsafe/scala_flexible_type_with_test_script/community-build/community-projects/scalatest/dotty/scalactic/target/scala-3.3.1-RC1-bin-SNAPSHOT/src_managed/main/org/scalactic/anyvals/PosZFiniteFloat.scala
Generated: /Users/yixing/Desktop/scala_explicit_unsafe/scala_flexible_type_with_test_script/community-build/community-projects/scalatest/dotty/scalactic/target/scala-3.3.1-RC1-bin-SNAPSHOT/src_managed/main/org/scalactic/anyvals/PosZFiniteFloatMacro.scala
Generated: /Users/yixing/Desktop/scala_explicit_unsafe/scala_flexible_type_with_test_script/community-build/community-projects/scalatest/dotty/scalactic/target/scala-3.3.1-RC1-bin-SNAPSHOT/src_managed/main/org/scalactic/anyvals/PosZFiniteDouble.scala
Generated: /Users/yixing/Desktop/scala_explicit_unsafe/scala_flexible_type_with_test_script/community-build/community-projects/scalatest/dotty/scalactic/target/scala-3.3.1-RC1-bin-SNAPSHOT/src_managed/main/org/scalactic/anyvals/PosZFiniteDoubleMacro.scala
Generated: /Users/yixing/Desktop/scala_explicit_unsafe/scala_flexible_type_with_test_script/community-build/community-projects/scalatest/dotty/scalactic/target/scala-3.3.1-RC1-bin-SNAPSHOT/src_managed/main/org/scalactic/anyvals/NegFiniteFloat.scala
Generated: /Users/yixing/Desktop/scala_explicit_unsafe/scala_flexible_type_with_test_script/community-build/community-projects/scalatest/dotty/scalactic/target/scala-3.3.1-RC1-bin-SNAPSHOT/src_managed/main/org/scalactic/anyvals/NegFiniteFloatMacro.scala
Generated: /Users/yixing/Desktop/scala_explicit_unsafe/scala_flexible_type_with_test_script/community-build/community-projects/scalatest/dotty/scalactic/target/scala-3.3.1-RC1-bin-SNAPSHOT/src_managed/main/org/scalactic/anyvals/NegFiniteDouble.scala
Generated: /Users/yixing/Desktop/scala_explicit_unsafe/scala_flexible_type_with_test_script/community-build/community-projects/scalatest/dotty/scalactic/target/scala-3.3.1-RC1-bin-SNAPSHOT/src_managed/main/org/scalactic/anyvals/NegFiniteDoubleMacro.scala
Generated: /Users/yixing/Desktop/scala_explicit_unsafe/scala_flexible_type_with_test_script/community-build/community-projects/scalatest/dotty/scalactic/target/scala-3.3.1-RC1-bin-SNAPSHOT/src_managed/main/org/scalactic/anyvals/NegZFiniteFloat.scala
Generated: /Users/yixing/Desktop/scala_explicit_unsafe/scala_flexible_type_with_test_script/community-build/community-projects/scalatest/dotty/scalactic/target/scala-3.3.1-RC1-bin-SNAPSHOT/src_managed/main/org/scalactic/anyvals/NegZFiniteFloatMacro.scala
Generated: /Users/yixing/Desktop/scala_explicit_unsafe/scala_flexible_type_with_test_script/community-build/community-projects/scalatest/dotty/scalactic/target/scala-3.3.1-RC1-bin-SNAPSHOT/src_managed/main/org/scalactic/anyvals/NegZFiniteDouble.scala
Generated: /Users/yixing/Desktop/scala_explicit_unsafe/scala_flexible_type_with_test_script/community-build/community-projects/scalatest/dotty/scalactic/target/scala-3.3.1-RC1-bin-SNAPSHOT/src_managed/main/org/scalactic/anyvals/NegZFiniteDoubleMacro.scala
Generated: /Users/yixing/Desktop/scala_explicit_unsafe/scala_flexible_type_with_test_script/community-build/community-projects/scalatest/dotty/scalactic/target/scala-3.3.1-RC1-bin-SNAPSHOT/src_managed/main/org/scalactic/anyvals/FiniteFloat.scala
Generated: /Users/yixing/Desktop/scala_explicit_unsafe/scala_flexible_type_with_test_script/community-build/community-projects/scalatest/dotty/scalactic/target/scala-3.3.1-RC1-bin-SNAPSHOT/src_managed/main/org/scalactic/anyvals/FiniteFloatMacro.scala
Generated: /Users/yixing/Desktop/scala_explicit_unsafe/scala_flexible_type_with_test_script/community-build/community-projects/scalatest/dotty/scalactic/target/scala-3.3.1-RC1-bin-SNAPSHOT/src_managed/main/org/scalactic/anyvals/FiniteDouble.scala
Generated: /Users/yixing/Desktop/scala_explicit_unsafe/scala_flexible_type_with_test_script/community-build/community-projects/scalatest/dotty/scalactic/target/scala-3.3.1-RC1-bin-SNAPSHOT/src_managed/main/org/scalactic/anyvals/FiniteDoubleMacro.scala
Generated: /Users/yixing/Desktop/scala_explicit_unsafe/scala_flexible_type_with_test_script/community-build/community-projects/scalatest/dotty/scalactic/target/scala-3.3.1-RC1-bin-SNAPSHOT/src_managed/main/org/scalactic/anyvals/NumericChar.scala
Generated: /Users/yixing/Desktop/scala_explicit_unsafe/scala_flexible_type_with_test_script/community-build/community-projects/scalatest/dotty/scalactic/target/scala-3.3.1-RC1-bin-SNAPSHOT/src_managed/main/org/scalactic/anyvals/NumericCharMacro.scala
Generated /Users/yixing/Desktop/scala_explicit_unsafe/scala_flexible_type_with_test_script/community-build/community-projects/scalatest/dotty/scalactic/target/scala-3.3.1-RC1-bin-SNAPSHOT/src_managed/main/org/scalactic/Every.scala
Generated /Users/yixing/Desktop/scala_explicit_unsafe/scala_flexible_type_with_test_script/community-build/community-projects/scalatest/dotty/scalactic/target/scala-3.3.1-RC1-bin-SNAPSHOT/src_managed/main/org/scalactic/ColCompatHelper.scala
Copied /Users/yixing/Desktop/scala_explicit_unsafe/scala_flexible_type_with_test_script/community-build/community-projects/scalatest/dotty/scalactic/target/scala-3.3.1-RC1-bin-SNAPSHOT/src_managed/main/org/scalactic/UnquotedString.scala
Copied /Users/yixing/Desktop/scala_explicit_unsafe/scala_flexible_type_with_test_script/community-build/community-projects/scalatest/dotty/scalactic/target/scala-3.3.1-RC1-bin-SNAPSHOT/src_managed/main/org/scalactic/Tolerance.scala
Copied /Users/yixing/Desktop/scala_explicit_unsafe/scala_flexible_type_with_test_script/community-build/community-projects/scalatest/dotty/scalactic/target/scala-3.3.1-RC1-bin-SNAPSHOT/src_managed/main/org/scalactic/NormMethods.scala
Copied /Users/yixing/Desktop/scala_explicit_unsafe/scala_flexible_type_with_test_script/community-build/community-projects/scalatest/dotty/scalactic/target/scala-3.3.1-RC1-bin-SNAPSHOT/src_managed/main/org/scalactic/Uniformity.scala
Copied /Users/yixing/Desktop/scala_explicit_unsafe/scala_flexible_type_with_test_script/community-build/community-projects/scalatest/dotty/scalactic/target/scala-3.3.1-RC1-bin-SNAPSHOT/src_managed/main/org/scalactic/CanEqual.scala
Copied /Users/yixing/Desktop/scala_explicit_unsafe/scala_flexible_type_with_test_script/community-build/community-projects/scalatest/dotty/scalactic/target/scala-3.3.1-RC1-bin-SNAPSHOT/src_managed/main/org/scalactic/TimesOnInt.scala
Copied /Users/yixing/Desktop/scala_explicit_unsafe/scala_flexible_type_with_test_script/community-build/community-projects/scalatest/dotty/scalactic/target/scala-3.3.1-RC1-bin-SNAPSHOT/src_managed/main/org/scalactic/PrettyPair.scala
Copied /Users/yixing/Desktop/scala_explicit_unsafe/scala_flexible_type_with_test_script/community-build/community-projects/scalatest/dotty/scalactic/target/scala-3.3.1-RC1-bin-SNAPSHOT/src_managed/main/org/scalactic/Equality.scala
Copied /Users/yixing/Desktop/scala_explicit_unsafe/scala_flexible_type_with_test_script/community-build/community-projects/scalatest/dotty/scalactic/target/scala-3.3.1-RC1-bin-SNAPSHOT/src_managed/main/org/scalactic/DefaultEquality.scala
Copied /Users/yixing/Desktop/scala_explicit_unsafe/scala_flexible_type_with_test_script/community-build/community-projects/scalatest/dotty/scalactic/target/scala-3.3.1-RC1-bin-SNAPSHOT/src_managed/main/org/scalactic/TypeCheckedTripleEquals.scala
Copied /Users/yixing/Desktop/scala_explicit_unsafe/scala_flexible_type_with_test_script/community-build/community-projects/scalatest/dotty/scalactic/target/scala-3.3.1-RC1-bin-SNAPSHOT/src_managed/main/org/scalactic/FutureSugar.scala
Copied /Users/yixing/Desktop/scala_explicit_unsafe/scala_flexible_type_with_test_script/community-build/community-projects/scalatest/dotty/scalactic/target/scala-3.3.1-RC1-bin-SNAPSHOT/src_managed/main/org/scalactic/TripleEquals.scala
Copied /Users/yixing/Desktop/scala_explicit_unsafe/scala_flexible_type_with_test_script/community-build/community-projects/scalatest/dotty/scalactic/target/scala-3.3.1-RC1-bin-SNAPSHOT/src_managed/main/org/scalactic/Explicitly.scala
Copied /Users/yixing/Desktop/scala_explicit_unsafe/scala_flexible_type_with_test_script/community-build/community-projects/scalatest/dotty/scalactic/target/scala-3.3.1-RC1-bin-SNAPSHOT/src_managed/main/org/scalactic/TraversableEqualityConstraints.scala
Copied /Users/yixing/Desktop/scala_explicit_unsafe/scala_flexible_type_with_test_script/community-build/community-projects/scalatest/dotty/scalactic/target/scala-3.3.1-RC1-bin-SNAPSHOT/src_managed/main/org/scalactic/StringNormalizations.scala
Copied /Users/yixing/Desktop/scala_explicit_unsafe/scala_flexible_type_with_test_script/community-build/community-projects/scalatest/dotty/scalactic/target/scala-3.3.1-RC1-bin-SNAPSHOT/src_managed/main/org/scalactic/Catcher.scala
Copied /Users/yixing/Desktop/scala_explicit_unsafe/scala_flexible_type_with_test_script/community-build/community-projects/scalatest/dotty/scalactic/target/scala-3.3.1-RC1-bin-SNAPSHOT/src_managed/main/org/scalactic/NumericEqualityConstraints.scala
Copied /Users/yixing/Desktop/scala_explicit_unsafe/scala_flexible_type_with_test_script/community-build/community-projects/scalatest/dotty/scalactic/target/scala-3.3.1-RC1-bin-SNAPSHOT/src_managed/main/org/scalactic/Differ.scala
Copied /Users/yixing/Desktop/scala_explicit_unsafe/scala_flexible_type_with_test_script/community-build/community-projects/scalatest/dotty/scalactic/target/scala-3.3.1-RC1-bin-SNAPSHOT/src_managed/main/org/scalactic/NormalizingEquality.scala
Copied /Users/yixing/Desktop/scala_explicit_unsafe/scala_flexible_type_with_test_script/community-build/community-projects/scalatest/dotty/scalactic/target/scala-3.3.1-RC1-bin-SNAPSHOT/src_managed/main/org/scalactic/Prettifier.scala
Copied /Users/yixing/Desktop/scala_explicit_unsafe/scala_flexible_type_with_test_script/community-build/community-projects/scalatest/dotty/scalactic/target/scala-3.3.1-RC1-bin-SNAPSHOT/src_managed/main/org/scalactic/ComposedNormalizingEquivalence.scala
Copied /Users/yixing/Desktop/scala_explicit_unsafe/scala_flexible_type_with_test_script/community-build/community-projects/scalatest/dotty/scalactic/target/scala-3.3.1-RC1-bin-SNAPSHOT/src_managed/main/org/scalactic/NormalizingEquivalence.scala
Copied /Users/yixing/Desktop/scala_explicit_unsafe/scala_flexible_type_with_test_script/community-build/community-projects/scalatest/dotty/scalactic/target/scala-3.3.1-RC1-bin-SNAPSHOT/src_managed/main/org/scalactic/SetEqualityConstraints.scala
Copied /Users/yixing/Desktop/scala_explicit_unsafe/scala_flexible_type_with_test_script/community-build/community-projects/scalatest/dotty/scalactic/target/scala-3.3.1-RC1-bin-SNAPSHOT/src_managed/main/org/scalactic/Normalization.scala
Copied /Users/yixing/Desktop/scala_explicit_unsafe/scala_flexible_type_with_test_script/community-build/community-projects/scalatest/dotty/scalactic/target/scala-3.3.1-RC1-bin-SNAPSHOT/src_managed/main/org/scalactic/Accumulation.scala
Copied /Users/yixing/Desktop/scala_explicit_unsafe/scala_flexible_type_with_test_script/community-build/community-projects/scalatest/dotty/scalactic/target/scala-3.3.1-RC1-bin-SNAPSHOT/src_managed/main/org/scalactic/LowPriorityTypeCheckedConstraint.scala
Copied /Users/yixing/Desktop/scala_explicit_unsafe/scala_flexible_type_with_test_script/community-build/community-projects/scalatest/dotty/scalactic/target/scala-3.3.1-RC1-bin-SNAPSHOT/src_managed/main/org/scalactic/OptionSugar.scala
Copied /Users/yixing/Desktop/scala_explicit_unsafe/scala_flexible_type_with_test_script/community-build/community-projects/scalatest/dotty/scalactic/target/scala-3.3.1-RC1-bin-SNAPSHOT/src_managed/main/org/scalactic/package.scala
Copied /Users/yixing/Desktop/scala_explicit_unsafe/scala_flexible_type_with_test_script/community-build/community-projects/scalatest/dotty/scalactic/target/scala-3.3.1-RC1-bin-SNAPSHOT/src_managed/main/org/scalactic/TripleEqualsSupport.scala
Copied /Users/yixing/Desktop/scala_explicit_unsafe/scala_flexible_type_with_test_script/community-build/community-projects/scalatest/dotty/scalactic/target/scala-3.3.1-RC1-bin-SNAPSHOT/src_managed/main/org/scalactic/Bool.scala
Copied /Users/yixing/Desktop/scala_explicit_unsafe/scala_flexible_type_with_test_script/community-build/community-projects/scalatest/dotty/scalactic/target/scala-3.3.1-RC1-bin-SNAPSHOT/src_managed/main/org/scalactic/PrettyMethods.scala
Copied /Users/yixing/Desktop/scala_explicit_unsafe/scala_flexible_type_with_test_script/community-build/community-projects/scalatest/dotty/scalactic/target/scala-3.3.1-RC1-bin-SNAPSHOT/src_managed/main/org/scalactic/EitherSugar.scala
Copied /Users/yixing/Desktop/scala_explicit_unsafe/scala_flexible_type_with_test_script/community-build/community-projects/scalatest/dotty/scalactic/target/scala-3.3.1-RC1-bin-SNAPSHOT/src_managed/main/org/scalactic/ComposedNormalizingEquality.scala
Copied /Users/yixing/Desktop/scala_explicit_unsafe/scala_flexible_type_with_test_script/community-build/community-projects/scalatest/dotty/scalactic/target/scala-3.3.1-RC1-bin-SNAPSHOT/src_managed/main/org/scalactic/Equivalence.scala
Copied /Users/yixing/Desktop/scala_explicit_unsafe/scala_flexible_type_with_test_script/community-build/community-projects/scalatest/dotty/scalactic/target/scala-3.3.1-RC1-bin-SNAPSHOT/src_managed/main/org/scalactic/TolerantNumerics.scala
Copied /Users/yixing/Desktop/scala_explicit_unsafe/scala_flexible_type_with_test_script/community-build/community-projects/scalatest/dotty/scalactic/target/scala-3.3.1-RC1-bin-SNAPSHOT/src_managed/main/org/scalactic/TrySugar.scala
Copied /Users/yixing/Desktop/scala_explicit_unsafe/scala_flexible_type_with_test_script/community-build/community-projects/scalatest/dotty/scalactic/target/scala-3.3.1-RC1-bin-SNAPSHOT/src_managed/main/org/scalactic/MapEqualityConstraints.scala
Copied /Users/yixing/Desktop/scala_explicit_unsafe/scala_flexible_type_with_test_script/community-build/community-projects/scalatest/dotty/scalactic/target/scala-3.3.1-RC1-bin-SNAPSHOT/src_managed/main/org/scalactic/SeqEqualityConstraints.scala
Copied /Users/yixing/Desktop/scala_explicit_unsafe/scala_flexible_type_with_test_script/community-build/community-projects/scalatest/dotty/scalactic/target/scala-3.3.1-RC1-bin-SNAPSHOT/src_managed/main/org/scalactic/AbstractStringUniformity.scala
Copied /Users/yixing/Desktop/scala_explicit_unsafe/scala_flexible_type_with_test_script/community-build/community-projects/scalatest/dotty/scalactic/target/scala-3.3.1-RC1-bin-SNAPSHOT/src_managed/main/org/scalactic/exceptions/NullArgumentException.scala
Copied /Users/yixing/Desktop/scala_explicit_unsafe/scala_flexible_type_with_test_script/community-build/community-projects/scalatest/dotty/scalactic/target/scala-3.3.1-RC1-bin-SNAPSHOT/src_managed/main/org/scalactic/exceptions/ValidationFailedException.scala
Copied /Users/yixing/Desktop/scala_explicit_unsafe/scala_flexible_type_with_test_script/community-build/community-projects/scalatest/dotty/scalactic/target/scala-3.3.1-RC1-bin-SNAPSHOT/src_managed/main/org/scalactic/source/ObjectMeta.scala
Copied /Users/yixing/Desktop/scala_explicit_unsafe/scala_flexible_type_with_test_script/community-build/community-projects/scalatest/dotty/scalactic/target/scala-3.3.1-RC1-bin-SNAPSHOT/src_managed/main/org/scalactic/anyvals/NonEmptySet.scala
Copied /Users/yixing/Desktop/scala_explicit_unsafe/scala_flexible_type_with_test_script/community-build/community-projects/scalatest/dotty/scalactic/target/scala-3.3.1-RC1-bin-SNAPSHOT/src_managed/main/org/scalactic/anyvals/NonEmptyVector.scala
Copied /Users/yixing/Desktop/scala_explicit_unsafe/scala_flexible_type_with_test_script/community-build/community-projects/scalatest/dotty/scalactic/target/scala-3.3.1-RC1-bin-SNAPSHOT/src_managed/main/org/scalactic/anyvals/NonEmptyMap.scala
Copied /Users/yixing/Desktop/scala_explicit_unsafe/scala_flexible_type_with_test_script/community-build/community-projects/scalatest/dotty/scalactic/target/scala-3.3.1-RC1-bin-SNAPSHOT/src_managed/main/org/scalactic/anyvals/NonEmptyString.scala
Copied /Users/yixing/Desktop/scala_explicit_unsafe/scala_flexible_type_with_test_script/community-build/community-projects/scalatest/dotty/scalactic/target/scala-3.3.1-RC1-bin-SNAPSHOT/src_managed/main/org/scalactic/anyvals/NonEmptyList.scala
Copied /Users/yixing/Desktop/scala_explicit_unsafe/scala_flexible_type_with_test_script/community-build/community-projects/scalatest/dotty/scalactic/target/scala-3.3.1-RC1-bin-SNAPSHOT/src_managed/main/org/scalactic/anyvals/NonEmptyArray.scala
Copied /Users/yixing/Desktop/scala_explicit_unsafe/scala_flexible_type_with_test_script/community-build/community-projects/scalatest/dotty/scalactic/target/scala-3.3.1-RC1-bin-SNAPSHOT/src_managed/main/org/scalactic/anyvals/End.scala
Generated /Users/yixing/Desktop/scala_explicit_unsafe/scala_flexible_type_with_test_script/community-build/community-projects/scalatest/dotty/scalactic/target/scala-3.3.1-RC1-bin-SNAPSHOT/src_managed/main/org/scalactic/ScalacticVersions.scala
Generated /Users/yixing/Desktop/scala_explicit_unsafe/scala_flexible_type_with_test_script/community-build/community-projects/scalatest/dotty/scalactic/target/scala-3.3.1-RC1-bin-SNAPSHOT/src_managed/main/org/scalactic/FailureMessages.scala
Generated /Users/yixing/Desktop/scala_explicit_unsafe/scala_flexible_type_with_test_script/community-build/community-projects/scalatest/dotty/scalactic/target/scala-3.3.1-RC1-bin-SNAPSHOT/src_managed/main/org/scalactic/ArrayHelper.scala
[error] -- Error: /Users/yixing/Desktop/scala_explicit_unsafe/scala_flexible_type_with_test_script/community-build/community-projects/scalatest/dotty/scalactic/target/scala-3.3.1-RC1-bin-SNAPSHOT/src_managed/main/org/scalactic/anyvals/FiniteDouble.scala:730:4 
[error] 730 |    new Ordering[FiniteDouble] {
[error]     |    ^
[error]     |object creation impossible, since def compare(x$0: T | Null, x$1: T | Null): Int in trait Comparator in package java.util is not defined 
[error]     |(The class implements a member with a different type: def compare
[error]     |  (x: org.scalactic.anyvals.FiniteDouble, y: org.scalactic.anyvals.FiniteDouble)
[error]     |    : Int in anonymous class Object with Ordering[org.scalactic.anyvals.FiniteDouble] {...}
[error]     |   in object FiniteDouble)
[error] -- Error: /Users/yixing/Desktop/scala_explicit_unsafe/scala_flexible_type_with_test_script/community-build/community-projects/scalatest/dotty/scalactic/target/scala-3.3.1-RC1-bin-SNAPSHOT/src_managed/main/org/scalactic/anyvals/FiniteFloat.scala:753:4 
[error] 753 |    new Ordering[FiniteFloat] {
[error]     |    ^
[error]     |object creation impossible, since def compare(x$0: T | Null, x$1: T | Null): Int in trait Comparator in package java.util is not defined 
[error]     |(The class implements a member with a different type: def compare
[error]     |  (x: org.scalactic.anyvals.FiniteFloat, y: org.scalactic.anyvals.FiniteFloat):
[error]     |    Int in anonymous class Object with Ordering[org.scalactic.anyvals.FiniteFloat] {...}
[error]     |   in object FiniteFloat)
[error] -- Error: /Users/yixing/Desktop/scala_explicit_unsafe/scala_flexible_type_with_test_script/community-build/community-projects/scalatest/dotty/scalactic/target/scala-3.3.1-RC1-bin-SNAPSHOT/src_managed/main/org/scalactic/anyvals/NegDouble.scala:771:4 
[error] 771 |    new Ordering[NegDouble] {
[error]     |    ^
[error]     |object creation impossible, since def compare(x$0: T | Null, x$1: T | Null): Int in trait Comparator in package java.util is not defined 
[error]     |(The class implements a member with a different type: def compare
[error]     |  (x: org.scalactic.anyvals.NegDouble, y: org.scalactic.anyvals.NegDouble): Int in anonymous class Object with Ordering[org.scalactic.anyvals.NegDouble] {...} in
[error]     |  object NegDouble)
[error] -- Error: /Users/yixing/Desktop/scala_explicit_unsafe/scala_flexible_type_with_test_script/community-build/community-projects/scalatest/dotty/scalactic/target/scala-3.3.1-RC1-bin-SNAPSHOT/src_managed/main/org/scalactic/anyvals/NegFiniteDouble.scala:776:4 
[error] 776 |    new Ordering[NegFiniteDouble] {
[error]     |    ^
[error]     |object creation impossible, since def compare(x$0: T | Null, x$1: T | Null): Int in trait Comparator in package java.util is not defined 
[error]     |(The class implements a member with a different type: def compare
[error]     |  (x: org.scalactic.anyvals.NegFiniteDouble, y:
[error]     |    org.scalactic.anyvals.NegFiniteDouble): Int in anonymous class Object with Ordering[org.scalactic.anyvals.NegFiniteDouble]
[error]     |  {...} in object NegFiniteDouble)
[error] -- Error: /Users/yixing/Desktop/scala_explicit_unsafe/scala_flexible_type_with_test_script/community-build/community-projects/scalatest/dotty/scalactic/target/scala-3.3.1-RC1-bin-SNAPSHOT/src_managed/main/org/scalactic/anyvals/NegFiniteFloat.scala:843:4 
[error] 843 |    new Ordering[NegFiniteFloat] {
[error]     |    ^
[error]     |object creation impossible, since def compare(x$0: T | Null, x$1: T | Null): Int in trait Comparator in package java.util is not defined 
[error]     |(The class implements a member with a different type: def compare
[error]     |  (x: org.scalactic.anyvals.NegFiniteFloat, y:
[error]     |    org.scalactic.anyvals.NegFiniteFloat): Int in anonymous class Object with Ordering[org.scalactic.anyvals.NegFiniteFloat] {...}
[error]     |   in object NegFiniteFloat)
[error] -- Error: /Users/yixing/Desktop/scala_explicit_unsafe/scala_flexible_type_with_test_script/community-build/community-projects/scalatest/dotty/scalactic/target/scala-3.3.1-RC1-bin-SNAPSHOT/src_managed/main/org/scalactic/anyvals/NegFloat.scala:811:4 
[error] 811 |    new Ordering[NegFloat] {
[error]     |    ^
[error]     |object creation impossible, since def compare(x$0: T | Null, x$1: T | Null): Int in trait Comparator in package java.util is not defined 
[error]     |(The class implements a member with a different type: def compare
[error]     |  (x: org.scalactic.anyvals.NegFloat, y: org.scalactic.anyvals.NegFloat): Int in anonymous class Object with Ordering[org.scalactic.anyvals.NegFloat] {...} in
[error]     |  object NegFloat)
[error] -- Error: /Users/yixing/Desktop/scala_explicit_unsafe/scala_flexible_type_with_test_script/community-build/community-projects/scalatest/dotty/scalactic/target/scala-3.3.1-RC1-bin-SNAPSHOT/src_managed/main/org/scalactic/anyvals/NegInt.scala:1142:4 
[error] 1142 |    new Ordering[NegInt] {
[error]      |    ^
[error]      |object creation impossible, since def compare(x$0: T | Null, x$1: T | Null): Int in trait Comparator in package java.util is not defined 
[error]      |(The class implements a member with a different type: def compare
[error]      |  (x: org.scalactic.anyvals.NegInt, y: org.scalactic.anyvals.NegInt): Int in anonymous class Object with Ordering[org.scalactic.anyvals.NegInt] {...} in
[error]      |  object NegInt)
[error] -- Error: /Users/yixing/Desktop/scala_explicit_unsafe/scala_flexible_type_with_test_script/community-build/community-projects/scalatest/dotty/scalactic/target/scala-3.3.1-RC1-bin-SNAPSHOT/src_managed/main/org/scalactic/anyvals/NegLong.scala:1151:4 
[error] 1151 |    new Ordering[NegLong] {
[error]      |    ^
[error]      |object creation impossible, since def compare(x$0: T | Null, x$1: T | Null): Int in trait Comparator in package java.util is not defined 
[error]      |(The class implements a member with a different type: def compare
[error]      |  (x: org.scalactic.anyvals.NegLong, y: org.scalactic.anyvals.NegLong): Int in anonymous class Object with Ordering[org.scalactic.anyvals.NegLong] {...} in
[error]      |  object NegLong)
[error] -- Error: /Users/yixing/Desktop/scala_explicit_unsafe/scala_flexible_type_with_test_script/community-build/community-projects/scalatest/dotty/scalactic/target/scala-3.3.1-RC1-bin-SNAPSHOT/src_managed/main/org/scalactic/anyvals/NegZDouble.scala:752:4 
[error] 752 |    new Ordering[NegZDouble] {
[error]     |    ^
[error]     |object creation impossible, since def compare(x$0: T | Null, x$1: T | Null): Int in trait Comparator in package java.util is not defined 
[error]     |(The class implements a member with a different type: def compare
[error]     |  (x: org.scalactic.anyvals.NegZDouble, y: org.scalactic.anyvals.NegZDouble):
[error]     |    Int in anonymous class Object with Ordering[org.scalactic.anyvals.NegZDouble] {...} in
[error]     |  object NegZDouble)
[error] -- Error: /Users/yixing/Desktop/scala_explicit_unsafe/scala_flexible_type_with_test_script/community-build/community-projects/scalatest/dotty/scalactic/target/scala-3.3.1-RC1-bin-SNAPSHOT/src_managed/main/org/scalactic/anyvals/NegZFiniteDouble.scala:740:4 
[error] 740 |    new Ordering[NegZFiniteDouble] {
[error]     |    ^
[error]     |object creation impossible, since def compare(x$0: T | Null, x$1: T | Null): Int in trait Comparator in package java.util is not defined 
[error]     |(The class implements a member with a different type: def compare
[error]     |  (x: org.scalactic.anyvals.NegZFiniteDouble, y:
[error]     |    org.scalactic.anyvals.NegZFiniteDouble): Int in anonymous class Object with Ordering[org.scalactic.anyvals.NegZFiniteDouble]
[error]     |  {...} in object NegZFiniteDouble)
[error] -- Error: /Users/yixing/Desktop/scala_explicit_unsafe/scala_flexible_type_with_test_script/community-build/community-projects/scalatest/dotty/scalactic/target/scala-3.3.1-RC1-bin-SNAPSHOT/src_managed/main/org/scalactic/anyvals/NegZFiniteFloat.scala:780:4 
[error] 780 |    new Ordering[NegZFiniteFloat] {
[error]     |    ^
[error]     |object creation impossible, since def compare(x$0: T | Null, x$1: T | Null): Int in trait Comparator in package java.util is not defined 
[error]     |(The class implements a member with a different type: def compare
[error]     |  (x: org.scalactic.anyvals.NegZFiniteFloat, y:
[error]     |    org.scalactic.anyvals.NegZFiniteFloat): Int in anonymous class Object with Ordering[org.scalactic.anyvals.NegZFiniteFloat]
[error]     |  {...} in object NegZFiniteFloat)
[error] -- Error: /Users/yixing/Desktop/scala_explicit_unsafe/scala_flexible_type_with_test_script/community-build/community-projects/scalatest/dotty/scalactic/target/scala-3.3.1-RC1-bin-SNAPSHOT/src_managed/main/org/scalactic/anyvals/NegZFloat.scala:775:4 
[error] 775 |    new Ordering[NegZFloat] {
[error]     |    ^
[error]     |object creation impossible, since def compare(x$0: T | Null, x$1: T | Null): Int in trait Comparator in package java.util is not defined 
[error]     |(The class implements a member with a different type: def compare
[error]     |  (x: org.scalactic.anyvals.NegZFloat, y: org.scalactic.anyvals.NegZFloat): Int in anonymous class Object with Ordering[org.scalactic.anyvals.NegZFloat] {...} in
[error]     |  object NegZFloat)
[error] -- Error: /Users/yixing/Desktop/scala_explicit_unsafe/scala_flexible_type_with_test_script/community-build/community-projects/scalatest/dotty/scalactic/target/scala-3.3.1-RC1-bin-SNAPSHOT/src_managed/main/org/scalactic/anyvals/NegZInt.scala:1070:4 
[error] 1070 |    new Ordering[NegZInt] {
[error]      |    ^
[error]      |object creation impossible, since def compare(x$0: T | Null, x$1: T | Null): Int in trait Comparator in package java.util is not defined 
[error]      |(The class implements a member with a different type: def compare
[error]      |  (x: org.scalactic.anyvals.NegZInt, y: org.scalactic.anyvals.NegZInt): Int in anonymous class Object with Ordering[org.scalactic.anyvals.NegZInt] {...} in
[error]      |  object NegZInt)
[error] -- Error: /Users/yixing/Desktop/scala_explicit_unsafe/scala_flexible_type_with_test_script/community-build/community-projects/scalatest/dotty/scalactic/target/scala-3.3.1-RC1-bin-SNAPSHOT/src_managed/main/org/scalactic/anyvals/NegZLong.scala:1097:4 
[error] 1097 |    new Ordering[NegZLong] {
[error]      |    ^
[error]      |object creation impossible, since def compare(x$0: T | Null, x$1: T | Null): Int in trait Comparator in package java.util is not defined 
[error]      |(The class implements a member with a different type: def compare
[error]      |  (x: org.scalactic.anyvals.NegZLong, y: org.scalactic.anyvals.NegZLong): Int in anonymous class Object with Ordering[org.scalactic.anyvals.NegZLong] {...} in
[error]      |  object NegZLong)
[error] -- Error: /Users/yixing/Desktop/scala_explicit_unsafe/scala_flexible_type_with_test_script/community-build/community-projects/scalatest/dotty/scalactic/target/scala-3.3.1-RC1-bin-SNAPSHOT/src_managed/main/org/scalactic/anyvals/NonZeroDouble.scala:733:4 
[error] 733 |    new Ordering[NonZeroDouble] {
[error]     |    ^
[error]     |object creation impossible, since def compare(x$0: T | Null, x$1: T | Null): Int in trait Comparator in package java.util is not defined 
[error]     |(The class implements a member with a different type: def compare
[error]     |  (x: org.scalactic.anyvals.NonZeroDouble, y:
[error]     |    org.scalactic.anyvals.NonZeroDouble): Int in anonymous class Object with Ordering[org.scalactic.anyvals.NonZeroDouble] {...}
[error]     |   in object NonZeroDouble)
[error] -- Error: /Users/yixing/Desktop/scala_explicit_unsafe/scala_flexible_type_with_test_script/community-build/community-projects/scalatest/dotty/scalactic/target/scala-3.3.1-RC1-bin-SNAPSHOT/src_managed/main/org/scalactic/anyvals/NonZeroFiniteDouble.scala:722:4 
[error] 722 |    new Ordering[NonZeroFiniteDouble] {
[error]     |    ^
[error]     |object creation impossible, since def compare(x$0: T | Null, x$1: T | Null): Int in trait Comparator in package java.util is not defined 
[error]     |(The class implements a member with a different type: def compare
[error]     |  (x: org.scalactic.anyvals.NonZeroFiniteDouble, y:
[error]     |    org.scalactic.anyvals.NonZeroFiniteDouble): Int in anonymous class Object with Ordering[org.scalactic.anyvals.NonZeroFiniteDouble]
[error]     |  {...} in object NonZeroFiniteDouble)
[error] -- Error: /Users/yixing/Desktop/scala_explicit_unsafe/scala_flexible_type_with_test_script/community-build/community-projects/scalatest/dotty/scalactic/target/scala-3.3.1-RC1-bin-SNAPSHOT/src_managed/main/org/scalactic/anyvals/NonZeroFiniteFloat.scala:762:4 
[error] 762 |    new Ordering[NonZeroFiniteFloat] {
[error]     |    ^
[error]     |object creation impossible, since def compare(x$0: T | Null, x$1: T | Null): Int in trait Comparator in package java.util is not defined 
[error]     |(The class implements a member with a different type: def compare
[error]     |  (x: org.scalactic.anyvals.NonZeroFiniteFloat, y:
[error]     |    org.scalactic.anyvals.NonZeroFiniteFloat): Int in anonymous class Object with Ordering[org.scalactic.anyvals.NonZeroFiniteFloat]
[error]     |  {...} in object NonZeroFiniteFloat)
[error] -- Error: /Users/yixing/Desktop/scala_explicit_unsafe/scala_flexible_type_with_test_script/community-build/community-projects/scalatest/dotty/scalactic/target/scala-3.3.1-RC1-bin-SNAPSHOT/src_managed/main/org/scalactic/anyvals/NonZeroFloat.scala:756:4 
[error] 756 |    new Ordering[NonZeroFloat] {
[error]     |    ^
[error]     |object creation impossible, since def compare(x$0: T | Null, x$1: T | Null): Int in trait Comparator in package java.util is not defined 
[error]     |(The class implements a member with a different type: def compare
[error]     |  (x: org.scalactic.anyvals.NonZeroFloat, y: org.scalactic.anyvals.NonZeroFloat)
[error]     |    : Int in anonymous class Object with Ordering[org.scalactic.anyvals.NonZeroFloat] {...}
[error]     |   in object NonZeroFloat)
[error] -- Error: /Users/yixing/Desktop/scala_explicit_unsafe/scala_flexible_type_with_test_script/community-build/community-projects/scalatest/dotty/scalactic/target/scala-3.3.1-RC1-bin-SNAPSHOT/src_managed/main/org/scalactic/anyvals/NonZeroInt.scala:1070:4 
[error] 1070 |    new Ordering[NonZeroInt] {
[error]      |    ^
[error]      |object creation impossible, since def compare(x$0: T | Null, x$1: T | Null): Int in trait Comparator in package java.util is not defined 
[error]      |(The class implements a member with a different type: def compare
[error]      |  (x: org.scalactic.anyvals.NonZeroInt, y: org.scalactic.anyvals.NonZeroInt):
[error]      |    Int in anonymous class Object with Ordering[org.scalactic.anyvals.NonZeroInt] {...} in
[error]      |  object NonZeroInt)
[error] -- Error: /Users/yixing/Desktop/scala_explicit_unsafe/scala_flexible_type_with_test_script/community-build/community-projects/scalatest/dotty/scalactic/target/scala-3.3.1-RC1-bin-SNAPSHOT/src_managed/main/org/scalactic/anyvals/NonZeroLong.scala:1097:4 
[error] 1097 |    new Ordering[NonZeroLong] {
[error]      |    ^
[error]      |object creation impossible, since def compare(x$0: T | Null, x$1: T | Null): Int in trait Comparator in package java.util is not defined 
[error]      |(The class implements a member with a different type: def compare
[error]      |  (x: org.scalactic.anyvals.NonZeroLong, y: org.scalactic.anyvals.NonZeroLong):
[error]      |    Int in anonymous class Object with Ordering[org.scalactic.anyvals.NonZeroLong] {...}
[error]      |   in object NonZeroLong)
[error] -- Error: /Users/yixing/Desktop/scala_explicit_unsafe/scala_flexible_type_with_test_script/community-build/community-projects/scalatest/dotty/scalactic/target/scala-3.3.1-RC1-bin-SNAPSHOT/src_managed/main/org/scalactic/anyvals/PosDouble.scala:771:4 
[error] 771 |    new Ordering[PosDouble] {
[error]     |    ^
[error]     |object creation impossible, since def compare(x$0: T | Null, x$1: T | Null): Int in trait Comparator in package java.util is not defined 
[error]     |(The class implements a member with a different type: def compare
[error]     |  (x: org.scalactic.anyvals.PosDouble, y: org.scalactic.anyvals.PosDouble): Int in anonymous class Object with Ordering[org.scalactic.anyvals.PosDouble] {...} in
[error]     |  object PosDouble)
[error] -- Error: /Users/yixing/Desktop/scala_explicit_unsafe/scala_flexible_type_with_test_script/community-build/community-projects/scalatest/dotty/scalactic/target/scala-3.3.1-RC1-bin-SNAPSHOT/src_managed/main/org/scalactic/anyvals/PosDouble.scala:791:4 
[error] 791 |    new Ordering[PosDouble] {
[error]     |    ^
[error]     |object creation impossible, since def compare(x$0: T | Null, x$1: T | Null): Int in trait Comparator in package java.util is not defined 
[error]     |(The class implements a member with a different type: def compare
[error]     |  (x: org.scalactic.anyvals.PosDouble, y: org.scalactic.anyvals.PosDouble): Int in anonymous class Object with Ordering[org.scalactic.anyvals.PosDouble] {...} in
[error]     |  object PosDouble)
[error] -- Error: /Users/yixing/Desktop/scala_explicit_unsafe/scala_flexible_type_with_test_script/community-build/community-projects/scalatest/dotty/scalactic/target/scala-3.3.1-RC1-bin-SNAPSHOT/src_managed/main/org/scalactic/anyvals/PosFiniteDouble.scala:776:4 
[error] 776 |    new Ordering[PosFiniteDouble] {
[error]     |    ^
[error]     |object creation impossible, since def compare(x$0: T | Null, x$1: T | Null): Int in trait Comparator in package java.util is not defined 
[error]     |(The class implements a member with a different type: def compare
[error]     |  (x: org.scalactic.anyvals.PosFiniteDouble, y:
[error]     |    org.scalactic.anyvals.PosFiniteDouble): Int in anonymous class Object with Ordering[org.scalactic.anyvals.PosFiniteDouble]
[error]     |  {...} in object PosFiniteDouble)
[error] -- Error: /Users/yixing/Desktop/scala_explicit_unsafe/scala_flexible_type_with_test_script/community-build/community-projects/scalatest/dotty/scalactic/target/scala-3.3.1-RC1-bin-SNAPSHOT/src_managed/main/org/scalactic/anyvals/PosFiniteFloat.scala:843:4 
[error] 843 |    new Ordering[PosFiniteFloat] {
[error]     |    ^
[error]     |object creation impossible, since def compare(x$0: T | Null, x$1: T | Null): Int in trait Comparator in package java.util is not defined 
[error]     |(The class implements a member with a different type: def compare
[error]     |  (x: org.scalactic.anyvals.PosFiniteFloat, y:
[error]     |    org.scalactic.anyvals.PosFiniteFloat): Int in anonymous class Object with Ordering[org.scalactic.anyvals.PosFiniteFloat] {...}
[error]     |   in object PosFiniteFloat)
[error] -- Error: /Users/yixing/Desktop/scala_explicit_unsafe/scala_flexible_type_with_test_script/community-build/community-projects/scalatest/dotty/scalactic/target/scala-3.3.1-RC1-bin-SNAPSHOT/src_managed/main/org/scalactic/anyvals/PosFloat.scala:811:4 
[error] 811 |    new Ordering[PosFloat] {
[error]     |    ^
[error]     |object creation impossible, since def compare(x$0: T | Null, x$1: T | Null): Int in trait Comparator in package java.util is not defined 
[error]     |(The class implements a member with a different type: def compare
[error]     |  (x: org.scalactic.anyvals.PosFloat, y: org.scalactic.anyvals.PosFloat): Int in anonymous class Object with Ordering[org.scalactic.anyvals.PosFloat] {...} in
[error]     |  object PosFloat)
[error] -- Error: /Users/yixing/Desktop/scala_explicit_unsafe/scala_flexible_type_with_test_script/community-build/community-projects/scalatest/dotty/scalactic/target/scala-3.3.1-RC1-bin-SNAPSHOT/src_managed/main/org/scalactic/anyvals/PosFloat.scala:831:4 
[error] 831 |    new Ordering[PosFloat] {
[error]     |    ^
[error]     |object creation impossible, since def compare(x$0: T | Null, x$1: T | Null): Int in trait Comparator in package java.util is not defined 
[error]     |(The class implements a member with a different type: def compare
[error]     |  (x: org.scalactic.anyvals.PosFloat, y: org.scalactic.anyvals.PosFloat): Int in anonymous class Object with Ordering[org.scalactic.anyvals.PosFloat] {...} in
[error]     |  object PosFloat)
[error] -- Error: /Users/yixing/Desktop/scala_explicit_unsafe/scala_flexible_type_with_test_script/community-build/community-projects/scalatest/dotty/scalactic/target/scala-3.3.1-RC1-bin-SNAPSHOT/src_managed/main/org/scalactic/anyvals/PosInt.scala:1142:4 
[error] 1142 |    new Ordering[PosInt] {
[error]      |    ^
[error]      |object creation impossible, since def compare(x$0: T | Null, x$1: T | Null): Int in trait Comparator in package java.util is not defined 
[error]      |(The class implements a member with a different type: def compare
[error]      |  (x: org.scalactic.anyvals.PosInt, y: org.scalactic.anyvals.PosInt): Int in anonymous class Object with Ordering[org.scalactic.anyvals.PosInt] {...} in
[error]      |  object PosInt)
[error] -- Error: /Users/yixing/Desktop/scala_explicit_unsafe/scala_flexible_type_with_test_script/community-build/community-projects/scalatest/dotty/scalactic/target/scala-3.3.1-RC1-bin-SNAPSHOT/src_managed/main/org/scalactic/anyvals/PosInt.scala:1152:4 
[error] 1152 |    new Ordering[PosInt] {
[error]      |    ^
[error]      |object creation impossible, since def compare(x$0: T | Null, x$1: T | Null): Int in trait Comparator in package java.util is not defined 
[error]      |(The class implements a member with a different type: def compare
[error]      |  (x: org.scalactic.anyvals.PosInt, y: org.scalactic.anyvals.PosInt): Int in anonymous class Object with Ordering[org.scalactic.anyvals.PosInt] {...} in
[error]      |  object PosInt)
[error] -- Error: /Users/yixing/Desktop/scala_explicit_unsafe/scala_flexible_type_with_test_script/community-build/community-projects/scalatest/dotty/scalactic/target/scala-3.3.1-RC1-bin-SNAPSHOT/src_managed/main/org/scalactic/anyvals/PosLong.scala:1151:4 
[error] 1151 |    new Ordering[PosLong] {
[error]      |    ^
[error]      |object creation impossible, since def compare(x$0: T | Null, x$1: T | Null): Int in trait Comparator in package java.util is not defined 
[error]      |(The class implements a member with a different type: def compare
[error]      |  (x: org.scalactic.anyvals.PosLong, y: org.scalactic.anyvals.PosLong): Int in anonymous class Object with Ordering[org.scalactic.anyvals.PosLong] {...} in
[error]      |  object PosLong)
[error] -- Error: /Users/yixing/Desktop/scala_explicit_unsafe/scala_flexible_type_with_test_script/community-build/community-projects/scalatest/dotty/scalactic/target/scala-3.3.1-RC1-bin-SNAPSHOT/src_managed/main/org/scalactic/anyvals/PosLong.scala:1161:4 
[error] 1161 |    new Ordering[PosLong] {
[error]      |    ^
[error]      |object creation impossible, since def compare(x$0: T | Null, x$1: T | Null): Int in trait Comparator in package java.util is not defined 
[error]      |(The class implements a member with a different type: def compare
[error]      |  (x: org.scalactic.anyvals.PosLong, y: org.scalactic.anyvals.PosLong): Int in anonymous class Object with Ordering[org.scalactic.anyvals.PosLong] {...} in
[error]      |  object PosLong)
[error] -- Error: /Users/yixing/Desktop/scala_explicit_unsafe/scala_flexible_type_with_test_script/community-build/community-projects/scalatest/dotty/scalactic/target/scala-3.3.1-RC1-bin-SNAPSHOT/src_managed/main/org/scalactic/anyvals/PosZDouble.scala:752:4 
[error] 752 |    new Ordering[PosZDouble] {
[error]     |    ^
[error]     |object creation impossible, since def compare(x$0: T | Null, x$1: T | Null): Int in trait Comparator in package java.util is not defined 
[error]     |(The class implements a member with a different type: def compare
[error]     |  (x: org.scalactic.anyvals.PosZDouble, y: org.scalactic.anyvals.PosZDouble):
[error]     |    Int in anonymous class Object with Ordering[org.scalactic.anyvals.PosZDouble] {...} in
[error]     |  object PosZDouble)
[error] -- Error: /Users/yixing/Desktop/scala_explicit_unsafe/scala_flexible_type_with_test_script/community-build/community-projects/scalatest/dotty/scalactic/target/scala-3.3.1-RC1-bin-SNAPSHOT/src_managed/main/org/scalactic/anyvals/PosZDouble.scala:772:4 
[error] 772 |    new Ordering[PosZDouble] {
[error]     |    ^
[error]     |object creation impossible, since def compare(x$0: T | Null, x$1: T | Null): Int in trait Comparator in package java.util is not defined 
[error]     |(The class implements a member with a different type: def compare
[error]     |  (x: org.scalactic.anyvals.PosZDouble, y: org.scalactic.anyvals.PosZDouble):
[error]     |    Int in anonymous class Object with Ordering[org.scalactic.anyvals.PosZDouble] {...} in
[error]     |  object PosZDouble)
[error] -- Error: /Users/yixing/Desktop/scala_explicit_unsafe/scala_flexible_type_with_test_script/community-build/community-projects/scalatest/dotty/scalactic/target/scala-3.3.1-RC1-bin-SNAPSHOT/src_managed/main/org/scalactic/anyvals/PosZFiniteDouble.scala:740:4 
[error] 740 |    new Ordering[PosZFiniteDouble] {
[error]     |    ^
[error]     |object creation impossible, since def compare(x$0: T | Null, x$1: T | Null): Int in trait Comparator in package java.util is not defined 
[error]     |(The class implements a member with a different type: def compare
[error]     |  (x: org.scalactic.anyvals.PosZFiniteDouble, y:
[error]     |    org.scalactic.anyvals.PosZFiniteDouble): Int in anonymous class Object with Ordering[org.scalactic.anyvals.PosZFiniteDouble]
[error]     |  {...} in object PosZFiniteDouble)
[error] -- Error: /Users/yixing/Desktop/scala_explicit_unsafe/scala_flexible_type_with_test_script/community-build/community-projects/scalatest/dotty/scalactic/target/scala-3.3.1-RC1-bin-SNAPSHOT/src_managed/main/org/scalactic/anyvals/PosZFiniteFloat.scala:780:4 
[error] 780 |    new Ordering[PosZFiniteFloat] {
[error]     |    ^
[error]     |object creation impossible, since def compare(x$0: T | Null, x$1: T | Null): Int in trait Comparator in package java.util is not defined 
[error]     |(The class implements a member with a different type: def compare
[error]     |  (x: org.scalactic.anyvals.PosZFiniteFloat, y:
[error]     |    org.scalactic.anyvals.PosZFiniteFloat): Int in anonymous class Object with Ordering[org.scalactic.anyvals.PosZFiniteFloat]
[error]     |  {...} in object PosZFiniteFloat)
[error] -- Error: /Users/yixing/Desktop/scala_explicit_unsafe/scala_flexible_type_with_test_script/community-build/community-projects/scalatest/dotty/scalactic/target/scala-3.3.1-RC1-bin-SNAPSHOT/src_managed/main/org/scalactic/anyvals/PosZFloat.scala:775:4 
[error] 775 |    new Ordering[PosZFloat] {
[error]     |    ^
[error]     |object creation impossible, since def compare(x$0: T | Null, x$1: T | Null): Int in trait Comparator in package java.util is not defined 
[error]     |(The class implements a member with a different type: def compare
[error]     |  (x: org.scalactic.anyvals.PosZFloat, y: org.scalactic.anyvals.PosZFloat): Int in anonymous class Object with Ordering[org.scalactic.anyvals.PosZFloat] {...} in
[error]     |  object PosZFloat)
[error] -- Error: /Users/yixing/Desktop/scala_explicit_unsafe/scala_flexible_type_with_test_script/community-build/community-projects/scalatest/dotty/scalactic/target/scala-3.3.1-RC1-bin-SNAPSHOT/src_managed/main/org/scalactic/anyvals/PosZFloat.scala:795:4 
[error] 795 |    new Ordering[PosZFloat] {
[error]     |    ^
[error]     |object creation impossible, since def compare(x$0: T | Null, x$1: T | Null): Int in trait Comparator in package java.util is not defined 
[error]     |(The class implements a member with a different type: def compare
[error]     |  (x: org.scalactic.anyvals.PosZFloat, y: org.scalactic.anyvals.PosZFloat): Int in anonymous class Object with Ordering[org.scalactic.anyvals.PosZFloat] {...} in
[error]     |  object PosZFloat)
[error] -- Error: /Users/yixing/Desktop/scala_explicit_unsafe/scala_flexible_type_with_test_script/community-build/community-projects/scalatest/dotty/scalactic/target/scala-3.3.1-RC1-bin-SNAPSHOT/src_managed/main/org/scalactic/anyvals/PosZInt.scala:1070:4 
[error] 1070 |    new Ordering[PosZInt] {
[error]      |    ^
[error]      |object creation impossible, since def compare(x$0: T | Null, x$1: T | Null): Int in trait Comparator in package java.util is not defined 
[error]      |(The class implements a member with a different type: def compare
[error]      |  (x: org.scalactic.anyvals.PosZInt, y: org.scalactic.anyvals.PosZInt): Int in anonymous class Object with Ordering[org.scalactic.anyvals.PosZInt] {...} in
[error]      |  object PosZInt)
[error] -- Error: /Users/yixing/Desktop/scala_explicit_unsafe/scala_flexible_type_with_test_script/community-build/community-projects/scalatest/dotty/scalactic/target/scala-3.3.1-RC1-bin-SNAPSHOT/src_managed/main/org/scalactic/anyvals/PosZInt.scala:1080:4 
[error] 1080 |    new Ordering[PosZInt] {
[error]      |    ^
[error]      |object creation impossible, since def compare(x$0: T | Null, x$1: T | Null): Int in trait Comparator in package java.util is not defined 
[error]      |(The class implements a member with a different type: def compare
[error]      |  (x: org.scalactic.anyvals.PosZInt, y: org.scalactic.anyvals.PosZInt): Int in anonymous class Object with Ordering[org.scalactic.anyvals.PosZInt] {...} in
[error]      |  object PosZInt)
[error] -- Error: /Users/yixing/Desktop/scala_explicit_unsafe/scala_flexible_type_with_test_script/community-build/community-projects/scalatest/dotty/scalactic/target/scala-3.3.1-RC1-bin-SNAPSHOT/src_managed/main/org/scalactic/anyvals/PosZLong.scala:1097:4 
[error] 1097 |    new Ordering[PosZLong] {
[error]      |    ^
[error]      |object creation impossible, since def compare(x$0: T | Null, x$1: T | Null): Int in trait Comparator in package java.util is not defined 
[error]      |(The class implements a member with a different type: def compare
[error]      |  (x: org.scalactic.anyvals.PosZLong, y: org.scalactic.anyvals.PosZLong): Int in anonymous class Object with Ordering[org.scalactic.anyvals.PosZLong] {...} in
[error]      |  object PosZLong)
[error] -- Error: /Users/yixing/Desktop/scala_explicit_unsafe/scala_flexible_type_with_test_script/community-build/community-projects/scalatest/dotty/scalactic/target/scala-3.3.1-RC1-bin-SNAPSHOT/src_managed/main/org/scalactic/anyvals/PosZLong.scala:1107:4 
[error] 1107 |    new Ordering[PosZLong] {
[error]      |    ^
[error]      |object creation impossible, since def compare(x$0: T | Null, x$1: T | Null): Int in trait Comparator in package java.util is not defined 
[error]      |(The class implements a member with a different type: def compare
[error]      |  (x: org.scalactic.anyvals.PosZLong, y: org.scalactic.anyvals.PosZLong): Int in anonymous class Object with Ordering[org.scalactic.anyvals.PosZLong] {...} in
[error]      |  object PosZLong)
[error] 40 errors found
[error] (scalacticDotty / Compile / compileIncremental) Compilation failed
[error] Total time: 21 s, completed Jun 29, 2023 7:57:20 AM
[error] Test dotty.communitybuild.CommunityBuildTestC.onnxScala failed: java.lang.RuntimeException: Publish command exited with code 1 for project scalatest. Project details:
[error] SbtCommunityProject(scalatest,scalacticDotty/clean; scalacticDottyJS/clean; set scalatestTestDotty / Test / managedSources ~= (_.filterNot(_.getName == "GeneratorSpec.scala").filterNot(_.getName == "FrameworkSuite.scala").filterNot(_.getName == "WaitersSpec.scala").filterNot(_.getName == "TestSortingReporterSpec.scala").filterNot(_.getName == "JavaFuturesSpec.scala").filterNot(_.getName == "ParallelTestExecutionSpec.scala").filterNot(_.getName == "TimeLimitsSpec.scala").filterNot(_.getName == "DispatchReporterSpec.scala").filterNot(_.getName == "TestThreadsStartingCounterSpec.scala").filterNot(_.getName == "SuiteSortingReporterSpec.scala").filterNot(_.getName == "CommonGeneratorsSpec.scala").filterNot(_.getName == "PropCheckerAssertingSpec.scala").filterNot(_.getName == "ConductorMethodsSuite.scala").filterNot(_.getName == "EventuallySpec.scala")); set scalacticTestDotty / Test / managedSources ~= (_.filterNot(_.getName == "NonEmptyArraySpec.scala")); set genRegularTests4 / Test / managedSources ~= (_.filterNot(_.getName == "FrameworkSuite.scala").filterNot(_.getName == "GeneratorSpec.scala").filterNot(_.getName == "CommonGeneratorsSpec.scala").filterNot(_.getName == "ParallelTestExecutionSpec.scala").filterNot(_.getName == "DispatchReporterSpec.scala").filterNot(_.getName == "TestThreadsStartingCounterSpec.scala").filterNot(_.getName == "EventuallySpec.scala")); scalacticTestDotty/test; scalatestTestDotty/test; scalacticDottyJS/compile; scalatestDottyJS/compile,List(),List(SbtCommunityProject(scala-xml,xml/test,List(),List(),dotty.communitybuild.SbtCommunityProject$$$Lambda$19/1378825790@32ad4002,xml/publishLocal,xml/doc,List(-Xcheck-macros, -Ysafe-init, -Yexplicit-nulls, -language:unsafeNulls),false)),dotty.communitybuild.projects$$$Lambda$23/552510196@16650dcc,scalacticDotty/publishLocal; scalatestDotty/publishLocal; scalacticDottyJS/publishLocal; scalatestDottyJS/publishLocal,;scalacticDotty/doc,List(-Xcheck-macros, -Ysafe-init, -Yexplicit-nulls, -language:unsafeNulls),false), took 181.626 sec
[error]     at dotty.communitybuild.CommunityProject.publish(projects.scala:64)
[error]     at dotty.communitybuild.CommunityProject.publish$(projects.scala:35)
[error]     at dotty.communitybuild.SbtCommunityProject.publish(projects.scala:104)
[error]     at dotty.communitybuild.CommunityBuildRunner$.run$$anonfun$1(CommunityBuildRunner.scala:24)
[error]     at scala.runtime.function.JProcedure1.apply(JProcedure1.java:15)
[error]     at scala.runtime.function.JProcedure1.apply(JProcedure1.java:10)
[error]     at scala.collection.immutable.List.foreach(List.scala:333)
[error]     at dotty.communitybuild.CommunityBuildRunner$.run(CommunityBuildRunner.scala:24)
[error]     at dotty.communitybuild.CommunityBuildTestC.onnxScala(CommunityBuildTest.scala:75)
[error]     ...
[info] Test run dotty.communitybuild.CommunityBuildTestC finished: 1 failed, 0 ignored, 1 total, 181.632s
********************************************************************************
Failed projects:
 - dotty.communitybuild.CommunityBuildTestC.onnxScala
********************************************************************************
[info] Test run dotty.communitybuild.CommunityBuildTestB started
[info] Test run dotty.communitybuild.CommunityBuildTestB finished: 0 failed, 0 ignored, 0 total, 0.0s
[error] Failed: Total 1, Failed 1, Errors 0, Passed 0
[error] Failed tests:
[error] 	dotty.communitybuild.CommunityBuildTestC
[error] (community-build / Test / testOnly) sbt.TestsFailedException: Tests unsuccessful
[error] Total time: 215 s (03:35), completed Jun 29, 2023 7:57:21 AM
