[info] welcome to sbt 1.8.0 (Oracle Corporation Java 9.0.4)
[info] loading global plugins from /Users/y3536zha/.sbt/1.0/plugins
[info] loading settings for project scala_flexible_type_with_test_script-build-build from build.sbt ...
[info] loading project definition from /Users/y3536zha/Desktop/scala_explicit_unsafe_2/scala_flexible_type_with_test_script/project/project
[info] loading settings for project scala_flexible_type_with_test_script-build from build.sbt,plugins.sbt ...
[info] loading project definition from /Users/y3536zha/Desktop/scala_explicit_unsafe_2/scala_flexible_type_with_test_script/project
[info] loading settings for project scala3 from build.sbt ...
[info] resolving key references (31394 settings) ...
[info] set current project to scala3 (in build file:/Users/y3536zha/Desktop/scala_explicit_unsafe_2/scala_flexible_type_with_test_script/)
SLF4J: No SLF4J providers were found.
SLF4J: Defaulting to no-operation (NOP) logger implementation
SLF4J: See https://www.slf4j.org/codes.html#noProviders for further details.
SLF4J: Class path contains SLF4J bindings targeting slf4j-api versions 1.7.x or earlier.
SLF4J: Ignoring binding found at [jar:file:/Users/y3536zha/.sbt/boot/scala-2.12.17/org.scala-sbt/sbt/1.8.0/log4j-slf4j-impl-2.17.1.jar!/org/slf4j/impl/StaticLoggerBinder.class]
SLF4J: See https://www.slf4j.org/codes.html#ignoredBindings for an explanation.
[info] Wrote /Users/y3536zha/Desktop/scala_explicit_unsafe_2/scala_flexible_type_with_test_script/tasty/../out/bootstrap/tasty-core-bootstrapped/scala-3.3.1-RC1-bin-SNAPSHOT-nonbootstrapped/tasty-core_3-3.3.1-RC1-bin-SNAPSHOT.pom
[info] Wrote /Users/y3536zha/Desktop/scala_explicit_unsafe_2/scala_flexible_type_with_test_script/interfaces/target/scala3-interfaces-3.3.1-RC1-bin-SNAPSHOT.pom
[info] Wrote /Users/y3536zha/Desktop/scala_explicit_unsafe_2/scala_flexible_type_with_test_script/library/../out/bootstrap/scala3-library-bootstrapped/scala-3.3.1-RC1-bin-SNAPSHOT-nonbootstrapped/scala3-library_3-3.3.1-RC1-bin-SNAPSHOT.pom
[info] Wrote /Users/y3536zha/Desktop/scala_explicit_unsafe_2/scala_flexible_type_with_test_script/library-js/../out/bootstrap/scala3-library-bootstrappedJS/scala-3.3.1-RC1-bin-SNAPSHOT-nonbootstrapped/scala3-library_sjs1_3-3.3.1-RC1-bin-SNAPSHOT.pom
[info] Wrote /Users/y3536zha/Desktop/scala_explicit_unsafe_2/scala_flexible_type_with_test_script/sbt-bridge/src/target/scala3-sbt-bridge-3.3.1-RC1-bin-SNAPSHOT.pom
[info] Wrote /Users/y3536zha/Desktop/scala_explicit_unsafe_2/scala_flexible_type_with_test_script/tasty-inspector/../out/bootstrap/scala3-tasty-inspector/scala-3.3.1-RC1-bin-SNAPSHOT-nonbootstrapped/scala3-tasty-inspector_3-3.3.1-RC1-bin-SNAPSHOT.pom
[info] Wrote /Users/y3536zha/Desktop/scala_explicit_unsafe_2/scala_flexible_type_with_test_script/compiler/../out/bootstrap/scala3-compiler-bootstrapped/scala-3.3.1-RC1-bin-SNAPSHOT-nonbootstrapped/scala3-compiler_3-3.3.1-RC1-bin-SNAPSHOT.pom
[info] Wrote /Users/y3536zha/Desktop/scala_explicit_unsafe_2/scala_flexible_type_with_test_script/sbt-community-build/target/scala-2.12/sbt-1.0/sbt-community-build-0.1.0-SNAPSHOT.pom
[info] Wrote /Users/y3536zha/Desktop/scala_explicit_unsafe_2/scala_flexible_type_with_test_script/scaladoc/../out/bootstrap/scaladoc/scala-3.3.1-RC1-bin-SNAPSHOT-nonbootstrapped/scaladoc_3-3.3.1-RC1-bin-SNAPSHOT.pom
[info] :: delivering :: ch.epfl.lamp#sbt-community-build;0.1.0-SNAPSHOT :: 0.1.0-SNAPSHOT :: integration :: Thu Jun 22 04:05:02 EDT 2023
[info] 	delivering ivy file to /Users/y3536zha/Desktop/scala_explicit_unsafe_2/scala_flexible_type_with_test_script/sbt-community-build/target/scala-2.12/sbt-1.0/ivy-0.1.0-SNAPSHOT.xml
[info] 	published sbt-community-build to /Users/y3536zha/.ivy2/local/ch.epfl.lamp/sbt-community-build/scala_2.12/sbt_1.0/0.1.0-SNAPSHOT/poms/sbt-community-build.pom
[info] 	published sbt-community-build to /Users/y3536zha/.ivy2/local/ch.epfl.lamp/sbt-community-build/scala_2.12/sbt_1.0/0.1.0-SNAPSHOT/jars/sbt-community-build.jar
[info] 	published sbt-community-build to /Users/y3536zha/.ivy2/local/ch.epfl.lamp/sbt-community-build/scala_2.12/sbt_1.0/0.1.0-SNAPSHOT/srcs/sbt-community-build-sources.jar
[info] 	published sbt-community-build to /Users/y3536zha/.ivy2/local/ch.epfl.lamp/sbt-community-build/scala_2.12/sbt_1.0/0.1.0-SNAPSHOT/docs/sbt-community-build-javadoc.jar
[info] 	published ivy to /Users/y3536zha/.ivy2/local/ch.epfl.lamp/sbt-community-build/scala_2.12/sbt_1.0/0.1.0-SNAPSHOT/ivys/ivy.xml
[info] :: delivering :: org.scala-lang#scala3-interfaces;3.3.1-RC1-bin-SNAPSHOT :: 3.3.1-RC1-bin-SNAPSHOT :: integration :: Thu Jun 22 04:05:02 EDT 2023
[info] 	delivering ivy file to /Users/y3536zha/Desktop/scala_explicit_unsafe_2/scala_flexible_type_with_test_script/interfaces/target/ivy-3.3.1-RC1-bin-SNAPSHOT.xml
[info] 	published scala3-interfaces to /Users/y3536zha/.ivy2/local/org.scala-lang/scala3-interfaces/3.3.1-RC1-bin-SNAPSHOT/poms/scala3-interfaces.pom
[info] 	published scala3-interfaces to /Users/y3536zha/.ivy2/local/org.scala-lang/scala3-interfaces/3.3.1-RC1-bin-SNAPSHOT/jars/scala3-interfaces.jar
[info] 	published scala3-interfaces to /Users/y3536zha/.ivy2/local/org.scala-lang/scala3-interfaces/3.3.1-RC1-bin-SNAPSHOT/srcs/scala3-interfaces-sources.jar
[info] 	published scala3-interfaces to /Users/y3536zha/.ivy2/local/org.scala-lang/scala3-interfaces/3.3.1-RC1-bin-SNAPSHOT/docs/scala3-interfaces-javadoc.jar
[info] 	published ivy to /Users/y3536zha/.ivy2/local/org.scala-lang/scala3-interfaces/3.3.1-RC1-bin-SNAPSHOT/ivys/ivy.xml
[info] :: delivering :: org.scala-lang#scala3-sbt-bridge;3.3.1-RC1-bin-SNAPSHOT :: 3.3.1-RC1-bin-SNAPSHOT :: integration :: Thu Jun 22 04:05:03 EDT 2023
[info] 	delivering ivy file to /Users/y3536zha/Desktop/scala_explicit_unsafe_2/scala_flexible_type_with_test_script/sbt-bridge/src/target/ivy-3.3.1-RC1-bin-SNAPSHOT.xml
[info] 	published scala3-sbt-bridge to /Users/y3536zha/.ivy2/local/org.scala-lang/scala3-sbt-bridge/3.3.1-RC1-bin-SNAPSHOT/poms/scala3-sbt-bridge.pom
[info] 	published scala3-sbt-bridge to /Users/y3536zha/.ivy2/local/org.scala-lang/scala3-sbt-bridge/3.3.1-RC1-bin-SNAPSHOT/jars/scala3-sbt-bridge.jar
[info] 	published scala3-sbt-bridge to /Users/y3536zha/.ivy2/local/org.scala-lang/scala3-sbt-bridge/3.3.1-RC1-bin-SNAPSHOT/srcs/scala3-sbt-bridge-sources.jar
[info] 	published scala3-sbt-bridge to /Users/y3536zha/.ivy2/local/org.scala-lang/scala3-sbt-bridge/3.3.1-RC1-bin-SNAPSHOT/docs/scala3-sbt-bridge-javadoc.jar
[info] 	published ivy to /Users/y3536zha/.ivy2/local/org.scala-lang/scala3-sbt-bridge/3.3.1-RC1-bin-SNAPSHOT/ivys/ivy.xml
[info] :: delivering :: org.scala-lang#tasty-core_3;3.3.1-RC1-bin-SNAPSHOT :: 3.3.1-RC1-bin-SNAPSHOT :: integration :: Thu Jun 22 04:05:06 EDT 2023
[info] 	delivering ivy file to /Users/y3536zha/Desktop/scala_explicit_unsafe_2/scala_flexible_type_with_test_script/out/bootstrap/tasty-core-bootstrapped/scala-3.3.1-RC1-bin-SNAPSHOT-nonbootstrapped/ivy-3.3.1-RC1-bin-SNAPSHOT.xml
[info] 	published tasty-core_3 to /Users/y3536zha/.ivy2/local/org.scala-lang/tasty-core_3/3.3.1-RC1-bin-SNAPSHOT/poms/tasty-core_3.pom
[info] 	published tasty-core_3 to /Users/y3536zha/.ivy2/local/org.scala-lang/tasty-core_3/3.3.1-RC1-bin-SNAPSHOT/jars/tasty-core_3.jar
[info] 	published tasty-core_3 to /Users/y3536zha/.ivy2/local/org.scala-lang/tasty-core_3/3.3.1-RC1-bin-SNAPSHOT/srcs/tasty-core_3-sources.jar
[info] 	published tasty-core_3 to /Users/y3536zha/.ivy2/local/org.scala-lang/tasty-core_3/3.3.1-RC1-bin-SNAPSHOT/docs/tasty-core_3-javadoc.jar
[info] 	published ivy to /Users/y3536zha/.ivy2/local/org.scala-lang/tasty-core_3/3.3.1-RC1-bin-SNAPSHOT/ivys/ivy.xml
[info] Main Scala API documentation to /Users/y3536zha/Desktop/scala_explicit_unsafe_2/scala_flexible_type_with_test_script/library/../out/bootstrap/scala3-library-bootstrapped/scala-3.3.1-RC1-bin-SNAPSHOT-nonbootstrapped/api...
[info] Main Scala API documentation to /Users/y3536zha/Desktop/scala_explicit_unsafe_2/scala_flexible_type_with_test_script/library-js/../out/bootstrap/scala3-library-bootstrappedJS/scala-3.3.1-RC1-bin-SNAPSHOT-nonbootstrapped/api...
[info] :: delivering :: org.scala-lang#scala3-tasty-inspector_3;3.3.1-RC1-bin-SNAPSHOT :: 3.3.1-RC1-bin-SNAPSHOT :: integration :: Thu Jun 22 04:05:06 EDT 2023
[info] 	delivering ivy file to /Users/y3536zha/Desktop/scala_explicit_unsafe_2/scala_flexible_type_with_test_script/out/bootstrap/scala3-tasty-inspector/scala-3.3.1-RC1-bin-SNAPSHOT-nonbootstrapped/ivy-3.3.1-RC1-bin-SNAPSHOT.xml
[info] 	published scala3-tasty-inspector_3 to /Users/y3536zha/.ivy2/local/org.scala-lang/scala3-tasty-inspector_3/3.3.1-RC1-bin-SNAPSHOT/poms/scala3-tasty-inspector_3.pom
[info] 	published scala3-tasty-inspector_3 to /Users/y3536zha/.ivy2/local/org.scala-lang/scala3-tasty-inspector_3/3.3.1-RC1-bin-SNAPSHOT/jars/scala3-tasty-inspector_3.jar
[info] 	published scala3-tasty-inspector_3 to /Users/y3536zha/.ivy2/local/org.scala-lang/scala3-tasty-inspector_3/3.3.1-RC1-bin-SNAPSHOT/srcs/scala3-tasty-inspector_3-sources.jar
[info] 	published scala3-tasty-inspector_3 to /Users/y3536zha/.ivy2/local/org.scala-lang/scala3-tasty-inspector_3/3.3.1-RC1-bin-SNAPSHOT/docs/scala3-tasty-inspector_3-javadoc.jar
[info] 	published ivy to /Users/y3536zha/.ivy2/local/org.scala-lang/scala3-tasty-inspector_3/3.3.1-RC1-bin-SNAPSHOT/ivys/ivy.xml
[info] :: delivering :: org.scala-lang#scaladoc_3;3.3.1-RC1-bin-SNAPSHOT :: 3.3.1-RC1-bin-SNAPSHOT :: integration :: Thu Jun 22 04:05:06 EDT 2023
[info] 	delivering ivy file to /Users/y3536zha/Desktop/scala_explicit_unsafe_2/scala_flexible_type_with_test_script/out/bootstrap/scaladoc/scala-3.3.1-RC1-bin-SNAPSHOT-nonbootstrapped/ivy-3.3.1-RC1-bin-SNAPSHOT.xml
[info] 	published scaladoc_3 to /Users/y3536zha/.ivy2/local/org.scala-lang/scaladoc_3/3.3.1-RC1-bin-SNAPSHOT/poms/scaladoc_3.pom
[info] 	published scaladoc_3 to /Users/y3536zha/.ivy2/local/org.scala-lang/scaladoc_3/3.3.1-RC1-bin-SNAPSHOT/jars/scaladoc_3.jar
[info] 	published scaladoc_3 to /Users/y3536zha/.ivy2/local/org.scala-lang/scaladoc_3/3.3.1-RC1-bin-SNAPSHOT/srcs/scaladoc_3-sources.jar
[info] 	published scaladoc_3 to /Users/y3536zha/.ivy2/local/org.scala-lang/scaladoc_3/3.3.1-RC1-bin-SNAPSHOT/docs/scaladoc_3-javadoc.jar
[info] 	published ivy to /Users/y3536zha/.ivy2/local/org.scala-lang/scaladoc_3/3.3.1-RC1-bin-SNAPSHOT/ivys/ivy.xml
[warn] Setting -skip-by-regex set to .+\.internal($|\..+) redundantly
[warn] bad option '-project-version 3.3.1-RC1-bin-SNAPSHOT' was ignored
[warn] Setting -skip-by-regex set to .+\.impl($|\..+) redundantly
[warn] Setting -skip-by-regex set to .+\.internal($|\..+) redundantly
[warn] Flag -project-logo set repeatedly
[warn] Setting -skip-by-regex set to .+\.impl($|\..+) redundantly
[warn] Setting -social-links set to github::https://github.com/lampepfl/dotty redundantly
[warn] Setting -skip-by-id set to scala.runtime.stdLibPatches redundantly
[warn] Setting -social-links set to discord::https://discord.com/invite/scala redundantly
[warn] Setting -skip-by-id set to scala.runtime.MatchCase redundantly
[warn] Setting -social-links set to twitter::https://twitter.com/scala_lang redundantly
[warn] bad option '-project-logo docs/_assets/images/logo.svg' was ignored
[warn] Setting -skip-by-id set to scala.runtime.stdLibPatches redundantly
[warn] Setting -social-links set to github::https://github.com/lampepfl/dotty redundantly
[warn] Setting -skip-by-id set to scala.runtime.MatchCase redundantly
[warn] Setting -social-links set to discord::https://discord.com/invite/scala redundantly
[warn] Flag -project-footer set repeatedly
[warn] Setting -social-links set to twitter::https://twitter.com/scala_lang redundantly
[warn] Flag -author set repeatedly
[warn] bad option '-project-footer "Copyright (c) 2002-2023, LAMP/EPFL"' was ignored
[warn] Flag -groups set repeatedly
[warn] bad option '-default-template static-site-main' was ignored
[warn] Flag -default-template set repeatedly
[warn] Flag -author set repeatedly
[warn] Setting -external-mappings set to .*scala/.*::scaladoc3::https://dotty.epfl.ch/api/ redundantly
[warn] Flag -groups set repeatedly
[warn] Setting -external-mappings set to .*java/.*::javadoc::https://docs.oracle.com/javase/8/docs/api/ redundantly
[warn] bad option '-project-version 3.3.1-RC1-bin-SNAPSHOT' was ignored
[warn] Setting -skip-by-regex set to .+\.internal($|\..+) redundantly
[warn] Setting -skip-by-regex set to .+\.impl($|\..+) redundantly
[warn] Setting -skip-by-id set to scala.runtime.stdLibPatches redundantly
[warn] Setting -skip-by-id set to scala.runtime.MatchCase redundantly
[warn] bad option '-project-logo docs/_assets/images/logo.svg' was ignored
[warn] Setting -social-links set to github::https://github.com/lampepfl/dotty redundantly
[warn] Setting -social-links set to discord::https://discord.com/invite/scala redundantly
[warn] Setting -social-links set to twitter::https://twitter.com/scala_lang redundantly
[warn] bad option '-project-footer "Copyright (c) 2002-2023, LAMP/EPFL"' was ignored
[warn] bad option '-default-template static-site-main' was ignored
[warn] Flag -author set repeatedly
[warn] Flag -groups set repeatedly
[info] Skipping unused scalacOptions: -Werror, -Yno-experimental, -Yexplicit-nulls
[info] Skipping unused scalacOptions: -Werror, -Yno-experimental, -Yexplicit-nulls
[info] :: delivering :: org.scala-lang#scala3-compiler_3;3.3.1-RC1-bin-SNAPSHOT :: 3.3.1-RC1-bin-SNAPSHOT :: integration :: Thu Jun 22 04:05:08 EDT 2023
[info] 	delivering ivy file to /Users/y3536zha/Desktop/scala_explicit_unsafe_2/scala_flexible_type_with_test_script/out/bootstrap/scala3-compiler-bootstrapped/scala-3.3.1-RC1-bin-SNAPSHOT-nonbootstrapped/ivy-3.3.1-RC1-bin-SNAPSHOT.xml
[info] 	published scala3-compiler_3 to /Users/y3536zha/.ivy2/local/org.scala-lang/scala3-compiler_3/3.3.1-RC1-bin-SNAPSHOT/poms/scala3-compiler_3.pom
[info] 	published scala3-compiler_3 to /Users/y3536zha/.ivy2/local/org.scala-lang/scala3-compiler_3/3.3.1-RC1-bin-SNAPSHOT/jars/scala3-compiler_3.jar
[info] 	published scala3-compiler_3 to /Users/y3536zha/.ivy2/local/org.scala-lang/scala3-compiler_3/3.3.1-RC1-bin-SNAPSHOT/srcs/scala3-compiler_3-sources.jar
[info] 	published scala3-compiler_3 to /Users/y3536zha/.ivy2/local/org.scala-lang/scala3-compiler_3/3.3.1-RC1-bin-SNAPSHOT/docs/scala3-compiler_3-javadoc.jar
[info] 	published ivy to /Users/y3536zha/.ivy2/local/org.scala-lang/scala3-compiler_3/3.3.1-RC1-bin-SNAPSHOT/ivys/ivy.xml
[warn] -- Warning: library/src/scala/util/FromDigits.scala:21:6 -----------------------
[warn] -- Warning: library/src/scala/util/FromDigits.scala:21:6 -----------------------
[warn] 21 |  def fromDigits(digits: String): T
[warn] 21 |  def fromDigits(digits: String): T
[warn]    |      ^
[warn]    |      ^
[warn]    |      No DRI found for query: MalformedNumber
[warn]    |      No DRI found for query: MalformedNumber
[error] -- [E069] Naming Error: /Users/y3536zha/Desktop/scala_explicit_unsafe_2/scala_flexible_type_with_test_script/library/src/scala/IArray.scala:13:7 
[error] -- [E069] Naming Error: /Users/y3536zha/Desktop/scala_explicit_unsafe_2/scala_flexible_type_with_test_script/library/src/scala/IArray.scala:13:7 
[error] 13 |object IArray:
[error] 13 |object IArray:
[error]    |       ^
[error]    |       ^
[error]    |object IArray cannot have the same name as object IArray in package scala -- cannot define object member with the same name as a object member in self reference _.
[error]    |object IArray cannot have the same name as object IArray in package scala -- cannot define object member with the same name as a object member in self reference _.
[error]    |(Note: this can be resolved by using another name)
[error]    |(Note: this can be resolved by using another name)
[warn] 14 warnings found
[warn] 28 warnings found
[error] one error found
[error] one error found
[info] :: delivering :: org.scala-lang#scala3-library_3;3.3.1-RC1-bin-SNAPSHOT :: 3.3.1-RC1-bin-SNAPSHOT :: integration :: Thu Jun 22 04:05:23 EDT 2023
[info] 	delivering ivy file to /Users/y3536zha/Desktop/scala_explicit_unsafe_2/scala_flexible_type_with_test_script/out/bootstrap/scala3-library-bootstrapped/scala-3.3.1-RC1-bin-SNAPSHOT-nonbootstrapped/ivy-3.3.1-RC1-bin-SNAPSHOT.xml
[info] 	published scala3-library_3 to /Users/y3536zha/.ivy2/local/org.scala-lang/scala3-library_3/3.3.1-RC1-bin-SNAPSHOT/poms/scala3-library_3.pom
[info] 	published scala3-library_3 to /Users/y3536zha/.ivy2/local/org.scala-lang/scala3-library_3/3.3.1-RC1-bin-SNAPSHOT/jars/scala3-library_3.jar
[info] 	published scala3-library_3 to /Users/y3536zha/.ivy2/local/org.scala-lang/scala3-library_3/3.3.1-RC1-bin-SNAPSHOT/srcs/scala3-library_3-sources.jar
[info] 	published scala3-library_3 to /Users/y3536zha/.ivy2/local/org.scala-lang/scala3-library_3/3.3.1-RC1-bin-SNAPSHOT/docs/scala3-library_3-javadoc.jar
[info] 	published ivy to /Users/y3536zha/.ivy2/local/org.scala-lang/scala3-library_3/3.3.1-RC1-bin-SNAPSHOT/ivys/ivy.xml
[info] :: delivering :: org.scala-lang#scala3-library_sjs1_3;3.3.1-RC1-bin-SNAPSHOT :: 3.3.1-RC1-bin-SNAPSHOT :: integration :: Thu Jun 22 04:05:23 EDT 2023
[info] 	delivering ivy file to /Users/y3536zha/Desktop/scala_explicit_unsafe_2/scala_flexible_type_with_test_script/out/bootstrap/scala3-library-bootstrappedJS/scala-3.3.1-RC1-bin-SNAPSHOT-nonbootstrapped/ivy-3.3.1-RC1-bin-SNAPSHOT.xml
[info] 	published scala3-library_sjs1_3 to /Users/y3536zha/.ivy2/local/org.scala-lang/scala3-library_sjs1_3/3.3.1-RC1-bin-SNAPSHOT/poms/scala3-library_sjs1_3.pom
[info] 	published scala3-library_sjs1_3 to /Users/y3536zha/.ivy2/local/org.scala-lang/scala3-library_sjs1_3/3.3.1-RC1-bin-SNAPSHOT/jars/scala3-library_sjs1_3.jar
[info] 	published scala3-library_sjs1_3 to /Users/y3536zha/.ivy2/local/org.scala-lang/scala3-library_sjs1_3/3.3.1-RC1-bin-SNAPSHOT/srcs/scala3-library_sjs1_3-sources.jar
[info] 	published scala3-library_sjs1_3 to /Users/y3536zha/.ivy2/local/org.scala-lang/scala3-library_sjs1_3/3.3.1-RC1-bin-SNAPSHOT/docs/scala3-library_sjs1_3-javadoc.jar
[info] 	published ivy to /Users/y3536zha/.ivy2/local/org.scala-lang/scala3-library_sjs1_3/3.3.1-RC1-bin-SNAPSHOT/ivys/ivy.xml
[info] Test run dotty.communitybuild.CommunityBuildTestA started
[info] Test run dotty.communitybuild.CommunityBuildTestA finished: 0 failed, 0 ignored, 0 total, 0.0s
[info] Test run dotty.communitybuild.CommunityBuildTestC started
[info] Test dotty.communitybuild.CommunityBuildTestC.scalacheck started
[32m[STARTING scalacheck][0m
[32m[DEPENDENCIES DONE, NOW ACTUALLY RUNNING scalacheck][0m
[32mBuilding scalacheck with dotty-bootstrapped 3.3.1-RC1-bin-SNAPSHOT...[0m
[32msbt -sbt-version 1.8.0 -Dsbt.supershell=false -Ddotty.communitybuild.dir=/Users/y3536zha/Desktop/scala_explicit_unsafe_2/scala_flexible_type_with_test_script/community-build --addPluginSbtFile=/Users/y3536zha/Desktop/scala_explicit_unsafe_2/scala_flexible_type_with_test_script/community-build/sbt-injected-plugins set Global/testOptions += Tests.Argument(TestFramework("munit.Framework"), "+l"); clean; set Global/logLevel := Level.Error; set Global/updateOptions ~= (_.withLatestSnapshots(false)); set Global/scalacOptions ++= List("-Xcheck-macros","-Ysafe-init","-Yexplicit-nulls","-language:unsafeNulls");++3.3.1-RC1-bin-SNAPSHOT!; coreJVM/test;coreJS/test[0m
[info] welcome to sbt 1.8.0 (Oracle Corporation Java 9.0.4)
[info] loading global plugins from /Users/y3536zha/.sbt/1.0/plugins
[info] loading settings for project scalacheck-build from plugin.sbt,sbt-injected-plugins ...
[info] loading project definition from /Users/y3536zha/Desktop/scala_explicit_unsafe_2/scala_flexible_type_with_test_script/community-build/community-projects/scalacheck/project
[info] loading settings for project root from build.sbt ...
SLF4J: No SLF4J providers were found.
SLF4J: Defaulting to no-operation (NOP) logger implementation
SLF4J: See https://www.slf4j.org/codes.html#noProviders for further details.
SLF4J: Class path contains SLF4J bindings targeting slf4j-api versions 1.7.x or earlier.
SLF4J: Ignoring binding found at [jar:file:/Users/y3536zha/.sbt/boot/scala-2.12.17/org.scala-sbt/sbt/1.8.0/log4j-slf4j-impl-2.17.1.jar!/org/slf4j/impl/StaticLoggerBinder.class]
SLF4J: See https://www.slf4j.org/codes.html#ignoredBindings for an explanation.
[info] set current project to scalacheck (in build file:/Users/y3536zha/Desktop/scala_explicit_unsafe_2/scala_flexible_type_with_test_script/community-build/community-projects/scalacheck/)
[info] Defining Global / testOptions
[info] The new value will be used by Test / test / testOptions, Test / testOnly / testOptions and 24 others.
[info] 	Run `last` for details.
[info] Reapplying settings...
[info] set current project to scalacheck (in build file:/Users/y3536zha/Desktop/scala_explicit_unsafe_2/scala_flexible_type_with_test_script/community-build/community-projects/scalacheck/)
[success] Total time: 0 s, completed Jun 22, 2023, 4:05:36 AM
[info] Defining Global / logLevel
[info] The new value will be used by Test / test / testListeners, Test / testOnly / testListeners and 64 others.
[info] 	Run `last` for details.
[info] Reapplying settings...
[info] set current project to scalacheck (in build file:/Users/y3536zha/Desktop/scala_explicit_unsafe_2/scala_flexible_type_with_test_script/community-build/community-projects/scalacheck/)
[info] Defining Global / updateOptions
[info] The new value will be used by bench / dependencyTreeIgnoreMissingUpdate / updateOptions, bench / ivyConfiguration and 21 others.
[info] 	Run `last` for details.
[info] Reapplying settings...
[info] set current project to scalacheck (in build file:/Users/y3536zha/Desktop/scala_explicit_unsafe_2/scala_flexible_type_with_test_script/community-build/community-projects/scalacheck/)
[info] Defining Global / scalacOptions
[info] The new value will be used by bench / scalacOptions, coreJS / scalacOptions and 5 others.
[info] 	Run `last` for details.
[info] Reapplying settings...
[info] set current project to scalacheck (in build file:/Users/y3536zha/Desktop/scala_explicit_unsafe_2/scala_flexible_type_with_test_script/community-build/community-projects/scalacheck/)
[info] Forcing Scala version to 3.3.1-RC1-bin-SNAPSHOT on all projects.
[info] Reapplying settings...
[info] Loading dependency tracking file /Users/y3536zha/Desktop/scala_explicit_unsafe_2/scala_flexible_type_with_test_script/community-build/dotty-community-build-deps
[info] Dependency tracking file /Users/y3536zha/Desktop/scala_explicit_unsafe_2/scala_flexible_type_with_test_script/community-build/dotty-community-build-deps does not exist
[info] set current project to scalacheck (in build file:/Users/y3536zha/Desktop/scala_explicit_unsafe_2/scala_flexible_type_with_test_script/community-build/community-projects/scalacheck/)
failing seed for Serializability.Arbitrary[String] is BkjC0f0wC26eqDQ1JTyDE72elY8Ah7Qsy_4Oy45aE2J=
failing seed for Serializability.Arbitrary[Int] is 9MBCgOBqyfdT1CMZalYGjbhZlcXoDs1uMFkduD-P8_G=
failing seed for Serializability.Arbitrary[Double] is zaJCJ4cfAA6hIc43M8jJYDFCmBpnWr8nwUuvPDe2gCP=
failing seed for Serializability.Arbitrary[Boolean] is OH2LqJxGyJCEYstw8CdrfiZPwwr2DA4U1RQrivg20HD=
failing seed for Serializability.Arbitrary[Int => Int] is 7AWoDh2XrRtuSUdgsEy6udhirR6h939jkEIkCVns_cJ=
failing seed for Serializability.Arbitrary[List[Int]] is TkekkLlcLyRc_gJlm3OF85wzMyopfZQoYwgdAow-xAM=
failing seed for Serializability.Arbitrary[(String,Int)] is kwYDhkpya0zBsyEDbYb2zbChsl8ojZpIztwL2eODInG=
failing seed for Serializability.Arbitrary[Tuple22[Int]] is r-k7QsBaMR5R568-UZALSuJ2KmGg3DPb-0dbKOxnVrG=
failing seed for Serializability.Arbitrary[List[(String,Int)]] is b6noSCq5d9Zcgv8sTThZy-RQTwZ-IyBzaJ7tiC6URcF=
failing seed for Serializability.Gen.identifier is dVCLey97Ly8LQYtZW3Ezoyu1vEs7i30JXioNKH6iR1H=
failing seed for Serializability.Gen.oneOf is uTp-FBIoALmoshIVMNDL7yrCpU90O2pHmMgunUi5hNP=
failing seed for Serializability.Gen.choose is N6aRjFb-BQ8PN_bVk-ohQtkCwVabMtOnPGwCJmfVbAG=
failing seed for Serializability.Gen.function1 is cUU0MN6w8uMewCzwCTsFdRa_LkoUKaH9gej-YNEQRgK=
failing seed for Serializability.Gen.zip(String,Int) is xlceB0C9CAyjg4718ClKH3gzy8OjAnfGOeTWQpfEGlK=
failing seed for Serializability.Cogen[String] is sBpqsS9hPYPTf_btmxsn7aAc7RIlHXROEfOOiOoZeoO=
failing seed for Serializability.Cogen[Int] is 2zf4SG-fXckcknF_sIDGh2nJ7_Sy0hAKDpJ-N-Lws4P=
failing seed for Serializability.Cogen[Double] is _LlszfI9WJoM9Bgn-yKl0_RCzJgdq6xmQb0tLtEi6fD=
failing seed for Serializability.Cogen[Boolean] is vdGCPTc-WU53fjhEsXxfDKGIIAIo2RLzVXQpVAu6kzF=
failing seed for Serializability.Cogen[Int => Int] is 3-Zdjg3b0U18d1UaH7s2QkaHOrBZcIkbFVfFCrm_v3K=
failing seed for Serializability.Cogen[List[Int]] is C9KsMcyS4cMRn4eeBHs7Uu0rnGe2IV74hOnB9jxFMQP=
failing seed for Serializability.Cogen[(String,Int)] is 60jll2C2u39neDzleUMzSVP90DarmW19rAQhEcjgRsD=
failing seed for Serializability.Cogen[Tuple22[Int]] is b_t7B7R7FTpdnLiS8fyZJpStU6Rcy_D5uRdrhfmvnJC=
failing seed for Serializability.Cogen[List[(String,Int)]] is IwErm5Uv8-2enIhE2x2leyeAT0ErutndduecaQ42L7O=
failing seed for Serializability.Shrink[String] is Trnir_oZr7mK1kytvXLD1xrrCyRzcrTMgVRLjpldFFC=
failing seed for Serializability.Shrink[Int] is JjKi4LXBQVK3FH5gfoq_n25PEwe26PH2aFeL9_KtsRF=
failing seed for Serializability.Shrink[Double] is v1ThOPywPl9fJkwFCA70quFZyUMwbtC0evUSLYSIMtN=
failing seed for Serializability.Shrink[Boolean] is 9My_OiYbPi3UwX9m98tMSwOYbT11HL2eobA3PMfiSGI=
failing seed for Serializability.Shrink[Int => Int] is SxXKu6vaVUcvimCTpi4SlhxonuAer768FfoL0ZrSmbM=
failing seed for Serializability.Shrink[List[Int]] is a-oc-_18kmX-BoGS_E9lPdf_08Z1RomGy7wpYi6w3aI=
failing seed for Serializability.Shrink[(String,Int)] is S3Oy1I1z4ePKWkvrWMecoe-Wh_PEIxDvFi0iNFJOV3J=
failing seed for Serializability.Shrink[Tuple22[Int])] is RDgiKj6wTl6Dz3F7SYnnYoqfj42L3eDvYdUJpKqgX4K=
failing seed for Serializability.Shrink[List[(String,Int)]] is wcfS1oTHC2WiWfAb4HyNIZ2kTtWYhkXEWCwRnzNEBID=
failing seed for Serializability.Seed(1L) is MA9LwTmECR9ixOWylErgER8wbTaoQbZ5ks9klFWnAYF=
failing seed for P.outer is QYFfVl_1gcDjay6x5IX1poThCBSgmvk9IKI53ogdZpC=
[error] Error: Total 393, Failed 0, Errors 33, Passed 360
[error] Error during tests:
[error] 	org.scalacheck.SerializabilitySpecification
[error] (coreJVM / Test / test) sbt.TestsFailedException: Tests unsuccessful
[error] Total time: 38 s, completed Jun 22, 2023, 4:06:17 AM
[32mRerunning tests in scalacheck because of a previous run failure.[0m
[32msbt -sbt-version 1.8.0 -Dsbt.supershell=false -Ddotty.communitybuild.dir=/Users/y3536zha/Desktop/scala_explicit_unsafe_2/scala_flexible_type_with_test_script/community-build --addPluginSbtFile=/Users/y3536zha/Desktop/scala_explicit_unsafe_2/scala_flexible_type_with_test_script/community-build/sbt-injected-plugins set Global/testOptions += Tests.Argument(TestFramework("munit.Framework"), "+l"); clean; set Global/logLevel := Level.Error; set Global/updateOptions ~= (_.withLatestSnapshots(false)); set Global/scalacOptions ++= List("-Xcheck-macros","-Ysafe-init","-Yexplicit-nulls","-language:unsafeNulls");++3.3.1-RC1-bin-SNAPSHOT!; coreJVM/test;coreJS/test[0m
[info] welcome to sbt 1.8.0 (Oracle Corporation Java 9.0.4)
[info] loading global plugins from /Users/y3536zha/.sbt/1.0/plugins
[info] loading settings for project scalacheck-build from plugin.sbt,sbt-injected-plugins ...
[info] loading project definition from /Users/y3536zha/Desktop/scala_explicit_unsafe_2/scala_flexible_type_with_test_script/community-build/community-projects/scalacheck/project
[info] loading settings for project root from build.sbt ...
SLF4J: No SLF4J providers were found.
SLF4J: Defaulting to no-operation (NOP) logger implementation
SLF4J: See https://www.slf4j.org/codes.html#noProviders for further details.
SLF4J: Class path contains SLF4J bindings targeting slf4j-api versions 1.7.x or earlier.
SLF4J: Ignoring binding found at [jar:file:/Users/y3536zha/.sbt/boot/scala-2.12.17/org.scala-sbt/sbt/1.8.0/log4j-slf4j-impl-2.17.1.jar!/org/slf4j/impl/StaticLoggerBinder.class]
SLF4J: See https://www.slf4j.org/codes.html#ignoredBindings for an explanation.
[info] set current project to scalacheck (in build file:/Users/y3536zha/Desktop/scala_explicit_unsafe_2/scala_flexible_type_with_test_script/community-build/community-projects/scalacheck/)
[info] Defining Global / testOptions
[info] The new value will be used by Test / test / testOptions, Test / testOnly / testOptions and 24 others.
[info] 	Run `last` for details.
[info] Reapplying settings...
[info] set current project to scalacheck (in build file:/Users/y3536zha/Desktop/scala_explicit_unsafe_2/scala_flexible_type_with_test_script/community-build/community-projects/scalacheck/)
[success] Total time: 0 s, completed Jun 22, 2023, 4:06:25 AM
[info] Defining Global / logLevel
[info] The new value will be used by Test / test / testListeners, Test / testOnly / testListeners and 64 others.
[info] 	Run `last` for details.
[info] Reapplying settings...
[info] set current project to scalacheck (in build file:/Users/y3536zha/Desktop/scala_explicit_unsafe_2/scala_flexible_type_with_test_script/community-build/community-projects/scalacheck/)
[info] Defining Global / updateOptions
[info] The new value will be used by bench / dependencyTreeIgnoreMissingUpdate / updateOptions, bench / ivyConfiguration and 21 others.
[info] 	Run `last` for details.
[info] Reapplying settings...
[info] set current project to scalacheck (in build file:/Users/y3536zha/Desktop/scala_explicit_unsafe_2/scala_flexible_type_with_test_script/community-build/community-projects/scalacheck/)
[info] Defining Global / scalacOptions
[info] The new value will be used by bench / scalacOptions, coreJS / scalacOptions and 5 others.
[info] 	Run `last` for details.
[info] Reapplying settings...
[info] set current project to scalacheck (in build file:/Users/y3536zha/Desktop/scala_explicit_unsafe_2/scala_flexible_type_with_test_script/community-build/community-projects/scalacheck/)
[info] Forcing Scala version to 3.3.1-RC1-bin-SNAPSHOT on all projects.
[info] Reapplying settings...
[info] Loading dependency tracking file /Users/y3536zha/Desktop/scala_explicit_unsafe_2/scala_flexible_type_with_test_script/community-build/dotty-community-build-deps
[info] Dependency tracking file /Users/y3536zha/Desktop/scala_explicit_unsafe_2/scala_flexible_type_with_test_script/community-build/dotty-community-build-deps does not exist
[info] set current project to scalacheck (in build file:/Users/y3536zha/Desktop/scala_explicit_unsafe_2/scala_flexible_type_with_test_script/community-build/community-projects/scalacheck/)
failing seed for Serializability.Arbitrary[String] is ih8ruNKOfn3D6TuzVMREQxwnTeMIeyZiSfc-V5FmAfP=
failing seed for Serializability.Arbitrary[Int] is -I7J7-k_pNYkyHXOkXRBh8YwQFmT6QO6zXa87jOCXhO=
failing seed for Serializability.Arbitrary[Double] is XdIlFbc0L1aEq6ggYAnR78yi1HWWJrBNOUEwcLi0y0C=
failing seed for Serializability.Arbitrary[Boolean] is 2kKdVMHqbz_3vv4US5PHGEEEnX9rreDTxYDX6_g5EHA=
failing seed for Serializability.Arbitrary[Int => Int] is 8O9O-PZIgm_bZm5MMr-DuVAIOpWYe65U0iq8AAgN3QC=
failing seed for Serializability.Arbitrary[List[Int]] is JTlF8ASpsDpphpZNOnIo3GF4RWBBvWXJjTLW1tFr1cE=
failing seed for Serializability.Arbitrary[(String,Int)] is ubyF5QghIukvVxDpMAq2vcbn9CQXVG0QW639kM7SQmM=
failing seed for Serializability.Arbitrary[Tuple22[Int]] is atTy3oGW0FsTYu1Buq0_jAeYz_FfjUAI7S7b3yTOghK=
failing seed for Serializability.Arbitrary[List[(String,Int)]] is L3rkuMhJ25gCklnFe18GhcFWHu6Anlp9jTlFKvPvjGA=
failing seed for Serializability.Gen.identifier is SzxEWP4mReM514zpj7rBBvYk9Ha6DQMb95Fvqlgkt4D=
failing seed for Serializability.Gen.oneOf is 73bjRkOfSY1ahAkRLAJ33scFMIx489xi6E0cybt4GXH=
failing seed for Serializability.Gen.choose is YiAZ2apvwPXzBGEy9H2XVlKF-Ze5btB1rldzW2LcFfF=
failing seed for Serializability.Gen.function1 is thnjERHMebUE1sZgM86_o1bRlidiXn-hon-QPV-a_zG=
failing seed for Serializability.Gen.zip(String,Int) is wlxL508ShhlZdIahe0RsUeyioMBb3WkjQtUAj0iWdrE=
failing seed for Serializability.Cogen[String] is RyIBD0svozf0ZaYQXVNLVXuy30vzDAtwHkRHPEzkopN=
failing seed for Serializability.Cogen[Int] is tM2mKHig5Piol2DoZBIVypRlUa35KBKD7G_LRHYxnLA=
failing seed for Serializability.Cogen[Double] is LXEpPGKzl8tNSaAN23Z57gg7mJdUMJ3TQEwJDeXpfvL=
failing seed for Serializability.Cogen[Boolean] is 52vyNawo330uoIvxnHdFxp7Nfs0a-zgGEFPjJgGGK2M=
failing seed for Serializability.Cogen[Int => Int] is qQXPW7Mfmgjl38kyioBRlKEhVHANSEr_RIXA-yVJp9J=
failing seed for Serializability.Cogen[List[Int]] is lrLHUdfqgDTjy-qvEPvYvoAkny3itihhb0HOMXkeUGB=
failing seed for Serializability.Cogen[(String,Int)] is v6rrNlOcfoi9ZxN_oZ5gweWQc5F7j51q-V0bZvWQ7bL=
failing seed for Serializability.Cogen[Tuple22[Int]] is vmLL3IN-sQrfqAtoHECzDda181XmKi-gJa_aDw25m1C=
failing seed for Serializability.Cogen[List[(String,Int)]] is RJohNJh61EtOtd8cmsOa7IrjiQ2gOpcDnoWeB26EX_E=
failing seed for Serializability.Shrink[String] is GhjIA9NffGroepqgPDfaB1f3I9kZsB_KEbFWYQ46DpB=
failing seed for Serializability.Shrink[Int] is UbxaY9s7qnYNWOphUunHzlVERzn1a_Zx0HA348SGaLB=
failing seed for Serializability.Shrink[Double] is 9l40H9V4JDEMZZHap0wSdDca2Lz5XJoxuPfJO_YcYRJ=
failing seed for Serializability.Shrink[Boolean] is eU4E44dc-ONeq-KF9pU1oxWefH7LWFUOFJmvvOpouqL=
failing seed for Serializability.Shrink[Int => Int] is bEeVqS8D6-MNFJ5oAe2z9BJiSEbyaYUSKsK-bw6yrnH=
failing seed for Serializability.Shrink[List[Int]] is KVeXux6ztv7ATDPlpN4RC38g5nbRjvjW7n7ImJmGejG=
failing seed for Serializability.Shrink[(String,Int)] is 2dl0ihegq_fLry-oHXJG05hNp1msZLbf2CUVLvkPwkN=
failing seed for Serializability.Shrink[Tuple22[Int])] is Hjt_2hAYyDsjz8TIW0APjFaNvReBwNgm-DCNdMTHFSK=
failing seed for Serializability.Shrink[List[(String,Int)]] is n0GXqdoaoJl5e9D9XWL76YTzyANqHnadZQzoPGFSudB=
failing seed for Serializability.Seed(1L) is U0klv6bI0LzI_errMWPFPetiJw-DswJntdNamI_UaxF=
failing seed for P.outer is Bex_pvx3l7r_b8P_-iFaWW8_LEjdcSGXHm8kvh1V8yC=
[error] Error: Total 393, Failed 0, Errors 33, Passed 360
[error] Error during tests:
[error] 	org.scalacheck.SerializabilitySpecification
[error] (coreJVM / Test / test) sbt.TestsFailedException: Tests unsuccessful
[error] Total time: 39 s, completed Jun 22, 2023, 4:07:07 AM
[32mRerunning tests in scalacheck because of a previous run failure.[0m
[32msbt -sbt-version 1.8.0 -Dsbt.supershell=false -Ddotty.communitybuild.dir=/Users/y3536zha/Desktop/scala_explicit_unsafe_2/scala_flexible_type_with_test_script/community-build --addPluginSbtFile=/Users/y3536zha/Desktop/scala_explicit_unsafe_2/scala_flexible_type_with_test_script/community-build/sbt-injected-plugins set Global/testOptions += Tests.Argument(TestFramework("munit.Framework"), "+l"); clean; set Global/logLevel := Level.Error; set Global/updateOptions ~= (_.withLatestSnapshots(false)); set Global/scalacOptions ++= List("-Xcheck-macros","-Ysafe-init","-Yexplicit-nulls","-language:unsafeNulls");++3.3.1-RC1-bin-SNAPSHOT!; coreJVM/test;coreJS/test[0m
[info] welcome to sbt 1.8.0 (Oracle Corporation Java 9.0.4)
[info] loading global plugins from /Users/y3536zha/.sbt/1.0/plugins
[info] loading settings for project scalacheck-build from plugin.sbt,sbt-injected-plugins ...
[info] loading project definition from /Users/y3536zha/Desktop/scala_explicit_unsafe_2/scala_flexible_type_with_test_script/community-build/community-projects/scalacheck/project
[info] loading settings for project root from build.sbt ...
SLF4J: No SLF4J providers were found.
SLF4J: Defaulting to no-operation (NOP) logger implementation
SLF4J: See https://www.slf4j.org/codes.html#noProviders for further details.
SLF4J: Class path contains SLF4J bindings targeting slf4j-api versions 1.7.x or earlier.
SLF4J: Ignoring binding found at [jar:file:/Users/y3536zha/.sbt/boot/scala-2.12.17/org.scala-sbt/sbt/1.8.0/log4j-slf4j-impl-2.17.1.jar!/org/slf4j/impl/StaticLoggerBinder.class]
SLF4J: See https://www.slf4j.org/codes.html#ignoredBindings for an explanation.
[info] set current project to scalacheck (in build file:/Users/y3536zha/Desktop/scala_explicit_unsafe_2/scala_flexible_type_with_test_script/community-build/community-projects/scalacheck/)
[info] Defining Global / testOptions
[info] The new value will be used by Test / test / testOptions, Test / testOnly / testOptions and 24 others.
[info] 	Run `last` for details.
[info] Reapplying settings...
[info] set current project to scalacheck (in build file:/Users/y3536zha/Desktop/scala_explicit_unsafe_2/scala_flexible_type_with_test_script/community-build/community-projects/scalacheck/)
[success] Total time: 0 s, completed Jun 22, 2023, 4:07:15 AM
[info] Defining Global / logLevel
[info] The new value will be used by Test / test / testListeners, Test / testOnly / testListeners and 64 others.
[info] 	Run `last` for details.
[info] Reapplying settings...
[info] set current project to scalacheck (in build file:/Users/y3536zha/Desktop/scala_explicit_unsafe_2/scala_flexible_type_with_test_script/community-build/community-projects/scalacheck/)
[info] Defining Global / updateOptions
[info] The new value will be used by bench / dependencyTreeIgnoreMissingUpdate / updateOptions, bench / ivyConfiguration and 21 others.
[info] 	Run `last` for details.
[info] Reapplying settings...
[info] set current project to scalacheck (in build file:/Users/y3536zha/Desktop/scala_explicit_unsafe_2/scala_flexible_type_with_test_script/community-build/community-projects/scalacheck/)
[info] Defining Global / scalacOptions
[info] The new value will be used by bench / scalacOptions, coreJS / scalacOptions and 5 others.
[info] 	Run `last` for details.
[info] Reapplying settings...
[info] set current project to scalacheck (in build file:/Users/y3536zha/Desktop/scala_explicit_unsafe_2/scala_flexible_type_with_test_script/community-build/community-projects/scalacheck/)
[info] Forcing Scala version to 3.3.1-RC1-bin-SNAPSHOT on all projects.
[info] Reapplying settings...
[info] Loading dependency tracking file /Users/y3536zha/Desktop/scala_explicit_unsafe_2/scala_flexible_type_with_test_script/community-build/dotty-community-build-deps
[info] Dependency tracking file /Users/y3536zha/Desktop/scala_explicit_unsafe_2/scala_flexible_type_with_test_script/community-build/dotty-community-build-deps does not exist
[info] set current project to scalacheck (in build file:/Users/y3536zha/Desktop/scala_explicit_unsafe_2/scala_flexible_type_with_test_script/community-build/community-projects/scalacheck/)
failing seed for Serializability.Arbitrary[String] is VLhkZ-6UOjoRNW0KZ6EFp-PrswZzMAPErFHapgUsyaG=
failing seed for Serializability.Arbitrary[Int] is EukrsulCVKcMhyALQNRsP-pPiU8LEMYkn-dd3etsjaD=
failing seed for Serializability.Arbitrary[Double] is aU11SXMpqrke6-ZD9Vi8XVXt0b12yD_bxtYS65pqNfP=
failing seed for Serializability.Arbitrary[Boolean] is mXw0jfGuDPqdZGvxfPHsKNVYGXyn66nwFqUgjtRe82H=
failing seed for Serializability.Arbitrary[Int => Int] is sBiDdYnJgf5HenmodQsVY0e-FCzFlnn6nKl9dQsePqP=
failing seed for Serializability.Arbitrary[List[Int]] is Mi9gDv3cjtJ9Zuu4NtL6b8XjHy6WLQ9nXSRdlETjhAM=
failing seed for Serializability.Arbitrary[(String,Int)] is od5KqK5I7AhyXbT9u41XuSie_ftVYaMtRyGEuR5B7HA=
failing seed for Serializability.Arbitrary[Tuple22[Int]] is ke85BaxwciS01ea3Ei_9PHZ7pfHZP4qnTjIy1JlQHsK=
failing seed for Serializability.Arbitrary[List[(String,Int)]] is ObYOEy_uwRWxX-GEPFlfW48JAQs20Mg4lZVx-WvxK5F=
failing seed for Serializability.Gen.identifier is 0YPAf2ZW_EmWOeYQPHpOJTTN2-ayvIuxz4KSUQjlzFG=
failing seed for Serializability.Gen.oneOf is BVIxabrMp4icyolh5FwFfEZHChZdJiqmCJus2UmwyBH=
failing seed for Serializability.Gen.choose is bUUOfjexbvGE0PUEMNrbYeTU2Gj8dS9ueXdXLR9nOWI=
failing seed for Serializability.Gen.function1 is o1r1sW49sDX_ZB2PB_leS3ifm0KIvFBt99N2Pzd13GJ=
failing seed for Serializability.Gen.zip(String,Int) is 2k0-ZlLGuvHKsPlY4eZzInv_-9yi6dRZCQvZMBjXl6B=
failing seed for Serializability.Cogen[String] is M01WKCG2yWER9UtJYzqBL62B3PBFetXZREYa-FLNb1D=
failing seed for Serializability.Cogen[Int] is n3pVtFORkojXdk773uvgZDBMyi3Ymp6rV_N372Hmm0E=
failing seed for Serializability.Cogen[Double] is xlWKQq7D5jn6iZ7RYBHGjAtbfx3tKAMlU30JNsTmvqP=
failing seed for Serializability.Cogen[Boolean] is zU7eXmIZTCff5KNJ8hbp7l4pnwO3BK9jdFePlPWOXlD=
failing seed for Serializability.Cogen[Int => Int] is 3VPQ1wbikfsUn_DYjYxKdvxGVI3l2Gp3W-keI3FqYuH=
failing seed for Serializability.Cogen[List[Int]] is 2Q1QA71rHocqVMtIn3yKezB28Ub26HNye7vVBAEFVSM=
failing seed for Serializability.Cogen[(String,Int)] is aPXtu6rpZdv_v_Madn2EPM2hsd-NiIqbU-Vvmr2WLgI=
failing seed for Serializability.Cogen[Tuple22[Int]] is AO5kl9ApOvmIBvGDx29JuWhGfd1lsI5eaGf-iLvXh2G=
failing seed for Serializability.Cogen[List[(String,Int)]] is b5Rrvlgglmnk_-b8L0crZbM9vA-JB-xL_o-bL4xiIxO=
failing seed for Serializability.Shrink[String] is llJDNnSH-5JeGTgL4DWT6dADn329TAL5Oq_YC4aL2AA=
failing seed for Serializability.Shrink[Int] is 5qfaWtZhpUrVcUdV7-u_x5sT74Z2VtWh5p_jaDOycBN=
failing seed for Serializability.Shrink[Double] is NRAUBBUDC6ohWVrV9x4X1KRa6-pt6H8NsLT8Y3M7KZI=
failing seed for Serializability.Shrink[Boolean] is jFGZu4crv0UJ6duuVMMkiFz4I7XBurvuzr_a3Fr7HUO=
failing seed for Serializability.Shrink[Int => Int] is dzJi8NTESFUAUjdleDYOECZN2M7YSd-h2WFZSxsbgaI=
failing seed for Serializability.Shrink[List[Int]] is 0AcUnLlirrGI4TrFrj28QhA07ii-NVL2KA4kBMGDM5F=
failing seed for Serializability.Shrink[(String,Int)] is h-G10xowYOjk9fQOcbNXdgqkSLQc6a9srn_98yygvRH=
failing seed for Serializability.Shrink[Tuple22[Int])] is thksslFedIbGNcPJp9BsoTGIHEQiWJvDVdf2BHMuIEF=
failing seed for Serializability.Shrink[List[(String,Int)]] is osJ71AciWHJxSHRWMpTZ0WVUqnvn7K4QvkHc9bXgWUD=
failing seed for Serializability.Seed(1L) is SnzRsjZsz2uQc0Gf43kh0NorMHrw3daR0UaK7FgAtUE=
failing seed for P.outer is 3DOX2sFKun0pDfdsV0oN4CrZAKSB5d3qvziHR7jC4ZI=
[error] Error: Total 393, Failed 0, Errors 33, Passed 360
[error] Error during tests:
[error] 	org.scalacheck.SerializabilitySpecification
[error] (coreJVM / Test / test) sbt.TestsFailedException: Tests unsuccessful
[error] Total time: 38 s, completed Jun 22, 2023, 4:07:56 AM
[32mRerunning tests in scalacheck because of a previous run failure.[0m
[32msbt -sbt-version 1.8.0 -Dsbt.supershell=false -Ddotty.communitybuild.dir=/Users/y3536zha/Desktop/scala_explicit_unsafe_2/scala_flexible_type_with_test_script/community-build --addPluginSbtFile=/Users/y3536zha/Desktop/scala_explicit_unsafe_2/scala_flexible_type_with_test_script/community-build/sbt-injected-plugins set Global/testOptions += Tests.Argument(TestFramework("munit.Framework"), "+l"); clean; set Global/logLevel := Level.Error; set Global/updateOptions ~= (_.withLatestSnapshots(false)); set Global/scalacOptions ++= List("-Xcheck-macros","-Ysafe-init","-Yexplicit-nulls","-language:unsafeNulls");++3.3.1-RC1-bin-SNAPSHOT!; coreJVM/test;coreJS/test[0m
[info] welcome to sbt 1.8.0 (Oracle Corporation Java 9.0.4)
[info] loading global plugins from /Users/y3536zha/.sbt/1.0/plugins
[info] loading settings for project scalacheck-build from plugin.sbt,sbt-injected-plugins ...
[info] loading project definition from /Users/y3536zha/Desktop/scala_explicit_unsafe_2/scala_flexible_type_with_test_script/community-build/community-projects/scalacheck/project
[info] loading settings for project root from build.sbt ...
SLF4J: No SLF4J providers were found.
SLF4J: Defaulting to no-operation (NOP) logger implementation
SLF4J: See https://www.slf4j.org/codes.html#noProviders for further details.
SLF4J: Class path contains SLF4J bindings targeting slf4j-api versions 1.7.x or earlier.
SLF4J: Ignoring binding found at [jar:file:/Users/y3536zha/.sbt/boot/scala-2.12.17/org.scala-sbt/sbt/1.8.0/log4j-slf4j-impl-2.17.1.jar!/org/slf4j/impl/StaticLoggerBinder.class]
SLF4J: See https://www.slf4j.org/codes.html#ignoredBindings for an explanation.
[info] set current project to scalacheck (in build file:/Users/y3536zha/Desktop/scala_explicit_unsafe_2/scala_flexible_type_with_test_script/community-build/community-projects/scalacheck/)
[info] Defining Global / testOptions
[info] The new value will be used by Test / test / testOptions, Test / testOnly / testOptions and 24 others.
[info] 	Run `last` for details.
[info] Reapplying settings...
[info] set current project to scalacheck (in build file:/Users/y3536zha/Desktop/scala_explicit_unsafe_2/scala_flexible_type_with_test_script/community-build/community-projects/scalacheck/)
[success] Total time: 0 s, completed Jun 22, 2023, 4:08:04 AM
[info] Defining Global / logLevel
[info] The new value will be used by Test / test / testListeners, Test / testOnly / testListeners and 64 others.
[info] 	Run `last` for details.
[info] Reapplying settings...
[info] set current project to scalacheck (in build file:/Users/y3536zha/Desktop/scala_explicit_unsafe_2/scala_flexible_type_with_test_script/community-build/community-projects/scalacheck/)
[info] Defining Global / updateOptions
[info] The new value will be used by bench / dependencyTreeIgnoreMissingUpdate / updateOptions, bench / ivyConfiguration and 21 others.
[info] 	Run `last` for details.
[info] Reapplying settings...
[info] set current project to scalacheck (in build file:/Users/y3536zha/Desktop/scala_explicit_unsafe_2/scala_flexible_type_with_test_script/community-build/community-projects/scalacheck/)
[info] Defining Global / scalacOptions
[info] The new value will be used by bench / scalacOptions, coreJS / scalacOptions and 5 others.
[info] 	Run `last` for details.
[info] Reapplying settings...
[info] set current project to scalacheck (in build file:/Users/y3536zha/Desktop/scala_explicit_unsafe_2/scala_flexible_type_with_test_script/community-build/community-projects/scalacheck/)
[info] Forcing Scala version to 3.3.1-RC1-bin-SNAPSHOT on all projects.
[info] Reapplying settings...
[info] Loading dependency tracking file /Users/y3536zha/Desktop/scala_explicit_unsafe_2/scala_flexible_type_with_test_script/community-build/dotty-community-build-deps
[info] Dependency tracking file /Users/y3536zha/Desktop/scala_explicit_unsafe_2/scala_flexible_type_with_test_script/community-build/dotty-community-build-deps does not exist
[info] set current project to scalacheck (in build file:/Users/y3536zha/Desktop/scala_explicit_unsafe_2/scala_flexible_type_with_test_script/community-build/community-projects/scalacheck/)
failing seed for Serializability.Arbitrary[String] is nhCBTOWNRBvBP9Z-2b9UTQe_uBDBCskOxBwY2W15JND=
failing seed for Serializability.Arbitrary[Int] is YaRLSiVp902AIpftxRKWOb_Oa3USKuyqv89sXzscWSF=
failing seed for Serializability.Arbitrary[Double] is UrqOJdEQE5xdHyp0Tj3PIVVVcNUZIiDsAjlE9sXWlZA=
failing seed for Serializability.Arbitrary[Boolean] is 3OqrhS21VYyKik7HHXxEbxcMIWFCgKTiSv2TMFUMYmD=
failing seed for Serializability.Arbitrary[Int => Int] is gs0Uo3sZ1RdkE9cUke38S2V2snwEzGjSPeinwzx8HvE=
failing seed for Serializability.Arbitrary[List[Int]] is tHYh4b_VO7S8mDAlKeZaYVp0scMp_U8SrNigc6mLIlJ=
failing seed for Serializability.Arbitrary[(String,Int)] is bItisiwURaX_PIl8e3IN2zlDm2WSdaHSpZbQnvtzxNN=
failing seed for Serializability.Arbitrary[Tuple22[Int]] is ZANIRK7C8KPPSF6GgWAIPUFrAcK83isoUEb5mFDOdmJ=
failing seed for Serializability.Arbitrary[List[(String,Int)]] is tACtpgMB8ZRfnUpSFKS-RgHNqZZ4qwFxsmevKY5czFC=
failing seed for Serializability.Gen.identifier is oorK7hP86TibAOGnXuOLPVV8cU2Hk12WSlOMO0rlh3L=
failing seed for Serializability.Gen.oneOf is JwT1gWbxlpXbXHgedAf9iSnjXae8dQ0J2HY8kWTX2eJ=
failing seed for Serializability.Gen.choose is f-oMH09kfyP5_WP7UCmgH_nEGQQiTfn8K7qqcTL0ZAD=
failing seed for Serializability.Gen.function1 is FzFEcXmGvnchC3hkWlV9AmD-Mqu9-9Nvixph2ICT2bN=
failing seed for Serializability.Gen.zip(String,Int) is RV8rB4thue-NE4UjKs49IILpg8dNRxPVxmblAiTml6K=
failing seed for Serializability.Cogen[String] is 4ZOnE-lx9wu_MuXittIQyd2PEqZBymof0bjLuoYfTeC=
failing seed for Serializability.Cogen[Int] is yqbIY80sKfNCULPWkvCEdnDGO-jLS7hMGFDDsXqfhXE=
failing seed for Serializability.Cogen[Double] is 8YRBz381Q0-7b75tewzPWGsLCUmxZonHjlessR47deP=
failing seed for Serializability.Cogen[Boolean] is zLIhe88N_2GK3NNOdW_cS8krOz5CmLBwQQoBKgDxRYD=
failing seed for Serializability.Cogen[Int => Int] is Rz-ErNFJbdRzLDBH4k8NFBj__zioPABkuifFunOy8wC=
failing seed for Serializability.Cogen[List[Int]] is WdPGruGUllVQmodYnoNSq0lvbp-6il5MS-VjOgulJ1O=
failing seed for Serializability.Cogen[(String,Int)] is dX2RLmg5wPk-B5GwG4cF1k70gA-VV-zcElmkxyKwL9I=
failing seed for Serializability.Cogen[Tuple22[Int]] is qahhopdZJLBHsrRiyERpPNh8WhG5l4Uqq_6UbyXxTqH=
failing seed for Serializability.Cogen[List[(String,Int)]] is mimx0Snah5mew4FpkdPV2cEKuR6U988l1S7aByFja1C=
failing seed for Serializability.Shrink[String] is EcGFJ9YxpAG3m5xbT_n_bI1so0vJyFepGR0JfJzjVwA=
failing seed for Serializability.Shrink[Int] is Y2ZYVXSo3hAiGHzhQcEj9YXpU5insWq62TLms0hmoQE=
failing seed for Serializability.Shrink[Double] is P3CoeeXHQyLxGjmlfMr7KIRN6o191FteoN764RqVvNO=
failing seed for Serializability.Shrink[Boolean] is l9AwdvahPGGT9ThbnjxbXVhAn9vbGAvuIMQrW4h6NiL=
failing seed for Serializability.Shrink[Int => Int] is BfCMeNTPX4NPvcjjizQ2W8tPdQ4PLx5VyyZOkv4RLwG=
failing seed for Serializability.Shrink[List[Int]] is oPLFrWo039JOskaBvgYbKvKm33vG-Mtphv7wPdB7KyD=
failing seed for Serializability.Shrink[(String,Int)] is dp2v-RceMjmgxfaykZCG9r9nkGi0fZMkh_YwZ7u8mtH=
failing seed for Serializability.Shrink[Tuple22[Int])] is zHDULFhvo9vAZKf65JxDva9mJWbzwmDVruz1MYVY6bF=
failing seed for Serializability.Shrink[List[(String,Int)]] is aajAlNkIUv5TrxMivTqXmEMrGyOLBrzTN7gcls5_2zO=
failing seed for Serializability.Seed(1L) is fnxxvVSuwU7cp-ZBF5Sd88mPu29RkKguAuto1ytK8GL=
failing seed for P.outer is WzRiPCEGiTx4uEbNyxj5kfroABCtDKBZj59-SHVkiyM=
[error] Error: Total 393, Failed 0, Errors 33, Passed 360
[error] Error during tests:
[error] 	org.scalacheck.SerializabilitySpecification
[error] (coreJVM / Test / test) sbt.TestsFailedException: Tests unsuccessful
[error] Total time: 37 s, completed Jun 22, 2023, 4:08:44 AM
[32m[FAILURE scalacheck][0m
[32m[scalacheck DONE RUNNING][0m
[error] Test dotty.communitybuild.CommunityBuildTestC.scalacheck failed: java.lang.AssertionError: 
[error] 
[error] sbt exited with an error code. To reproduce without JUnit, use:
[error] 
[error]     sbt community-build/prepareCommunityBuild
[error]     cd community-build/community-projects/scalacheck
[error]     sbt -sbt-version 1.8.0 -Dsbt.supershell=false -Ddotty.communitybuild.dir=/Users/y3536zha/Desktop/scala_explicit_unsafe_2/scala_flexible_type_with_test_script/community-build --addPluginSbtFile=/Users/y3536zha/Desktop/scala_explicit_unsafe_2/scala_flexible_type_with_test_script/community-build/sbt-injected-plugins "set Global/testOptions += Tests.Argument(TestFramework("munit.Framework"), "+l"); clean; set Global/logLevel := Level.Error; set Global/updateOptions ~= (_.withLatestSnapshots(false)); set Global/scalacOptions ++= List("-Xcheck-macros","-Ysafe-init","-Yexplicit-nulls","-language:unsafeNulls");++3.3.1-RC1-bin-SNAPSHOT!; coreJVM/test;coreJS/test"
[error] 
[error] For a faster feedback loop on SBT projects, one can try to extract a direct call to dotc
[error] using the sbt export command. For instance, for scalacheck, use
[error]     sbt export jvm/test:compileIncremental
[error] 
[error] , took 200.304 sec
[error]     at dotty.communitybuild.CommunityBuildTest$package$testRunner$.failWith(CommunityBuildTest.scala:15)
[error]     at dotty.communitybuild.CommunityBuildRunner.runProject(CommunityBuildRunner.scala:93)
[error]     at dotty.communitybuild.CommunityBuildRunner.runProject$(CommunityBuildRunner.scala:33)
[error]     at dotty.communitybuild.CommunityBuildTest$package$testRunner$.runProject(CommunityBuildTest.scala:14)
[error]     at dotty.communitybuild.CommunityBuildRunner$.run(CommunityBuildRunner.scala:28)
[error]     at dotty.communitybuild.CommunityBuildTestC.scalacheck(CommunityBuildTest.scala:83)
[error]     at jdk.internal.reflect.NativeMethodAccessorImpl.invoke0(Native Method)
[error]     at jdk.internal.reflect.NativeMethodAccessorImpl.invoke(Unknown Source)
[error]     at jdk.internal.reflect.DelegatingMethodAccessorImpl.invoke(Unknown Source)
[error]     at java.lang.reflect.Method.invoke(Unknown Source)
[error]     ...
[info] Test run dotty.communitybuild.CommunityBuildTestC finished: 1 failed, 0 ignored, 1 total, 200.308s
********************************************************************************
Failed projects:
 - dotty.communitybuild.CommunityBuildTestC.scalacheck
********************************************************************************
[info] Test run dotty.communitybuild.CommunityBuildTestB started
[info] Test run dotty.communitybuild.CommunityBuildTestB finished: 0 failed, 0 ignored, 0 total, 0.0s
[error] Failed: Total 1, Failed 1, Errors 0, Passed 0
[error] Failed tests:
[error] 	dotty.communitybuild.CommunityBuildTestC
[error] (community-build / Test / testOnly) sbt.TestsFailedException: Tests unsuccessful
[error] Total time: 224 s (03:44), completed Jun 22, 2023, 4:08:45 AM
