[info] welcome to sbt 1.8.0 (Oracle Corporation Java 9.0.4)
[info] loading global plugins from /Users/y3536zha/.sbt/1.0/plugins
[info] loading settings for project scala_flexible_type_with_test_script-build-build from build.sbt ...
[info] loading project definition from /Users/y3536zha/Desktop/scala_explicit_unsafe_2/scala_flexible_type_with_test_script/project/project
[info] loading settings for project scala_flexible_type_with_test_script-build from build.sbt,plugins.sbt ...
[info] loading project definition from /Users/y3536zha/Desktop/scala_explicit_unsafe_2/scala_flexible_type_with_test_script/project
[info] loading settings for project scala3 from build.sbt ...
[info] resolving key references (31394 settings) ...
[info] set current project to scala3 (in build file:/Users/y3536zha/Desktop/scala_explicit_unsafe_2/scala_flexible_type_with_test_script/)
SLF4J: No SLF4J providers were found.
SLF4J: Defaulting to no-operation (NOP) logger implementation
SLF4J: See https://www.slf4j.org/codes.html#noProviders for further details.
SLF4J: Class path contains SLF4J bindings targeting slf4j-api versions 1.7.x or earlier.
SLF4J: Ignoring binding found at [jar:file:/Users/y3536zha/.sbt/boot/scala-2.12.17/org.scala-sbt/sbt/1.8.0/log4j-slf4j-impl-2.17.1.jar!/org/slf4j/impl/StaticLoggerBinder.class]
SLF4J: See https://www.slf4j.org/codes.html#ignoredBindings for an explanation.
[info] Wrote /Users/y3536zha/Desktop/scala_explicit_unsafe_2/scala_flexible_type_with_test_script/library/../out/bootstrap/scala3-library-bootstrapped/scala-3.3.1-RC1-bin-SNAPSHOT-nonbootstrapped/scala3-library_3-3.3.1-RC1-bin-SNAPSHOT.pom
[info] Wrote /Users/y3536zha/Desktop/scala_explicit_unsafe_2/scala_flexible_type_with_test_script/sbt-bridge/src/target/scala3-sbt-bridge-3.3.1-RC1-bin-SNAPSHOT.pom
[info] Wrote /Users/y3536zha/Desktop/scala_explicit_unsafe_2/scala_flexible_type_with_test_script/compiler/../out/bootstrap/scala3-compiler-bootstrapped/scala-3.3.1-RC1-bin-SNAPSHOT-nonbootstrapped/scala3-compiler_3-3.3.1-RC1-bin-SNAPSHOT.pom
[info] Wrote /Users/y3536zha/Desktop/scala_explicit_unsafe_2/scala_flexible_type_with_test_script/sbt-community-build/target/scala-2.12/sbt-1.0/sbt-community-build-0.1.0-SNAPSHOT.pom
[info] Wrote /Users/y3536zha/Desktop/scala_explicit_unsafe_2/scala_flexible_type_with_test_script/library-js/../out/bootstrap/scala3-library-bootstrappedJS/scala-3.3.1-RC1-bin-SNAPSHOT-nonbootstrapped/scala3-library_sjs1_3-3.3.1-RC1-bin-SNAPSHOT.pom
[info] Wrote /Users/y3536zha/Desktop/scala_explicit_unsafe_2/scala_flexible_type_with_test_script/interfaces/target/scala3-interfaces-3.3.1-RC1-bin-SNAPSHOT.pom
[info] Wrote /Users/y3536zha/Desktop/scala_explicit_unsafe_2/scala_flexible_type_with_test_script/tasty/../out/bootstrap/tasty-core-bootstrapped/scala-3.3.1-RC1-bin-SNAPSHOT-nonbootstrapped/tasty-core_3-3.3.1-RC1-bin-SNAPSHOT.pom
[info] Wrote /Users/y3536zha/Desktop/scala_explicit_unsafe_2/scala_flexible_type_with_test_script/tasty-inspector/../out/bootstrap/scala3-tasty-inspector/scala-3.3.1-RC1-bin-SNAPSHOT-nonbootstrapped/scala3-tasty-inspector_3-3.3.1-RC1-bin-SNAPSHOT.pom
[info] Wrote /Users/y3536zha/Desktop/scala_explicit_unsafe_2/scala_flexible_type_with_test_script/scaladoc/../out/bootstrap/scaladoc/scala-3.3.1-RC1-bin-SNAPSHOT-nonbootstrapped/scaladoc_3-3.3.1-RC1-bin-SNAPSHOT.pom
[info] :: delivering :: ch.epfl.lamp#sbt-community-build;0.1.0-SNAPSHOT :: 0.1.0-SNAPSHOT :: integration :: Thu Jun 22 04:10:01 EDT 2023
[info] 	delivering ivy file to /Users/y3536zha/Desktop/scala_explicit_unsafe_2/scala_flexible_type_with_test_script/sbt-community-build/target/scala-2.12/sbt-1.0/ivy-0.1.0-SNAPSHOT.xml
[info] 	published sbt-community-build to /Users/y3536zha/.ivy2/local/ch.epfl.lamp/sbt-community-build/scala_2.12/sbt_1.0/0.1.0-SNAPSHOT/poms/sbt-community-build.pom
[info] 	published sbt-community-build to /Users/y3536zha/.ivy2/local/ch.epfl.lamp/sbt-community-build/scala_2.12/sbt_1.0/0.1.0-SNAPSHOT/jars/sbt-community-build.jar
[info] 	published sbt-community-build to /Users/y3536zha/.ivy2/local/ch.epfl.lamp/sbt-community-build/scala_2.12/sbt_1.0/0.1.0-SNAPSHOT/srcs/sbt-community-build-sources.jar
[info] 	published sbt-community-build to /Users/y3536zha/.ivy2/local/ch.epfl.lamp/sbt-community-build/scala_2.12/sbt_1.0/0.1.0-SNAPSHOT/docs/sbt-community-build-javadoc.jar
[info] 	published ivy to /Users/y3536zha/.ivy2/local/ch.epfl.lamp/sbt-community-build/scala_2.12/sbt_1.0/0.1.0-SNAPSHOT/ivys/ivy.xml
[info] :: delivering :: org.scala-lang#scala3-interfaces;3.3.1-RC1-bin-SNAPSHOT :: 3.3.1-RC1-bin-SNAPSHOT :: integration :: Thu Jun 22 04:10:01 EDT 2023
[info] 	delivering ivy file to /Users/y3536zha/Desktop/scala_explicit_unsafe_2/scala_flexible_type_with_test_script/interfaces/target/ivy-3.3.1-RC1-bin-SNAPSHOT.xml
[info] 	published scala3-interfaces to /Users/y3536zha/.ivy2/local/org.scala-lang/scala3-interfaces/3.3.1-RC1-bin-SNAPSHOT/poms/scala3-interfaces.pom
[info] 	published scala3-interfaces to /Users/y3536zha/.ivy2/local/org.scala-lang/scala3-interfaces/3.3.1-RC1-bin-SNAPSHOT/jars/scala3-interfaces.jar
[info] 	published scala3-interfaces to /Users/y3536zha/.ivy2/local/org.scala-lang/scala3-interfaces/3.3.1-RC1-bin-SNAPSHOT/srcs/scala3-interfaces-sources.jar
[info] 	published scala3-interfaces to /Users/y3536zha/.ivy2/local/org.scala-lang/scala3-interfaces/3.3.1-RC1-bin-SNAPSHOT/docs/scala3-interfaces-javadoc.jar
[info] 	published ivy to /Users/y3536zha/.ivy2/local/org.scala-lang/scala3-interfaces/3.3.1-RC1-bin-SNAPSHOT/ivys/ivy.xml
[info] :: delivering :: org.scala-lang#scala3-sbt-bridge;3.3.1-RC1-bin-SNAPSHOT :: 3.3.1-RC1-bin-SNAPSHOT :: integration :: Thu Jun 22 04:10:02 EDT 2023
[info] 	delivering ivy file to /Users/y3536zha/Desktop/scala_explicit_unsafe_2/scala_flexible_type_with_test_script/sbt-bridge/src/target/ivy-3.3.1-RC1-bin-SNAPSHOT.xml
[info] 	published scala3-sbt-bridge to /Users/y3536zha/.ivy2/local/org.scala-lang/scala3-sbt-bridge/3.3.1-RC1-bin-SNAPSHOT/poms/scala3-sbt-bridge.pom
[info] 	published scala3-sbt-bridge to /Users/y3536zha/.ivy2/local/org.scala-lang/scala3-sbt-bridge/3.3.1-RC1-bin-SNAPSHOT/jars/scala3-sbt-bridge.jar
[info] 	published scala3-sbt-bridge to /Users/y3536zha/.ivy2/local/org.scala-lang/scala3-sbt-bridge/3.3.1-RC1-bin-SNAPSHOT/srcs/scala3-sbt-bridge-sources.jar
[info] 	published scala3-sbt-bridge to /Users/y3536zha/.ivy2/local/org.scala-lang/scala3-sbt-bridge/3.3.1-RC1-bin-SNAPSHOT/docs/scala3-sbt-bridge-javadoc.jar
[info] 	published ivy to /Users/y3536zha/.ivy2/local/org.scala-lang/scala3-sbt-bridge/3.3.1-RC1-bin-SNAPSHOT/ivys/ivy.xml
[info] :: delivering :: org.scala-lang#tasty-core_3;3.3.1-RC1-bin-SNAPSHOT :: 3.3.1-RC1-bin-SNAPSHOT :: integration :: Thu Jun 22 04:10:04 EDT 2023
[info] 	delivering ivy file to /Users/y3536zha/Desktop/scala_explicit_unsafe_2/scala_flexible_type_with_test_script/out/bootstrap/tasty-core-bootstrapped/scala-3.3.1-RC1-bin-SNAPSHOT-nonbootstrapped/ivy-3.3.1-RC1-bin-SNAPSHOT.xml
[info] 	published tasty-core_3 to /Users/y3536zha/.ivy2/local/org.scala-lang/tasty-core_3/3.3.1-RC1-bin-SNAPSHOT/poms/tasty-core_3.pom
[info] 	published tasty-core_3 to /Users/y3536zha/.ivy2/local/org.scala-lang/tasty-core_3/3.3.1-RC1-bin-SNAPSHOT/jars/tasty-core_3.jar
[info] 	published tasty-core_3 to /Users/y3536zha/.ivy2/local/org.scala-lang/tasty-core_3/3.3.1-RC1-bin-SNAPSHOT/srcs/tasty-core_3-sources.jar
[info] 	published tasty-core_3 to /Users/y3536zha/.ivy2/local/org.scala-lang/tasty-core_3/3.3.1-RC1-bin-SNAPSHOT/docs/tasty-core_3-javadoc.jar
[info] 	published ivy to /Users/y3536zha/.ivy2/local/org.scala-lang/tasty-core_3/3.3.1-RC1-bin-SNAPSHOT/ivys/ivy.xml
[info] Main Scala API documentation to /Users/y3536zha/Desktop/scala_explicit_unsafe_2/scala_flexible_type_with_test_script/library/../out/bootstrap/scala3-library-bootstrapped/scala-3.3.1-RC1-bin-SNAPSHOT-nonbootstrapped/api...
[info] Main Scala API documentation to /Users/y3536zha/Desktop/scala_explicit_unsafe_2/scala_flexible_type_with_test_script/library-js/../out/bootstrap/scala3-library-bootstrappedJS/scala-3.3.1-RC1-bin-SNAPSHOT-nonbootstrapped/api...
[info] :: delivering :: org.scala-lang#scala3-tasty-inspector_3;3.3.1-RC1-bin-SNAPSHOT :: 3.3.1-RC1-bin-SNAPSHOT :: integration :: Thu Jun 22 04:10:05 EDT 2023
[info] 	delivering ivy file to /Users/y3536zha/Desktop/scala_explicit_unsafe_2/scala_flexible_type_with_test_script/out/bootstrap/scala3-tasty-inspector/scala-3.3.1-RC1-bin-SNAPSHOT-nonbootstrapped/ivy-3.3.1-RC1-bin-SNAPSHOT.xml
[info] 	published scala3-tasty-inspector_3 to /Users/y3536zha/.ivy2/local/org.scala-lang/scala3-tasty-inspector_3/3.3.1-RC1-bin-SNAPSHOT/poms/scala3-tasty-inspector_3.pom
[info] 	published scala3-tasty-inspector_3 to /Users/y3536zha/.ivy2/local/org.scala-lang/scala3-tasty-inspector_3/3.3.1-RC1-bin-SNAPSHOT/jars/scala3-tasty-inspector_3.jar
[info] 	published scala3-tasty-inspector_3 to /Users/y3536zha/.ivy2/local/org.scala-lang/scala3-tasty-inspector_3/3.3.1-RC1-bin-SNAPSHOT/srcs/scala3-tasty-inspector_3-sources.jar
[info] 	published scala3-tasty-inspector_3 to /Users/y3536zha/.ivy2/local/org.scala-lang/scala3-tasty-inspector_3/3.3.1-RC1-bin-SNAPSHOT/docs/scala3-tasty-inspector_3-javadoc.jar
[info] 	published ivy to /Users/y3536zha/.ivy2/local/org.scala-lang/scala3-tasty-inspector_3/3.3.1-RC1-bin-SNAPSHOT/ivys/ivy.xml
[info] :: delivering :: org.scala-lang#scaladoc_3;3.3.1-RC1-bin-SNAPSHOT :: 3.3.1-RC1-bin-SNAPSHOT :: integration :: Thu Jun 22 04:10:05 EDT 2023
[info] 	delivering ivy file to /Users/y3536zha/Desktop/scala_explicit_unsafe_2/scala_flexible_type_with_test_script/out/bootstrap/scaladoc/scala-3.3.1-RC1-bin-SNAPSHOT-nonbootstrapped/ivy-3.3.1-RC1-bin-SNAPSHOT.xml
[info] 	published scaladoc_3 to /Users/y3536zha/.ivy2/local/org.scala-lang/scaladoc_3/3.3.1-RC1-bin-SNAPSHOT/poms/scaladoc_3.pom
[info] 	published scaladoc_3 to /Users/y3536zha/.ivy2/local/org.scala-lang/scaladoc_3/3.3.1-RC1-bin-SNAPSHOT/jars/scaladoc_3.jar
[info] 	published scaladoc_3 to /Users/y3536zha/.ivy2/local/org.scala-lang/scaladoc_3/3.3.1-RC1-bin-SNAPSHOT/srcs/scaladoc_3-sources.jar
[info] 	published scaladoc_3 to /Users/y3536zha/.ivy2/local/org.scala-lang/scaladoc_3/3.3.1-RC1-bin-SNAPSHOT/docs/scaladoc_3-javadoc.jar
[info] 	published ivy to /Users/y3536zha/.ivy2/local/org.scala-lang/scaladoc_3/3.3.1-RC1-bin-SNAPSHOT/ivys/ivy.xml
[warn] Setting -skip-by-regex set to .+\.internal($|\..+) redundantly
[warn] bad option '-project-version 3.3.1-RC1-bin-SNAPSHOT' was ignored
[warn] Setting -skip-by-regex set to .+\.impl($|\..+) redundantly
[warn] Setting -skip-by-regex set to .+\.internal($|\..+) redundantly
[warn] Flag -project-logo set repeatedly
[warn] Setting -skip-by-regex set to .+\.impl($|\..+) redundantly
[warn] Setting -social-links set to github::https://github.com/lampepfl/dotty redundantly
[warn] Setting -social-links set to discord::https://discord.com/invite/scala redundantly
[warn] Setting -skip-by-id set to scala.runtime.stdLibPatches redundantly
[warn] Setting -social-links set to twitter::https://twitter.com/scala_lang redundantly
[warn] Setting -skip-by-id set to scala.runtime.MatchCase redundantly
[warn] bad option '-project-logo docs/_assets/images/logo.svg' was ignored
[warn] Setting -skip-by-id set to scala.runtime.stdLibPatches redundantly
[warn] Setting -social-links set to github::https://github.com/lampepfl/dotty redundantly
[warn] Setting -skip-by-id set to scala.runtime.MatchCase redundantly
[warn] Setting -social-links set to discord::https://discord.com/invite/scala redundantly
[warn] Flag -project-footer set repeatedly
[warn] Flag -author set repeatedly
[warn] Setting -social-links set to twitter::https://twitter.com/scala_lang redundantly
[warn] Flag -groups set repeatedly
[warn] bad option '-project-footer "Copyright (c) 2002-2023, LAMP/EPFL"' was ignored
[warn] Flag -default-template set repeatedly
[warn] bad option '-default-template static-site-main' was ignored
[warn] Setting -external-mappings set to .*scala/.*::scaladoc3::https://dotty.epfl.ch/api/ redundantly
[warn] Flag -author set repeatedly
[warn] Setting -external-mappings set to .*java/.*::javadoc::https://docs.oracle.com/javase/8/docs/api/ redundantly
[warn] Flag -groups set repeatedly
[warn] bad option '-project-version 3.3.1-RC1-bin-SNAPSHOT' was ignored
[warn] Setting -skip-by-regex set to .+\.internal($|\..+) redundantly
[warn] Setting -skip-by-regex set to .+\.impl($|\..+) redundantly
[warn] Setting -skip-by-id set to scala.runtime.stdLibPatches redundantly
[warn] Setting -skip-by-id set to scala.runtime.MatchCase redundantly
[warn] bad option '-project-logo docs/_assets/images/logo.svg' was ignored
[warn] Setting -social-links set to github::https://github.com/lampepfl/dotty redundantly
[warn] Setting -social-links set to discord::https://discord.com/invite/scala redundantly
[warn] Setting -social-links set to twitter::https://twitter.com/scala_lang redundantly
[warn] bad option '-project-footer "Copyright (c) 2002-2023, LAMP/EPFL"' was ignored
[warn] bad option '-default-template static-site-main' was ignored
[warn] Flag -author set repeatedly
[warn] Flag -groups set repeatedly
[info] Skipping unused scalacOptions: -Werror, -Yno-experimental, -Yexplicit-nulls
[info] Skipping unused scalacOptions: -Werror, -Yno-experimental, -Yexplicit-nulls
[info] :: delivering :: org.scala-lang#scala3-compiler_3;3.3.1-RC1-bin-SNAPSHOT :: 3.3.1-RC1-bin-SNAPSHOT :: integration :: Thu Jun 22 04:10:06 EDT 2023
[info] 	delivering ivy file to /Users/y3536zha/Desktop/scala_explicit_unsafe_2/scala_flexible_type_with_test_script/out/bootstrap/scala3-compiler-bootstrapped/scala-3.3.1-RC1-bin-SNAPSHOT-nonbootstrapped/ivy-3.3.1-RC1-bin-SNAPSHOT.xml
[info] 	published scala3-compiler_3 to /Users/y3536zha/.ivy2/local/org.scala-lang/scala3-compiler_3/3.3.1-RC1-bin-SNAPSHOT/poms/scala3-compiler_3.pom
[info] 	published scala3-compiler_3 to /Users/y3536zha/.ivy2/local/org.scala-lang/scala3-compiler_3/3.3.1-RC1-bin-SNAPSHOT/jars/scala3-compiler_3.jar
[info] 	published scala3-compiler_3 to /Users/y3536zha/.ivy2/local/org.scala-lang/scala3-compiler_3/3.3.1-RC1-bin-SNAPSHOT/srcs/scala3-compiler_3-sources.jar
[info] 	published scala3-compiler_3 to /Users/y3536zha/.ivy2/local/org.scala-lang/scala3-compiler_3/3.3.1-RC1-bin-SNAPSHOT/docs/scala3-compiler_3-javadoc.jar
[info] 	published ivy to /Users/y3536zha/.ivy2/local/org.scala-lang/scala3-compiler_3/3.3.1-RC1-bin-SNAPSHOT/ivys/ivy.xml
[warn] -- Warning: library/src/scala/util/FromDigits.scala:21:6 -----------------------
[warn] -- Warning: library/src/scala/util/FromDigits.scala:21:6 -----------------------
[warn] 21 |  def fromDigits(digits: String): T
[warn] 21 |  def fromDigits(digits: String): T
[warn]    |      ^
[warn]    |      ^
[warn]    |      No DRI found for query: MalformedNumber
[warn]    |      No DRI found for query: MalformedNumber
[error] -- [E069] Naming Error: /Users/y3536zha/Desktop/scala_explicit_unsafe_2/scala_flexible_type_with_test_script/library/src/scala/IArray.scala:13:7 
[error] -- [E069] Naming Error: /Users/y3536zha/Desktop/scala_explicit_unsafe_2/scala_flexible_type_with_test_script/library/src/scala/IArray.scala:13:7 
[error] 13 |object IArray:
[error]    |       ^
[error] 13 |object IArray:
[error]    |       ^
[error]    |object IArray cannot have the same name as object IArray in package scala -- cannot define object member with the same name as a object member in self reference _.
[error]    |(Note: this can be resolved by using another name)
[error]    |object IArray cannot have the same name as object IArray in package scala -- cannot define object member with the same name as a object member in self reference _.
[error]    |(Note: this can be resolved by using another name)
[warn] 14 warnings found
[warn] 28 warnings found
[error] one error found
[error] one error found
[info] :: delivering :: org.scala-lang#scala3-library_3;3.3.1-RC1-bin-SNAPSHOT :: 3.3.1-RC1-bin-SNAPSHOT :: integration :: Thu Jun 22 04:10:21 EDT 2023
[info] 	delivering ivy file to /Users/y3536zha/Desktop/scala_explicit_unsafe_2/scala_flexible_type_with_test_script/out/bootstrap/scala3-library-bootstrapped/scala-3.3.1-RC1-bin-SNAPSHOT-nonbootstrapped/ivy-3.3.1-RC1-bin-SNAPSHOT.xml
[info] :: delivering :: org.scala-lang#scala3-library_sjs1_3;3.3.1-RC1-bin-SNAPSHOT :: 3.3.1-RC1-bin-SNAPSHOT :: integration :: Thu Jun 22 04:10:21 EDT 2023
[info] 	delivering ivy file to /Users/y3536zha/Desktop/scala_explicit_unsafe_2/scala_flexible_type_with_test_script/out/bootstrap/scala3-library-bootstrappedJS/scala-3.3.1-RC1-bin-SNAPSHOT-nonbootstrapped/ivy-3.3.1-RC1-bin-SNAPSHOT.xml
[info] 	published scala3-library_3 to /Users/y3536zha/.ivy2/local/org.scala-lang/scala3-library_3/3.3.1-RC1-bin-SNAPSHOT/poms/scala3-library_3.pom
[info] 	published scala3-library_3 to /Users/y3536zha/.ivy2/local/org.scala-lang/scala3-library_3/3.3.1-RC1-bin-SNAPSHOT/jars/scala3-library_3.jar
[info] 	published scala3-library_3 to /Users/y3536zha/.ivy2/local/org.scala-lang/scala3-library_3/3.3.1-RC1-bin-SNAPSHOT/srcs/scala3-library_3-sources.jar
[info] 	published scala3-library_3 to /Users/y3536zha/.ivy2/local/org.scala-lang/scala3-library_3/3.3.1-RC1-bin-SNAPSHOT/docs/scala3-library_3-javadoc.jar
[info] 	published ivy to /Users/y3536zha/.ivy2/local/org.scala-lang/scala3-library_3/3.3.1-RC1-bin-SNAPSHOT/ivys/ivy.xml
[info] 	published scala3-library_sjs1_3 to /Users/y3536zha/.ivy2/local/org.scala-lang/scala3-library_sjs1_3/3.3.1-RC1-bin-SNAPSHOT/poms/scala3-library_sjs1_3.pom
[info] 	published scala3-library_sjs1_3 to /Users/y3536zha/.ivy2/local/org.scala-lang/scala3-library_sjs1_3/3.3.1-RC1-bin-SNAPSHOT/jars/scala3-library_sjs1_3.jar
[info] 	published scala3-library_sjs1_3 to /Users/y3536zha/.ivy2/local/org.scala-lang/scala3-library_sjs1_3/3.3.1-RC1-bin-SNAPSHOT/srcs/scala3-library_sjs1_3-sources.jar
[info] 	published scala3-library_sjs1_3 to /Users/y3536zha/.ivy2/local/org.scala-lang/scala3-library_sjs1_3/3.3.1-RC1-bin-SNAPSHOT/docs/scala3-library_sjs1_3-javadoc.jar
[info] 	published ivy to /Users/y3536zha/.ivy2/local/org.scala-lang/scala3-library_sjs1_3/3.3.1-RC1-bin-SNAPSHOT/ivys/ivy.xml
[info] Test run dotty.communitybuild.CommunityBuildTestA started
[info] Test run dotty.communitybuild.CommunityBuildTestA finished: 0 failed, 0 ignored, 0 total, 0.0s
[info] Test run dotty.communitybuild.CommunityBuildTestC started
[info] Test dotty.communitybuild.CommunityBuildTestC.scalaJava8Compat started
[32m[STARTING scala-java8-compat][0m
[32m[DEPENDENCIES DONE, NOW ACTUALLY RUNNING scala-java8-compat][0m
[32mBuilding scala-java8-compat with dotty-bootstrapped 3.3.1-RC1-bin-SNAPSHOT...[0m
[32msbt -sbt-version 1.8.0 -Dsbt.supershell=false -Ddotty.communitybuild.dir=/Users/y3536zha/Desktop/scala_explicit_unsafe_2/scala_flexible_type_with_test_script/community-build --addPluginSbtFile=/Users/y3536zha/Desktop/scala_explicit_unsafe_2/scala_flexible_type_with_test_script/community-build/sbt-injected-plugins set Global/testOptions += Tests.Argument(TestFramework("munit.Framework"), "+l"); clean; set Global/logLevel := Level.Error; set Global/updateOptions ~= (_.withLatestSnapshots(false)); set Global/scalacOptions ++= List("-Xcheck-macros","-Ysafe-init","-Yexplicit-nulls","-language:unsafeNulls");++3.3.1-RC1-bin-SNAPSHOT!; test[0m
[info] welcome to sbt 1.8.0 (Oracle Corporation Java 9.0.4)
[info] loading global plugins from /Users/y3536zha/.sbt/1.0/plugins
[info] loading settings for project scala-java8-compat-build from plugins.sbt,sbt-injected-plugins ...
[info] loading project definition from /Users/y3536zha/Desktop/scala_explicit_unsafe_2/scala_flexible_type_with_test_script/community-build/community-projects/scala-java8-compat/project
[info] loading settings for project scalaJava8Compat from build.sbt ...
SLF4J: No SLF4J providers were found.
SLF4J: Defaulting to no-operation (NOP) logger implementation
SLF4J: See https://www.slf4j.org/codes.html#noProviders for further details.
SLF4J: Class path contains SLF4J bindings targeting slf4j-api versions 1.7.x or earlier.
SLF4J: Ignoring binding found at [jar:file:/Users/y3536zha/.sbt/boot/scala-2.12.17/org.scala-sbt/sbt/1.8.0/log4j-slf4j-impl-2.17.1.jar!/org/slf4j/impl/StaticLoggerBinder.class]
SLF4J: See https://www.slf4j.org/codes.html#ignoredBindings for an explanation.
[info] set current project to scala-java8-compat (in build file:/Users/y3536zha/Desktop/scala_explicit_unsafe_2/scala_flexible_type_with_test_script/community-build/community-projects/scala-java8-compat/)
[info] Defining Global / testOptions
[info] The new value will be used by testOptions
[info] Reapplying settings...
[info] set current project to scala-java8-compat (in build file:/Users/y3536zha/Desktop/scala_explicit_unsafe_2/scala_flexible_type_with_test_script/community-build/community-projects/scala-java8-compat/)
[success] Total time: 0 s, completed Jun 22, 2023, 4:10:32 AM
[info] Defining Global / logLevel
[info] The new value will be used by Test / test / testListeners, Test / testOnly / testListeners and 5 others.
[info] 	Run `last` for details.
[info] Reapplying settings...
[info] set current project to scala-java8-compat (in build file:/Users/y3536zha/Desktop/scala_explicit_unsafe_2/scala_flexible_type_with_test_script/community-build/community-projects/scala-java8-compat/)
[info] Defining Global / updateOptions
[info] The new value will be used by dependencyTreeIgnoreMissingUpdate / updateOptions, ivyConfiguration, pushRemoteCache / ivyConfiguration
[info] Reapplying settings...
[info] set current project to scala-java8-compat (in build file:/Users/y3536zha/Desktop/scala_explicit_unsafe_2/scala_flexible_type_with_test_script/community-build/community-projects/scala-java8-compat/)
[info] Defining Global / scalacOptions
[info] The new value will be used by Compile / scalacOptions, Genjavadoc / scalacOptions
[info] Reapplying settings...
[info] set current project to scala-java8-compat (in build file:/Users/y3536zha/Desktop/scala_explicit_unsafe_2/scala_flexible_type_with_test_script/community-build/community-projects/scala-java8-compat/)
[info] Forcing Scala version to 3.3.1-RC1-bin-SNAPSHOT on all projects.
[info] Reapplying settings...
[info] Loading dependency tracking file /Users/y3536zha/Desktop/scala_explicit_unsafe_2/scala_flexible_type_with_test_script/community-build/dotty-community-build-deps
[info] Dependency tracking file /Users/y3536zha/Desktop/scala_explicit_unsafe_2/scala_flexible_type_with_test_script/community-build/dotty-community-build-deps does not exist
[info] set current project to scala-java8-compat (in build file:/Users/y3536zha/Desktop/scala_explicit_unsafe_2/scala_flexible_type_with_test_script/community-build/community-projects/scala-java8-compat/)
[error] -- [E134] Type Error: /Users/y3536zha/Desktop/scala_explicit_unsafe_2/scala_flexible_type_with_test_script/community-build/community-projects/scala-java8-compat/src/main/scala-2.13+/scala/compat/java8/StreamConverters.scala:175:48 
[error] 175 |    def seqStream: Stream[A] = java.util.Arrays.stream(a)
[error]     |                               ^^^^^^^^^^^^^^^^^^^^^^^
[error]     |None of the overloaded alternatives of method stream in object Arrays with types
[error]     | (x$0: Array[Double] | Null, x$1: Int, x$2: Int): java.util.streamÂ².DoubleStream
[error]     |  | Null
[error]     | (x$0: Array[Double] | Null): java.util.streamÂ².DoubleStream | Null
[error]     | (x$0: Array[Long] | Null, x$1: Int, x$2: Int): java.util.streamÂ².LongStream |
[error]     |  Null
[error]     | (x$0: Array[Long] | Null): java.util.streamÂ².LongStream | Null
[error]     | (x$0: Array[Int] | Null, x$1: Int, x$2: Int): java.util.streamÂ².IntStream | Null
[error]     | (x$0: Array[Int] | Null): java.util.streamÂ².IntStream | Null
[error]     | [T]
[error]     |  (x$0: Array[Object & T | Null] | Null, x$1: Int, x$2: Int):
[error]     |    java.util.streamÂ².Stream[T] | Null
[error]     | [T](x$0: Array[Object & TÂ² | Null] | Null): java.util.streamÂ².Stream[TÂ²] | Null
[error]     |match arguments ((AnyArrayHasSeqParStream.this.a : Array[A]))
[error]     |
[error]     |where:    A       is a type in class AnyArrayHasSeqParStream with bounds <: AnyRef
[error]     |          T       is a type variable with constraint <: Object
[error]     |          TÂ²      is a type variable with constraint <: Object
[error]     |          stream  is a method in object Arrays
[error]     |          streamÂ² is a package in package java.util
[error] one error found
[error] Module scala-java8-compat:1.0.0+50-eb16484f-SNAPSHOT is not binary compatible with versions . You have to relax your compatibility intention by changing the value of versionPolicyIntention.
[error] mimaReportBinaryIssues failed
[error] (Compile / compileIncremental) Compilation failed
[error] (versionPolicyMimaCheck) mimaReportBinaryIssues failed
[error] Total time: 6 s, completed Jun 22, 2023, 4:10:39 AM
[32mRerunning tests in scala-java8-compat because of a previous run failure.[0m
[32msbt -sbt-version 1.8.0 -Dsbt.supershell=false -Ddotty.communitybuild.dir=/Users/y3536zha/Desktop/scala_explicit_unsafe_2/scala_flexible_type_with_test_script/community-build --addPluginSbtFile=/Users/y3536zha/Desktop/scala_explicit_unsafe_2/scala_flexible_type_with_test_script/community-build/sbt-injected-plugins set Global/testOptions += Tests.Argument(TestFramework("munit.Framework"), "+l"); clean; set Global/logLevel := Level.Error; set Global/updateOptions ~= (_.withLatestSnapshots(false)); set Global/scalacOptions ++= List("-Xcheck-macros","-Ysafe-init","-Yexplicit-nulls","-language:unsafeNulls");++3.3.1-RC1-bin-SNAPSHOT!; test[0m
[info] welcome to sbt 1.8.0 (Oracle Corporation Java 9.0.4)
[info] loading global plugins from /Users/y3536zha/.sbt/1.0/plugins
[info] loading settings for project scala-java8-compat-build from plugins.sbt,sbt-injected-plugins ...
[info] loading project definition from /Users/y3536zha/Desktop/scala_explicit_unsafe_2/scala_flexible_type_with_test_script/community-build/community-projects/scala-java8-compat/project
[info] loading settings for project scalaJava8Compat from build.sbt ...
SLF4J: No SLF4J providers were found.
SLF4J: Defaulting to no-operation (NOP) logger implementation
SLF4J: See https://www.slf4j.org/codes.html#noProviders for further details.
SLF4J: Class path contains SLF4J bindings targeting slf4j-api versions 1.7.x or earlier.
SLF4J: Ignoring binding found at [jar:file:/Users/y3536zha/.sbt/boot/scala-2.12.17/org.scala-sbt/sbt/1.8.0/log4j-slf4j-impl-2.17.1.jar!/org/slf4j/impl/StaticLoggerBinder.class]
SLF4J: See https://www.slf4j.org/codes.html#ignoredBindings for an explanation.
[info] set current project to scala-java8-compat (in build file:/Users/y3536zha/Desktop/scala_explicit_unsafe_2/scala_flexible_type_with_test_script/community-build/community-projects/scala-java8-compat/)
[info] Defining Global / testOptions
[info] The new value will be used by testOptions
[info] Reapplying settings...
[info] set current project to scala-java8-compat (in build file:/Users/y3536zha/Desktop/scala_explicit_unsafe_2/scala_flexible_type_with_test_script/community-build/community-projects/scala-java8-compat/)
[success] Total time: 0 s, completed Jun 22, 2023, 4:10:47 AM
[info] Defining Global / logLevel
[info] The new value will be used by Test / test / testListeners, Test / testOnly / testListeners and 5 others.
[info] 	Run `last` for details.
[info] Reapplying settings...
[info] set current project to scala-java8-compat (in build file:/Users/y3536zha/Desktop/scala_explicit_unsafe_2/scala_flexible_type_with_test_script/community-build/community-projects/scala-java8-compat/)
[info] Defining Global / updateOptions
[info] The new value will be used by dependencyTreeIgnoreMissingUpdate / updateOptions, ivyConfiguration, pushRemoteCache / ivyConfiguration
[info] Reapplying settings...
[info] set current project to scala-java8-compat (in build file:/Users/y3536zha/Desktop/scala_explicit_unsafe_2/scala_flexible_type_with_test_script/community-build/community-projects/scala-java8-compat/)
[info] Defining Global / scalacOptions
[info] The new value will be used by Compile / scalacOptions, Genjavadoc / scalacOptions
[info] Reapplying settings...
[info] set current project to scala-java8-compat (in build file:/Users/y3536zha/Desktop/scala_explicit_unsafe_2/scala_flexible_type_with_test_script/community-build/community-projects/scala-java8-compat/)
[info] Forcing Scala version to 3.3.1-RC1-bin-SNAPSHOT on all projects.
[info] Reapplying settings...
[info] Loading dependency tracking file /Users/y3536zha/Desktop/scala_explicit_unsafe_2/scala_flexible_type_with_test_script/community-build/dotty-community-build-deps
[info] Dependency tracking file /Users/y3536zha/Desktop/scala_explicit_unsafe_2/scala_flexible_type_with_test_script/community-build/dotty-community-build-deps does not exist
[info] set current project to scala-java8-compat (in build file:/Users/y3536zha/Desktop/scala_explicit_unsafe_2/scala_flexible_type_with_test_script/community-build/community-projects/scala-java8-compat/)
[error] -- [E134] Type Error: /Users/y3536zha/Desktop/scala_explicit_unsafe_2/scala_flexible_type_with_test_script/community-build/community-projects/scala-java8-compat/src/main/scala-2.13+/scala/compat/java8/StreamConverters.scala:175:48 
[error] 175 |    def seqStream: Stream[A] = java.util.Arrays.stream(a)
[error]     |                               ^^^^^^^^^^^^^^^^^^^^^^^
[error]     |None of the overloaded alternatives of method stream in object Arrays with types
[error]     | (x$0: Array[Double] | Null, x$1: Int, x$2: Int): java.util.streamÂ².DoubleStream
[error]     |  | Null
[error]     | (x$0: Array[Double] | Null): java.util.streamÂ².DoubleStream | Null
[error]     | (x$0: Array[Long] | Null, x$1: Int, x$2: Int): java.util.streamÂ².LongStream |
[error]     |  Null
[error]     | (x$0: Array[Long] | Null): java.util.streamÂ².LongStream | Null
[error]     | (x$0: Array[Int] | Null, x$1: Int, x$2: Int): java.util.streamÂ².IntStream | Null
[error]     | (x$0: Array[Int] | Null): java.util.streamÂ².IntStream | Null
[error]     | [T]
[error]     |  (x$0: Array[Object & T | Null] | Null, x$1: Int, x$2: Int):
[error]     |    java.util.streamÂ².Stream[T] | Null
[error]     | [T](x$0: Array[Object & TÂ² | Null] | Null): java.util.streamÂ².Stream[TÂ²] | Null
[error]     |match arguments ((AnyArrayHasSeqParStream.this.a : Array[A]))
[error]     |
[error]     |where:    A       is a type in class AnyArrayHasSeqParStream with bounds <: AnyRef
[error]     |          T       is a type variable with constraint <: Object
[error]     |          TÂ²      is a type variable with constraint <: Object
[error]     |          stream  is a method in object Arrays
[error]     |          streamÂ² is a package in package java.util
[error] one error found
[error] Module scala-java8-compat:1.0.0+50-eb16484f-SNAPSHOT is not binary compatible with versions . You have to relax your compatibility intention by changing the value of versionPolicyIntention.
[error] mimaReportBinaryIssues failed
[error] (Compile / compileIncremental) Compilation failed
[error] (versionPolicyMimaCheck) mimaReportBinaryIssues failed
[error] Total time: 6 s, completed Jun 22, 2023, 4:10:54 AM
[32mRerunning tests in scala-java8-compat because of a previous run failure.[0m
[32msbt -sbt-version 1.8.0 -Dsbt.supershell=false -Ddotty.communitybuild.dir=/Users/y3536zha/Desktop/scala_explicit_unsafe_2/scala_flexible_type_with_test_script/community-build --addPluginSbtFile=/Users/y3536zha/Desktop/scala_explicit_unsafe_2/scala_flexible_type_with_test_script/community-build/sbt-injected-plugins set Global/testOptions += Tests.Argument(TestFramework("munit.Framework"), "+l"); clean; set Global/logLevel := Level.Error; set Global/updateOptions ~= (_.withLatestSnapshots(false)); set Global/scalacOptions ++= List("-Xcheck-macros","-Ysafe-init","-Yexplicit-nulls","-language:unsafeNulls");++3.3.1-RC1-bin-SNAPSHOT!; test[0m
[info] welcome to sbt 1.8.0 (Oracle Corporation Java 9.0.4)
[info] loading global plugins from /Users/y3536zha/.sbt/1.0/plugins
[info] loading settings for project scala-java8-compat-build from plugins.sbt,sbt-injected-plugins ...
[info] loading project definition from /Users/y3536zha/Desktop/scala_explicit_unsafe_2/scala_flexible_type_with_test_script/community-build/community-projects/scala-java8-compat/project
[info] loading settings for project scalaJava8Compat from build.sbt ...
SLF4J: No SLF4J providers were found.
SLF4J: Defaulting to no-operation (NOP) logger implementation
SLF4J: See https://www.slf4j.org/codes.html#noProviders for further details.
SLF4J: Class path contains SLF4J bindings targeting slf4j-api versions 1.7.x or earlier.
SLF4J: Ignoring binding found at [jar:file:/Users/y3536zha/.sbt/boot/scala-2.12.17/org.scala-sbt/sbt/1.8.0/log4j-slf4j-impl-2.17.1.jar!/org/slf4j/impl/StaticLoggerBinder.class]
SLF4J: See https://www.slf4j.org/codes.html#ignoredBindings for an explanation.
[info] set current project to scala-java8-compat (in build file:/Users/y3536zha/Desktop/scala_explicit_unsafe_2/scala_flexible_type_with_test_script/community-build/community-projects/scala-java8-compat/)
[info] Defining Global / testOptions
[info] The new value will be used by testOptions
[info] Reapplying settings...
[info] set current project to scala-java8-compat (in build file:/Users/y3536zha/Desktop/scala_explicit_unsafe_2/scala_flexible_type_with_test_script/community-build/community-projects/scala-java8-compat/)
[success] Total time: 0 s, completed Jun 22, 2023, 4:11:01 AM
[info] Defining Global / logLevel
[info] The new value will be used by Test / test / testListeners, Test / testOnly / testListeners and 5 others.
[info] 	Run `last` for details.
[info] Reapplying settings...
[info] set current project to scala-java8-compat (in build file:/Users/y3536zha/Desktop/scala_explicit_unsafe_2/scala_flexible_type_with_test_script/community-build/community-projects/scala-java8-compat/)
[info] Defining Global / updateOptions
[info] The new value will be used by dependencyTreeIgnoreMissingUpdate / updateOptions, ivyConfiguration, pushRemoteCache / ivyConfiguration
[info] Reapplying settings...
[info] set current project to scala-java8-compat (in build file:/Users/y3536zha/Desktop/scala_explicit_unsafe_2/scala_flexible_type_with_test_script/community-build/community-projects/scala-java8-compat/)
[info] Defining Global / scalacOptions
[info] The new value will be used by Compile / scalacOptions, Genjavadoc / scalacOptions
[info] Reapplying settings...
[info] set current project to scala-java8-compat (in build file:/Users/y3536zha/Desktop/scala_explicit_unsafe_2/scala_flexible_type_with_test_script/community-build/community-projects/scala-java8-compat/)
[info] Forcing Scala version to 3.3.1-RC1-bin-SNAPSHOT on all projects.
[info] Reapplying settings...
[info] Loading dependency tracking file /Users/y3536zha/Desktop/scala_explicit_unsafe_2/scala_flexible_type_with_test_script/community-build/dotty-community-build-deps
[info] Dependency tracking file /Users/y3536zha/Desktop/scala_explicit_unsafe_2/scala_flexible_type_with_test_script/community-build/dotty-community-build-deps does not exist
[info] set current project to scala-java8-compat (in build file:/Users/y3536zha/Desktop/scala_explicit_unsafe_2/scala_flexible_type_with_test_script/community-build/community-projects/scala-java8-compat/)
[error] -- [E134] Type Error: /Users/y3536zha/Desktop/scala_explicit_unsafe_2/scala_flexible_type_with_test_script/community-build/community-projects/scala-java8-compat/src/main/scala-2.13+/scala/compat/java8/StreamConverters.scala:175:48 
[error] 175 |    def seqStream: Stream[A] = java.util.Arrays.stream(a)
[error]     |                               ^^^^^^^^^^^^^^^^^^^^^^^
[error]     |None of the overloaded alternatives of method stream in object Arrays with types
[error]     | (x$0: Array[Double] | Null, x$1: Int, x$2: Int): java.util.streamÂ².DoubleStream
[error]     |  | Null
[error]     | (x$0: Array[Double] | Null): java.util.streamÂ².DoubleStream | Null
[error]     | (x$0: Array[Long] | Null, x$1: Int, x$2: Int): java.util.streamÂ².LongStream |
[error]     |  Null
[error]     | (x$0: Array[Long] | Null): java.util.streamÂ².LongStream | Null
[error]     | (x$0: Array[Int] | Null, x$1: Int, x$2: Int): java.util.streamÂ².IntStream | Null
[error]     | (x$0: Array[Int] | Null): java.util.streamÂ².IntStream | Null
[error]     | [T]
[error]     |  (x$0: Array[Object & T | Null] | Null, x$1: Int, x$2: Int):
[error]     |    java.util.streamÂ².Stream[T] | Null
[error]     | [T](x$0: Array[Object & TÂ² | Null] | Null): java.util.streamÂ².Stream[TÂ²] | Null
[error]     |match arguments ((AnyArrayHasSeqParStream.this.a : Array[A]))
[error]     |
[error]     |where:    A       is a type in class AnyArrayHasSeqParStream with bounds <: AnyRef
[error]     |          T       is a type variable with constraint <: Object
[error]     |          TÂ²      is a type variable with constraint <: Object
[error]     |          stream  is a method in object Arrays
[error]     |          streamÂ² is a package in package java.util
[error] one error found
[error] Module scala-java8-compat:1.0.0+50-eb16484f-SNAPSHOT is not binary compatible with versions . You have to relax your compatibility intention by changing the value of versionPolicyIntention.
[error] mimaReportBinaryIssues failed
[error] (Compile / compileIncremental) Compilation failed
[error] (versionPolicyMimaCheck) mimaReportBinaryIssues failed
[error] Total time: 6 s, completed Jun 22, 2023, 4:11:08 AM
[32mRerunning tests in scala-java8-compat because of a previous run failure.[0m
[32msbt -sbt-version 1.8.0 -Dsbt.supershell=false -Ddotty.communitybuild.dir=/Users/y3536zha/Desktop/scala_explicit_unsafe_2/scala_flexible_type_with_test_script/community-build --addPluginSbtFile=/Users/y3536zha/Desktop/scala_explicit_unsafe_2/scala_flexible_type_with_test_script/community-build/sbt-injected-plugins set Global/testOptions += Tests.Argument(TestFramework("munit.Framework"), "+l"); clean; set Global/logLevel := Level.Error; set Global/updateOptions ~= (_.withLatestSnapshots(false)); set Global/scalacOptions ++= List("-Xcheck-macros","-Ysafe-init","-Yexplicit-nulls","-language:unsafeNulls");++3.3.1-RC1-bin-SNAPSHOT!; test[0m
[info] welcome to sbt 1.8.0 (Oracle Corporation Java 9.0.4)
[info] loading global plugins from /Users/y3536zha/.sbt/1.0/plugins
[info] loading settings for project scala-java8-compat-build from plugins.sbt,sbt-injected-plugins ...
[info] loading project definition from /Users/y3536zha/Desktop/scala_explicit_unsafe_2/scala_flexible_type_with_test_script/community-build/community-projects/scala-java8-compat/project
[info] loading settings for project scalaJava8Compat from build.sbt ...
SLF4J: No SLF4J providers were found.
SLF4J: Defaulting to no-operation (NOP) logger implementation
SLF4J: See https://www.slf4j.org/codes.html#noProviders for further details.
SLF4J: Class path contains SLF4J bindings targeting slf4j-api versions 1.7.x or earlier.
SLF4J: Ignoring binding found at [jar:file:/Users/y3536zha/.sbt/boot/scala-2.12.17/org.scala-sbt/sbt/1.8.0/log4j-slf4j-impl-2.17.1.jar!/org/slf4j/impl/StaticLoggerBinder.class]
SLF4J: See https://www.slf4j.org/codes.html#ignoredBindings for an explanation.
[info] set current project to scala-java8-compat (in build file:/Users/y3536zha/Desktop/scala_explicit_unsafe_2/scala_flexible_type_with_test_script/community-build/community-projects/scala-java8-compat/)
[info] Defining Global / testOptions
[info] The new value will be used by testOptions
[info] Reapplying settings...
[info] set current project to scala-java8-compat (in build file:/Users/y3536zha/Desktop/scala_explicit_unsafe_2/scala_flexible_type_with_test_script/community-build/community-projects/scala-java8-compat/)
[success] Total time: 0 s, completed Jun 22, 2023, 4:11:15 AM
[info] Defining Global / logLevel
[info] The new value will be used by Test / test / testListeners, Test / testOnly / testListeners and 5 others.
[info] 	Run `last` for details.
[info] Reapplying settings...
[info] set current project to scala-java8-compat (in build file:/Users/y3536zha/Desktop/scala_explicit_unsafe_2/scala_flexible_type_with_test_script/community-build/community-projects/scala-java8-compat/)
[info] Defining Global / updateOptions
[info] The new value will be used by dependencyTreeIgnoreMissingUpdate / updateOptions, ivyConfiguration, pushRemoteCache / ivyConfiguration
[info] Reapplying settings...
[info] set current project to scala-java8-compat (in build file:/Users/y3536zha/Desktop/scala_explicit_unsafe_2/scala_flexible_type_with_test_script/community-build/community-projects/scala-java8-compat/)
[info] Defining Global / scalacOptions
[info] The new value will be used by Compile / scalacOptions, Genjavadoc / scalacOptions
[info] Reapplying settings...
[info] set current project to scala-java8-compat (in build file:/Users/y3536zha/Desktop/scala_explicit_unsafe_2/scala_flexible_type_with_test_script/community-build/community-projects/scala-java8-compat/)
[info] Forcing Scala version to 3.3.1-RC1-bin-SNAPSHOT on all projects.
[info] Reapplying settings...
[info] Loading dependency tracking file /Users/y3536zha/Desktop/scala_explicit_unsafe_2/scala_flexible_type_with_test_script/community-build/dotty-community-build-deps
[info] Dependency tracking file /Users/y3536zha/Desktop/scala_explicit_unsafe_2/scala_flexible_type_with_test_script/community-build/dotty-community-build-deps does not exist
[info] set current project to scala-java8-compat (in build file:/Users/y3536zha/Desktop/scala_explicit_unsafe_2/scala_flexible_type_with_test_script/community-build/community-projects/scala-java8-compat/)
[error] -- [E134] Type Error: /Users/y3536zha/Desktop/scala_explicit_unsafe_2/scala_flexible_type_with_test_script/community-build/community-projects/scala-java8-compat/src/main/scala-2.13+/scala/compat/java8/StreamConverters.scala:175:48 
[error] 175 |    def seqStream: Stream[A] = java.util.Arrays.stream(a)
[error]     |                               ^^^^^^^^^^^^^^^^^^^^^^^
[error]     |None of the overloaded alternatives of method stream in object Arrays with types
[error]     | (x$0: Array[Double] | Null, x$1: Int, x$2: Int): java.util.streamÂ².DoubleStream
[error]     |  | Null
[error]     | (x$0: Array[Double] | Null): java.util.streamÂ².DoubleStream | Null
[error]     | (x$0: Array[Long] | Null, x$1: Int, x$2: Int): java.util.streamÂ².LongStream |
[error]     |  Null
[error]     | (x$0: Array[Long] | Null): java.util.streamÂ².LongStream | Null
[error]     | (x$0: Array[Int] | Null, x$1: Int, x$2: Int): java.util.streamÂ².IntStream | Null
[error]     | (x$0: Array[Int] | Null): java.util.streamÂ².IntStream | Null
[error]     | [T]
[error]     |  (x$0: Array[Object & T | Null] | Null, x$1: Int, x$2: Int):
[error]     |    java.util.streamÂ².Stream[T] | Null
[error]     | [T](x$0: Array[Object & TÂ² | Null] | Null): java.util.streamÂ².Stream[TÂ²] | Null
[error]     |match arguments ((AnyArrayHasSeqParStream.this.a : Array[A]))
[error]     |
[error]     |where:    A       is a type in class AnyArrayHasSeqParStream with bounds <: AnyRef
[error]     |          T       is a type variable with constraint <: Object
[error]     |          TÂ²      is a type variable with constraint <: Object
[error]     |          stream  is a method in object Arrays
[error]     |          streamÂ² is a package in package java.util
[error] one error found
[error] Module scala-java8-compat:1.0.0+50-eb16484f-SNAPSHOT is not binary compatible with versions . You have to relax your compatibility intention by changing the value of versionPolicyIntention.
[error] mimaReportBinaryIssues failed
[error] (Compile / compileIncremental) Compilation failed
[error] (versionPolicyMimaCheck) mimaReportBinaryIssues failed
[error] Total time: 6 s, completed Jun 22, 2023, 4:11:23 AM
[32m[FAILURE scala-java8-compat][0m
[32m[scala-java8-compat DONE RUNNING][0m
[error] Test dotty.communitybuild.CommunityBuildTestC.scalaJava8Compat failed: java.lang.AssertionError: 
[error] 
[error] sbt exited with an error code. To reproduce without JUnit, use:
[error] 
[error]     sbt community-build/prepareCommunityBuild
[error]     cd community-build/community-projects/scala-java8-compat
[error]     sbt -sbt-version 1.8.0 -Dsbt.supershell=false -Ddotty.communitybuild.dir=/Users/y3536zha/Desktop/scala_explicit_unsafe_2/scala_flexible_type_with_test_script/community-build --addPluginSbtFile=/Users/y3536zha/Desktop/scala_explicit_unsafe_2/scala_flexible_type_with_test_script/community-build/sbt-injected-plugins "set Global/testOptions += Tests.Argument(TestFramework("munit.Framework"), "+l"); clean; set Global/logLevel := Level.Error; set Global/updateOptions ~= (_.withLatestSnapshots(false)); set Global/scalacOptions ++= List("-Xcheck-macros","-Ysafe-init","-Yexplicit-nulls","-language:unsafeNulls");++3.3.1-RC1-bin-SNAPSHOT!; test"
[error] 
[error] For a faster feedback loop on SBT projects, one can try to extract a direct call to dotc
[error] using the sbt export command. For instance, for scalacheck, use
[error]     sbt export jvm/test:compileIncremental
[error] 
[error] , took 61.672 sec
[error]     at dotty.communitybuild.CommunityBuildTest$package$testRunner$.failWith(CommunityBuildTest.scala:15)
[error]     at dotty.communitybuild.CommunityBuildRunner.runProject(CommunityBuildRunner.scala:93)
[error]     at dotty.communitybuild.CommunityBuildRunner.runProject$(CommunityBuildRunner.scala:33)
[error]     at dotty.communitybuild.CommunityBuildTest$package$testRunner$.runProject(CommunityBuildTest.scala:14)
[error]     at dotty.communitybuild.CommunityBuildRunner$.run(CommunityBuildRunner.scala:28)
[error]     at dotty.communitybuild.CommunityBuildTestC.scalaJava8Compat(CommunityBuildTest.scala:85)
[error]     at jdk.internal.reflect.NativeMethodAccessorImpl.invoke0(Native Method)
[error]     at jdk.internal.reflect.NativeMethodAccessorImpl.invoke(Unknown Source)
[error]     at jdk.internal.reflect.DelegatingMethodAccessorImpl.invoke(Unknown Source)
[error]     at java.lang.reflect.Method.invoke(Unknown Source)
[error]     ...
[info] Test run dotty.communitybuild.CommunityBuildTestC finished: 1 failed, 0 ignored, 1 total, 61.678s
********************************************************************************
Failed projects:
 - dotty.communitybuild.CommunityBuildTestC.scalaJava8Compat
********************************************************************************
[info] Test run dotty.communitybuild.CommunityBuildTestB started
[info] Test run dotty.communitybuild.CommunityBuildTestB finished: 0 failed, 0 ignored, 0 total, 0.0s
[error] Failed: Total 1, Failed 1, Errors 0, Passed 0
[error] Failed tests:
[error] 	dotty.communitybuild.CommunityBuildTestC
[error] (community-build / Test / testOnly) sbt.TestsFailedException: Tests unsuccessful
[error] Total time: 85 s (01:25), completed Jun 22, 2023, 4:11:24 AM
