[info] welcome to sbt 1.8.0 (Oracle Corporation Java 9.0.4)
[info] loading global plugins from /Users/y3536zha/.sbt/1.0/plugins
[info] loading settings for project scala_flexible_type_with_test_script-build-build from build.sbt ...
[info] loading project definition from /Users/y3536zha/Desktop/scala_flexible/scala_flexible_type_with_test_script/project/project
[info] loading settings for project scala_flexible_type_with_test_script-build from build.sbt,plugins.sbt ...
[info] loading project definition from /Users/y3536zha/Desktop/scala_flexible/scala_flexible_type_with_test_script/project
[info] loading settings for project scala3 from build.sbt ...
[info] resolving key references (31394 settings) ...
[info] set current project to scala3 (in build file:/Users/y3536zha/Desktop/scala_flexible/scala_flexible_type_with_test_script/)
SLF4J: No SLF4J providers were found.
SLF4J: Defaulting to no-operation (NOP) logger implementation
SLF4J: See https://www.slf4j.org/codes.html#noProviders for further details.
SLF4J: Class path contains SLF4J bindings targeting slf4j-api versions 1.7.x or earlier.
SLF4J: Ignoring binding found at [jar:file:/Users/y3536zha/.sbt/boot/scala-2.12.17/org.scala-sbt/sbt/1.8.0/log4j-slf4j-impl-2.17.1.jar!/org/slf4j/impl/StaticLoggerBinder.class]
SLF4J: See https://www.slf4j.org/codes.html#ignoredBindings for an explanation.
[info] Wrote /Users/y3536zha/Desktop/scala_flexible/scala_flexible_type_with_test_script/tasty-inspector/../out/bootstrap/scala3-tasty-inspector/scala-3.3.1-RC1-bin-SNAPSHOT-nonbootstrapped/scala3-tasty-inspector_3-3.3.1-RC1-bin-SNAPSHOT.pom
[info] Wrote /Users/y3536zha/Desktop/scala_flexible/scala_flexible_type_with_test_script/interfaces/target/scala3-interfaces-3.3.1-RC1-bin-SNAPSHOT.pom
[info] Wrote /Users/y3536zha/Desktop/scala_flexible/scala_flexible_type_with_test_script/sbt-bridge/src/target/scala3-sbt-bridge-3.3.1-RC1-bin-SNAPSHOT.pom
[info] Wrote /Users/y3536zha/Desktop/scala_flexible/scala_flexible_type_with_test_script/library-js/../out/bootstrap/scala3-library-bootstrappedJS/scala-3.3.1-RC1-bin-SNAPSHOT-nonbootstrapped/scala3-library_sjs1_3-3.3.1-RC1-bin-SNAPSHOT.pom
[info] Wrote /Users/y3536zha/Desktop/scala_flexible/scala_flexible_type_with_test_script/library/../out/bootstrap/scala3-library-bootstrapped/scala-3.3.1-RC1-bin-SNAPSHOT-nonbootstrapped/scala3-library_3-3.3.1-RC1-bin-SNAPSHOT.pom
[info] Wrote /Users/y3536zha/Desktop/scala_flexible/scala_flexible_type_with_test_script/tasty/../out/bootstrap/tasty-core-bootstrapped/scala-3.3.1-RC1-bin-SNAPSHOT-nonbootstrapped/tasty-core_3-3.3.1-RC1-bin-SNAPSHOT.pom
[info] Wrote /Users/y3536zha/Desktop/scala_flexible/scala_flexible_type_with_test_script/sbt-community-build/target/scala-2.12/sbt-1.0/sbt-community-build-0.1.0-SNAPSHOT.pom
[info] Wrote /Users/y3536zha/Desktop/scala_flexible/scala_flexible_type_with_test_script/scaladoc/../out/bootstrap/scaladoc/scala-3.3.1-RC1-bin-SNAPSHOT-nonbootstrapped/scaladoc_3-3.3.1-RC1-bin-SNAPSHOT.pom
[info] Wrote /Users/y3536zha/Desktop/scala_flexible/scala_flexible_type_with_test_script/compiler/../out/bootstrap/scala3-compiler-bootstrapped/scala-3.3.1-RC1-bin-SNAPSHOT-nonbootstrapped/scala3-compiler_3-3.3.1-RC1-bin-SNAPSHOT.pom
[info] :: delivering :: ch.epfl.lamp#sbt-community-build;0.1.0-SNAPSHOT :: 0.1.0-SNAPSHOT :: integration :: Wed Jun 21 20:22:24 EDT 2023
[info] 	delivering ivy file to /Users/y3536zha/Desktop/scala_flexible/scala_flexible_type_with_test_script/sbt-community-build/target/scala-2.12/sbt-1.0/ivy-0.1.0-SNAPSHOT.xml
[info] :: delivering :: org.scala-lang#scala3-interfaces;3.3.1-RC1-bin-SNAPSHOT :: 3.3.1-RC1-bin-SNAPSHOT :: integration :: Wed Jun 21 20:22:24 EDT 2023
[info] 	delivering ivy file to /Users/y3536zha/Desktop/scala_flexible/scala_flexible_type_with_test_script/interfaces/target/ivy-3.3.1-RC1-bin-SNAPSHOT.xml
[info] 	published sbt-community-build to /Users/y3536zha/.ivy2/local/ch.epfl.lamp/sbt-community-build/scala_2.12/sbt_1.0/0.1.0-SNAPSHOT/poms/sbt-community-build.pom
[info] 	published sbt-community-build to /Users/y3536zha/.ivy2/local/ch.epfl.lamp/sbt-community-build/scala_2.12/sbt_1.0/0.1.0-SNAPSHOT/jars/sbt-community-build.jar
[info] 	published sbt-community-build to /Users/y3536zha/.ivy2/local/ch.epfl.lamp/sbt-community-build/scala_2.12/sbt_1.0/0.1.0-SNAPSHOT/srcs/sbt-community-build-sources.jar
[info] 	published sbt-community-build to /Users/y3536zha/.ivy2/local/ch.epfl.lamp/sbt-community-build/scala_2.12/sbt_1.0/0.1.0-SNAPSHOT/docs/sbt-community-build-javadoc.jar
[info] 	published ivy to /Users/y3536zha/.ivy2/local/ch.epfl.lamp/sbt-community-build/scala_2.12/sbt_1.0/0.1.0-SNAPSHOT/ivys/ivy.xml
[info] 	published scala3-interfaces to /Users/y3536zha/.ivy2/local/org.scala-lang/scala3-interfaces/3.3.1-RC1-bin-SNAPSHOT/poms/scala3-interfaces.pom
[info] 	published scala3-interfaces to /Users/y3536zha/.ivy2/local/org.scala-lang/scala3-interfaces/3.3.1-RC1-bin-SNAPSHOT/jars/scala3-interfaces.jar
[info] 	published scala3-interfaces to /Users/y3536zha/.ivy2/local/org.scala-lang/scala3-interfaces/3.3.1-RC1-bin-SNAPSHOT/srcs/scala3-interfaces-sources.jar
[info] 	published scala3-interfaces to /Users/y3536zha/.ivy2/local/org.scala-lang/scala3-interfaces/3.3.1-RC1-bin-SNAPSHOT/docs/scala3-interfaces-javadoc.jar
[info] 	published ivy to /Users/y3536zha/.ivy2/local/org.scala-lang/scala3-interfaces/3.3.1-RC1-bin-SNAPSHOT/ivys/ivy.xml
[info] :: delivering :: org.scala-lang#scala3-sbt-bridge;3.3.1-RC1-bin-SNAPSHOT :: 3.3.1-RC1-bin-SNAPSHOT :: integration :: Wed Jun 21 20:22:26 EDT 2023
[info] 	delivering ivy file to /Users/y3536zha/Desktop/scala_flexible/scala_flexible_type_with_test_script/sbt-bridge/src/target/ivy-3.3.1-RC1-bin-SNAPSHOT.xml
[info] 	published scala3-sbt-bridge to /Users/y3536zha/.ivy2/local/org.scala-lang/scala3-sbt-bridge/3.3.1-RC1-bin-SNAPSHOT/poms/scala3-sbt-bridge.pom
[info] 	published scala3-sbt-bridge to /Users/y3536zha/.ivy2/local/org.scala-lang/scala3-sbt-bridge/3.3.1-RC1-bin-SNAPSHOT/jars/scala3-sbt-bridge.jar
[info] 	published scala3-sbt-bridge to /Users/y3536zha/.ivy2/local/org.scala-lang/scala3-sbt-bridge/3.3.1-RC1-bin-SNAPSHOT/srcs/scala3-sbt-bridge-sources.jar
[info] 	published scala3-sbt-bridge to /Users/y3536zha/.ivy2/local/org.scala-lang/scala3-sbt-bridge/3.3.1-RC1-bin-SNAPSHOT/docs/scala3-sbt-bridge-javadoc.jar
[info] 	published ivy to /Users/y3536zha/.ivy2/local/org.scala-lang/scala3-sbt-bridge/3.3.1-RC1-bin-SNAPSHOT/ivys/ivy.xml
[info] Main Scala API documentation to /Users/y3536zha/Desktop/scala_flexible/scala_flexible_type_with_test_script/library/../out/bootstrap/scala3-library-bootstrapped/scala-3.3.1-RC1-bin-SNAPSHOT-nonbootstrapped/api...
[info] Main Scala API documentation to /Users/y3536zha/Desktop/scala_flexible/scala_flexible_type_with_test_script/library-js/../out/bootstrap/scala3-library-bootstrappedJS/scala-3.3.1-RC1-bin-SNAPSHOT-nonbootstrapped/api...
[info] :: delivering :: org.scala-lang#tasty-core_3;3.3.1-RC1-bin-SNAPSHOT :: 3.3.1-RC1-bin-SNAPSHOT :: integration :: Wed Jun 21 20:22:31 EDT 2023
[info] 	delivering ivy file to /Users/y3536zha/Desktop/scala_flexible/scala_flexible_type_with_test_script/out/bootstrap/tasty-core-bootstrapped/scala-3.3.1-RC1-bin-SNAPSHOT-nonbootstrapped/ivy-3.3.1-RC1-bin-SNAPSHOT.xml
[info] 	published tasty-core_3 to /Users/y3536zha/.ivy2/local/org.scala-lang/tasty-core_3/3.3.1-RC1-bin-SNAPSHOT/poms/tasty-core_3.pom
[info] 	published tasty-core_3 to /Users/y3536zha/.ivy2/local/org.scala-lang/tasty-core_3/3.3.1-RC1-bin-SNAPSHOT/jars/tasty-core_3.jar
[info] 	published tasty-core_3 to /Users/y3536zha/.ivy2/local/org.scala-lang/tasty-core_3/3.3.1-RC1-bin-SNAPSHOT/srcs/tasty-core_3-sources.jar
[info] 	published tasty-core_3 to /Users/y3536zha/.ivy2/local/org.scala-lang/tasty-core_3/3.3.1-RC1-bin-SNAPSHOT/docs/tasty-core_3-javadoc.jar
[info] 	published ivy to /Users/y3536zha/.ivy2/local/org.scala-lang/tasty-core_3/3.3.1-RC1-bin-SNAPSHOT/ivys/ivy.xml
[info] :: delivering :: org.scala-lang#scala3-tasty-inspector_3;3.3.1-RC1-bin-SNAPSHOT :: 3.3.1-RC1-bin-SNAPSHOT :: integration :: Wed Jun 21 20:22:31 EDT 2023
[info] 	delivering ivy file to /Users/y3536zha/Desktop/scala_flexible/scala_flexible_type_with_test_script/out/bootstrap/scala3-tasty-inspector/scala-3.3.1-RC1-bin-SNAPSHOT-nonbootstrapped/ivy-3.3.1-RC1-bin-SNAPSHOT.xml
[info] 	published scala3-tasty-inspector_3 to /Users/y3536zha/.ivy2/local/org.scala-lang/scala3-tasty-inspector_3/3.3.1-RC1-bin-SNAPSHOT/poms/scala3-tasty-inspector_3.pom
[info] 	published scala3-tasty-inspector_3 to /Users/y3536zha/.ivy2/local/org.scala-lang/scala3-tasty-inspector_3/3.3.1-RC1-bin-SNAPSHOT/jars/scala3-tasty-inspector_3.jar
[info] 	published scala3-tasty-inspector_3 to /Users/y3536zha/.ivy2/local/org.scala-lang/scala3-tasty-inspector_3/3.3.1-RC1-bin-SNAPSHOT/srcs/scala3-tasty-inspector_3-sources.jar
[info] 	published scala3-tasty-inspector_3 to /Users/y3536zha/.ivy2/local/org.scala-lang/scala3-tasty-inspector_3/3.3.1-RC1-bin-SNAPSHOT/docs/scala3-tasty-inspector_3-javadoc.jar
[info] 	published ivy to /Users/y3536zha/.ivy2/local/org.scala-lang/scala3-tasty-inspector_3/3.3.1-RC1-bin-SNAPSHOT/ivys/ivy.xml
[info] :: delivering :: org.scala-lang#scaladoc_3;3.3.1-RC1-bin-SNAPSHOT :: 3.3.1-RC1-bin-SNAPSHOT :: integration :: Wed Jun 21 20:22:32 EDT 2023
[info] 	delivering ivy file to /Users/y3536zha/Desktop/scala_flexible/scala_flexible_type_with_test_script/out/bootstrap/scaladoc/scala-3.3.1-RC1-bin-SNAPSHOT-nonbootstrapped/ivy-3.3.1-RC1-bin-SNAPSHOT.xml
[info] 	published scaladoc_3 to /Users/y3536zha/.ivy2/local/org.scala-lang/scaladoc_3/3.3.1-RC1-bin-SNAPSHOT/poms/scaladoc_3.pom
[info] 	published scaladoc_3 to /Users/y3536zha/.ivy2/local/org.scala-lang/scaladoc_3/3.3.1-RC1-bin-SNAPSHOT/jars/scaladoc_3.jar
[info] 	published scaladoc_3 to /Users/y3536zha/.ivy2/local/org.scala-lang/scaladoc_3/3.3.1-RC1-bin-SNAPSHOT/srcs/scaladoc_3-sources.jar
[info] 	published scaladoc_3 to /Users/y3536zha/.ivy2/local/org.scala-lang/scaladoc_3/3.3.1-RC1-bin-SNAPSHOT/docs/scaladoc_3-javadoc.jar
[info] 	published ivy to /Users/y3536zha/.ivy2/local/org.scala-lang/scaladoc_3/3.3.1-RC1-bin-SNAPSHOT/ivys/ivy.xml
[warn] Setting -skip-by-regex set to .+\.internal($|\..+) redundantly
[warn] Setting -skip-by-regex set to .+\.impl($|\..+) redundantly
[warn] Flag -project-logo set repeatedly
[warn] Setting -social-links set to github::https://github.com/lampepfl/dotty redundantly
[warn] bad option '-project-version 3.3.1-RC1-bin-SNAPSHOT' was ignored
[warn] Setting -social-links set to discord::https://discord.com/invite/scala redundantly
[warn] Setting -skip-by-regex set to .+\.internal($|\..+) redundantly
[warn] Setting -social-links set to twitter::https://twitter.com/scala_lang redundantly
[warn] Setting -skip-by-regex set to .+\.impl($|\..+) redundantly
[warn] Setting -skip-by-id set to scala.runtime.stdLibPatches redundantly
[warn] Setting -skip-by-id set to scala.runtime.stdLibPatches redundantly
[warn] Setting -skip-by-id set to scala.runtime.MatchCase redundantly
[warn] Setting -skip-by-id set to scala.runtime.MatchCase redundantly
[warn] Flag -project-footer set repeatedly
[warn] bad option '-project-logo docs/_assets/images/logo.svg' was ignored
[warn] Flag -author set repeatedly
[warn] Setting -social-links set to github::https://github.com/lampepfl/dotty redundantly
[warn] Flag -groups set repeatedly
[warn] Setting -social-links set to discord::https://discord.com/invite/scala redundantly
[warn] Flag -default-template set repeatedly
[warn] Setting -social-links set to twitter::https://twitter.com/scala_lang redundantly
[warn] Setting -external-mappings set to .*scala/.*::scaladoc3::https://dotty.epfl.ch/api/ redundantly
[warn] bad option '-project-footer "Copyright (c) 2002-2023, LAMP/EPFL"' was ignored
[warn] Setting -external-mappings set to .*java/.*::javadoc::https://docs.oracle.com/javase/8/docs/api/ redundantly
[warn] bad option '-default-template static-site-main' was ignored
[warn] bad option '-project-version 3.3.1-RC1-bin-SNAPSHOT' was ignored
[warn] Flag -author set repeatedly
[warn] Setting -skip-by-regex set to .+\.internal($|\..+) redundantly
[warn] Flag -groups set repeatedly
[warn] Setting -skip-by-regex set to .+\.impl($|\..+) redundantly
[warn] Setting -skip-by-id set to scala.runtime.stdLibPatches redundantly
[warn] Setting -skip-by-id set to scala.runtime.MatchCase redundantly
[warn] bad option '-project-logo docs/_assets/images/logo.svg' was ignored
[warn] Setting -social-links set to github::https://github.com/lampepfl/dotty redundantly
[warn] Setting -social-links set to discord::https://discord.com/invite/scala redundantly
[warn] Setting -social-links set to twitter::https://twitter.com/scala_lang redundantly
[warn] bad option '-project-footer "Copyright (c) 2002-2023, LAMP/EPFL"' was ignored
[warn] bad option '-default-template static-site-main' was ignored
[warn] Flag -author set repeatedly
[warn] Flag -groups set repeatedly
[info] Skipping unused scalacOptions: -Werror, -Yno-experimental, -Yexplicit-nulls
[info] Skipping unused scalacOptions: -Werror, -Yno-experimental, -Yexplicit-nulls
[info] :: delivering :: org.scala-lang#scala3-compiler_3;3.3.1-RC1-bin-SNAPSHOT :: 3.3.1-RC1-bin-SNAPSHOT :: integration :: Wed Jun 21 20:22:34 EDT 2023
[info] 	delivering ivy file to /Users/y3536zha/Desktop/scala_flexible/scala_flexible_type_with_test_script/out/bootstrap/scala3-compiler-bootstrapped/scala-3.3.1-RC1-bin-SNAPSHOT-nonbootstrapped/ivy-3.3.1-RC1-bin-SNAPSHOT.xml
[info] 	published scala3-compiler_3 to /Users/y3536zha/.ivy2/local/org.scala-lang/scala3-compiler_3/3.3.1-RC1-bin-SNAPSHOT/poms/scala3-compiler_3.pom
[info] 	published scala3-compiler_3 to /Users/y3536zha/.ivy2/local/org.scala-lang/scala3-compiler_3/3.3.1-RC1-bin-SNAPSHOT/jars/scala3-compiler_3.jar
[info] 	published scala3-compiler_3 to /Users/y3536zha/.ivy2/local/org.scala-lang/scala3-compiler_3/3.3.1-RC1-bin-SNAPSHOT/srcs/scala3-compiler_3-sources.jar
[info] 	published scala3-compiler_3 to /Users/y3536zha/.ivy2/local/org.scala-lang/scala3-compiler_3/3.3.1-RC1-bin-SNAPSHOT/docs/scala3-compiler_3-javadoc.jar
[info] 	published ivy to /Users/y3536zha/.ivy2/local/org.scala-lang/scala3-compiler_3/3.3.1-RC1-bin-SNAPSHOT/ivys/ivy.xml
[warn] -- Warning: library/src/scala/util/FromDigits.scala:21:6 -----------------------
[warn] -- Warning: library/src/scala/util/FromDigits.scala:21:6 -----------------------
[warn] 21 |  def fromDigits(digits: String): T
[warn]    |      ^
[warn] 21 |  def fromDigits(digits: String): T
[warn]    |      No DRI found for query: MalformedNumber
[warn]    |      ^
[warn]    |      No DRI found for query: MalformedNumber
[error] -- [E069] Naming Error: /Users/y3536zha/Desktop/scala_flexible/scala_flexible_type_with_test_script/library/src/scala/IArray.scala:13:7 
[error] 13 |object IArray:
[error]    |       ^
[error]    |object IArray cannot have the same name as object IArray in package scala -- cannot define object member with the same name as a object member in self reference _.
[error]    |(Note: this can be resolved by using another name)
[error] -- [E069] Naming Error: /Users/y3536zha/Desktop/scala_flexible/scala_flexible_type_with_test_script/library/src/scala/IArray.scala:13:7 
[error] 13 |object IArray:
[error]    |       ^
[error]    |object IArray cannot have the same name as object IArray in package scala -- cannot define object member with the same name as a object member in self reference _.
[error]    |(Note: this can be resolved by using another name)
[warn] 28 warnings found
[warn] 14 warnings found
[error] one error found
[error] one error found
[info] :: delivering :: org.scala-lang#scala3-library_3;3.3.1-RC1-bin-SNAPSHOT :: 3.3.1-RC1-bin-SNAPSHOT :: integration :: Wed Jun 21 20:22:57 EDT 2023
[info] 	delivering ivy file to /Users/y3536zha/Desktop/scala_flexible/scala_flexible_type_with_test_script/out/bootstrap/scala3-library-bootstrapped/scala-3.3.1-RC1-bin-SNAPSHOT-nonbootstrapped/ivy-3.3.1-RC1-bin-SNAPSHOT.xml
[info] 	published scala3-library_3 to /Users/y3536zha/.ivy2/local/org.scala-lang/scala3-library_3/3.3.1-RC1-bin-SNAPSHOT/poms/scala3-library_3.pom
[info] 	published scala3-library_3 to /Users/y3536zha/.ivy2/local/org.scala-lang/scala3-library_3/3.3.1-RC1-bin-SNAPSHOT/jars/scala3-library_3.jar
[info] 	published scala3-library_3 to /Users/y3536zha/.ivy2/local/org.scala-lang/scala3-library_3/3.3.1-RC1-bin-SNAPSHOT/srcs/scala3-library_3-sources.jar
[info] 	published scala3-library_3 to /Users/y3536zha/.ivy2/local/org.scala-lang/scala3-library_3/3.3.1-RC1-bin-SNAPSHOT/docs/scala3-library_3-javadoc.jar
[info] 	published ivy to /Users/y3536zha/.ivy2/local/org.scala-lang/scala3-library_3/3.3.1-RC1-bin-SNAPSHOT/ivys/ivy.xml
[info] :: delivering :: org.scala-lang#scala3-library_sjs1_3;3.3.1-RC1-bin-SNAPSHOT :: 3.3.1-RC1-bin-SNAPSHOT :: integration :: Wed Jun 21 20:22:57 EDT 2023
[info] 	delivering ivy file to /Users/y3536zha/Desktop/scala_flexible/scala_flexible_type_with_test_script/out/bootstrap/scala3-library-bootstrappedJS/scala-3.3.1-RC1-bin-SNAPSHOT-nonbootstrapped/ivy-3.3.1-RC1-bin-SNAPSHOT.xml
[info] 	published scala3-library_sjs1_3 to /Users/y3536zha/.ivy2/local/org.scala-lang/scala3-library_sjs1_3/3.3.1-RC1-bin-SNAPSHOT/poms/scala3-library_sjs1_3.pom
[info] 	published scala3-library_sjs1_3 to /Users/y3536zha/.ivy2/local/org.scala-lang/scala3-library_sjs1_3/3.3.1-RC1-bin-SNAPSHOT/jars/scala3-library_sjs1_3.jar
[info] 	published scala3-library_sjs1_3 to /Users/y3536zha/.ivy2/local/org.scala-lang/scala3-library_sjs1_3/3.3.1-RC1-bin-SNAPSHOT/srcs/scala3-library_sjs1_3-sources.jar
[info] 	published scala3-library_sjs1_3 to /Users/y3536zha/.ivy2/local/org.scala-lang/scala3-library_sjs1_3/3.3.1-RC1-bin-SNAPSHOT/docs/scala3-library_sjs1_3-javadoc.jar
[info] 	published ivy to /Users/y3536zha/.ivy2/local/org.scala-lang/scala3-library_sjs1_3/3.3.1-RC1-bin-SNAPSHOT/ivys/ivy.xml
[info] Test run dotty.communitybuild.CommunityBuildTestA started
[info] Test run dotty.communitybuild.CommunityBuildTestA finished: 0 failed, 0 ignored, 0 total, 0.0s
[info] Test run dotty.communitybuild.CommunityBuildTestC started
[info] Test dotty.communitybuild.CommunityBuildTestC.betterfiles started
[32m[STARTING betterfiles][0m
[32m[DEPENDENCIES DONE, NOW ACTUALLY RUNNING betterfiles][0m
[32mBuilding betterfiles with dotty-bootstrapped 3.3.1-RC1-bin-SNAPSHOT...[0m
[32msbt -sbt-version 1.8.0 -Dsbt.supershell=false -Ddotty.communitybuild.dir=/Users/y3536zha/Desktop/scala_flexible/scala_flexible_type_with_test_script/community-build --addPluginSbtFile=/Users/y3536zha/Desktop/scala_flexible/scala_flexible_type_with_test_script/community-build/sbt-injected-plugins set Global/testOptions += Tests.Argument(TestFramework("munit.Framework"), "+l"); clean; set Global/logLevel := Level.Error; set Global/updateOptions ~= (_.withLatestSnapshots(false)); set Global/scalacOptions ++= List("-Xcheck-macros","-Ysafe-init","-Yexplicit-nulls","-Yflexible-types");++3.3.1-RC1-bin-SNAPSHOT!; dotty-community-build/compile[0m
[info] welcome to sbt 1.8.0 (Oracle Corporation Java 9.0.4)
[info] loading global plugins from /Users/y3536zha/.sbt/1.0/plugins
[info] loading settings for project betterfiles-build from plugins.sbt,sbt-injected-plugins ...
[info] loading project definition from /Users/y3536zha/Desktop/scala_flexible/scala_flexible_type_with_test_script/community-build/community-projects/betterfiles/project
/Users/y3536zha/Desktop/scala_flexible/scala_flexible_type_with_test_script/community-build/community-projects/betterfiles/build.sbt:146: warning: value sonatypeSnapshots in object resolver is deprecated (since 1.7.0): Use sonatypeOssSnapshots instead
  publishTo := Some(if (isSnapshot.value) Opts.resolver.sonatypeSnapshots else Opts.resolver.sonatypeStaging),
                                                        ^
[info] loading settings for project root from build.sbt,version.sbt ...
SLF4J: No SLF4J providers were found.
SLF4J: Defaulting to no-operation (NOP) logger implementation
SLF4J: See https://www.slf4j.org/codes.html#noProviders for further details.
SLF4J: Class path contains SLF4J bindings targeting slf4j-api versions 1.7.x or earlier.
SLF4J: Ignoring binding found at [jar:file:/Users/y3536zha/.sbt/boot/scala-2.12.17/org.scala-sbt/sbt/1.8.0/log4j-slf4j-impl-2.17.1.jar!/org/slf4j/impl/StaticLoggerBinder.class]
SLF4J: See https://www.slf4j.org/codes.html#ignoredBindings for an explanation.
[info] set current project to better-files-root (in build file:/Users/y3536zha/Desktop/scala_flexible/scala_flexible_type_with_test_script/community-build/community-projects/betterfiles/)
[warn] there are 5 keys that are not used by any other settings/tasks:
[warn]  
[warn] * akka / updateImpactOpenBrowser
[warn]   +- /Users/y3536zha/Desktop/scala_flexible/scala_flexible_type_with_test_script/community-build/community-projects/betterfiles/build.sbt:15
[warn] * benchmarks / updateImpactOpenBrowser
[warn]   +- /Users/y3536zha/Desktop/scala_flexible/scala_flexible_type_with_test_script/community-build/community-projects/betterfiles/build.sbt:15
[warn] * core / updateImpactOpenBrowser
[warn]   +- /Users/y3536zha/Desktop/scala_flexible/scala_flexible_type_with_test_script/community-build/community-projects/betterfiles/build.sbt:15
[warn] * root / updateImpactOpenBrowser
[warn]   +- /Users/y3536zha/Desktop/scala_flexible/scala_flexible_type_with_test_script/community-build/community-projects/betterfiles/build.sbt:15
[warn] * shapelessScanner / updateImpactOpenBrowser
[warn]   +- /Users/y3536zha/Desktop/scala_flexible/scala_flexible_type_with_test_script/community-build/community-projects/betterfiles/build.sbt:15
[warn]  
[warn] note: a setting might still be used by a command; to exclude a key from this `lintUnused` check
[warn] either append it to `Global / excludeLintKeys` or call .withRank(KeyRanks.Invisible) on the key
[info] Defining Global / testOptions
[info] The new value will be used by Test / test / testOptions, Test / testOnly / testOptions and 15 others.
[info] 	Run `last` for details.
[info] Reapplying settings...
[info] set current project to better-files-root (in build file:/Users/y3536zha/Desktop/scala_flexible/scala_flexible_type_with_test_script/community-build/community-projects/betterfiles/)
[success] Total time: 0 s, completed Jun 21, 2023, 8:23:18 PM
[info] Defining Global / logLevel
[info] The new value will be used by Test / test / testListeners, Test / testOnly / testListeners and 45 others.
[info] 	Run `last` for details.
[info] Reapplying settings...
[info] set current project to better-files-root (in build file:/Users/y3536zha/Desktop/scala_flexible/scala_flexible_type_with_test_script/community-build/community-projects/betterfiles/)
[info] Defining Global / updateOptions
[info] The new value will be used by akka / dependencyTreeIgnoreMissingUpdate / updateOptions, akka / ivyConfiguration and 15 others.
[info] 	Run `last` for details.
[info] Reapplying settings...
[info] set current project to better-files-root (in build file:/Users/y3536zha/Desktop/scala_flexible/scala_flexible_type_with_test_script/community-build/community-projects/betterfiles/)
[info] Defining Global / scalacOptions
[info] The new value will be used by akka / scalacOptions, benchmarks / scalacOptions and 3 others.
[info] 	Run `last` for details.
[info] Reapplying settings...
[info] set current project to better-files-root (in build file:/Users/y3536zha/Desktop/scala_flexible/scala_flexible_type_with_test_script/community-build/community-projects/betterfiles/)
[info] Forcing Scala version to 3.3.1-RC1-bin-SNAPSHOT on all projects.
[info] Reapplying settings...
[info] Loading dependency tracking file /Users/y3536zha/Desktop/scala_flexible/scala_flexible_type_with_test_script/community-build/dotty-community-build-deps
[info] Dependency tracking file /Users/y3536zha/Desktop/scala_flexible/scala_flexible_type_with_test_script/community-build/dotty-community-build-deps does not exist
[info] set current project to better-files-root (in build file:/Users/y3536zha/Desktop/scala_flexible/scala_flexible_type_with_test_script/community-build/community-projects/betterfiles/)
java.lang.AssertionError: assertion failed while typechecking /Users/y3536zha/Desktop/scala_flexible/scala_flexible_type_with_test_script/community-build/community-projects/betterfiles/core/src/main/scala/better/files/File.scala
[error] ## Exception when compiling 11 sources to /Users/y3536zha/Desktop/scala_flexible/scala_flexible_type_with_test_script/community-build/community-projects/betterfiles/core/target/scala-3.3.1-RC1-bin-SNAPSHOT/classes
[error] java.lang.AssertionError: assertion failed
[error] scala.runtime.Scala3RunTime$.assertFailed(Scala3RunTime.scala:11)
[error] dotty.tools.dotc.ast.tpd$.TypeApply(tpd.scala:60)
[error] dotty.tools.dotc.ast.tpd$TreeOps$.appliedToTypeTrees$extension(tpd.scala:979)
[error] dotty.tools.dotc.typer.Typer.adapt1(Typer.scala:4252)
[error] dotty.tools.dotc.typer.Typer.adapt(Typer.scala:3573)
[error] dotty.tools.dotc.typer.ProtoTypes$FunProto.typedArg(ProtoTypes.scala:497)
[error] dotty.tools.dotc.typer.Applications$ApplyToUntyped.typedArg(Applications.scala:897)
[error] dotty.tools.dotc.typer.Applications$ApplyToUntyped.typedArg(Applications.scala:897)
[error] dotty.tools.dotc.typer.Applications$Application.addTyped$1(Applications.scala:589)
[error] dotty.tools.dotc.typer.Applications$Application.matchArgs(Applications.scala:653)
[error] dotty.tools.dotc.typer.Applications$Application.init(Applications.scala:492)
[error] dotty.tools.dotc.typer.Applications$TypedApply.<init>(Applications.scala:779)
[error] dotty.tools.dotc.typer.Applications$ApplyToUntyped.<init>(Applications.scala:896)
[error] dotty.tools.dotc.typer.Applications.ApplyTo(Applications.scala:1126)
[error] dotty.tools.dotc.typer.Applications.ApplyTo$(Applications.scala:352)
[error] dotty.tools.dotc.typer.Typer.ApplyTo(Typer.scala:116)
[error] dotty.tools.dotc.typer.Applications.simpleApply$1(Applications.scala:969)
[error] dotty.tools.dotc.typer.Applications.realApply$1$$anonfun$2(Applications.scala:1052)
[error] dotty.tools.dotc.typer.Typer.tryEither(Typer.scala:3310)
[error] dotty.tools.dotc.typer.Applications.realApply$1(Applications.scala:1063)
[error] dotty.tools.dotc.typer.Applications.typedApply(Applications.scala:1101)
[error] dotty.tools.dotc.typer.Applications.typedApply$(Applications.scala:352)
[error] dotty.tools.dotc.typer.Typer.typedApply(Typer.scala:116)
[error] dotty.tools.dotc.typer.Typer.typedUnnamed$1(Typer.scala:3035)
[error] dotty.tools.dotc.typer.Typer.typedUnadapted(Typer.scala:3098)
[error] dotty.tools.dotc.typer.Typer.typed(Typer.scala:3170)
[error] dotty.tools.dotc.typer.Implicits.tryConversion$1(Implicits.scala:1134)
[error] dotty.tools.dotc.typer.Implicits.typedImplicit(Implicits.scala:1165)
[error] dotty.tools.dotc.typer.Implicits.typedImplicit$(Implicits.scala:816)
[error] dotty.tools.dotc.typer.Typer.typedImplicit(Typer.scala:116)
[error] dotty.tools.dotc.typer.Implicits$ImplicitSearch.tryImplicit(Implicits.scala:1240)
[error] dotty.tools.dotc.typer.Implicits$ImplicitSearch.rank$1(Implicits.scala:1339)
[error] dotty.tools.dotc.typer.Implicits$ImplicitSearch.searchImplicit(Implicits.scala:1509)
[error] dotty.tools.dotc.typer.Implicits$ImplicitSearch.searchImplicit(Implicits.scala:1537)
[error] dotty.tools.dotc.typer.Implicits$ImplicitSearch.searchImplicit(Implicits.scala:1545)
[error] dotty.tools.dotc.typer.Implicits$ImplicitSearch.bestImplicit(Implicits.scala:1570)
[error] dotty.tools.dotc.typer.Implicits.inferImplicit(Implicits.scala:1058)
[error] dotty.tools.dotc.typer.Implicits.inferImplicit$(Implicits.scala:816)
[error] dotty.tools.dotc.typer.Typer.inferImplicit(Typer.scala:116)
[error] dotty.tools.dotc.typer.Implicits.inferView(Implicits.scala:854)
[error] dotty.tools.dotc.typer.Implicits.inferView$(Implicits.scala:816)
[error] dotty.tools.dotc.typer.Typer.inferView(Typer.scala:116)
[error] dotty.tools.dotc.typer.Implicits.viewExists(Implicits.scala:829)
[error] dotty.tools.dotc.typer.Implicits.viewExists$(Implicits.scala:816)
[error] dotty.tools.dotc.typer.Typer.viewExists(Typer.scala:116)
[error] dotty.tools.dotc.typer.Implicits.ignoredConvertibleImplicits$1$$anonfun$3(Implicits.scala:958)
[error] scala.collection.Iterator$$anon$6.hasNext(Iterator.scala:479)
[error] scala.collection.Iterator.isEmpty(Iterator.scala:466)
[error] scala.collection.Iterator.isEmpty$(Iterator.scala:466)
[error] scala.collection.AbstractIterator.isEmpty(Iterator.scala:1300)
[error] scala.collection.View$Filter.isEmpty(View.scala:146)
[error] scala.collection.IterableOnceOps.nonEmpty(IterableOnce.scala:833)
[error] scala.collection.IterableOnceOps.nonEmpty$(IterableOnce.scala:833)
[error] scala.collection.AbstractIterable.nonEmpty(Iterable.scala:933)
[error] dotty.tools.dotc.reporting.MissingImplicitArgument.noChainConversionsNote$1(messages.scala:2824)
[error] dotty.tools.dotc.reporting.MissingImplicitArgument.msgPostscript$$anonfun$4(messages.scala:2832)
[error] scala.Option.orElse(Option.scala:477)
[error] dotty.tools.dotc.reporting.MissingImplicitArgument.msgPostscript(messages.scala:2832)
[error] dotty.tools.dotc.reporting.Message.message$$anonfun$1(Message.scala:345)
[error] dotty.tools.dotc.reporting.Message.inMessageContext(Message.scala:341)
[error] dotty.tools.dotc.reporting.Message.message(Message.scala:345)
[error] dotty.tools.dotc.reporting.Message.isNonSensical(Message.scala:322)
[error] dotty.tools.dotc.reporting.HideNonSensicalMessages.isHidden(HideNonSensicalMessages.scala:16)
[error] dotty.tools.dotc.reporting.HideNonSensicalMessages.isHidden$(HideNonSensicalMessages.scala:10)
[error] dotty.tools.dotc.reporting.AbstractReporter.isHidden(AbstractReporter.scala:8)
[error] dotty.tools.dotc.reporting.Reporter.issueUnconfigured(Reporter.scala:156)
[error] dotty.tools.dotc.reporting.Reporter.go$1(Reporter.scala:181)
[error] dotty.tools.dotc.reporting.Reporter.issueIfNotSuppressed(Reporter.scala:200)
[error] dotty.tools.dotc.reporting.Reporter.report(Reporter.scala:203)
[error] dotty.tools.dotc.report$.error(report.scala:68)
[error] dotty.tools.dotc.typer.Typer.issueErrors$1$$anonfun$1(Typer.scala:3794)
[error] scala.runtime.function.JProcedure3.apply(JProcedure3.java:15)
[error] scala.runtime.function.JProcedure3.apply(JProcedure3.java:10)
[error] scala.collection.LazyZip3.foreach(LazyZipOps.scala:248)
[error] dotty.tools.dotc.typer.Typer.issueErrors$1(Typer.scala:3796)
[error] dotty.tools.dotc.typer.Typer.addImplicitArgs$1(Typer.scala:3818)
[error] dotty.tools.dotc.typer.Typer.adaptNoArgsImplicitMethod$1(Typer.scala:3835)
[error] dotty.tools.dotc.typer.Typer.adaptNoArgs$1(Typer.scala:4024)
[error] dotty.tools.dotc.typer.Typer.adapt1(Typer.scala:4265)
[error] dotty.tools.dotc.typer.Typer.adapt(Typer.scala:3573)
[error] dotty.tools.dotc.typer.Typer.readapt$1(Typer.scala:3584)
[error] dotty.tools.dotc.typer.Typer.adapt1(Typer.scala:4252)
[error] dotty.tools.dotc.typer.Typer.adapt(Typer.scala:3573)
[error] dotty.tools.dotc.typer.Typer.typed(Typer.scala:3170)
[error] dotty.tools.dotc.typer.Typer.typed(Typer.scala:3174)
[error] dotty.tools.dotc.typer.Typer.typedExpr(Typer.scala:3286)
[error] dotty.tools.dotc.typer.Typer.$anonfun$57(Typer.scala:2473)
[error] dotty.tools.dotc.inlines.PrepareInlineable$.dropInlineIfError(PrepareInlineable.scala:250)
[error] dotty.tools.dotc.typer.Typer.typedDefDef(Typer.scala:2473)
[error] dotty.tools.dotc.typer.Typer.typedNamed$1(Typer.scala:3011)
[error] dotty.tools.dotc.typer.Typer.typedUnadapted(Typer.scala:3097)
[error] dotty.tools.dotc.typer.Typer.typed(Typer.scala:3170)
[error] dotty.tools.dotc.typer.Typer.typed(Typer.scala:3174)
[error] dotty.tools.dotc.typer.Typer.traverse$1(Typer.scala:3196)
[error] dotty.tools.dotc.typer.Typer.typedStats(Typer.scala:3242)
[error] dotty.tools.dotc.typer.Typer.typedClassDef(Typer.scala:2656)
[error] dotty.tools.dotc.typer.Typer.typedTypeOrClassDef$1(Typer.scala:3023)
[error] dotty.tools.dotc.typer.Typer.typedNamed$1(Typer.scala:3027)
[error] dotty.tools.dotc.typer.Typer.typedUnadapted(Typer.scala:3097)
[error] dotty.tools.dotc.typer.Typer.typed(Typer.scala:3170)
[error] dotty.tools.dotc.typer.Typer.typed(Typer.scala:3174)
[error] dotty.tools.dotc.typer.Typer.traverse$1(Typer.scala:3196)
[error] dotty.tools.dotc.typer.Typer.typedStats(Typer.scala:3242)
[error] dotty.tools.dotc.typer.Typer.typedPackageDef(Typer.scala:2799)
[error] dotty.tools.dotc.typer.Typer.typedUnnamed$1(Typer.scala:3068)
[error] dotty.tools.dotc.typer.Typer.typedUnadapted(Typer.scala:3098)
[error] dotty.tools.dotc.typer.Typer.typed(Typer.scala:3170)
[error] dotty.tools.dotc.typer.Typer.typed(Typer.scala:3174)
[error] dotty.tools.dotc.typer.Typer.typedExpr(Typer.scala:3286)
[error] dotty.tools.dotc.typer.TyperPhase.typeCheck$$anonfun$1(TyperPhase.scala:44)
[error] dotty.tools.dotc.typer.TyperPhase.typeCheck$$anonfun$adapted$1(TyperPhase.scala:54)
[error] scala.Function0.apply$mcV$sp(Function0.scala:42)
[error] dotty.tools.dotc.core.Phases$Phase.monitor(Phases.scala:437)
[error] dotty.tools.dotc.typer.TyperPhase.typeCheck(TyperPhase.scala:54)
[error] dotty.tools.dotc.typer.TyperPhase.runOn$$anonfun$3(TyperPhase.scala:88)
[error] scala.runtime.function.JProcedure1.apply(JProcedure1.java:15)
[error] scala.runtime.function.JProcedure1.apply(JProcedure1.java:10)
[error] scala.collection.immutable.List.foreach(List.scala:333)
[error] dotty.tools.dotc.typer.TyperPhase.runOn(TyperPhase.scala:88)
[error] dotty.tools.dotc.Run.runPhases$1$$anonfun$1(Run.scala:246)
[error] scala.runtime.function.JProcedure1.apply(JProcedure1.java:15)
[error] scala.runtime.function.JProcedure1.apply(JProcedure1.java:10)
[error] scala.collection.ArrayOps$.foreach$extension(ArrayOps.scala:1321)
[error] dotty.tools.dotc.Run.runPhases$1(Run.scala:262)
[error] dotty.tools.dotc.Run.compileUnits$$anonfun$1(Run.scala:270)
[error] dotty.tools.dotc.Run.compileUnits$$anonfun$adapted$1(Run.scala:279)
[error] dotty.tools.dotc.util.Stats$.maybeMonitored(Stats.scala:67)
[error] dotty.tools.dotc.Run.compileUnits(Run.scala:279)
[error] dotty.tools.dotc.Run.compileSources(Run.scala:194)
[error] dotty.tools.dotc.Run.compile(Run.scala:179)
[error] dotty.tools.dotc.Driver.doCompile(Driver.scala:37)
[error] dotty.tools.xsbt.CompilerBridgeDriver.run(CompilerBridgeDriver.java:88)
[error] dotty.tools.xsbt.CompilerBridge.run(CompilerBridge.java:22)
[error] sbt.internal.inc.AnalyzingCompiler.compile(AnalyzingCompiler.scala:91)
[error] sbt.internal.inc.MixedAnalyzingCompiler.$anonfun$compile$7(MixedAnalyzingCompiler.scala:193)
[error] scala.runtime.java8.JFunction0$mcV$sp.apply(JFunction0$mcV$sp.java:23)
[error] sbt.internal.inc.MixedAnalyzingCompiler.timed(MixedAnalyzingCompiler.scala:248)
[error] sbt.internal.inc.MixedAnalyzingCompiler.$anonfun$compile$4(MixedAnalyzingCompiler.scala:183)
[error] sbt.internal.inc.MixedAnalyzingCompiler.$anonfun$compile$4$adapted(MixedAnalyzingCompiler.scala:163)
[error] sbt.internal.inc.JarUtils$.withPreviousJar(JarUtils.scala:239)
[error] sbt.internal.inc.MixedAnalyzingCompiler.compileScala$1(MixedAnalyzingCompiler.scala:163)
[error] sbt.internal.inc.MixedAnalyzingCompiler.compile(MixedAnalyzingCompiler.scala:211)
[error] sbt.internal.inc.IncrementalCompilerImpl.$anonfun$compileInternal$1(IncrementalCompilerImpl.scala:534)
[error] sbt.internal.inc.IncrementalCompilerImpl.$anonfun$compileInternal$1$adapted(IncrementalCompilerImpl.scala:534)
[error] sbt.internal.inc.Incremental$.$anonfun$apply$5(Incremental.scala:179)
[error] sbt.internal.inc.Incremental$.$anonfun$apply$5$adapted(Incremental.scala:177)
[error] sbt.internal.inc.Incremental$$anon$2.run(Incremental.scala:463)
[error] sbt.internal.inc.IncrementalCommon$CycleState.next(IncrementalCommon.scala:116)
[error] sbt.internal.inc.IncrementalCommon$$anon$1.next(IncrementalCommon.scala:56)
[error] sbt.internal.inc.IncrementalCommon$$anon$1.next(IncrementalCommon.scala:52)
[error] sbt.internal.inc.IncrementalCommon.cycle(IncrementalCommon.scala:263)
[error] sbt.internal.inc.Incremental$.$anonfun$incrementalCompile$8(Incremental.scala:418)
[error] sbt.internal.inc.Incremental$.withClassfileManager(Incremental.scala:506)
[error] sbt.internal.inc.Incremental$.incrementalCompile(Incremental.scala:405)
[error] sbt.internal.inc.Incremental$.apply(Incremental.scala:171)
[error] sbt.internal.inc.IncrementalCompilerImpl.compileInternal(IncrementalCompilerImpl.scala:534)
[error] sbt.internal.inc.IncrementalCompilerImpl.$anonfun$compileIncrementally$1(IncrementalCompilerImpl.scala:488)
[error] sbt.internal.inc.IncrementalCompilerImpl.handleCompilationError(IncrementalCompilerImpl.scala:332)
[error] sbt.internal.inc.IncrementalCompilerImpl.compileIncrementally(IncrementalCompilerImpl.scala:425)
[error] sbt.internal.inc.IncrementalCompilerImpl.compile(IncrementalCompilerImpl.scala:137)
[error] sbt.Defaults$.compileIncrementalTaskImpl(Defaults.scala:2363)
[error] sbt.Defaults$.$anonfun$compileIncrementalTask$2(Defaults.scala:2313)
[error] sbt.internal.server.BspCompileTask$.$anonfun$compute$1(BspCompileTask.scala:30)
[error] sbt.internal.io.Retry$.apply(Retry.scala:46)
[error] sbt.internal.io.Retry$.apply(Retry.scala:28)
[error] sbt.internal.io.Retry$.apply(Retry.scala:23)
[error] sbt.internal.server.BspCompileTask$.compute(BspCompileTask.scala:30)
[error] sbt.Defaults$.$anonfun$compileIncrementalTask$1(Defaults.scala:2311)
[error] scala.Function1.$anonfun$compose$1(Function1.scala:49)
[error] sbt.internal.util.$tilde$greater.$anonfun$$u2219$1(TypeFunctions.scala:62)
[error] sbt.std.Transform$$anon$4.work(Transform.scala:68)
[error] sbt.Execute.$anonfun$submit$2(Execute.scala:282)
[error] sbt.internal.util.ErrorHandling$.wideConvert(ErrorHandling.scala:23)
[error] sbt.Execute.work(Execute.scala:291)
[error] sbt.Execute.$anonfun$submit$1(Execute.scala:282)
[error] sbt.ConcurrentRestrictions$$anon$4.$anonfun$submitValid$1(ConcurrentRestrictions.scala:265)
[error] sbt.CompletionService$$anon$2.call(CompletionService.scala:64)
[error] java.base/java.util.concurrent.FutureTask.run(Unknown Source)
[error] java.base/java.util.concurrent.Executors$RunnableAdapter.call(Unknown Source)
[error] java.base/java.util.concurrent.FutureTask.run(Unknown Source)
[error] java.base/java.util.concurrent.ThreadPoolExecutor.runWorker(Unknown Source)
[error] java.base/java.util.concurrent.ThreadPoolExecutor$Worker.run(Unknown Source)
[error] java.base/java.lang.Thread.run(Unknown Source)
[error]            
[error] java.lang.AssertionError: assertion failed
[error] 	at scala.runtime.Scala3RunTime$.assertFailed(Scala3RunTime.scala:11)
[error] 	at dotty.tools.dotc.ast.tpd$.TypeApply(tpd.scala:60)
[error] 	at dotty.tools.dotc.ast.tpd$TreeOps$.appliedToTypeTrees$extension(tpd.scala:979)
[error] 	at dotty.tools.dotc.typer.Typer.adapt1(Typer.scala:4252)
[error] 	at dotty.tools.dotc.typer.Typer.adapt(Typer.scala:3573)
[error] 	at dotty.tools.dotc.typer.ProtoTypes$FunProto.typedArg(ProtoTypes.scala:497)
[error] 	at dotty.tools.dotc.typer.Applications$ApplyToUntyped.typedArg(Applications.scala:897)
[error] 	at dotty.tools.dotc.typer.Applications$ApplyToUntyped.typedArg(Applications.scala:897)
[error] 	at dotty.tools.dotc.typer.Applications$Application.addTyped$1(Applications.scala:589)
[error] 	at dotty.tools.dotc.typer.Applications$Application.matchArgs(Applications.scala:653)
[error] 	at dotty.tools.dotc.typer.Applications$Application.init(Applications.scala:492)
[error] 	at dotty.tools.dotc.typer.Applications$TypedApply.<init>(Applications.scala:779)
[error] 	at dotty.tools.dotc.typer.Applications$ApplyToUntyped.<init>(Applications.scala:896)
[error] 	at dotty.tools.dotc.typer.Applications.ApplyTo(Applications.scala:1126)
[error] 	at dotty.tools.dotc.typer.Applications.ApplyTo$(Applications.scala:352)
[error] 	at dotty.tools.dotc.typer.Typer.ApplyTo(Typer.scala:116)
[error] 	at dotty.tools.dotc.typer.Applications.simpleApply$1(Applications.scala:969)
[error] 	at dotty.tools.dotc.typer.Applications.realApply$1$$anonfun$2(Applications.scala:1052)
[error] 	at dotty.tools.dotc.typer.Typer.tryEither(Typer.scala:3310)
[error] 	at dotty.tools.dotc.typer.Applications.realApply$1(Applications.scala:1063)
[error] 	at dotty.tools.dotc.typer.Applications.typedApply(Applications.scala:1101)
[error] 	at dotty.tools.dotc.typer.Applications.typedApply$(Applications.scala:352)
[error] 	at dotty.tools.dotc.typer.Typer.typedApply(Typer.scala:116)
[error] 	at dotty.tools.dotc.typer.Typer.typedUnnamed$1(Typer.scala:3035)
[error] 	at dotty.tools.dotc.typer.Typer.typedUnadapted(Typer.scala:3098)
[error] 	at dotty.tools.dotc.typer.Typer.typed(Typer.scala:3170)
[error] 	at dotty.tools.dotc.typer.Implicits.tryConversion$1(Implicits.scala:1134)
[error] 	at dotty.tools.dotc.typer.Implicits.typedImplicit(Implicits.scala:1165)
[error] 	at dotty.tools.dotc.typer.Implicits.typedImplicit$(Implicits.scala:816)
[error] 	at dotty.tools.dotc.typer.Typer.typedImplicit(Typer.scala:116)
[error] 	at dotty.tools.dotc.typer.Implicits$ImplicitSearch.tryImplicit(Implicits.scala:1240)
[error] 	at dotty.tools.dotc.typer.Implicits$ImplicitSearch.rank$1(Implicits.scala:1339)
[error] 	at dotty.tools.dotc.typer.Implicits$ImplicitSearch.searchImplicit(Implicits.scala:1509)
[error] 	at dotty.tools.dotc.typer.Implicits$ImplicitSearch.searchImplicit(Implicits.scala:1537)
[error] 	at dotty.tools.dotc.typer.Implicits$ImplicitSearch.searchImplicit(Implicits.scala:1545)
[error] 	at dotty.tools.dotc.typer.Implicits$ImplicitSearch.bestImplicit(Implicits.scala:1570)
[error] 	at dotty.tools.dotc.typer.Implicits.inferImplicit(Implicits.scala:1058)
[error] 	at dotty.tools.dotc.typer.Implicits.inferImplicit$(Implicits.scala:816)
[error] 	at dotty.tools.dotc.typer.Typer.inferImplicit(Typer.scala:116)
[error] 	at dotty.tools.dotc.typer.Implicits.inferView(Implicits.scala:854)
[error] 	at dotty.tools.dotc.typer.Implicits.inferView$(Implicits.scala:816)
[error] 	at dotty.tools.dotc.typer.Typer.inferView(Typer.scala:116)
[error] 	at dotty.tools.dotc.typer.Implicits.viewExists(Implicits.scala:829)
[error] 	at dotty.tools.dotc.typer.Implicits.viewExists$(Implicits.scala:816)
[error] 	at dotty.tools.dotc.typer.Typer.viewExists(Typer.scala:116)
[error] 	at dotty.tools.dotc.typer.Implicits.ignoredConvertibleImplicits$1$$anonfun$3(Implicits.scala:958)
[error] 	at scala.collection.Iterator$$anon$6.hasNext(Iterator.scala:479)
[error] 	at scala.collection.Iterator.isEmpty(Iterator.scala:466)
[error] 	at scala.collection.Iterator.isEmpty$(Iterator.scala:466)
[error] 	at scala.collection.AbstractIterator.isEmpty(Iterator.scala:1300)
[error] 	at scala.collection.View$Filter.isEmpty(View.scala:146)
[error] 	at scala.collection.IterableOnceOps.nonEmpty(IterableOnce.scala:833)
[error] 	at scala.collection.IterableOnceOps.nonEmpty$(IterableOnce.scala:833)
[error] 	at scala.collection.AbstractIterable.nonEmpty(Iterable.scala:933)
[error] 	at dotty.tools.dotc.reporting.MissingImplicitArgument.noChainConversionsNote$1(messages.scala:2824)
[error] 	at dotty.tools.dotc.reporting.MissingImplicitArgument.msgPostscript$$anonfun$4(messages.scala:2832)
[error] 	at scala.Option.orElse(Option.scala:477)
[error] 	at dotty.tools.dotc.reporting.MissingImplicitArgument.msgPostscript(messages.scala:2832)
[error] 	at dotty.tools.dotc.reporting.Message.message$$anonfun$1(Message.scala:345)
[error] 	at dotty.tools.dotc.reporting.Message.inMessageContext(Message.scala:341)
[error] 	at dotty.tools.dotc.reporting.Message.message(Message.scala:345)
[error] 	at dotty.tools.dotc.reporting.Message.isNonSensical(Message.scala:322)
[error] 	at dotty.tools.dotc.reporting.HideNonSensicalMessages.isHidden(HideNonSensicalMessages.scala:16)
[error] 	at dotty.tools.dotc.reporting.HideNonSensicalMessages.isHidden$(HideNonSensicalMessages.scala:10)
[error] 	at dotty.tools.dotc.reporting.AbstractReporter.isHidden(AbstractReporter.scala:8)
[error] 	at dotty.tools.dotc.reporting.Reporter.issueUnconfigured(Reporter.scala:156)
[error] 	at dotty.tools.dotc.reporting.Reporter.go$1(Reporter.scala:181)
[error] 	at dotty.tools.dotc.reporting.Reporter.issueIfNotSuppressed(Reporter.scala:200)
[error] 	at dotty.tools.dotc.reporting.Reporter.report(Reporter.scala:203)
[error] 	at dotty.tools.dotc.report$.error(report.scala:68)
[error] 	at dotty.tools.dotc.typer.Typer.issueErrors$1$$anonfun$1(Typer.scala:3794)
[error] 	at scala.runtime.function.JProcedure3.apply(JProcedure3.java:15)
[error] 	at scala.runtime.function.JProcedure3.apply(JProcedure3.java:10)
[error] 	at scala.collection.LazyZip3.foreach(LazyZipOps.scala:248)
[error] 	at dotty.tools.dotc.typer.Typer.issueErrors$1(Typer.scala:3796)
[error] 	at dotty.tools.dotc.typer.Typer.addImplicitArgs$1(Typer.scala:3818)
[error] 	at dotty.tools.dotc.typer.Typer.adaptNoArgsImplicitMethod$1(Typer.scala:3835)
[error] 	at dotty.tools.dotc.typer.Typer.adaptNoArgs$1(Typer.scala:4024)
[error] 	at dotty.tools.dotc.typer.Typer.adapt1(Typer.scala:4265)
[error] 	at dotty.tools.dotc.typer.Typer.adapt(Typer.scala:3573)
[error] 	at dotty.tools.dotc.typer.Typer.readapt$1(Typer.scala:3584)
[error] 	at dotty.tools.dotc.typer.Typer.adapt1(Typer.scala:4252)
[error] 	at dotty.tools.dotc.typer.Typer.adapt(Typer.scala:3573)
[error] 	at dotty.tools.dotc.typer.Typer.typed(Typer.scala:3170)
[error] 	at dotty.tools.dotc.typer.Typer.typed(Typer.scala:3174)
[error] 	at dotty.tools.dotc.typer.Typer.typedExpr(Typer.scala:3286)
[error] 	at dotty.tools.dotc.typer.Typer.$anonfun$57(Typer.scala:2473)
[error] 	at dotty.tools.dotc.inlines.PrepareInlineable$.dropInlineIfError(PrepareInlineable.scala:250)
[error] 	at dotty.tools.dotc.typer.Typer.typedDefDef(Typer.scala:2473)
[error] 	at dotty.tools.dotc.typer.Typer.typedNamed$1(Typer.scala:3011)
[error] 	at dotty.tools.dotc.typer.Typer.typedUnadapted(Typer.scala:3097)
[error] 	at dotty.tools.dotc.typer.Typer.typed(Typer.scala:3170)
[error] 	at dotty.tools.dotc.typer.Typer.typed(Typer.scala:3174)
[error] 	at dotty.tools.dotc.typer.Typer.traverse$1(Typer.scala:3196)
[error] 	at dotty.tools.dotc.typer.Typer.typedStats(Typer.scala:3242)
[error] 	at dotty.tools.dotc.typer.Typer.typedClassDef(Typer.scala:2656)
[error] 	at dotty.tools.dotc.typer.Typer.typedTypeOrClassDef$1(Typer.scala:3023)
[error] 	at dotty.tools.dotc.typer.Typer.typedNamed$1(Typer.scala:3027)
[error] 	at dotty.tools.dotc.typer.Typer.typedUnadapted(Typer.scala:3097)
[error] 	at dotty.tools.dotc.typer.Typer.typed(Typer.scala:3170)
[error] 	at dotty.tools.dotc.typer.Typer.typed(Typer.scala:3174)
[error] 	at dotty.tools.dotc.typer.Typer.traverse$1(Typer.scala:3196)
[error] 	at dotty.tools.dotc.typer.Typer.typedStats(Typer.scala:3242)
[error] 	at dotty.tools.dotc.typer.Typer.typedPackageDef(Typer.scala:2799)
[error] 	at dotty.tools.dotc.typer.Typer.typedUnnamed$1(Typer.scala:3068)
[error] 	at dotty.tools.dotc.typer.Typer.typedUnadapted(Typer.scala:3098)
[error] 	at dotty.tools.dotc.typer.Typer.typed(Typer.scala:3170)
[error] 	at dotty.tools.dotc.typer.Typer.typed(Typer.scala:3174)
[error] 	at dotty.tools.dotc.typer.Typer.typedExpr(Typer.scala:3286)
[error] 	at dotty.tools.dotc.typer.TyperPhase.typeCheck$$anonfun$1(TyperPhase.scala:44)
[error] 	at dotty.tools.dotc.typer.TyperPhase.typeCheck$$anonfun$adapted$1(TyperPhase.scala:54)
[error] 	at scala.Function0.apply$mcV$sp(Function0.scala:42)
[error] 	at dotty.tools.dotc.core.Phases$Phase.monitor(Phases.scala:437)
[error] 	at dotty.tools.dotc.typer.TyperPhase.typeCheck(TyperPhase.scala:54)
[error] 	at dotty.tools.dotc.typer.TyperPhase.runOn$$anonfun$3(TyperPhase.scala:88)
[error] 	at scala.runtime.function.JProcedure1.apply(JProcedure1.java:15)
[error] 	at scala.runtime.function.JProcedure1.apply(JProcedure1.java:10)
[error] 	at scala.collection.immutable.List.foreach(List.scala:333)
[error] 	at dotty.tools.dotc.typer.TyperPhase.runOn(TyperPhase.scala:88)
[error] 	at dotty.tools.dotc.Run.runPhases$1$$anonfun$1(Run.scala:246)
[error] 	at scala.runtime.function.JProcedure1.apply(JProcedure1.java:15)
[error] 	at scala.runtime.function.JProcedure1.apply(JProcedure1.java:10)
[error] 	at scala.collection.ArrayOps$.foreach$extension(ArrayOps.scala:1321)
[error] 	at dotty.tools.dotc.Run.runPhases$1(Run.scala:262)
[error] 	at dotty.tools.dotc.Run.compileUnits$$anonfun$1(Run.scala:270)
[error] 	at dotty.tools.dotc.Run.compileUnits$$anonfun$adapted$1(Run.scala:279)
[error] 	at dotty.tools.dotc.util.Stats$.maybeMonitored(Stats.scala:67)
[error] 	at dotty.tools.dotc.Run.compileUnits(Run.scala:279)
[error] 	at dotty.tools.dotc.Run.compileSources(Run.scala:194)
[error] 	at dotty.tools.dotc.Run.compile(Run.scala:179)
[error] 	at dotty.tools.dotc.Driver.doCompile(Driver.scala:37)
[error] 	at dotty.tools.xsbt.CompilerBridgeDriver.run(CompilerBridgeDriver.java:88)
[error] 	at dotty.tools.xsbt.CompilerBridge.run(CompilerBridge.java:22)
[error] 	at sbt.internal.inc.AnalyzingCompiler.compile(AnalyzingCompiler.scala:91)
[error] 	at sbt.internal.inc.MixedAnalyzingCompiler.$anonfun$compile$7(MixedAnalyzingCompiler.scala:193)
[error] 	at scala.runtime.java8.JFunction0$mcV$sp.apply(JFunction0$mcV$sp.java:23)
[error] 	at sbt.internal.inc.MixedAnalyzingCompiler.timed(MixedAnalyzingCompiler.scala:248)
[error] 	at sbt.internal.inc.MixedAnalyzingCompiler.$anonfun$compile$4(MixedAnalyzingCompiler.scala:183)
[error] 	at sbt.internal.inc.MixedAnalyzingCompiler.$anonfun$compile$4$adapted(MixedAnalyzingCompiler.scala:163)
[error] 	at sbt.internal.inc.JarUtils$.withPreviousJar(JarUtils.scala:239)
[error] 	at sbt.internal.inc.MixedAnalyzingCompiler.compileScala$1(MixedAnalyzingCompiler.scala:163)
[error] 	at sbt.internal.inc.MixedAnalyzingCompiler.compile(MixedAnalyzingCompiler.scala:211)
[error] 	at sbt.internal.inc.IncrementalCompilerImpl.$anonfun$compileInternal$1(IncrementalCompilerImpl.scala:534)
[error] 	at sbt.internal.inc.IncrementalCompilerImpl.$anonfun$compileInternal$1$adapted(IncrementalCompilerImpl.scala:534)
[error] 	at sbt.internal.inc.Incremental$.$anonfun$apply$5(Incremental.scala:179)
[error] 	at sbt.internal.inc.Incremental$.$anonfun$apply$5$adapted(Incremental.scala:177)
[error] 	at sbt.internal.inc.Incremental$$anon$2.run(Incremental.scala:463)
[error] 	at sbt.internal.inc.IncrementalCommon$CycleState.next(IncrementalCommon.scala:116)
[error] 	at sbt.internal.inc.IncrementalCommon$$anon$1.next(IncrementalCommon.scala:56)
[error] 	at sbt.internal.inc.IncrementalCommon$$anon$1.next(IncrementalCommon.scala:52)
[error] 	at sbt.internal.inc.IncrementalCommon.cycle(IncrementalCommon.scala:263)
[error] 	at sbt.internal.inc.Incremental$.$anonfun$incrementalCompile$8(Incremental.scala:418)
[error] 	at sbt.internal.inc.Incremental$.withClassfileManager(Incremental.scala:506)
[error] 	at sbt.internal.inc.Incremental$.incrementalCompile(Incremental.scala:405)
[error] 	at sbt.internal.inc.Incremental$.apply(Incremental.scala:171)
[error] 	at sbt.internal.inc.IncrementalCompilerImpl.compileInternal(IncrementalCompilerImpl.scala:534)
[error] 	at sbt.internal.inc.IncrementalCompilerImpl.$anonfun$compileIncrementally$1(IncrementalCompilerImpl.scala:488)
[error] 	at sbt.internal.inc.IncrementalCompilerImpl.handleCompilationError(IncrementalCompilerImpl.scala:332)
[error] 	at sbt.internal.inc.IncrementalCompilerImpl.compileIncrementally(IncrementalCompilerImpl.scala:425)
[error] 	at sbt.internal.inc.IncrementalCompilerImpl.compile(IncrementalCompilerImpl.scala:137)
[error] 	at sbt.Defaults$.compileIncrementalTaskImpl(Defaults.scala:2363)
[error] 	at sbt.Defaults$.$anonfun$compileIncrementalTask$2(Defaults.scala:2313)
[error] 	at sbt.internal.server.BspCompileTask$.$anonfun$compute$1(BspCompileTask.scala:30)
[error] 	at sbt.internal.io.Retry$.apply(Retry.scala:46)
[error] 	at sbt.internal.io.Retry$.apply(Retry.scala:28)
[error] 	at sbt.internal.io.Retry$.apply(Retry.scala:23)
[error] 	at sbt.internal.server.BspCompileTask$.compute(BspCompileTask.scala:30)
[error] 	at sbt.Defaults$.$anonfun$compileIncrementalTask$1(Defaults.scala:2311)
[error] 	at scala.Function1.$anonfun$compose$1(Function1.scala:49)
[error] 	at sbt.internal.util.$tilde$greater.$anonfun$$u2219$1(TypeFunctions.scala:62)
[error] 	at sbt.std.Transform$$anon$4.work(Transform.scala:68)
[error] 	at sbt.Execute.$anonfun$submit$2(Execute.scala:282)
[error] 	at sbt.internal.util.ErrorHandling$.wideConvert(ErrorHandling.scala:23)
[error] 	at sbt.Execute.work(Execute.scala:291)
[error] 	at sbt.Execute.$anonfun$submit$1(Execute.scala:282)
[error] 	at sbt.ConcurrentRestrictions$$anon$4.$anonfun$submitValid$1(ConcurrentRestrictions.scala:265)
[error] 	at sbt.CompletionService$$anon$2.call(CompletionService.scala:64)
[error] 	at java.base/java.util.concurrent.FutureTask.run(Unknown Source)
[error] 	at java.base/java.util.concurrent.Executors$RunnableAdapter.call(Unknown Source)
[error] 	at java.base/java.util.concurrent.FutureTask.run(Unknown Source)
[error] 	at java.base/java.util.concurrent.ThreadPoolExecutor.runWorker(Unknown Source)
[error] 	at java.base/java.util.concurrent.ThreadPoolExecutor$Worker.run(Unknown Source)
[error] 	at java.base/java.lang.Thread.run(Unknown Source)
[error] (core / Compile / compileIncremental) java.lang.AssertionError: assertion failed
[error] Total time: 9 s, completed Jun 21, 2023, 8:23:30 PM
[32mRerunning tests in betterfiles because of a previous run failure.[0m
[32msbt -sbt-version 1.8.0 -Dsbt.supershell=false -Ddotty.communitybuild.dir=/Users/y3536zha/Desktop/scala_flexible/scala_flexible_type_with_test_script/community-build --addPluginSbtFile=/Users/y3536zha/Desktop/scala_flexible/scala_flexible_type_with_test_script/community-build/sbt-injected-plugins set Global/testOptions += Tests.Argument(TestFramework("munit.Framework"), "+l"); clean; set Global/logLevel := Level.Error; set Global/updateOptions ~= (_.withLatestSnapshots(false)); set Global/scalacOptions ++= List("-Xcheck-macros","-Ysafe-init","-Yexplicit-nulls","-Yflexible-types");++3.3.1-RC1-bin-SNAPSHOT!; dotty-community-build/compile[0m
[info] welcome to sbt 1.8.0 (Oracle Corporation Java 9.0.4)
[info] loading global plugins from /Users/y3536zha/.sbt/1.0/plugins
[info] loading settings for project betterfiles-build from plugins.sbt,sbt-injected-plugins ...
[info] loading project definition from /Users/y3536zha/Desktop/scala_flexible/scala_flexible_type_with_test_script/community-build/community-projects/betterfiles/project
[info] loading settings for project root from build.sbt,version.sbt ...
SLF4J: No SLF4J providers were found.
SLF4J: Defaulting to no-operation (NOP) logger implementation
SLF4J: See https://www.slf4j.org/codes.html#noProviders for further details.
SLF4J: Class path contains SLF4J bindings targeting slf4j-api versions 1.7.x or earlier.
SLF4J: Ignoring binding found at [jar:file:/Users/y3536zha/.sbt/boot/scala-2.12.17/org.scala-sbt/sbt/1.8.0/log4j-slf4j-impl-2.17.1.jar!/org/slf4j/impl/StaticLoggerBinder.class]
SLF4J: See https://www.slf4j.org/codes.html#ignoredBindings for an explanation.
[info] set current project to better-files-root (in build file:/Users/y3536zha/Desktop/scala_flexible/scala_flexible_type_with_test_script/community-build/community-projects/betterfiles/)
[warn] there are 5 keys that are not used by any other settings/tasks:
[warn]  
[warn] * akka / updateImpactOpenBrowser
[warn]   +- /Users/y3536zha/Desktop/scala_flexible/scala_flexible_type_with_test_script/community-build/community-projects/betterfiles/build.sbt:15
[warn] * benchmarks / updateImpactOpenBrowser
[warn]   +- /Users/y3536zha/Desktop/scala_flexible/scala_flexible_type_with_test_script/community-build/community-projects/betterfiles/build.sbt:15
[warn] * core / updateImpactOpenBrowser
[warn]   +- /Users/y3536zha/Desktop/scala_flexible/scala_flexible_type_with_test_script/community-build/community-projects/betterfiles/build.sbt:15
[warn] * root / updateImpactOpenBrowser
[warn]   +- /Users/y3536zha/Desktop/scala_flexible/scala_flexible_type_with_test_script/community-build/community-projects/betterfiles/build.sbt:15
[warn] * shapelessScanner / updateImpactOpenBrowser
[warn]   +- /Users/y3536zha/Desktop/scala_flexible/scala_flexible_type_with_test_script/community-build/community-projects/betterfiles/build.sbt:15
[warn]  
[warn] note: a setting might still be used by a command; to exclude a key from this `lintUnused` check
[warn] either append it to `Global / excludeLintKeys` or call .withRank(KeyRanks.Invisible) on the key
[info] Defining Global / testOptions
[info] The new value will be used by Test / test / testOptions, Test / testOnly / testOptions and 15 others.
[info] 	Run `last` for details.
[info] Reapplying settings...
[info] set current project to better-files-root (in build file:/Users/y3536zha/Desktop/scala_flexible/scala_flexible_type_with_test_script/community-build/community-projects/betterfiles/)
[success] Total time: 0 s, completed Jun 21, 2023, 8:23:45 PM
[info] Defining Global / logLevel
[info] The new value will be used by Test / test / testListeners, Test / testOnly / testListeners and 45 others.
[info] 	Run `last` for details.
[info] Reapplying settings...
[info] set current project to better-files-root (in build file:/Users/y3536zha/Desktop/scala_flexible/scala_flexible_type_with_test_script/community-build/community-projects/betterfiles/)
[info] Defining Global / updateOptions
[info] The new value will be used by akka / dependencyTreeIgnoreMissingUpdate / updateOptions, akka / ivyConfiguration and 15 others.
[info] 	Run `last` for details.
[info] Reapplying settings...
[info] set current project to better-files-root (in build file:/Users/y3536zha/Desktop/scala_flexible/scala_flexible_type_with_test_script/community-build/community-projects/betterfiles/)
[info] Defining Global / scalacOptions
[info] The new value will be used by akka / scalacOptions, benchmarks / scalacOptions and 3 others.
[info] 	Run `last` for details.
[info] Reapplying settings...
[info] set current project to better-files-root (in build file:/Users/y3536zha/Desktop/scala_flexible/scala_flexible_type_with_test_script/community-build/community-projects/betterfiles/)
[info] Forcing Scala version to 3.3.1-RC1-bin-SNAPSHOT on all projects.
[info] Reapplying settings...
[info] Loading dependency tracking file /Users/y3536zha/Desktop/scala_flexible/scala_flexible_type_with_test_script/community-build/dotty-community-build-deps
[info] Dependency tracking file /Users/y3536zha/Desktop/scala_flexible/scala_flexible_type_with_test_script/community-build/dotty-community-build-deps does not exist
[info] set current project to better-files-root (in build file:/Users/y3536zha/Desktop/scala_flexible/scala_flexible_type_with_test_script/community-build/community-projects/betterfiles/)
java.lang.AssertionError: assertion failed while typechecking /Users/y3536zha/Desktop/scala_flexible/scala_flexible_type_with_test_script/community-build/community-projects/betterfiles/core/src/main/scala/better/files/File.scala
[error] ## Exception when compiling 11 sources to /Users/y3536zha/Desktop/scala_flexible/scala_flexible_type_with_test_script/community-build/community-projects/betterfiles/core/target/scala-3.3.1-RC1-bin-SNAPSHOT/classes
[error] java.lang.AssertionError: assertion failed
[error] scala.runtime.Scala3RunTime$.assertFailed(Scala3RunTime.scala:11)
[error] dotty.tools.dotc.ast.tpd$.TypeApply(tpd.scala:60)
[error] dotty.tools.dotc.ast.tpd$TreeOps$.appliedToTypeTrees$extension(tpd.scala:979)
[error] dotty.tools.dotc.typer.Typer.adapt1(Typer.scala:4252)
[error] dotty.tools.dotc.typer.Typer.adapt(Typer.scala:3573)
[error] dotty.tools.dotc.typer.ProtoTypes$FunProto.typedArg(ProtoTypes.scala:497)
[error] dotty.tools.dotc.typer.Applications$ApplyToUntyped.typedArg(Applications.scala:897)
[error] dotty.tools.dotc.typer.Applications$ApplyToUntyped.typedArg(Applications.scala:897)
[error] dotty.tools.dotc.typer.Applications$Application.addTyped$1(Applications.scala:589)
[error] dotty.tools.dotc.typer.Applications$Application.matchArgs(Applications.scala:653)
[error] dotty.tools.dotc.typer.Applications$Application.init(Applications.scala:492)
[error] dotty.tools.dotc.typer.Applications$TypedApply.<init>(Applications.scala:779)
[error] dotty.tools.dotc.typer.Applications$ApplyToUntyped.<init>(Applications.scala:896)
[error] dotty.tools.dotc.typer.Applications.ApplyTo(Applications.scala:1126)
[error] dotty.tools.dotc.typer.Applications.ApplyTo$(Applications.scala:352)
[error] dotty.tools.dotc.typer.Typer.ApplyTo(Typer.scala:116)
[error] dotty.tools.dotc.typer.Applications.simpleApply$1(Applications.scala:969)
[error] dotty.tools.dotc.typer.Applications.realApply$1$$anonfun$2(Applications.scala:1052)
[error] dotty.tools.dotc.typer.Typer.tryEither(Typer.scala:3310)
[error] dotty.tools.dotc.typer.Applications.realApply$1(Applications.scala:1063)
[error] dotty.tools.dotc.typer.Applications.typedApply(Applications.scala:1101)
[error] dotty.tools.dotc.typer.Applications.typedApply$(Applications.scala:352)
[error] dotty.tools.dotc.typer.Typer.typedApply(Typer.scala:116)
[error] dotty.tools.dotc.typer.Typer.typedUnnamed$1(Typer.scala:3035)
[error] dotty.tools.dotc.typer.Typer.typedUnadapted(Typer.scala:3098)
[error] dotty.tools.dotc.typer.Typer.typed(Typer.scala:3170)
[error] dotty.tools.dotc.typer.Implicits.tryConversion$1(Implicits.scala:1134)
[error] dotty.tools.dotc.typer.Implicits.typedImplicit(Implicits.scala:1165)
[error] dotty.tools.dotc.typer.Implicits.typedImplicit$(Implicits.scala:816)
[error] dotty.tools.dotc.typer.Typer.typedImplicit(Typer.scala:116)
[error] dotty.tools.dotc.typer.Implicits$ImplicitSearch.tryImplicit(Implicits.scala:1240)
[error] dotty.tools.dotc.typer.Implicits$ImplicitSearch.rank$1(Implicits.scala:1339)
[error] dotty.tools.dotc.typer.Implicits$ImplicitSearch.searchImplicit(Implicits.scala:1509)
[error] dotty.tools.dotc.typer.Implicits$ImplicitSearch.searchImplicit(Implicits.scala:1537)
[error] dotty.tools.dotc.typer.Implicits$ImplicitSearch.searchImplicit(Implicits.scala:1545)
[error] dotty.tools.dotc.typer.Implicits$ImplicitSearch.bestImplicit(Implicits.scala:1570)
[error] dotty.tools.dotc.typer.Implicits.inferImplicit(Implicits.scala:1058)
[error] dotty.tools.dotc.typer.Implicits.inferImplicit$(Implicits.scala:816)
[error] dotty.tools.dotc.typer.Typer.inferImplicit(Typer.scala:116)
[error] dotty.tools.dotc.typer.Implicits.inferView(Implicits.scala:854)
[error] dotty.tools.dotc.typer.Implicits.inferView$(Implicits.scala:816)
[error] dotty.tools.dotc.typer.Typer.inferView(Typer.scala:116)
[error] dotty.tools.dotc.typer.Implicits.viewExists(Implicits.scala:829)
[error] dotty.tools.dotc.typer.Implicits.viewExists$(Implicits.scala:816)
[error] dotty.tools.dotc.typer.Typer.viewExists(Typer.scala:116)
[error] dotty.tools.dotc.typer.Implicits.ignoredConvertibleImplicits$1$$anonfun$3(Implicits.scala:958)
[error] scala.collection.Iterator$$anon$6.hasNext(Iterator.scala:479)
[error] scala.collection.Iterator.isEmpty(Iterator.scala:466)
[error] scala.collection.Iterator.isEmpty$(Iterator.scala:466)
[error] scala.collection.AbstractIterator.isEmpty(Iterator.scala:1300)
[error] scala.collection.View$Filter.isEmpty(View.scala:146)
[error] scala.collection.IterableOnceOps.nonEmpty(IterableOnce.scala:833)
[error] scala.collection.IterableOnceOps.nonEmpty$(IterableOnce.scala:833)
[error] scala.collection.AbstractIterable.nonEmpty(Iterable.scala:933)
[error] dotty.tools.dotc.reporting.MissingImplicitArgument.noChainConversionsNote$1(messages.scala:2824)
[error] dotty.tools.dotc.reporting.MissingImplicitArgument.msgPostscript$$anonfun$4(messages.scala:2832)
[error] scala.Option.orElse(Option.scala:477)
[error] dotty.tools.dotc.reporting.MissingImplicitArgument.msgPostscript(messages.scala:2832)
[error] dotty.tools.dotc.reporting.Message.message$$anonfun$1(Message.scala:345)
[error] dotty.tools.dotc.reporting.Message.inMessageContext(Message.scala:341)
[error] dotty.tools.dotc.reporting.Message.message(Message.scala:345)
[error] dotty.tools.dotc.reporting.Message.isNonSensical(Message.scala:322)
[error] dotty.tools.dotc.reporting.HideNonSensicalMessages.isHidden(HideNonSensicalMessages.scala:16)
[error] dotty.tools.dotc.reporting.HideNonSensicalMessages.isHidden$(HideNonSensicalMessages.scala:10)
[error] dotty.tools.dotc.reporting.AbstractReporter.isHidden(AbstractReporter.scala:8)
[error] dotty.tools.dotc.reporting.Reporter.issueUnconfigured(Reporter.scala:156)
[error] dotty.tools.dotc.reporting.Reporter.go$1(Reporter.scala:181)
[error] dotty.tools.dotc.reporting.Reporter.issueIfNotSuppressed(Reporter.scala:200)
[error] dotty.tools.dotc.reporting.Reporter.report(Reporter.scala:203)
[error] dotty.tools.dotc.report$.error(report.scala:68)
[error] dotty.tools.dotc.typer.Typer.issueErrors$1$$anonfun$1(Typer.scala:3794)
[error] scala.runtime.function.JProcedure3.apply(JProcedure3.java:15)
[error] scala.runtime.function.JProcedure3.apply(JProcedure3.java:10)
[error] scala.collection.LazyZip3.foreach(LazyZipOps.scala:248)
[error] dotty.tools.dotc.typer.Typer.issueErrors$1(Typer.scala:3796)
[error] dotty.tools.dotc.typer.Typer.addImplicitArgs$1(Typer.scala:3818)
[error] dotty.tools.dotc.typer.Typer.adaptNoArgsImplicitMethod$1(Typer.scala:3835)
[error] dotty.tools.dotc.typer.Typer.adaptNoArgs$1(Typer.scala:4024)
[error] dotty.tools.dotc.typer.Typer.adapt1(Typer.scala:4265)
[error] dotty.tools.dotc.typer.Typer.adapt(Typer.scala:3573)
[error] dotty.tools.dotc.typer.Typer.readapt$1(Typer.scala:3584)
[error] dotty.tools.dotc.typer.Typer.adapt1(Typer.scala:4252)
[error] dotty.tools.dotc.typer.Typer.adapt(Typer.scala:3573)
[error] dotty.tools.dotc.typer.Typer.typed(Typer.scala:3170)
[error] dotty.tools.dotc.typer.Typer.typed(Typer.scala:3174)
[error] dotty.tools.dotc.typer.Typer.typedExpr(Typer.scala:3286)
[error] dotty.tools.dotc.typer.Typer.$anonfun$57(Typer.scala:2473)
[error] dotty.tools.dotc.inlines.PrepareInlineable$.dropInlineIfError(PrepareInlineable.scala:250)
[error] dotty.tools.dotc.typer.Typer.typedDefDef(Typer.scala:2473)
[error] dotty.tools.dotc.typer.Typer.typedNamed$1(Typer.scala:3011)
[error] dotty.tools.dotc.typer.Typer.typedUnadapted(Typer.scala:3097)
[error] dotty.tools.dotc.typer.Typer.typed(Typer.scala:3170)
[error] dotty.tools.dotc.typer.Typer.typed(Typer.scala:3174)
[error] dotty.tools.dotc.typer.Typer.traverse$1(Typer.scala:3196)
[error] dotty.tools.dotc.typer.Typer.typedStats(Typer.scala:3242)
[error] dotty.tools.dotc.typer.Typer.typedClassDef(Typer.scala:2656)
[error] dotty.tools.dotc.typer.Typer.typedTypeOrClassDef$1(Typer.scala:3023)
[error] dotty.tools.dotc.typer.Typer.typedNamed$1(Typer.scala:3027)
[error] dotty.tools.dotc.typer.Typer.typedUnadapted(Typer.scala:3097)
[error] dotty.tools.dotc.typer.Typer.typed(Typer.scala:3170)
[error] dotty.tools.dotc.typer.Typer.typed(Typer.scala:3174)
[error] dotty.tools.dotc.typer.Typer.traverse$1(Typer.scala:3196)
[error] dotty.tools.dotc.typer.Typer.typedStats(Typer.scala:3242)
[error] dotty.tools.dotc.typer.Typer.typedPackageDef(Typer.scala:2799)
[error] dotty.tools.dotc.typer.Typer.typedUnnamed$1(Typer.scala:3068)
[error] dotty.tools.dotc.typer.Typer.typedUnadapted(Typer.scala:3098)
[error] dotty.tools.dotc.typer.Typer.typed(Typer.scala:3170)
[error] dotty.tools.dotc.typer.Typer.typed(Typer.scala:3174)
[error] dotty.tools.dotc.typer.Typer.typedExpr(Typer.scala:3286)
[error] dotty.tools.dotc.typer.TyperPhase.typeCheck$$anonfun$1(TyperPhase.scala:44)
[error] dotty.tools.dotc.typer.TyperPhase.typeCheck$$anonfun$adapted$1(TyperPhase.scala:54)
[error] scala.Function0.apply$mcV$sp(Function0.scala:42)
[error] dotty.tools.dotc.core.Phases$Phase.monitor(Phases.scala:437)
[error] dotty.tools.dotc.typer.TyperPhase.typeCheck(TyperPhase.scala:54)
[error] dotty.tools.dotc.typer.TyperPhase.runOn$$anonfun$3(TyperPhase.scala:88)
[error] scala.runtime.function.JProcedure1.apply(JProcedure1.java:15)
[error] scala.runtime.function.JProcedure1.apply(JProcedure1.java:10)
[error] scala.collection.immutable.List.foreach(List.scala:333)
[error] dotty.tools.dotc.typer.TyperPhase.runOn(TyperPhase.scala:88)
[error] dotty.tools.dotc.Run.runPhases$1$$anonfun$1(Run.scala:246)
[error] scala.runtime.function.JProcedure1.apply(JProcedure1.java:15)
[error] scala.runtime.function.JProcedure1.apply(JProcedure1.java:10)
[error] scala.collection.ArrayOps$.foreach$extension(ArrayOps.scala:1321)
[error] dotty.tools.dotc.Run.runPhases$1(Run.scala:262)
[error] dotty.tools.dotc.Run.compileUnits$$anonfun$1(Run.scala:270)
[error] dotty.tools.dotc.Run.compileUnits$$anonfun$adapted$1(Run.scala:279)
[error] dotty.tools.dotc.util.Stats$.maybeMonitored(Stats.scala:67)
[error] dotty.tools.dotc.Run.compileUnits(Run.scala:279)
[error] dotty.tools.dotc.Run.compileSources(Run.scala:194)
[error] dotty.tools.dotc.Run.compile(Run.scala:179)
[error] dotty.tools.dotc.Driver.doCompile(Driver.scala:37)
[error] dotty.tools.xsbt.CompilerBridgeDriver.run(CompilerBridgeDriver.java:88)
[error] dotty.tools.xsbt.CompilerBridge.run(CompilerBridge.java:22)
[error] sbt.internal.inc.AnalyzingCompiler.compile(AnalyzingCompiler.scala:91)
[error] sbt.internal.inc.MixedAnalyzingCompiler.$anonfun$compile$7(MixedAnalyzingCompiler.scala:193)
[error] scala.runtime.java8.JFunction0$mcV$sp.apply(JFunction0$mcV$sp.java:23)
[error] sbt.internal.inc.MixedAnalyzingCompiler.timed(MixedAnalyzingCompiler.scala:248)
[error] sbt.internal.inc.MixedAnalyzingCompiler.$anonfun$compile$4(MixedAnalyzingCompiler.scala:183)
[error] sbt.internal.inc.MixedAnalyzingCompiler.$anonfun$compile$4$adapted(MixedAnalyzingCompiler.scala:163)
[error] sbt.internal.inc.JarUtils$.withPreviousJar(JarUtils.scala:239)
[error] sbt.internal.inc.MixedAnalyzingCompiler.compileScala$1(MixedAnalyzingCompiler.scala:163)
[error] sbt.internal.inc.MixedAnalyzingCompiler.compile(MixedAnalyzingCompiler.scala:211)
[error] sbt.internal.inc.IncrementalCompilerImpl.$anonfun$compileInternal$1(IncrementalCompilerImpl.scala:534)
[error] sbt.internal.inc.IncrementalCompilerImpl.$anonfun$compileInternal$1$adapted(IncrementalCompilerImpl.scala:534)
[error] sbt.internal.inc.Incremental$.$anonfun$apply$5(Incremental.scala:179)
[error] sbt.internal.inc.Incremental$.$anonfun$apply$5$adapted(Incremental.scala:177)
[error] sbt.internal.inc.Incremental$$anon$2.run(Incremental.scala:463)
[error] sbt.internal.inc.IncrementalCommon$CycleState.next(IncrementalCommon.scala:116)
[error] sbt.internal.inc.IncrementalCommon$$anon$1.next(IncrementalCommon.scala:56)
[error] sbt.internal.inc.IncrementalCommon$$anon$1.next(IncrementalCommon.scala:52)
[error] sbt.internal.inc.IncrementalCommon.cycle(IncrementalCommon.scala:263)
[error] sbt.internal.inc.Incremental$.$anonfun$incrementalCompile$8(Incremental.scala:418)
[error] sbt.internal.inc.Incremental$.withClassfileManager(Incremental.scala:506)
[error] sbt.internal.inc.Incremental$.incrementalCompile(Incremental.scala:405)
[error] sbt.internal.inc.Incremental$.apply(Incremental.scala:171)
[error] sbt.internal.inc.IncrementalCompilerImpl.compileInternal(IncrementalCompilerImpl.scala:534)
[error] sbt.internal.inc.IncrementalCompilerImpl.$anonfun$compileIncrementally$1(IncrementalCompilerImpl.scala:488)
[error] sbt.internal.inc.IncrementalCompilerImpl.handleCompilationError(IncrementalCompilerImpl.scala:332)
[error] sbt.internal.inc.IncrementalCompilerImpl.compileIncrementally(IncrementalCompilerImpl.scala:425)
[error] sbt.internal.inc.IncrementalCompilerImpl.compile(IncrementalCompilerImpl.scala:137)
[error] sbt.Defaults$.compileIncrementalTaskImpl(Defaults.scala:2363)
[error] sbt.Defaults$.$anonfun$compileIncrementalTask$2(Defaults.scala:2313)
[error] sbt.internal.server.BspCompileTask$.$anonfun$compute$1(BspCompileTask.scala:30)
[error] sbt.internal.io.Retry$.apply(Retry.scala:46)
[error] sbt.internal.io.Retry$.apply(Retry.scala:28)
[error] sbt.internal.io.Retry$.apply(Retry.scala:23)
[error] sbt.internal.server.BspCompileTask$.compute(BspCompileTask.scala:30)
[error] sbt.Defaults$.$anonfun$compileIncrementalTask$1(Defaults.scala:2311)
[error] scala.Function1.$anonfun$compose$1(Function1.scala:49)
[error] sbt.internal.util.$tilde$greater.$anonfun$$u2219$1(TypeFunctions.scala:62)
[error] sbt.std.Transform$$anon$4.work(Transform.scala:68)
[error] sbt.Execute.$anonfun$submit$2(Execute.scala:282)
[error] sbt.internal.util.ErrorHandling$.wideConvert(ErrorHandling.scala:23)
[error] sbt.Execute.work(Execute.scala:291)
[error] sbt.Execute.$anonfun$submit$1(Execute.scala:282)
[error] sbt.ConcurrentRestrictions$$anon$4.$anonfun$submitValid$1(ConcurrentRestrictions.scala:265)
[error] sbt.CompletionService$$anon$2.call(CompletionService.scala:64)
[error] java.base/java.util.concurrent.FutureTask.run(Unknown Source)
[error] java.base/java.util.concurrent.Executors$RunnableAdapter.call(Unknown Source)
[error] java.base/java.util.concurrent.FutureTask.run(Unknown Source)
[error] java.base/java.util.concurrent.ThreadPoolExecutor.runWorker(Unknown Source)
[error] java.base/java.util.concurrent.ThreadPoolExecutor$Worker.run(Unknown Source)
[error] java.base/java.lang.Thread.run(Unknown Source)
[error]            
[error] java.lang.AssertionError: assertion failed
[error] 	at scala.runtime.Scala3RunTime$.assertFailed(Scala3RunTime.scala:11)
[error] 	at dotty.tools.dotc.ast.tpd$.TypeApply(tpd.scala:60)
[error] 	at dotty.tools.dotc.ast.tpd$TreeOps$.appliedToTypeTrees$extension(tpd.scala:979)
[error] 	at dotty.tools.dotc.typer.Typer.adapt1(Typer.scala:4252)
[error] 	at dotty.tools.dotc.typer.Typer.adapt(Typer.scala:3573)
[error] 	at dotty.tools.dotc.typer.ProtoTypes$FunProto.typedArg(ProtoTypes.scala:497)
[error] 	at dotty.tools.dotc.typer.Applications$ApplyToUntyped.typedArg(Applications.scala:897)
[error] 	at dotty.tools.dotc.typer.Applications$ApplyToUntyped.typedArg(Applications.scala:897)
[error] 	at dotty.tools.dotc.typer.Applications$Application.addTyped$1(Applications.scala:589)
[error] 	at dotty.tools.dotc.typer.Applications$Application.matchArgs(Applications.scala:653)
[error] 	at dotty.tools.dotc.typer.Applications$Application.init(Applications.scala:492)
[error] 	at dotty.tools.dotc.typer.Applications$TypedApply.<init>(Applications.scala:779)
[error] 	at dotty.tools.dotc.typer.Applications$ApplyToUntyped.<init>(Applications.scala:896)
[error] 	at dotty.tools.dotc.typer.Applications.ApplyTo(Applications.scala:1126)
[error] 	at dotty.tools.dotc.typer.Applications.ApplyTo$(Applications.scala:352)
[error] 	at dotty.tools.dotc.typer.Typer.ApplyTo(Typer.scala:116)
[error] 	at dotty.tools.dotc.typer.Applications.simpleApply$1(Applications.scala:969)
[error] 	at dotty.tools.dotc.typer.Applications.realApply$1$$anonfun$2(Applications.scala:1052)
[error] 	at dotty.tools.dotc.typer.Typer.tryEither(Typer.scala:3310)
[error] 	at dotty.tools.dotc.typer.Applications.realApply$1(Applications.scala:1063)
[error] 	at dotty.tools.dotc.typer.Applications.typedApply(Applications.scala:1101)
[error] 	at dotty.tools.dotc.typer.Applications.typedApply$(Applications.scala:352)
[error] 	at dotty.tools.dotc.typer.Typer.typedApply(Typer.scala:116)
[error] 	at dotty.tools.dotc.typer.Typer.typedUnnamed$1(Typer.scala:3035)
[error] 	at dotty.tools.dotc.typer.Typer.typedUnadapted(Typer.scala:3098)
[error] 	at dotty.tools.dotc.typer.Typer.typed(Typer.scala:3170)
[error] 	at dotty.tools.dotc.typer.Implicits.tryConversion$1(Implicits.scala:1134)
[error] 	at dotty.tools.dotc.typer.Implicits.typedImplicit(Implicits.scala:1165)
[error] 	at dotty.tools.dotc.typer.Implicits.typedImplicit$(Implicits.scala:816)
[error] 	at dotty.tools.dotc.typer.Typer.typedImplicit(Typer.scala:116)
[error] 	at dotty.tools.dotc.typer.Implicits$ImplicitSearch.tryImplicit(Implicits.scala:1240)
[error] 	at dotty.tools.dotc.typer.Implicits$ImplicitSearch.rank$1(Implicits.scala:1339)
[error] 	at dotty.tools.dotc.typer.Implicits$ImplicitSearch.searchImplicit(Implicits.scala:1509)
[error] 	at dotty.tools.dotc.typer.Implicits$ImplicitSearch.searchImplicit(Implicits.scala:1537)
[error] 	at dotty.tools.dotc.typer.Implicits$ImplicitSearch.searchImplicit(Implicits.scala:1545)
[error] 	at dotty.tools.dotc.typer.Implicits$ImplicitSearch.bestImplicit(Implicits.scala:1570)
[error] 	at dotty.tools.dotc.typer.Implicits.inferImplicit(Implicits.scala:1058)
[error] 	at dotty.tools.dotc.typer.Implicits.inferImplicit$(Implicits.scala:816)
[error] 	at dotty.tools.dotc.typer.Typer.inferImplicit(Typer.scala:116)
[error] 	at dotty.tools.dotc.typer.Implicits.inferView(Implicits.scala:854)
[error] 	at dotty.tools.dotc.typer.Implicits.inferView$(Implicits.scala:816)
[error] 	at dotty.tools.dotc.typer.Typer.inferView(Typer.scala:116)
[error] 	at dotty.tools.dotc.typer.Implicits.viewExists(Implicits.scala:829)
[error] 	at dotty.tools.dotc.typer.Implicits.viewExists$(Implicits.scala:816)
[error] 	at dotty.tools.dotc.typer.Typer.viewExists(Typer.scala:116)
[error] 	at dotty.tools.dotc.typer.Implicits.ignoredConvertibleImplicits$1$$anonfun$3(Implicits.scala:958)
[error] 	at scala.collection.Iterator$$anon$6.hasNext(Iterator.scala:479)
[error] 	at scala.collection.Iterator.isEmpty(Iterator.scala:466)
[error] 	at scala.collection.Iterator.isEmpty$(Iterator.scala:466)
[error] 	at scala.collection.AbstractIterator.isEmpty(Iterator.scala:1300)
[error] 	at scala.collection.View$Filter.isEmpty(View.scala:146)
[error] 	at scala.collection.IterableOnceOps.nonEmpty(IterableOnce.scala:833)
[error] 	at scala.collection.IterableOnceOps.nonEmpty$(IterableOnce.scala:833)
[error] 	at scala.collection.AbstractIterable.nonEmpty(Iterable.scala:933)
[error] 	at dotty.tools.dotc.reporting.MissingImplicitArgument.noChainConversionsNote$1(messages.scala:2824)
[error] 	at dotty.tools.dotc.reporting.MissingImplicitArgument.msgPostscript$$anonfun$4(messages.scala:2832)
[error] 	at scala.Option.orElse(Option.scala:477)
[error] 	at dotty.tools.dotc.reporting.MissingImplicitArgument.msgPostscript(messages.scala:2832)
[error] 	at dotty.tools.dotc.reporting.Message.message$$anonfun$1(Message.scala:345)
[error] 	at dotty.tools.dotc.reporting.Message.inMessageContext(Message.scala:341)
[error] 	at dotty.tools.dotc.reporting.Message.message(Message.scala:345)
[error] 	at dotty.tools.dotc.reporting.Message.isNonSensical(Message.scala:322)
[error] 	at dotty.tools.dotc.reporting.HideNonSensicalMessages.isHidden(HideNonSensicalMessages.scala:16)
[error] 	at dotty.tools.dotc.reporting.HideNonSensicalMessages.isHidden$(HideNonSensicalMessages.scala:10)
[error] 	at dotty.tools.dotc.reporting.AbstractReporter.isHidden(AbstractReporter.scala:8)
[error] 	at dotty.tools.dotc.reporting.Reporter.issueUnconfigured(Reporter.scala:156)
[error] 	at dotty.tools.dotc.reporting.Reporter.go$1(Reporter.scala:181)
[error] 	at dotty.tools.dotc.reporting.Reporter.issueIfNotSuppressed(Reporter.scala:200)
[error] 	at dotty.tools.dotc.reporting.Reporter.report(Reporter.scala:203)
[error] 	at dotty.tools.dotc.report$.error(report.scala:68)
[error] 	at dotty.tools.dotc.typer.Typer.issueErrors$1$$anonfun$1(Typer.scala:3794)
[error] 	at scala.runtime.function.JProcedure3.apply(JProcedure3.java:15)
[error] 	at scala.runtime.function.JProcedure3.apply(JProcedure3.java:10)
[error] 	at scala.collection.LazyZip3.foreach(LazyZipOps.scala:248)
[error] 	at dotty.tools.dotc.typer.Typer.issueErrors$1(Typer.scala:3796)
[error] 	at dotty.tools.dotc.typer.Typer.addImplicitArgs$1(Typer.scala:3818)
[error] 	at dotty.tools.dotc.typer.Typer.adaptNoArgsImplicitMethod$1(Typer.scala:3835)
[error] 	at dotty.tools.dotc.typer.Typer.adaptNoArgs$1(Typer.scala:4024)
[error] 	at dotty.tools.dotc.typer.Typer.adapt1(Typer.scala:4265)
[error] 	at dotty.tools.dotc.typer.Typer.adapt(Typer.scala:3573)
[error] 	at dotty.tools.dotc.typer.Typer.readapt$1(Typer.scala:3584)
[error] 	at dotty.tools.dotc.typer.Typer.adapt1(Typer.scala:4252)
[error] 	at dotty.tools.dotc.typer.Typer.adapt(Typer.scala:3573)
[error] 	at dotty.tools.dotc.typer.Typer.typed(Typer.scala:3170)
[error] 	at dotty.tools.dotc.typer.Typer.typed(Typer.scala:3174)
[error] 	at dotty.tools.dotc.typer.Typer.typedExpr(Typer.scala:3286)
[error] 	at dotty.tools.dotc.typer.Typer.$anonfun$57(Typer.scala:2473)
[error] 	at dotty.tools.dotc.inlines.PrepareInlineable$.dropInlineIfError(PrepareInlineable.scala:250)
[error] 	at dotty.tools.dotc.typer.Typer.typedDefDef(Typer.scala:2473)
[error] 	at dotty.tools.dotc.typer.Typer.typedNamed$1(Typer.scala:3011)
[error] 	at dotty.tools.dotc.typer.Typer.typedUnadapted(Typer.scala:3097)
[error] 	at dotty.tools.dotc.typer.Typer.typed(Typer.scala:3170)
[error] 	at dotty.tools.dotc.typer.Typer.typed(Typer.scala:3174)
[error] 	at dotty.tools.dotc.typer.Typer.traverse$1(Typer.scala:3196)
[error] 	at dotty.tools.dotc.typer.Typer.typedStats(Typer.scala:3242)
[error] 	at dotty.tools.dotc.typer.Typer.typedClassDef(Typer.scala:2656)
[error] 	at dotty.tools.dotc.typer.Typer.typedTypeOrClassDef$1(Typer.scala:3023)
[error] 	at dotty.tools.dotc.typer.Typer.typedNamed$1(Typer.scala:3027)
[error] 	at dotty.tools.dotc.typer.Typer.typedUnadapted(Typer.scala:3097)
[error] 	at dotty.tools.dotc.typer.Typer.typed(Typer.scala:3170)
[error] 	at dotty.tools.dotc.typer.Typer.typed(Typer.scala:3174)
[error] 	at dotty.tools.dotc.typer.Typer.traverse$1(Typer.scala:3196)
[error] 	at dotty.tools.dotc.typer.Typer.typedStats(Typer.scala:3242)
[error] 	at dotty.tools.dotc.typer.Typer.typedPackageDef(Typer.scala:2799)
[error] 	at dotty.tools.dotc.typer.Typer.typedUnnamed$1(Typer.scala:3068)
[error] 	at dotty.tools.dotc.typer.Typer.typedUnadapted(Typer.scala:3098)
[error] 	at dotty.tools.dotc.typer.Typer.typed(Typer.scala:3170)
[error] 	at dotty.tools.dotc.typer.Typer.typed(Typer.scala:3174)
[error] 	at dotty.tools.dotc.typer.Typer.typedExpr(Typer.scala:3286)
[error] 	at dotty.tools.dotc.typer.TyperPhase.typeCheck$$anonfun$1(TyperPhase.scala:44)
[error] 	at dotty.tools.dotc.typer.TyperPhase.typeCheck$$anonfun$adapted$1(TyperPhase.scala:54)
[error] 	at scala.Function0.apply$mcV$sp(Function0.scala:42)
[error] 	at dotty.tools.dotc.core.Phases$Phase.monitor(Phases.scala:437)
[error] 	at dotty.tools.dotc.typer.TyperPhase.typeCheck(TyperPhase.scala:54)
[error] 	at dotty.tools.dotc.typer.TyperPhase.runOn$$anonfun$3(TyperPhase.scala:88)
[error] 	at scala.runtime.function.JProcedure1.apply(JProcedure1.java:15)
[error] 	at scala.runtime.function.JProcedure1.apply(JProcedure1.java:10)
[error] 	at scala.collection.immutable.List.foreach(List.scala:333)
[error] 	at dotty.tools.dotc.typer.TyperPhase.runOn(TyperPhase.scala:88)
[error] 	at dotty.tools.dotc.Run.runPhases$1$$anonfun$1(Run.scala:246)
[error] 	at scala.runtime.function.JProcedure1.apply(JProcedure1.java:15)
[error] 	at scala.runtime.function.JProcedure1.apply(JProcedure1.java:10)
[error] 	at scala.collection.ArrayOps$.foreach$extension(ArrayOps.scala:1321)
[error] 	at dotty.tools.dotc.Run.runPhases$1(Run.scala:262)
[error] 	at dotty.tools.dotc.Run.compileUnits$$anonfun$1(Run.scala:270)
[error] 	at dotty.tools.dotc.Run.compileUnits$$anonfun$adapted$1(Run.scala:279)
[error] 	at dotty.tools.dotc.util.Stats$.maybeMonitored(Stats.scala:67)
[error] 	at dotty.tools.dotc.Run.compileUnits(Run.scala:279)
[error] 	at dotty.tools.dotc.Run.compileSources(Run.scala:194)
[error] 	at dotty.tools.dotc.Run.compile(Run.scala:179)
[error] 	at dotty.tools.dotc.Driver.doCompile(Driver.scala:37)
[error] 	at dotty.tools.xsbt.CompilerBridgeDriver.run(CompilerBridgeDriver.java:88)
[error] 	at dotty.tools.xsbt.CompilerBridge.run(CompilerBridge.java:22)
[error] 	at sbt.internal.inc.AnalyzingCompiler.compile(AnalyzingCompiler.scala:91)
[error] 	at sbt.internal.inc.MixedAnalyzingCompiler.$anonfun$compile$7(MixedAnalyzingCompiler.scala:193)
[error] 	at scala.runtime.java8.JFunction0$mcV$sp.apply(JFunction0$mcV$sp.java:23)
[error] 	at sbt.internal.inc.MixedAnalyzingCompiler.timed(MixedAnalyzingCompiler.scala:248)
[error] 	at sbt.internal.inc.MixedAnalyzingCompiler.$anonfun$compile$4(MixedAnalyzingCompiler.scala:183)
[error] 	at sbt.internal.inc.MixedAnalyzingCompiler.$anonfun$compile$4$adapted(MixedAnalyzingCompiler.scala:163)
[error] 	at sbt.internal.inc.JarUtils$.withPreviousJar(JarUtils.scala:239)
[error] 	at sbt.internal.inc.MixedAnalyzingCompiler.compileScala$1(MixedAnalyzingCompiler.scala:163)
[error] 	at sbt.internal.inc.MixedAnalyzingCompiler.compile(MixedAnalyzingCompiler.scala:211)
[error] 	at sbt.internal.inc.IncrementalCompilerImpl.$anonfun$compileInternal$1(IncrementalCompilerImpl.scala:534)
[error] 	at sbt.internal.inc.IncrementalCompilerImpl.$anonfun$compileInternal$1$adapted(IncrementalCompilerImpl.scala:534)
[error] 	at sbt.internal.inc.Incremental$.$anonfun$apply$5(Incremental.scala:179)
[error] 	at sbt.internal.inc.Incremental$.$anonfun$apply$5$adapted(Incremental.scala:177)
[error] 	at sbt.internal.inc.Incremental$$anon$2.run(Incremental.scala:463)
[error] 	at sbt.internal.inc.IncrementalCommon$CycleState.next(IncrementalCommon.scala:116)
[error] 	at sbt.internal.inc.IncrementalCommon$$anon$1.next(IncrementalCommon.scala:56)
[error] 	at sbt.internal.inc.IncrementalCommon$$anon$1.next(IncrementalCommon.scala:52)
[error] 	at sbt.internal.inc.IncrementalCommon.cycle(IncrementalCommon.scala:263)
[error] 	at sbt.internal.inc.Incremental$.$anonfun$incrementalCompile$8(Incremental.scala:418)
[error] 	at sbt.internal.inc.Incremental$.withClassfileManager(Incremental.scala:506)
[error] 	at sbt.internal.inc.Incremental$.incrementalCompile(Incremental.scala:405)
[error] 	at sbt.internal.inc.Incremental$.apply(Incremental.scala:171)
[error] 	at sbt.internal.inc.IncrementalCompilerImpl.compileInternal(IncrementalCompilerImpl.scala:534)
[error] 	at sbt.internal.inc.IncrementalCompilerImpl.$anonfun$compileIncrementally$1(IncrementalCompilerImpl.scala:488)
[error] 	at sbt.internal.inc.IncrementalCompilerImpl.handleCompilationError(IncrementalCompilerImpl.scala:332)
[error] 	at sbt.internal.inc.IncrementalCompilerImpl.compileIncrementally(IncrementalCompilerImpl.scala:425)
[error] 	at sbt.internal.inc.IncrementalCompilerImpl.compile(IncrementalCompilerImpl.scala:137)
[error] 	at sbt.Defaults$.compileIncrementalTaskImpl(Defaults.scala:2363)
[error] 	at sbt.Defaults$.$anonfun$compileIncrementalTask$2(Defaults.scala:2313)
[error] 	at sbt.internal.server.BspCompileTask$.$anonfun$compute$1(BspCompileTask.scala:30)
[error] 	at sbt.internal.io.Retry$.apply(Retry.scala:46)
[error] 	at sbt.internal.io.Retry$.apply(Retry.scala:28)
[error] 	at sbt.internal.io.Retry$.apply(Retry.scala:23)
[error] 	at sbt.internal.server.BspCompileTask$.compute(BspCompileTask.scala:30)
[error] 	at sbt.Defaults$.$anonfun$compileIncrementalTask$1(Defaults.scala:2311)
[error] 	at scala.Function1.$anonfun$compose$1(Function1.scala:49)
[error] 	at sbt.internal.util.$tilde$greater.$anonfun$$u2219$1(TypeFunctions.scala:62)
[error] 	at sbt.std.Transform$$anon$4.work(Transform.scala:68)
[error] 	at sbt.Execute.$anonfun$submit$2(Execute.scala:282)
[error] 	at sbt.internal.util.ErrorHandling$.wideConvert(ErrorHandling.scala:23)
[error] 	at sbt.Execute.work(Execute.scala:291)
[error] 	at sbt.Execute.$anonfun$submit$1(Execute.scala:282)
[error] 	at sbt.ConcurrentRestrictions$$anon$4.$anonfun$submitValid$1(ConcurrentRestrictions.scala:265)
[error] 	at sbt.CompletionService$$anon$2.call(CompletionService.scala:64)
[error] 	at java.base/java.util.concurrent.FutureTask.run(Unknown Source)
[error] 	at java.base/java.util.concurrent.Executors$RunnableAdapter.call(Unknown Source)
[error] 	at java.base/java.util.concurrent.FutureTask.run(Unknown Source)
[error] 	at java.base/java.util.concurrent.ThreadPoolExecutor.runWorker(Unknown Source)
[error] 	at java.base/java.util.concurrent.ThreadPoolExecutor$Worker.run(Unknown Source)
[error] 	at java.base/java.lang.Thread.run(Unknown Source)
[error] (core / Compile / compileIncremental) java.lang.AssertionError: assertion failed
[error] Total time: 9 s, completed Jun 21, 2023, 8:23:57 PM
[32mRerunning tests in betterfiles because of a previous run failure.[0m
[32msbt -sbt-version 1.8.0 -Dsbt.supershell=false -Ddotty.communitybuild.dir=/Users/y3536zha/Desktop/scala_flexible/scala_flexible_type_with_test_script/community-build --addPluginSbtFile=/Users/y3536zha/Desktop/scala_flexible/scala_flexible_type_with_test_script/community-build/sbt-injected-plugins set Global/testOptions += Tests.Argument(TestFramework("munit.Framework"), "+l"); clean; set Global/logLevel := Level.Error; set Global/updateOptions ~= (_.withLatestSnapshots(false)); set Global/scalacOptions ++= List("-Xcheck-macros","-Ysafe-init","-Yexplicit-nulls","-Yflexible-types");++3.3.1-RC1-bin-SNAPSHOT!; dotty-community-build/compile[0m
[info] welcome to sbt 1.8.0 (Oracle Corporation Java 9.0.4)
[info] loading global plugins from /Users/y3536zha/.sbt/1.0/plugins
[info] loading settings for project betterfiles-build from plugins.sbt,sbt-injected-plugins ...
[info] loading project definition from /Users/y3536zha/Desktop/scala_flexible/scala_flexible_type_with_test_script/community-build/community-projects/betterfiles/project
[info] loading settings for project root from build.sbt,version.sbt ...
SLF4J: No SLF4J providers were found.
SLF4J: Defaulting to no-operation (NOP) logger implementation
SLF4J: See https://www.slf4j.org/codes.html#noProviders for further details.
SLF4J: Class path contains SLF4J bindings targeting slf4j-api versions 1.7.x or earlier.
SLF4J: Ignoring binding found at [jar:file:/Users/y3536zha/.sbt/boot/scala-2.12.17/org.scala-sbt/sbt/1.8.0/log4j-slf4j-impl-2.17.1.jar!/org/slf4j/impl/StaticLoggerBinder.class]
SLF4J: See https://www.slf4j.org/codes.html#ignoredBindings for an explanation.
[info] set current project to better-files-root (in build file:/Users/y3536zha/Desktop/scala_flexible/scala_flexible_type_with_test_script/community-build/community-projects/betterfiles/)
[warn] there are 5 keys that are not used by any other settings/tasks:
[warn]  
[warn] * akka / updateImpactOpenBrowser
[warn]   +- /Users/y3536zha/Desktop/scala_flexible/scala_flexible_type_with_test_script/community-build/community-projects/betterfiles/build.sbt:15
[warn] * benchmarks / updateImpactOpenBrowser
[warn]   +- /Users/y3536zha/Desktop/scala_flexible/scala_flexible_type_with_test_script/community-build/community-projects/betterfiles/build.sbt:15
[warn] * core / updateImpactOpenBrowser
[warn]   +- /Users/y3536zha/Desktop/scala_flexible/scala_flexible_type_with_test_script/community-build/community-projects/betterfiles/build.sbt:15
[warn] * root / updateImpactOpenBrowser
[warn]   +- /Users/y3536zha/Desktop/scala_flexible/scala_flexible_type_with_test_script/community-build/community-projects/betterfiles/build.sbt:15
[warn] * shapelessScanner / updateImpactOpenBrowser
[warn]   +- /Users/y3536zha/Desktop/scala_flexible/scala_flexible_type_with_test_script/community-build/community-projects/betterfiles/build.sbt:15
[warn]  
[warn] note: a setting might still be used by a command; to exclude a key from this `lintUnused` check
[warn] either append it to `Global / excludeLintKeys` or call .withRank(KeyRanks.Invisible) on the key
[info] Defining Global / testOptions
[info] The new value will be used by Test / test / testOptions, Test / testOnly / testOptions and 15 others.
[info] 	Run `last` for details.
[info] Reapplying settings...
[info] set current project to better-files-root (in build file:/Users/y3536zha/Desktop/scala_flexible/scala_flexible_type_with_test_script/community-build/community-projects/betterfiles/)
[success] Total time: 0 s, completed Jun 21, 2023, 8:24:11 PM
[info] Defining Global / logLevel
[info] The new value will be used by Test / test / testListeners, Test / testOnly / testListeners and 45 others.
[info] 	Run `last` for details.
[info] Reapplying settings...
[info] set current project to better-files-root (in build file:/Users/y3536zha/Desktop/scala_flexible/scala_flexible_type_with_test_script/community-build/community-projects/betterfiles/)
[info] Defining Global / updateOptions
[info] The new value will be used by akka / dependencyTreeIgnoreMissingUpdate / updateOptions, akka / ivyConfiguration and 15 others.
[info] 	Run `last` for details.
[info] Reapplying settings...
[info] set current project to better-files-root (in build file:/Users/y3536zha/Desktop/scala_flexible/scala_flexible_type_with_test_script/community-build/community-projects/betterfiles/)
[info] Defining Global / scalacOptions
[info] The new value will be used by akka / scalacOptions, benchmarks / scalacOptions and 3 others.
[info] 	Run `last` for details.
[info] Reapplying settings...
[info] set current project to better-files-root (in build file:/Users/y3536zha/Desktop/scala_flexible/scala_flexible_type_with_test_script/community-build/community-projects/betterfiles/)
[info] Forcing Scala version to 3.3.1-RC1-bin-SNAPSHOT on all projects.
[info] Reapplying settings...
[info] Loading dependency tracking file /Users/y3536zha/Desktop/scala_flexible/scala_flexible_type_with_test_script/community-build/dotty-community-build-deps
[info] Dependency tracking file /Users/y3536zha/Desktop/scala_flexible/scala_flexible_type_with_test_script/community-build/dotty-community-build-deps does not exist
[info] set current project to better-files-root (in build file:/Users/y3536zha/Desktop/scala_flexible/scala_flexible_type_with_test_script/community-build/community-projects/betterfiles/)
java.lang.AssertionError: assertion failed while typechecking /Users/y3536zha/Desktop/scala_flexible/scala_flexible_type_with_test_script/community-build/community-projects/betterfiles/core/src/main/scala/better/files/File.scala
[error] ## Exception when compiling 11 sources to /Users/y3536zha/Desktop/scala_flexible/scala_flexible_type_with_test_script/community-build/community-projects/betterfiles/core/target/scala-3.3.1-RC1-bin-SNAPSHOT/classes
[error] java.lang.AssertionError: assertion failed
[error] scala.runtime.Scala3RunTime$.assertFailed(Scala3RunTime.scala:11)
[error] dotty.tools.dotc.ast.tpd$.TypeApply(tpd.scala:60)
[error] dotty.tools.dotc.ast.tpd$TreeOps$.appliedToTypeTrees$extension(tpd.scala:979)
[error] dotty.tools.dotc.typer.Typer.adapt1(Typer.scala:4252)
[error] dotty.tools.dotc.typer.Typer.adapt(Typer.scala:3573)
[error] dotty.tools.dotc.typer.ProtoTypes$FunProto.typedArg(ProtoTypes.scala:497)
[error] dotty.tools.dotc.typer.Applications$ApplyToUntyped.typedArg(Applications.scala:897)
[error] dotty.tools.dotc.typer.Applications$ApplyToUntyped.typedArg(Applications.scala:897)
[error] dotty.tools.dotc.typer.Applications$Application.addTyped$1(Applications.scala:589)
[error] dotty.tools.dotc.typer.Applications$Application.matchArgs(Applications.scala:653)
[error] dotty.tools.dotc.typer.Applications$Application.init(Applications.scala:492)
[error] dotty.tools.dotc.typer.Applications$TypedApply.<init>(Applications.scala:779)
[error] dotty.tools.dotc.typer.Applications$ApplyToUntyped.<init>(Applications.scala:896)
[error] dotty.tools.dotc.typer.Applications.ApplyTo(Applications.scala:1126)
[error] dotty.tools.dotc.typer.Applications.ApplyTo$(Applications.scala:352)
[error] dotty.tools.dotc.typer.Typer.ApplyTo(Typer.scala:116)
[error] dotty.tools.dotc.typer.Applications.simpleApply$1(Applications.scala:969)
[error] dotty.tools.dotc.typer.Applications.realApply$1$$anonfun$2(Applications.scala:1052)
[error] dotty.tools.dotc.typer.Typer.tryEither(Typer.scala:3310)
[error] dotty.tools.dotc.typer.Applications.realApply$1(Applications.scala:1063)
[error] dotty.tools.dotc.typer.Applications.typedApply(Applications.scala:1101)
[error] dotty.tools.dotc.typer.Applications.typedApply$(Applications.scala:352)
[error] dotty.tools.dotc.typer.Typer.typedApply(Typer.scala:116)
[error] dotty.tools.dotc.typer.Typer.typedUnnamed$1(Typer.scala:3035)
[error] dotty.tools.dotc.typer.Typer.typedUnadapted(Typer.scala:3098)
[error] dotty.tools.dotc.typer.Typer.typed(Typer.scala:3170)
[error] dotty.tools.dotc.typer.Implicits.tryConversion$1(Implicits.scala:1134)
[error] dotty.tools.dotc.typer.Implicits.typedImplicit(Implicits.scala:1165)
[error] dotty.tools.dotc.typer.Implicits.typedImplicit$(Implicits.scala:816)
[error] dotty.tools.dotc.typer.Typer.typedImplicit(Typer.scala:116)
[error] dotty.tools.dotc.typer.Implicits$ImplicitSearch.tryImplicit(Implicits.scala:1240)
[error] dotty.tools.dotc.typer.Implicits$ImplicitSearch.rank$1(Implicits.scala:1339)
[error] dotty.tools.dotc.typer.Implicits$ImplicitSearch.searchImplicit(Implicits.scala:1509)
[error] dotty.tools.dotc.typer.Implicits$ImplicitSearch.searchImplicit(Implicits.scala:1537)
[error] dotty.tools.dotc.typer.Implicits$ImplicitSearch.searchImplicit(Implicits.scala:1545)
[error] dotty.tools.dotc.typer.Implicits$ImplicitSearch.bestImplicit(Implicits.scala:1570)
[error] dotty.tools.dotc.typer.Implicits.inferImplicit(Implicits.scala:1058)
[error] dotty.tools.dotc.typer.Implicits.inferImplicit$(Implicits.scala:816)
[error] dotty.tools.dotc.typer.Typer.inferImplicit(Typer.scala:116)
[error] dotty.tools.dotc.typer.Implicits.inferView(Implicits.scala:854)
[error] dotty.tools.dotc.typer.Implicits.inferView$(Implicits.scala:816)
[error] dotty.tools.dotc.typer.Typer.inferView(Typer.scala:116)
[error] dotty.tools.dotc.typer.Implicits.viewExists(Implicits.scala:829)
[error] dotty.tools.dotc.typer.Implicits.viewExists$(Implicits.scala:816)
[error] dotty.tools.dotc.typer.Typer.viewExists(Typer.scala:116)
[error] dotty.tools.dotc.typer.Implicits.ignoredConvertibleImplicits$1$$anonfun$3(Implicits.scala:958)
[error] scala.collection.Iterator$$anon$6.hasNext(Iterator.scala:479)
[error] scala.collection.Iterator.isEmpty(Iterator.scala:466)
[error] scala.collection.Iterator.isEmpty$(Iterator.scala:466)
[error] scala.collection.AbstractIterator.isEmpty(Iterator.scala:1300)
[error] scala.collection.View$Filter.isEmpty(View.scala:146)
[error] scala.collection.IterableOnceOps.nonEmpty(IterableOnce.scala:833)
[error] scala.collection.IterableOnceOps.nonEmpty$(IterableOnce.scala:833)
[error] scala.collection.AbstractIterable.nonEmpty(Iterable.scala:933)
[error] dotty.tools.dotc.reporting.MissingImplicitArgument.noChainConversionsNote$1(messages.scala:2824)
[error] dotty.tools.dotc.reporting.MissingImplicitArgument.msgPostscript$$anonfun$4(messages.scala:2832)
[error] scala.Option.orElse(Option.scala:477)
[error] dotty.tools.dotc.reporting.MissingImplicitArgument.msgPostscript(messages.scala:2832)
[error] dotty.tools.dotc.reporting.Message.message$$anonfun$1(Message.scala:345)
[error] dotty.tools.dotc.reporting.Message.inMessageContext(Message.scala:341)
[error] dotty.tools.dotc.reporting.Message.message(Message.scala:345)
[error] dotty.tools.dotc.reporting.Message.isNonSensical(Message.scala:322)
[error] dotty.tools.dotc.reporting.HideNonSensicalMessages.isHidden(HideNonSensicalMessages.scala:16)
[error] dotty.tools.dotc.reporting.HideNonSensicalMessages.isHidden$(HideNonSensicalMessages.scala:10)
[error] dotty.tools.dotc.reporting.AbstractReporter.isHidden(AbstractReporter.scala:8)
[error] dotty.tools.dotc.reporting.Reporter.issueUnconfigured(Reporter.scala:156)
[error] dotty.tools.dotc.reporting.Reporter.go$1(Reporter.scala:181)
[error] dotty.tools.dotc.reporting.Reporter.issueIfNotSuppressed(Reporter.scala:200)
[error] dotty.tools.dotc.reporting.Reporter.report(Reporter.scala:203)
[error] dotty.tools.dotc.report$.error(report.scala:68)
[error] dotty.tools.dotc.typer.Typer.issueErrors$1$$anonfun$1(Typer.scala:3794)
[error] scala.runtime.function.JProcedure3.apply(JProcedure3.java:15)
[error] scala.runtime.function.JProcedure3.apply(JProcedure3.java:10)
[error] scala.collection.LazyZip3.foreach(LazyZipOps.scala:248)
[error] dotty.tools.dotc.typer.Typer.issueErrors$1(Typer.scala:3796)
[error] dotty.tools.dotc.typer.Typer.addImplicitArgs$1(Typer.scala:3818)
[error] dotty.tools.dotc.typer.Typer.adaptNoArgsImplicitMethod$1(Typer.scala:3835)
[error] dotty.tools.dotc.typer.Typer.adaptNoArgs$1(Typer.scala:4024)
[error] dotty.tools.dotc.typer.Typer.adapt1(Typer.scala:4265)
[error] dotty.tools.dotc.typer.Typer.adapt(Typer.scala:3573)
[error] dotty.tools.dotc.typer.Typer.readapt$1(Typer.scala:3584)
[error] dotty.tools.dotc.typer.Typer.adapt1(Typer.scala:4252)
[error] dotty.tools.dotc.typer.Typer.adapt(Typer.scala:3573)
[error] dotty.tools.dotc.typer.Typer.typed(Typer.scala:3170)
[error] dotty.tools.dotc.typer.Typer.typed(Typer.scala:3174)
[error] dotty.tools.dotc.typer.Typer.typedExpr(Typer.scala:3286)
[error] dotty.tools.dotc.typer.Typer.$anonfun$57(Typer.scala:2473)
[error] dotty.tools.dotc.inlines.PrepareInlineable$.dropInlineIfError(PrepareInlineable.scala:250)
[error] dotty.tools.dotc.typer.Typer.typedDefDef(Typer.scala:2473)
[error] dotty.tools.dotc.typer.Typer.typedNamed$1(Typer.scala:3011)
[error] dotty.tools.dotc.typer.Typer.typedUnadapted(Typer.scala:3097)
[error] dotty.tools.dotc.typer.Typer.typed(Typer.scala:3170)
[error] dotty.tools.dotc.typer.Typer.typed(Typer.scala:3174)
[error] dotty.tools.dotc.typer.Typer.traverse$1(Typer.scala:3196)
[error] dotty.tools.dotc.typer.Typer.typedStats(Typer.scala:3242)
[error] dotty.tools.dotc.typer.Typer.typedClassDef(Typer.scala:2656)
[error] dotty.tools.dotc.typer.Typer.typedTypeOrClassDef$1(Typer.scala:3023)
[error] dotty.tools.dotc.typer.Typer.typedNamed$1(Typer.scala:3027)
[error] dotty.tools.dotc.typer.Typer.typedUnadapted(Typer.scala:3097)
[error] dotty.tools.dotc.typer.Typer.typed(Typer.scala:3170)
[error] dotty.tools.dotc.typer.Typer.typed(Typer.scala:3174)
[error] dotty.tools.dotc.typer.Typer.traverse$1(Typer.scala:3196)
[error] dotty.tools.dotc.typer.Typer.typedStats(Typer.scala:3242)
[error] dotty.tools.dotc.typer.Typer.typedPackageDef(Typer.scala:2799)
[error] dotty.tools.dotc.typer.Typer.typedUnnamed$1(Typer.scala:3068)
[error] dotty.tools.dotc.typer.Typer.typedUnadapted(Typer.scala:3098)
[error] dotty.tools.dotc.typer.Typer.typed(Typer.scala:3170)
[error] dotty.tools.dotc.typer.Typer.typed(Typer.scala:3174)
[error] dotty.tools.dotc.typer.Typer.typedExpr(Typer.scala:3286)
[error] dotty.tools.dotc.typer.TyperPhase.typeCheck$$anonfun$1(TyperPhase.scala:44)
[error] dotty.tools.dotc.typer.TyperPhase.typeCheck$$anonfun$adapted$1(TyperPhase.scala:54)
[error] scala.Function0.apply$mcV$sp(Function0.scala:42)
[error] dotty.tools.dotc.core.Phases$Phase.monitor(Phases.scala:437)
[error] dotty.tools.dotc.typer.TyperPhase.typeCheck(TyperPhase.scala:54)
[error] dotty.tools.dotc.typer.TyperPhase.runOn$$anonfun$3(TyperPhase.scala:88)
[error] scala.runtime.function.JProcedure1.apply(JProcedure1.java:15)
[error] scala.runtime.function.JProcedure1.apply(JProcedure1.java:10)
[error] scala.collection.immutable.List.foreach(List.scala:333)
[error] dotty.tools.dotc.typer.TyperPhase.runOn(TyperPhase.scala:88)
[error] dotty.tools.dotc.Run.runPhases$1$$anonfun$1(Run.scala:246)
[error] scala.runtime.function.JProcedure1.apply(JProcedure1.java:15)
[error] scala.runtime.function.JProcedure1.apply(JProcedure1.java:10)
[error] scala.collection.ArrayOps$.foreach$extension(ArrayOps.scala:1321)
[error] dotty.tools.dotc.Run.runPhases$1(Run.scala:262)
[error] dotty.tools.dotc.Run.compileUnits$$anonfun$1(Run.scala:270)
[error] dotty.tools.dotc.Run.compileUnits$$anonfun$adapted$1(Run.scala:279)
[error] dotty.tools.dotc.util.Stats$.maybeMonitored(Stats.scala:67)
[error] dotty.tools.dotc.Run.compileUnits(Run.scala:279)
[error] dotty.tools.dotc.Run.compileSources(Run.scala:194)
[error] dotty.tools.dotc.Run.compile(Run.scala:179)
[error] dotty.tools.dotc.Driver.doCompile(Driver.scala:37)
[error] dotty.tools.xsbt.CompilerBridgeDriver.run(CompilerBridgeDriver.java:88)
[error] dotty.tools.xsbt.CompilerBridge.run(CompilerBridge.java:22)
[error] sbt.internal.inc.AnalyzingCompiler.compile(AnalyzingCompiler.scala:91)
[error] sbt.internal.inc.MixedAnalyzingCompiler.$anonfun$compile$7(MixedAnalyzingCompiler.scala:193)
[error] scala.runtime.java8.JFunction0$mcV$sp.apply(JFunction0$mcV$sp.java:23)
[error] sbt.internal.inc.MixedAnalyzingCompiler.timed(MixedAnalyzingCompiler.scala:248)
[error] sbt.internal.inc.MixedAnalyzingCompiler.$anonfun$compile$4(MixedAnalyzingCompiler.scala:183)
[error] sbt.internal.inc.MixedAnalyzingCompiler.$anonfun$compile$4$adapted(MixedAnalyzingCompiler.scala:163)
[error] sbt.internal.inc.JarUtils$.withPreviousJar(JarUtils.scala:239)
[error] sbt.internal.inc.MixedAnalyzingCompiler.compileScala$1(MixedAnalyzingCompiler.scala:163)
[error] sbt.internal.inc.MixedAnalyzingCompiler.compile(MixedAnalyzingCompiler.scala:211)
[error] sbt.internal.inc.IncrementalCompilerImpl.$anonfun$compileInternal$1(IncrementalCompilerImpl.scala:534)
[error] sbt.internal.inc.IncrementalCompilerImpl.$anonfun$compileInternal$1$adapted(IncrementalCompilerImpl.scala:534)
[error] sbt.internal.inc.Incremental$.$anonfun$apply$5(Incremental.scala:179)
[error] sbt.internal.inc.Incremental$.$anonfun$apply$5$adapted(Incremental.scala:177)
[error] sbt.internal.inc.Incremental$$anon$2.run(Incremental.scala:463)
[error] sbt.internal.inc.IncrementalCommon$CycleState.next(IncrementalCommon.scala:116)
[error] sbt.internal.inc.IncrementalCommon$$anon$1.next(IncrementalCommon.scala:56)
[error] sbt.internal.inc.IncrementalCommon$$anon$1.next(IncrementalCommon.scala:52)
[error] sbt.internal.inc.IncrementalCommon.cycle(IncrementalCommon.scala:263)
[error] sbt.internal.inc.Incremental$.$anonfun$incrementalCompile$8(Incremental.scala:418)
[error] sbt.internal.inc.Incremental$.withClassfileManager(Incremental.scala:506)
[error] sbt.internal.inc.Incremental$.incrementalCompile(Incremental.scala:405)
[error] sbt.internal.inc.Incremental$.apply(Incremental.scala:171)
[error] sbt.internal.inc.IncrementalCompilerImpl.compileInternal(IncrementalCompilerImpl.scala:534)
[error] sbt.internal.inc.IncrementalCompilerImpl.$anonfun$compileIncrementally$1(IncrementalCompilerImpl.scala:488)
[error] sbt.internal.inc.IncrementalCompilerImpl.handleCompilationError(IncrementalCompilerImpl.scala:332)
[error] sbt.internal.inc.IncrementalCompilerImpl.compileIncrementally(IncrementalCompilerImpl.scala:425)
[error] sbt.internal.inc.IncrementalCompilerImpl.compile(IncrementalCompilerImpl.scala:137)
[error] sbt.Defaults$.compileIncrementalTaskImpl(Defaults.scala:2363)
[error] sbt.Defaults$.$anonfun$compileIncrementalTask$2(Defaults.scala:2313)
[error] sbt.internal.server.BspCompileTask$.$anonfun$compute$1(BspCompileTask.scala:30)
[error] sbt.internal.io.Retry$.apply(Retry.scala:46)
[error] sbt.internal.io.Retry$.apply(Retry.scala:28)
[error] sbt.internal.io.Retry$.apply(Retry.scala:23)
[error] sbt.internal.server.BspCompileTask$.compute(BspCompileTask.scala:30)
[error] sbt.Defaults$.$anonfun$compileIncrementalTask$1(Defaults.scala:2311)
[error] scala.Function1.$anonfun$compose$1(Function1.scala:49)
[error] sbt.internal.util.$tilde$greater.$anonfun$$u2219$1(TypeFunctions.scala:62)
[error] sbt.std.Transform$$anon$4.work(Transform.scala:68)
[error] sbt.Execute.$anonfun$submit$2(Execute.scala:282)
[error] sbt.internal.util.ErrorHandling$.wideConvert(ErrorHandling.scala:23)
[error] sbt.Execute.work(Execute.scala:291)
[error] sbt.Execute.$anonfun$submit$1(Execute.scala:282)
[error] sbt.ConcurrentRestrictions$$anon$4.$anonfun$submitValid$1(ConcurrentRestrictions.scala:265)
[error] sbt.CompletionService$$anon$2.call(CompletionService.scala:64)
[error] java.base/java.util.concurrent.FutureTask.run(Unknown Source)
[error] java.base/java.util.concurrent.Executors$RunnableAdapter.call(Unknown Source)
[error] java.base/java.util.concurrent.FutureTask.run(Unknown Source)
[error] java.base/java.util.concurrent.ThreadPoolExecutor.runWorker(Unknown Source)
[error] java.base/java.util.concurrent.ThreadPoolExecutor$Worker.run(Unknown Source)
[error] java.base/java.lang.Thread.run(Unknown Source)
[error]            
[error] java.lang.AssertionError: assertion failed
[error] 	at scala.runtime.Scala3RunTime$.assertFailed(Scala3RunTime.scala:11)
[error] 	at dotty.tools.dotc.ast.tpd$.TypeApply(tpd.scala:60)
[error] 	at dotty.tools.dotc.ast.tpd$TreeOps$.appliedToTypeTrees$extension(tpd.scala:979)
[error] 	at dotty.tools.dotc.typer.Typer.adapt1(Typer.scala:4252)
[error] 	at dotty.tools.dotc.typer.Typer.adapt(Typer.scala:3573)
[error] 	at dotty.tools.dotc.typer.ProtoTypes$FunProto.typedArg(ProtoTypes.scala:497)
[error] 	at dotty.tools.dotc.typer.Applications$ApplyToUntyped.typedArg(Applications.scala:897)
[error] 	at dotty.tools.dotc.typer.Applications$ApplyToUntyped.typedArg(Applications.scala:897)
[error] 	at dotty.tools.dotc.typer.Applications$Application.addTyped$1(Applications.scala:589)
[error] 	at dotty.tools.dotc.typer.Applications$Application.matchArgs(Applications.scala:653)
[error] 	at dotty.tools.dotc.typer.Applications$Application.init(Applications.scala:492)
[error] 	at dotty.tools.dotc.typer.Applications$TypedApply.<init>(Applications.scala:779)
[error] 	at dotty.tools.dotc.typer.Applications$ApplyToUntyped.<init>(Applications.scala:896)
[error] 	at dotty.tools.dotc.typer.Applications.ApplyTo(Applications.scala:1126)
[error] 	at dotty.tools.dotc.typer.Applications.ApplyTo$(Applications.scala:352)
[error] 	at dotty.tools.dotc.typer.Typer.ApplyTo(Typer.scala:116)
[error] 	at dotty.tools.dotc.typer.Applications.simpleApply$1(Applications.scala:969)
[error] 	at dotty.tools.dotc.typer.Applications.realApply$1$$anonfun$2(Applications.scala:1052)
[error] 	at dotty.tools.dotc.typer.Typer.tryEither(Typer.scala:3310)
[error] 	at dotty.tools.dotc.typer.Applications.realApply$1(Applications.scala:1063)
[error] 	at dotty.tools.dotc.typer.Applications.typedApply(Applications.scala:1101)
[error] 	at dotty.tools.dotc.typer.Applications.typedApply$(Applications.scala:352)
[error] 	at dotty.tools.dotc.typer.Typer.typedApply(Typer.scala:116)
[error] 	at dotty.tools.dotc.typer.Typer.typedUnnamed$1(Typer.scala:3035)
[error] 	at dotty.tools.dotc.typer.Typer.typedUnadapted(Typer.scala:3098)
[error] 	at dotty.tools.dotc.typer.Typer.typed(Typer.scala:3170)
[error] 	at dotty.tools.dotc.typer.Implicits.tryConversion$1(Implicits.scala:1134)
[error] 	at dotty.tools.dotc.typer.Implicits.typedImplicit(Implicits.scala:1165)
[error] 	at dotty.tools.dotc.typer.Implicits.typedImplicit$(Implicits.scala:816)
[error] 	at dotty.tools.dotc.typer.Typer.typedImplicit(Typer.scala:116)
[error] 	at dotty.tools.dotc.typer.Implicits$ImplicitSearch.tryImplicit(Implicits.scala:1240)
[error] 	at dotty.tools.dotc.typer.Implicits$ImplicitSearch.rank$1(Implicits.scala:1339)
[error] 	at dotty.tools.dotc.typer.Implicits$ImplicitSearch.searchImplicit(Implicits.scala:1509)
[error] 	at dotty.tools.dotc.typer.Implicits$ImplicitSearch.searchImplicit(Implicits.scala:1537)
[error] 	at dotty.tools.dotc.typer.Implicits$ImplicitSearch.searchImplicit(Implicits.scala:1545)
[error] 	at dotty.tools.dotc.typer.Implicits$ImplicitSearch.bestImplicit(Implicits.scala:1570)
[error] 	at dotty.tools.dotc.typer.Implicits.inferImplicit(Implicits.scala:1058)
[error] 	at dotty.tools.dotc.typer.Implicits.inferImplicit$(Implicits.scala:816)
[error] 	at dotty.tools.dotc.typer.Typer.inferImplicit(Typer.scala:116)
[error] 	at dotty.tools.dotc.typer.Implicits.inferView(Implicits.scala:854)
[error] 	at dotty.tools.dotc.typer.Implicits.inferView$(Implicits.scala:816)
[error] 	at dotty.tools.dotc.typer.Typer.inferView(Typer.scala:116)
[error] 	at dotty.tools.dotc.typer.Implicits.viewExists(Implicits.scala:829)
[error] 	at dotty.tools.dotc.typer.Implicits.viewExists$(Implicits.scala:816)
[error] 	at dotty.tools.dotc.typer.Typer.viewExists(Typer.scala:116)
[error] 	at dotty.tools.dotc.typer.Implicits.ignoredConvertibleImplicits$1$$anonfun$3(Implicits.scala:958)
[error] 	at scala.collection.Iterator$$anon$6.hasNext(Iterator.scala:479)
[error] 	at scala.collection.Iterator.isEmpty(Iterator.scala:466)
[error] 	at scala.collection.Iterator.isEmpty$(Iterator.scala:466)
[error] 	at scala.collection.AbstractIterator.isEmpty(Iterator.scala:1300)
[error] 	at scala.collection.View$Filter.isEmpty(View.scala:146)
[error] 	at scala.collection.IterableOnceOps.nonEmpty(IterableOnce.scala:833)
[error] 	at scala.collection.IterableOnceOps.nonEmpty$(IterableOnce.scala:833)
[error] 	at scala.collection.AbstractIterable.nonEmpty(Iterable.scala:933)
[error] 	at dotty.tools.dotc.reporting.MissingImplicitArgument.noChainConversionsNote$1(messages.scala:2824)
[error] 	at dotty.tools.dotc.reporting.MissingImplicitArgument.msgPostscript$$anonfun$4(messages.scala:2832)
[error] 	at scala.Option.orElse(Option.scala:477)
[error] 	at dotty.tools.dotc.reporting.MissingImplicitArgument.msgPostscript(messages.scala:2832)
[error] 	at dotty.tools.dotc.reporting.Message.message$$anonfun$1(Message.scala:345)
[error] 	at dotty.tools.dotc.reporting.Message.inMessageContext(Message.scala:341)
[error] 	at dotty.tools.dotc.reporting.Message.message(Message.scala:345)
[error] 	at dotty.tools.dotc.reporting.Message.isNonSensical(Message.scala:322)
[error] 	at dotty.tools.dotc.reporting.HideNonSensicalMessages.isHidden(HideNonSensicalMessages.scala:16)
[error] 	at dotty.tools.dotc.reporting.HideNonSensicalMessages.isHidden$(HideNonSensicalMessages.scala:10)
[error] 	at dotty.tools.dotc.reporting.AbstractReporter.isHidden(AbstractReporter.scala:8)
[error] 	at dotty.tools.dotc.reporting.Reporter.issueUnconfigured(Reporter.scala:156)
[error] 	at dotty.tools.dotc.reporting.Reporter.go$1(Reporter.scala:181)
[error] 	at dotty.tools.dotc.reporting.Reporter.issueIfNotSuppressed(Reporter.scala:200)
[error] 	at dotty.tools.dotc.reporting.Reporter.report(Reporter.scala:203)
[error] 	at dotty.tools.dotc.report$.error(report.scala:68)
[error] 	at dotty.tools.dotc.typer.Typer.issueErrors$1$$anonfun$1(Typer.scala:3794)
[error] 	at scala.runtime.function.JProcedure3.apply(JProcedure3.java:15)
[error] 	at scala.runtime.function.JProcedure3.apply(JProcedure3.java:10)
[error] 	at scala.collection.LazyZip3.foreach(LazyZipOps.scala:248)
[error] 	at dotty.tools.dotc.typer.Typer.issueErrors$1(Typer.scala:3796)
[error] 	at dotty.tools.dotc.typer.Typer.addImplicitArgs$1(Typer.scala:3818)
[error] 	at dotty.tools.dotc.typer.Typer.adaptNoArgsImplicitMethod$1(Typer.scala:3835)
[error] 	at dotty.tools.dotc.typer.Typer.adaptNoArgs$1(Typer.scala:4024)
[error] 	at dotty.tools.dotc.typer.Typer.adapt1(Typer.scala:4265)
[error] 	at dotty.tools.dotc.typer.Typer.adapt(Typer.scala:3573)
[error] 	at dotty.tools.dotc.typer.Typer.readapt$1(Typer.scala:3584)
[error] 	at dotty.tools.dotc.typer.Typer.adapt1(Typer.scala:4252)
[error] 	at dotty.tools.dotc.typer.Typer.adapt(Typer.scala:3573)
[error] 	at dotty.tools.dotc.typer.Typer.typed(Typer.scala:3170)
[error] 	at dotty.tools.dotc.typer.Typer.typed(Typer.scala:3174)
[error] 	at dotty.tools.dotc.typer.Typer.typedExpr(Typer.scala:3286)
[error] 	at dotty.tools.dotc.typer.Typer.$anonfun$57(Typer.scala:2473)
[error] 	at dotty.tools.dotc.inlines.PrepareInlineable$.dropInlineIfError(PrepareInlineable.scala:250)
[error] 	at dotty.tools.dotc.typer.Typer.typedDefDef(Typer.scala:2473)
[error] 	at dotty.tools.dotc.typer.Typer.typedNamed$1(Typer.scala:3011)
[error] 	at dotty.tools.dotc.typer.Typer.typedUnadapted(Typer.scala:3097)
[error] 	at dotty.tools.dotc.typer.Typer.typed(Typer.scala:3170)
[error] 	at dotty.tools.dotc.typer.Typer.typed(Typer.scala:3174)
[error] 	at dotty.tools.dotc.typer.Typer.traverse$1(Typer.scala:3196)
[error] 	at dotty.tools.dotc.typer.Typer.typedStats(Typer.scala:3242)
[error] 	at dotty.tools.dotc.typer.Typer.typedClassDef(Typer.scala:2656)
[error] 	at dotty.tools.dotc.typer.Typer.typedTypeOrClassDef$1(Typer.scala:3023)
[error] 	at dotty.tools.dotc.typer.Typer.typedNamed$1(Typer.scala:3027)
[error] 	at dotty.tools.dotc.typer.Typer.typedUnadapted(Typer.scala:3097)
[error] 	at dotty.tools.dotc.typer.Typer.typed(Typer.scala:3170)
[error] 	at dotty.tools.dotc.typer.Typer.typed(Typer.scala:3174)
[error] 	at dotty.tools.dotc.typer.Typer.traverse$1(Typer.scala:3196)
[error] 	at dotty.tools.dotc.typer.Typer.typedStats(Typer.scala:3242)
[error] 	at dotty.tools.dotc.typer.Typer.typedPackageDef(Typer.scala:2799)
[error] 	at dotty.tools.dotc.typer.Typer.typedUnnamed$1(Typer.scala:3068)
[error] 	at dotty.tools.dotc.typer.Typer.typedUnadapted(Typer.scala:3098)
[error] 	at dotty.tools.dotc.typer.Typer.typed(Typer.scala:3170)
[error] 	at dotty.tools.dotc.typer.Typer.typed(Typer.scala:3174)
[error] 	at dotty.tools.dotc.typer.Typer.typedExpr(Typer.scala:3286)
[error] 	at dotty.tools.dotc.typer.TyperPhase.typeCheck$$anonfun$1(TyperPhase.scala:44)
[error] 	at dotty.tools.dotc.typer.TyperPhase.typeCheck$$anonfun$adapted$1(TyperPhase.scala:54)
[error] 	at scala.Function0.apply$mcV$sp(Function0.scala:42)
[error] 	at dotty.tools.dotc.core.Phases$Phase.monitor(Phases.scala:437)
[error] 	at dotty.tools.dotc.typer.TyperPhase.typeCheck(TyperPhase.scala:54)
[error] 	at dotty.tools.dotc.typer.TyperPhase.runOn$$anonfun$3(TyperPhase.scala:88)
[error] 	at scala.runtime.function.JProcedure1.apply(JProcedure1.java:15)
[error] 	at scala.runtime.function.JProcedure1.apply(JProcedure1.java:10)
[error] 	at scala.collection.immutable.List.foreach(List.scala:333)
[error] 	at dotty.tools.dotc.typer.TyperPhase.runOn(TyperPhase.scala:88)
[error] 	at dotty.tools.dotc.Run.runPhases$1$$anonfun$1(Run.scala:246)
[error] 	at scala.runtime.function.JProcedure1.apply(JProcedure1.java:15)
[error] 	at scala.runtime.function.JProcedure1.apply(JProcedure1.java:10)
[error] 	at scala.collection.ArrayOps$.foreach$extension(ArrayOps.scala:1321)
[error] 	at dotty.tools.dotc.Run.runPhases$1(Run.scala:262)
[error] 	at dotty.tools.dotc.Run.compileUnits$$anonfun$1(Run.scala:270)
[error] 	at dotty.tools.dotc.Run.compileUnits$$anonfun$adapted$1(Run.scala:279)
[error] 	at dotty.tools.dotc.util.Stats$.maybeMonitored(Stats.scala:67)
[error] 	at dotty.tools.dotc.Run.compileUnits(Run.scala:279)
[error] 	at dotty.tools.dotc.Run.compileSources(Run.scala:194)
[error] 	at dotty.tools.dotc.Run.compile(Run.scala:179)
[error] 	at dotty.tools.dotc.Driver.doCompile(Driver.scala:37)
[error] 	at dotty.tools.xsbt.CompilerBridgeDriver.run(CompilerBridgeDriver.java:88)
[error] 	at dotty.tools.xsbt.CompilerBridge.run(CompilerBridge.java:22)
[error] 	at sbt.internal.inc.AnalyzingCompiler.compile(AnalyzingCompiler.scala:91)
[error] 	at sbt.internal.inc.MixedAnalyzingCompiler.$anonfun$compile$7(MixedAnalyzingCompiler.scala:193)
[error] 	at scala.runtime.java8.JFunction0$mcV$sp.apply(JFunction0$mcV$sp.java:23)
[error] 	at sbt.internal.inc.MixedAnalyzingCompiler.timed(MixedAnalyzingCompiler.scala:248)
[error] 	at sbt.internal.inc.MixedAnalyzingCompiler.$anonfun$compile$4(MixedAnalyzingCompiler.scala:183)
[error] 	at sbt.internal.inc.MixedAnalyzingCompiler.$anonfun$compile$4$adapted(MixedAnalyzingCompiler.scala:163)
[error] 	at sbt.internal.inc.JarUtils$.withPreviousJar(JarUtils.scala:239)
[error] 	at sbt.internal.inc.MixedAnalyzingCompiler.compileScala$1(MixedAnalyzingCompiler.scala:163)
[error] 	at sbt.internal.inc.MixedAnalyzingCompiler.compile(MixedAnalyzingCompiler.scala:211)
[error] 	at sbt.internal.inc.IncrementalCompilerImpl.$anonfun$compileInternal$1(IncrementalCompilerImpl.scala:534)
[error] 	at sbt.internal.inc.IncrementalCompilerImpl.$anonfun$compileInternal$1$adapted(IncrementalCompilerImpl.scala:534)
[error] 	at sbt.internal.inc.Incremental$.$anonfun$apply$5(Incremental.scala:179)
[error] 	at sbt.internal.inc.Incremental$.$anonfun$apply$5$adapted(Incremental.scala:177)
[error] 	at sbt.internal.inc.Incremental$$anon$2.run(Incremental.scala:463)
[error] 	at sbt.internal.inc.IncrementalCommon$CycleState.next(IncrementalCommon.scala:116)
[error] 	at sbt.internal.inc.IncrementalCommon$$anon$1.next(IncrementalCommon.scala:56)
[error] 	at sbt.internal.inc.IncrementalCommon$$anon$1.next(IncrementalCommon.scala:52)
[error] 	at sbt.internal.inc.IncrementalCommon.cycle(IncrementalCommon.scala:263)
[error] 	at sbt.internal.inc.Incremental$.$anonfun$incrementalCompile$8(Incremental.scala:418)
[error] 	at sbt.internal.inc.Incremental$.withClassfileManager(Incremental.scala:506)
[error] 	at sbt.internal.inc.Incremental$.incrementalCompile(Incremental.scala:405)
[error] 	at sbt.internal.inc.Incremental$.apply(Incremental.scala:171)
[error] 	at sbt.internal.inc.IncrementalCompilerImpl.compileInternal(IncrementalCompilerImpl.scala:534)
[error] 	at sbt.internal.inc.IncrementalCompilerImpl.$anonfun$compileIncrementally$1(IncrementalCompilerImpl.scala:488)
[error] 	at sbt.internal.inc.IncrementalCompilerImpl.handleCompilationError(IncrementalCompilerImpl.scala:332)
[error] 	at sbt.internal.inc.IncrementalCompilerImpl.compileIncrementally(IncrementalCompilerImpl.scala:425)
[error] 	at sbt.internal.inc.IncrementalCompilerImpl.compile(IncrementalCompilerImpl.scala:137)
[error] 	at sbt.Defaults$.compileIncrementalTaskImpl(Defaults.scala:2363)
[error] 	at sbt.Defaults$.$anonfun$compileIncrementalTask$2(Defaults.scala:2313)
[error] 	at sbt.internal.server.BspCompileTask$.$anonfun$compute$1(BspCompileTask.scala:30)
[error] 	at sbt.internal.io.Retry$.apply(Retry.scala:46)
[error] 	at sbt.internal.io.Retry$.apply(Retry.scala:28)
[error] 	at sbt.internal.io.Retry$.apply(Retry.scala:23)
[error] 	at sbt.internal.server.BspCompileTask$.compute(BspCompileTask.scala:30)
[error] 	at sbt.Defaults$.$anonfun$compileIncrementalTask$1(Defaults.scala:2311)
[error] 	at scala.Function1.$anonfun$compose$1(Function1.scala:49)
[error] 	at sbt.internal.util.$tilde$greater.$anonfun$$u2219$1(TypeFunctions.scala:62)
[error] 	at sbt.std.Transform$$anon$4.work(Transform.scala:68)
[error] 	at sbt.Execute.$anonfun$submit$2(Execute.scala:282)
[error] 	at sbt.internal.util.ErrorHandling$.wideConvert(ErrorHandling.scala:23)
[error] 	at sbt.Execute.work(Execute.scala:291)
[error] 	at sbt.Execute.$anonfun$submit$1(Execute.scala:282)
[error] 	at sbt.ConcurrentRestrictions$$anon$4.$anonfun$submitValid$1(ConcurrentRestrictions.scala:265)
[error] 	at sbt.CompletionService$$anon$2.call(CompletionService.scala:64)
[error] 	at java.base/java.util.concurrent.FutureTask.run(Unknown Source)
[error] 	at java.base/java.util.concurrent.Executors$RunnableAdapter.call(Unknown Source)
[error] 	at java.base/java.util.concurrent.FutureTask.run(Unknown Source)
[error] 	at java.base/java.util.concurrent.ThreadPoolExecutor.runWorker(Unknown Source)
[error] 	at java.base/java.util.concurrent.ThreadPoolExecutor$Worker.run(Unknown Source)
[error] 	at java.base/java.lang.Thread.run(Unknown Source)
[error] (core / Compile / compileIncremental) java.lang.AssertionError: assertion failed
[error] Total time: 10 s, completed Jun 21, 2023, 8:24:25 PM
[32mRerunning tests in betterfiles because of a previous run failure.[0m
[32msbt -sbt-version 1.8.0 -Dsbt.supershell=false -Ddotty.communitybuild.dir=/Users/y3536zha/Desktop/scala_flexible/scala_flexible_type_with_test_script/community-build --addPluginSbtFile=/Users/y3536zha/Desktop/scala_flexible/scala_flexible_type_with_test_script/community-build/sbt-injected-plugins set Global/testOptions += Tests.Argument(TestFramework("munit.Framework"), "+l"); clean; set Global/logLevel := Level.Error; set Global/updateOptions ~= (_.withLatestSnapshots(false)); set Global/scalacOptions ++= List("-Xcheck-macros","-Ysafe-init","-Yexplicit-nulls","-Yflexible-types");++3.3.1-RC1-bin-SNAPSHOT!; dotty-community-build/compile[0m
[info] welcome to sbt 1.8.0 (Oracle Corporation Java 9.0.4)
[info] loading global plugins from /Users/y3536zha/.sbt/1.0/plugins
[info] loading settings for project betterfiles-build from plugins.sbt,sbt-injected-plugins ...
[info] loading project definition from /Users/y3536zha/Desktop/scala_flexible/scala_flexible_type_with_test_script/community-build/community-projects/betterfiles/project
/Users/y3536zha/Desktop/scala_flexible/scala_flexible_type_with_test_script/community-build/community-projects/betterfiles/build.sbt:146: warning: value sonatypeSnapshots in object resolver is deprecated (since 1.7.0): Use sonatypeOssSnapshots instead
  publishTo := Some(if (isSnapshot.value) Opts.resolver.sonatypeSnapshots else Opts.resolver.sonatypeStaging),
                                                        ^
[info] loading settings for project root from build.sbt,version.sbt ...
SLF4J: No SLF4J providers were found.
SLF4J: Defaulting to no-operation (NOP) logger implementation
SLF4J: See https://www.slf4j.org/codes.html#noProviders for further details.
SLF4J: Class path contains SLF4J bindings targeting slf4j-api versions 1.7.x or earlier.
SLF4J: Ignoring binding found at [jar:file:/Users/y3536zha/.sbt/boot/scala-2.12.17/org.scala-sbt/sbt/1.8.0/log4j-slf4j-impl-2.17.1.jar!/org/slf4j/impl/StaticLoggerBinder.class]
SLF4J: See https://www.slf4j.org/codes.html#ignoredBindings for an explanation.
[info] set current project to better-files-root (in build file:/Users/y3536zha/Desktop/scala_flexible/scala_flexible_type_with_test_script/community-build/community-projects/betterfiles/)
[warn] there are 5 keys that are not used by any other settings/tasks:
[warn]  
[warn] * akka / updateImpactOpenBrowser
[warn]   +- /Users/y3536zha/Desktop/scala_flexible/scala_flexible_type_with_test_script/community-build/community-projects/betterfiles/build.sbt:15
[warn] * benchmarks / updateImpactOpenBrowser
[warn]   +- /Users/y3536zha/Desktop/scala_flexible/scala_flexible_type_with_test_script/community-build/community-projects/betterfiles/build.sbt:15
[warn] * core / updateImpactOpenBrowser
[warn]   +- /Users/y3536zha/Desktop/scala_flexible/scala_flexible_type_with_test_script/community-build/community-projects/betterfiles/build.sbt:15
[warn] * root / updateImpactOpenBrowser
[warn]   +- /Users/y3536zha/Desktop/scala_flexible/scala_flexible_type_with_test_script/community-build/community-projects/betterfiles/build.sbt:15
[warn] * shapelessScanner / updateImpactOpenBrowser
[warn]   +- /Users/y3536zha/Desktop/scala_flexible/scala_flexible_type_with_test_script/community-build/community-projects/betterfiles/build.sbt:15
[warn]  
[warn] note: a setting might still be used by a command; to exclude a key from this `lintUnused` check
[warn] either append it to `Global / excludeLintKeys` or call .withRank(KeyRanks.Invisible) on the key
[info] Defining Global / testOptions
[info] The new value will be used by Test / test / testOptions, Test / testOnly / testOptions and 15 others.
[info] 	Run `last` for details.
[info] Reapplying settings...
[info] set current project to better-files-root (in build file:/Users/y3536zha/Desktop/scala_flexible/scala_flexible_type_with_test_script/community-build/community-projects/betterfiles/)
[success] Total time: 0 s, completed Jun 21, 2023, 8:24:45 PM
[info] Defining Global / logLevel
[info] The new value will be used by Test / test / testListeners, Test / testOnly / testListeners and 45 others.
[info] 	Run `last` for details.
[info] Reapplying settings...
[info] set current project to better-files-root (in build file:/Users/y3536zha/Desktop/scala_flexible/scala_flexible_type_with_test_script/community-build/community-projects/betterfiles/)
[info] Defining Global / updateOptions
[info] The new value will be used by akka / dependencyTreeIgnoreMissingUpdate / updateOptions, akka / ivyConfiguration and 15 others.
[info] 	Run `last` for details.
[info] Reapplying settings...
[info] set current project to better-files-root (in build file:/Users/y3536zha/Desktop/scala_flexible/scala_flexible_type_with_test_script/community-build/community-projects/betterfiles/)
[info] Defining Global / scalacOptions
[info] The new value will be used by akka / scalacOptions, benchmarks / scalacOptions and 3 others.
[info] 	Run `last` for details.
[info] Reapplying settings...
[info] set current project to better-files-root (in build file:/Users/y3536zha/Desktop/scala_flexible/scala_flexible_type_with_test_script/community-build/community-projects/betterfiles/)
[info] Forcing Scala version to 3.3.1-RC1-bin-SNAPSHOT on all projects.
[info] Reapplying settings...
[info] Loading dependency tracking file /Users/y3536zha/Desktop/scala_flexible/scala_flexible_type_with_test_script/community-build/dotty-community-build-deps
[info] Dependency tracking file /Users/y3536zha/Desktop/scala_flexible/scala_flexible_type_with_test_script/community-build/dotty-community-build-deps does not exist
[info] set current project to better-files-root (in build file:/Users/y3536zha/Desktop/scala_flexible/scala_flexible_type_with_test_script/community-build/community-projects/betterfiles/)
java.lang.AssertionError: assertion failed while typechecking /Users/y3536zha/Desktop/scala_flexible/scala_flexible_type_with_test_script/community-build/community-projects/betterfiles/core/src/main/scala/better/files/File.scala
[error] ## Exception when compiling 11 sources to /Users/y3536zha/Desktop/scala_flexible/scala_flexible_type_with_test_script/community-build/community-projects/betterfiles/core/target/scala-3.3.1-RC1-bin-SNAPSHOT/classes
[error] java.lang.AssertionError: assertion failed
[error] scala.runtime.Scala3RunTime$.assertFailed(Scala3RunTime.scala:11)
[error] dotty.tools.dotc.ast.tpd$.TypeApply(tpd.scala:60)
[error] dotty.tools.dotc.ast.tpd$TreeOps$.appliedToTypeTrees$extension(tpd.scala:979)
[error] dotty.tools.dotc.typer.Typer.adapt1(Typer.scala:4252)
[error] dotty.tools.dotc.typer.Typer.adapt(Typer.scala:3573)
[error] dotty.tools.dotc.typer.ProtoTypes$FunProto.typedArg(ProtoTypes.scala:497)
[error] dotty.tools.dotc.typer.Applications$ApplyToUntyped.typedArg(Applications.scala:897)
[error] dotty.tools.dotc.typer.Applications$ApplyToUntyped.typedArg(Applications.scala:897)
[error] dotty.tools.dotc.typer.Applications$Application.addTyped$1(Applications.scala:589)
[error] dotty.tools.dotc.typer.Applications$Application.matchArgs(Applications.scala:653)
[error] dotty.tools.dotc.typer.Applications$Application.init(Applications.scala:492)
[error] dotty.tools.dotc.typer.Applications$TypedApply.<init>(Applications.scala:779)
[error] dotty.tools.dotc.typer.Applications$ApplyToUntyped.<init>(Applications.scala:896)
[error] dotty.tools.dotc.typer.Applications.ApplyTo(Applications.scala:1126)
[error] dotty.tools.dotc.typer.Applications.ApplyTo$(Applications.scala:352)
[error] dotty.tools.dotc.typer.Typer.ApplyTo(Typer.scala:116)
[error] dotty.tools.dotc.typer.Applications.simpleApply$1(Applications.scala:969)
[error] dotty.tools.dotc.typer.Applications.realApply$1$$anonfun$2(Applications.scala:1052)
[error] dotty.tools.dotc.typer.Typer.tryEither(Typer.scala:3310)
[error] dotty.tools.dotc.typer.Applications.realApply$1(Applications.scala:1063)
[error] dotty.tools.dotc.typer.Applications.typedApply(Applications.scala:1101)
[error] dotty.tools.dotc.typer.Applications.typedApply$(Applications.scala:352)
[error] dotty.tools.dotc.typer.Typer.typedApply(Typer.scala:116)
[error] dotty.tools.dotc.typer.Typer.typedUnnamed$1(Typer.scala:3035)
[error] dotty.tools.dotc.typer.Typer.typedUnadapted(Typer.scala:3098)
[error] dotty.tools.dotc.typer.Typer.typed(Typer.scala:3170)
[error] dotty.tools.dotc.typer.Implicits.tryConversion$1(Implicits.scala:1134)
[error] dotty.tools.dotc.typer.Implicits.typedImplicit(Implicits.scala:1165)
[error] dotty.tools.dotc.typer.Implicits.typedImplicit$(Implicits.scala:816)
[error] dotty.tools.dotc.typer.Typer.typedImplicit(Typer.scala:116)
[error] dotty.tools.dotc.typer.Implicits$ImplicitSearch.tryImplicit(Implicits.scala:1240)
[error] dotty.tools.dotc.typer.Implicits$ImplicitSearch.rank$1(Implicits.scala:1339)
[error] dotty.tools.dotc.typer.Implicits$ImplicitSearch.searchImplicit(Implicits.scala:1509)
[error] dotty.tools.dotc.typer.Implicits$ImplicitSearch.searchImplicit(Implicits.scala:1537)
[error] dotty.tools.dotc.typer.Implicits$ImplicitSearch.searchImplicit(Implicits.scala:1545)
[error] dotty.tools.dotc.typer.Implicits$ImplicitSearch.bestImplicit(Implicits.scala:1570)
[error] dotty.tools.dotc.typer.Implicits.inferImplicit(Implicits.scala:1058)
[error] dotty.tools.dotc.typer.Implicits.inferImplicit$(Implicits.scala:816)
[error] dotty.tools.dotc.typer.Typer.inferImplicit(Typer.scala:116)
[error] dotty.tools.dotc.typer.Implicits.inferView(Implicits.scala:854)
[error] dotty.tools.dotc.typer.Implicits.inferView$(Implicits.scala:816)
[error] dotty.tools.dotc.typer.Typer.inferView(Typer.scala:116)
[error] dotty.tools.dotc.typer.Implicits.viewExists(Implicits.scala:829)
[error] dotty.tools.dotc.typer.Implicits.viewExists$(Implicits.scala:816)
[error] dotty.tools.dotc.typer.Typer.viewExists(Typer.scala:116)
[error] dotty.tools.dotc.typer.Implicits.ignoredConvertibleImplicits$1$$anonfun$3(Implicits.scala:958)
[error] scala.collection.Iterator$$anon$6.hasNext(Iterator.scala:479)
[error] scala.collection.Iterator.isEmpty(Iterator.scala:466)
[error] scala.collection.Iterator.isEmpty$(Iterator.scala:466)
[error] scala.collection.AbstractIterator.isEmpty(Iterator.scala:1300)
[error] scala.collection.View$Filter.isEmpty(View.scala:146)
[error] scala.collection.IterableOnceOps.nonEmpty(IterableOnce.scala:833)
[error] scala.collection.IterableOnceOps.nonEmpty$(IterableOnce.scala:833)
[error] scala.collection.AbstractIterable.nonEmpty(Iterable.scala:933)
[error] dotty.tools.dotc.reporting.MissingImplicitArgument.noChainConversionsNote$1(messages.scala:2824)
[error] dotty.tools.dotc.reporting.MissingImplicitArgument.msgPostscript$$anonfun$4(messages.scala:2832)
[error] scala.Option.orElse(Option.scala:477)
[error] dotty.tools.dotc.reporting.MissingImplicitArgument.msgPostscript(messages.scala:2832)
[error] dotty.tools.dotc.reporting.Message.message$$anonfun$1(Message.scala:345)
[error] dotty.tools.dotc.reporting.Message.inMessageContext(Message.scala:341)
[error] dotty.tools.dotc.reporting.Message.message(Message.scala:345)
[error] dotty.tools.dotc.reporting.Message.isNonSensical(Message.scala:322)
[error] dotty.tools.dotc.reporting.HideNonSensicalMessages.isHidden(HideNonSensicalMessages.scala:16)
[error] dotty.tools.dotc.reporting.HideNonSensicalMessages.isHidden$(HideNonSensicalMessages.scala:10)
[error] dotty.tools.dotc.reporting.AbstractReporter.isHidden(AbstractReporter.scala:8)
[error] dotty.tools.dotc.reporting.Reporter.issueUnconfigured(Reporter.scala:156)
[error] dotty.tools.dotc.reporting.Reporter.go$1(Reporter.scala:181)
[error] dotty.tools.dotc.reporting.Reporter.issueIfNotSuppressed(Reporter.scala:200)
[error] dotty.tools.dotc.reporting.Reporter.report(Reporter.scala:203)
[error] dotty.tools.dotc.report$.error(report.scala:68)
[error] dotty.tools.dotc.typer.Typer.issueErrors$1$$anonfun$1(Typer.scala:3794)
[error] scala.runtime.function.JProcedure3.apply(JProcedure3.java:15)
[error] scala.runtime.function.JProcedure3.apply(JProcedure3.java:10)
[error] scala.collection.LazyZip3.foreach(LazyZipOps.scala:248)
[error] dotty.tools.dotc.typer.Typer.issueErrors$1(Typer.scala:3796)
[error] dotty.tools.dotc.typer.Typer.addImplicitArgs$1(Typer.scala:3818)
[error] dotty.tools.dotc.typer.Typer.adaptNoArgsImplicitMethod$1(Typer.scala:3835)
[error] dotty.tools.dotc.typer.Typer.adaptNoArgs$1(Typer.scala:4024)
[error] dotty.tools.dotc.typer.Typer.adapt1(Typer.scala:4265)
[error] dotty.tools.dotc.typer.Typer.adapt(Typer.scala:3573)
[error] dotty.tools.dotc.typer.Typer.readapt$1(Typer.scala:3584)
[error] dotty.tools.dotc.typer.Typer.adapt1(Typer.scala:4252)
[error] dotty.tools.dotc.typer.Typer.adapt(Typer.scala:3573)
[error] dotty.tools.dotc.typer.Typer.typed(Typer.scala:3170)
[error] dotty.tools.dotc.typer.Typer.typed(Typer.scala:3174)
[error] dotty.tools.dotc.typer.Typer.typedExpr(Typer.scala:3286)
[error] dotty.tools.dotc.typer.Typer.$anonfun$57(Typer.scala:2473)
[error] dotty.tools.dotc.inlines.PrepareInlineable$.dropInlineIfError(PrepareInlineable.scala:250)
[error] dotty.tools.dotc.typer.Typer.typedDefDef(Typer.scala:2473)
[error] dotty.tools.dotc.typer.Typer.typedNamed$1(Typer.scala:3011)
[error] dotty.tools.dotc.typer.Typer.typedUnadapted(Typer.scala:3097)
[error] dotty.tools.dotc.typer.Typer.typed(Typer.scala:3170)
[error] dotty.tools.dotc.typer.Typer.typed(Typer.scala:3174)
[error] dotty.tools.dotc.typer.Typer.traverse$1(Typer.scala:3196)
[error] dotty.tools.dotc.typer.Typer.typedStats(Typer.scala:3242)
[error] dotty.tools.dotc.typer.Typer.typedClassDef(Typer.scala:2656)
[error] dotty.tools.dotc.typer.Typer.typedTypeOrClassDef$1(Typer.scala:3023)
[error] dotty.tools.dotc.typer.Typer.typedNamed$1(Typer.scala:3027)
[error] dotty.tools.dotc.typer.Typer.typedUnadapted(Typer.scala:3097)
[error] dotty.tools.dotc.typer.Typer.typed(Typer.scala:3170)
[error] dotty.tools.dotc.typer.Typer.typed(Typer.scala:3174)
[error] dotty.tools.dotc.typer.Typer.traverse$1(Typer.scala:3196)
[error] dotty.tools.dotc.typer.Typer.typedStats(Typer.scala:3242)
[error] dotty.tools.dotc.typer.Typer.typedPackageDef(Typer.scala:2799)
[error] dotty.tools.dotc.typer.Typer.typedUnnamed$1(Typer.scala:3068)
[error] dotty.tools.dotc.typer.Typer.typedUnadapted(Typer.scala:3098)
[error] dotty.tools.dotc.typer.Typer.typed(Typer.scala:3170)
[error] dotty.tools.dotc.typer.Typer.typed(Typer.scala:3174)
[error] dotty.tools.dotc.typer.Typer.typedExpr(Typer.scala:3286)
[error] dotty.tools.dotc.typer.TyperPhase.typeCheck$$anonfun$1(TyperPhase.scala:44)
[error] dotty.tools.dotc.typer.TyperPhase.typeCheck$$anonfun$adapted$1(TyperPhase.scala:54)
[error] scala.Function0.apply$mcV$sp(Function0.scala:42)
[error] dotty.tools.dotc.core.Phases$Phase.monitor(Phases.scala:437)
[error] dotty.tools.dotc.typer.TyperPhase.typeCheck(TyperPhase.scala:54)
[error] dotty.tools.dotc.typer.TyperPhase.runOn$$anonfun$3(TyperPhase.scala:88)
[error] scala.runtime.function.JProcedure1.apply(JProcedure1.java:15)
[error] scala.runtime.function.JProcedure1.apply(JProcedure1.java:10)
[error] scala.collection.immutable.List.foreach(List.scala:333)
[error] dotty.tools.dotc.typer.TyperPhase.runOn(TyperPhase.scala:88)
[error] dotty.tools.dotc.Run.runPhases$1$$anonfun$1(Run.scala:246)
[error] scala.runtime.function.JProcedure1.apply(JProcedure1.java:15)
[error] scala.runtime.function.JProcedure1.apply(JProcedure1.java:10)
[error] scala.collection.ArrayOps$.foreach$extension(ArrayOps.scala:1321)
[error] dotty.tools.dotc.Run.runPhases$1(Run.scala:262)
[error] dotty.tools.dotc.Run.compileUnits$$anonfun$1(Run.scala:270)
[error] dotty.tools.dotc.Run.compileUnits$$anonfun$adapted$1(Run.scala:279)
[error] dotty.tools.dotc.util.Stats$.maybeMonitored(Stats.scala:67)
[error] dotty.tools.dotc.Run.compileUnits(Run.scala:279)
[error] dotty.tools.dotc.Run.compileSources(Run.scala:194)
[error] dotty.tools.dotc.Run.compile(Run.scala:179)
[error] dotty.tools.dotc.Driver.doCompile(Driver.scala:37)
[error] dotty.tools.xsbt.CompilerBridgeDriver.run(CompilerBridgeDriver.java:88)
[error] dotty.tools.xsbt.CompilerBridge.run(CompilerBridge.java:22)
[error] sbt.internal.inc.AnalyzingCompiler.compile(AnalyzingCompiler.scala:91)
[error] sbt.internal.inc.MixedAnalyzingCompiler.$anonfun$compile$7(MixedAnalyzingCompiler.scala:193)
[error] scala.runtime.java8.JFunction0$mcV$sp.apply(JFunction0$mcV$sp.java:23)
[error] sbt.internal.inc.MixedAnalyzingCompiler.timed(MixedAnalyzingCompiler.scala:248)
[error] sbt.internal.inc.MixedAnalyzingCompiler.$anonfun$compile$4(MixedAnalyzingCompiler.scala:183)
[error] sbt.internal.inc.MixedAnalyzingCompiler.$anonfun$compile$4$adapted(MixedAnalyzingCompiler.scala:163)
[error] sbt.internal.inc.JarUtils$.withPreviousJar(JarUtils.scala:239)
[error] sbt.internal.inc.MixedAnalyzingCompiler.compileScala$1(MixedAnalyzingCompiler.scala:163)
[error] sbt.internal.inc.MixedAnalyzingCompiler.compile(MixedAnalyzingCompiler.scala:211)
[error] sbt.internal.inc.IncrementalCompilerImpl.$anonfun$compileInternal$1(IncrementalCompilerImpl.scala:534)
[error] sbt.internal.inc.IncrementalCompilerImpl.$anonfun$compileInternal$1$adapted(IncrementalCompilerImpl.scala:534)
[error] sbt.internal.inc.Incremental$.$anonfun$apply$5(Incremental.scala:179)
[error] sbt.internal.inc.Incremental$.$anonfun$apply$5$adapted(Incremental.scala:177)
[error] sbt.internal.inc.Incremental$$anon$2.run(Incremental.scala:463)
[error] sbt.internal.inc.IncrementalCommon$CycleState.next(IncrementalCommon.scala:116)
[error] sbt.internal.inc.IncrementalCommon$$anon$1.next(IncrementalCommon.scala:56)
[error] sbt.internal.inc.IncrementalCommon$$anon$1.next(IncrementalCommon.scala:52)
[error] sbt.internal.inc.IncrementalCommon.cycle(IncrementalCommon.scala:263)
[error] sbt.internal.inc.Incremental$.$anonfun$incrementalCompile$8(Incremental.scala:418)
[error] sbt.internal.inc.Incremental$.withClassfileManager(Incremental.scala:506)
[error] sbt.internal.inc.Incremental$.incrementalCompile(Incremental.scala:405)
[error] sbt.internal.inc.Incremental$.apply(Incremental.scala:171)
[error] sbt.internal.inc.IncrementalCompilerImpl.compileInternal(IncrementalCompilerImpl.scala:534)
[error] sbt.internal.inc.IncrementalCompilerImpl.$anonfun$compileIncrementally$1(IncrementalCompilerImpl.scala:488)
[error] sbt.internal.inc.IncrementalCompilerImpl.handleCompilationError(IncrementalCompilerImpl.scala:332)
[error] sbt.internal.inc.IncrementalCompilerImpl.compileIncrementally(IncrementalCompilerImpl.scala:425)
[error] sbt.internal.inc.IncrementalCompilerImpl.compile(IncrementalCompilerImpl.scala:137)
[error] sbt.Defaults$.compileIncrementalTaskImpl(Defaults.scala:2363)
[error] sbt.Defaults$.$anonfun$compileIncrementalTask$2(Defaults.scala:2313)
[error] sbt.internal.server.BspCompileTask$.$anonfun$compute$1(BspCompileTask.scala:30)
[error] sbt.internal.io.Retry$.apply(Retry.scala:46)
[error] sbt.internal.io.Retry$.apply(Retry.scala:28)
[error] sbt.internal.io.Retry$.apply(Retry.scala:23)
[error] sbt.internal.server.BspCompileTask$.compute(BspCompileTask.scala:30)
[error] sbt.Defaults$.$anonfun$compileIncrementalTask$1(Defaults.scala:2311)
[error] scala.Function1.$anonfun$compose$1(Function1.scala:49)
[error] sbt.internal.util.$tilde$greater.$anonfun$$u2219$1(TypeFunctions.scala:62)
[error] sbt.std.Transform$$anon$4.work(Transform.scala:68)
[error] sbt.Execute.$anonfun$submit$2(Execute.scala:282)
[error] sbt.internal.util.ErrorHandling$.wideConvert(ErrorHandling.scala:23)
[error] sbt.Execute.work(Execute.scala:291)
[error] sbt.Execute.$anonfun$submit$1(Execute.scala:282)
[error] sbt.ConcurrentRestrictions$$anon$4.$anonfun$submitValid$1(ConcurrentRestrictions.scala:265)
[error] sbt.CompletionService$$anon$2.call(CompletionService.scala:64)
[error] java.base/java.util.concurrent.FutureTask.run(Unknown Source)
[error] java.base/java.util.concurrent.Executors$RunnableAdapter.call(Unknown Source)
[error] java.base/java.util.concurrent.FutureTask.run(Unknown Source)
[error] java.base/java.util.concurrent.ThreadPoolExecutor.runWorker(Unknown Source)
[error] java.base/java.util.concurrent.ThreadPoolExecutor$Worker.run(Unknown Source)
[error] java.base/java.lang.Thread.run(Unknown Source)
[error]            
[error] java.lang.AssertionError: assertion failed
[error] 	at scala.runtime.Scala3RunTime$.assertFailed(Scala3RunTime.scala:11)
[error] 	at dotty.tools.dotc.ast.tpd$.TypeApply(tpd.scala:60)
[error] 	at dotty.tools.dotc.ast.tpd$TreeOps$.appliedToTypeTrees$extension(tpd.scala:979)
[error] 	at dotty.tools.dotc.typer.Typer.adapt1(Typer.scala:4252)
[error] 	at dotty.tools.dotc.typer.Typer.adapt(Typer.scala:3573)
[error] 	at dotty.tools.dotc.typer.ProtoTypes$FunProto.typedArg(ProtoTypes.scala:497)
[error] 	at dotty.tools.dotc.typer.Applications$ApplyToUntyped.typedArg(Applications.scala:897)
[error] 	at dotty.tools.dotc.typer.Applications$ApplyToUntyped.typedArg(Applications.scala:897)
[error] 	at dotty.tools.dotc.typer.Applications$Application.addTyped$1(Applications.scala:589)
[error] 	at dotty.tools.dotc.typer.Applications$Application.matchArgs(Applications.scala:653)
[error] 	at dotty.tools.dotc.typer.Applications$Application.init(Applications.scala:492)
[error] 	at dotty.tools.dotc.typer.Applications$TypedApply.<init>(Applications.scala:779)
[error] 	at dotty.tools.dotc.typer.Applications$ApplyToUntyped.<init>(Applications.scala:896)
[error] 	at dotty.tools.dotc.typer.Applications.ApplyTo(Applications.scala:1126)
[error] 	at dotty.tools.dotc.typer.Applications.ApplyTo$(Applications.scala:352)
[error] 	at dotty.tools.dotc.typer.Typer.ApplyTo(Typer.scala:116)
[error] 	at dotty.tools.dotc.typer.Applications.simpleApply$1(Applications.scala:969)
[error] 	at dotty.tools.dotc.typer.Applications.realApply$1$$anonfun$2(Applications.scala:1052)
[error] 	at dotty.tools.dotc.typer.Typer.tryEither(Typer.scala:3310)
[error] 	at dotty.tools.dotc.typer.Applications.realApply$1(Applications.scala:1063)
[error] 	at dotty.tools.dotc.typer.Applications.typedApply(Applications.scala:1101)
[error] 	at dotty.tools.dotc.typer.Applications.typedApply$(Applications.scala:352)
[error] 	at dotty.tools.dotc.typer.Typer.typedApply(Typer.scala:116)
[error] 	at dotty.tools.dotc.typer.Typer.typedUnnamed$1(Typer.scala:3035)
[error] 	at dotty.tools.dotc.typer.Typer.typedUnadapted(Typer.scala:3098)
[error] 	at dotty.tools.dotc.typer.Typer.typed(Typer.scala:3170)
[error] 	at dotty.tools.dotc.typer.Implicits.tryConversion$1(Implicits.scala:1134)
[error] 	at dotty.tools.dotc.typer.Implicits.typedImplicit(Implicits.scala:1165)
[error] 	at dotty.tools.dotc.typer.Implicits.typedImplicit$(Implicits.scala:816)
[error] 	at dotty.tools.dotc.typer.Typer.typedImplicit(Typer.scala:116)
[error] 	at dotty.tools.dotc.typer.Implicits$ImplicitSearch.tryImplicit(Implicits.scala:1240)
[error] 	at dotty.tools.dotc.typer.Implicits$ImplicitSearch.rank$1(Implicits.scala:1339)
[error] 	at dotty.tools.dotc.typer.Implicits$ImplicitSearch.searchImplicit(Implicits.scala:1509)
[error] 	at dotty.tools.dotc.typer.Implicits$ImplicitSearch.searchImplicit(Implicits.scala:1537)
[error] 	at dotty.tools.dotc.typer.Implicits$ImplicitSearch.searchImplicit(Implicits.scala:1545)
[error] 	at dotty.tools.dotc.typer.Implicits$ImplicitSearch.bestImplicit(Implicits.scala:1570)
[error] 	at dotty.tools.dotc.typer.Implicits.inferImplicit(Implicits.scala:1058)
[error] 	at dotty.tools.dotc.typer.Implicits.inferImplicit$(Implicits.scala:816)
[error] 	at dotty.tools.dotc.typer.Typer.inferImplicit(Typer.scala:116)
[error] 	at dotty.tools.dotc.typer.Implicits.inferView(Implicits.scala:854)
[error] 	at dotty.tools.dotc.typer.Implicits.inferView$(Implicits.scala:816)
[error] 	at dotty.tools.dotc.typer.Typer.inferView(Typer.scala:116)
[error] 	at dotty.tools.dotc.typer.Implicits.viewExists(Implicits.scala:829)
[error] 	at dotty.tools.dotc.typer.Implicits.viewExists$(Implicits.scala:816)
[error] 	at dotty.tools.dotc.typer.Typer.viewExists(Typer.scala:116)
[error] 	at dotty.tools.dotc.typer.Implicits.ignoredConvertibleImplicits$1$$anonfun$3(Implicits.scala:958)
[error] 	at scala.collection.Iterator$$anon$6.hasNext(Iterator.scala:479)
[error] 	at scala.collection.Iterator.isEmpty(Iterator.scala:466)
[error] 	at scala.collection.Iterator.isEmpty$(Iterator.scala:466)
[error] 	at scala.collection.AbstractIterator.isEmpty(Iterator.scala:1300)
[error] 	at scala.collection.View$Filter.isEmpty(View.scala:146)
[error] 	at scala.collection.IterableOnceOps.nonEmpty(IterableOnce.scala:833)
[error] 	at scala.collection.IterableOnceOps.nonEmpty$(IterableOnce.scala:833)
[error] 	at scala.collection.AbstractIterable.nonEmpty(Iterable.scala:933)
[error] 	at dotty.tools.dotc.reporting.MissingImplicitArgument.noChainConversionsNote$1(messages.scala:2824)
[error] 	at dotty.tools.dotc.reporting.MissingImplicitArgument.msgPostscript$$anonfun$4(messages.scala:2832)
[error] 	at scala.Option.orElse(Option.scala:477)
[error] 	at dotty.tools.dotc.reporting.MissingImplicitArgument.msgPostscript(messages.scala:2832)
[error] 	at dotty.tools.dotc.reporting.Message.message$$anonfun$1(Message.scala:345)
[error] 	at dotty.tools.dotc.reporting.Message.inMessageContext(Message.scala:341)
[error] 	at dotty.tools.dotc.reporting.Message.message(Message.scala:345)
[error] 	at dotty.tools.dotc.reporting.Message.isNonSensical(Message.scala:322)
[error] 	at dotty.tools.dotc.reporting.HideNonSensicalMessages.isHidden(HideNonSensicalMessages.scala:16)
[error] 	at dotty.tools.dotc.reporting.HideNonSensicalMessages.isHidden$(HideNonSensicalMessages.scala:10)
[error] 	at dotty.tools.dotc.reporting.AbstractReporter.isHidden(AbstractReporter.scala:8)
[error] 	at dotty.tools.dotc.reporting.Reporter.issueUnconfigured(Reporter.scala:156)
[error] 	at dotty.tools.dotc.reporting.Reporter.go$1(Reporter.scala:181)
[error] 	at dotty.tools.dotc.reporting.Reporter.issueIfNotSuppressed(Reporter.scala:200)
[error] 	at dotty.tools.dotc.reporting.Reporter.report(Reporter.scala:203)
[error] 	at dotty.tools.dotc.report$.error(report.scala:68)
[error] 	at dotty.tools.dotc.typer.Typer.issueErrors$1$$anonfun$1(Typer.scala:3794)
[error] 	at scala.runtime.function.JProcedure3.apply(JProcedure3.java:15)
[error] 	at scala.runtime.function.JProcedure3.apply(JProcedure3.java:10)
[error] 	at scala.collection.LazyZip3.foreach(LazyZipOps.scala:248)
[error] 	at dotty.tools.dotc.typer.Typer.issueErrors$1(Typer.scala:3796)
[error] 	at dotty.tools.dotc.typer.Typer.addImplicitArgs$1(Typer.scala:3818)
[error] 	at dotty.tools.dotc.typer.Typer.adaptNoArgsImplicitMethod$1(Typer.scala:3835)
[error] 	at dotty.tools.dotc.typer.Typer.adaptNoArgs$1(Typer.scala:4024)
[error] 	at dotty.tools.dotc.typer.Typer.adapt1(Typer.scala:4265)
[error] 	at dotty.tools.dotc.typer.Typer.adapt(Typer.scala:3573)
[error] 	at dotty.tools.dotc.typer.Typer.readapt$1(Typer.scala:3584)
[error] 	at dotty.tools.dotc.typer.Typer.adapt1(Typer.scala:4252)
[error] 	at dotty.tools.dotc.typer.Typer.adapt(Typer.scala:3573)
[error] 	at dotty.tools.dotc.typer.Typer.typed(Typer.scala:3170)
[error] 	at dotty.tools.dotc.typer.Typer.typed(Typer.scala:3174)
[error] 	at dotty.tools.dotc.typer.Typer.typedExpr(Typer.scala:3286)
[error] 	at dotty.tools.dotc.typer.Typer.$anonfun$57(Typer.scala:2473)
[error] 	at dotty.tools.dotc.inlines.PrepareInlineable$.dropInlineIfError(PrepareInlineable.scala:250)
[error] 	at dotty.tools.dotc.typer.Typer.typedDefDef(Typer.scala:2473)
[error] 	at dotty.tools.dotc.typer.Typer.typedNamed$1(Typer.scala:3011)
[error] 	at dotty.tools.dotc.typer.Typer.typedUnadapted(Typer.scala:3097)
[error] 	at dotty.tools.dotc.typer.Typer.typed(Typer.scala:3170)
[error] 	at dotty.tools.dotc.typer.Typer.typed(Typer.scala:3174)
[error] 	at dotty.tools.dotc.typer.Typer.traverse$1(Typer.scala:3196)
[error] 	at dotty.tools.dotc.typer.Typer.typedStats(Typer.scala:3242)
[error] 	at dotty.tools.dotc.typer.Typer.typedClassDef(Typer.scala:2656)
[error] 	at dotty.tools.dotc.typer.Typer.typedTypeOrClassDef$1(Typer.scala:3023)
[error] 	at dotty.tools.dotc.typer.Typer.typedNamed$1(Typer.scala:3027)
[error] 	at dotty.tools.dotc.typer.Typer.typedUnadapted(Typer.scala:3097)
[error] 	at dotty.tools.dotc.typer.Typer.typed(Typer.scala:3170)
[error] 	at dotty.tools.dotc.typer.Typer.typed(Typer.scala:3174)
[error] 	at dotty.tools.dotc.typer.Typer.traverse$1(Typer.scala:3196)
[error] 	at dotty.tools.dotc.typer.Typer.typedStats(Typer.scala:3242)
[error] 	at dotty.tools.dotc.typer.Typer.typedPackageDef(Typer.scala:2799)
[error] 	at dotty.tools.dotc.typer.Typer.typedUnnamed$1(Typer.scala:3068)
[error] 	at dotty.tools.dotc.typer.Typer.typedUnadapted(Typer.scala:3098)
[error] 	at dotty.tools.dotc.typer.Typer.typed(Typer.scala:3170)
[error] 	at dotty.tools.dotc.typer.Typer.typed(Typer.scala:3174)
[error] 	at dotty.tools.dotc.typer.Typer.typedExpr(Typer.scala:3286)
[error] 	at dotty.tools.dotc.typer.TyperPhase.typeCheck$$anonfun$1(TyperPhase.scala:44)
[error] 	at dotty.tools.dotc.typer.TyperPhase.typeCheck$$anonfun$adapted$1(TyperPhase.scala:54)
[error] 	at scala.Function0.apply$mcV$sp(Function0.scala:42)
[error] 	at dotty.tools.dotc.core.Phases$Phase.monitor(Phases.scala:437)
[error] 	at dotty.tools.dotc.typer.TyperPhase.typeCheck(TyperPhase.scala:54)
[error] 	at dotty.tools.dotc.typer.TyperPhase.runOn$$anonfun$3(TyperPhase.scala:88)
[error] 	at scala.runtime.function.JProcedure1.apply(JProcedure1.java:15)
[error] 	at scala.runtime.function.JProcedure1.apply(JProcedure1.java:10)
[error] 	at scala.collection.immutable.List.foreach(List.scala:333)
[error] 	at dotty.tools.dotc.typer.TyperPhase.runOn(TyperPhase.scala:88)
[error] 	at dotty.tools.dotc.Run.runPhases$1$$anonfun$1(Run.scala:246)
[error] 	at scala.runtime.function.JProcedure1.apply(JProcedure1.java:15)
[error] 	at scala.runtime.function.JProcedure1.apply(JProcedure1.java:10)
[error] 	at scala.collection.ArrayOps$.foreach$extension(ArrayOps.scala:1321)
[error] 	at dotty.tools.dotc.Run.runPhases$1(Run.scala:262)
[error] 	at dotty.tools.dotc.Run.compileUnits$$anonfun$1(Run.scala:270)
[error] 	at dotty.tools.dotc.Run.compileUnits$$anonfun$adapted$1(Run.scala:279)
[error] 	at dotty.tools.dotc.util.Stats$.maybeMonitored(Stats.scala:67)
[error] 	at dotty.tools.dotc.Run.compileUnits(Run.scala:279)
[error] 	at dotty.tools.dotc.Run.compileSources(Run.scala:194)
[error] 	at dotty.tools.dotc.Run.compile(Run.scala:179)
[error] 	at dotty.tools.dotc.Driver.doCompile(Driver.scala:37)
[error] 	at dotty.tools.xsbt.CompilerBridgeDriver.run(CompilerBridgeDriver.java:88)
[error] 	at dotty.tools.xsbt.CompilerBridge.run(CompilerBridge.java:22)
[error] 	at sbt.internal.inc.AnalyzingCompiler.compile(AnalyzingCompiler.scala:91)
[error] 	at sbt.internal.inc.MixedAnalyzingCompiler.$anonfun$compile$7(MixedAnalyzingCompiler.scala:193)
[error] 	at scala.runtime.java8.JFunction0$mcV$sp.apply(JFunction0$mcV$sp.java:23)
[error] 	at sbt.internal.inc.MixedAnalyzingCompiler.timed(MixedAnalyzingCompiler.scala:248)
[error] 	at sbt.internal.inc.MixedAnalyzingCompiler.$anonfun$compile$4(MixedAnalyzingCompiler.scala:183)
[error] 	at sbt.internal.inc.MixedAnalyzingCompiler.$anonfun$compile$4$adapted(MixedAnalyzingCompiler.scala:163)
[error] 	at sbt.internal.inc.JarUtils$.withPreviousJar(JarUtils.scala:239)
[error] 	at sbt.internal.inc.MixedAnalyzingCompiler.compileScala$1(MixedAnalyzingCompiler.scala:163)
[error] 	at sbt.internal.inc.MixedAnalyzingCompiler.compile(MixedAnalyzingCompiler.scala:211)
[error] 	at sbt.internal.inc.IncrementalCompilerImpl.$anonfun$compileInternal$1(IncrementalCompilerImpl.scala:534)
[error] 	at sbt.internal.inc.IncrementalCompilerImpl.$anonfun$compileInternal$1$adapted(IncrementalCompilerImpl.scala:534)
[error] 	at sbt.internal.inc.Incremental$.$anonfun$apply$5(Incremental.scala:179)
[error] 	at sbt.internal.inc.Incremental$.$anonfun$apply$5$adapted(Incremental.scala:177)
[error] 	at sbt.internal.inc.Incremental$$anon$2.run(Incremental.scala:463)
[error] 	at sbt.internal.inc.IncrementalCommon$CycleState.next(IncrementalCommon.scala:116)
[error] 	at sbt.internal.inc.IncrementalCommon$$anon$1.next(IncrementalCommon.scala:56)
[error] 	at sbt.internal.inc.IncrementalCommon$$anon$1.next(IncrementalCommon.scala:52)
[error] 	at sbt.internal.inc.IncrementalCommon.cycle(IncrementalCommon.scala:263)
[error] 	at sbt.internal.inc.Incremental$.$anonfun$incrementalCompile$8(Incremental.scala:418)
[error] 	at sbt.internal.inc.Incremental$.withClassfileManager(Incremental.scala:506)
[error] 	at sbt.internal.inc.Incremental$.incrementalCompile(Incremental.scala:405)
[error] 	at sbt.internal.inc.Incremental$.apply(Incremental.scala:171)
[error] 	at sbt.internal.inc.IncrementalCompilerImpl.compileInternal(IncrementalCompilerImpl.scala:534)
[error] 	at sbt.internal.inc.IncrementalCompilerImpl.$anonfun$compileIncrementally$1(IncrementalCompilerImpl.scala:488)
[error] 	at sbt.internal.inc.IncrementalCompilerImpl.handleCompilationError(IncrementalCompilerImpl.scala:332)
[error] 	at sbt.internal.inc.IncrementalCompilerImpl.compileIncrementally(IncrementalCompilerImpl.scala:425)
[error] 	at sbt.internal.inc.IncrementalCompilerImpl.compile(IncrementalCompilerImpl.scala:137)
[error] 	at sbt.Defaults$.compileIncrementalTaskImpl(Defaults.scala:2363)
[error] 	at sbt.Defaults$.$anonfun$compileIncrementalTask$2(Defaults.scala:2313)
[error] 	at sbt.internal.server.BspCompileTask$.$anonfun$compute$1(BspCompileTask.scala:30)
[error] 	at sbt.internal.io.Retry$.apply(Retry.scala:46)
[error] 	at sbt.internal.io.Retry$.apply(Retry.scala:28)
[error] 	at sbt.internal.io.Retry$.apply(Retry.scala:23)
[error] 	at sbt.internal.server.BspCompileTask$.compute(BspCompileTask.scala:30)
[error] 	at sbt.Defaults$.$anonfun$compileIncrementalTask$1(Defaults.scala:2311)
[error] 	at scala.Function1.$anonfun$compose$1(Function1.scala:49)
[error] 	at sbt.internal.util.$tilde$greater.$anonfun$$u2219$1(TypeFunctions.scala:62)
[error] 	at sbt.std.Transform$$anon$4.work(Transform.scala:68)
[error] 	at sbt.Execute.$anonfun$submit$2(Execute.scala:282)
[error] 	at sbt.internal.util.ErrorHandling$.wideConvert(ErrorHandling.scala:23)
[error] 	at sbt.Execute.work(Execute.scala:291)
[error] 	at sbt.Execute.$anonfun$submit$1(Execute.scala:282)
[error] 	at sbt.ConcurrentRestrictions$$anon$4.$anonfun$submitValid$1(ConcurrentRestrictions.scala:265)
[error] 	at sbt.CompletionService$$anon$2.call(CompletionService.scala:64)
[error] 	at java.base/java.util.concurrent.FutureTask.run(Unknown Source)
[error] 	at java.base/java.util.concurrent.Executors$RunnableAdapter.call(Unknown Source)
[error] 	at java.base/java.util.concurrent.FutureTask.run(Unknown Source)
[error] 	at java.base/java.util.concurrent.ThreadPoolExecutor.runWorker(Unknown Source)
[error] 	at java.base/java.util.concurrent.ThreadPoolExecutor$Worker.run(Unknown Source)
[error] 	at java.base/java.lang.Thread.run(Unknown Source)
[error] (core / Compile / compileIncremental) java.lang.AssertionError: assertion failed
[error] Total time: 9 s, completed Jun 21, 2023, 8:24:57 PM
[32m[FAILURE betterfiles][0m
[32m[betterfiles DONE RUNNING][0m
[error] Test dotty.communitybuild.CommunityBuildTestC.betterfiles failed: java.lang.AssertionError: 
[error] 
[error] sbt exited with an error code. To reproduce without JUnit, use:
[error] 
[error]     sbt community-build/prepareCommunityBuild
[error]     cd community-build/community-projects/betterfiles
[error]     sbt -sbt-version 1.8.0 -Dsbt.supershell=false -Ddotty.communitybuild.dir=/Users/y3536zha/Desktop/scala_flexible/scala_flexible_type_with_test_script/community-build --addPluginSbtFile=/Users/y3536zha/Desktop/scala_flexible/scala_flexible_type_with_test_script/community-build/sbt-injected-plugins "set Global/testOptions += Tests.Argument(TestFramework("munit.Framework"), "+l"); clean; set Global/logLevel := Level.Error; set Global/updateOptions ~= (_.withLatestSnapshots(false)); set Global/scalacOptions ++= List("-Xcheck-macros","-Ysafe-init","-Yexplicit-nulls","-Yflexible-types");++3.3.1-RC1-bin-SNAPSHOT!; dotty-community-build/compile"
[error] 
[error] For a faster feedback loop on SBT projects, one can try to extract a direct call to dotc
[error] using the sbt export command. For instance, for scalacheck, use
[error]     sbt export jvm/test:compileIncremental
[error] 
[error] , took 119.093 sec
[error]     at dotty.communitybuild.CommunityBuildTest$package$testRunner$.failWith(CommunityBuildTest.scala:15)
[error]     at dotty.communitybuild.CommunityBuildRunner.runProject(CommunityBuildRunner.scala:93)
[error]     at dotty.communitybuild.CommunityBuildRunner.runProject$(CommunityBuildRunner.scala:33)
[error]     at dotty.communitybuild.CommunityBuildTest$package$testRunner$.runProject(CommunityBuildTest.scala:14)
[error]     at dotty.communitybuild.CommunityBuildRunner$.run(CommunityBuildRunner.scala:28)
[error]     at dotty.communitybuild.CommunityBuildTestC.betterfiles(CommunityBuildTest.scala:62)
[error]     at jdk.internal.reflect.NativeMethodAccessorImpl.invoke0(Native Method)
[error]     at jdk.internal.reflect.NativeMethodAccessorImpl.invoke(Unknown Source)
[error]     at jdk.internal.reflect.DelegatingMethodAccessorImpl.invoke(Unknown Source)
[error]     at java.lang.reflect.Method.invoke(Unknown Source)
[error]     ...
[info] Test run dotty.communitybuild.CommunityBuildTestC finished: 1 failed, 0 ignored, 1 total, 119.101s
********************************************************************************
Failed projects:
 - dotty.communitybuild.CommunityBuildTestC.betterfiles
********************************************************************************
[info] Test run dotty.communitybuild.CommunityBuildTestB started
[info] Test run dotty.communitybuild.CommunityBuildTestB finished: 0 failed, 0 ignored, 0 total, 0.0s
[error] Failed: Total 1, Failed 1, Errors 0, Passed 0
[error] Failed tests:
[error] 	dotty.communitybuild.CommunityBuildTestC
[error] (community-build / Test / testOnly) sbt.TestsFailedException: Tests unsuccessful
[error] Total time: 156 s (02:36), completed Jun 21, 2023, 8:24:58 PM
