[info] welcome to sbt 1.8.0 (Oracle Corporation Java 9.0.4)
[info] loading global plugins from /Users/y3536zha/.sbt/1.0/plugins
[info] loading settings for project scala_flexible_type_with_test_script-build-build from build.sbt ...
[info] loading project definition from /Users/y3536zha/Desktop/scala_flexible/scala_flexible_type_with_test_script/project/project
[info] loading settings for project scala_flexible_type_with_test_script-build from build.sbt,plugins.sbt ...
[info] loading project definition from /Users/y3536zha/Desktop/scala_flexible/scala_flexible_type_with_test_script/project
[info] loading settings for project scala3 from build.sbt ...
[info] resolving key references (31394 settings) ...
[info] set current project to scala3 (in build file:/Users/y3536zha/Desktop/scala_flexible/scala_flexible_type_with_test_script/)
SLF4J: No SLF4J providers were found.
SLF4J: Defaulting to no-operation (NOP) logger implementation
SLF4J: See https://www.slf4j.org/codes.html#noProviders for further details.
SLF4J: Class path contains SLF4J bindings targeting slf4j-api versions 1.7.x or earlier.
SLF4J: Ignoring binding found at [jar:file:/Users/y3536zha/.sbt/boot/scala-2.12.17/org.scala-sbt/sbt/1.8.0/log4j-slf4j-impl-2.17.1.jar!/org/slf4j/impl/StaticLoggerBinder.class]
SLF4J: See https://www.slf4j.org/codes.html#ignoredBindings for an explanation.
[info] Wrote /Users/y3536zha/Desktop/scala_flexible/scala_flexible_type_with_test_script/interfaces/target/scala3-interfaces-3.3.1-RC1-bin-SNAPSHOT.pom
[info] Wrote /Users/y3536zha/Desktop/scala_flexible/scala_flexible_type_with_test_script/tasty/../out/bootstrap/tasty-core-bootstrapped/scala-3.3.1-RC1-bin-SNAPSHOT-nonbootstrapped/tasty-core_3-3.3.1-RC1-bin-SNAPSHOT.pom
[info] Wrote /Users/y3536zha/Desktop/scala_flexible/scala_flexible_type_with_test_script/library/../out/bootstrap/scala3-library-bootstrapped/scala-3.3.1-RC1-bin-SNAPSHOT-nonbootstrapped/scala3-library_3-3.3.1-RC1-bin-SNAPSHOT.pom
[info] Wrote /Users/y3536zha/Desktop/scala_flexible/scala_flexible_type_with_test_script/library-js/../out/bootstrap/scala3-library-bootstrappedJS/scala-3.3.1-RC1-bin-SNAPSHOT-nonbootstrapped/scala3-library_sjs1_3-3.3.1-RC1-bin-SNAPSHOT.pom
[info] Wrote /Users/y3536zha/Desktop/scala_flexible/scala_flexible_type_with_test_script/sbt-bridge/src/target/scala3-sbt-bridge-3.3.1-RC1-bin-SNAPSHOT.pom
[info] Wrote /Users/y3536zha/Desktop/scala_flexible/scala_flexible_type_with_test_script/tasty-inspector/../out/bootstrap/scala3-tasty-inspector/scala-3.3.1-RC1-bin-SNAPSHOT-nonbootstrapped/scala3-tasty-inspector_3-3.3.1-RC1-bin-SNAPSHOT.pom
[info] Wrote /Users/y3536zha/Desktop/scala_flexible/scala_flexible_type_with_test_script/compiler/../out/bootstrap/scala3-compiler-bootstrapped/scala-3.3.1-RC1-bin-SNAPSHOT-nonbootstrapped/scala3-compiler_3-3.3.1-RC1-bin-SNAPSHOT.pom
[info] Wrote /Users/y3536zha/Desktop/scala_flexible/scala_flexible_type_with_test_script/sbt-community-build/target/scala-2.12/sbt-1.0/sbt-community-build-0.1.0-SNAPSHOT.pom
[info] Wrote /Users/y3536zha/Desktop/scala_flexible/scala_flexible_type_with_test_script/scaladoc/../out/bootstrap/scaladoc/scala-3.3.1-RC1-bin-SNAPSHOT-nonbootstrapped/scaladoc_3-3.3.1-RC1-bin-SNAPSHOT.pom
[info] :: delivering :: ch.epfl.lamp#sbt-community-build;0.1.0-SNAPSHOT :: 0.1.0-SNAPSHOT :: integration :: Wed Jun 21 21:08:38 EDT 2023
[info] 	delivering ivy file to /Users/y3536zha/Desktop/scala_flexible/scala_flexible_type_with_test_script/sbt-community-build/target/scala-2.12/sbt-1.0/ivy-0.1.0-SNAPSHOT.xml
[info] 	published sbt-community-build to /Users/y3536zha/.ivy2/local/ch.epfl.lamp/sbt-community-build/scala_2.12/sbt_1.0/0.1.0-SNAPSHOT/poms/sbt-community-build.pom
[info] 	published sbt-community-build to /Users/y3536zha/.ivy2/local/ch.epfl.lamp/sbt-community-build/scala_2.12/sbt_1.0/0.1.0-SNAPSHOT/jars/sbt-community-build.jar
[info] 	published sbt-community-build to /Users/y3536zha/.ivy2/local/ch.epfl.lamp/sbt-community-build/scala_2.12/sbt_1.0/0.1.0-SNAPSHOT/srcs/sbt-community-build-sources.jar
[info] 	published sbt-community-build to /Users/y3536zha/.ivy2/local/ch.epfl.lamp/sbt-community-build/scala_2.12/sbt_1.0/0.1.0-SNAPSHOT/docs/sbt-community-build-javadoc.jar
[info] 	published ivy to /Users/y3536zha/.ivy2/local/ch.epfl.lamp/sbt-community-build/scala_2.12/sbt_1.0/0.1.0-SNAPSHOT/ivys/ivy.xml
[info] :: delivering :: org.scala-lang#scala3-interfaces;3.3.1-RC1-bin-SNAPSHOT :: 3.3.1-RC1-bin-SNAPSHOT :: integration :: Wed Jun 21 21:08:38 EDT 2023
[info] 	delivering ivy file to /Users/y3536zha/Desktop/scala_flexible/scala_flexible_type_with_test_script/interfaces/target/ivy-3.3.1-RC1-bin-SNAPSHOT.xml
[info] 	published scala3-interfaces to /Users/y3536zha/.ivy2/local/org.scala-lang/scala3-interfaces/3.3.1-RC1-bin-SNAPSHOT/poms/scala3-interfaces.pom
[info] 	published scala3-interfaces to /Users/y3536zha/.ivy2/local/org.scala-lang/scala3-interfaces/3.3.1-RC1-bin-SNAPSHOT/jars/scala3-interfaces.jar
[info] 	published scala3-interfaces to /Users/y3536zha/.ivy2/local/org.scala-lang/scala3-interfaces/3.3.1-RC1-bin-SNAPSHOT/srcs/scala3-interfaces-sources.jar
[info] 	published scala3-interfaces to /Users/y3536zha/.ivy2/local/org.scala-lang/scala3-interfaces/3.3.1-RC1-bin-SNAPSHOT/docs/scala3-interfaces-javadoc.jar
[info] 	published ivy to /Users/y3536zha/.ivy2/local/org.scala-lang/scala3-interfaces/3.3.1-RC1-bin-SNAPSHOT/ivys/ivy.xml
[info] :: delivering :: org.scala-lang#scala3-sbt-bridge;3.3.1-RC1-bin-SNAPSHOT :: 3.3.1-RC1-bin-SNAPSHOT :: integration :: Wed Jun 21 21:08:39 EDT 2023
[info] 	delivering ivy file to /Users/y3536zha/Desktop/scala_flexible/scala_flexible_type_with_test_script/sbt-bridge/src/target/ivy-3.3.1-RC1-bin-SNAPSHOT.xml
[info] 	published scala3-sbt-bridge to /Users/y3536zha/.ivy2/local/org.scala-lang/scala3-sbt-bridge/3.3.1-RC1-bin-SNAPSHOT/poms/scala3-sbt-bridge.pom
[info] 	published scala3-sbt-bridge to /Users/y3536zha/.ivy2/local/org.scala-lang/scala3-sbt-bridge/3.3.1-RC1-bin-SNAPSHOT/jars/scala3-sbt-bridge.jar
[info] 	published scala3-sbt-bridge to /Users/y3536zha/.ivy2/local/org.scala-lang/scala3-sbt-bridge/3.3.1-RC1-bin-SNAPSHOT/srcs/scala3-sbt-bridge-sources.jar
[info] 	published scala3-sbt-bridge to /Users/y3536zha/.ivy2/local/org.scala-lang/scala3-sbt-bridge/3.3.1-RC1-bin-SNAPSHOT/docs/scala3-sbt-bridge-javadoc.jar
[info] 	published ivy to /Users/y3536zha/.ivy2/local/org.scala-lang/scala3-sbt-bridge/3.3.1-RC1-bin-SNAPSHOT/ivys/ivy.xml
[info] :: delivering :: org.scala-lang#tasty-core_3;3.3.1-RC1-bin-SNAPSHOT :: 3.3.1-RC1-bin-SNAPSHOT :: integration :: Wed Jun 21 21:08:43 EDT 2023
[info] 	delivering ivy file to /Users/y3536zha/Desktop/scala_flexible/scala_flexible_type_with_test_script/out/bootstrap/tasty-core-bootstrapped/scala-3.3.1-RC1-bin-SNAPSHOT-nonbootstrapped/ivy-3.3.1-RC1-bin-SNAPSHOT.xml
[info] 	published tasty-core_3 to /Users/y3536zha/.ivy2/local/org.scala-lang/tasty-core_3/3.3.1-RC1-bin-SNAPSHOT/poms/tasty-core_3.pom
[info] 	published tasty-core_3 to /Users/y3536zha/.ivy2/local/org.scala-lang/tasty-core_3/3.3.1-RC1-bin-SNAPSHOT/jars/tasty-core_3.jar
[info] 	published tasty-core_3 to /Users/y3536zha/.ivy2/local/org.scala-lang/tasty-core_3/3.3.1-RC1-bin-SNAPSHOT/srcs/tasty-core_3-sources.jar
[info] 	published tasty-core_3 to /Users/y3536zha/.ivy2/local/org.scala-lang/tasty-core_3/3.3.1-RC1-bin-SNAPSHOT/docs/tasty-core_3-javadoc.jar
[info] 	published ivy to /Users/y3536zha/.ivy2/local/org.scala-lang/tasty-core_3/3.3.1-RC1-bin-SNAPSHOT/ivys/ivy.xml
[info] Main Scala API documentation to /Users/y3536zha/Desktop/scala_flexible/scala_flexible_type_with_test_script/library/../out/bootstrap/scala3-library-bootstrapped/scala-3.3.1-RC1-bin-SNAPSHOT-nonbootstrapped/api...
[info] Main Scala API documentation to /Users/y3536zha/Desktop/scala_flexible/scala_flexible_type_with_test_script/library-js/../out/bootstrap/scala3-library-bootstrappedJS/scala-3.3.1-RC1-bin-SNAPSHOT-nonbootstrapped/api...
[info] :: delivering :: org.scala-lang#scala3-tasty-inspector_3;3.3.1-RC1-bin-SNAPSHOT :: 3.3.1-RC1-bin-SNAPSHOT :: integration :: Wed Jun 21 21:08:43 EDT 2023
[info] 	delivering ivy file to /Users/y3536zha/Desktop/scala_flexible/scala_flexible_type_with_test_script/out/bootstrap/scala3-tasty-inspector/scala-3.3.1-RC1-bin-SNAPSHOT-nonbootstrapped/ivy-3.3.1-RC1-bin-SNAPSHOT.xml
[info] 	published scala3-tasty-inspector_3 to /Users/y3536zha/.ivy2/local/org.scala-lang/scala3-tasty-inspector_3/3.3.1-RC1-bin-SNAPSHOT/poms/scala3-tasty-inspector_3.pom
[info] 	published scala3-tasty-inspector_3 to /Users/y3536zha/.ivy2/local/org.scala-lang/scala3-tasty-inspector_3/3.3.1-RC1-bin-SNAPSHOT/jars/scala3-tasty-inspector_3.jar
[info] 	published scala3-tasty-inspector_3 to /Users/y3536zha/.ivy2/local/org.scala-lang/scala3-tasty-inspector_3/3.3.1-RC1-bin-SNAPSHOT/srcs/scala3-tasty-inspector_3-sources.jar
[info] 	published scala3-tasty-inspector_3 to /Users/y3536zha/.ivy2/local/org.scala-lang/scala3-tasty-inspector_3/3.3.1-RC1-bin-SNAPSHOT/docs/scala3-tasty-inspector_3-javadoc.jar
[info] 	published ivy to /Users/y3536zha/.ivy2/local/org.scala-lang/scala3-tasty-inspector_3/3.3.1-RC1-bin-SNAPSHOT/ivys/ivy.xml
[info] :: delivering :: org.scala-lang#scaladoc_3;3.3.1-RC1-bin-SNAPSHOT :: 3.3.1-RC1-bin-SNAPSHOT :: integration :: Wed Jun 21 21:08:43 EDT 2023
[info] 	delivering ivy file to /Users/y3536zha/Desktop/scala_flexible/scala_flexible_type_with_test_script/out/bootstrap/scaladoc/scala-3.3.1-RC1-bin-SNAPSHOT-nonbootstrapped/ivy-3.3.1-RC1-bin-SNAPSHOT.xml
[info] 	published scaladoc_3 to /Users/y3536zha/.ivy2/local/org.scala-lang/scaladoc_3/3.3.1-RC1-bin-SNAPSHOT/poms/scaladoc_3.pom
[info] 	published scaladoc_3 to /Users/y3536zha/.ivy2/local/org.scala-lang/scaladoc_3/3.3.1-RC1-bin-SNAPSHOT/jars/scaladoc_3.jar
[info] 	published scaladoc_3 to /Users/y3536zha/.ivy2/local/org.scala-lang/scaladoc_3/3.3.1-RC1-bin-SNAPSHOT/srcs/scaladoc_3-sources.jar
[info] 	published scaladoc_3 to /Users/y3536zha/.ivy2/local/org.scala-lang/scaladoc_3/3.3.1-RC1-bin-SNAPSHOT/docs/scaladoc_3-javadoc.jar
[info] 	published ivy to /Users/y3536zha/.ivy2/local/org.scala-lang/scaladoc_3/3.3.1-RC1-bin-SNAPSHOT/ivys/ivy.xml
[warn] bad option '-project-version 3.3.1-RC1-bin-SNAPSHOT' was ignored
[warn] Setting -skip-by-regex set to .+\.internal($|\..+) redundantly
[warn] Setting -skip-by-regex set to .+\.internal($|\..+) redundantly
[warn] Setting -skip-by-regex set to .+\.impl($|\..+) redundantly
[warn] Setting -skip-by-id set to scala.runtime.stdLibPatches redundantly
[warn] Setting -skip-by-id set to scala.runtime.MatchCase redundantly
[warn] bad option '-project-logo docs/_assets/images/logo.svg' was ignored
[warn] Setting -social-links set to github::https://github.com/lampepfl/dotty redundantly
[warn] Setting -social-links set to discord::https://discord.com/invite/scala redundantly
[warn] Setting -social-links set to twitter::https://twitter.com/scala_lang redundantly
[warn] Setting -skip-by-regex set to .+\.impl($|\..+) redundantly
[warn] bad option '-project-footer "Copyright (c) 2002-2023, LAMP/EPFL"' was ignored
[warn] Flag -project-logo set repeatedly
[warn] bad option '-default-template static-site-main' was ignored
[warn] Setting -social-links set to github::https://github.com/lampepfl/dotty redundantly
[warn] Flag -author set repeatedly
[warn] Flag -groups set repeatedly
[warn] Setting -social-links set to discord::https://discord.com/invite/scala redundantly
[warn] Setting -social-links set to twitter::https://twitter.com/scala_lang redundantly
[warn] Setting -skip-by-id set to scala.runtime.stdLibPatches redundantly
[warn] Setting -skip-by-id set to scala.runtime.MatchCase redundantly
[warn] Flag -project-footer set repeatedly
[warn] Flag -author set repeatedly
[warn] Flag -groups set repeatedly
[warn] Flag -default-template set repeatedly
[warn] Setting -external-mappings set to .*scala/.*::scaladoc3::https://dotty.epfl.ch/api/ redundantly
[warn] Setting -external-mappings set to .*java/.*::javadoc::https://docs.oracle.com/javase/8/docs/api/ redundantly
[warn] bad option '-project-version 3.3.1-RC1-bin-SNAPSHOT' was ignored
[warn] Setting -skip-by-regex set to .+\.internal($|\..+) redundantly
[warn] Setting -skip-by-regex set to .+\.impl($|\..+) redundantly
[warn] Setting -skip-by-id set to scala.runtime.stdLibPatches redundantly
[warn] Setting -skip-by-id set to scala.runtime.MatchCase redundantly
[warn] bad option '-project-logo docs/_assets/images/logo.svg' was ignored
[warn] Setting -social-links set to github::https://github.com/lampepfl/dotty redundantly
[warn] Setting -social-links set to discord::https://discord.com/invite/scala redundantly
[warn] Setting -social-links set to twitter::https://twitter.com/scala_lang redundantly
[warn] bad option '-project-footer "Copyright (c) 2002-2023, LAMP/EPFL"' was ignored
[warn] bad option '-default-template static-site-main' was ignored
[warn] Flag -author set repeatedly
[warn] Flag -groups set repeatedly
[info] Skipping unused scalacOptions: -Werror, -Yno-experimental, -Yexplicit-nulls
[info] Skipping unused scalacOptions: -Werror, -Yno-experimental, -Yexplicit-nulls
[info] :: delivering :: org.scala-lang#scala3-compiler_3;3.3.1-RC1-bin-SNAPSHOT :: 3.3.1-RC1-bin-SNAPSHOT :: integration :: Wed Jun 21 21:08:45 EDT 2023
[info] 	delivering ivy file to /Users/y3536zha/Desktop/scala_flexible/scala_flexible_type_with_test_script/out/bootstrap/scala3-compiler-bootstrapped/scala-3.3.1-RC1-bin-SNAPSHOT-nonbootstrapped/ivy-3.3.1-RC1-bin-SNAPSHOT.xml
[info] 	published scala3-compiler_3 to /Users/y3536zha/.ivy2/local/org.scala-lang/scala3-compiler_3/3.3.1-RC1-bin-SNAPSHOT/poms/scala3-compiler_3.pom
[info] 	published scala3-compiler_3 to /Users/y3536zha/.ivy2/local/org.scala-lang/scala3-compiler_3/3.3.1-RC1-bin-SNAPSHOT/jars/scala3-compiler_3.jar
[info] 	published scala3-compiler_3 to /Users/y3536zha/.ivy2/local/org.scala-lang/scala3-compiler_3/3.3.1-RC1-bin-SNAPSHOT/srcs/scala3-compiler_3-sources.jar
[info] 	published scala3-compiler_3 to /Users/y3536zha/.ivy2/local/org.scala-lang/scala3-compiler_3/3.3.1-RC1-bin-SNAPSHOT/docs/scala3-compiler_3-javadoc.jar
[info] 	published ivy to /Users/y3536zha/.ivy2/local/org.scala-lang/scala3-compiler_3/3.3.1-RC1-bin-SNAPSHOT/ivys/ivy.xml
[warn] -- Warning: library/src/scala/util/FromDigits.scala:21:6 -----------------------
[warn] -- Warning: library/src/scala/util/FromDigits.scala:21:6 -----------------------
[warn] 21 |  def fromDigits(digits: String): T
[warn] 21 |  def fromDigits(digits: String): T
[warn]    |      ^
[warn]    |      ^
[warn]    |      No DRI found for query: MalformedNumber
[warn]    |      No DRI found for query: MalformedNumber
[error] -- [E069] Naming Error: /Users/y3536zha/Desktop/scala_flexible/scala_flexible_type_with_test_script/library/src/scala/IArray.scala:13:7 
[error] 13 |object IArray:
[error] -- [E069] Naming Error: /Users/y3536zha/Desktop/scala_flexible/scala_flexible_type_with_test_script/library/src/scala/IArray.scala:13:7 
[error]    |       ^
[error] 13 |object IArray:
[error]    |       ^
[error]    |object IArray cannot have the same name as object IArray in package scala -- cannot define object member with the same name as a object member in self reference _.
[error]    |(Note: this can be resolved by using another name)
[error]    |object IArray cannot have the same name as object IArray in package scala -- cannot define object member with the same name as a object member in self reference _.
[error]    |(Note: this can be resolved by using another name)
[warn] 28 warnings found
[error] one error found
[warn] 14 warnings found
[error] one error found
[info] :: delivering :: org.scala-lang#scala3-library_3;3.3.1-RC1-bin-SNAPSHOT :: 3.3.1-RC1-bin-SNAPSHOT :: integration :: Wed Jun 21 21:09:06 EDT 2023
[info] 	delivering ivy file to /Users/y3536zha/Desktop/scala_flexible/scala_flexible_type_with_test_script/out/bootstrap/scala3-library-bootstrapped/scala-3.3.1-RC1-bin-SNAPSHOT-nonbootstrapped/ivy-3.3.1-RC1-bin-SNAPSHOT.xml
[info] 	published scala3-library_3 to /Users/y3536zha/.ivy2/local/org.scala-lang/scala3-library_3/3.3.1-RC1-bin-SNAPSHOT/poms/scala3-library_3.pom
[info] 	published scala3-library_3 to /Users/y3536zha/.ivy2/local/org.scala-lang/scala3-library_3/3.3.1-RC1-bin-SNAPSHOT/jars/scala3-library_3.jar
[info] 	published scala3-library_3 to /Users/y3536zha/.ivy2/local/org.scala-lang/scala3-library_3/3.3.1-RC1-bin-SNAPSHOT/srcs/scala3-library_3-sources.jar
[info] 	published scala3-library_3 to /Users/y3536zha/.ivy2/local/org.scala-lang/scala3-library_3/3.3.1-RC1-bin-SNAPSHOT/docs/scala3-library_3-javadoc.jar
[info] 	published ivy to /Users/y3536zha/.ivy2/local/org.scala-lang/scala3-library_3/3.3.1-RC1-bin-SNAPSHOT/ivys/ivy.xml
[info] :: delivering :: org.scala-lang#scala3-library_sjs1_3;3.3.1-RC1-bin-SNAPSHOT :: 3.3.1-RC1-bin-SNAPSHOT :: integration :: Wed Jun 21 21:09:06 EDT 2023
[info] 	delivering ivy file to /Users/y3536zha/Desktop/scala_flexible/scala_flexible_type_with_test_script/out/bootstrap/scala3-library-bootstrappedJS/scala-3.3.1-RC1-bin-SNAPSHOT-nonbootstrapped/ivy-3.3.1-RC1-bin-SNAPSHOT.xml
[info] 	published scala3-library_sjs1_3 to /Users/y3536zha/.ivy2/local/org.scala-lang/scala3-library_sjs1_3/3.3.1-RC1-bin-SNAPSHOT/poms/scala3-library_sjs1_3.pom
[info] 	published scala3-library_sjs1_3 to /Users/y3536zha/.ivy2/local/org.scala-lang/scala3-library_sjs1_3/3.3.1-RC1-bin-SNAPSHOT/jars/scala3-library_sjs1_3.jar
[info] 	published scala3-library_sjs1_3 to /Users/y3536zha/.ivy2/local/org.scala-lang/scala3-library_sjs1_3/3.3.1-RC1-bin-SNAPSHOT/srcs/scala3-library_sjs1_3-sources.jar
[info] 	published scala3-library_sjs1_3 to /Users/y3536zha/.ivy2/local/org.scala-lang/scala3-library_sjs1_3/3.3.1-RC1-bin-SNAPSHOT/docs/scala3-library_sjs1_3-javadoc.jar
[info] 	published ivy to /Users/y3536zha/.ivy2/local/org.scala-lang/scala3-library_sjs1_3/3.3.1-RC1-bin-SNAPSHOT/ivys/ivy.xml
[info] Test run dotty.communitybuild.CommunityBuildTestA started
[info] Test run dotty.communitybuild.CommunityBuildTestA finished: 0 failed, 0 ignored, 0 total, 0.001s
[info] Test run dotty.communitybuild.CommunityBuildTestC started
[info] Test dotty.communitybuild.CommunityBuildTestC.scalap started
[32m[STARTING scalap][0m
[32m[DEPENDENCIES DONE, NOW ACTUALLY RUNNING scalap][0m
[32mBuilding scalap with dotty-bootstrapped 3.3.1-RC1-bin-SNAPSHOT...[0m
[32msbt -sbt-version 1.8.0 -Dsbt.supershell=false -Ddotty.communitybuild.dir=/Users/y3536zha/Desktop/scala_flexible/scala_flexible_type_with_test_script/community-build --addPluginSbtFile=/Users/y3536zha/Desktop/scala_flexible/scala_flexible_type_with_test_script/community-build/sbt-injected-plugins set Global/testOptions += Tests.Argument(TestFramework("munit.Framework"), "+l"); clean; set Global/logLevel := Level.Error; set Global/updateOptions ~= (_.withLatestSnapshots(false)); set Global/scalacOptions ++= List("-Xcheck-macros","-Ysafe-init","-Yexplicit-nulls","-Yflexible-types");++3.3.1-RC1-bin-SNAPSHOT!; scalap/compile[0m
[info] welcome to sbt 1.8.0 (Oracle Corporation Java 9.0.4)
[info] loading global plugins from /Users/y3536zha/.sbt/1.0/plugins
[info] loading settings for project scalap-build from sbt-injected-plugins ...
[info] loading project definition from /Users/y3536zha/Desktop/scala_flexible/scala_flexible_type_with_test_script/community-build/community-projects/scalap/project
[info] loading settings for project default-cc1e54 from build.sbt ...
[info] set current project to default-cc1e54 (in build file:/Users/y3536zha/Desktop/scala_flexible/scala_flexible_type_with_test_script/community-build/community-projects/scalap/)
[info] Defining Global / testOptions
[info] The new value will be used by Test / test / testOptions, Test / testOnly / testOptions and 3 others.
[info] 	Run `last` for details.
[info] Reapplying settings...
[info] set current project to default-cc1e54 (in build file:/Users/y3536zha/Desktop/scala_flexible/scala_flexible_type_with_test_script/community-build/community-projects/scalap/)
[warn] Binary version (2.13) for dependency org.scala-lang#scala-compiler;2.13.0
[warn] 	in scalap#scalap_2.12;0.1.0-SNAPSHOT differs from Scala binary version in project (2.12).
[success] Total time: 0 s, completed Jun 21, 2023, 9:09:18 PM
[info] Defining Global / logLevel
[info] The new value will be used by Test / test / testListeners, Test / testOnly / testListeners and 13 others.
[info] 	Run `last` for details.
[info] Reapplying settings...
[info] set current project to default-cc1e54 (in build file:/Users/y3536zha/Desktop/scala_flexible/scala_flexible_type_with_test_script/community-build/community-projects/scalap/)
[info] Defining Global / updateOptions
[info] The new value will be used by dependencyTreeIgnoreMissingUpdate / updateOptions, ivyConfiguration and 3 others.
[info] 	Run `last` for details.
[info] Reapplying settings...
[info] set current project to default-cc1e54 (in build file:/Users/y3536zha/Desktop/scala_flexible/scala_flexible_type_with_test_script/community-build/community-projects/scalap/)
[info] Defining Global / scalacOptions
[info] The new value will be used by Compile / scalacOptions, scalap / scalacOptions
[info] Reapplying settings...
[info] set current project to default-cc1e54 (in build file:/Users/y3536zha/Desktop/scala_flexible/scala_flexible_type_with_test_script/community-build/community-projects/scalap/)
[info] Forcing Scala version to 3.3.1-RC1-bin-SNAPSHOT on all projects.
[info] Reapplying settings...
[info] Loading dependency tracking file /Users/y3536zha/Desktop/scala_flexible/scala_flexible_type_with_test_script/community-build/dotty-community-build-deps
[info] Dependency tracking file /Users/y3536zha/Desktop/scala_flexible/scala_flexible_type_with_test_script/community-build/dotty-community-build-deps does not exist
[info] set current project to default-cc1e54 (in build file:/Users/y3536zha/Desktop/scala_flexible/scala_flexible_type_with_test_script/community-build/community-projects/scalap/)
[error] -- [E172] Type Error: /Users/y3536zha/Desktop/scala_flexible/scala_flexible_type_with_test_script/community-build/community-projects/scalap/src/scalap/scala/tools/scalap/Arguments.scala:65:10 
[error] 65 |      if (args != null) {
[error]    |          ^^^^^^^^^^^^
[error]    | Values of types Array[String] and Null cannot be compared with == or !=
[error] -- [E172] Type Error: /Users/y3536zha/Desktop/scala_flexible/scala_flexible_type_with_test_script/community-build/community-projects/scalap/src/scalap/scala/tools/scalap/Arguments.scala:68:15 
[error] 68 |          if ((args(i) == null) || (args(i).length() == 0))
[error]    |               ^^^^^^^^^^^^^^^
[error]    |        Values of types String and Null cannot be compared with == or !=
[error] -- [E172] Type Error: /Users/y3536zha/Desktop/scala_flexible/scala_flexible_type_with_test_script/community-build/community-projects/scalap/src/scalap/scala/tools/scalap/Classfile.scala:126:47 
[error] 126 |      for ((x, i) <- entries.zipWithIndex ; if x != null) yield
[error]     |                                               ^^^^^^^^^
[error]     |Values of types Pool.this.PoolEntry and Null cannot be compared with == or !=
[error] -- [E172] Type Error: /Users/y3536zha/Desktop/scala_flexible/scala_flexible_type_with_test_script/community-build/community-projects/scalap/src/scalap/scala/tools/scalap/CodeWriter.scala:37:27 
[error] 37 |  def getIndentWidth = if (step == null) -1 else step.length()
[error]    |                           ^^^^^^^^^^^^
[error]    |        Values of types String and Null cannot be compared with == or !=
[error] -- [E172] Type Error: /Users/y3536zha/Desktop/scala_flexible/scala_flexible_type_with_test_script/community-build/community-projects/scalap/src/scalap/scala/tools/scalap/CodeWriter.scala:60:8 
[error] 60 |    if (step == null)
[error]    |        ^^^^^^^^^^^^
[error]    |        Values of types String and Null cannot be compared with == or !=
[error] -- [E007] Type Mismatch Error: /Users/y3536zha/Desktop/scala_flexible/scala_flexible_type_with_test_script/community-build/community-projects/scalap/src/scalap/scala/tools/scalap/scalax/rules/scalasig/ClassFileParser.scala:254:18 
[error] 254 |      buffer(i) = null
[error]     |                  ^^^^
[error]     |Found:    Null
[error]     |Required: scala.tools.scalap.scalax.rules.scalasig.ConstantPool => Any
[error]     |Note that implicit conversions were not tried because the result of an implicit conversion
[error]     |must be more specific than scala.tools.scalap.scalax.rules.scalasig.ConstantPool => Any
[error]     |
[error]     | longer explanation available when compiling with `-explain`
[error] -- [E008] Not Found Error: /Users/y3536zha/Desktop/scala_flexible/scala_flexible_type_with_test_script/community-build/community-projects/scalap/src/scalap/scala/tools/scalap/Decode.scala:58:32 
[error] 58 |      val _bytes    = bytesElem.elementValue match { case ConstValueIndex(x) => constantWrapped(x) }
[error]    |                      ^^^^^^^^^^^^^^^^^^^^^^
[error]    |value elementValue is not a member of scala.tools.scalap.scalax.rules.scalasig.ClassFileParser.AnnotationElement |
[error]    |  Null.
[error]    |Since explicit-nulls is enabled, the selection is rejected because
[error]    |scala.tools.scalap.scalax.rules.scalasig.ClassFileParser.AnnotationElement |
[error]    |  Null could be null at runtime.
[error]    |If you want to select elementValue without checking for a null value,
[error]    |insert a .nn before .elementValue or import scala.language.unsafeNulls.
[error] -- [E006] Not Found Error: /Users/y3536zha/Desktop/scala_flexible/scala_flexible_type_with_test_script/community-build/community-projects/scalap/src/scalap/scala/tools/scalap/Decode.scala:58:96 
[error] 58 |      val _bytes    = bytesElem.elementValue match { case ConstValueIndex(x) => constantWrapped(x) }
[error]    |                                                                                                ^
[error]    |                                                            Not found: x
[error]    |
[error]    | longer explanation available when compiling with `-explain`
[error] -- [E172] Type Error: /Users/y3536zha/Desktop/scala_flexible/scala_flexible_type_with_test_script/community-build/community-projects/scalap/src/scalap/scala/tools/scalap/JavaWriter.scala:162:10 
[error] 162 |      if (cf.pool(cf.superclass) != null)
[error]     |          ^^^^^^^^^^^^^^^^^^^^^^^^^^^^^^
[error]     |Values of types JavaWriter.this.cf.pool.PoolEntry and Null cannot be compared with == or !=
[error] -- [E172] Type Error: /Users/y3536zha/Desktop/scala_flexible/scala_flexible_type_with_test_script/community-build/community-projects/scalap/src/scalap/scala/tools/scalap/Main.scala:62:39 
[error] 62 |  def isPackageObjectFile(s: String) = s != null && (s.endsWith(".package") || s == "package")
[error]    |                                       ^^^^^^^^^
[error]    |        Values of types String and Null cannot be compared with == or !=
[error] 10 errors found
[error] (scalap / Compile / compileIncremental) Compilation failed
[error] Total time: 12 s, completed Jun 21, 2023, 9:09:31 PM
[32mRerunning tests in scalap because of a previous run failure.[0m
[32msbt -sbt-version 1.8.0 -Dsbt.supershell=false -Ddotty.communitybuild.dir=/Users/y3536zha/Desktop/scala_flexible/scala_flexible_type_with_test_script/community-build --addPluginSbtFile=/Users/y3536zha/Desktop/scala_flexible/scala_flexible_type_with_test_script/community-build/sbt-injected-plugins set Global/testOptions += Tests.Argument(TestFramework("munit.Framework"), "+l"); clean; set Global/logLevel := Level.Error; set Global/updateOptions ~= (_.withLatestSnapshots(false)); set Global/scalacOptions ++= List("-Xcheck-macros","-Ysafe-init","-Yexplicit-nulls","-Yflexible-types");++3.3.1-RC1-bin-SNAPSHOT!; scalap/compile[0m
[info] welcome to sbt 1.8.0 (Oracle Corporation Java 9.0.4)
[info] loading global plugins from /Users/y3536zha/.sbt/1.0/plugins
[info] loading settings for project scalap-build from sbt-injected-plugins ...
[info] loading project definition from /Users/y3536zha/Desktop/scala_flexible/scala_flexible_type_with_test_script/community-build/community-projects/scalap/project
[info] loading settings for project default-cc1e54 from build.sbt ...
[info] set current project to default-cc1e54 (in build file:/Users/y3536zha/Desktop/scala_flexible/scala_flexible_type_with_test_script/community-build/community-projects/scalap/)
[info] Defining Global / testOptions
[info] The new value will be used by Test / test / testOptions, Test / testOnly / testOptions and 3 others.
[info] 	Run `last` for details.
[info] Reapplying settings...
[info] set current project to default-cc1e54 (in build file:/Users/y3536zha/Desktop/scala_flexible/scala_flexible_type_with_test_script/community-build/community-projects/scalap/)
[warn] Binary version (2.13) for dependency org.scala-lang#scala-compiler;2.13.0
[warn] 	in scalap#scalap_2.12;0.1.0-SNAPSHOT differs from Scala binary version in project (2.12).
[success] Total time: 0 s, completed Jun 21, 2023, 9:09:45 PM
[info] Defining Global / logLevel
[info] The new value will be used by Test / test / testListeners, Test / testOnly / testListeners and 13 others.
[info] 	Run `last` for details.
[info] Reapplying settings...
[info] set current project to default-cc1e54 (in build file:/Users/y3536zha/Desktop/scala_flexible/scala_flexible_type_with_test_script/community-build/community-projects/scalap/)
[info] Defining Global / updateOptions
[info] The new value will be used by dependencyTreeIgnoreMissingUpdate / updateOptions, ivyConfiguration and 3 others.
[info] 	Run `last` for details.
[info] Reapplying settings...
[info] set current project to default-cc1e54 (in build file:/Users/y3536zha/Desktop/scala_flexible/scala_flexible_type_with_test_script/community-build/community-projects/scalap/)
[info] Defining Global / scalacOptions
[info] The new value will be used by Compile / scalacOptions, scalap / scalacOptions
[info] Reapplying settings...
[info] set current project to default-cc1e54 (in build file:/Users/y3536zha/Desktop/scala_flexible/scala_flexible_type_with_test_script/community-build/community-projects/scalap/)
[info] Forcing Scala version to 3.3.1-RC1-bin-SNAPSHOT on all projects.
[info] Reapplying settings...
[info] Loading dependency tracking file /Users/y3536zha/Desktop/scala_flexible/scala_flexible_type_with_test_script/community-build/dotty-community-build-deps
[info] Dependency tracking file /Users/y3536zha/Desktop/scala_flexible/scala_flexible_type_with_test_script/community-build/dotty-community-build-deps does not exist
[info] set current project to default-cc1e54 (in build file:/Users/y3536zha/Desktop/scala_flexible/scala_flexible_type_with_test_script/community-build/community-projects/scalap/)
[error] -- [E172] Type Error: /Users/y3536zha/Desktop/scala_flexible/scala_flexible_type_with_test_script/community-build/community-projects/scalap/src/scalap/scala/tools/scalap/Arguments.scala:65:10 
[error] 65 |      if (args != null) {
[error]    |          ^^^^^^^^^^^^
[error]    | Values of types Array[String] and Null cannot be compared with == or !=
[error] -- [E172] Type Error: /Users/y3536zha/Desktop/scala_flexible/scala_flexible_type_with_test_script/community-build/community-projects/scalap/src/scalap/scala/tools/scalap/Arguments.scala:68:15 
[error] 68 |          if ((args(i) == null) || (args(i).length() == 0))
[error]    |               ^^^^^^^^^^^^^^^
[error]    |        Values of types String and Null cannot be compared with == or !=
[error] -- [E172] Type Error: /Users/y3536zha/Desktop/scala_flexible/scala_flexible_type_with_test_script/community-build/community-projects/scalap/src/scalap/scala/tools/scalap/Classfile.scala:126:47 
[error] 126 |      for ((x, i) <- entries.zipWithIndex ; if x != null) yield
[error]     |                                               ^^^^^^^^^
[error]     |Values of types Pool.this.PoolEntry and Null cannot be compared with == or !=
[error] -- [E172] Type Error: /Users/y3536zha/Desktop/scala_flexible/scala_flexible_type_with_test_script/community-build/community-projects/scalap/src/scalap/scala/tools/scalap/CodeWriter.scala:37:27 
[error] 37 |  def getIndentWidth = if (step == null) -1 else step.length()
[error]    |                           ^^^^^^^^^^^^
[error]    |        Values of types String and Null cannot be compared with == or !=
[error] -- [E172] Type Error: /Users/y3536zha/Desktop/scala_flexible/scala_flexible_type_with_test_script/community-build/community-projects/scalap/src/scalap/scala/tools/scalap/CodeWriter.scala:60:8 
[error] 60 |    if (step == null)
[error]    |        ^^^^^^^^^^^^
[error]    |        Values of types String and Null cannot be compared with == or !=
[error] -- [E007] Type Mismatch Error: /Users/y3536zha/Desktop/scala_flexible/scala_flexible_type_with_test_script/community-build/community-projects/scalap/src/scalap/scala/tools/scalap/scalax/rules/scalasig/ClassFileParser.scala:254:18 
[error] 254 |      buffer(i) = null
[error]     |                  ^^^^
[error]     |Found:    Null
[error]     |Required: scala.tools.scalap.scalax.rules.scalasig.ConstantPool => Any
[error]     |Note that implicit conversions were not tried because the result of an implicit conversion
[error]     |must be more specific than scala.tools.scalap.scalax.rules.scalasig.ConstantPool => Any
[error]     |
[error]     | longer explanation available when compiling with `-explain`
[error] -- [E008] Not Found Error: /Users/y3536zha/Desktop/scala_flexible/scala_flexible_type_with_test_script/community-build/community-projects/scalap/src/scalap/scala/tools/scalap/Decode.scala:58:32 
[error] 58 |      val _bytes    = bytesElem.elementValue match { case ConstValueIndex(x) => constantWrapped(x) }
[error]    |                      ^^^^^^^^^^^^^^^^^^^^^^
[error]    |value elementValue is not a member of scala.tools.scalap.scalax.rules.scalasig.ClassFileParser.AnnotationElement |
[error]    |  Null.
[error]    |Since explicit-nulls is enabled, the selection is rejected because
[error]    |scala.tools.scalap.scalax.rules.scalasig.ClassFileParser.AnnotationElement |
[error]    |  Null could be null at runtime.
[error]    |If you want to select elementValue without checking for a null value,
[error]    |insert a .nn before .elementValue or import scala.language.unsafeNulls.
[error] -- [E006] Not Found Error: /Users/y3536zha/Desktop/scala_flexible/scala_flexible_type_with_test_script/community-build/community-projects/scalap/src/scalap/scala/tools/scalap/Decode.scala:58:96 
[error] 58 |      val _bytes    = bytesElem.elementValue match { case ConstValueIndex(x) => constantWrapped(x) }
[error]    |                                                                                                ^
[error]    |                                                            Not found: x
[error]    |
[error]    | longer explanation available when compiling with `-explain`
[error] -- [E172] Type Error: /Users/y3536zha/Desktop/scala_flexible/scala_flexible_type_with_test_script/community-build/community-projects/scalap/src/scalap/scala/tools/scalap/JavaWriter.scala:162:10 
[error] 162 |      if (cf.pool(cf.superclass) != null)
[error]     |          ^^^^^^^^^^^^^^^^^^^^^^^^^^^^^^
[error]     |Values of types JavaWriter.this.cf.pool.PoolEntry and Null cannot be compared with == or !=
[error] -- [E172] Type Error: /Users/y3536zha/Desktop/scala_flexible/scala_flexible_type_with_test_script/community-build/community-projects/scalap/src/scalap/scala/tools/scalap/Main.scala:62:39 
[error] 62 |  def isPackageObjectFile(s: String) = s != null && (s.endsWith(".package") || s == "package")
[error]    |                                       ^^^^^^^^^
[error]    |        Values of types String and Null cannot be compared with == or !=
[error] 10 errors found
[error] (scalap / Compile / compileIncremental) Compilation failed
[error] Total time: 12 s, completed Jun 21, 2023, 9:09:59 PM
[32mRerunning tests in scalap because of a previous run failure.[0m
[32msbt -sbt-version 1.8.0 -Dsbt.supershell=false -Ddotty.communitybuild.dir=/Users/y3536zha/Desktop/scala_flexible/scala_flexible_type_with_test_script/community-build --addPluginSbtFile=/Users/y3536zha/Desktop/scala_flexible/scala_flexible_type_with_test_script/community-build/sbt-injected-plugins set Global/testOptions += Tests.Argument(TestFramework("munit.Framework"), "+l"); clean; set Global/logLevel := Level.Error; set Global/updateOptions ~= (_.withLatestSnapshots(false)); set Global/scalacOptions ++= List("-Xcheck-macros","-Ysafe-init","-Yexplicit-nulls","-Yflexible-types");++3.3.1-RC1-bin-SNAPSHOT!; scalap/compile[0m
[info] welcome to sbt 1.8.0 (Oracle Corporation Java 9.0.4)
[info] loading global plugins from /Users/y3536zha/.sbt/1.0/plugins
[info] loading settings for project scalap-build from sbt-injected-plugins ...
[info] loading project definition from /Users/y3536zha/Desktop/scala_flexible/scala_flexible_type_with_test_script/community-build/community-projects/scalap/project
[info] loading settings for project default-cc1e54 from build.sbt ...
[info] set current project to default-cc1e54 (in build file:/Users/y3536zha/Desktop/scala_flexible/scala_flexible_type_with_test_script/community-build/community-projects/scalap/)
[info] Defining Global / testOptions
[info] The new value will be used by Test / test / testOptions, Test / testOnly / testOptions and 3 others.
[info] 	Run `last` for details.
[info] Reapplying settings...
[info] set current project to default-cc1e54 (in build file:/Users/y3536zha/Desktop/scala_flexible/scala_flexible_type_with_test_script/community-build/community-projects/scalap/)
[warn] Binary version (2.13) for dependency org.scala-lang#scala-compiler;2.13.0
[warn] 	in scalap#scalap_2.12;0.1.0-SNAPSHOT differs from Scala binary version in project (2.12).
[success] Total time: 0 s, completed Jun 21, 2023, 9:10:09 PM
[info] Defining Global / logLevel
[info] The new value will be used by Test / test / testListeners, Test / testOnly / testListeners and 13 others.
[info] 	Run `last` for details.
[info] Reapplying settings...
[info] set current project to default-cc1e54 (in build file:/Users/y3536zha/Desktop/scala_flexible/scala_flexible_type_with_test_script/community-build/community-projects/scalap/)
[info] Defining Global / updateOptions
[info] The new value will be used by dependencyTreeIgnoreMissingUpdate / updateOptions, ivyConfiguration and 3 others.
[info] 	Run `last` for details.
[info] Reapplying settings...
[info] set current project to default-cc1e54 (in build file:/Users/y3536zha/Desktop/scala_flexible/scala_flexible_type_with_test_script/community-build/community-projects/scalap/)
[info] Defining Global / scalacOptions
[info] The new value will be used by Compile / scalacOptions, scalap / scalacOptions
[info] Reapplying settings...
[info] set current project to default-cc1e54 (in build file:/Users/y3536zha/Desktop/scala_flexible/scala_flexible_type_with_test_script/community-build/community-projects/scalap/)
[info] Forcing Scala version to 3.3.1-RC1-bin-SNAPSHOT on all projects.
[info] Reapplying settings...
[info] Loading dependency tracking file /Users/y3536zha/Desktop/scala_flexible/scala_flexible_type_with_test_script/community-build/dotty-community-build-deps
[info] Dependency tracking file /Users/y3536zha/Desktop/scala_flexible/scala_flexible_type_with_test_script/community-build/dotty-community-build-deps does not exist
[info] set current project to default-cc1e54 (in build file:/Users/y3536zha/Desktop/scala_flexible/scala_flexible_type_with_test_script/community-build/community-projects/scalap/)
[error] -- [E172] Type Error: /Users/y3536zha/Desktop/scala_flexible/scala_flexible_type_with_test_script/community-build/community-projects/scalap/src/scalap/scala/tools/scalap/Arguments.scala:65:10 
[error] 65 |      if (args != null) {
[error]    |          ^^^^^^^^^^^^
[error]    | Values of types Array[String] and Null cannot be compared with == or !=
[error] -- [E172] Type Error: /Users/y3536zha/Desktop/scala_flexible/scala_flexible_type_with_test_script/community-build/community-projects/scalap/src/scalap/scala/tools/scalap/Arguments.scala:68:15 
[error] 68 |          if ((args(i) == null) || (args(i).length() == 0))
[error]    |               ^^^^^^^^^^^^^^^
[error]    |        Values of types String and Null cannot be compared with == or !=
[error] -- [E172] Type Error: /Users/y3536zha/Desktop/scala_flexible/scala_flexible_type_with_test_script/community-build/community-projects/scalap/src/scalap/scala/tools/scalap/Classfile.scala:126:47 
[error] 126 |      for ((x, i) <- entries.zipWithIndex ; if x != null) yield
[error]     |                                               ^^^^^^^^^
[error]     |Values of types Pool.this.PoolEntry and Null cannot be compared with == or !=
[error] -- [E172] Type Error: /Users/y3536zha/Desktop/scala_flexible/scala_flexible_type_with_test_script/community-build/community-projects/scalap/src/scalap/scala/tools/scalap/CodeWriter.scala:37:27 
[error] 37 |  def getIndentWidth = if (step == null) -1 else step.length()
[error]    |                           ^^^^^^^^^^^^
[error]    |        Values of types String and Null cannot be compared with == or !=
[error] -- [E172] Type Error: /Users/y3536zha/Desktop/scala_flexible/scala_flexible_type_with_test_script/community-build/community-projects/scalap/src/scalap/scala/tools/scalap/CodeWriter.scala:60:8 
[error] 60 |    if (step == null)
[error]    |        ^^^^^^^^^^^^
[error]    |        Values of types String and Null cannot be compared with == or !=
[error] -- [E007] Type Mismatch Error: /Users/y3536zha/Desktop/scala_flexible/scala_flexible_type_with_test_script/community-build/community-projects/scalap/src/scalap/scala/tools/scalap/scalax/rules/scalasig/ClassFileParser.scala:254:18 
[error] 254 |      buffer(i) = null
[error]     |                  ^^^^
[error]     |Found:    Null
[error]     |Required: scala.tools.scalap.scalax.rules.scalasig.ConstantPool => Any
[error]     |Note that implicit conversions were not tried because the result of an implicit conversion
[error]     |must be more specific than scala.tools.scalap.scalax.rules.scalasig.ConstantPool => Any
[error]     |
[error]     | longer explanation available when compiling with `-explain`
[error] -- [E008] Not Found Error: /Users/y3536zha/Desktop/scala_flexible/scala_flexible_type_with_test_script/community-build/community-projects/scalap/src/scalap/scala/tools/scalap/Decode.scala:58:32 
[error] 58 |      val _bytes    = bytesElem.elementValue match { case ConstValueIndex(x) => constantWrapped(x) }
[error]    |                      ^^^^^^^^^^^^^^^^^^^^^^
[error]    |value elementValue is not a member of scala.tools.scalap.scalax.rules.scalasig.ClassFileParser.AnnotationElement |
[error]    |  Null.
[error]    |Since explicit-nulls is enabled, the selection is rejected because
[error]    |scala.tools.scalap.scalax.rules.scalasig.ClassFileParser.AnnotationElement |
[error]    |  Null could be null at runtime.
[error]    |If you want to select elementValue without checking for a null value,
[error]    |insert a .nn before .elementValue or import scala.language.unsafeNulls.
[error] -- [E006] Not Found Error: /Users/y3536zha/Desktop/scala_flexible/scala_flexible_type_with_test_script/community-build/community-projects/scalap/src/scalap/scala/tools/scalap/Decode.scala:58:96 
[error] 58 |      val _bytes    = bytesElem.elementValue match { case ConstValueIndex(x) => constantWrapped(x) }
[error]    |                                                                                                ^
[error]    |                                                            Not found: x
[error]    |
[error]    | longer explanation available when compiling with `-explain`
[error] -- [E172] Type Error: /Users/y3536zha/Desktop/scala_flexible/scala_flexible_type_with_test_script/community-build/community-projects/scalap/src/scalap/scala/tools/scalap/JavaWriter.scala:162:10 
[error] 162 |      if (cf.pool(cf.superclass) != null)
[error]     |          ^^^^^^^^^^^^^^^^^^^^^^^^^^^^^^
[error]     |Values of types JavaWriter.this.cf.pool.PoolEntry and Null cannot be compared with == or !=
[error] -- [E172] Type Error: /Users/y3536zha/Desktop/scala_flexible/scala_flexible_type_with_test_script/community-build/community-projects/scalap/src/scalap/scala/tools/scalap/Main.scala:62:39 
[error] 62 |  def isPackageObjectFile(s: String) = s != null && (s.endsWith(".package") || s == "package")
[error]    |                                       ^^^^^^^^^
[error]    |        Values of types String and Null cannot be compared with == or !=
[error] 10 errors found
[error] (scalap / Compile / compileIncremental) Compilation failed
[error] Total time: 11 s, completed Jun 21, 2023, 9:10:22 PM
[32mRerunning tests in scalap because of a previous run failure.[0m
[32msbt -sbt-version 1.8.0 -Dsbt.supershell=false -Ddotty.communitybuild.dir=/Users/y3536zha/Desktop/scala_flexible/scala_flexible_type_with_test_script/community-build --addPluginSbtFile=/Users/y3536zha/Desktop/scala_flexible/scala_flexible_type_with_test_script/community-build/sbt-injected-plugins set Global/testOptions += Tests.Argument(TestFramework("munit.Framework"), "+l"); clean; set Global/logLevel := Level.Error; set Global/updateOptions ~= (_.withLatestSnapshots(false)); set Global/scalacOptions ++= List("-Xcheck-macros","-Ysafe-init","-Yexplicit-nulls","-Yflexible-types");++3.3.1-RC1-bin-SNAPSHOT!; scalap/compile[0m
[info] welcome to sbt 1.8.0 (Oracle Corporation Java 9.0.4)
[info] loading global plugins from /Users/y3536zha/.sbt/1.0/plugins
[info] loading settings for project scalap-build from sbt-injected-plugins ...
[info] loading project definition from /Users/y3536zha/Desktop/scala_flexible/scala_flexible_type_with_test_script/community-build/community-projects/scalap/project
[info] loading settings for project default-cc1e54 from build.sbt ...
[info] set current project to default-cc1e54 (in build file:/Users/y3536zha/Desktop/scala_flexible/scala_flexible_type_with_test_script/community-build/community-projects/scalap/)
[info] Defining Global / testOptions
[info] The new value will be used by Test / test / testOptions, Test / testOnly / testOptions and 3 others.
[info] 	Run `last` for details.
[info] Reapplying settings...
[info] set current project to default-cc1e54 (in build file:/Users/y3536zha/Desktop/scala_flexible/scala_flexible_type_with_test_script/community-build/community-projects/scalap/)
[warn] Binary version (2.13) for dependency org.scala-lang#scala-compiler;2.13.0
[warn] 	in scalap#scalap_2.12;0.1.0-SNAPSHOT differs from Scala binary version in project (2.12).
[success] Total time: 0 s, completed Jun 21, 2023, 9:10:33 PM
[info] Defining Global / logLevel
[info] The new value will be used by Test / test / testListeners, Test / testOnly / testListeners and 13 others.
[info] 	Run `last` for details.
[info] Reapplying settings...
[info] set current project to default-cc1e54 (in build file:/Users/y3536zha/Desktop/scala_flexible/scala_flexible_type_with_test_script/community-build/community-projects/scalap/)
[info] Defining Global / updateOptions
[info] The new value will be used by dependencyTreeIgnoreMissingUpdate / updateOptions, ivyConfiguration and 3 others.
[info] 	Run `last` for details.
[info] Reapplying settings...
[info] set current project to default-cc1e54 (in build file:/Users/y3536zha/Desktop/scala_flexible/scala_flexible_type_with_test_script/community-build/community-projects/scalap/)
[info] Defining Global / scalacOptions
[info] The new value will be used by Compile / scalacOptions, scalap / scalacOptions
[info] Reapplying settings...
[info] set current project to default-cc1e54 (in build file:/Users/y3536zha/Desktop/scala_flexible/scala_flexible_type_with_test_script/community-build/community-projects/scalap/)
[info] Forcing Scala version to 3.3.1-RC1-bin-SNAPSHOT on all projects.
[info] Reapplying settings...
[info] Loading dependency tracking file /Users/y3536zha/Desktop/scala_flexible/scala_flexible_type_with_test_script/community-build/dotty-community-build-deps
[info] Dependency tracking file /Users/y3536zha/Desktop/scala_flexible/scala_flexible_type_with_test_script/community-build/dotty-community-build-deps does not exist
[info] set current project to default-cc1e54 (in build file:/Users/y3536zha/Desktop/scala_flexible/scala_flexible_type_with_test_script/community-build/community-projects/scalap/)
[error] -- [E172] Type Error: /Users/y3536zha/Desktop/scala_flexible/scala_flexible_type_with_test_script/community-build/community-projects/scalap/src/scalap/scala/tools/scalap/Arguments.scala:65:10 
[error] 65 |      if (args != null) {
[error]    |          ^^^^^^^^^^^^
[error]    | Values of types Array[String] and Null cannot be compared with == or !=
[error] -- [E172] Type Error: /Users/y3536zha/Desktop/scala_flexible/scala_flexible_type_with_test_script/community-build/community-projects/scalap/src/scalap/scala/tools/scalap/Arguments.scala:68:15 
[error] 68 |          if ((args(i) == null) || (args(i).length() == 0))
[error]    |               ^^^^^^^^^^^^^^^
[error]    |        Values of types String and Null cannot be compared with == or !=
[error] -- [E172] Type Error: /Users/y3536zha/Desktop/scala_flexible/scala_flexible_type_with_test_script/community-build/community-projects/scalap/src/scalap/scala/tools/scalap/Classfile.scala:126:47 
[error] 126 |      for ((x, i) <- entries.zipWithIndex ; if x != null) yield
[error]     |                                               ^^^^^^^^^
[error]     |Values of types Pool.this.PoolEntry and Null cannot be compared with == or !=
[error] -- [E172] Type Error: /Users/y3536zha/Desktop/scala_flexible/scala_flexible_type_with_test_script/community-build/community-projects/scalap/src/scalap/scala/tools/scalap/CodeWriter.scala:37:27 
[error] 37 |  def getIndentWidth = if (step == null) -1 else step.length()
[error]    |                           ^^^^^^^^^^^^
[error]    |        Values of types String and Null cannot be compared with == or !=
[error] -- [E172] Type Error: /Users/y3536zha/Desktop/scala_flexible/scala_flexible_type_with_test_script/community-build/community-projects/scalap/src/scalap/scala/tools/scalap/CodeWriter.scala:60:8 
[error] 60 |    if (step == null)
[error]    |        ^^^^^^^^^^^^
[error]    |        Values of types String and Null cannot be compared with == or !=
[error] -- [E007] Type Mismatch Error: /Users/y3536zha/Desktop/scala_flexible/scala_flexible_type_with_test_script/community-build/community-projects/scalap/src/scalap/scala/tools/scalap/scalax/rules/scalasig/ClassFileParser.scala:254:18 
[error] 254 |      buffer(i) = null
[error]     |                  ^^^^
[error]     |Found:    Null
[error]     |Required: scala.tools.scalap.scalax.rules.scalasig.ConstantPool => Any
[error]     |Note that implicit conversions were not tried because the result of an implicit conversion
[error]     |must be more specific than scala.tools.scalap.scalax.rules.scalasig.ConstantPool => Any
[error]     |
[error]     | longer explanation available when compiling with `-explain`
[error] -- [E008] Not Found Error: /Users/y3536zha/Desktop/scala_flexible/scala_flexible_type_with_test_script/community-build/community-projects/scalap/src/scalap/scala/tools/scalap/Decode.scala:58:32 
[error] 58 |      val _bytes    = bytesElem.elementValue match { case ConstValueIndex(x) => constantWrapped(x) }
[error]    |                      ^^^^^^^^^^^^^^^^^^^^^^
[error]    |value elementValue is not a member of scala.tools.scalap.scalax.rules.scalasig.ClassFileParser.AnnotationElement |
[error]    |  Null.
[error]    |Since explicit-nulls is enabled, the selection is rejected because
[error]    |scala.tools.scalap.scalax.rules.scalasig.ClassFileParser.AnnotationElement |
[error]    |  Null could be null at runtime.
[error]    |If you want to select elementValue without checking for a null value,
[error]    |insert a .nn before .elementValue or import scala.language.unsafeNulls.
[error] -- [E006] Not Found Error: /Users/y3536zha/Desktop/scala_flexible/scala_flexible_type_with_test_script/community-build/community-projects/scalap/src/scalap/scala/tools/scalap/Decode.scala:58:96 
[error] 58 |      val _bytes    = bytesElem.elementValue match { case ConstValueIndex(x) => constantWrapped(x) }
[error]    |                                                                                                ^
[error]    |                                                            Not found: x
[error]    |
[error]    | longer explanation available when compiling with `-explain`
[error] -- [E172] Type Error: /Users/y3536zha/Desktop/scala_flexible/scala_flexible_type_with_test_script/community-build/community-projects/scalap/src/scalap/scala/tools/scalap/JavaWriter.scala:162:10 
[error] 162 |      if (cf.pool(cf.superclass) != null)
[error]     |          ^^^^^^^^^^^^^^^^^^^^^^^^^^^^^^
[error]     |Values of types JavaWriter.this.cf.pool.PoolEntry and Null cannot be compared with == or !=
[error] -- [E172] Type Error: /Users/y3536zha/Desktop/scala_flexible/scala_flexible_type_with_test_script/community-build/community-projects/scalap/src/scalap/scala/tools/scalap/Main.scala:62:39 
[error] 62 |  def isPackageObjectFile(s: String) = s != null && (s.endsWith(".package") || s == "package")
[error]    |                                       ^^^^^^^^^
[error]    |        Values of types String and Null cannot be compared with == or !=
[error] 10 errors found
[error] (scalap / Compile / compileIncremental) Compilation failed
[error] Total time: 10 s, completed Jun 21, 2023, 9:10:45 PM
[32m[FAILURE scalap][0m
[32m[scalap DONE RUNNING][0m
[error] Test dotty.communitybuild.CommunityBuildTestC.scalap failed: java.lang.AssertionError: 
[error] 
[error] sbt exited with an error code. To reproduce without JUnit, use:
[error] 
[error]     sbt community-build/prepareCommunityBuild
[error]     cd community-build/community-projects/scalap
[error]     sbt -sbt-version 1.8.0 -Dsbt.supershell=false -Ddotty.communitybuild.dir=/Users/y3536zha/Desktop/scala_flexible/scala_flexible_type_with_test_script/community-build --addPluginSbtFile=/Users/y3536zha/Desktop/scala_flexible/scala_flexible_type_with_test_script/community-build/sbt-injected-plugins "set Global/testOptions += Tests.Argument(TestFramework("munit.Framework"), "+l"); clean; set Global/logLevel := Level.Error; set Global/updateOptions ~= (_.withLatestSnapshots(false)); set Global/scalacOptions ++= List("-Xcheck-macros","-Ysafe-init","-Yexplicit-nulls","-Yflexible-types");++3.3.1-RC1-bin-SNAPSHOT!; scalap/compile"
[error] 
[error] For a faster feedback loop on SBT projects, one can try to extract a direct call to dotc
[error] using the sbt export command. For instance, for scalacheck, use
[error]     sbt export jvm/test:compileIncremental
[error] 
[error] , took 98.477 sec
[error]     at dotty.communitybuild.CommunityBuildTest$package$testRunner$.failWith(CommunityBuildTest.scala:15)
[error]     at dotty.communitybuild.CommunityBuildRunner.runProject(CommunityBuildRunner.scala:93)
[error]     at dotty.communitybuild.CommunityBuildRunner.runProject$(CommunityBuildRunner.scala:33)
[error]     at dotty.communitybuild.CommunityBuildTest$package$testRunner$.runProject(CommunityBuildTest.scala:14)
[error]     at dotty.communitybuild.CommunityBuildRunner$.run(CommunityBuildRunner.scala:28)
[error]     at dotty.communitybuild.CommunityBuildTestC.scalap(CommunityBuildTest.scala:86)
[error]     at jdk.internal.reflect.NativeMethodAccessorImpl.invoke0(Native Method)
[error]     at jdk.internal.reflect.NativeMethodAccessorImpl.invoke(Unknown Source)
[error]     at jdk.internal.reflect.DelegatingMethodAccessorImpl.invoke(Unknown Source)
[error]     at java.lang.reflect.Method.invoke(Unknown Source)
[error]     ...
[info] Test run dotty.communitybuild.CommunityBuildTestC finished: 1 failed, 0 ignored, 1 total, 98.483s
********************************************************************************
Failed projects:
 - dotty.communitybuild.CommunityBuildTestC.scalap
********************************************************************************
[info] Test run dotty.communitybuild.CommunityBuildTestB started
[info] Test run dotty.communitybuild.CommunityBuildTestB finished: 0 failed, 0 ignored, 0 total, 0.001s
[error] Failed: Total 1, Failed 1, Errors 0, Passed 0
[error] Failed tests:
[error] 	dotty.communitybuild.CommunityBuildTestC
[error] (community-build / Test / testOnly) sbt.TestsFailedException: Tests unsuccessful
[error] Total time: 129 s (02:09), completed Jun 21, 2023, 9:10:46 PM
