[error] -- [E069] Naming Error: /Users/y3536zha/Desktop/scala_explicit/scala_flexible_type_with_test_script/library/src/scala/IArray.scala:13:7 
[error] -- [E069] Naming Error: /Users/y3536zha/Desktop/scala_explicit/scala_flexible_type_with_test_script/library/src/scala/IArray.scala:13:7 
[error] 13 |object IArray:
[error] 13 |object IArray:
[error]    |       ^
[error]    |       ^
[error]    |object IArray cannot have the same name as object IArray in package scala -- cannot define object member with the same name as a object member in self reference _.
[error]    |object IArray cannot have the same name as object IArray in package scala -- cannot define object member with the same name as a object member in self reference _.
[error]    |(Note: this can be resolved by using another name)
[error]    |(Note: this can be resolved by using another name)
[error] one error found
[error] one error found
[error] ## Exception when compiling 11 sources to /Users/y3536zha/Desktop/scala_explicit/scala_flexible_type_with_test_script/community-build/community-projects/betterfiles/core/target/scala-3.3.1-RC1-bin-SNAPSHOT/classes
[error] java.lang.NoClassDefFoundError: dotty/tools/dotc/core/Symbols$Symbol
[error] dotty.tools.dotc.reporting.Reporter.<init>(Reporter.scala:131)
[error] dotty.tools.dotc.reporting.AbstractReporter.<init>(AbstractReporter.scala:8)
[error] dotty.tools.xsbt.DelegatingReporter.<init>(DelegatingReporter.java:22)
[error] dotty.tools.xsbt.CompilerBridgeDriver.run(CompilerBridgeDriver.java:54)
[error] dotty.tools.xsbt.CompilerBridge.run(CompilerBridge.java:22)
[error] sbt.internal.inc.AnalyzingCompiler.compile(AnalyzingCompiler.scala:91)
[error] sbt.internal.inc.MixedAnalyzingCompiler.$anonfun$compile$7(MixedAnalyzingCompiler.scala:193)
[error] scala.runtime.java8.JFunction0$mcV$sp.apply(JFunction0$mcV$sp.java:23)
[error] sbt.internal.inc.MixedAnalyzingCompiler.timed(MixedAnalyzingCompiler.scala:248)
[error] sbt.internal.inc.MixedAnalyzingCompiler.$anonfun$compile$4(MixedAnalyzingCompiler.scala:183)
[error] sbt.internal.inc.MixedAnalyzingCompiler.$anonfun$compile$4$adapted(MixedAnalyzingCompiler.scala:163)
[error] sbt.internal.inc.JarUtils$.withPreviousJar(JarUtils.scala:239)
[error] sbt.internal.inc.MixedAnalyzingCompiler.compileScala$1(MixedAnalyzingCompiler.scala:163)
[error] sbt.internal.inc.MixedAnalyzingCompiler.compile(MixedAnalyzingCompiler.scala:211)
[error] sbt.internal.inc.IncrementalCompilerImpl.$anonfun$compileInternal$1(IncrementalCompilerImpl.scala:534)
[error] sbt.internal.inc.IncrementalCompilerImpl.$anonfun$compileInternal$1$adapted(IncrementalCompilerImpl.scala:534)
[error] sbt.internal.inc.Incremental$.$anonfun$apply$5(Incremental.scala:179)
[error] sbt.internal.inc.Incremental$.$anonfun$apply$5$adapted(Incremental.scala:177)
[error] sbt.internal.inc.Incremental$$anon$2.run(Incremental.scala:463)
[error] sbt.internal.inc.IncrementalCommon$CycleState.next(IncrementalCommon.scala:116)
[error] sbt.internal.inc.IncrementalCommon$$anon$1.next(IncrementalCommon.scala:56)
[error] sbt.internal.inc.IncrementalCommon$$anon$1.next(IncrementalCommon.scala:52)
[error] sbt.internal.inc.IncrementalCommon.cycle(IncrementalCommon.scala:263)
[error] sbt.internal.inc.Incremental$.$anonfun$incrementalCompile$8(Incremental.scala:418)
[error] sbt.internal.inc.Incremental$.withClassfileManager(Incremental.scala:506)
[error] sbt.internal.inc.Incremental$.incrementalCompile(Incremental.scala:405)
[error] sbt.internal.inc.Incremental$.apply(Incremental.scala:171)
[error] sbt.internal.inc.IncrementalCompilerImpl.compileInternal(IncrementalCompilerImpl.scala:534)
[error] sbt.internal.inc.IncrementalCompilerImpl.$anonfun$compileIncrementally$1(IncrementalCompilerImpl.scala:488)
[error] sbt.internal.inc.IncrementalCompilerImpl.handleCompilationError(IncrementalCompilerImpl.scala:332)
[error] sbt.internal.inc.IncrementalCompilerImpl.compileIncrementally(IncrementalCompilerImpl.scala:425)
[error] sbt.internal.inc.IncrementalCompilerImpl.compile(IncrementalCompilerImpl.scala:137)
[error] sbt.Defaults$.compileIncrementalTaskImpl(Defaults.scala:2363)
[error] sbt.Defaults$.$anonfun$compileIncrementalTask$2(Defaults.scala:2313)
[error] sbt.internal.server.BspCompileTask$.$anonfun$compute$1(BspCompileTask.scala:30)
[error] sbt.internal.io.Retry$.apply(Retry.scala:46)
[error] sbt.internal.io.Retry$.apply(Retry.scala:28)
[error] sbt.internal.io.Retry$.apply(Retry.scala:23)
[error] sbt.internal.server.BspCompileTask$.compute(BspCompileTask.scala:30)
[error] sbt.Defaults$.$anonfun$compileIncrementalTask$1(Defaults.scala:2311)
[error] scala.Function1.$anonfun$compose$1(Function1.scala:49)
[error] sbt.internal.util.$tilde$greater.$anonfun$$u2219$1(TypeFunctions.scala:62)
[error] sbt.std.Transform$$anon$4.work(Transform.scala:68)
[error] sbt.Execute.$anonfun$submit$2(Execute.scala:282)
[error] sbt.internal.util.ErrorHandling$.wideConvert(ErrorHandling.scala:23)
[error] sbt.Execute.work(Execute.scala:291)
[error] sbt.Execute.$anonfun$submit$1(Execute.scala:282)
[error] sbt.ConcurrentRestrictions$$anon$4.$anonfun$submitValid$1(ConcurrentRestrictions.scala:265)
[error] sbt.CompletionService$$anon$2.call(CompletionService.scala:64)
[error] java.base/java.util.concurrent.FutureTask.run(Unknown Source)
[error] java.base/java.util.concurrent.Executors$RunnableAdapter.call(Unknown Source)
[error] java.base/java.util.concurrent.FutureTask.run(Unknown Source)
[error] java.base/java.util.concurrent.ThreadPoolExecutor.runWorker(Unknown Source)
[error] java.base/java.util.concurrent.ThreadPoolExecutor$Worker.run(Unknown Source)
[error] java.base/java.lang.Thread.run(Unknown Source)
[error]            
[error] java.lang.NoClassDefFoundError: dotty/tools/dotc/core/Symbols$Symbol
[error] 	at dotty.tools.dotc.reporting.Reporter.<init>(Reporter.scala:131)
[error] 	at dotty.tools.dotc.reporting.AbstractReporter.<init>(AbstractReporter.scala:8)
[error] 	at dotty.tools.xsbt.DelegatingReporter.<init>(DelegatingReporter.java:22)
[error] 	at dotty.tools.xsbt.CompilerBridgeDriver.run(CompilerBridgeDriver.java:54)
[error] 	at dotty.tools.xsbt.CompilerBridge.run(CompilerBridge.java:22)
[error] 	at sbt.internal.inc.AnalyzingCompiler.compile(AnalyzingCompiler.scala:91)
[error] 	at sbt.internal.inc.MixedAnalyzingCompiler.$anonfun$compile$7(MixedAnalyzingCompiler.scala:193)
[error] 	at scala.runtime.java8.JFunction0$mcV$sp.apply(JFunction0$mcV$sp.java:23)
[error] 	at sbt.internal.inc.MixedAnalyzingCompiler.timed(MixedAnalyzingCompiler.scala:248)
[error] 	at sbt.internal.inc.MixedAnalyzingCompiler.$anonfun$compile$4(MixedAnalyzingCompiler.scala:183)
[error] 	at sbt.internal.inc.MixedAnalyzingCompiler.$anonfun$compile$4$adapted(MixedAnalyzingCompiler.scala:163)
[error] 	at sbt.internal.inc.JarUtils$.withPreviousJar(JarUtils.scala:239)
[error] 	at sbt.internal.inc.MixedAnalyzingCompiler.compileScala$1(MixedAnalyzingCompiler.scala:163)
[error] 	at sbt.internal.inc.MixedAnalyzingCompiler.compile(MixedAnalyzingCompiler.scala:211)
[error] 	at sbt.internal.inc.IncrementalCompilerImpl.$anonfun$compileInternal$1(IncrementalCompilerImpl.scala:534)
[error] 	at sbt.internal.inc.IncrementalCompilerImpl.$anonfun$compileInternal$1$adapted(IncrementalCompilerImpl.scala:534)
[error] 	at sbt.internal.inc.Incremental$.$anonfun$apply$5(Incremental.scala:179)
[error] 	at sbt.internal.inc.Incremental$.$anonfun$apply$5$adapted(Incremental.scala:177)
[error] 	at sbt.internal.inc.Incremental$$anon$2.run(Incremental.scala:463)
[error] 	at sbt.internal.inc.IncrementalCommon$CycleState.next(IncrementalCommon.scala:116)
[error] 	at sbt.internal.inc.IncrementalCommon$$anon$1.next(IncrementalCommon.scala:56)
[error] 	at sbt.internal.inc.IncrementalCommon$$anon$1.next(IncrementalCommon.scala:52)
[error] 	at sbt.internal.inc.IncrementalCommon.cycle(IncrementalCommon.scala:263)
[error] 	at sbt.internal.inc.Incremental$.$anonfun$incrementalCompile$8(Incremental.scala:418)
[error] 	at sbt.internal.inc.Incremental$.withClassfileManager(Incremental.scala:506)
[error] 	at sbt.internal.inc.Incremental$.incrementalCompile(Incremental.scala:405)
[error] 	at sbt.internal.inc.Incremental$.apply(Incremental.scala:171)
[error] 	at sbt.internal.inc.IncrementalCompilerImpl.compileInternal(IncrementalCompilerImpl.scala:534)
[error] 	at sbt.internal.inc.IncrementalCompilerImpl.$anonfun$compileIncrementally$1(IncrementalCompilerImpl.scala:488)
[error] 	at sbt.internal.inc.IncrementalCompilerImpl.handleCompilationError(IncrementalCompilerImpl.scala:332)
[error] 	at sbt.internal.inc.IncrementalCompilerImpl.compileIncrementally(IncrementalCompilerImpl.scala:425)
[error] 	at sbt.internal.inc.IncrementalCompilerImpl.compile(IncrementalCompilerImpl.scala:137)
[error] 	at sbt.Defaults$.compileIncrementalTaskImpl(Defaults.scala:2363)
[error] 	at sbt.Defaults$.$anonfun$compileIncrementalTask$2(Defaults.scala:2313)
[error] 	at sbt.internal.server.BspCompileTask$.$anonfun$compute$1(BspCompileTask.scala:30)
[error] 	at sbt.internal.io.Retry$.apply(Retry.scala:46)
[error] 	at sbt.internal.io.Retry$.apply(Retry.scala:28)
[error] 	at sbt.internal.io.Retry$.apply(Retry.scala:23)
[error] 	at sbt.internal.server.BspCompileTask$.compute(BspCompileTask.scala:30)
[error] 	at sbt.Defaults$.$anonfun$compileIncrementalTask$1(Defaults.scala:2311)
[error] 	at scala.Function1.$anonfun$compose$1(Function1.scala:49)
[error] 	at sbt.internal.util.$tilde$greater.$anonfun$$u2219$1(TypeFunctions.scala:62)
[error] 	at sbt.std.Transform$$anon$4.work(Transform.scala:68)
[error] 	at sbt.Execute.$anonfun$submit$2(Execute.scala:282)
[error] 	at sbt.internal.util.ErrorHandling$.wideConvert(ErrorHandling.scala:23)
[error] 	at sbt.Execute.work(Execute.scala:291)
[error] 	at sbt.Execute.$anonfun$submit$1(Execute.scala:282)
[error] 	at sbt.ConcurrentRestrictions$$anon$4.$anonfun$submitValid$1(ConcurrentRestrictions.scala:265)
[error] 	at sbt.CompletionService$$anon$2.call(CompletionService.scala:64)
[error] 	at java.base/java.util.concurrent.FutureTask.run(Unknown Source)
[error] 	at java.base/java.util.concurrent.Executors$RunnableAdapter.call(Unknown Source)
[error] 	at java.base/java.util.concurrent.FutureTask.run(Unknown Source)
[error] 	at java.base/java.util.concurrent.ThreadPoolExecutor.runWorker(Unknown Source)
[error] 	at java.base/java.util.concurrent.ThreadPoolExecutor$Worker.run(Unknown Source)
[error] 	at java.base/java.lang.Thread.run(Unknown Source)
[error] Caused by: java.lang.ClassNotFoundException: dotty.tools.dotc.core.Symbols$Symbol
[error] 	at java.base/java.net.URLClassLoader$1.run(Unknown Source)
[error] 	at java.base/java.net.URLClassLoader$1.run(Unknown Source)
[error] 	at java.base/java.security.AccessController.doPrivileged(Native Method)
[error] 	at java.base/java.net.URLClassLoader.findClass(Unknown Source)
[error] 	at java.base/java.lang.ClassLoader.loadClass(Unknown Source)
[error] 	at java.base/java.lang.ClassLoader.loadClass(Unknown Source)
[error] 	at dotty.tools.dotc.reporting.Reporter.<init>(Reporter.scala:131)
[error] 	at dotty.tools.dotc.reporting.AbstractReporter.<init>(AbstractReporter.scala:8)
[error] 	at dotty.tools.xsbt.DelegatingReporter.<init>(DelegatingReporter.java:22)
[error] 	at dotty.tools.xsbt.CompilerBridgeDriver.run(CompilerBridgeDriver.java:54)
[error] 	at dotty.tools.xsbt.CompilerBridge.run(CompilerBridge.java:22)
[error] 	at sbt.internal.inc.AnalyzingCompiler.compile(AnalyzingCompiler.scala:91)
[error] 	at sbt.internal.inc.MixedAnalyzingCompiler.$anonfun$compile$7(MixedAnalyzingCompiler.scala:193)
[error] 	at scala.runtime.java8.JFunction0$mcV$sp.apply(JFunction0$mcV$sp.java:23)
[error] 	at sbt.internal.inc.MixedAnalyzingCompiler.timed(MixedAnalyzingCompiler.scala:248)
[error] 	at sbt.internal.inc.MixedAnalyzingCompiler.$anonfun$compile$4(MixedAnalyzingCompiler.scala:183)
[error] 	at sbt.internal.inc.MixedAnalyzingCompiler.$anonfun$compile$4$adapted(MixedAnalyzingCompiler.scala:163)
[error] 	at sbt.internal.inc.JarUtils$.withPreviousJar(JarUtils.scala:239)
[error] 	at sbt.internal.inc.MixedAnalyzingCompiler.compileScala$1(MixedAnalyzingCompiler.scala:163)
[error] 	at sbt.internal.inc.MixedAnalyzingCompiler.compile(MixedAnalyzingCompiler.scala:211)
[error] 	at sbt.internal.inc.IncrementalCompilerImpl.$anonfun$compileInternal$1(IncrementalCompilerImpl.scala:534)
[error] 	at sbt.internal.inc.IncrementalCompilerImpl.$anonfun$compileInternal$1$adapted(IncrementalCompilerImpl.scala:534)
[error] 	at sbt.internal.inc.Incremental$.$anonfun$apply$5(Incremental.scala:179)
[error] 	at sbt.internal.inc.Incremental$.$anonfun$apply$5$adapted(Incremental.scala:177)
[error] 	at sbt.internal.inc.Incremental$$anon$2.run(Incremental.scala:463)
[error] 	at sbt.internal.inc.IncrementalCommon$CycleState.next(IncrementalCommon.scala:116)
[error] 	at sbt.internal.inc.IncrementalCommon$$anon$1.next(IncrementalCommon.scala:56)
[error] 	at sbt.internal.inc.IncrementalCommon$$anon$1.next(IncrementalCommon.scala:52)
[error] 	at sbt.internal.inc.IncrementalCommon.cycle(IncrementalCommon.scala:263)
[error] 	at sbt.internal.inc.Incremental$.$anonfun$incrementalCompile$8(Incremental.scala:418)
[error] 	at sbt.internal.inc.Incremental$.withClassfileManager(Incremental.scala:506)
[error] 	at sbt.internal.inc.Incremental$.incrementalCompile(Incremental.scala:405)
[error] 	at sbt.internal.inc.Incremental$.apply(Incremental.scala:171)
[error] 	at sbt.internal.inc.IncrementalCompilerImpl.compileInternal(IncrementalCompilerImpl.scala:534)
[error] 	at sbt.internal.inc.IncrementalCompilerImpl.$anonfun$compileIncrementally$1(IncrementalCompilerImpl.scala:488)
[error] 	at sbt.internal.inc.IncrementalCompilerImpl.handleCompilationError(IncrementalCompilerImpl.scala:332)
[error] 	at sbt.internal.inc.IncrementalCompilerImpl.compileIncrementally(IncrementalCompilerImpl.scala:425)
[error] 	at sbt.internal.inc.IncrementalCompilerImpl.compile(IncrementalCompilerImpl.scala:137)
[error] 	at sbt.Defaults$.compileIncrementalTaskImpl(Defaults.scala:2363)
[error] 	at sbt.Defaults$.$anonfun$compileIncrementalTask$2(Defaults.scala:2313)
[error] 	at sbt.internal.server.BspCompileTask$.$anonfun$compute$1(BspCompileTask.scala:30)
[error] 	at sbt.internal.io.Retry$.apply(Retry.scala:46)
[error] 	at sbt.internal.io.Retry$.apply(Retry.scala:28)
[error] 	at sbt.internal.io.Retry$.apply(Retry.scala:23)
[error] 	at sbt.internal.server.BspCompileTask$.compute(BspCompileTask.scala:30)
[error] 	at sbt.Defaults$.$anonfun$compileIncrementalTask$1(Defaults.scala:2311)
[error] 	at scala.Function1.$anonfun$compose$1(Function1.scala:49)
[error] 	at sbt.internal.util.$tilde$greater.$anonfun$$u2219$1(TypeFunctions.scala:62)
[error] 	at sbt.std.Transform$$anon$4.work(Transform.scala:68)
[error] 	at sbt.Execute.$anonfun$submit$2(Execute.scala:282)
[error] 	at sbt.internal.util.ErrorHandling$.wideConvert(ErrorHandling.scala:23)
[error] 	at sbt.Execute.work(Execute.scala:291)
[error] 	at sbt.Execute.$anonfun$submit$1(Execute.scala:282)
[error] 	at sbt.ConcurrentRestrictions$$anon$4.$anonfun$submitValid$1(ConcurrentRestrictions.scala:265)
[error] 	at sbt.CompletionService$$anon$2.call(CompletionService.scala:64)
[error] 	at java.base/java.util.concurrent.FutureTask.run(Unknown Source)
[error] 	at java.base/java.util.concurrent.Executors$RunnableAdapter.call(Unknown Source)
[error] 	at java.base/java.util.concurrent.FutureTask.run(Unknown Source)
[error] 	at java.base/java.util.concurrent.ThreadPoolExecutor.runWorker(Unknown Source)
[error] 	at java.base/java.util.concurrent.ThreadPoolExecutor$Worker.run(Unknown Source)
[error] 	at java.base/java.lang.Thread.run(Unknown Source)
[error] Caused by: java.util.zip.ZipException: ZipFile invalid LOC header (bad signature)
[error] 	at java.base/java.util.zip.ZipFile$ZipFileInputStream.initDataOffset(Unknown Source)
[error] 	at java.base/java.util.zip.ZipFile$ZipFileInputStream.read(Unknown Source)
[error] 	at java.base/java.util.zip.ZipFile$ZipFileInflaterInputStream.fill(Unknown Source)
[error] 	at java.base/java.util.zip.InflaterInputStream.read(Unknown Source)
[error] 	at java.base/jdk.internal.loader.Resource.getBytes(Unknown Source)
[error] 	at java.base/java.net.URLClassLoader.defineClass(Unknown Source)
[error] 	at java.base/java.net.URLClassLoader.access$100(Unknown Source)
[error] 	at java.base/java.net.URLClassLoader$1.run(Unknown Source)
[error] 	at java.base/java.net.URLClassLoader$1.run(Unknown Source)
[error] 	at java.base/java.security.AccessController.doPrivileged(Native Method)
[error] 	at java.base/java.net.URLClassLoader.findClass(Unknown Source)
[error] 	at java.base/java.lang.ClassLoader.loadClass(Unknown Source)
[error] 	at java.base/java.lang.ClassLoader.loadClass(Unknown Source)
[error] 	at dotty.tools.dotc.reporting.Reporter.<init>(Reporter.scala:131)
[error] 	at dotty.tools.dotc.reporting.AbstractReporter.<init>(AbstractReporter.scala:8)
[error] 	at dotty.tools.xsbt.DelegatingReporter.<init>(DelegatingReporter.java:22)
[error] 	at dotty.tools.xsbt.CompilerBridgeDriver.run(CompilerBridgeDriver.java:54)
[error] 	at dotty.tools.xsbt.CompilerBridge.run(CompilerBridge.java:22)
[error] 	at sbt.internal.inc.AnalyzingCompiler.compile(AnalyzingCompiler.scala:91)
[error] 	at sbt.internal.inc.MixedAnalyzingCompiler.$anonfun$compile$7(MixedAnalyzingCompiler.scala:193)
[error] 	at scala.runtime.java8.JFunction0$mcV$sp.apply(JFunction0$mcV$sp.java:23)
[error] 	at sbt.internal.inc.MixedAnalyzingCompiler.timed(MixedAnalyzingCompiler.scala:248)
[error] 	at sbt.internal.inc.MixedAnalyzingCompiler.$anonfun$compile$4(MixedAnalyzingCompiler.scala:183)
[error] 	at sbt.internal.inc.MixedAnalyzingCompiler.$anonfun$compile$4$adapted(MixedAnalyzingCompiler.scala:163)
[error] 	at sbt.internal.inc.JarUtils$.withPreviousJar(JarUtils.scala:239)
[error] 	at sbt.internal.inc.MixedAnalyzingCompiler.compileScala$1(MixedAnalyzingCompiler.scala:163)
[error] 	at sbt.internal.inc.MixedAnalyzingCompiler.compile(MixedAnalyzingCompiler.scala:211)
[error] 	at sbt.internal.inc.IncrementalCompilerImpl.$anonfun$compileInternal$1(IncrementalCompilerImpl.scala:534)
[error] 	at sbt.internal.inc.IncrementalCompilerImpl.$anonfun$compileInternal$1$adapted(IncrementalCompilerImpl.scala:534)
[error] 	at sbt.internal.inc.Incremental$.$anonfun$apply$5(Incremental.scala:179)
[error] 	at sbt.internal.inc.Incremental$.$anonfun$apply$5$adapted(Incremental.scala:177)
[error] 	at sbt.internal.inc.Incremental$$anon$2.run(Incremental.scala:463)
[error] 	at sbt.internal.inc.IncrementalCommon$CycleState.next(IncrementalCommon.scala:116)
[error] 	at sbt.internal.inc.IncrementalCommon$$anon$1.next(IncrementalCommon.scala:56)
[error] 	at sbt.internal.inc.IncrementalCommon$$anon$1.next(IncrementalCommon.scala:52)
[error] 	at sbt.internal.inc.IncrementalCommon.cycle(IncrementalCommon.scala:263)
[error] 	at sbt.internal.inc.Incremental$.$anonfun$incrementalCompile$8(Incremental.scala:418)
[error] 	at sbt.internal.inc.Incremental$.withClassfileManager(Incremental.scala:506)
[error] 	at sbt.internal.inc.Incremental$.incrementalCompile(Incremental.scala:405)
[error] 	at sbt.internal.inc.Incremental$.apply(Incremental.scala:171)
[error] 	at sbt.internal.inc.IncrementalCompilerImpl.compileInternal(IncrementalCompilerImpl.scala:534)
[error] 	at sbt.internal.inc.IncrementalCompilerImpl.$anonfun$compileIncrementally$1(IncrementalCompilerImpl.scala:488)
[error] 	at sbt.internal.inc.IncrementalCompilerImpl.handleCompilationError(IncrementalCompilerImpl.scala:332)
[error] 	at sbt.internal.inc.IncrementalCompilerImpl.compileIncrementally(IncrementalCompilerImpl.scala:425)
[error] 	at sbt.internal.inc.IncrementalCompilerImpl.compile(IncrementalCompilerImpl.scala:137)
[error] 	at sbt.Defaults$.compileIncrementalTaskImpl(Defaults.scala:2363)
[error] 	at sbt.Defaults$.$anonfun$compileIncrementalTask$2(Defaults.scala:2313)
[error] 	at sbt.internal.server.BspCompileTask$.$anonfun$compute$1(BspCompileTask.scala:30)
[error] 	at sbt.internal.io.Retry$.apply(Retry.scala:46)
[error] 	at sbt.internal.io.Retry$.apply(Retry.scala:28)
[error] 	at sbt.internal.io.Retry$.apply(Retry.scala:23)
[error] 	at sbt.internal.server.BspCompileTask$.compute(BspCompileTask.scala:30)
[error] 	at sbt.Defaults$.$anonfun$compileIncrementalTask$1(Defaults.scala:2311)
[error] 	at scala.Function1.$anonfun$compose$1(Function1.scala:49)
[error] 	at sbt.internal.util.$tilde$greater.$anonfun$$u2219$1(TypeFunctions.scala:62)
[error] 	at sbt.std.Transform$$anon$4.work(Transform.scala:68)
[error] 	at sbt.Execute.$anonfun$submit$2(Execute.scala:282)
[error] 	at sbt.internal.util.ErrorHandling$.wideConvert(ErrorHandling.scala:23)
[error] 	at sbt.Execute.work(Execute.scala:291)
[error] 	at sbt.Execute.$anonfun$submit$1(Execute.scala:282)
[error] 	at sbt.ConcurrentRestrictions$$anon$4.$anonfun$submitValid$1(ConcurrentRestrictions.scala:265)
[error] 	at sbt.CompletionService$$anon$2.call(CompletionService.scala:64)
[error] 	at java.base/java.util.concurrent.FutureTask.run(Unknown Source)
[error] 	at java.base/java.util.concurrent.Executors$RunnableAdapter.call(Unknown Source)
[error] 	at java.base/java.util.concurrent.FutureTask.run(Unknown Source)
[error] 	at java.base/java.util.concurrent.ThreadPoolExecutor.runWorker(Unknown Source)
[error] 	at java.base/java.util.concurrent.ThreadPoolExecutor$Worker.run(Unknown Source)
[error] 	at java.base/java.lang.Thread.run(Unknown Source)
[error] (core / Compile / compileIncremental) java.lang.NoClassDefFoundError: dotty/tools/dotc/core/Symbols$Symbol
[error] Total time: 5 s, completed Jun 21, 2023, 11:49:16 PM
[error] -- [E007] Type Mismatch Error: /Users/y3536zha/Desktop/scala_explicit/scala_flexible_type_with_test_script/community-build/community-projects/betterfiles/core/src/main/scala/better/files/File.scala:903:33 
[error] 903 |      time: Instant = Instant.now()
[error]     |                      ^^^^^^^^^^^^^
[error]     |                      Found:    java.time.Instant | Null
[error]     |                      Required: java.time.Instant
[error]     |
[error]     | longer explanation available when compiling with `-explain`
[error] -- [E008] Not Found Error: /Users/y3536zha/Desktop/scala_explicit/scala_flexible_type_with_test_script/community-build/community-projects/betterfiles/core/src/main/scala/better/files/Dsl.scala:150:69 
[error] 150 |    file.setPermissions(PosixFilePermissions.fromString(permissions).asScala.toSet)
[error]     |                        ^^^^^^^^^^^^^^^^^^^^^^^^^^^^^^^^^^^^^^^^^^^^^^^^^^^^
[error]     |value asScala is not a member of java.util.Set[java.nio.file.attribute.PosixFilePermission] | Null.
[error]     |An extension method was tried, but could not be fully constructed:
[error]     |
[error]     |    collection.JavaConverters.collectionAsScalaIterableConverter[A](
[error]     |      java.nio.file.attribute.PosixFilePermissions.fromString(permissions))
[error] -- [E007] Type Mismatch Error: /Users/y3536zha/Desktop/scala_explicit/scala_flexible_type_with_test_script/community-build/community-projects/betterfiles/core/src/main/scala/better/files/File.scala:50:4 
[error] 50 |    path.getRoot
[error]    |    ^^^^^^^^^^^^
[error]    |    Found:    java.nio.file.Path | Null
[error]    |    Required: better.files.File
[error]    |
[error]    | longer explanation available when compiling with `-explain`
[error] -- [E007] Type Mismatch Error: /Users/y3536zha/Desktop/scala_explicit/scala_flexible_type_with_test_script/community-build/community-projects/betterfiles/core/src/main/scala/better/files/File.scala:63:36 
[error] 63 |    if (hasExtension) name.substring(0, indexOfExtension(includeAll)) else name
[error]    |                      ^^^^^^^^^^^^^^^^^^^^^^^^^^^^^^^^^^^^^^^^^^^^^^^
[error]    |                      Found:    String | Null
[error]    |                      Required: String
[error]    |
[error]    | longer explanation available when compiling with `-explain`
[error] -- [E008] Not Found Error: /Users/y3536zha/Desktop/scala_explicit/scala_flexible_type_with_test_script/community-build/community-projects/betterfiles/core/src/main/scala/better/files/File.scala:82:33 
[error] 82 |      if (toLowerCase) extension.toLowerCase else extension
[error]    |                       ^^^^^^^^^^^^^^^^^^^^^
[error]    |  value toLowerCase is not a member of String | Null.
[error]    |  Since explicit-nulls is enabled, the selection is rejected because
[error]    |  String | Null could be null at runtime.
[error]    |  If you want to select toLowerCase without checking for a null value,
[error]    |  insert a .nn before .toLowerCase or import scala.language.unsafeNulls.
[error] -- [E007] Type Mismatch Error: /Users/y3536zha/Desktop/scala_explicit/scala_flexible_type_with_test_script/community-build/community-projects/betterfiles/core/src/main/scala/better/files/File.scala:82:50 
[error] 82 |      if (toLowerCase) extension.toLowerCase else extension
[error]    |                                                  ^^^^^^^^^
[error]    |                                   Found:    (extension : String | Null)
[error]    |                                   Required: String
[error]    |
[error]    | longer explanation available when compiling with `-explain`
[error] -- [E007] Type Mismatch Error: /Users/y3536zha/Desktop/scala_explicit/scala_flexible_type_with_test_script/community-build/community-projects/betterfiles/core/src/main/scala/better/files/File.scala:106:33 
[error] 106 |    Option(Files.probeContentType(path))
[error]     |           ^^^^^^^^^^^^^^^^^^^^^^^^^^^^
[error]     |           Found:    String | Null
[error]     |           Required: String
[error]     |
[error]     | longer explanation available when compiling with `-explain`
[error] -- [E172] Type Error: /Users/y3536zha/Desktop/scala_explicit/scala_flexible_type_with_test_script/community-build/community-projects/betterfiles/core/src/main/scala/better/files/File.scala:117:23 
[error] 117 |    parentOption.orNull
[error]     |                       ^
[error]     |                       Cannot prove that Null <:< better.files.File.
[error] -- [E134] Type Error: /Users/y3536zha/Desktop/scala_explicit/scala_flexible_type_with_test_script/community-build/community-projects/betterfiles/core/src/main/scala/better/files/File.scala:124:36 
[error] 124 |    Option(path.getParent).map(File.apply)
[error]     |                               ^^^^^^^^^^
[error]     |None of the overloaded alternatives of method apply in object File with types
[error]     | (uri: java.net.URI): better.files.File
[error]     | (url: java.net.URL): better.files.File
[error]     | (anchor: better.files.File, path: String, fragments: String*): better.files.File
[error]     | (path: String, fragments: String*): better.files.File
[error]     | (path: java.nio.file.Path): better.files.File
[error]     |match expected type java.nio.file.Path | Null => B
[error]     |
[error]     |where:    B is a type variable with constraint <: better.files.File
[error] -- [E007] Type Mismatch Error: /Users/y3536zha/Desktop/scala_explicit/scala_flexible_type_with_test_script/community-build/community-projects/betterfiles/core/src/main/scala/better/files/File.scala:127:16 
[error] 127 |    path.resolve(child)
[error]     |    ^^^^^^^^^^^^^^^^^^^
[error]     |    Found:    java.nio.file.Path | Null
[error]     |    Required: better.files.File
[error]     |
[error]     | longer explanation available when compiling with `-explain`
[error] -- [E007] Type Mismatch Error: /Users/y3536zha/Desktop/scala_explicit/scala_flexible_type_with_test_script/community-build/community-projects/betterfiles/core/src/main/scala/better/files/File.scala:191:23 
[error] 191 |    path.resolveSibling(name)
[error]     |    ^^^^^^^^^^^^^^^^^^^^^^^^^
[error]     |    Found:    java.nio.file.Path | Null
[error]     |    Required: better.files.File
[error]     |
[error]     | longer explanation available when compiling with `-explain`
[error] -- [E007] Type Mismatch Error: /Users/y3536zha/Desktop/scala_explicit/scala_flexible_type_with_test_script/community-build/community-projects/betterfiles/core/src/main/scala/better/files/File.scala:218:22 
[error] 218 |    Files.readAllBytes(path)
[error]     |    ^^^^^^^^^^^^^^^^^^^^^^^^
[error]     |    Found:    Array[Byte] | Null
[error]     |    Required: Array[Byte]
[error]     |
[error]     | longer explanation available when compiling with `-explain`
[error] -- [E008] Not Found Error: /Users/y3536zha/Desktop/scala_explicit/scala_flexible_type_with_test_script/community-build/community-projects/betterfiles/core/src/main/scala/better/files/File.scala:266:38 
[error] 266 |    Files.readAllLines(path, charset).asScala
[error]     |    ^^^^^^^^^^^^^^^^^^^^^^^^^^^^^^^^^^^^^^^^^
[error]     |  value asScala is not a member of java.util.List[String] | Null.
[error]     |  An extension method was tried, but could not be fully constructed:
[error]     |
[error]     |      collection.JavaConverters.collectionAsScalaIterableConverter[A](
[error]     |        java.nio.file.Files.readAllLines(File.this.path, charset))
[error] -- [E008] Not Found Error: /Users/y3536zha/Desktop/scala_explicit/scala_flexible_type_with_test_script/community-build/community-projects/betterfiles/core/src/main/scala/better/files/File.scala:277:31 
[error] 277 |    Files.lines(path, charset).toAutoClosedIterator
[error]     |    ^^^^^^^^^^^^^^^^^^^^^^^^^^^^^^^^^^^^^^^^^^^^^^^
[error]     |value toAutoClosedIterator is not a member of java.util.stream.Stream[String] | Null.
[error]     |An extension method was tried, but could not be fully constructed:
[error]     |
[error]     |    better.files.JStreamOps[A](java.nio.file.Files.lines(File.this.path, charset))
[error] -- [E007] Type Mismatch Error: /Users/y3536zha/Desktop/scala_explicit/scala_flexible_type_with_test_script/community-build/community-projects/betterfiles/core/src/main/scala/better/files/File.scala:314:33 
[error] 314 |    appendByteArray(text.getBytes(charset))
[error]     |                    ^^^^^^^^^^^^^^^^^^^^^^
[error]     |                    Found:    Array[Byte] | Null
[error]     |                    Required: Array[Byte]
[error]     |
[error]     | longer explanation available when compiling with `-explain`
[error] -- [E007] Type Mismatch Error: /Users/y3536zha/Desktop/scala_explicit/scala_flexible_type_with_test_script/community-build/community-projects/betterfiles/core/src/main/scala/better/files/File.scala:357:32 
[error] 357 |    writeByteArray(text.getBytes(charset))(openOptions)
[error]     |                   ^^^^^^^^^^^^^^^^^^^^^^
[error]     |                   Found:    Array[Byte] | Null
[error]     |                   Required: Array[Byte]
[error]     |
[error]     | longer explanation available when compiling with `-explain`
[error] -- [E007] Type Mismatch Error: /Users/y3536zha/Desktop/scala_explicit/scala_flexible_type_with_test_script/community-build/community-projects/betterfiles/core/src/main/scala/better/files/File.scala:382:27 
[error] 382 |    Files.newBufferedReader(path, charset)
[error]     |    ^^^^^^^^^^^^^^^^^^^^^^^^^^^^^^^^^^^^^^
[error]     |    Found:    java.io.BufferedReader | Null
[error]     |    Required: java.io.BufferedReader
[error]     |
[error]     | longer explanation available when compiling with `-explain`
[error] -- [E007] Type Mismatch Error: /Users/y3536zha/Desktop/scala_explicit/scala_flexible_type_with_test_script/community-build/community-projects/betterfiles/core/src/main/scala/better/files/File.scala:392:27 
[error] 392 |    Files.newBufferedWriter(path, charset, openOptions: _*)
[error]     |    ^^^^^^^^^^^^^^^^^^^^^^^^^^^^^^^^^^^^^^^^^^^^^^^^^^^^^^^
[error]     |    Found:    java.io.BufferedWriter | Null
[error]     |    Required: java.io.BufferedWriter
[error]     |
[error]     | longer explanation available when compiling with `-explain`
[error] -- [E007] Type Mismatch Error: /Users/y3536zha/Desktop/scala_explicit/scala_flexible_type_with_test_script/community-build/community-projects/betterfiles/core/src/main/scala/better/files/File.scala:428:24 
[error] 428 |    Files.newInputStream(path, openOptions: _*)
[error]     |    ^^^^^^^^^^^^^^^^^^^^^^^^^^^^^^^^^^^^^^^^^^^
[error]     |    Found:    java.io.InputStream | Null
[error]     |    Required: java.io.InputStream
[error]     |
[error]     | longer explanation available when compiling with `-explain`
[error] -- [E007] Type Mismatch Error: /Users/y3536zha/Desktop/scala_explicit/scala_flexible_type_with_test_script/community-build/community-projects/betterfiles/core/src/main/scala/better/files/File.scala:475:25 
[error] 475 |    Files.newOutputStream(path, openOptions: _*)
[error]     |    ^^^^^^^^^^^^^^^^^^^^^^^^^^^^^^^^^^^^^^^^^^^^
[error]     |    Found:    java.io.OutputStream | Null
[error]     |    Required: java.io.OutputStream
[error]     |
[error]     | longer explanation available when compiling with `-explain`
[error] -- [E007] Type Mismatch Error: /Users/y3536zha/Desktop/scala_explicit/scala_flexible_type_with_test_script/community-build/community-projects/betterfiles/core/src/main/scala/better/files/File.scala:525:20 
[error] 525 |    FileChannel.open(path, openOptions.toSet.asJava, attributes: _*)
[error]     |    ^^^^^^^^^^^^^^^^^^^^^^^^^^^^^^^^^^^^^^^^^^^^^^^^^^^^^^^^^^^^^^^^
[error]     |    Found:    java.nio.channels.FileChannel | Null
[error]     |    Required: java.nio.channels.FileChannel
[error]     |
[error]     | longer explanation available when compiling with `-explain`
[error] -- [E007] Type Mismatch Error: /Users/y3536zha/Desktop/scala_explicit/scala_flexible_type_with_test_script/community-build/community-projects/betterfiles/core/src/main/scala/better/files/File.scala:538:32 
[error] 538 |    AsynchronousFileChannel.open(path, openOptions: _*)
[error]     |    ^^^^^^^^^^^^^^^^^^^^^^^^^^^^^^^^^^^^^^^^^^^^^^^^^^^
[error]     |    Found:    java.nio.channels.AsynchronousFileChannel | Null
[error]     |    Required: java.nio.channels.AsynchronousFileChannel
[error]     |
[error]     | longer explanation available when compiling with `-explain`
[error] -- [E007] Type Mismatch Error: /Users/y3536zha/Desktop/scala_explicit/scala_flexible_type_with_test_script/community-build/community-projects/betterfiles/core/src/main/scala/better/files/File.scala:547:30 
[error] 547 |    fileSystem.newWatchService()
[error]     |    ^^^^^^^^^^^^^^^^^^^^^^^^^^^^
[error]     |    Found:    java.nio.file.WatchService | Null
[error]     |    Required: java.nio.file.WatchService
[error]     |
[error]     | longer explanation available when compiling with `-explain`
[error] -- [E134] Type Error: /Users/y3536zha/Desktop/scala_explicit/scala_flexible_type_with_test_script/community-build/community-projects/betterfiles/core/src/main/scala/better/files/File.scala:576:9 
[error] 576 |    path.register(service, events.toArray)
[error]     |    ^^^^^^^^^^^^^
[error]     |None of the overloaded alternatives of method register in trait Path with types
[error]     | (x$0: java.nio.file.WatchService | Null, x$1: (java.nio.file.WatchEvent#Kind[?]
[error]     |  | Null)*): java.nio.file.WatchKey | Null
[error]     | (x$0: java.nio.file.WatchService | Null,
[error]     |  x$1: Array[java.nio.file.WatchEvent#Kind[?] | Null] | Null, x$2: (
[error]     |  java.nio.file.WatchEvent#Modifier | Null)*): java.nio.file.WatchKey | Null
[error]     |match arguments ((service : java.nio.file.WatchService), Array[java.nio.file.WatchEvent.Kind[?]])
[error] -- [E007] Type Mismatch Error: /Users/y3536zha/Desktop/scala_explicit/scala_flexible_type_with_test_script/community-build/community-projects/betterfiles/core/src/main/scala/better/files/File.scala:582:35 
[error] 582 |      val file: File = path.resolve(relativePath)
[error]     |                       ^^^^^^^^^^^^^^^^^^^^^^^^^^
[error]     |                       Found:    java.nio.file.Path | Null
[error]     |                       Required: better.files.File
[error]     |
[error]     | longer explanation available when compiling with `-explain`
[error] -- [E007] Type Mismatch Error: /Users/y3536zha/Desktop/scala_explicit/scala_flexible_type_with_test_script/community-build/community-projects/betterfiles/core/src/main/scala/better/files/File.scala:589:20 
[error] 589 |    algorithm.digest()
[error]     |    ^^^^^^^^^^^^^^^^^^
[error]     |    Found:    Array[Byte] | Null
[error]     |    Required: Array[Byte]
[error]     |
[error]     | longer explanation available when compiling with `-explain`
[error] -- [E007] Type Mismatch Error: /Users/y3536zha/Desktop/scala_explicit/scala_flexible_type_with_test_script/community-build/community-projects/betterfiles/core/src/main/scala/better/files/File.scala:614:36 
[error] 614 |    DatatypeConverter.printHexBinary(digest(algorithm))
[error]     |    ^^^^^^^^^^^^^^^^^^^^^^^^^^^^^^^^^^^^^^^^^^^^^^^^^^^
[error]     |    Found:    String | Null
[error]     |    Required: String
[error]     |
[error]     | longer explanation available when compiling with `-explain`
[error] -- [E007] Type Mismatch Error: /Users/y3536zha/Desktop/scala_explicit/scala_flexible_type_with_test_script/community-build/community-projects/betterfiles/core/src/main/scala/better/files/File.scala:632:56 
[error] 632 |    when(isSymbolicLink)(new File(Files.readSymbolicLink(path)))
[error]     |                                  ^^^^^^^^^^^^^^^^^^^^^^^^^^^^
[error]     |                                  Found:    java.nio.file.Path | Null
[error]     |                                  Required: java.nio.file.Path
[error]     |
[error]     | longer explanation available when compiling with `-explain`
[error] -- [E008] Not Found Error: /Users/y3536zha/Desktop/scala_explicit/scala_flexible_type_with_test_script/community-build/community-projects/betterfiles/core/src/main/scala/better/files/File.scala:671:50 
[error] 671 |        channel.tryLock(position, size, isShared).release()
[error]     |        ^^^^^^^^^^^^^^^^^^^^^^^^^^^^^^^^^^^^^^^^^^^^^^^^^
[error]     |   value release is not a member of java.nio.channels.FileLock | Null.
[error]     |   Since explicit-nulls is enabled, the selection is rejected because
[error]     |   java.nio.channels.FileLock | Null could be null at runtime.
[error]     |   If you want to select release without checking for a null value,
[error]     |   insert a .nn before .release or import scala.language.unsafeNulls.
[error] -- [E008] Not Found Error: /Users/y3536zha/Desktop/scala_explicit/scala_flexible_type_with_test_script/community-build/community-projects/betterfiles/core/src/main/scala/better/files/File.scala:701:37 
[error] 701 |    newRandomAccess(mode).getChannel.autoClosed.apply(f)
[error]     |    ^^^^^^^^^^^^^^^^^^^^^^^^^^^^^^^^^^^^^^^^^^^
[error]     |value autoClosed is not a member of java.nio.channels.FileChannel | Null.
[error]     |An extension method was tried, but could not be fully constructed:
[error]     |
[error]     |    better.files.CloseableOps[A](this.newRandomAccess(mode).getChannel())
[error] -- [E007] Type Mismatch Error: /Users/y3536zha/Desktop/scala_explicit/scala_flexible_type_with_test_script/community-build/community-projects/betterfiles/core/src/main/scala/better/files/File.scala:710:14 
[error] 710 |    Files.list(path)
[error]     |    ^^^^^^^^^^^^^^^^
[error]     |    Found:    java.util.stream.Stream[java.nio.file.Path] | Null
[error]     |    Required: better.files.Files
[error]     |
[error]     | longer explanation available when compiling with `-explain`
[error] -- [E007] Type Mismatch Error: /Users/y3536zha/Desktop/scala_explicit/scala_flexible_type_with_test_script/community-build/community-projects/betterfiles/core/src/main/scala/better/files/File.scala:726:14 
[error] 726 |    Files.walk(path, maxDepth, visitOptions: _*) //TODO: that ignores I/O errors?
[error]     |    ^^^^^^^^^^^^^^^^^^^^^^^^^^^^^^^^^^^^^^^^^^^^
[error]     |    Found:    java.util.stream.Stream[java.nio.file.Path] | Null
[error]     |    Required: better.files.Files
[error]     |
[error]     | longer explanation available when compiling with `-explain`
[error] -- [E007] Type Mismatch Error: /Users/y3536zha/Desktop/scala_explicit/scala_flexible_type_with_test_script/community-build/community-projects/betterfiles/core/src/main/scala/better/files/File.scala:780:4 
[error] 780 |    path.toUri
[error]     |    ^^^^^^^^^^
[error]     |    Found:    java.net.URI | Null
[error]     |    Required: java.net.URI
[error]     |
[error]     | longer explanation available when compiling with `-explain`
[error] -- [E007] Type Mismatch Error: /Users/y3536zha/Desktop/scala_explicit/scala_flexible_type_with_test_script/community-build/community-projects/betterfiles/core/src/main/scala/better/files/File.scala:783:4 
[error] 783 |    uri.toURL
[error]     |    ^^^^^^^^^
[error]     |    Found:    java.net.URL | Null
[error]     |    Required: java.net.URL
[error]     |
[error]     | longer explanation available when compiling with `-explain`
[error] -- [E008] Not Found Error: /Users/y3536zha/Desktop/scala_explicit/scala_flexible_type_with_test_script/community-build/community-projects/betterfiles/core/src/main/scala/better/files/File.scala:792:57 
[error] 792 |    Files.getPosixFilePermissions(path, linkOptions: _*).asScala.toSet
[error]     |    ^^^^^^^^^^^^^^^^^^^^^^^^^^^^^^^^^^^^^^^^^^^^^^^^^^^^^^^^^^^^
[error]     |value asScala is not a member of java.util.Set[java.nio.file.attribute.PosixFilePermission] | Null.
[error]     |An extension method was tried, but could not be fully constructed:
[error]     |
[error]     |    collection.JavaConverters.collectionAsScalaIterableConverter[A](
[error]     |      java.nio.file.Files.getPosixFilePermissions(File.this.path, linkOptions*))
[error] -- [E007] Type Mismatch Error: /Users/y3536zha/Desktop/scala_explicit/scala_flexible_type_with_test_script/community-build/community-projects/betterfiles/core/src/main/scala/better/files/File.scala:869:24 
[error] 869 |    Files.readAttributes(path, classOf[BasicFileAttributes], linkOptions: _*)
[error]     |    ^^^^^^^^^^^^^^^^^^^^^^^^^^^^^^^^^^^^^^^^^^^^^^^^^^^^^^^^^^^^^^^^^^^^^^^^^
[error]     |    Found:    java.nio.file.attribute.BasicFileAttributes | Null
[error]     |    Required: java.nio.file.attribute.BasicFileAttributes
[error]     |
[error]     | longer explanation available when compiling with `-explain`
[error] -- [E007] Type Mismatch Error: /Users/y3536zha/Desktop/scala_explicit/scala_flexible_type_with_test_script/community-build/community-projects/betterfiles/core/src/main/scala/better/files/File.scala:872:24 
[error] 872 |    Files.readAttributes(path, classOf[PosixFileAttributes], linkOptions: _*)
[error]     |    ^^^^^^^^^^^^^^^^^^^^^^^^^^^^^^^^^^^^^^^^^^^^^^^^^^^^^^^^^^^^^^^^^^^^^^^^^
[error]     |    Found:    java.nio.file.attribute.PosixFileAttributes | Null
[error]     |    Required: java.nio.file.attribute.PosixFileAttributes
[error]     |
[error]     | longer explanation available when compiling with `-explain`
[error] -- [E007] Type Mismatch Error: /Users/y3536zha/Desktop/scala_explicit/scala_flexible_type_with_test_script/community-build/community-projects/betterfiles/core/src/main/scala/better/files/File.scala:875:24 
[error] 875 |    Files.readAttributes(path, classOf[DosFileAttributes], linkOptions: _*)
[error]     |    ^^^^^^^^^^^^^^^^^^^^^^^^^^^^^^^^^^^^^^^^^^^^^^^^^^^^^^^^^^^^^^^^^^^^^^^
[error]     |    Found:    java.nio.file.attribute.DosFileAttributes | Null
[error]     |    Required: java.nio.file.attribute.DosFileAttributes
[error]     |
[error]     | longer explanation available when compiling with `-explain`
[error] -- [E007] Type Mismatch Error: /Users/y3536zha/Desktop/scala_explicit/scala_flexible_type_with_test_script/community-build/community-projects/betterfiles/core/src/main/scala/better/files/File.scala:878:18 
[error] 878 |    Files.getOwner(path, linkOptions: _*)
[error]     |    ^^^^^^^^^^^^^^^^^^^^^^^^^^^^^^^^^^^^^
[error]     |    Found:    java.nio.file.attribute.UserPrincipal | Null
[error]     |    Required: java.nio.file.attribute.UserPrincipal
[error]     |
[error]     | longer explanation available when compiling with `-explain`
[error] -- [E007] Type Mismatch Error: /Users/y3536zha/Desktop/scala_explicit/scala_flexible_type_with_test_script/community-build/community-projects/betterfiles/core/src/main/scala/better/files/File.scala:881:4 
[error] 881 |    owner(linkOptions).getName
[error]     |    ^^^^^^^^^^^^^^^^^^^^^^^^^^
[error]     |    Found:    String | Null
[error]     |    Required: String
[error]     |
[error]     | longer explanation available when compiling with `-explain`
[error] -- [E007] Type Mismatch Error: /Users/y3536zha/Desktop/scala_explicit/scala_flexible_type_with_test_script/community-build/community-projects/betterfiles/core/src/main/scala/better/files/File.scala:884:38 
[error] 884 |    posixAttributes(linkOptions).group()
[error]     |    ^^^^^^^^^^^^^^^^^^^^^^^^^^^^^^^^^^^^
[error]     |    Found:    java.nio.file.attribute.GroupPrincipal | Null
[error]     |    Required: java.nio.file.attribute.GroupPrincipal
[error]     |
[error]     | longer explanation available when compiling with `-explain`
[error] -- [E007] Type Mismatch Error: /Users/y3536zha/Desktop/scala_explicit/scala_flexible_type_with_test_script/community-build/community-projects/betterfiles/core/src/main/scala/better/files/File.scala:887:4 
[error] 887 |    group(linkOptions).getName
[error]     |    ^^^^^^^^^^^^^^^^^^^^^^^^^^
[error]     |    Found:    String | Null
[error]     |    Required: String
[error]     |
[error]     | longer explanation available when compiling with `-explain`
[error] -- [E008] Not Found Error: /Users/y3536zha/Desktop/scala_explicit/scala_flexible_type_with_test_script/community-build/community-projects/betterfiles/core/src/main/scala/better/files/File.scala:890:66 
[error] 890 |    Files.setOwner(path, fileSystem.getUserPrincipalLookupService.lookupPrincipalByName(owner))
[error]     |                         ^^^^^^^^^^^^^^^^^^^^^^^^^^^^^^^^^^^^^^^^^^^^^^^^^^^^^^^^^^^^^^
[error]     |value lookupPrincipalByName is not a member of java.nio.file.attribute.UserPrincipalLookupService | Null.
[error]     |Since explicit-nulls is enabled, the selection is rejected because
[error]     |java.nio.file.attribute.UserPrincipalLookupService | Null could be null at runtime.
[error]     |If you want to select lookupPrincipalByName without checking for a null value,
[error]     |insert a .nn before .lookupPrincipalByName or import scala.language.unsafeNulls.
[error] -- [E008] Not Found Error: /Users/y3536zha/Desktop/scala_explicit/scala_flexible_type_with_test_script/community-build/community-projects/betterfiles/core/src/main/scala/better/files/File.scala:895:66 
[error] 895 |    Files.setOwner(path, fileSystem.getUserPrincipalLookupService.lookupPrincipalByGroupName(group))
[error]     |                         ^^^^^^^^^^^^^^^^^^^^^^^^^^^^^^^^^^^^^^^^^^^^^^^^^^^^^^^^^^^^^^^^^^^
[error]     |value lookupPrincipalByGroupName is not a member of java.nio.file.attribute.UserPrincipalLookupService | Null.
[error]     |Since explicit-nulls is enabled, the selection is rejected because
[error]     |java.nio.file.attribute.UserPrincipalLookupService | Null could be null at runtime.
[error]     |If you want to select lookupPrincipalByGroupName without checking for a null value,
[error]     |insert a .nn before .lookupPrincipalByGroupName or import scala.language.unsafeNulls.
[error] -- [E008] Not Found Error: /Users/y3536zha/Desktop/scala_explicit/scala_flexible_type_with_test_script/community-build/community-projects/betterfiles/core/src/main/scala/better/files/File.scala:913:53 
[error] 913 |    Files.getLastModifiedTime(path, linkOptions: _*).toInstant
[error]     |    ^^^^^^^^^^^^^^^^^^^^^^^^^^^^^^^^^^^^^^^^^^^^^^^^^^^^^^^^^^
[error]     |value toInstant is not a member of java.nio.file.attribute.FileTime | Null.
[error]     |Since explicit-nulls is enabled, the selection is rejected because
[error]     |java.nio.file.attribute.FileTime | Null could be null at runtime.
[error]     |If you want to select toInstant without checking for a null value,
[error]     |insert a .nn before .toInstant or import scala.language.unsafeNulls.
[error] -- [E007] Type Mismatch Error: /Users/y3536zha/Desktop/scala_explicit/scala_flexible_type_with_test_script/community-build/community-projects/betterfiles/core/src/main/scala/better/files/File.scala:931:30 
[error] 931 |    moveTo(path.resolveSibling(newName))
[error]     |           ^^^^^^^^^^^^^^^^^^^^^^^^^^^^
[error]     |           Found:    java.nio.file.Path | Null
[error]     |           Required: better.files.File
[error]     |
[error]     | longer explanation available when compiling with `-explain`
[error] -- [E007] Type Mismatch Error: /Users/y3536zha/Desktop/scala_explicit/scala_flexible_type_with_test_script/community-build/community-projects/betterfiles/core/src/main/scala/better/files/File.scala:971:69 
[error] 971 |          def newPath(subPath: Path): Path = destination.path.resolve(path.relativize(subPath))
[error]     |                                             ^^^^^^^^^^^^^^^^^^^^^^^^^^^^^^^^^^^^^^^^^^^^^^^^^^
[error]     |                                   Found:    java.nio.file.Path | Null
[error]     |                                   Required: java.nio.file.Path
[error]     |
[error]     | longer explanation available when compiling with `-explain`
[error] -- [E007] Type Mismatch Error: /Users/y3536zha/Desktop/scala_explicit/scala_flexible_type_with_test_script/community-build/community-projects/betterfiles/core/src/main/scala/better/files/File.scala:1033:19 
[error] 1033 |    path.relativize(destination.path)
[error]      |    ^^^^^^^^^^^^^^^^^^^^^^^^^^^^^^^^^
[error]      |    Found:    java.nio.file.Path | Null
[error]      |    Required: java.nio.file.Path
[error]      |
[error]      | longer explanation available when compiling with `-explain`
[error] -- [E008] Not Found Error: /Users/y3536zha/Desktop/scala_explicit/scala_flexible_type_with_test_script/community-build/community-projects/betterfiles/core/src/main/scala/better/files/File.scala:1154:35 
[error] 1154 |      entry   <- zipFile.entries().asScala if zipFilter(entry)
[error]      |                 ^^^^^^^^^^^^^^^^^^^^^^^^^
[error]      |value asScala is not a member of java.util.Enumeration[? <: java.util.zip.ZipEntry] | Null.
[error]      |An extension method was tried, but could not be fully constructed:
[error]      |
[error]      |    collection.JavaConverters.enumerationAsScalaIteratorConverter[A](
[error]      |      zipFile.entries())
[error] -- [E007] Type Mismatch Error: /Users/y3536zha/Desktop/scala_explicit/scala_flexible_type_with_test_script/community-build/community-projects/betterfiles/core/src/main/scala/better/files/File.scala:23:74 
[error] 23 |class File private (val path: Path)(implicit val fileSystem: FileSystem = path.getFileSystem) {
[error]    |                                                                          ^^^^^^^^^^^^^^^^^^
[error]    |                               Found:    java.nio.file.FileSystem | Null
[error]    |                               Required: java.nio.file.FileSystem
[error]    |
[error]    | longer explanation available when compiling with `-explain`
[error] -- [E008] Not Found Error: /Users/y3536zha/Desktop/scala_explicit/scala_flexible_type_with_test_script/community-build/community-projects/betterfiles/core/src/main/scala/better/files/package.scala:45:67 
[error] 45 |  private[files] def currentClassLoader() = Thread.currentThread().getContextClassLoader
[error]    |                                            ^^^^^^^^^^^^^^^^^^^^^^^^^^^^^^^^^^^^^^^^^^^^
[error]    |value getContextClassLoader is not a member of Thread | Null.
[error]    |Since explicit-nulls is enabled, the selection is rejected because
[error]    |Thread | Null could be null at runtime.
[error]    |If you want to select getContextClassLoader without checking for a null value,
[error]    |insert a .nn before .getContextClassLoader or import scala.language.unsafeNulls.
[error] -- [E007] Type Mismatch Error: /Users/y3536zha/Desktop/scala_explicit/scala_flexible_type_with_test_script/community-build/community-projects/betterfiles/core/src/main/scala/better/files/File.scala:1295:49 
[error] 1295 |      case Some(dir) => Files.createTempDirectory(dir.path, prefix, attributes: _*)
[error]      |                        ^^^^^^^^^^^^^^^^^^^^^^^^^^^^^^^^^^^^^^^^^^^^^^^^^^^^^^^^^^^
[error]      |                        Found:    java.nio.file.Path | Null
[error]      |                        Required: better.files.File
[error]      |
[error]      | longer explanation available when compiling with `-explain`
[error] -- [E007] Type Mismatch Error: /Users/y3536zha/Desktop/scala_explicit/scala_flexible_type_with_test_script/community-build/community-projects/betterfiles/core/src/main/scala/better/files/File.scala:1296:49 
[error] 1296 |      case _         => Files.createTempDirectory(prefix, attributes: _*)
[error]      |                        ^^^^^^^^^^^^^^^^^^^^^^^^^^^^^^^^^^^^^^^^^^^^^^^^^
[error]      |                        Found:    java.nio.file.Path | Null
[error]      |                        Required: better.files.File
[error]      |
[error]      | longer explanation available when compiling with `-explain`
[error] -- [E007] Type Mismatch Error: /Users/y3536zha/Desktop/scala_explicit/scala_flexible_type_with_test_script/community-build/community-projects/betterfiles/core/src/main/scala/better/files/File.scala:1323:44 
[error] 1323 |      case Some(dir) => Files.createTempFile(dir.path, prefix, suffix, attributes: _*)
[error]      |                        ^^^^^^^^^^^^^^^^^^^^^^^^^^^^^^^^^^^^^^^^^^^^^^^^^^^^^^^^^^^^^^
[error]      |                        Found:    java.nio.file.Path | Null
[error]      |                        Required: better.files.File
[error]      |
[error]      | longer explanation available when compiling with `-explain`
[error] -- [E007] Type Mismatch Error: /Users/y3536zha/Desktop/scala_explicit/scala_flexible_type_with_test_script/community-build/community-projects/betterfiles/core/src/main/scala/better/files/File.scala:1324:44 
[error] 1324 |      case _         => Files.createTempFile(prefix, suffix, attributes: _*)
[error]      |                        ^^^^^^^^^^^^^^^^^^^^^^^^^^^^^^^^^^^^^^^^^^^^^^^^^^^^
[error]      |                        Found:    java.nio.file.Path | Null
[error]      |                        Required: better.files.File
[error]      |
[error]      | longer explanation available when compiling with `-explain`
[error] -- [E008] Not Found Error: /Users/y3536zha/Desktop/scala_explicit/scala_flexible_type_with_test_script/community-build/community-projects/betterfiles/core/src/main/scala/better/files/File.scala:1346:33 
[error] 1346 |    new File(path.toAbsolutePath.normalize())
[error]      |             ^^^^^^^^^^^^^^^^^^^^^^^^^^^^^
[error]      |value normalize is not a member of java.nio.file.Path | Null.
[error]      |Since explicit-nulls is enabled, the selection is rejected because
[error]      |java.nio.file.Path | Null could be null at runtime.
[error]      |If you want to select normalize without checking for a null value,
[error]      |insert a .nn before .normalize or import scala.language.unsafeNulls.
[error] -- [E007] Type Mismatch Error: /Users/y3536zha/Desktop/scala_explicit/scala_flexible_type_with_test_script/community-build/community-projects/betterfiles/core/src/main/scala/better/files/File.scala:1349:13 
[error] 1349 |    Paths.get(path, fragments: _*)
[error]      |    ^^^^^^^^^^^^^^^^^^^^^^^^^^^^^^
[error]      |    Found:    java.nio.file.Path | Null
[error]      |    Required: better.files.File
[error]      |
[error]      | longer explanation available when compiling with `-explain`
[error] -- [E008] Not Found Error: /Users/y3536zha/Desktop/scala_explicit/scala_flexible_type_with_test_script/community-build/community-projects/betterfiles/core/src/main/scala/better/files/File.scala:1370:10 
[error] 1370 |    if (p.isAbsolute) {
[error]      |        ^^^^^^^^^^^^
[error]      |value isAbsolute is not a member of java.nio.file.Path | Null.
[error]      |Since explicit-nulls is enabled, the selection is rejected because
[error]      |java.nio.file.Path | Null could be null at runtime.
[error]      |If you want to select isAbsolute without checking for a null value,
[error]      |insert a .nn before .isAbsolute or import scala.language.unsafeNulls.
[error] -- [E007] Type Mismatch Error: /Users/y3536zha/Desktop/scala_explicit/scala_flexible_type_with_test_script/community-build/community-projects/betterfiles/core/src/main/scala/better/files/File.scala:1371:6 
[error] 1371 |      p
[error]      |      ^
[error]      |      Found:    (p : java.nio.file.Path | Null)
[error]      |      Required: better.files.File
[error]      |
[error]      | longer explanation available when compiling with `-explain`
[error] -- [E134] Type Error: /Users/y3536zha/Desktop/scala_explicit/scala_flexible_type_with_test_script/community-build/community-projects/betterfiles/core/src/main/scala/better/files/File.scala:1380:4 
[error] 1380 |    apply(url.toURI)
[error]      |    ^^^^^
[error]      |None of the overloaded alternatives of method apply in object File with types
[error]      | (uri: java.net.URI): better.files.File
[error]      | (url: java.net.URL): better.files.File
[error]      | (anchor: better.files.File, path: String, fragments: String*): better.files.File
[error]      | (path: String, fragments: String*): better.files.File
[error]      | (path: java.nio.file.Path): better.files.File
[error]      |match arguments (java.net.URI | Null)
[error] -- [E007] Type Mismatch Error: /Users/y3536zha/Desktop/scala_explicit/scala_flexible_type_with_test_script/community-build/community-projects/betterfiles/core/src/main/scala/better/files/File.scala:1383:13 
[error] 1383 |    Paths.get(uri)
[error]      |    ^^^^^^^^^^^^^^
[error]      |    Found:    java.nio.file.Path | Null
[error]      |    Required: better.files.File
[error]      |
[error]      | longer explanation available when compiling with `-explain`
[error] -- [E008] Not Found Error: /Users/y3536zha/Desktop/scala_explicit/scala_flexible_type_with_test_script/community-build/community-projects/betterfiles/core/src/main/scala/better/files/File.scala:1386:27 
[error] 1386 |    FileSystems.getDefault.getRootDirectories.asScala.map(File.apply)
[error]      |    ^^^^^^^^^^^^^^^^^^^^^^^^^^^^^^^^^^^^^^^^^
[error]      |value getRootDirectories is not a member of java.nio.file.FileSystem | Null.
[error]      |Since explicit-nulls is enabled, the selection is rejected because
[error]      |java.nio.file.FileSystem | Null could be null at runtime.
[error]      |If you want to select getRootDirectories without checking for a null value,
[error]      |insert a .nn before .getRootDirectories or import scala.language.unsafeNulls.
[error] -- [E007] Type Mismatch Error: /Users/y3536zha/Desktop/scala_explicit/scala_flexible_type_with_test_script/community-build/community-projects/betterfiles/core/src/main/scala/better/files/File.scala:1414:50 
[error] 1414 |    val all: Events = Seq(StandardWatchEventKinds.ENTRY_CREATE,
[error]      |                          ^^^^^^^^^^^^^^^^^^^^^^^^^^^^^^^^^^^^
[error]      |     Found:    (java.nio.file.StandardWatchEventKinds.ENTRY_CREATE :
[error]      |       java.nio.file.WatchEvent#Kind[java.nio.file.Path] | Null)
[error]      |     Required: java.nio.file.WatchEvent.Kind[?]
[error]      |
[error]      | longer explanation available when compiling with `-explain`
[error] -- [E007] Type Mismatch Error: /Users/y3536zha/Desktop/scala_explicit/scala_flexible_type_with_test_script/community-build/community-projects/betterfiles/core/src/main/scala/better/files/File.scala:1415:50 
[error] 1415 |                          StandardWatchEventKinds.ENTRY_MODIFY,
[error]      |                          ^^^^^^^^^^^^^^^^^^^^^^^^^^^^^^^^^^^^
[error]      |     Found:    (java.nio.file.StandardWatchEventKinds.ENTRY_MODIFY :
[error]      |       java.nio.file.WatchEvent#Kind[java.nio.file.Path] | Null)
[error]      |     Required: java.nio.file.WatchEvent.Kind[?]
[error]      |
[error]      | longer explanation available when compiling with `-explain`
[error] -- [E007] Type Mismatch Error: /Users/y3536zha/Desktop/scala_explicit/scala_flexible_type_with_test_script/community-build/community-projects/betterfiles/core/src/main/scala/better/files/File.scala:1416:50 
[error] 1416 |                          StandardWatchEventKinds.ENTRY_DELETE)
[error]      |                          ^^^^^^^^^^^^^^^^^^^^^^^^^^^^^^^^^^^^
[error]      |     Found:    (java.nio.file.StandardWatchEventKinds.ENTRY_DELETE :
[error]      |       java.nio.file.WatchEvent#Kind[java.nio.file.Path] | Null)
[error]      |     Required: java.nio.file.WatchEvent.Kind[?]
[error]      |
[error]      | longer explanation available when compiling with `-explain`
[error] -- [E007] Type Mismatch Error: /Users/y3536zha/Desktop/scala_explicit/scala_flexible_type_with_test_script/community-build/community-projects/betterfiles/core/src/main/scala/better/files/File.scala:1463:36 
[error] 1463 |      file.fileSystem.getPathMatcher(s"$name:$escapedPath$pattern")
[error]      |      ^^^^^^^^^^^^^^^^^^^^^^^^^^^^^^^^^^^^^^^^^^^^^^^^^^^^^^^^^^^^^
[error]      |      Found:    java.nio.file.PathMatcher | Null
[error]      |      Required: java.nio.file.PathMatcher
[error]      |
[error]      | longer explanation available when compiling with `-explain`
[error] -- [E007] Type Mismatch Error: /Users/y3536zha/Desktop/scala_explicit/scala_flexible_type_with_test_script/community-build/community-projects/betterfiles/core/src/main/scala/better/files/File.scala:1482:59 
[error] 1482 |      override def escapePath(path: String) = Pattern.quote(path)
[error]      |                                              ^^^^^^^^^^^^^^^^^^^
[error]      |                                             Found:    String | Null
[error]      |                                             Required: String
[error]      |
[error]      | longer explanation available when compiling with `-explain`
[error] -- [E008] Not Found Error: /Users/y3536zha/Desktop/scala_explicit/scala_flexible_type_with_test_script/community-build/community-projects/betterfiles/core/src/main/scala/better/files/File.scala:1498:7 
[error] 1497 |    java.lang.management.ManagementFactory.getPlatformMBeanServer
[error] 1498 |      .getAttribute(new javax.management.ObjectName("java.lang:type=OperatingSystem"), "OpenFileDescriptorCount")
[error]      |    ^
[error]      |value getAttribute is not a member of javax.management.MBeanServer | Null.
[error]      |Since explicit-nulls is enabled, the selection is rejected because
[error]      |javax.management.MBeanServer | Null could be null at runtime.
[error]      |If you want to select getAttribute without checking for a null value,
[error]      |insert a .nn before .getAttribute or import scala.language.unsafeNulls.
[error] -- [E008] Not Found Error: /Users/y3536zha/Desktop/scala_explicit/scala_flexible_type_with_test_script/community-build/community-projects/betterfiles/core/src/main/scala/better/files/FileMonitor.scala:31:21 
[error] 31 |    key.pollEvents().asScala foreach {
[error]    |    ^^^^^^^^^^^^^^^^^^^^^^^^
[error]    |value asScala is not a member of java.util.List[java.nio.file.WatchEvent[?]] | Null.
[error]    |An extension method was tried, but could not be fully constructed:
[error]    |
[error]    |    collection.JavaConverters.collectionAsScalaIterableConverter[A](key.pollEvents()
[error]    |      )
[error] -- [E007] Type Mismatch Error: /Users/y3536zha/Desktop/scala_explicit/scala_flexible_type_with_test_script/community-build/community-projects/betterfiles/core/src/main/scala/better/files/FileMonitor.scala:63:83 
[error] 63 |      override def run() = blocking { Iterator.continually(service.take()).foreach(process) }
[error]    |                                                                                   ^^^^^^^
[error]    |                      Found:    java.nio.file.WatchKey => Boolean
[error]    |                      Required: java.nio.file.WatchKey | Null => Boolean
[error]    |
[error]    | longer explanation available when compiling with `-explain`
[error] -- [E134] Type Error: /Users/y3536zha/Desktop/scala_explicit/scala_flexible_type_with_test_script/community-build/community-projects/betterfiles/core/src/main/scala/better/files/Implicits.scala:42:6 
[error] 42 |      File(file.getPath)
[error]    |      ^^^^
[error]    |None of the overloaded alternatives of method apply in object File with types
[error]    | (uri: java.net.URI): better.files.File
[error]    | (url: java.net.URL): better.files.File
[error]    | (anchor: better.files.File, path: String, fragments: String*): better.files.File
[error]    | (path: String, fragments: String*): better.files.File
[error]    | (path: java.nio.file.Path): better.files.File
[error]    |match arguments (String | Null)
[error] -- [E007] Type Mismatch Error: /Users/y3536zha/Desktop/scala_explicit/scala_flexible_type_with_test_script/community-build/community-projects/betterfiles/core/src/main/scala/better/files/Implicits.scala:122:63 
[error] 122 |            case _: ClassNotFoundException  super.resolveClass(objectStreamClass)
[error]     |                                             ^^^^^^^^^^^^^^^^^^^^^^^^^^^^^^^^^^^^^
[error]     |                                             Found:    Class[?] | Null
[error]     |                                             Required: Class[?]
[error]     |
[error]     | longer explanation available when compiling with `-explain`
[error] -- [E007] Type Mismatch Error: /Users/y3536zha/Desktop/scala_explicit/scala_flexible_type_with_test_script/community-build/community-projects/betterfiles/core/src/main/scala/better/files/Implicits.scala:120:25 
[error] 120 |            Class.forName(objectStreamClass.getName, false, classLoader)
[error]     |            ^^^^^^^^^^^^^^^^^^^^^^^^^^^^^^^^^^^^^^^^^^^^^^^^^^^^^^^^^^^^
[error]     |            Found:    Class[?] | Null
[error]     |            Required: Class[?]
[error]     |
[error]     | longer explanation available when compiling with `-explain`
[error] -- [E007] Type Mismatch Error: /Users/y3536zha/Desktop/scala_explicit/scala_flexible_type_with_test_script/community-build/community-projects/betterfiles/core/src/main/scala/better/files/Implicits.scala:132:100 
[error] 132 |            case _: ClassNotFoundException | _: IllegalArgumentException => super.resolveProxyClass(interfaces)
[error]     |                                                                                                    ^^^^^^^^^^
[error]     |                                Found:    (interfaces : Array[String])
[error]     |                                Required: Array[String | Null] | Null
[error]     |
[error]     | longer explanation available when compiling with `-explain`
[error] -- [E007] Type Mismatch Error: /Users/y3536zha/Desktop/scala_explicit/scala_flexible_type_with_test_script/community-build/community-projects/betterfiles/core/src/main/scala/better/files/Implicits.scala:127:49 
[error] 127 |            java.lang.reflect.Proxy.getProxyClass(
[error]     |            ^
[error]     |            Found:    Class[?] | Null
[error]     |            Required: Class[?]
[error] 128 |              classLoader,
[error] 129 |              interfaces.map(interface => Class.forName(interface, false, classLoader)): _*
[error] 130 |            )
[error]     |
[error]     | longer explanation available when compiling with `-explain`
[error] -- [E007] Type Mismatch Error: /Users/y3536zha/Desktop/scala_explicit/scala_flexible_type_with_test_script/community-build/community-projects/betterfiles/core/src/main/scala/better/files/Implicits.scala:114:35 
[error] 114 |        classLoader: ClassLoader = getClass.getClassLoader,
[error]     |                                   ^^^^^^^^^^^^^^^^^^^^^^^
[error]     |                                   Found:    ClassLoader | Null
[error]     |                                   Required: ClassLoader
[error]     |
[error]     | longer explanation available when compiling with `-explain`
[error] -- [E008] Not Found Error: /Users/y3536zha/Desktop/scala_explicit/scala_flexible_type_with_test_script/community-build/community-projects/betterfiles/core/src/main/scala/better/files/Implicits.scala:141:39 
[error] 141 |      reader(charset).buffered.lines().toAutoClosedIterator
[error]     |      ^^^^^^^^^^^^^^^^^^^^^^^^^^^^^^^^^^^^^^^^^^^^^^^^^^^^^
[error]     |value toAutoClosedIterator is not a member of java.util.stream.Stream[String] | Null.
[error]     |An extension method was tried, but could not be fully constructed:
[error]     |
[error]     |    Implicits.this.JStreamOps[A](
[error]     |      Implicits.this.ReaderOps(this.reader(charset)).buffered.lines())
[error] -- [E008] Not Found Error: /Users/y3536zha/Desktop/scala_explicit/scala_flexible_type_with_test_script/community-build/community-projects/betterfiles/core/src/main/scala/better/files/Implicits.scala:201:21 
[error] 201 |      reader.lines().toAutoClosedIterator.flatMap(splitter.split)
[error]     |      ^^^^^^^^^^^^^^^^^^^^^^^^^^^^^^^^^^^
[error]     |value toAutoClosedIterator is not a member of java.util.stream.Stream[String] | Null.
[error]     |An extension method was tried, but could not be fully constructed:
[error]     |
[error]     |    Implicits.this.JStreamOps[A](BufferedReaderOps.this.reader.lines())
[error] -- [E007] Type Mismatch Error: /Users/y3536zha/Desktop/scala_explicit/scala_flexible_type_with_test_script/community-build/community-projects/betterfiles/core/src/main/scala/better/files/Implicits.scala:214:12 
[error] 214 |      fc.map(FileChannel.MapMode.READ_ONLY, 0, fc.size())
[error]     |      ^^^^^^^^^^^^^^^^^^^^^^^^^^^^^^^^^^^^^^^^^^^^^^^^^^^
[error]     |      Found:    java.nio.MappedByteBuffer | Null
[error]     |      Required: java.nio.MappedByteBuffer
[error]     |
[error]     | longer explanation available when compiling with `-explain`
[error] -- [E007] Type Mismatch Error: /Users/y3536zha/Desktop/scala_explicit/scala_flexible_type_with_test_script/community-build/community-projects/betterfiles/core/src/main/scala/better/files/Implicits.scala:250:42 
[error] 250 |      val relativeName = name.stripSuffix(file.fileSystem.getSeparator)
[error]     |                                          ^^^^^^^^^^^^^^^^^^^^^^^^^^^^
[error]     |                                          Found:    String | Null
[error]     |                                          Required: String
[error]     |
[error]     | longer explanation available when compiling with `-explain`
[error] -- [E007] Type Mismatch Error: /Users/y3536zha/Desktop/scala_explicit/scala_flexible_type_with_test_script/community-build/community-projects/betterfiles/core/src/main/scala/better/files/Implicits.scala:269:27 
[error] 269 |        val result = Try(f(entry))
[error]     |                           ^^^^^
[error]     |                     Found:    (entry : java.util.zip.ZipEntry | Null)
[error]     |                     Required: java.util.zip.ZipEntry
[error]     |
[error]     | longer explanation available when compiling with `-explain`
[error] -- [E007] Type Mismatch Error: /Users/y3536zha/Desktop/scala_explicit/scala_flexible_type_with_test_script/community-build/community-projects/betterfiles/core/src/main/scala/better/files/Implicits.scala:287:38 
[error] 287 |      val child = rootDir.createChild(entry.getName, asDirectory = entry.isDirectory, createParents = true)
[error]     |                                      ^^^^^^^^^^^^^
[error]     |                                      Found:    String | Null
[error]     |                                      Required: String
[error]     |
[error]     | longer explanation available when compiling with `-explain`
[error] -- [E008] Not Found Error: /Users/y3536zha/Desktop/scala_explicit/scala_flexible_type_with_test_script/community-build/community-projects/betterfiles/core/src/main/scala/better/files/Implicits.scala:320:45 
[error] 320 |      stream.autoClosed.flatMap(_.iterator().asScala)
[error]     |                                ^^^^^^^^^^^^^^^^^^^^
[error]     |value asScala is not a member of java.util.Iterator[A] | Null.
[error]     |An extension method was tried, but could not be fully constructed:
[error]     |
[error]     |    collection.JavaConverters.asScalaIteratorConverter[A](_$6.iterator())
[error] -- [E172] Type Error: /Users/y3536zha/Desktop/scala_explicit/scala_flexible_type_with_test_script/community-build/community-projects/betterfiles/core/src/main/scala/better/files/Implicits.scala:320:53 
[error] 320 |      stream.autoClosed.flatMap(_.iterator().asScala)
[error]     |                                                     ^
[error]     |Ambiguous given instances: both object managedResourceFlatMap in trait Implicits and object traversableFlatMap in trait Implicits match type better.files.ManagedResource.FlatMap[F] of parameter fv of method flatMap in class ManagedResource
[error] -- [E007] Type Mismatch Error: /Users/y3536zha/Desktop/scala_explicit/scala_flexible_type_with_test_script/community-build/community-projects/betterfiles/core/src/main/scala/better/files/Implicits.scala:325:55 
[error] 325 |      Ordering.comparatorToOrdering(order.thenComparing(order2))
[error]     |                                    ^^^^^^^^^^^^^^^^^^^^^^^^^^^
[error]     |                              Found:    java.util.Comparator[A] | Null
[error]     |                              Required: java.util.Comparator[A]
[error]     |
[error]     | longer explanation available when compiling with `-explain`
[error] -- [E007] Type Mismatch Error: /Users/y3536zha/Desktop/scala_explicit/scala_flexible_type_with_test_script/community-build/community-projects/betterfiles/core/src/main/scala/better/files/Implicits.scala:329:29 
[error] 329 |    MessageDigest.getInstance(algorithmName)
[error]     |    ^^^^^^^^^^^^^^^^^^^^^^^^^^^^^^^^^^^^^^^^
[error]     |    Found:    java.security.MessageDigest | Null
[error]     |    Required: java.security.MessageDigest
[error]     |
[error]     | longer explanation available when compiling with `-explain`
[error] -- [E007] Type Mismatch Error: /Users/y3536zha/Desktop/scala_explicit/scala_flexible_type_with_test_script/community-build/community-projects/betterfiles/core/src/main/scala/better/files/Implicits.scala:332:19 
[error] 332 |    Charset.forName(charsetName)
[error]     |    ^^^^^^^^^^^^^^^^^^^^^^^^^^^^
[error]     |    Found:    java.nio.charset.Charset | Null
[error]     |    Required: java.nio.charset.Charset
[error]     |
[error]     | longer explanation available when compiling with `-explain`
[error] -- [E007] Type Mismatch Error: /Users/y3536zha/Desktop/scala_explicit/scala_flexible_type_with_test_script/community-build/community-projects/betterfiles/core/src/main/scala/better/files/Implicits.scala:335:51 
[error] 335 |    Iterator.continually(s.nextToken()).withHasNext(s.hasMoreTokens)
[error]     |    ^^^^^^^^^^^^^^^^^^^^^^^^^^^^^^^^^^^^^^^^^^^^^^^^^^^^^^^^^^^^^^^^
[error]     |    Found:    Iterator[String | Null]
[error]     |    Required: Iterator[String]
[error]     |
[error]     | longer explanation available when compiling with `-explain`
[error] -- [E008] Not Found Error: /Users/y3536zha/Desktop/scala_explicit/scala_flexible_type_with_test_script/community-build/community-projects/betterfiles/core/src/main/scala/better/files/ReaderInputStream.scala:19:27 
[error] 19 |        charset.newEncoder.onMalformedInput(CodingErrorAction.REPLACE).onUnmappableCharacter(CodingErrorAction.REPLACE),
[error]    |        ^^^^^^^^^^^^^^^^^^^^^^^^^^^^^^^^^^^
[error]    |value onMalformedInput is not a member of java.nio.charset.CharsetEncoder | Null.
[error]    |Since explicit-nulls is enabled, the selection is rejected because
[error]    |java.nio.charset.CharsetEncoder | Null could be null at runtime.
[error]    |If you want to select onMalformedInput without checking for a null value,
[error]    |insert a .nn before .onMalformedInput or import scala.language.unsafeNulls.
[error] -- [E008] Not Found Error: /Users/y3536zha/Desktop/scala_explicit/scala_flexible_type_with_test_script/community-build/community-projects/betterfiles/core/src/main/scala/better/files/ReaderInputStream.scala:27:64 
[error] 27 |  private[this] val encoderIn = CharBuffer.allocate(bufferSize).flip().asInstanceOf[CharBuffer]
[error]    |                                ^^^^^^^^^^^^^^^^^^^^^^^^^^^^^^^^^^^^
[error]    |      value flip is not a member of java.nio.CharBuffer | Null.
[error]    |      Since explicit-nulls is enabled, the selection is rejected because
[error]    |      java.nio.CharBuffer | Null could be null at runtime.
[error]    |      If you want to select flip without checking for a null value,
[error]    |      insert a .nn before .flip or import scala.language.unsafeNulls.
[error] -- [E008] Not Found Error: /Users/y3536zha/Desktop/scala_explicit/scala_flexible_type_with_test_script/community-build/community-projects/betterfiles/core/src/main/scala/better/files/ReaderInputStream.scala:33:70 
[error] 33 |  private[this] val encoderOut = ByteBuffer.allocate(bufferSize >> 4).flip().asInstanceOf[ByteBuffer]
[error]    |                                 ^^^^^^^^^^^^^^^^^^^^^^^^^^^^^^^^^^^^^^^^^
[error]    |      value flip is not a member of java.nio.ByteBuffer | Null.
[error]    |      Since explicit-nulls is enabled, the selection is rejected because
[error]    |      java.nio.ByteBuffer | Null could be null at runtime.
[error]    |      If you want to select flip without checking for a null value,
[error]    |      insert a .nn before .flip or import scala.language.unsafeNulls.
[error] -- [E008] Not Found Error: /Users/y3536zha/Desktop/scala_explicit/scala_flexible_type_with_test_script/community-build/community-projects/betterfiles/core/src/main/scala/better/files/ReaderInputStream.scala:40:24 
[error] 40 |    if (lastCoderResult.isUnderflow) {
[error]    |        ^^^^^^^^^^^^^^^^^^^^^^^^^^^
[error]    |value isUnderflow is not a member of java.nio.charset.CoderResult | Null.
[error]    |Since explicit-nulls is enabled, the selection is rejected because
[error]    |java.nio.charset.CoderResult | Null could be null at runtime.
[error]    |If you want to select isUnderflow without checking for a null value,
[error]    |insert a .nn before .isUnderflow or import scala.language.unsafeNulls.
[error] -- [E171] Type Error: /Users/y3536zha/Desktop/scala_explicit/scala_flexible_type_with_test_script/community-build/community-projects/betterfiles/core/src/main/scala/better/files/Scanner.scala:23:30 
[error] 23 |  val stdin: Scanner = Scanner(System.in)
[error]    |                       ^^^^^^^^^^^^^^^^^^
[error]    |missing argument for parameter evidence$1 of method apply in object Scanner: (implicit evidence$1: better.files.Scanner.Source[java.io.InputStream | Null]):
[error]    |  better.files.Scanner
[error] -- [E007] Type Mismatch Error: /Users/y3536zha/Desktop/scala_explicit/scala_flexible_type_with_test_script/community-build/community-projects/betterfiles/core/src/main/scala/better/files/Scanner.scala:53:67 
[error] 53 |    override def nextLine()   = Option(reader.readLine()).getOrElse(throw new NoSuchElementException("End of file"))
[error]    |                                ^^^^^^^^^^^^^^^^^^^^^^^^^^^^^^^^^^^^^^^^^^^^^^^^^^^^^^^^^^^^^^^^^^^^^^^^^^^^^^^^^^^^
[error]    |                                Found:    String | Null
[error]    |                                Required: String
[error]    |
[error]    | longer explanation available when compiling with `-explain`
[error] -- [E007] Type Mismatch Error: /Users/y3536zha/Desktop/scala_explicit/scala_flexible_type_with_test_script/community-build/community-projects/betterfiles/core/src/main/scala/better/files/Scanner.scala:85:81 
[error] 85 |      implicit val durationRead: Read[Duration]             = Read(Duration.parse(_))
[error]    |                                                                   ^^^^^^^^^^^^^^^^^
[error]    |                                     Found:    java.time.Duration | Null
[error]    |                                     Required: java.time.Duration
[error]    |
[error]    | longer explanation available when compiling with `-explain`
[error] -- [E007] Type Mismatch Error: /Users/y3536zha/Desktop/scala_explicit/scala_flexible_type_with_test_script/community-build/community-projects/betterfiles/core/src/main/scala/better/files/Scanner.scala:86:80 
[error] 86 |      implicit val instantRead: Read[Instant]               = Read(Instant.parse(_))
[error]    |                                                                   ^^^^^^^^^^^^^^^^
[error]    |                                      Found:    java.time.Instant | Null
[error]    |                                      Required: java.time.Instant
[error]    |
[error]    | longer explanation available when compiling with `-explain`
[error] -- [E007] Type Mismatch Error: /Users/y3536zha/Desktop/scala_explicit/scala_flexible_type_with_test_script/community-build/community-projects/betterfiles/core/src/main/scala/better/files/Scanner.scala:87:86 
[error] 87 |      implicit val localDateTimeRead: Read[LocalDateTime]   = Read(LocalDateTime.parse(_))
[error]    |                                                                   ^^^^^^^^^^^^^^^^^^^^^^
[error]    |                                Found:    java.time.LocalDateTime | Null
[error]    |                                Required: java.time.LocalDateTime
[error]    |
[error]    | longer explanation available when compiling with `-explain`
[error] -- [E007] Type Mismatch Error: /Users/y3536zha/Desktop/scala_explicit/scala_flexible_type_with_test_script/community-build/community-projects/betterfiles/core/src/main/scala/better/files/Scanner.scala:88:82 
[error] 88 |      implicit val localDateRead: Read[LocalDate]           = Read(LocalDate.parse(_))
[error]    |                                                                   ^^^^^^^^^^^^^^^^^^
[error]    |                                    Found:    java.time.LocalDate | Null
[error]    |                                    Required: java.time.LocalDate
[error]    |
[error]    | longer explanation available when compiling with `-explain`
[error] -- [E007] Type Mismatch Error: /Users/y3536zha/Desktop/scala_explicit/scala_flexible_type_with_test_script/community-build/community-projects/betterfiles/core/src/main/scala/better/files/Scanner.scala:89:81 
[error] 89 |      implicit val monthDayRead: Read[MonthDay]             = Read(MonthDay.parse(_))
[error]    |                                                                   ^^^^^^^^^^^^^^^^^
[error]    |                                     Found:    java.time.MonthDay | Null
[error]    |                                     Required: java.time.MonthDay
[error]    |
[error]    | longer explanation available when compiling with `-explain`
[error] -- [E007] Type Mismatch Error: /Users/y3536zha/Desktop/scala_explicit/scala_flexible_type_with_test_script/community-build/community-projects/betterfiles/core/src/main/scala/better/files/Scanner.scala:90:87 
[error] 90 |      implicit val offsetDateTimeRead: Read[OffsetDateTime] = Read(OffsetDateTime.parse(_))
[error]    |                                                                   ^^^^^^^^^^^^^^^^^^^^^^^
[error]    |                               Found:    java.time.OffsetDateTime | Null
[error]    |                               Required: java.time.OffsetDateTime
[error]    |
[error]    | longer explanation available when compiling with `-explain`
[error] 128 errors found
[error] (core / Compile / compileIncremental) Compilation failed
[error] Total time: 19 s, completed Jun 21, 2023, 11:49:58 PM
[error] -- [E007] Type Mismatch Error: /Users/y3536zha/Desktop/scala_explicit/scala_flexible_type_with_test_script/community-build/community-projects/betterfiles/core/src/main/scala/better/files/File.scala:903:33 
[error] 903 |      time: Instant = Instant.now()
[error]     |                      ^^^^^^^^^^^^^
[error]     |                      Found:    java.time.Instant | Null
[error]     |                      Required: java.time.Instant
[error]     |
[error]     | longer explanation available when compiling with `-explain`
[error] -- [E008] Not Found Error: /Users/y3536zha/Desktop/scala_explicit/scala_flexible_type_with_test_script/community-build/community-projects/betterfiles/core/src/main/scala/better/files/Dsl.scala:150:69 
[error] 150 |    file.setPermissions(PosixFilePermissions.fromString(permissions).asScala.toSet)
[error]     |                        ^^^^^^^^^^^^^^^^^^^^^^^^^^^^^^^^^^^^^^^^^^^^^^^^^^^^
[error]     |value asScala is not a member of java.util.Set[java.nio.file.attribute.PosixFilePermission] | Null.
[error]     |An extension method was tried, but could not be fully constructed:
[error]     |
[error]     |    collection.JavaConverters.collectionAsScalaIterableConverter[A](
[error]     |      java.nio.file.attribute.PosixFilePermissions.fromString(permissions))
[error] -- [E007] Type Mismatch Error: /Users/y3536zha/Desktop/scala_explicit/scala_flexible_type_with_test_script/community-build/community-projects/betterfiles/core/src/main/scala/better/files/File.scala:50:4 
[error] 50 |    path.getRoot
[error]    |    ^^^^^^^^^^^^
[error]    |    Found:    java.nio.file.Path | Null
[error]    |    Required: better.files.File
[error]    |
[error]    | longer explanation available when compiling with `-explain`
[error] -- [E007] Type Mismatch Error: /Users/y3536zha/Desktop/scala_explicit/scala_flexible_type_with_test_script/community-build/community-projects/betterfiles/core/src/main/scala/better/files/File.scala:63:36 
[error] 63 |    if (hasExtension) name.substring(0, indexOfExtension(includeAll)) else name
[error]    |                      ^^^^^^^^^^^^^^^^^^^^^^^^^^^^^^^^^^^^^^^^^^^^^^^
[error]    |                      Found:    String | Null
[error]    |                      Required: String
[error]    |
[error]    | longer explanation available when compiling with `-explain`
[error] -- [E008] Not Found Error: /Users/y3536zha/Desktop/scala_explicit/scala_flexible_type_with_test_script/community-build/community-projects/betterfiles/core/src/main/scala/better/files/File.scala:82:33 
[error] 82 |      if (toLowerCase) extension.toLowerCase else extension
[error]    |                       ^^^^^^^^^^^^^^^^^^^^^
[error]    |  value toLowerCase is not a member of String | Null.
[error]    |  Since explicit-nulls is enabled, the selection is rejected because
[error]    |  String | Null could be null at runtime.
[error]    |  If you want to select toLowerCase without checking for a null value,
[error]    |  insert a .nn before .toLowerCase or import scala.language.unsafeNulls.
[error] -- [E007] Type Mismatch Error: /Users/y3536zha/Desktop/scala_explicit/scala_flexible_type_with_test_script/community-build/community-projects/betterfiles/core/src/main/scala/better/files/File.scala:82:50 
[error] 82 |      if (toLowerCase) extension.toLowerCase else extension
[error]    |                                                  ^^^^^^^^^
[error]    |                                   Found:    (extension : String | Null)
[error]    |                                   Required: String
[error]    |
[error]    | longer explanation available when compiling with `-explain`
[error] -- [E007] Type Mismatch Error: /Users/y3536zha/Desktop/scala_explicit/scala_flexible_type_with_test_script/community-build/community-projects/betterfiles/core/src/main/scala/better/files/File.scala:106:33 
[error] 106 |    Option(Files.probeContentType(path))
[error]     |           ^^^^^^^^^^^^^^^^^^^^^^^^^^^^
[error]     |           Found:    String | Null
[error]     |           Required: String
[error]     |
[error]     | longer explanation available when compiling with `-explain`
[error] -- [E172] Type Error: /Users/y3536zha/Desktop/scala_explicit/scala_flexible_type_with_test_script/community-build/community-projects/betterfiles/core/src/main/scala/better/files/File.scala:117:23 
[error] 117 |    parentOption.orNull
[error]     |                       ^
[error]     |                       Cannot prove that Null <:< better.files.File.
[error] -- [E134] Type Error: /Users/y3536zha/Desktop/scala_explicit/scala_flexible_type_with_test_script/community-build/community-projects/betterfiles/core/src/main/scala/better/files/File.scala:124:36 
[error] 124 |    Option(path.getParent).map(File.apply)
[error]     |                               ^^^^^^^^^^
[error]     |None of the overloaded alternatives of method apply in object File with types
[error]     | (uri: java.net.URI): better.files.File
[error]     | (url: java.net.URL): better.files.File
[error]     | (anchor: better.files.File, path: String, fragments: String*): better.files.File
[error]     | (path: String, fragments: String*): better.files.File
[error]     | (path: java.nio.file.Path): better.files.File
[error]     |match expected type java.nio.file.Path | Null => B
[error]     |
[error]     |where:    B is a type variable with constraint <: better.files.File
[error] -- [E007] Type Mismatch Error: /Users/y3536zha/Desktop/scala_explicit/scala_flexible_type_with_test_script/community-build/community-projects/betterfiles/core/src/main/scala/better/files/File.scala:127:16 
[error] 127 |    path.resolve(child)
[error]     |    ^^^^^^^^^^^^^^^^^^^
[error]     |    Found:    java.nio.file.Path | Null
[error]     |    Required: better.files.File
[error]     |
[error]     | longer explanation available when compiling with `-explain`
[error] -- [E007] Type Mismatch Error: /Users/y3536zha/Desktop/scala_explicit/scala_flexible_type_with_test_script/community-build/community-projects/betterfiles/core/src/main/scala/better/files/File.scala:191:23 
[error] 191 |    path.resolveSibling(name)
[error]     |    ^^^^^^^^^^^^^^^^^^^^^^^^^
[error]     |    Found:    java.nio.file.Path | Null
[error]     |    Required: better.files.File
[error]     |
[error]     | longer explanation available when compiling with `-explain`
[error] -- [E007] Type Mismatch Error: /Users/y3536zha/Desktop/scala_explicit/scala_flexible_type_with_test_script/community-build/community-projects/betterfiles/core/src/main/scala/better/files/File.scala:218:22 
[error] 218 |    Files.readAllBytes(path)
[error]     |    ^^^^^^^^^^^^^^^^^^^^^^^^
[error]     |    Found:    Array[Byte] | Null
[error]     |    Required: Array[Byte]
[error]     |
[error]     | longer explanation available when compiling with `-explain`
[error] -- [E008] Not Found Error: /Users/y3536zha/Desktop/scala_explicit/scala_flexible_type_with_test_script/community-build/community-projects/betterfiles/core/src/main/scala/better/files/File.scala:266:38 
[error] 266 |    Files.readAllLines(path, charset).asScala
[error]     |    ^^^^^^^^^^^^^^^^^^^^^^^^^^^^^^^^^^^^^^^^^
[error]     |  value asScala is not a member of java.util.List[String] | Null.
[error]     |  An extension method was tried, but could not be fully constructed:
[error]     |
[error]     |      collection.JavaConverters.collectionAsScalaIterableConverter[A](
[error]     |        java.nio.file.Files.readAllLines(File.this.path, charset))
[error] -- [E008] Not Found Error: /Users/y3536zha/Desktop/scala_explicit/scala_flexible_type_with_test_script/community-build/community-projects/betterfiles/core/src/main/scala/better/files/File.scala:277:31 
[error] 277 |    Files.lines(path, charset).toAutoClosedIterator
[error]     |    ^^^^^^^^^^^^^^^^^^^^^^^^^^^^^^^^^^^^^^^^^^^^^^^
[error]     |value toAutoClosedIterator is not a member of java.util.stream.Stream[String] | Null.
[error]     |An extension method was tried, but could not be fully constructed:
[error]     |
[error]     |    better.files.JStreamOps[A](java.nio.file.Files.lines(File.this.path, charset))
[error] -- [E007] Type Mismatch Error: /Users/y3536zha/Desktop/scala_explicit/scala_flexible_type_with_test_script/community-build/community-projects/betterfiles/core/src/main/scala/better/files/File.scala:314:33 
[error] 314 |    appendByteArray(text.getBytes(charset))
[error]     |                    ^^^^^^^^^^^^^^^^^^^^^^
[error]     |                    Found:    Array[Byte] | Null
[error]     |                    Required: Array[Byte]
[error]     |
[error]     | longer explanation available when compiling with `-explain`
[error] -- [E007] Type Mismatch Error: /Users/y3536zha/Desktop/scala_explicit/scala_flexible_type_with_test_script/community-build/community-projects/betterfiles/core/src/main/scala/better/files/File.scala:357:32 
[error] 357 |    writeByteArray(text.getBytes(charset))(openOptions)
[error]     |                   ^^^^^^^^^^^^^^^^^^^^^^
[error]     |                   Found:    Array[Byte] | Null
[error]     |                   Required: Array[Byte]
[error]     |
[error]     | longer explanation available when compiling with `-explain`
[error] -- [E007] Type Mismatch Error: /Users/y3536zha/Desktop/scala_explicit/scala_flexible_type_with_test_script/community-build/community-projects/betterfiles/core/src/main/scala/better/files/File.scala:382:27 
[error] 382 |    Files.newBufferedReader(path, charset)
[error]     |    ^^^^^^^^^^^^^^^^^^^^^^^^^^^^^^^^^^^^^^
[error]     |    Found:    java.io.BufferedReader | Null
[error]     |    Required: java.io.BufferedReader
[error]     |
[error]     | longer explanation available when compiling with `-explain`
[error] -- [E007] Type Mismatch Error: /Users/y3536zha/Desktop/scala_explicit/scala_flexible_type_with_test_script/community-build/community-projects/betterfiles/core/src/main/scala/better/files/File.scala:392:27 
[error] 392 |    Files.newBufferedWriter(path, charset, openOptions: _*)
[error]     |    ^^^^^^^^^^^^^^^^^^^^^^^^^^^^^^^^^^^^^^^^^^^^^^^^^^^^^^^
[error]     |    Found:    java.io.BufferedWriter | Null
[error]     |    Required: java.io.BufferedWriter
[error]     |
[error]     | longer explanation available when compiling with `-explain`
[error] -- [E007] Type Mismatch Error: /Users/y3536zha/Desktop/scala_explicit/scala_flexible_type_with_test_script/community-build/community-projects/betterfiles/core/src/main/scala/better/files/File.scala:428:24 
[error] 428 |    Files.newInputStream(path, openOptions: _*)
[error]     |    ^^^^^^^^^^^^^^^^^^^^^^^^^^^^^^^^^^^^^^^^^^^
[error]     |    Found:    java.io.InputStream | Null
[error]     |    Required: java.io.InputStream
[error]     |
[error]     | longer explanation available when compiling with `-explain`
[error] -- [E007] Type Mismatch Error: /Users/y3536zha/Desktop/scala_explicit/scala_flexible_type_with_test_script/community-build/community-projects/betterfiles/core/src/main/scala/better/files/File.scala:475:25 
[error] 475 |    Files.newOutputStream(path, openOptions: _*)
[error]     |    ^^^^^^^^^^^^^^^^^^^^^^^^^^^^^^^^^^^^^^^^^^^^
[error]     |    Found:    java.io.OutputStream | Null
[error]     |    Required: java.io.OutputStream
[error]     |
[error]     | longer explanation available when compiling with `-explain`
[error] -- [E007] Type Mismatch Error: /Users/y3536zha/Desktop/scala_explicit/scala_flexible_type_with_test_script/community-build/community-projects/betterfiles/core/src/main/scala/better/files/File.scala:525:20 
[error] 525 |    FileChannel.open(path, openOptions.toSet.asJava, attributes: _*)
[error]     |    ^^^^^^^^^^^^^^^^^^^^^^^^^^^^^^^^^^^^^^^^^^^^^^^^^^^^^^^^^^^^^^^^
[error]     |    Found:    java.nio.channels.FileChannel | Null
[error]     |    Required: java.nio.channels.FileChannel
[error]     |
[error]     | longer explanation available when compiling with `-explain`
[error] -- [E007] Type Mismatch Error: /Users/y3536zha/Desktop/scala_explicit/scala_flexible_type_with_test_script/community-build/community-projects/betterfiles/core/src/main/scala/better/files/File.scala:538:32 
[error] 538 |    AsynchronousFileChannel.open(path, openOptions: _*)
[error]     |    ^^^^^^^^^^^^^^^^^^^^^^^^^^^^^^^^^^^^^^^^^^^^^^^^^^^
[error]     |    Found:    java.nio.channels.AsynchronousFileChannel | Null
[error]     |    Required: java.nio.channels.AsynchronousFileChannel
[error]     |
[error]     | longer explanation available when compiling with `-explain`
[error] -- [E007] Type Mismatch Error: /Users/y3536zha/Desktop/scala_explicit/scala_flexible_type_with_test_script/community-build/community-projects/betterfiles/core/src/main/scala/better/files/File.scala:547:30 
[error] 547 |    fileSystem.newWatchService()
[error]     |    ^^^^^^^^^^^^^^^^^^^^^^^^^^^^
[error]     |    Found:    java.nio.file.WatchService | Null
[error]     |    Required: java.nio.file.WatchService
[error]     |
[error]     | longer explanation available when compiling with `-explain`
[error] -- [E134] Type Error: /Users/y3536zha/Desktop/scala_explicit/scala_flexible_type_with_test_script/community-build/community-projects/betterfiles/core/src/main/scala/better/files/File.scala:576:9 
[error] 576 |    path.register(service, events.toArray)
[error]     |    ^^^^^^^^^^^^^
[error]     |None of the overloaded alternatives of method register in trait Path with types
[error]     | (x$0: java.nio.file.WatchService | Null, x$1: (java.nio.file.WatchEvent#Kind[?]
[error]     |  | Null)*): java.nio.file.WatchKey | Null
[error]     | (x$0: java.nio.file.WatchService | Null,
[error]     |  x$1: Array[java.nio.file.WatchEvent#Kind[?] | Null] | Null, x$2: (
[error]     |  java.nio.file.WatchEvent#Modifier | Null)*): java.nio.file.WatchKey | Null
[error]     |match arguments ((service : java.nio.file.WatchService), Array[java.nio.file.WatchEvent.Kind[?]])
[error] -- [E007] Type Mismatch Error: /Users/y3536zha/Desktop/scala_explicit/scala_flexible_type_with_test_script/community-build/community-projects/betterfiles/core/src/main/scala/better/files/File.scala:582:35 
[error] 582 |      val file: File = path.resolve(relativePath)
[error]     |                       ^^^^^^^^^^^^^^^^^^^^^^^^^^
[error]     |                       Found:    java.nio.file.Path | Null
[error]     |                       Required: better.files.File
[error]     |
[error]     | longer explanation available when compiling with `-explain`
[error] -- [E007] Type Mismatch Error: /Users/y3536zha/Desktop/scala_explicit/scala_flexible_type_with_test_script/community-build/community-projects/betterfiles/core/src/main/scala/better/files/File.scala:589:20 
[error] 589 |    algorithm.digest()
[error]     |    ^^^^^^^^^^^^^^^^^^
[error]     |    Found:    Array[Byte] | Null
[error]     |    Required: Array[Byte]
[error]     |
[error]     | longer explanation available when compiling with `-explain`
[error] -- [E007] Type Mismatch Error: /Users/y3536zha/Desktop/scala_explicit/scala_flexible_type_with_test_script/community-build/community-projects/betterfiles/core/src/main/scala/better/files/File.scala:614:36 
[error] 614 |    DatatypeConverter.printHexBinary(digest(algorithm))
[error]     |    ^^^^^^^^^^^^^^^^^^^^^^^^^^^^^^^^^^^^^^^^^^^^^^^^^^^
[error]     |    Found:    String | Null
[error]     |    Required: String
[error]     |
[error]     | longer explanation available when compiling with `-explain`
[error] -- [E007] Type Mismatch Error: /Users/y3536zha/Desktop/scala_explicit/scala_flexible_type_with_test_script/community-build/community-projects/betterfiles/core/src/main/scala/better/files/File.scala:632:56 
[error] 632 |    when(isSymbolicLink)(new File(Files.readSymbolicLink(path)))
[error]     |                                  ^^^^^^^^^^^^^^^^^^^^^^^^^^^^
[error]     |                                  Found:    java.nio.file.Path | Null
[error]     |                                  Required: java.nio.file.Path
[error]     |
[error]     | longer explanation available when compiling with `-explain`
[error] -- [E008] Not Found Error: /Users/y3536zha/Desktop/scala_explicit/scala_flexible_type_with_test_script/community-build/community-projects/betterfiles/core/src/main/scala/better/files/File.scala:671:50 
[error] 671 |        channel.tryLock(position, size, isShared).release()
[error]     |        ^^^^^^^^^^^^^^^^^^^^^^^^^^^^^^^^^^^^^^^^^^^^^^^^^
[error]     |   value release is not a member of java.nio.channels.FileLock | Null.
[error]     |   Since explicit-nulls is enabled, the selection is rejected because
[error]     |   java.nio.channels.FileLock | Null could be null at runtime.
[error]     |   If you want to select release without checking for a null value,
[error]     |   insert a .nn before .release or import scala.language.unsafeNulls.
[error] -- [E008] Not Found Error: /Users/y3536zha/Desktop/scala_explicit/scala_flexible_type_with_test_script/community-build/community-projects/betterfiles/core/src/main/scala/better/files/File.scala:701:37 
[error] 701 |    newRandomAccess(mode).getChannel.autoClosed.apply(f)
[error]     |    ^^^^^^^^^^^^^^^^^^^^^^^^^^^^^^^^^^^^^^^^^^^
[error]     |value autoClosed is not a member of java.nio.channels.FileChannel | Null.
[error]     |An extension method was tried, but could not be fully constructed:
[error]     |
[error]     |    better.files.CloseableOps[A](this.newRandomAccess(mode).getChannel())
[error] -- [E007] Type Mismatch Error: /Users/y3536zha/Desktop/scala_explicit/scala_flexible_type_with_test_script/community-build/community-projects/betterfiles/core/src/main/scala/better/files/File.scala:710:14 
[error] 710 |    Files.list(path)
[error]     |    ^^^^^^^^^^^^^^^^
[error]     |    Found:    java.util.stream.Stream[java.nio.file.Path] | Null
[error]     |    Required: better.files.Files
[error]     |
[error]     | longer explanation available when compiling with `-explain`
[error] -- [E007] Type Mismatch Error: /Users/y3536zha/Desktop/scala_explicit/scala_flexible_type_with_test_script/community-build/community-projects/betterfiles/core/src/main/scala/better/files/File.scala:726:14 
[error] 726 |    Files.walk(path, maxDepth, visitOptions: _*) //TODO: that ignores I/O errors?
[error]     |    ^^^^^^^^^^^^^^^^^^^^^^^^^^^^^^^^^^^^^^^^^^^^
[error]     |    Found:    java.util.stream.Stream[java.nio.file.Path] | Null
[error]     |    Required: better.files.Files
[error]     |
[error]     | longer explanation available when compiling with `-explain`
[error] -- [E007] Type Mismatch Error: /Users/y3536zha/Desktop/scala_explicit/scala_flexible_type_with_test_script/community-build/community-projects/betterfiles/core/src/main/scala/better/files/File.scala:780:4 
[error] 780 |    path.toUri
[error]     |    ^^^^^^^^^^
[error]     |    Found:    java.net.URI | Null
[error]     |    Required: java.net.URI
[error]     |
[error]     | longer explanation available when compiling with `-explain`
[error] -- [E007] Type Mismatch Error: /Users/y3536zha/Desktop/scala_explicit/scala_flexible_type_with_test_script/community-build/community-projects/betterfiles/core/src/main/scala/better/files/File.scala:783:4 
[error] 783 |    uri.toURL
[error]     |    ^^^^^^^^^
[error]     |    Found:    java.net.URL | Null
[error]     |    Required: java.net.URL
[error]     |
[error]     | longer explanation available when compiling with `-explain`
[error] -- [E008] Not Found Error: /Users/y3536zha/Desktop/scala_explicit/scala_flexible_type_with_test_script/community-build/community-projects/betterfiles/core/src/main/scala/better/files/File.scala:792:57 
[error] 792 |    Files.getPosixFilePermissions(path, linkOptions: _*).asScala.toSet
[error]     |    ^^^^^^^^^^^^^^^^^^^^^^^^^^^^^^^^^^^^^^^^^^^^^^^^^^^^^^^^^^^^
[error]     |value asScala is not a member of java.util.Set[java.nio.file.attribute.PosixFilePermission] | Null.
[error]     |An extension method was tried, but could not be fully constructed:
[error]     |
[error]     |    collection.JavaConverters.collectionAsScalaIterableConverter[A](
[error]     |      java.nio.file.Files.getPosixFilePermissions(File.this.path, linkOptions*))
[error] -- [E007] Type Mismatch Error: /Users/y3536zha/Desktop/scala_explicit/scala_flexible_type_with_test_script/community-build/community-projects/betterfiles/core/src/main/scala/better/files/File.scala:869:24 
[error] 869 |    Files.readAttributes(path, classOf[BasicFileAttributes], linkOptions: _*)
[error]     |    ^^^^^^^^^^^^^^^^^^^^^^^^^^^^^^^^^^^^^^^^^^^^^^^^^^^^^^^^^^^^^^^^^^^^^^^^^
[error]     |    Found:    java.nio.file.attribute.BasicFileAttributes | Null
[error]     |    Required: java.nio.file.attribute.BasicFileAttributes
[error]     |
[error]     | longer explanation available when compiling with `-explain`
[error] -- [E007] Type Mismatch Error: /Users/y3536zha/Desktop/scala_explicit/scala_flexible_type_with_test_script/community-build/community-projects/betterfiles/core/src/main/scala/better/files/File.scala:872:24 
[error] 872 |    Files.readAttributes(path, classOf[PosixFileAttributes], linkOptions: _*)
[error]     |    ^^^^^^^^^^^^^^^^^^^^^^^^^^^^^^^^^^^^^^^^^^^^^^^^^^^^^^^^^^^^^^^^^^^^^^^^^
[error]     |    Found:    java.nio.file.attribute.PosixFileAttributes | Null
[error]     |    Required: java.nio.file.attribute.PosixFileAttributes
[error]     |
[error]     | longer explanation available when compiling with `-explain`
[error] -- [E007] Type Mismatch Error: /Users/y3536zha/Desktop/scala_explicit/scala_flexible_type_with_test_script/community-build/community-projects/betterfiles/core/src/main/scala/better/files/File.scala:875:24 
[error] 875 |    Files.readAttributes(path, classOf[DosFileAttributes], linkOptions: _*)
[error]     |    ^^^^^^^^^^^^^^^^^^^^^^^^^^^^^^^^^^^^^^^^^^^^^^^^^^^^^^^^^^^^^^^^^^^^^^^
[error]     |    Found:    java.nio.file.attribute.DosFileAttributes | Null
[error]     |    Required: java.nio.file.attribute.DosFileAttributes
[error]     |
[error]     | longer explanation available when compiling with `-explain`
[error] -- [E007] Type Mismatch Error: /Users/y3536zha/Desktop/scala_explicit/scala_flexible_type_with_test_script/community-build/community-projects/betterfiles/core/src/main/scala/better/files/File.scala:878:18 
[error] 878 |    Files.getOwner(path, linkOptions: _*)
[error]     |    ^^^^^^^^^^^^^^^^^^^^^^^^^^^^^^^^^^^^^
[error]     |    Found:    java.nio.file.attribute.UserPrincipal | Null
[error]     |    Required: java.nio.file.attribute.UserPrincipal
[error]     |
[error]     | longer explanation available when compiling with `-explain`
[error] -- [E007] Type Mismatch Error: /Users/y3536zha/Desktop/scala_explicit/scala_flexible_type_with_test_script/community-build/community-projects/betterfiles/core/src/main/scala/better/files/File.scala:881:4 
[error] 881 |    owner(linkOptions).getName
[error]     |    ^^^^^^^^^^^^^^^^^^^^^^^^^^
[error]     |    Found:    String | Null
[error]     |    Required: String
[error]     |
[error]     | longer explanation available when compiling with `-explain`
[error] -- [E007] Type Mismatch Error: /Users/y3536zha/Desktop/scala_explicit/scala_flexible_type_with_test_script/community-build/community-projects/betterfiles/core/src/main/scala/better/files/File.scala:884:38 
[error] 884 |    posixAttributes(linkOptions).group()
[error]     |    ^^^^^^^^^^^^^^^^^^^^^^^^^^^^^^^^^^^^
[error]     |    Found:    java.nio.file.attribute.GroupPrincipal | Null
[error]     |    Required: java.nio.file.attribute.GroupPrincipal
[error]     |
[error]     | longer explanation available when compiling with `-explain`
[error] -- [E007] Type Mismatch Error: /Users/y3536zha/Desktop/scala_explicit/scala_flexible_type_with_test_script/community-build/community-projects/betterfiles/core/src/main/scala/better/files/File.scala:887:4 
[error] 887 |    group(linkOptions).getName
[error]     |    ^^^^^^^^^^^^^^^^^^^^^^^^^^
[error]     |    Found:    String | Null
[error]     |    Required: String
[error]     |
[error]     | longer explanation available when compiling with `-explain`
[error] -- [E008] Not Found Error: /Users/y3536zha/Desktop/scala_explicit/scala_flexible_type_with_test_script/community-build/community-projects/betterfiles/core/src/main/scala/better/files/File.scala:890:66 
[error] 890 |    Files.setOwner(path, fileSystem.getUserPrincipalLookupService.lookupPrincipalByName(owner))
[error]     |                         ^^^^^^^^^^^^^^^^^^^^^^^^^^^^^^^^^^^^^^^^^^^^^^^^^^^^^^^^^^^^^^
[error]     |value lookupPrincipalByName is not a member of java.nio.file.attribute.UserPrincipalLookupService | Null.
[error]     |Since explicit-nulls is enabled, the selection is rejected because
[error]     |java.nio.file.attribute.UserPrincipalLookupService | Null could be null at runtime.
[error]     |If you want to select lookupPrincipalByName without checking for a null value,
[error]     |insert a .nn before .lookupPrincipalByName or import scala.language.unsafeNulls.
[error] -- [E008] Not Found Error: /Users/y3536zha/Desktop/scala_explicit/scala_flexible_type_with_test_script/community-build/community-projects/betterfiles/core/src/main/scala/better/files/File.scala:895:66 
[error] 895 |    Files.setOwner(path, fileSystem.getUserPrincipalLookupService.lookupPrincipalByGroupName(group))
[error]     |                         ^^^^^^^^^^^^^^^^^^^^^^^^^^^^^^^^^^^^^^^^^^^^^^^^^^^^^^^^^^^^^^^^^^^
[error]     |value lookupPrincipalByGroupName is not a member of java.nio.file.attribute.UserPrincipalLookupService | Null.
[error]     |Since explicit-nulls is enabled, the selection is rejected because
[error]     |java.nio.file.attribute.UserPrincipalLookupService | Null could be null at runtime.
[error]     |If you want to select lookupPrincipalByGroupName without checking for a null value,
[error]     |insert a .nn before .lookupPrincipalByGroupName or import scala.language.unsafeNulls.
[error] -- [E008] Not Found Error: /Users/y3536zha/Desktop/scala_explicit/scala_flexible_type_with_test_script/community-build/community-projects/betterfiles/core/src/main/scala/better/files/File.scala:913:53 
[error] 913 |    Files.getLastModifiedTime(path, linkOptions: _*).toInstant
[error]     |    ^^^^^^^^^^^^^^^^^^^^^^^^^^^^^^^^^^^^^^^^^^^^^^^^^^^^^^^^^^
[error]     |value toInstant is not a member of java.nio.file.attribute.FileTime | Null.
[error]     |Since explicit-nulls is enabled, the selection is rejected because
[error]     |java.nio.file.attribute.FileTime | Null could be null at runtime.
[error]     |If you want to select toInstant without checking for a null value,
[error]     |insert a .nn before .toInstant or import scala.language.unsafeNulls.
[error] -- [E007] Type Mismatch Error: /Users/y3536zha/Desktop/scala_explicit/scala_flexible_type_with_test_script/community-build/community-projects/betterfiles/core/src/main/scala/better/files/File.scala:931:30 
[error] 931 |    moveTo(path.resolveSibling(newName))
[error]     |           ^^^^^^^^^^^^^^^^^^^^^^^^^^^^
[error]     |           Found:    java.nio.file.Path | Null
[error]     |           Required: better.files.File
[error]     |
[error]     | longer explanation available when compiling with `-explain`
[error] -- [E007] Type Mismatch Error: /Users/y3536zha/Desktop/scala_explicit/scala_flexible_type_with_test_script/community-build/community-projects/betterfiles/core/src/main/scala/better/files/File.scala:971:69 
[error] 971 |          def newPath(subPath: Path): Path = destination.path.resolve(path.relativize(subPath))
[error]     |                                             ^^^^^^^^^^^^^^^^^^^^^^^^^^^^^^^^^^^^^^^^^^^^^^^^^^
[error]     |                                   Found:    java.nio.file.Path | Null
[error]     |                                   Required: java.nio.file.Path
[error]     |
[error]     | longer explanation available when compiling with `-explain`
[error] -- [E007] Type Mismatch Error: /Users/y3536zha/Desktop/scala_explicit/scala_flexible_type_with_test_script/community-build/community-projects/betterfiles/core/src/main/scala/better/files/File.scala:1033:19 
[error] 1033 |    path.relativize(destination.path)
[error]      |    ^^^^^^^^^^^^^^^^^^^^^^^^^^^^^^^^^
[error]      |    Found:    java.nio.file.Path | Null
[error]      |    Required: java.nio.file.Path
[error]      |
[error]      | longer explanation available when compiling with `-explain`
[error] -- [E008] Not Found Error: /Users/y3536zha/Desktop/scala_explicit/scala_flexible_type_with_test_script/community-build/community-projects/betterfiles/core/src/main/scala/better/files/File.scala:1154:35 
[error] 1154 |      entry   <- zipFile.entries().asScala if zipFilter(entry)
[error]      |                 ^^^^^^^^^^^^^^^^^^^^^^^^^
[error]      |value asScala is not a member of java.util.Enumeration[? <: java.util.zip.ZipEntry] | Null.
[error]      |An extension method was tried, but could not be fully constructed:
[error]      |
[error]      |    collection.JavaConverters.enumerationAsScalaIteratorConverter[A](
[error]      |      zipFile.entries())
[error] -- [E007] Type Mismatch Error: /Users/y3536zha/Desktop/scala_explicit/scala_flexible_type_with_test_script/community-build/community-projects/betterfiles/core/src/main/scala/better/files/File.scala:23:74 
[error] 23 |class File private (val path: Path)(implicit val fileSystem: FileSystem = path.getFileSystem) {
[error]    |                                                                          ^^^^^^^^^^^^^^^^^^
[error]    |                               Found:    java.nio.file.FileSystem | Null
[error]    |                               Required: java.nio.file.FileSystem
[error]    |
[error]    | longer explanation available when compiling with `-explain`
[error] -- [E008] Not Found Error: /Users/y3536zha/Desktop/scala_explicit/scala_flexible_type_with_test_script/community-build/community-projects/betterfiles/core/src/main/scala/better/files/package.scala:45:67 
[error] 45 |  private[files] def currentClassLoader() = Thread.currentThread().getContextClassLoader
[error]    |                                            ^^^^^^^^^^^^^^^^^^^^^^^^^^^^^^^^^^^^^^^^^^^^
[error]    |value getContextClassLoader is not a member of Thread | Null.
[error]    |Since explicit-nulls is enabled, the selection is rejected because
[error]    |Thread | Null could be null at runtime.
[error]    |If you want to select getContextClassLoader without checking for a null value,
[error]    |insert a .nn before .getContextClassLoader or import scala.language.unsafeNulls.
[error] -- [E007] Type Mismatch Error: /Users/y3536zha/Desktop/scala_explicit/scala_flexible_type_with_test_script/community-build/community-projects/betterfiles/core/src/main/scala/better/files/File.scala:1295:49 
[error] 1295 |      case Some(dir) => Files.createTempDirectory(dir.path, prefix, attributes: _*)
[error]      |                        ^^^^^^^^^^^^^^^^^^^^^^^^^^^^^^^^^^^^^^^^^^^^^^^^^^^^^^^^^^^
[error]      |                        Found:    java.nio.file.Path | Null
[error]      |                        Required: better.files.File
[error]      |
[error]      | longer explanation available when compiling with `-explain`
[error] -- [E007] Type Mismatch Error: /Users/y3536zha/Desktop/scala_explicit/scala_flexible_type_with_test_script/community-build/community-projects/betterfiles/core/src/main/scala/better/files/File.scala:1296:49 
[error] 1296 |      case _         => Files.createTempDirectory(prefix, attributes: _*)
[error]      |                        ^^^^^^^^^^^^^^^^^^^^^^^^^^^^^^^^^^^^^^^^^^^^^^^^^
[error]      |                        Found:    java.nio.file.Path | Null
[error]      |                        Required: better.files.File
[error]      |
[error]      | longer explanation available when compiling with `-explain`
[error] -- [E007] Type Mismatch Error: /Users/y3536zha/Desktop/scala_explicit/scala_flexible_type_with_test_script/community-build/community-projects/betterfiles/core/src/main/scala/better/files/File.scala:1323:44 
[error] 1323 |      case Some(dir) => Files.createTempFile(dir.path, prefix, suffix, attributes: _*)
[error]      |                        ^^^^^^^^^^^^^^^^^^^^^^^^^^^^^^^^^^^^^^^^^^^^^^^^^^^^^^^^^^^^^^
[error]      |                        Found:    java.nio.file.Path | Null
[error]      |                        Required: better.files.File
[error]      |
[error]      | longer explanation available when compiling with `-explain`
[error] -- [E007] Type Mismatch Error: /Users/y3536zha/Desktop/scala_explicit/scala_flexible_type_with_test_script/community-build/community-projects/betterfiles/core/src/main/scala/better/files/File.scala:1324:44 
[error] 1324 |      case _         => Files.createTempFile(prefix, suffix, attributes: _*)
[error]      |                        ^^^^^^^^^^^^^^^^^^^^^^^^^^^^^^^^^^^^^^^^^^^^^^^^^^^^
[error]      |                        Found:    java.nio.file.Path | Null
[error]      |                        Required: better.files.File
[error]      |
[error]      | longer explanation available when compiling with `-explain`
[error] -- [E008] Not Found Error: /Users/y3536zha/Desktop/scala_explicit/scala_flexible_type_with_test_script/community-build/community-projects/betterfiles/core/src/main/scala/better/files/File.scala:1346:33 
[error] 1346 |    new File(path.toAbsolutePath.normalize())
[error]      |             ^^^^^^^^^^^^^^^^^^^^^^^^^^^^^
[error]      |value normalize is not a member of java.nio.file.Path | Null.
[error]      |Since explicit-nulls is enabled, the selection is rejected because
[error]      |java.nio.file.Path | Null could be null at runtime.
[error]      |If you want to select normalize without checking for a null value,
[error]      |insert a .nn before .normalize or import scala.language.unsafeNulls.
[error] -- [E007] Type Mismatch Error: /Users/y3536zha/Desktop/scala_explicit/scala_flexible_type_with_test_script/community-build/community-projects/betterfiles/core/src/main/scala/better/files/File.scala:1349:13 
[error] 1349 |    Paths.get(path, fragments: _*)
[error]      |    ^^^^^^^^^^^^^^^^^^^^^^^^^^^^^^
[error]      |    Found:    java.nio.file.Path | Null
[error]      |    Required: better.files.File
[error]      |
[error]      | longer explanation available when compiling with `-explain`
[error] -- [E008] Not Found Error: /Users/y3536zha/Desktop/scala_explicit/scala_flexible_type_with_test_script/community-build/community-projects/betterfiles/core/src/main/scala/better/files/File.scala:1370:10 
[error] 1370 |    if (p.isAbsolute) {
[error]      |        ^^^^^^^^^^^^
[error]      |value isAbsolute is not a member of java.nio.file.Path | Null.
[error]      |Since explicit-nulls is enabled, the selection is rejected because
[error]      |java.nio.file.Path | Null could be null at runtime.
[error]      |If you want to select isAbsolute without checking for a null value,
[error]      |insert a .nn before .isAbsolute or import scala.language.unsafeNulls.
[error] -- [E007] Type Mismatch Error: /Users/y3536zha/Desktop/scala_explicit/scala_flexible_type_with_test_script/community-build/community-projects/betterfiles/core/src/main/scala/better/files/File.scala:1371:6 
[error] 1371 |      p
[error]      |      ^
[error]      |      Found:    (p : java.nio.file.Path | Null)
[error]      |      Required: better.files.File
[error]      |
[error]      | longer explanation available when compiling with `-explain`
[error] -- [E134] Type Error: /Users/y3536zha/Desktop/scala_explicit/scala_flexible_type_with_test_script/community-build/community-projects/betterfiles/core/src/main/scala/better/files/File.scala:1380:4 
[error] 1380 |    apply(url.toURI)
[error]      |    ^^^^^
[error]      |None of the overloaded alternatives of method apply in object File with types
[error]      | (uri: java.net.URI): better.files.File
[error]      | (url: java.net.URL): better.files.File
[error]      | (anchor: better.files.File, path: String, fragments: String*): better.files.File
[error]      | (path: String, fragments: String*): better.files.File
[error]      | (path: java.nio.file.Path): better.files.File
[error]      |match arguments (java.net.URI | Null)
[error] -- [E007] Type Mismatch Error: /Users/y3536zha/Desktop/scala_explicit/scala_flexible_type_with_test_script/community-build/community-projects/betterfiles/core/src/main/scala/better/files/File.scala:1383:13 
[error] 1383 |    Paths.get(uri)
[error]      |    ^^^^^^^^^^^^^^
[error]      |    Found:    java.nio.file.Path | Null
[error]      |    Required: better.files.File
[error]      |
[error]      | longer explanation available when compiling with `-explain`
[error] -- [E008] Not Found Error: /Users/y3536zha/Desktop/scala_explicit/scala_flexible_type_with_test_script/community-build/community-projects/betterfiles/core/src/main/scala/better/files/File.scala:1386:27 
[error] 1386 |    FileSystems.getDefault.getRootDirectories.asScala.map(File.apply)
[error]      |    ^^^^^^^^^^^^^^^^^^^^^^^^^^^^^^^^^^^^^^^^^
[error]      |value getRootDirectories is not a member of java.nio.file.FileSystem | Null.
[error]      |Since explicit-nulls is enabled, the selection is rejected because
[error]      |java.nio.file.FileSystem | Null could be null at runtime.
[error]      |If you want to select getRootDirectories without checking for a null value,
[error]      |insert a .nn before .getRootDirectories or import scala.language.unsafeNulls.
[error] -- [E007] Type Mismatch Error: /Users/y3536zha/Desktop/scala_explicit/scala_flexible_type_with_test_script/community-build/community-projects/betterfiles/core/src/main/scala/better/files/File.scala:1414:50 
[error] 1414 |    val all: Events = Seq(StandardWatchEventKinds.ENTRY_CREATE,
[error]      |                          ^^^^^^^^^^^^^^^^^^^^^^^^^^^^^^^^^^^^
[error]      |     Found:    (java.nio.file.StandardWatchEventKinds.ENTRY_CREATE :
[error]      |       java.nio.file.WatchEvent#Kind[java.nio.file.Path] | Null)
[error]      |     Required: java.nio.file.WatchEvent.Kind[?]
[error]      |
[error]      | longer explanation available when compiling with `-explain`
[error] -- [E007] Type Mismatch Error: /Users/y3536zha/Desktop/scala_explicit/scala_flexible_type_with_test_script/community-build/community-projects/betterfiles/core/src/main/scala/better/files/File.scala:1415:50 
[error] 1415 |                          StandardWatchEventKinds.ENTRY_MODIFY,
[error]      |                          ^^^^^^^^^^^^^^^^^^^^^^^^^^^^^^^^^^^^
[error]      |     Found:    (java.nio.file.StandardWatchEventKinds.ENTRY_MODIFY :
[error]      |       java.nio.file.WatchEvent#Kind[java.nio.file.Path] | Null)
[error]      |     Required: java.nio.file.WatchEvent.Kind[?]
[error]      |
[error]      | longer explanation available when compiling with `-explain`
[error] -- [E007] Type Mismatch Error: /Users/y3536zha/Desktop/scala_explicit/scala_flexible_type_with_test_script/community-build/community-projects/betterfiles/core/src/main/scala/better/files/File.scala:1416:50 
[error] 1416 |                          StandardWatchEventKinds.ENTRY_DELETE)
[error]      |                          ^^^^^^^^^^^^^^^^^^^^^^^^^^^^^^^^^^^^
[error]      |     Found:    (java.nio.file.StandardWatchEventKinds.ENTRY_DELETE :
[error]      |       java.nio.file.WatchEvent#Kind[java.nio.file.Path] | Null)
[error]      |     Required: java.nio.file.WatchEvent.Kind[?]
[error]      |
[error]      | longer explanation available when compiling with `-explain`
[error] -- [E007] Type Mismatch Error: /Users/y3536zha/Desktop/scala_explicit/scala_flexible_type_with_test_script/community-build/community-projects/betterfiles/core/src/main/scala/better/files/File.scala:1463:36 
[error] 1463 |      file.fileSystem.getPathMatcher(s"$name:$escapedPath$pattern")
[error]      |      ^^^^^^^^^^^^^^^^^^^^^^^^^^^^^^^^^^^^^^^^^^^^^^^^^^^^^^^^^^^^^
[error]      |      Found:    java.nio.file.PathMatcher | Null
[error]      |      Required: java.nio.file.PathMatcher
[error]      |
[error]      | longer explanation available when compiling with `-explain`
[error] -- [E007] Type Mismatch Error: /Users/y3536zha/Desktop/scala_explicit/scala_flexible_type_with_test_script/community-build/community-projects/betterfiles/core/src/main/scala/better/files/File.scala:1482:59 
[error] 1482 |      override def escapePath(path: String) = Pattern.quote(path)
[error]      |                                              ^^^^^^^^^^^^^^^^^^^
[error]      |                                             Found:    String | Null
[error]      |                                             Required: String
[error]      |
[error]      | longer explanation available when compiling with `-explain`
[error] -- [E008] Not Found Error: /Users/y3536zha/Desktop/scala_explicit/scala_flexible_type_with_test_script/community-build/community-projects/betterfiles/core/src/main/scala/better/files/File.scala:1498:7 
[error] 1497 |    java.lang.management.ManagementFactory.getPlatformMBeanServer
[error] 1498 |      .getAttribute(new javax.management.ObjectName("java.lang:type=OperatingSystem"), "OpenFileDescriptorCount")
[error]      |    ^
[error]      |value getAttribute is not a member of javax.management.MBeanServer | Null.
[error]      |Since explicit-nulls is enabled, the selection is rejected because
[error]      |javax.management.MBeanServer | Null could be null at runtime.
[error]      |If you want to select getAttribute without checking for a null value,
[error]      |insert a .nn before .getAttribute or import scala.language.unsafeNulls.
[error] -- [E008] Not Found Error: /Users/y3536zha/Desktop/scala_explicit/scala_flexible_type_with_test_script/community-build/community-projects/betterfiles/core/src/main/scala/better/files/FileMonitor.scala:31:21 
[error] 31 |    key.pollEvents().asScala foreach {
[error]    |    ^^^^^^^^^^^^^^^^^^^^^^^^
[error]    |value asScala is not a member of java.util.List[java.nio.file.WatchEvent[?]] | Null.
[error]    |An extension method was tried, but could not be fully constructed:
[error]    |
[error]    |    collection.JavaConverters.collectionAsScalaIterableConverter[A](key.pollEvents()
[error]    |      )
[error] -- [E007] Type Mismatch Error: /Users/y3536zha/Desktop/scala_explicit/scala_flexible_type_with_test_script/community-build/community-projects/betterfiles/core/src/main/scala/better/files/FileMonitor.scala:63:83 
[error] 63 |      override def run() = blocking { Iterator.continually(service.take()).foreach(process) }
[error]    |                                                                                   ^^^^^^^
[error]    |                      Found:    java.nio.file.WatchKey => Boolean
[error]    |                      Required: java.nio.file.WatchKey | Null => Boolean
[error]    |
[error]    | longer explanation available when compiling with `-explain`
[error] -- [E134] Type Error: /Users/y3536zha/Desktop/scala_explicit/scala_flexible_type_with_test_script/community-build/community-projects/betterfiles/core/src/main/scala/better/files/Implicits.scala:42:6 
[error] 42 |      File(file.getPath)
[error]    |      ^^^^
[error]    |None of the overloaded alternatives of method apply in object File with types
[error]    | (uri: java.net.URI): better.files.File
[error]    | (url: java.net.URL): better.files.File
[error]    | (anchor: better.files.File, path: String, fragments: String*): better.files.File
[error]    | (path: String, fragments: String*): better.files.File
[error]    | (path: java.nio.file.Path): better.files.File
[error]    |match arguments (String | Null)
[error] -- [E007] Type Mismatch Error: /Users/y3536zha/Desktop/scala_explicit/scala_flexible_type_with_test_script/community-build/community-projects/betterfiles/core/src/main/scala/better/files/Implicits.scala:122:63 
[error] 122 |            case _: ClassNotFoundException  super.resolveClass(objectStreamClass)
[error]     |                                             ^^^^^^^^^^^^^^^^^^^^^^^^^^^^^^^^^^^^^
[error]     |                                             Found:    Class[?] | Null
[error]     |                                             Required: Class[?]
[error]     |
[error]     | longer explanation available when compiling with `-explain`
[error] -- [E007] Type Mismatch Error: /Users/y3536zha/Desktop/scala_explicit/scala_flexible_type_with_test_script/community-build/community-projects/betterfiles/core/src/main/scala/better/files/Implicits.scala:120:25 
[error] 120 |            Class.forName(objectStreamClass.getName, false, classLoader)
[error]     |            ^^^^^^^^^^^^^^^^^^^^^^^^^^^^^^^^^^^^^^^^^^^^^^^^^^^^^^^^^^^^
[error]     |            Found:    Class[?] | Null
[error]     |            Required: Class[?]
[error]     |
[error]     | longer explanation available when compiling with `-explain`
[error] -- [E007] Type Mismatch Error: /Users/y3536zha/Desktop/scala_explicit/scala_flexible_type_with_test_script/community-build/community-projects/betterfiles/core/src/main/scala/better/files/Implicits.scala:132:100 
[error] 132 |            case _: ClassNotFoundException | _: IllegalArgumentException => super.resolveProxyClass(interfaces)
[error]     |                                                                                                    ^^^^^^^^^^
[error]     |                                Found:    (interfaces : Array[String])
[error]     |                                Required: Array[String | Null] | Null
[error]     |
[error]     | longer explanation available when compiling with `-explain`
[error] -- [E007] Type Mismatch Error: /Users/y3536zha/Desktop/scala_explicit/scala_flexible_type_with_test_script/community-build/community-projects/betterfiles/core/src/main/scala/better/files/Implicits.scala:127:49 
[error] 127 |            java.lang.reflect.Proxy.getProxyClass(
[error]     |            ^
[error]     |            Found:    Class[?] | Null
[error]     |            Required: Class[?]
[error] 128 |              classLoader,
[error] 129 |              interfaces.map(interface => Class.forName(interface, false, classLoader)): _*
[error] 130 |            )
[error]     |
[error]     | longer explanation available when compiling with `-explain`
[error] -- [E007] Type Mismatch Error: /Users/y3536zha/Desktop/scala_explicit/scala_flexible_type_with_test_script/community-build/community-projects/betterfiles/core/src/main/scala/better/files/Implicits.scala:114:35 
[error] 114 |        classLoader: ClassLoader = getClass.getClassLoader,
[error]     |                                   ^^^^^^^^^^^^^^^^^^^^^^^
[error]     |                                   Found:    ClassLoader | Null
[error]     |                                   Required: ClassLoader
[error]     |
[error]     | longer explanation available when compiling with `-explain`
[error] -- [E008] Not Found Error: /Users/y3536zha/Desktop/scala_explicit/scala_flexible_type_with_test_script/community-build/community-projects/betterfiles/core/src/main/scala/better/files/Implicits.scala:141:39 
[error] 141 |      reader(charset).buffered.lines().toAutoClosedIterator
[error]     |      ^^^^^^^^^^^^^^^^^^^^^^^^^^^^^^^^^^^^^^^^^^^^^^^^^^^^^
[error]     |value toAutoClosedIterator is not a member of java.util.stream.Stream[String] | Null.
[error]     |An extension method was tried, but could not be fully constructed:
[error]     |
[error]     |    Implicits.this.JStreamOps[A](
[error]     |      Implicits.this.ReaderOps(this.reader(charset)).buffered.lines())
[error] -- [E008] Not Found Error: /Users/y3536zha/Desktop/scala_explicit/scala_flexible_type_with_test_script/community-build/community-projects/betterfiles/core/src/main/scala/better/files/Implicits.scala:201:21 
[error] 201 |      reader.lines().toAutoClosedIterator.flatMap(splitter.split)
[error]     |      ^^^^^^^^^^^^^^^^^^^^^^^^^^^^^^^^^^^
[error]     |value toAutoClosedIterator is not a member of java.util.stream.Stream[String] | Null.
[error]     |An extension method was tried, but could not be fully constructed:
[error]     |
[error]     |    Implicits.this.JStreamOps[A](BufferedReaderOps.this.reader.lines())
[error] -- [E007] Type Mismatch Error: /Users/y3536zha/Desktop/scala_explicit/scala_flexible_type_with_test_script/community-build/community-projects/betterfiles/core/src/main/scala/better/files/Implicits.scala:214:12 
[error] 214 |      fc.map(FileChannel.MapMode.READ_ONLY, 0, fc.size())
[error]     |      ^^^^^^^^^^^^^^^^^^^^^^^^^^^^^^^^^^^^^^^^^^^^^^^^^^^
[error]     |      Found:    java.nio.MappedByteBuffer | Null
[error]     |      Required: java.nio.MappedByteBuffer
[error]     |
[error]     | longer explanation available when compiling with `-explain`
[error] -- [E007] Type Mismatch Error: /Users/y3536zha/Desktop/scala_explicit/scala_flexible_type_with_test_script/community-build/community-projects/betterfiles/core/src/main/scala/better/files/Implicits.scala:250:42 
[error] 250 |      val relativeName = name.stripSuffix(file.fileSystem.getSeparator)
[error]     |                                          ^^^^^^^^^^^^^^^^^^^^^^^^^^^^
[error]     |                                          Found:    String | Null
[error]     |                                          Required: String
[error]     |
[error]     | longer explanation available when compiling with `-explain`
[error] -- [E007] Type Mismatch Error: /Users/y3536zha/Desktop/scala_explicit/scala_flexible_type_with_test_script/community-build/community-projects/betterfiles/core/src/main/scala/better/files/Implicits.scala:269:27 
[error] 269 |        val result = Try(f(entry))
[error]     |                           ^^^^^
[error]     |                     Found:    (entry : java.util.zip.ZipEntry | Null)
[error]     |                     Required: java.util.zip.ZipEntry
[error]     |
[error]     | longer explanation available when compiling with `-explain`
[error] -- [E007] Type Mismatch Error: /Users/y3536zha/Desktop/scala_explicit/scala_flexible_type_with_test_script/community-build/community-projects/betterfiles/core/src/main/scala/better/files/Implicits.scala:287:38 
[error] 287 |      val child = rootDir.createChild(entry.getName, asDirectory = entry.isDirectory, createParents = true)
[error]     |                                      ^^^^^^^^^^^^^
[error]     |                                      Found:    String | Null
[error]     |                                      Required: String
[error]     |
[error]     | longer explanation available when compiling with `-explain`
[error] -- [E008] Not Found Error: /Users/y3536zha/Desktop/scala_explicit/scala_flexible_type_with_test_script/community-build/community-projects/betterfiles/core/src/main/scala/better/files/Implicits.scala:320:45 
[error] 320 |      stream.autoClosed.flatMap(_.iterator().asScala)
[error]     |                                ^^^^^^^^^^^^^^^^^^^^
[error]     |value asScala is not a member of java.util.Iterator[A] | Null.
[error]     |An extension method was tried, but could not be fully constructed:
[error]     |
[error]     |    collection.JavaConverters.asScalaIteratorConverter[A](_$6.iterator())
[error] -- [E172] Type Error: /Users/y3536zha/Desktop/scala_explicit/scala_flexible_type_with_test_script/community-build/community-projects/betterfiles/core/src/main/scala/better/files/Implicits.scala:320:53 
[error] 320 |      stream.autoClosed.flatMap(_.iterator().asScala)
[error]     |                                                     ^
[error]     |Ambiguous given instances: both object managedResourceFlatMap in trait Implicits and object traversableFlatMap in trait Implicits match type better.files.ManagedResource.FlatMap[F] of parameter fv of method flatMap in class ManagedResource
[error] -- [E007] Type Mismatch Error: /Users/y3536zha/Desktop/scala_explicit/scala_flexible_type_with_test_script/community-build/community-projects/betterfiles/core/src/main/scala/better/files/Implicits.scala:325:55 
[error] 325 |      Ordering.comparatorToOrdering(order.thenComparing(order2))
[error]     |                                    ^^^^^^^^^^^^^^^^^^^^^^^^^^^
[error]     |                              Found:    java.util.Comparator[A] | Null
[error]     |                              Required: java.util.Comparator[A]
[error]     |
[error]     | longer explanation available when compiling with `-explain`
[error] -- [E007] Type Mismatch Error: /Users/y3536zha/Desktop/scala_explicit/scala_flexible_type_with_test_script/community-build/community-projects/betterfiles/core/src/main/scala/better/files/Implicits.scala:329:29 
[error] 329 |    MessageDigest.getInstance(algorithmName)
[error]     |    ^^^^^^^^^^^^^^^^^^^^^^^^^^^^^^^^^^^^^^^^
[error]     |    Found:    java.security.MessageDigest | Null
[error]     |    Required: java.security.MessageDigest
[error]     |
[error]     | longer explanation available when compiling with `-explain`
[error] -- [E007] Type Mismatch Error: /Users/y3536zha/Desktop/scala_explicit/scala_flexible_type_with_test_script/community-build/community-projects/betterfiles/core/src/main/scala/better/files/Implicits.scala:332:19 
[error] 332 |    Charset.forName(charsetName)
[error]     |    ^^^^^^^^^^^^^^^^^^^^^^^^^^^^
[error]     |    Found:    java.nio.charset.Charset | Null
[error]     |    Required: java.nio.charset.Charset
[error]     |
[error]     | longer explanation available when compiling with `-explain`
[error] -- [E007] Type Mismatch Error: /Users/y3536zha/Desktop/scala_explicit/scala_flexible_type_with_test_script/community-build/community-projects/betterfiles/core/src/main/scala/better/files/Implicits.scala:335:51 
[error] 335 |    Iterator.continually(s.nextToken()).withHasNext(s.hasMoreTokens)
[error]     |    ^^^^^^^^^^^^^^^^^^^^^^^^^^^^^^^^^^^^^^^^^^^^^^^^^^^^^^^^^^^^^^^^
[error]     |    Found:    Iterator[String | Null]
[error]     |    Required: Iterator[String]
[error]     |
[error]     | longer explanation available when compiling with `-explain`
[error] -- [E008] Not Found Error: /Users/y3536zha/Desktop/scala_explicit/scala_flexible_type_with_test_script/community-build/community-projects/betterfiles/core/src/main/scala/better/files/ReaderInputStream.scala:19:27 
[error] 19 |        charset.newEncoder.onMalformedInput(CodingErrorAction.REPLACE).onUnmappableCharacter(CodingErrorAction.REPLACE),
[error]    |        ^^^^^^^^^^^^^^^^^^^^^^^^^^^^^^^^^^^
[error]    |value onMalformedInput is not a member of java.nio.charset.CharsetEncoder | Null.
[error]    |Since explicit-nulls is enabled, the selection is rejected because
[error]    |java.nio.charset.CharsetEncoder | Null could be null at runtime.
[error]    |If you want to select onMalformedInput without checking for a null value,
[error]    |insert a .nn before .onMalformedInput or import scala.language.unsafeNulls.
[error] -- [E008] Not Found Error: /Users/y3536zha/Desktop/scala_explicit/scala_flexible_type_with_test_script/community-build/community-projects/betterfiles/core/src/main/scala/better/files/ReaderInputStream.scala:27:64 
[error] 27 |  private[this] val encoderIn = CharBuffer.allocate(bufferSize).flip().asInstanceOf[CharBuffer]
[error]    |                                ^^^^^^^^^^^^^^^^^^^^^^^^^^^^^^^^^^^^
[error]    |      value flip is not a member of java.nio.CharBuffer | Null.
[error]    |      Since explicit-nulls is enabled, the selection is rejected because
[error]    |      java.nio.CharBuffer | Null could be null at runtime.
[error]    |      If you want to select flip without checking for a null value,
[error]    |      insert a .nn before .flip or import scala.language.unsafeNulls.
[error] -- [E008] Not Found Error: /Users/y3536zha/Desktop/scala_explicit/scala_flexible_type_with_test_script/community-build/community-projects/betterfiles/core/src/main/scala/better/files/ReaderInputStream.scala:33:70 
[error] 33 |  private[this] val encoderOut = ByteBuffer.allocate(bufferSize >> 4).flip().asInstanceOf[ByteBuffer]
[error]    |                                 ^^^^^^^^^^^^^^^^^^^^^^^^^^^^^^^^^^^^^^^^^
[error]    |      value flip is not a member of java.nio.ByteBuffer | Null.
[error]    |      Since explicit-nulls is enabled, the selection is rejected because
[error]    |      java.nio.ByteBuffer | Null could be null at runtime.
[error]    |      If you want to select flip without checking for a null value,
[error]    |      insert a .nn before .flip or import scala.language.unsafeNulls.
[error] -- [E008] Not Found Error: /Users/y3536zha/Desktop/scala_explicit/scala_flexible_type_with_test_script/community-build/community-projects/betterfiles/core/src/main/scala/better/files/ReaderInputStream.scala:40:24 
[error] 40 |    if (lastCoderResult.isUnderflow) {
[error]    |        ^^^^^^^^^^^^^^^^^^^^^^^^^^^
[error]    |value isUnderflow is not a member of java.nio.charset.CoderResult | Null.
[error]    |Since explicit-nulls is enabled, the selection is rejected because
[error]    |java.nio.charset.CoderResult | Null could be null at runtime.
[error]    |If you want to select isUnderflow without checking for a null value,
[error]    |insert a .nn before .isUnderflow or import scala.language.unsafeNulls.
[error] -- [E171] Type Error: /Users/y3536zha/Desktop/scala_explicit/scala_flexible_type_with_test_script/community-build/community-projects/betterfiles/core/src/main/scala/better/files/Scanner.scala:23:30 
[error] 23 |  val stdin: Scanner = Scanner(System.in)
[error]    |                       ^^^^^^^^^^^^^^^^^^
[error]    |missing argument for parameter evidence$1 of method apply in object Scanner: (implicit evidence$1: better.files.Scanner.Source[java.io.InputStream | Null]):
[error]    |  better.files.Scanner
[error] -- [E007] Type Mismatch Error: /Users/y3536zha/Desktop/scala_explicit/scala_flexible_type_with_test_script/community-build/community-projects/betterfiles/core/src/main/scala/better/files/Scanner.scala:53:67 
[error] 53 |    override def nextLine()   = Option(reader.readLine()).getOrElse(throw new NoSuchElementException("End of file"))
[error]    |                                ^^^^^^^^^^^^^^^^^^^^^^^^^^^^^^^^^^^^^^^^^^^^^^^^^^^^^^^^^^^^^^^^^^^^^^^^^^^^^^^^^^^^
[error]    |                                Found:    String | Null
[error]    |                                Required: String
[error]    |
[error]    | longer explanation available when compiling with `-explain`
[error] -- [E007] Type Mismatch Error: /Users/y3536zha/Desktop/scala_explicit/scala_flexible_type_with_test_script/community-build/community-projects/betterfiles/core/src/main/scala/better/files/Scanner.scala:85:81 
[error] 85 |      implicit val durationRead: Read[Duration]             = Read(Duration.parse(_))
[error]    |                                                                   ^^^^^^^^^^^^^^^^^
[error]    |                                     Found:    java.time.Duration | Null
[error]    |                                     Required: java.time.Duration
[error]    |
[error]    | longer explanation available when compiling with `-explain`
[error] -- [E007] Type Mismatch Error: /Users/y3536zha/Desktop/scala_explicit/scala_flexible_type_with_test_script/community-build/community-projects/betterfiles/core/src/main/scala/better/files/Scanner.scala:86:80 
[error] 86 |      implicit val instantRead: Read[Instant]               = Read(Instant.parse(_))
[error]    |                                                                   ^^^^^^^^^^^^^^^^
[error]    |                                      Found:    java.time.Instant | Null
[error]    |                                      Required: java.time.Instant
[error]    |
[error]    | longer explanation available when compiling with `-explain`
[error] -- [E007] Type Mismatch Error: /Users/y3536zha/Desktop/scala_explicit/scala_flexible_type_with_test_script/community-build/community-projects/betterfiles/core/src/main/scala/better/files/Scanner.scala:87:86 
[error] 87 |      implicit val localDateTimeRead: Read[LocalDateTime]   = Read(LocalDateTime.parse(_))
[error]    |                                                                   ^^^^^^^^^^^^^^^^^^^^^^
[error]    |                                Found:    java.time.LocalDateTime | Null
[error]    |                                Required: java.time.LocalDateTime
[error]    |
[error]    | longer explanation available when compiling with `-explain`
[error] -- [E007] Type Mismatch Error: /Users/y3536zha/Desktop/scala_explicit/scala_flexible_type_with_test_script/community-build/community-projects/betterfiles/core/src/main/scala/better/files/Scanner.scala:88:82 
[error] 88 |      implicit val localDateRead: Read[LocalDate]           = Read(LocalDate.parse(_))
[error]    |                                                                   ^^^^^^^^^^^^^^^^^^
[error]    |                                    Found:    java.time.LocalDate | Null
[error]    |                                    Required: java.time.LocalDate
[error]    |
[error]    | longer explanation available when compiling with `-explain`
[error] -- [E007] Type Mismatch Error: /Users/y3536zha/Desktop/scala_explicit/scala_flexible_type_with_test_script/community-build/community-projects/betterfiles/core/src/main/scala/better/files/Scanner.scala:89:81 
[error] 89 |      implicit val monthDayRead: Read[MonthDay]             = Read(MonthDay.parse(_))
[error]    |                                                                   ^^^^^^^^^^^^^^^^^
[error]    |                                     Found:    java.time.MonthDay | Null
[error]    |                                     Required: java.time.MonthDay
[error]    |
[error]    | longer explanation available when compiling with `-explain`
[error] -- [E007] Type Mismatch Error: /Users/y3536zha/Desktop/scala_explicit/scala_flexible_type_with_test_script/community-build/community-projects/betterfiles/core/src/main/scala/better/files/Scanner.scala:90:87 
[error] 90 |      implicit val offsetDateTimeRead: Read[OffsetDateTime] = Read(OffsetDateTime.parse(_))
[error]    |                                                                   ^^^^^^^^^^^^^^^^^^^^^^^
[error]    |                               Found:    java.time.OffsetDateTime | Null
[error]    |                               Required: java.time.OffsetDateTime
[error]    |
[error]    | longer explanation available when compiling with `-explain`
[error] 128 errors found
[error] (core / Compile / compileIncremental) Compilation failed
[error] Total time: 19 s, completed Jun 21, 2023, 11:50:35 PM
[error] -- [E007] Type Mismatch Error: /Users/y3536zha/Desktop/scala_explicit/scala_flexible_type_with_test_script/community-build/community-projects/betterfiles/core/src/main/scala/better/files/File.scala:903:33 
[error] 903 |      time: Instant = Instant.now()
[error]     |                      ^^^^^^^^^^^^^
[error]     |                      Found:    java.time.Instant | Null
[error]     |                      Required: java.time.Instant
[error]     |
[error]     | longer explanation available when compiling with `-explain`
[error] -- [E008] Not Found Error: /Users/y3536zha/Desktop/scala_explicit/scala_flexible_type_with_test_script/community-build/community-projects/betterfiles/core/src/main/scala/better/files/Dsl.scala:150:69 
[error] 150 |    file.setPermissions(PosixFilePermissions.fromString(permissions).asScala.toSet)
[error]     |                        ^^^^^^^^^^^^^^^^^^^^^^^^^^^^^^^^^^^^^^^^^^^^^^^^^^^^
[error]     |value asScala is not a member of java.util.Set[java.nio.file.attribute.PosixFilePermission] | Null.
[error]     |An extension method was tried, but could not be fully constructed:
[error]     |
[error]     |    collection.JavaConverters.collectionAsScalaIterableConverter[A](
[error]     |      java.nio.file.attribute.PosixFilePermissions.fromString(permissions))
[error] -- [E007] Type Mismatch Error: /Users/y3536zha/Desktop/scala_explicit/scala_flexible_type_with_test_script/community-build/community-projects/betterfiles/core/src/main/scala/better/files/File.scala:50:4 
[error] 50 |    path.getRoot
[error]    |    ^^^^^^^^^^^^
[error]    |    Found:    java.nio.file.Path | Null
[error]    |    Required: better.files.File
[error]    |
[error]    | longer explanation available when compiling with `-explain`
[error] -- [E007] Type Mismatch Error: /Users/y3536zha/Desktop/scala_explicit/scala_flexible_type_with_test_script/community-build/community-projects/betterfiles/core/src/main/scala/better/files/File.scala:63:36 
[error] 63 |    if (hasExtension) name.substring(0, indexOfExtension(includeAll)) else name
[error]    |                      ^^^^^^^^^^^^^^^^^^^^^^^^^^^^^^^^^^^^^^^^^^^^^^^
[error]    |                      Found:    String | Null
[error]    |                      Required: String
[error]    |
[error]    | longer explanation available when compiling with `-explain`
[error] -- [E008] Not Found Error: /Users/y3536zha/Desktop/scala_explicit/scala_flexible_type_with_test_script/community-build/community-projects/betterfiles/core/src/main/scala/better/files/File.scala:82:33 
[error] 82 |      if (toLowerCase) extension.toLowerCase else extension
[error]    |                       ^^^^^^^^^^^^^^^^^^^^^
[error]    |  value toLowerCase is not a member of String | Null.
[error]    |  Since explicit-nulls is enabled, the selection is rejected because
[error]    |  String | Null could be null at runtime.
[error]    |  If you want to select toLowerCase without checking for a null value,
[error]    |  insert a .nn before .toLowerCase or import scala.language.unsafeNulls.
[error] -- [E007] Type Mismatch Error: /Users/y3536zha/Desktop/scala_explicit/scala_flexible_type_with_test_script/community-build/community-projects/betterfiles/core/src/main/scala/better/files/File.scala:82:50 
[error] 82 |      if (toLowerCase) extension.toLowerCase else extension
[error]    |                                                  ^^^^^^^^^
[error]    |                                   Found:    (extension : String | Null)
[error]    |                                   Required: String
[error]    |
[error]    | longer explanation available when compiling with `-explain`
[error] -- [E007] Type Mismatch Error: /Users/y3536zha/Desktop/scala_explicit/scala_flexible_type_with_test_script/community-build/community-projects/betterfiles/core/src/main/scala/better/files/File.scala:106:33 
[error] 106 |    Option(Files.probeContentType(path))
[error]     |           ^^^^^^^^^^^^^^^^^^^^^^^^^^^^
[error]     |           Found:    String | Null
[error]     |           Required: String
[error]     |
[error]     | longer explanation available when compiling with `-explain`
[error] -- [E172] Type Error: /Users/y3536zha/Desktop/scala_explicit/scala_flexible_type_with_test_script/community-build/community-projects/betterfiles/core/src/main/scala/better/files/File.scala:117:23 
[error] 117 |    parentOption.orNull
[error]     |                       ^
[error]     |                       Cannot prove that Null <:< better.files.File.
[error] -- [E134] Type Error: /Users/y3536zha/Desktop/scala_explicit/scala_flexible_type_with_test_script/community-build/community-projects/betterfiles/core/src/main/scala/better/files/File.scala:124:36 
[error] 124 |    Option(path.getParent).map(File.apply)
[error]     |                               ^^^^^^^^^^
[error]     |None of the overloaded alternatives of method apply in object File with types
[error]     | (uri: java.net.URI): better.files.File
[error]     | (url: java.net.URL): better.files.File
[error]     | (anchor: better.files.File, path: String, fragments: String*): better.files.File
[error]     | (path: String, fragments: String*): better.files.File
[error]     | (path: java.nio.file.Path): better.files.File
[error]     |match expected type java.nio.file.Path | Null => B
[error]     |
[error]     |where:    B is a type variable with constraint <: better.files.File
[error] -- [E007] Type Mismatch Error: /Users/y3536zha/Desktop/scala_explicit/scala_flexible_type_with_test_script/community-build/community-projects/betterfiles/core/src/main/scala/better/files/File.scala:127:16 
[error] 127 |    path.resolve(child)
[error]     |    ^^^^^^^^^^^^^^^^^^^
[error]     |    Found:    java.nio.file.Path | Null
[error]     |    Required: better.files.File
[error]     |
[error]     | longer explanation available when compiling with `-explain`
[error] -- [E007] Type Mismatch Error: /Users/y3536zha/Desktop/scala_explicit/scala_flexible_type_with_test_script/community-build/community-projects/betterfiles/core/src/main/scala/better/files/File.scala:191:23 
[error] 191 |    path.resolveSibling(name)
[error]     |    ^^^^^^^^^^^^^^^^^^^^^^^^^
[error]     |    Found:    java.nio.file.Path | Null
[error]     |    Required: better.files.File
[error]     |
[error]     | longer explanation available when compiling with `-explain`
[error] -- [E007] Type Mismatch Error: /Users/y3536zha/Desktop/scala_explicit/scala_flexible_type_with_test_script/community-build/community-projects/betterfiles/core/src/main/scala/better/files/File.scala:218:22 
[error] 218 |    Files.readAllBytes(path)
[error]     |    ^^^^^^^^^^^^^^^^^^^^^^^^
[error]     |    Found:    Array[Byte] | Null
[error]     |    Required: Array[Byte]
[error]     |
[error]     | longer explanation available when compiling with `-explain`
[error] -- [E008] Not Found Error: /Users/y3536zha/Desktop/scala_explicit/scala_flexible_type_with_test_script/community-build/community-projects/betterfiles/core/src/main/scala/better/files/File.scala:266:38 
[error] 266 |    Files.readAllLines(path, charset).asScala
[error]     |    ^^^^^^^^^^^^^^^^^^^^^^^^^^^^^^^^^^^^^^^^^
[error]     |  value asScala is not a member of java.util.List[String] | Null.
[error]     |  An extension method was tried, but could not be fully constructed:
[error]     |
[error]     |      collection.JavaConverters.collectionAsScalaIterableConverter[A](
[error]     |        java.nio.file.Files.readAllLines(File.this.path, charset))
[error] -- [E008] Not Found Error: /Users/y3536zha/Desktop/scala_explicit/scala_flexible_type_with_test_script/community-build/community-projects/betterfiles/core/src/main/scala/better/files/File.scala:277:31 
[error] 277 |    Files.lines(path, charset).toAutoClosedIterator
[error]     |    ^^^^^^^^^^^^^^^^^^^^^^^^^^^^^^^^^^^^^^^^^^^^^^^
[error]     |value toAutoClosedIterator is not a member of java.util.stream.Stream[String] | Null.
[error]     |An extension method was tried, but could not be fully constructed:
[error]     |
[error]     |    better.files.JStreamOps[A](java.nio.file.Files.lines(File.this.path, charset))
[error] -- [E007] Type Mismatch Error: /Users/y3536zha/Desktop/scala_explicit/scala_flexible_type_with_test_script/community-build/community-projects/betterfiles/core/src/main/scala/better/files/File.scala:314:33 
[error] 314 |    appendByteArray(text.getBytes(charset))
[error]     |                    ^^^^^^^^^^^^^^^^^^^^^^
[error]     |                    Found:    Array[Byte] | Null
[error]     |                    Required: Array[Byte]
[error]     |
[error]     | longer explanation available when compiling with `-explain`
[error] -- [E007] Type Mismatch Error: /Users/y3536zha/Desktop/scala_explicit/scala_flexible_type_with_test_script/community-build/community-projects/betterfiles/core/src/main/scala/better/files/File.scala:357:32 
[error] 357 |    writeByteArray(text.getBytes(charset))(openOptions)
[error]     |                   ^^^^^^^^^^^^^^^^^^^^^^
[error]     |                   Found:    Array[Byte] | Null
[error]     |                   Required: Array[Byte]
[error]     |
[error]     | longer explanation available when compiling with `-explain`
[error] -- [E007] Type Mismatch Error: /Users/y3536zha/Desktop/scala_explicit/scala_flexible_type_with_test_script/community-build/community-projects/betterfiles/core/src/main/scala/better/files/File.scala:382:27 
[error] 382 |    Files.newBufferedReader(path, charset)
[error]     |    ^^^^^^^^^^^^^^^^^^^^^^^^^^^^^^^^^^^^^^
[error]     |    Found:    java.io.BufferedReader | Null
[error]     |    Required: java.io.BufferedReader
[error]     |
[error]     | longer explanation available when compiling with `-explain`
[error] -- [E007] Type Mismatch Error: /Users/y3536zha/Desktop/scala_explicit/scala_flexible_type_with_test_script/community-build/community-projects/betterfiles/core/src/main/scala/better/files/File.scala:392:27 
[error] 392 |    Files.newBufferedWriter(path, charset, openOptions: _*)
[error]     |    ^^^^^^^^^^^^^^^^^^^^^^^^^^^^^^^^^^^^^^^^^^^^^^^^^^^^^^^
[error]     |    Found:    java.io.BufferedWriter | Null
[error]     |    Required: java.io.BufferedWriter
[error]     |
[error]     | longer explanation available when compiling with `-explain`
[error] -- [E007] Type Mismatch Error: /Users/y3536zha/Desktop/scala_explicit/scala_flexible_type_with_test_script/community-build/community-projects/betterfiles/core/src/main/scala/better/files/File.scala:428:24 
[error] 428 |    Files.newInputStream(path, openOptions: _*)
[error]     |    ^^^^^^^^^^^^^^^^^^^^^^^^^^^^^^^^^^^^^^^^^^^
[error]     |    Found:    java.io.InputStream | Null
[error]     |    Required: java.io.InputStream
[error]     |
[error]     | longer explanation available when compiling with `-explain`
[error] -- [E007] Type Mismatch Error: /Users/y3536zha/Desktop/scala_explicit/scala_flexible_type_with_test_script/community-build/community-projects/betterfiles/core/src/main/scala/better/files/File.scala:475:25 
[error] 475 |    Files.newOutputStream(path, openOptions: _*)
[error]     |    ^^^^^^^^^^^^^^^^^^^^^^^^^^^^^^^^^^^^^^^^^^^^
[error]     |    Found:    java.io.OutputStream | Null
[error]     |    Required: java.io.OutputStream
[error]     |
[error]     | longer explanation available when compiling with `-explain`
[error] -- [E007] Type Mismatch Error: /Users/y3536zha/Desktop/scala_explicit/scala_flexible_type_with_test_script/community-build/community-projects/betterfiles/core/src/main/scala/better/files/File.scala:525:20 
[error] 525 |    FileChannel.open(path, openOptions.toSet.asJava, attributes: _*)
[error]     |    ^^^^^^^^^^^^^^^^^^^^^^^^^^^^^^^^^^^^^^^^^^^^^^^^^^^^^^^^^^^^^^^^
[error]     |    Found:    java.nio.channels.FileChannel | Null
[error]     |    Required: java.nio.channels.FileChannel
[error]     |
[error]     | longer explanation available when compiling with `-explain`
[error] -- [E007] Type Mismatch Error: /Users/y3536zha/Desktop/scala_explicit/scala_flexible_type_with_test_script/community-build/community-projects/betterfiles/core/src/main/scala/better/files/File.scala:538:32 
[error] 538 |    AsynchronousFileChannel.open(path, openOptions: _*)
[error]     |    ^^^^^^^^^^^^^^^^^^^^^^^^^^^^^^^^^^^^^^^^^^^^^^^^^^^
[error]     |    Found:    java.nio.channels.AsynchronousFileChannel | Null
[error]     |    Required: java.nio.channels.AsynchronousFileChannel
[error]     |
[error]     | longer explanation available when compiling with `-explain`
[error] -- [E007] Type Mismatch Error: /Users/y3536zha/Desktop/scala_explicit/scala_flexible_type_with_test_script/community-build/community-projects/betterfiles/core/src/main/scala/better/files/File.scala:547:30 
[error] 547 |    fileSystem.newWatchService()
[error]     |    ^^^^^^^^^^^^^^^^^^^^^^^^^^^^
[error]     |    Found:    java.nio.file.WatchService | Null
[error]     |    Required: java.nio.file.WatchService
[error]     |
[error]     | longer explanation available when compiling with `-explain`
[error] -- [E134] Type Error: /Users/y3536zha/Desktop/scala_explicit/scala_flexible_type_with_test_script/community-build/community-projects/betterfiles/core/src/main/scala/better/files/File.scala:576:9 
[error] 576 |    path.register(service, events.toArray)
[error]     |    ^^^^^^^^^^^^^
[error]     |None of the overloaded alternatives of method register in trait Path with types
[error]     | (x$0: java.nio.file.WatchService | Null, x$1: (java.nio.file.WatchEvent#Kind[?]
[error]     |  | Null)*): java.nio.file.WatchKey | Null
[error]     | (x$0: java.nio.file.WatchService | Null,
[error]     |  x$1: Array[java.nio.file.WatchEvent#Kind[?] | Null] | Null, x$2: (
[error]     |  java.nio.file.WatchEvent#Modifier | Null)*): java.nio.file.WatchKey | Null
[error]     |match arguments ((service : java.nio.file.WatchService), Array[java.nio.file.WatchEvent.Kind[?]])
[error] -- [E007] Type Mismatch Error: /Users/y3536zha/Desktop/scala_explicit/scala_flexible_type_with_test_script/community-build/community-projects/betterfiles/core/src/main/scala/better/files/File.scala:582:35 
[error] 582 |      val file: File = path.resolve(relativePath)
[error]     |                       ^^^^^^^^^^^^^^^^^^^^^^^^^^
[error]     |                       Found:    java.nio.file.Path | Null
[error]     |                       Required: better.files.File
[error]     |
[error]     | longer explanation available when compiling with `-explain`
[error] -- [E007] Type Mismatch Error: /Users/y3536zha/Desktop/scala_explicit/scala_flexible_type_with_test_script/community-build/community-projects/betterfiles/core/src/main/scala/better/files/File.scala:589:20 
[error] 589 |    algorithm.digest()
[error]     |    ^^^^^^^^^^^^^^^^^^
[error]     |    Found:    Array[Byte] | Null
[error]     |    Required: Array[Byte]
[error]     |
[error]     | longer explanation available when compiling with `-explain`
[error] -- [E007] Type Mismatch Error: /Users/y3536zha/Desktop/scala_explicit/scala_flexible_type_with_test_script/community-build/community-projects/betterfiles/core/src/main/scala/better/files/File.scala:614:36 
[error] 614 |    DatatypeConverter.printHexBinary(digest(algorithm))
[error]     |    ^^^^^^^^^^^^^^^^^^^^^^^^^^^^^^^^^^^^^^^^^^^^^^^^^^^
[error]     |    Found:    String | Null
[error]     |    Required: String
[error]     |
[error]     | longer explanation available when compiling with `-explain`
[error] -- [E007] Type Mismatch Error: /Users/y3536zha/Desktop/scala_explicit/scala_flexible_type_with_test_script/community-build/community-projects/betterfiles/core/src/main/scala/better/files/File.scala:632:56 
[error] 632 |    when(isSymbolicLink)(new File(Files.readSymbolicLink(path)))
[error]     |                                  ^^^^^^^^^^^^^^^^^^^^^^^^^^^^
[error]     |                                  Found:    java.nio.file.Path | Null
[error]     |                                  Required: java.nio.file.Path
[error]     |
[error]     | longer explanation available when compiling with `-explain`
[error] -- [E008] Not Found Error: /Users/y3536zha/Desktop/scala_explicit/scala_flexible_type_with_test_script/community-build/community-projects/betterfiles/core/src/main/scala/better/files/File.scala:671:50 
[error] 671 |        channel.tryLock(position, size, isShared).release()
[error]     |        ^^^^^^^^^^^^^^^^^^^^^^^^^^^^^^^^^^^^^^^^^^^^^^^^^
[error]     |   value release is not a member of java.nio.channels.FileLock | Null.
[error]     |   Since explicit-nulls is enabled, the selection is rejected because
[error]     |   java.nio.channels.FileLock | Null could be null at runtime.
[error]     |   If you want to select release without checking for a null value,
[error]     |   insert a .nn before .release or import scala.language.unsafeNulls.
[error] -- [E008] Not Found Error: /Users/y3536zha/Desktop/scala_explicit/scala_flexible_type_with_test_script/community-build/community-projects/betterfiles/core/src/main/scala/better/files/File.scala:701:37 
[error] 701 |    newRandomAccess(mode).getChannel.autoClosed.apply(f)
[error]     |    ^^^^^^^^^^^^^^^^^^^^^^^^^^^^^^^^^^^^^^^^^^^
[error]     |value autoClosed is not a member of java.nio.channels.FileChannel | Null.
[error]     |An extension method was tried, but could not be fully constructed:
[error]     |
[error]     |    better.files.CloseableOps[A](this.newRandomAccess(mode).getChannel())
[error] -- [E007] Type Mismatch Error: /Users/y3536zha/Desktop/scala_explicit/scala_flexible_type_with_test_script/community-build/community-projects/betterfiles/core/src/main/scala/better/files/File.scala:710:14 
[error] 710 |    Files.list(path)
[error]     |    ^^^^^^^^^^^^^^^^
[error]     |    Found:    java.util.stream.Stream[java.nio.file.Path] | Null
[error]     |    Required: better.files.Files
[error]     |
[error]     | longer explanation available when compiling with `-explain`
[error] -- [E007] Type Mismatch Error: /Users/y3536zha/Desktop/scala_explicit/scala_flexible_type_with_test_script/community-build/community-projects/betterfiles/core/src/main/scala/better/files/File.scala:726:14 
[error] 726 |    Files.walk(path, maxDepth, visitOptions: _*) //TODO: that ignores I/O errors?
[error]     |    ^^^^^^^^^^^^^^^^^^^^^^^^^^^^^^^^^^^^^^^^^^^^
[error]     |    Found:    java.util.stream.Stream[java.nio.file.Path] | Null
[error]     |    Required: better.files.Files
[error]     |
[error]     | longer explanation available when compiling with `-explain`
[error] -- [E007] Type Mismatch Error: /Users/y3536zha/Desktop/scala_explicit/scala_flexible_type_with_test_script/community-build/community-projects/betterfiles/core/src/main/scala/better/files/File.scala:780:4 
[error] 780 |    path.toUri
[error]     |    ^^^^^^^^^^
[error]     |    Found:    java.net.URI | Null
[error]     |    Required: java.net.URI
[error]     |
[error]     | longer explanation available when compiling with `-explain`
[error] -- [E007] Type Mismatch Error: /Users/y3536zha/Desktop/scala_explicit/scala_flexible_type_with_test_script/community-build/community-projects/betterfiles/core/src/main/scala/better/files/File.scala:783:4 
[error] 783 |    uri.toURL
[error]     |    ^^^^^^^^^
[error]     |    Found:    java.net.URL | Null
[error]     |    Required: java.net.URL
[error]     |
[error]     | longer explanation available when compiling with `-explain`
[error] -- [E008] Not Found Error: /Users/y3536zha/Desktop/scala_explicit/scala_flexible_type_with_test_script/community-build/community-projects/betterfiles/core/src/main/scala/better/files/File.scala:792:57 
[error] 792 |    Files.getPosixFilePermissions(path, linkOptions: _*).asScala.toSet
[error]     |    ^^^^^^^^^^^^^^^^^^^^^^^^^^^^^^^^^^^^^^^^^^^^^^^^^^^^^^^^^^^^
[error]     |value asScala is not a member of java.util.Set[java.nio.file.attribute.PosixFilePermission] | Null.
[error]     |An extension method was tried, but could not be fully constructed:
[error]     |
[error]     |    collection.JavaConverters.collectionAsScalaIterableConverter[A](
[error]     |      java.nio.file.Files.getPosixFilePermissions(File.this.path, linkOptions*))
[error] -- [E007] Type Mismatch Error: /Users/y3536zha/Desktop/scala_explicit/scala_flexible_type_with_test_script/community-build/community-projects/betterfiles/core/src/main/scala/better/files/File.scala:869:24 
[error] 869 |    Files.readAttributes(path, classOf[BasicFileAttributes], linkOptions: _*)
[error]     |    ^^^^^^^^^^^^^^^^^^^^^^^^^^^^^^^^^^^^^^^^^^^^^^^^^^^^^^^^^^^^^^^^^^^^^^^^^
[error]     |    Found:    java.nio.file.attribute.BasicFileAttributes | Null
[error]     |    Required: java.nio.file.attribute.BasicFileAttributes
[error]     |
[error]     | longer explanation available when compiling with `-explain`
[error] -- [E007] Type Mismatch Error: /Users/y3536zha/Desktop/scala_explicit/scala_flexible_type_with_test_script/community-build/community-projects/betterfiles/core/src/main/scala/better/files/File.scala:872:24 
[error] 872 |    Files.readAttributes(path, classOf[PosixFileAttributes], linkOptions: _*)
[error]     |    ^^^^^^^^^^^^^^^^^^^^^^^^^^^^^^^^^^^^^^^^^^^^^^^^^^^^^^^^^^^^^^^^^^^^^^^^^
[error]     |    Found:    java.nio.file.attribute.PosixFileAttributes | Null
[error]     |    Required: java.nio.file.attribute.PosixFileAttributes
[error]     |
[error]     | longer explanation available when compiling with `-explain`
[error] -- [E007] Type Mismatch Error: /Users/y3536zha/Desktop/scala_explicit/scala_flexible_type_with_test_script/community-build/community-projects/betterfiles/core/src/main/scala/better/files/File.scala:875:24 
[error] 875 |    Files.readAttributes(path, classOf[DosFileAttributes], linkOptions: _*)
[error]     |    ^^^^^^^^^^^^^^^^^^^^^^^^^^^^^^^^^^^^^^^^^^^^^^^^^^^^^^^^^^^^^^^^^^^^^^^
[error]     |    Found:    java.nio.file.attribute.DosFileAttributes | Null
[error]     |    Required: java.nio.file.attribute.DosFileAttributes
[error]     |
[error]     | longer explanation available when compiling with `-explain`
[error] -- [E007] Type Mismatch Error: /Users/y3536zha/Desktop/scala_explicit/scala_flexible_type_with_test_script/community-build/community-projects/betterfiles/core/src/main/scala/better/files/File.scala:878:18 
[error] 878 |    Files.getOwner(path, linkOptions: _*)
[error]     |    ^^^^^^^^^^^^^^^^^^^^^^^^^^^^^^^^^^^^^
[error]     |    Found:    java.nio.file.attribute.UserPrincipal | Null
[error]     |    Required: java.nio.file.attribute.UserPrincipal
[error]     |
[error]     | longer explanation available when compiling with `-explain`
[error] -- [E007] Type Mismatch Error: /Users/y3536zha/Desktop/scala_explicit/scala_flexible_type_with_test_script/community-build/community-projects/betterfiles/core/src/main/scala/better/files/File.scala:881:4 
[error] 881 |    owner(linkOptions).getName
[error]     |    ^^^^^^^^^^^^^^^^^^^^^^^^^^
[error]     |    Found:    String | Null
[error]     |    Required: String
[error]     |
[error]     | longer explanation available when compiling with `-explain`
[error] -- [E007] Type Mismatch Error: /Users/y3536zha/Desktop/scala_explicit/scala_flexible_type_with_test_script/community-build/community-projects/betterfiles/core/src/main/scala/better/files/File.scala:884:38 
[error] 884 |    posixAttributes(linkOptions).group()
[error]     |    ^^^^^^^^^^^^^^^^^^^^^^^^^^^^^^^^^^^^
[error]     |    Found:    java.nio.file.attribute.GroupPrincipal | Null
[error]     |    Required: java.nio.file.attribute.GroupPrincipal
[error]     |
[error]     | longer explanation available when compiling with `-explain`
[error] -- [E007] Type Mismatch Error: /Users/y3536zha/Desktop/scala_explicit/scala_flexible_type_with_test_script/community-build/community-projects/betterfiles/core/src/main/scala/better/files/File.scala:887:4 
[error] 887 |    group(linkOptions).getName
[error]     |    ^^^^^^^^^^^^^^^^^^^^^^^^^^
[error]     |    Found:    String | Null
[error]     |    Required: String
[error]     |
[error]     | longer explanation available when compiling with `-explain`
[error] -- [E008] Not Found Error: /Users/y3536zha/Desktop/scala_explicit/scala_flexible_type_with_test_script/community-build/community-projects/betterfiles/core/src/main/scala/better/files/File.scala:890:66 
[error] 890 |    Files.setOwner(path, fileSystem.getUserPrincipalLookupService.lookupPrincipalByName(owner))
[error]     |                         ^^^^^^^^^^^^^^^^^^^^^^^^^^^^^^^^^^^^^^^^^^^^^^^^^^^^^^^^^^^^^^
[error]     |value lookupPrincipalByName is not a member of java.nio.file.attribute.UserPrincipalLookupService | Null.
[error]     |Since explicit-nulls is enabled, the selection is rejected because
[error]     |java.nio.file.attribute.UserPrincipalLookupService | Null could be null at runtime.
[error]     |If you want to select lookupPrincipalByName without checking for a null value,
[error]     |insert a .nn before .lookupPrincipalByName or import scala.language.unsafeNulls.
[error] -- [E008] Not Found Error: /Users/y3536zha/Desktop/scala_explicit/scala_flexible_type_with_test_script/community-build/community-projects/betterfiles/core/src/main/scala/better/files/File.scala:895:66 
[error] 895 |    Files.setOwner(path, fileSystem.getUserPrincipalLookupService.lookupPrincipalByGroupName(group))
[error]     |                         ^^^^^^^^^^^^^^^^^^^^^^^^^^^^^^^^^^^^^^^^^^^^^^^^^^^^^^^^^^^^^^^^^^^
[error]     |value lookupPrincipalByGroupName is not a member of java.nio.file.attribute.UserPrincipalLookupService | Null.
[error]     |Since explicit-nulls is enabled, the selection is rejected because
[error]     |java.nio.file.attribute.UserPrincipalLookupService | Null could be null at runtime.
[error]     |If you want to select lookupPrincipalByGroupName without checking for a null value,
[error]     |insert a .nn before .lookupPrincipalByGroupName or import scala.language.unsafeNulls.
[error] -- [E008] Not Found Error: /Users/y3536zha/Desktop/scala_explicit/scala_flexible_type_with_test_script/community-build/community-projects/betterfiles/core/src/main/scala/better/files/File.scala:913:53 
[error] 913 |    Files.getLastModifiedTime(path, linkOptions: _*).toInstant
[error]     |    ^^^^^^^^^^^^^^^^^^^^^^^^^^^^^^^^^^^^^^^^^^^^^^^^^^^^^^^^^^
[error]     |value toInstant is not a member of java.nio.file.attribute.FileTime | Null.
[error]     |Since explicit-nulls is enabled, the selection is rejected because
[error]     |java.nio.file.attribute.FileTime | Null could be null at runtime.
[error]     |If you want to select toInstant without checking for a null value,
[error]     |insert a .nn before .toInstant or import scala.language.unsafeNulls.
[error] -- [E007] Type Mismatch Error: /Users/y3536zha/Desktop/scala_explicit/scala_flexible_type_with_test_script/community-build/community-projects/betterfiles/core/src/main/scala/better/files/File.scala:931:30 
[error] 931 |    moveTo(path.resolveSibling(newName))
[error]     |           ^^^^^^^^^^^^^^^^^^^^^^^^^^^^
[error]     |           Found:    java.nio.file.Path | Null
[error]     |           Required: better.files.File
[error]     |
[error]     | longer explanation available when compiling with `-explain`
[error] -- [E007] Type Mismatch Error: /Users/y3536zha/Desktop/scala_explicit/scala_flexible_type_with_test_script/community-build/community-projects/betterfiles/core/src/main/scala/better/files/File.scala:971:69 
[error] 971 |          def newPath(subPath: Path): Path = destination.path.resolve(path.relativize(subPath))
[error]     |                                             ^^^^^^^^^^^^^^^^^^^^^^^^^^^^^^^^^^^^^^^^^^^^^^^^^^
[error]     |                                   Found:    java.nio.file.Path | Null
[error]     |                                   Required: java.nio.file.Path
[error]     |
[error]     | longer explanation available when compiling with `-explain`
[error] -- [E007] Type Mismatch Error: /Users/y3536zha/Desktop/scala_explicit/scala_flexible_type_with_test_script/community-build/community-projects/betterfiles/core/src/main/scala/better/files/File.scala:1033:19 
[error] 1033 |    path.relativize(destination.path)
[error]      |    ^^^^^^^^^^^^^^^^^^^^^^^^^^^^^^^^^
[error]      |    Found:    java.nio.file.Path | Null
[error]      |    Required: java.nio.file.Path
[error]      |
[error]      | longer explanation available when compiling with `-explain`
[error] -- [E008] Not Found Error: /Users/y3536zha/Desktop/scala_explicit/scala_flexible_type_with_test_script/community-build/community-projects/betterfiles/core/src/main/scala/better/files/File.scala:1154:35 
[error] 1154 |      entry   <- zipFile.entries().asScala if zipFilter(entry)
[error]      |                 ^^^^^^^^^^^^^^^^^^^^^^^^^
[error]      |value asScala is not a member of java.util.Enumeration[? <: java.util.zip.ZipEntry] | Null.
[error]      |An extension method was tried, but could not be fully constructed:
[error]      |
[error]      |    collection.JavaConverters.enumerationAsScalaIteratorConverter[A](
[error]      |      zipFile.entries())
[error] -- [E007] Type Mismatch Error: /Users/y3536zha/Desktop/scala_explicit/scala_flexible_type_with_test_script/community-build/community-projects/betterfiles/core/src/main/scala/better/files/File.scala:23:74 
[error] 23 |class File private (val path: Path)(implicit val fileSystem: FileSystem = path.getFileSystem) {
[error]    |                                                                          ^^^^^^^^^^^^^^^^^^
[error]    |                               Found:    java.nio.file.FileSystem | Null
[error]    |                               Required: java.nio.file.FileSystem
[error]    |
[error]    | longer explanation available when compiling with `-explain`
[error] -- [E008] Not Found Error: /Users/y3536zha/Desktop/scala_explicit/scala_flexible_type_with_test_script/community-build/community-projects/betterfiles/core/src/main/scala/better/files/package.scala:45:67 
[error] 45 |  private[files] def currentClassLoader() = Thread.currentThread().getContextClassLoader
[error]    |                                            ^^^^^^^^^^^^^^^^^^^^^^^^^^^^^^^^^^^^^^^^^^^^
[error]    |value getContextClassLoader is not a member of Thread | Null.
[error]    |Since explicit-nulls is enabled, the selection is rejected because
[error]    |Thread | Null could be null at runtime.
[error]    |If you want to select getContextClassLoader without checking for a null value,
[error]    |insert a .nn before .getContextClassLoader or import scala.language.unsafeNulls.
[error] -- [E007] Type Mismatch Error: /Users/y3536zha/Desktop/scala_explicit/scala_flexible_type_with_test_script/community-build/community-projects/betterfiles/core/src/main/scala/better/files/File.scala:1295:49 
[error] 1295 |      case Some(dir) => Files.createTempDirectory(dir.path, prefix, attributes: _*)
[error]      |                        ^^^^^^^^^^^^^^^^^^^^^^^^^^^^^^^^^^^^^^^^^^^^^^^^^^^^^^^^^^^
[error]      |                        Found:    java.nio.file.Path | Null
[error]      |                        Required: better.files.File
[error]      |
[error]      | longer explanation available when compiling with `-explain`
[error] -- [E007] Type Mismatch Error: /Users/y3536zha/Desktop/scala_explicit/scala_flexible_type_with_test_script/community-build/community-projects/betterfiles/core/src/main/scala/better/files/File.scala:1296:49 
[error] 1296 |      case _         => Files.createTempDirectory(prefix, attributes: _*)
[error]      |                        ^^^^^^^^^^^^^^^^^^^^^^^^^^^^^^^^^^^^^^^^^^^^^^^^^
[error]      |                        Found:    java.nio.file.Path | Null
[error]      |                        Required: better.files.File
[error]      |
[error]      | longer explanation available when compiling with `-explain`
[error] -- [E007] Type Mismatch Error: /Users/y3536zha/Desktop/scala_explicit/scala_flexible_type_with_test_script/community-build/community-projects/betterfiles/core/src/main/scala/better/files/File.scala:1323:44 
[error] 1323 |      case Some(dir) => Files.createTempFile(dir.path, prefix, suffix, attributes: _*)
[error]      |                        ^^^^^^^^^^^^^^^^^^^^^^^^^^^^^^^^^^^^^^^^^^^^^^^^^^^^^^^^^^^^^^
[error]      |                        Found:    java.nio.file.Path | Null
[error]      |                        Required: better.files.File
[error]      |
[error]      | longer explanation available when compiling with `-explain`
[error] -- [E007] Type Mismatch Error: /Users/y3536zha/Desktop/scala_explicit/scala_flexible_type_with_test_script/community-build/community-projects/betterfiles/core/src/main/scala/better/files/File.scala:1324:44 
[error] 1324 |      case _         => Files.createTempFile(prefix, suffix, attributes: _*)
[error]      |                        ^^^^^^^^^^^^^^^^^^^^^^^^^^^^^^^^^^^^^^^^^^^^^^^^^^^^
[error]      |                        Found:    java.nio.file.Path | Null
[error]      |                        Required: better.files.File
[error]      |
[error]      | longer explanation available when compiling with `-explain`
[error] -- [E008] Not Found Error: /Users/y3536zha/Desktop/scala_explicit/scala_flexible_type_with_test_script/community-build/community-projects/betterfiles/core/src/main/scala/better/files/File.scala:1346:33 
[error] 1346 |    new File(path.toAbsolutePath.normalize())
[error]      |             ^^^^^^^^^^^^^^^^^^^^^^^^^^^^^
[error]      |value normalize is not a member of java.nio.file.Path | Null.
[error]      |Since explicit-nulls is enabled, the selection is rejected because
[error]      |java.nio.file.Path | Null could be null at runtime.
[error]      |If you want to select normalize without checking for a null value,
[error]      |insert a .nn before .normalize or import scala.language.unsafeNulls.
[error] -- [E007] Type Mismatch Error: /Users/y3536zha/Desktop/scala_explicit/scala_flexible_type_with_test_script/community-build/community-projects/betterfiles/core/src/main/scala/better/files/File.scala:1349:13 
[error] 1349 |    Paths.get(path, fragments: _*)
[error]      |    ^^^^^^^^^^^^^^^^^^^^^^^^^^^^^^
[error]      |    Found:    java.nio.file.Path | Null
[error]      |    Required: better.files.File
[error]      |
[error]      | longer explanation available when compiling with `-explain`
[error] -- [E008] Not Found Error: /Users/y3536zha/Desktop/scala_explicit/scala_flexible_type_with_test_script/community-build/community-projects/betterfiles/core/src/main/scala/better/files/File.scala:1370:10 
[error] 1370 |    if (p.isAbsolute) {
[error]      |        ^^^^^^^^^^^^
[error]      |value isAbsolute is not a member of java.nio.file.Path | Null.
[error]      |Since explicit-nulls is enabled, the selection is rejected because
[error]      |java.nio.file.Path | Null could be null at runtime.
[error]      |If you want to select isAbsolute without checking for a null value,
[error]      |insert a .nn before .isAbsolute or import scala.language.unsafeNulls.
[error] -- [E007] Type Mismatch Error: /Users/y3536zha/Desktop/scala_explicit/scala_flexible_type_with_test_script/community-build/community-projects/betterfiles/core/src/main/scala/better/files/File.scala:1371:6 
[error] 1371 |      p
[error]      |      ^
[error]      |      Found:    (p : java.nio.file.Path | Null)
[error]      |      Required: better.files.File
[error]      |
[error]      | longer explanation available when compiling with `-explain`
[error] -- [E134] Type Error: /Users/y3536zha/Desktop/scala_explicit/scala_flexible_type_with_test_script/community-build/community-projects/betterfiles/core/src/main/scala/better/files/File.scala:1380:4 
[error] 1380 |    apply(url.toURI)
[error]      |    ^^^^^
[error]      |None of the overloaded alternatives of method apply in object File with types
[error]      | (uri: java.net.URI): better.files.File
[error]      | (url: java.net.URL): better.files.File
[error]      | (anchor: better.files.File, path: String, fragments: String*): better.files.File
[error]      | (path: String, fragments: String*): better.files.File
[error]      | (path: java.nio.file.Path): better.files.File
[error]      |match arguments (java.net.URI | Null)
[error] -- [E007] Type Mismatch Error: /Users/y3536zha/Desktop/scala_explicit/scala_flexible_type_with_test_script/community-build/community-projects/betterfiles/core/src/main/scala/better/files/File.scala:1383:13 
[error] 1383 |    Paths.get(uri)
[error]      |    ^^^^^^^^^^^^^^
[error]      |    Found:    java.nio.file.Path | Null
[error]      |    Required: better.files.File
[error]      |
[error]      | longer explanation available when compiling with `-explain`
[error] -- [E008] Not Found Error: /Users/y3536zha/Desktop/scala_explicit/scala_flexible_type_with_test_script/community-build/community-projects/betterfiles/core/src/main/scala/better/files/File.scala:1386:27 
[error] 1386 |    FileSystems.getDefault.getRootDirectories.asScala.map(File.apply)
[error]      |    ^^^^^^^^^^^^^^^^^^^^^^^^^^^^^^^^^^^^^^^^^
[error]      |value getRootDirectories is not a member of java.nio.file.FileSystem | Null.
[error]      |Since explicit-nulls is enabled, the selection is rejected because
[error]      |java.nio.file.FileSystem | Null could be null at runtime.
[error]      |If you want to select getRootDirectories without checking for a null value,
[error]      |insert a .nn before .getRootDirectories or import scala.language.unsafeNulls.
[error] -- [E007] Type Mismatch Error: /Users/y3536zha/Desktop/scala_explicit/scala_flexible_type_with_test_script/community-build/community-projects/betterfiles/core/src/main/scala/better/files/File.scala:1414:50 
[error] 1414 |    val all: Events = Seq(StandardWatchEventKinds.ENTRY_CREATE,
[error]      |                          ^^^^^^^^^^^^^^^^^^^^^^^^^^^^^^^^^^^^
[error]      |     Found:    (java.nio.file.StandardWatchEventKinds.ENTRY_CREATE :
[error]      |       java.nio.file.WatchEvent#Kind[java.nio.file.Path] | Null)
[error]      |     Required: java.nio.file.WatchEvent.Kind[?]
[error]      |
[error]      | longer explanation available when compiling with `-explain`
[error] -- [E007] Type Mismatch Error: /Users/y3536zha/Desktop/scala_explicit/scala_flexible_type_with_test_script/community-build/community-projects/betterfiles/core/src/main/scala/better/files/File.scala:1415:50 
[error] 1415 |                          StandardWatchEventKinds.ENTRY_MODIFY,
[error]      |                          ^^^^^^^^^^^^^^^^^^^^^^^^^^^^^^^^^^^^
[error]      |     Found:    (java.nio.file.StandardWatchEventKinds.ENTRY_MODIFY :
[error]      |       java.nio.file.WatchEvent#Kind[java.nio.file.Path] | Null)
[error]      |     Required: java.nio.file.WatchEvent.Kind[?]
[error]      |
[error]      | longer explanation available when compiling with `-explain`
[error] -- [E007] Type Mismatch Error: /Users/y3536zha/Desktop/scala_explicit/scala_flexible_type_with_test_script/community-build/community-projects/betterfiles/core/src/main/scala/better/files/File.scala:1416:50 
[error] 1416 |                          StandardWatchEventKinds.ENTRY_DELETE)
[error]      |                          ^^^^^^^^^^^^^^^^^^^^^^^^^^^^^^^^^^^^
[error]      |     Found:    (java.nio.file.StandardWatchEventKinds.ENTRY_DELETE :
[error]      |       java.nio.file.WatchEvent#Kind[java.nio.file.Path] | Null)
[error]      |     Required: java.nio.file.WatchEvent.Kind[?]
[error]      |
[error]      | longer explanation available when compiling with `-explain`
[error] -- [E007] Type Mismatch Error: /Users/y3536zha/Desktop/scala_explicit/scala_flexible_type_with_test_script/community-build/community-projects/betterfiles/core/src/main/scala/better/files/File.scala:1463:36 
[error] 1463 |      file.fileSystem.getPathMatcher(s"$name:$escapedPath$pattern")
[error]      |      ^^^^^^^^^^^^^^^^^^^^^^^^^^^^^^^^^^^^^^^^^^^^^^^^^^^^^^^^^^^^^
[error]      |      Found:    java.nio.file.PathMatcher | Null
[error]      |      Required: java.nio.file.PathMatcher
[error]      |
[error]      | longer explanation available when compiling with `-explain`
[error] -- [E007] Type Mismatch Error: /Users/y3536zha/Desktop/scala_explicit/scala_flexible_type_with_test_script/community-build/community-projects/betterfiles/core/src/main/scala/better/files/File.scala:1482:59 
[error] 1482 |      override def escapePath(path: String) = Pattern.quote(path)
[error]      |                                              ^^^^^^^^^^^^^^^^^^^
[error]      |                                             Found:    String | Null
[error]      |                                             Required: String
[error]      |
[error]      | longer explanation available when compiling with `-explain`
[error] -- [E008] Not Found Error: /Users/y3536zha/Desktop/scala_explicit/scala_flexible_type_with_test_script/community-build/community-projects/betterfiles/core/src/main/scala/better/files/File.scala:1498:7 
[error] 1497 |    java.lang.management.ManagementFactory.getPlatformMBeanServer
[error] 1498 |      .getAttribute(new javax.management.ObjectName("java.lang:type=OperatingSystem"), "OpenFileDescriptorCount")
[error]      |    ^
[error]      |value getAttribute is not a member of javax.management.MBeanServer | Null.
[error]      |Since explicit-nulls is enabled, the selection is rejected because
[error]      |javax.management.MBeanServer | Null could be null at runtime.
[error]      |If you want to select getAttribute without checking for a null value,
[error]      |insert a .nn before .getAttribute or import scala.language.unsafeNulls.
[error] -- [E008] Not Found Error: /Users/y3536zha/Desktop/scala_explicit/scala_flexible_type_with_test_script/community-build/community-projects/betterfiles/core/src/main/scala/better/files/FileMonitor.scala:31:21 
[error] 31 |    key.pollEvents().asScala foreach {
[error]    |    ^^^^^^^^^^^^^^^^^^^^^^^^
[error]    |value asScala is not a member of java.util.List[java.nio.file.WatchEvent[?]] | Null.
[error]    |An extension method was tried, but could not be fully constructed:
[error]    |
[error]    |    collection.JavaConverters.collectionAsScalaIterableConverter[A](key.pollEvents()
[error]    |      )
[error] -- [E007] Type Mismatch Error: /Users/y3536zha/Desktop/scala_explicit/scala_flexible_type_with_test_script/community-build/community-projects/betterfiles/core/src/main/scala/better/files/FileMonitor.scala:63:83 
[error] 63 |      override def run() = blocking { Iterator.continually(service.take()).foreach(process) }
[error]    |                                                                                   ^^^^^^^
[error]    |                      Found:    java.nio.file.WatchKey => Boolean
[error]    |                      Required: java.nio.file.WatchKey | Null => Boolean
[error]    |
[error]    | longer explanation available when compiling with `-explain`
[error] -- [E134] Type Error: /Users/y3536zha/Desktop/scala_explicit/scala_flexible_type_with_test_script/community-build/community-projects/betterfiles/core/src/main/scala/better/files/Implicits.scala:42:6 
[error] 42 |      File(file.getPath)
[error]    |      ^^^^
[error]    |None of the overloaded alternatives of method apply in object File with types
[error]    | (uri: java.net.URI): better.files.File
[error]    | (url: java.net.URL): better.files.File
[error]    | (anchor: better.files.File, path: String, fragments: String*): better.files.File
[error]    | (path: String, fragments: String*): better.files.File
[error]    | (path: java.nio.file.Path): better.files.File
[error]    |match arguments (String | Null)
[error] -- [E007] Type Mismatch Error: /Users/y3536zha/Desktop/scala_explicit/scala_flexible_type_with_test_script/community-build/community-projects/betterfiles/core/src/main/scala/better/files/Implicits.scala:122:63 
[error] 122 |            case _: ClassNotFoundException  super.resolveClass(objectStreamClass)
[error]     |                                             ^^^^^^^^^^^^^^^^^^^^^^^^^^^^^^^^^^^^^
[error]     |                                             Found:    Class[?] | Null
[error]     |                                             Required: Class[?]
[error]     |
[error]     | longer explanation available when compiling with `-explain`
[error] -- [E007] Type Mismatch Error: /Users/y3536zha/Desktop/scala_explicit/scala_flexible_type_with_test_script/community-build/community-projects/betterfiles/core/src/main/scala/better/files/Implicits.scala:120:25 
[error] 120 |            Class.forName(objectStreamClass.getName, false, classLoader)
[error]     |            ^^^^^^^^^^^^^^^^^^^^^^^^^^^^^^^^^^^^^^^^^^^^^^^^^^^^^^^^^^^^
[error]     |            Found:    Class[?] | Null
[error]     |            Required: Class[?]
[error]     |
[error]     | longer explanation available when compiling with `-explain`
[error] -- [E007] Type Mismatch Error: /Users/y3536zha/Desktop/scala_explicit/scala_flexible_type_with_test_script/community-build/community-projects/betterfiles/core/src/main/scala/better/files/Implicits.scala:132:100 
[error] 132 |            case _: ClassNotFoundException | _: IllegalArgumentException => super.resolveProxyClass(interfaces)
[error]     |                                                                                                    ^^^^^^^^^^
[error]     |                                Found:    (interfaces : Array[String])
[error]     |                                Required: Array[String | Null] | Null
[error]     |
[error]     | longer explanation available when compiling with `-explain`
[error] -- [E007] Type Mismatch Error: /Users/y3536zha/Desktop/scala_explicit/scala_flexible_type_with_test_script/community-build/community-projects/betterfiles/core/src/main/scala/better/files/Implicits.scala:127:49 
[error] 127 |            java.lang.reflect.Proxy.getProxyClass(
[error]     |            ^
[error]     |            Found:    Class[?] | Null
[error]     |            Required: Class[?]
[error] 128 |              classLoader,
[error] 129 |              interfaces.map(interface => Class.forName(interface, false, classLoader)): _*
[error] 130 |            )
[error]     |
[error]     | longer explanation available when compiling with `-explain`
[error] -- [E007] Type Mismatch Error: /Users/y3536zha/Desktop/scala_explicit/scala_flexible_type_with_test_script/community-build/community-projects/betterfiles/core/src/main/scala/better/files/Implicits.scala:114:35 
[error] 114 |        classLoader: ClassLoader = getClass.getClassLoader,
[error]     |                                   ^^^^^^^^^^^^^^^^^^^^^^^
[error]     |                                   Found:    ClassLoader | Null
[error]     |                                   Required: ClassLoader
[error]     |
[error]     | longer explanation available when compiling with `-explain`
[error] -- [E008] Not Found Error: /Users/y3536zha/Desktop/scala_explicit/scala_flexible_type_with_test_script/community-build/community-projects/betterfiles/core/src/main/scala/better/files/Implicits.scala:141:39 
[error] 141 |      reader(charset).buffered.lines().toAutoClosedIterator
[error]     |      ^^^^^^^^^^^^^^^^^^^^^^^^^^^^^^^^^^^^^^^^^^^^^^^^^^^^^
[error]     |value toAutoClosedIterator is not a member of java.util.stream.Stream[String] | Null.
[error]     |An extension method was tried, but could not be fully constructed:
[error]     |
[error]     |    Implicits.this.JStreamOps[A](
[error]     |      Implicits.this.ReaderOps(this.reader(charset)).buffered.lines())
[error] -- [E008] Not Found Error: /Users/y3536zha/Desktop/scala_explicit/scala_flexible_type_with_test_script/community-build/community-projects/betterfiles/core/src/main/scala/better/files/Implicits.scala:201:21 
[error] 201 |      reader.lines().toAutoClosedIterator.flatMap(splitter.split)
[error]     |      ^^^^^^^^^^^^^^^^^^^^^^^^^^^^^^^^^^^
[error]     |value toAutoClosedIterator is not a member of java.util.stream.Stream[String] | Null.
[error]     |An extension method was tried, but could not be fully constructed:
[error]     |
[error]     |    Implicits.this.JStreamOps[A](BufferedReaderOps.this.reader.lines())
[error] -- [E007] Type Mismatch Error: /Users/y3536zha/Desktop/scala_explicit/scala_flexible_type_with_test_script/community-build/community-projects/betterfiles/core/src/main/scala/better/files/Implicits.scala:214:12 
[error] 214 |      fc.map(FileChannel.MapMode.READ_ONLY, 0, fc.size())
[error]     |      ^^^^^^^^^^^^^^^^^^^^^^^^^^^^^^^^^^^^^^^^^^^^^^^^^^^
[error]     |      Found:    java.nio.MappedByteBuffer | Null
[error]     |      Required: java.nio.MappedByteBuffer
[error]     |
[error]     | longer explanation available when compiling with `-explain`
[error] -- [E007] Type Mismatch Error: /Users/y3536zha/Desktop/scala_explicit/scala_flexible_type_with_test_script/community-build/community-projects/betterfiles/core/src/main/scala/better/files/Implicits.scala:250:42 
[error] 250 |      val relativeName = name.stripSuffix(file.fileSystem.getSeparator)
[error]     |                                          ^^^^^^^^^^^^^^^^^^^^^^^^^^^^
[error]     |                                          Found:    String | Null
[error]     |                                          Required: String
[error]     |
[error]     | longer explanation available when compiling with `-explain`
[error] -- [E007] Type Mismatch Error: /Users/y3536zha/Desktop/scala_explicit/scala_flexible_type_with_test_script/community-build/community-projects/betterfiles/core/src/main/scala/better/files/Implicits.scala:269:27 
[error] 269 |        val result = Try(f(entry))
[error]     |                           ^^^^^
[error]     |                     Found:    (entry : java.util.zip.ZipEntry | Null)
[error]     |                     Required: java.util.zip.ZipEntry
[error]     |
[error]     | longer explanation available when compiling with `-explain`
[error] -- [E007] Type Mismatch Error: /Users/y3536zha/Desktop/scala_explicit/scala_flexible_type_with_test_script/community-build/community-projects/betterfiles/core/src/main/scala/better/files/Implicits.scala:287:38 
[error] 287 |      val child = rootDir.createChild(entry.getName, asDirectory = entry.isDirectory, createParents = true)
[error]     |                                      ^^^^^^^^^^^^^
[error]     |                                      Found:    String | Null
[error]     |                                      Required: String
[error]     |
[error]     | longer explanation available when compiling with `-explain`
[error] -- [E008] Not Found Error: /Users/y3536zha/Desktop/scala_explicit/scala_flexible_type_with_test_script/community-build/community-projects/betterfiles/core/src/main/scala/better/files/Implicits.scala:320:45 
[error] 320 |      stream.autoClosed.flatMap(_.iterator().asScala)
[error]     |                                ^^^^^^^^^^^^^^^^^^^^
[error]     |value asScala is not a member of java.util.Iterator[A] | Null.
[error]     |An extension method was tried, but could not be fully constructed:
[error]     |
[error]     |    collection.JavaConverters.asScalaIteratorConverter[A](_$6.iterator())
[error] -- [E172] Type Error: /Users/y3536zha/Desktop/scala_explicit/scala_flexible_type_with_test_script/community-build/community-projects/betterfiles/core/src/main/scala/better/files/Implicits.scala:320:53 
[error] 320 |      stream.autoClosed.flatMap(_.iterator().asScala)
[error]     |                                                     ^
[error]     |Ambiguous given instances: both object managedResourceFlatMap in trait Implicits and object traversableFlatMap in trait Implicits match type better.files.ManagedResource.FlatMap[F] of parameter fv of method flatMap in class ManagedResource
[error] -- [E007] Type Mismatch Error: /Users/y3536zha/Desktop/scala_explicit/scala_flexible_type_with_test_script/community-build/community-projects/betterfiles/core/src/main/scala/better/files/Implicits.scala:325:55 
[error] 325 |      Ordering.comparatorToOrdering(order.thenComparing(order2))
[error]     |                                    ^^^^^^^^^^^^^^^^^^^^^^^^^^^
[error]     |                              Found:    java.util.Comparator[A] | Null
[error]     |                              Required: java.util.Comparator[A]
[error]     |
[error]     | longer explanation available when compiling with `-explain`
[error] -- [E007] Type Mismatch Error: /Users/y3536zha/Desktop/scala_explicit/scala_flexible_type_with_test_script/community-build/community-projects/betterfiles/core/src/main/scala/better/files/Implicits.scala:329:29 
[error] 329 |    MessageDigest.getInstance(algorithmName)
[error]     |    ^^^^^^^^^^^^^^^^^^^^^^^^^^^^^^^^^^^^^^^^
[error]     |    Found:    java.security.MessageDigest | Null
[error]     |    Required: java.security.MessageDigest
[error]     |
[error]     | longer explanation available when compiling with `-explain`
[error] -- [E007] Type Mismatch Error: /Users/y3536zha/Desktop/scala_explicit/scala_flexible_type_with_test_script/community-build/community-projects/betterfiles/core/src/main/scala/better/files/Implicits.scala:332:19 
[error] 332 |    Charset.forName(charsetName)
[error]     |    ^^^^^^^^^^^^^^^^^^^^^^^^^^^^
[error]     |    Found:    java.nio.charset.Charset | Null
[error]     |    Required: java.nio.charset.Charset
[error]     |
[error]     | longer explanation available when compiling with `-explain`
[error] -- [E007] Type Mismatch Error: /Users/y3536zha/Desktop/scala_explicit/scala_flexible_type_with_test_script/community-build/community-projects/betterfiles/core/src/main/scala/better/files/Implicits.scala:335:51 
[error] 335 |    Iterator.continually(s.nextToken()).withHasNext(s.hasMoreTokens)
[error]     |    ^^^^^^^^^^^^^^^^^^^^^^^^^^^^^^^^^^^^^^^^^^^^^^^^^^^^^^^^^^^^^^^^
[error]     |    Found:    Iterator[String | Null]
[error]     |    Required: Iterator[String]
[error]     |
[error]     | longer explanation available when compiling with `-explain`
[error] -- [E008] Not Found Error: /Users/y3536zha/Desktop/scala_explicit/scala_flexible_type_with_test_script/community-build/community-projects/betterfiles/core/src/main/scala/better/files/ReaderInputStream.scala:19:27 
[error] 19 |        charset.newEncoder.onMalformedInput(CodingErrorAction.REPLACE).onUnmappableCharacter(CodingErrorAction.REPLACE),
[error]    |        ^^^^^^^^^^^^^^^^^^^^^^^^^^^^^^^^^^^
[error]    |value onMalformedInput is not a member of java.nio.charset.CharsetEncoder | Null.
[error]    |Since explicit-nulls is enabled, the selection is rejected because
[error]    |java.nio.charset.CharsetEncoder | Null could be null at runtime.
[error]    |If you want to select onMalformedInput without checking for a null value,
[error]    |insert a .nn before .onMalformedInput or import scala.language.unsafeNulls.
[error] -- [E008] Not Found Error: /Users/y3536zha/Desktop/scala_explicit/scala_flexible_type_with_test_script/community-build/community-projects/betterfiles/core/src/main/scala/better/files/ReaderInputStream.scala:27:64 
[error] 27 |  private[this] val encoderIn = CharBuffer.allocate(bufferSize).flip().asInstanceOf[CharBuffer]
[error]    |                                ^^^^^^^^^^^^^^^^^^^^^^^^^^^^^^^^^^^^
[error]    |      value flip is not a member of java.nio.CharBuffer | Null.
[error]    |      Since explicit-nulls is enabled, the selection is rejected because
[error]    |      java.nio.CharBuffer | Null could be null at runtime.
[error]    |      If you want to select flip without checking for a null value,
[error]    |      insert a .nn before .flip or import scala.language.unsafeNulls.
[error] -- [E008] Not Found Error: /Users/y3536zha/Desktop/scala_explicit/scala_flexible_type_with_test_script/community-build/community-projects/betterfiles/core/src/main/scala/better/files/ReaderInputStream.scala:33:70 
[error] 33 |  private[this] val encoderOut = ByteBuffer.allocate(bufferSize >> 4).flip().asInstanceOf[ByteBuffer]
[error]    |                                 ^^^^^^^^^^^^^^^^^^^^^^^^^^^^^^^^^^^^^^^^^
[error]    |      value flip is not a member of java.nio.ByteBuffer | Null.
[error]    |      Since explicit-nulls is enabled, the selection is rejected because
[error]    |      java.nio.ByteBuffer | Null could be null at runtime.
[error]    |      If you want to select flip without checking for a null value,
[error]    |      insert a .nn before .flip or import scala.language.unsafeNulls.
[error] -- [E008] Not Found Error: /Users/y3536zha/Desktop/scala_explicit/scala_flexible_type_with_test_script/community-build/community-projects/betterfiles/core/src/main/scala/better/files/ReaderInputStream.scala:40:24 
[error] 40 |    if (lastCoderResult.isUnderflow) {
[error]    |        ^^^^^^^^^^^^^^^^^^^^^^^^^^^
[error]    |value isUnderflow is not a member of java.nio.charset.CoderResult | Null.
[error]    |Since explicit-nulls is enabled, the selection is rejected because
[error]    |java.nio.charset.CoderResult | Null could be null at runtime.
[error]    |If you want to select isUnderflow without checking for a null value,
[error]    |insert a .nn before .isUnderflow or import scala.language.unsafeNulls.
[error] -- [E171] Type Error: /Users/y3536zha/Desktop/scala_explicit/scala_flexible_type_with_test_script/community-build/community-projects/betterfiles/core/src/main/scala/better/files/Scanner.scala:23:30 
[error] 23 |  val stdin: Scanner = Scanner(System.in)
[error]    |                       ^^^^^^^^^^^^^^^^^^
[error]    |missing argument for parameter evidence$1 of method apply in object Scanner: (implicit evidence$1: better.files.Scanner.Source[java.io.InputStream | Null]):
[error]    |  better.files.Scanner
[error] -- [E007] Type Mismatch Error: /Users/y3536zha/Desktop/scala_explicit/scala_flexible_type_with_test_script/community-build/community-projects/betterfiles/core/src/main/scala/better/files/Scanner.scala:53:67 
[error] 53 |    override def nextLine()   = Option(reader.readLine()).getOrElse(throw new NoSuchElementException("End of file"))
[error]    |                                ^^^^^^^^^^^^^^^^^^^^^^^^^^^^^^^^^^^^^^^^^^^^^^^^^^^^^^^^^^^^^^^^^^^^^^^^^^^^^^^^^^^^
[error]    |                                Found:    String | Null
[error]    |                                Required: String
[error]    |
[error]    | longer explanation available when compiling with `-explain`
[error] -- [E007] Type Mismatch Error: /Users/y3536zha/Desktop/scala_explicit/scala_flexible_type_with_test_script/community-build/community-projects/betterfiles/core/src/main/scala/better/files/Scanner.scala:85:81 
[error] 85 |      implicit val durationRead: Read[Duration]             = Read(Duration.parse(_))
[error]    |                                                                   ^^^^^^^^^^^^^^^^^
[error]    |                                     Found:    java.time.Duration | Null
[error]    |                                     Required: java.time.Duration
[error]    |
[error]    | longer explanation available when compiling with `-explain`
[error] -- [E007] Type Mismatch Error: /Users/y3536zha/Desktop/scala_explicit/scala_flexible_type_with_test_script/community-build/community-projects/betterfiles/core/src/main/scala/better/files/Scanner.scala:86:80 
[error] 86 |      implicit val instantRead: Read[Instant]               = Read(Instant.parse(_))
[error]    |                                                                   ^^^^^^^^^^^^^^^^
[error]    |                                      Found:    java.time.Instant | Null
[error]    |                                      Required: java.time.Instant
[error]    |
[error]    | longer explanation available when compiling with `-explain`
[error] -- [E007] Type Mismatch Error: /Users/y3536zha/Desktop/scala_explicit/scala_flexible_type_with_test_script/community-build/community-projects/betterfiles/core/src/main/scala/better/files/Scanner.scala:87:86 
[error] 87 |      implicit val localDateTimeRead: Read[LocalDateTime]   = Read(LocalDateTime.parse(_))
[error]    |                                                                   ^^^^^^^^^^^^^^^^^^^^^^
[error]    |                                Found:    java.time.LocalDateTime | Null
[error]    |                                Required: java.time.LocalDateTime
[error]    |
[error]    | longer explanation available when compiling with `-explain`
[error] -- [E007] Type Mismatch Error: /Users/y3536zha/Desktop/scala_explicit/scala_flexible_type_with_test_script/community-build/community-projects/betterfiles/core/src/main/scala/better/files/Scanner.scala:88:82 
[error] 88 |      implicit val localDateRead: Read[LocalDate]           = Read(LocalDate.parse(_))
[error]    |                                                                   ^^^^^^^^^^^^^^^^^^
[error]    |                                    Found:    java.time.LocalDate | Null
[error]    |                                    Required: java.time.LocalDate
[error]    |
[error]    | longer explanation available when compiling with `-explain`
[error] -- [E007] Type Mismatch Error: /Users/y3536zha/Desktop/scala_explicit/scala_flexible_type_with_test_script/community-build/community-projects/betterfiles/core/src/main/scala/better/files/Scanner.scala:89:81 
[error] 89 |      implicit val monthDayRead: Read[MonthDay]             = Read(MonthDay.parse(_))
[error]    |                                                                   ^^^^^^^^^^^^^^^^^
[error]    |                                     Found:    java.time.MonthDay | Null
[error]    |                                     Required: java.time.MonthDay
[error]    |
[error]    | longer explanation available when compiling with `-explain`
[error] -- [E007] Type Mismatch Error: /Users/y3536zha/Desktop/scala_explicit/scala_flexible_type_with_test_script/community-build/community-projects/betterfiles/core/src/main/scala/better/files/Scanner.scala:90:87 
[error] 90 |      implicit val offsetDateTimeRead: Read[OffsetDateTime] = Read(OffsetDateTime.parse(_))
[error]    |                                                                   ^^^^^^^^^^^^^^^^^^^^^^^
[error]    |                               Found:    java.time.OffsetDateTime | Null
[error]    |                               Required: java.time.OffsetDateTime
[error]    |
[error]    | longer explanation available when compiling with `-explain`
[error] 128 errors found
[error] (core / Compile / compileIncremental) Compilation failed
[error] Total time: 20 s, completed Jun 21, 2023, 11:51:12 PM
[error] Test dotty.communitybuild.CommunityBuildTestC.betterfiles failed: java.lang.AssertionError: 
[error] 
[error] sbt exited with an error code. To reproduce without JUnit, use:
[error] 
[error]     sbt community-build/prepareCommunityBuild
[error]     cd community-build/community-projects/betterfiles
[error]     sbt -sbt-version 1.8.0 -Dsbt.supershell=false -Ddotty.communitybuild.dir=/Users/y3536zha/Desktop/scala_explicit/scala_flexible_type_with_test_script/community-build --addPluginSbtFile=/Users/y3536zha/Desktop/scala_explicit/scala_flexible_type_with_test_script/community-build/sbt-injected-plugins "set Global/testOptions += Tests.Argument(TestFramework("munit.Framework"), "+l"); clean; set Global/logLevel := Level.Error; set Global/updateOptions ~= (_.withLatestSnapshots(false)); set Global/scalacOptions ++= List("-Xcheck-macros","-Ysafe-init","-Yexplicit-nulls");++3.3.1-RC1-bin-SNAPSHOT!; dotty-community-build/compile"
[error] 
[error] For a faster feedback loop on SBT projects, one can try to extract a direct call to dotc
[error] using the sbt export command. For instance, for scalacheck, use
[error]     sbt export jvm/test:compileIncremental
[error] 
[error] , took 144.385 sec
[error]     at dotty.communitybuild.CommunityBuildTest$package$testRunner$.failWith(CommunityBuildTest.scala:15)
[error]     at dotty.communitybuild.CommunityBuildRunner.runProject(CommunityBuildRunner.scala:93)
[error]     at dotty.communitybuild.CommunityBuildRunner.runProject$(CommunityBuildRunner.scala:33)
[error]     at dotty.communitybuild.CommunityBuildTest$package$testRunner$.runProject(CommunityBuildTest.scala:14)
[error]     at dotty.communitybuild.CommunityBuildRunner$.run(CommunityBuildRunner.scala:28)
[error]     at dotty.communitybuild.CommunityBuildTestC.betterfiles(CommunityBuildTest.scala:62)
[error]     at jdk.internal.reflect.NativeMethodAccessorImpl.invoke0(Native Method)
[error]     at jdk.internal.reflect.NativeMethodAccessorImpl.invoke(Unknown Source)
[error]     at jdk.internal.reflect.DelegatingMethodAccessorImpl.invoke(Unknown Source)
[error]     at java.lang.reflect.Method.invoke(Unknown Source)
[error]     ...
[error] Failed: Total 1, Failed 1, Errors 0, Passed 0
[error] Failed tests:
[error] 	dotty.communitybuild.CommunityBuildTestC
[error] (community-build / Test / testOnly) sbt.TestsFailedException: Tests unsuccessful
[error] Total time: 178 s (02:58), completed Jun 21, 2023, 11:51:13 PM
