[info] welcome to sbt 1.8.0 (Oracle Corporation Java 9.0.4)
[info] loading global plugins from /Users/y3536zha/.sbt/1.0/plugins
[info] loading settings for project scala_flexible_type_with_test_script-build-build from build.sbt ...
[info] loading project definition from /Users/y3536zha/Desktop/scala_flexible_unsafe/scala_flexible_type_with_test_script/project/project
[info] loading settings for project scala_flexible_type_with_test_script-build from build.sbt,plugins.sbt ...
[info] loading project definition from /Users/y3536zha/Desktop/scala_flexible_unsafe/scala_flexible_type_with_test_script/project
[info] loading settings for project scala3 from build.sbt ...
[info] resolving key references (31394 settings) ...
[info] set current project to scala3 (in build file:/Users/y3536zha/Desktop/scala_flexible_unsafe/scala_flexible_type_with_test_script/)
SLF4J: No SLF4J providers were found.
SLF4J: Defaulting to no-operation (NOP) logger implementation
SLF4J: See https://www.slf4j.org/codes.html#noProviders for further details.
SLF4J: Class path contains SLF4J bindings targeting slf4j-api versions 1.7.x or earlier.
SLF4J: Ignoring binding found at [jar:file:/Users/y3536zha/.sbt/boot/scala-2.12.17/org.scala-sbt/sbt/1.8.0/log4j-slf4j-impl-2.17.1.jar!/org/slf4j/impl/StaticLoggerBinder.class]
SLF4J: See https://www.slf4j.org/codes.html#ignoredBindings for an explanation.
[info] Wrote /Users/y3536zha/Desktop/scala_flexible_unsafe/scala_flexible_type_with_test_script/library/../out/bootstrap/scala3-library-bootstrapped/scala-3.3.1-RC1-bin-SNAPSHOT-nonbootstrapped/scala3-library_3-3.3.1-RC1-bin-SNAPSHOT.pom
[info] Wrote /Users/y3536zha/Desktop/scala_flexible_unsafe/scala_flexible_type_with_test_script/tasty/../out/bootstrap/tasty-core-bootstrapped/scala-3.3.1-RC1-bin-SNAPSHOT-nonbootstrapped/tasty-core_3-3.3.1-RC1-bin-SNAPSHOT.pom
[info] Wrote /Users/y3536zha/Desktop/scala_flexible_unsafe/scala_flexible_type_with_test_script/library-js/../out/bootstrap/scala3-library-bootstrappedJS/scala-3.3.1-RC1-bin-SNAPSHOT-nonbootstrapped/scala3-library_sjs1_3-3.3.1-RC1-bin-SNAPSHOT.pom
[info] Wrote /Users/y3536zha/Desktop/scala_flexible_unsafe/scala_flexible_type_with_test_script/interfaces/target/scala3-interfaces-3.3.1-RC1-bin-SNAPSHOT.pom
[info] Wrote /Users/y3536zha/Desktop/scala_flexible_unsafe/scala_flexible_type_with_test_script/sbt-community-build/target/scala-2.12/sbt-1.0/sbt-community-build-0.1.0-SNAPSHOT.pom
[info] Wrote /Users/y3536zha/Desktop/scala_flexible_unsafe/scala_flexible_type_with_test_script/compiler/../out/bootstrap/scala3-compiler-bootstrapped/scala-3.3.1-RC1-bin-SNAPSHOT-nonbootstrapped/scala3-compiler_3-3.3.1-RC1-bin-SNAPSHOT.pom
[info] Wrote /Users/y3536zha/Desktop/scala_flexible_unsafe/scala_flexible_type_with_test_script/tasty-inspector/../out/bootstrap/scala3-tasty-inspector/scala-3.3.1-RC1-bin-SNAPSHOT-nonbootstrapped/scala3-tasty-inspector_3-3.3.1-RC1-bin-SNAPSHOT.pom
[info] Wrote /Users/y3536zha/Desktop/scala_flexible_unsafe/scala_flexible_type_with_test_script/sbt-bridge/src/target/scala3-sbt-bridge-3.3.1-RC1-bin-SNAPSHOT.pom
[info] Wrote /Users/y3536zha/Desktop/scala_flexible_unsafe/scala_flexible_type_with_test_script/scaladoc/../out/bootstrap/scaladoc/scala-3.3.1-RC1-bin-SNAPSHOT-nonbootstrapped/scaladoc_3-3.3.1-RC1-bin-SNAPSHOT.pom
[info] :: delivering :: ch.epfl.lamp#sbt-community-build;0.1.0-SNAPSHOT :: 0.1.0-SNAPSHOT :: integration :: Wed Jun 21 20:54:36 EDT 2023
[info] 	delivering ivy file to /Users/y3536zha/Desktop/scala_flexible_unsafe/scala_flexible_type_with_test_script/sbt-community-build/target/scala-2.12/sbt-1.0/ivy-0.1.0-SNAPSHOT.xml
[info] :: delivering :: org.scala-lang#scala3-interfaces;3.3.1-RC1-bin-SNAPSHOT :: 3.3.1-RC1-bin-SNAPSHOT :: integration :: Wed Jun 21 20:54:36 EDT 2023
[info] 	delivering ivy file to /Users/y3536zha/Desktop/scala_flexible_unsafe/scala_flexible_type_with_test_script/interfaces/target/ivy-3.3.1-RC1-bin-SNAPSHOT.xml
[info] 	published scala3-interfaces to /Users/y3536zha/.ivy2/local/org.scala-lang/scala3-interfaces/3.3.1-RC1-bin-SNAPSHOT/poms/scala3-interfaces.pom
[info] 	published scala3-interfaces to /Users/y3536zha/.ivy2/local/org.scala-lang/scala3-interfaces/3.3.1-RC1-bin-SNAPSHOT/jars/scala3-interfaces.jar
[info] 	published scala3-interfaces to /Users/y3536zha/.ivy2/local/org.scala-lang/scala3-interfaces/3.3.1-RC1-bin-SNAPSHOT/srcs/scala3-interfaces-sources.jar
[info] 	published scala3-interfaces to /Users/y3536zha/.ivy2/local/org.scala-lang/scala3-interfaces/3.3.1-RC1-bin-SNAPSHOT/docs/scala3-interfaces-javadoc.jar
[info] 	published ivy to /Users/y3536zha/.ivy2/local/org.scala-lang/scala3-interfaces/3.3.1-RC1-bin-SNAPSHOT/ivys/ivy.xml
[info] 	published sbt-community-build to /Users/y3536zha/.ivy2/local/ch.epfl.lamp/sbt-community-build/scala_2.12/sbt_1.0/0.1.0-SNAPSHOT/poms/sbt-community-build.pom
[info] 	published sbt-community-build to /Users/y3536zha/.ivy2/local/ch.epfl.lamp/sbt-community-build/scala_2.12/sbt_1.0/0.1.0-SNAPSHOT/jars/sbt-community-build.jar
[info] 	published sbt-community-build to /Users/y3536zha/.ivy2/local/ch.epfl.lamp/sbt-community-build/scala_2.12/sbt_1.0/0.1.0-SNAPSHOT/srcs/sbt-community-build-sources.jar
[info] 	published sbt-community-build to /Users/y3536zha/.ivy2/local/ch.epfl.lamp/sbt-community-build/scala_2.12/sbt_1.0/0.1.0-SNAPSHOT/docs/sbt-community-build-javadoc.jar
[info] 	published ivy to /Users/y3536zha/.ivy2/local/ch.epfl.lamp/sbt-community-build/scala_2.12/sbt_1.0/0.1.0-SNAPSHOT/ivys/ivy.xml
[info] :: delivering :: org.scala-lang#scala3-sbt-bridge;3.3.1-RC1-bin-SNAPSHOT :: 3.3.1-RC1-bin-SNAPSHOT :: integration :: Wed Jun 21 20:54:38 EDT 2023
[info] 	delivering ivy file to /Users/y3536zha/Desktop/scala_flexible_unsafe/scala_flexible_type_with_test_script/sbt-bridge/src/target/ivy-3.3.1-RC1-bin-SNAPSHOT.xml
[info] 	published scala3-sbt-bridge to /Users/y3536zha/.ivy2/local/org.scala-lang/scala3-sbt-bridge/3.3.1-RC1-bin-SNAPSHOT/poms/scala3-sbt-bridge.pom
[info] 	published scala3-sbt-bridge to /Users/y3536zha/.ivy2/local/org.scala-lang/scala3-sbt-bridge/3.3.1-RC1-bin-SNAPSHOT/jars/scala3-sbt-bridge.jar
[info] 	published scala3-sbt-bridge to /Users/y3536zha/.ivy2/local/org.scala-lang/scala3-sbt-bridge/3.3.1-RC1-bin-SNAPSHOT/srcs/scala3-sbt-bridge-sources.jar
[info] 	published scala3-sbt-bridge to /Users/y3536zha/.ivy2/local/org.scala-lang/scala3-sbt-bridge/3.3.1-RC1-bin-SNAPSHOT/docs/scala3-sbt-bridge-javadoc.jar
[info] 	published ivy to /Users/y3536zha/.ivy2/local/org.scala-lang/scala3-sbt-bridge/3.3.1-RC1-bin-SNAPSHOT/ivys/ivy.xml
[info] :: delivering :: org.scala-lang#tasty-core_3;3.3.1-RC1-bin-SNAPSHOT :: 3.3.1-RC1-bin-SNAPSHOT :: integration :: Wed Jun 21 20:54:42 EDT 2023
[info] 	delivering ivy file to /Users/y3536zha/Desktop/scala_flexible_unsafe/scala_flexible_type_with_test_script/out/bootstrap/tasty-core-bootstrapped/scala-3.3.1-RC1-bin-SNAPSHOT-nonbootstrapped/ivy-3.3.1-RC1-bin-SNAPSHOT.xml
[info] 	published tasty-core_3 to /Users/y3536zha/.ivy2/local/org.scala-lang/tasty-core_3/3.3.1-RC1-bin-SNAPSHOT/poms/tasty-core_3.pom
[info] Main Scala API documentation to /Users/y3536zha/Desktop/scala_flexible_unsafe/scala_flexible_type_with_test_script/library-js/../out/bootstrap/scala3-library-bootstrappedJS/scala-3.3.1-RC1-bin-SNAPSHOT-nonbootstrapped/api...
[info] 	published tasty-core_3 to /Users/y3536zha/.ivy2/local/org.scala-lang/tasty-core_3/3.3.1-RC1-bin-SNAPSHOT/jars/tasty-core_3.jar
[info] 	published tasty-core_3 to /Users/y3536zha/.ivy2/local/org.scala-lang/tasty-core_3/3.3.1-RC1-bin-SNAPSHOT/srcs/tasty-core_3-sources.jar
[info] 	published tasty-core_3 to /Users/y3536zha/.ivy2/local/org.scala-lang/tasty-core_3/3.3.1-RC1-bin-SNAPSHOT/docs/tasty-core_3-javadoc.jar
[info] 	published ivy to /Users/y3536zha/.ivy2/local/org.scala-lang/tasty-core_3/3.3.1-RC1-bin-SNAPSHOT/ivys/ivy.xml
[info] Main Scala API documentation to /Users/y3536zha/Desktop/scala_flexible_unsafe/scala_flexible_type_with_test_script/library/../out/bootstrap/scala3-library-bootstrapped/scala-3.3.1-RC1-bin-SNAPSHOT-nonbootstrapped/api...
[info] :: delivering :: org.scala-lang#scala3-tasty-inspector_3;3.3.1-RC1-bin-SNAPSHOT :: 3.3.1-RC1-bin-SNAPSHOT :: integration :: Wed Jun 21 20:54:42 EDT 2023
[info] 	delivering ivy file to /Users/y3536zha/Desktop/scala_flexible_unsafe/scala_flexible_type_with_test_script/out/bootstrap/scala3-tasty-inspector/scala-3.3.1-RC1-bin-SNAPSHOT-nonbootstrapped/ivy-3.3.1-RC1-bin-SNAPSHOT.xml
[info] 	published scala3-tasty-inspector_3 to /Users/y3536zha/.ivy2/local/org.scala-lang/scala3-tasty-inspector_3/3.3.1-RC1-bin-SNAPSHOT/poms/scala3-tasty-inspector_3.pom
[info] 	published scala3-tasty-inspector_3 to /Users/y3536zha/.ivy2/local/org.scala-lang/scala3-tasty-inspector_3/3.3.1-RC1-bin-SNAPSHOT/jars/scala3-tasty-inspector_3.jar
[info] 	published scala3-tasty-inspector_3 to /Users/y3536zha/.ivy2/local/org.scala-lang/scala3-tasty-inspector_3/3.3.1-RC1-bin-SNAPSHOT/srcs/scala3-tasty-inspector_3-sources.jar
[info] 	published scala3-tasty-inspector_3 to /Users/y3536zha/.ivy2/local/org.scala-lang/scala3-tasty-inspector_3/3.3.1-RC1-bin-SNAPSHOT/docs/scala3-tasty-inspector_3-javadoc.jar
[info] 	published ivy to /Users/y3536zha/.ivy2/local/org.scala-lang/scala3-tasty-inspector_3/3.3.1-RC1-bin-SNAPSHOT/ivys/ivy.xml
[info] :: delivering :: org.scala-lang#scaladoc_3;3.3.1-RC1-bin-SNAPSHOT :: 3.3.1-RC1-bin-SNAPSHOT :: integration :: Wed Jun 21 20:54:42 EDT 2023
[info] 	delivering ivy file to /Users/y3536zha/Desktop/scala_flexible_unsafe/scala_flexible_type_with_test_script/out/bootstrap/scaladoc/scala-3.3.1-RC1-bin-SNAPSHOT-nonbootstrapped/ivy-3.3.1-RC1-bin-SNAPSHOT.xml
[info] 	published scaladoc_3 to /Users/y3536zha/.ivy2/local/org.scala-lang/scaladoc_3/3.3.1-RC1-bin-SNAPSHOT/poms/scaladoc_3.pom
[info] 	published scaladoc_3 to /Users/y3536zha/.ivy2/local/org.scala-lang/scaladoc_3/3.3.1-RC1-bin-SNAPSHOT/jars/scaladoc_3.jar
[info] 	published scaladoc_3 to /Users/y3536zha/.ivy2/local/org.scala-lang/scaladoc_3/3.3.1-RC1-bin-SNAPSHOT/srcs/scaladoc_3-sources.jar
[info] 	published scaladoc_3 to /Users/y3536zha/.ivy2/local/org.scala-lang/scaladoc_3/3.3.1-RC1-bin-SNAPSHOT/docs/scaladoc_3-javadoc.jar
[info] 	published ivy to /Users/y3536zha/.ivy2/local/org.scala-lang/scaladoc_3/3.3.1-RC1-bin-SNAPSHOT/ivys/ivy.xml
[warn] Setting -skip-by-regex set to .+\.internal($|\..+) redundantly
[warn] bad option '-project-version 3.3.1-RC1-bin-SNAPSHOT' was ignored
[warn] Setting -skip-by-regex set to .+\.impl($|\..+) redundantly
[warn] Flag -project-logo set repeatedly
[warn] Setting -skip-by-regex set to .+\.internal($|\..+) redundantly
[warn] Setting -social-links set to github::https://github.com/lampepfl/dotty redundantly
[warn] Setting -skip-by-regex set to .+\.impl($|\..+) redundantly
[warn] Setting -social-links set to discord::https://discord.com/invite/scala redundantly
[warn] Setting -skip-by-id set to scala.runtime.stdLibPatches redundantly
[warn] Setting -social-links set to twitter::https://twitter.com/scala_lang redundantly
[warn] Setting -skip-by-id set to scala.runtime.MatchCase redundantly
[warn] Setting -skip-by-id set to scala.runtime.stdLibPatches redundantly
[warn] bad option '-project-logo docs/_assets/images/logo.svg' was ignored
[warn] Setting -skip-by-id set to scala.runtime.MatchCase redundantly
[warn] Setting -social-links set to github::https://github.com/lampepfl/dotty redundantly
[warn] Flag -project-footer set repeatedly
[warn] Setting -social-links set to discord::https://discord.com/invite/scala redundantly
[warn] Flag -author set repeatedly
[warn] Setting -social-links set to twitter::https://twitter.com/scala_lang redundantly
[warn] Flag -groups set repeatedly
[warn] bad option '-project-footer "Copyright (c) 2002-2023, LAMP/EPFL"' was ignored
[warn] Flag -default-template set repeatedly
[warn] bad option '-default-template static-site-main' was ignored
[warn] Setting -external-mappings set to .*scala/.*::scaladoc3::https://dotty.epfl.ch/api/ redundantly
[warn] Flag -author set repeatedly
[warn] Setting -external-mappings set to .*java/.*::javadoc::https://docs.oracle.com/javase/8/docs/api/ redundantly
[warn] Flag -groups set repeatedly
[warn] bad option '-project-version 3.3.1-RC1-bin-SNAPSHOT' was ignored
[warn] Setting -skip-by-regex set to .+\.internal($|\..+) redundantly
[warn] Setting -skip-by-regex set to .+\.impl($|\..+) redundantly
[warn] Setting -skip-by-id set to scala.runtime.stdLibPatches redundantly
[warn] Setting -skip-by-id set to scala.runtime.MatchCase redundantly
[warn] bad option '-project-logo docs/_assets/images/logo.svg' was ignored
[warn] Setting -social-links set to github::https://github.com/lampepfl/dotty redundantly
[warn] Setting -social-links set to discord::https://discord.com/invite/scala redundantly
[warn] Setting -social-links set to twitter::https://twitter.com/scala_lang redundantly
[warn] bad option '-project-footer "Copyright (c) 2002-2023, LAMP/EPFL"' was ignored
[warn] bad option '-default-template static-site-main' was ignored
[warn] Flag -author set repeatedly
[warn] Flag -groups set repeatedly
[info] Skipping unused scalacOptions: -Werror, -Yno-experimental, -Yexplicit-nulls
[info] Skipping unused scalacOptions: -Werror, -Yno-experimental, -Yexplicit-nulls
[info] :: delivering :: org.scala-lang#scala3-compiler_3;3.3.1-RC1-bin-SNAPSHOT :: 3.3.1-RC1-bin-SNAPSHOT :: integration :: Wed Jun 21 20:54:45 EDT 2023
[info] 	delivering ivy file to /Users/y3536zha/Desktop/scala_flexible_unsafe/scala_flexible_type_with_test_script/out/bootstrap/scala3-compiler-bootstrapped/scala-3.3.1-RC1-bin-SNAPSHOT-nonbootstrapped/ivy-3.3.1-RC1-bin-SNAPSHOT.xml
[info] 	published scala3-compiler_3 to /Users/y3536zha/.ivy2/local/org.scala-lang/scala3-compiler_3/3.3.1-RC1-bin-SNAPSHOT/poms/scala3-compiler_3.pom
[info] 	published scala3-compiler_3 to /Users/y3536zha/.ivy2/local/org.scala-lang/scala3-compiler_3/3.3.1-RC1-bin-SNAPSHOT/jars/scala3-compiler_3.jar
[info] 	published scala3-compiler_3 to /Users/y3536zha/.ivy2/local/org.scala-lang/scala3-compiler_3/3.3.1-RC1-bin-SNAPSHOT/srcs/scala3-compiler_3-sources.jar
[info] 	published scala3-compiler_3 to /Users/y3536zha/.ivy2/local/org.scala-lang/scala3-compiler_3/3.3.1-RC1-bin-SNAPSHOT/docs/scala3-compiler_3-javadoc.jar
[info] 	published ivy to /Users/y3536zha/.ivy2/local/org.scala-lang/scala3-compiler_3/3.3.1-RC1-bin-SNAPSHOT/ivys/ivy.xml
[warn] -- Warning: library/src/scala/util/FromDigits.scala:21:6 -----------------------
[warn] -- Warning: library/src/scala/util/FromDigits.scala:21:6 -----------------------
[warn] 21 |  def fromDigits(digits: String): T
[warn]    |      ^
[warn] 21 |  def fromDigits(digits: String): T
[warn]    |      No DRI found for query: MalformedNumber
[warn]    |      ^
[warn]    |      No DRI found for query: MalformedNumber
[error] -- [E069] Naming Error: /Users/y3536zha/Desktop/scala_flexible_unsafe/scala_flexible_type_with_test_script/library/src/scala/IArray.scala:13:7 
[error] -- [E069] Naming Error: /Users/y3536zha/Desktop/scala_flexible_unsafe/scala_flexible_type_with_test_script/library/src/scala/IArray.scala:13:7 
[error] 13 |object IArray:
[error] 13 |object IArray:
[error]    |       ^
[error]    |       ^
[error]    |object IArray cannot have the same name as object IArray in package scala -- cannot define object member with the same name as a object member in self reference _.
[error]    |(Note: this can be resolved by using another name)
[error]    |object IArray cannot have the same name as object IArray in package scala -- cannot define object member with the same name as a object member in self reference _.
[error]    |(Note: this can be resolved by using another name)
[warn] 28 warnings found
[warn] 14 warnings found
[error] one error found
[error] one error found
[info] :: delivering :: org.scala-lang#scala3-library_3;3.3.1-RC1-bin-SNAPSHOT :: 3.3.1-RC1-bin-SNAPSHOT :: integration :: Wed Jun 21 20:55:06 EDT 2023
[info] 	delivering ivy file to /Users/y3536zha/Desktop/scala_flexible_unsafe/scala_flexible_type_with_test_script/out/bootstrap/scala3-library-bootstrapped/scala-3.3.1-RC1-bin-SNAPSHOT-nonbootstrapped/ivy-3.3.1-RC1-bin-SNAPSHOT.xml
[info] 	published scala3-library_3 to /Users/y3536zha/.ivy2/local/org.scala-lang/scala3-library_3/3.3.1-RC1-bin-SNAPSHOT/poms/scala3-library_3.pom
[info] 	published scala3-library_3 to /Users/y3536zha/.ivy2/local/org.scala-lang/scala3-library_3/3.3.1-RC1-bin-SNAPSHOT/jars/scala3-library_3.jar
[info] 	published scala3-library_3 to /Users/y3536zha/.ivy2/local/org.scala-lang/scala3-library_3/3.3.1-RC1-bin-SNAPSHOT/srcs/scala3-library_3-sources.jar
[info] 	published scala3-library_3 to /Users/y3536zha/.ivy2/local/org.scala-lang/scala3-library_3/3.3.1-RC1-bin-SNAPSHOT/docs/scala3-library_3-javadoc.jar
[info] 	published ivy to /Users/y3536zha/.ivy2/local/org.scala-lang/scala3-library_3/3.3.1-RC1-bin-SNAPSHOT/ivys/ivy.xml
[info] :: delivering :: org.scala-lang#scala3-library_sjs1_3;3.3.1-RC1-bin-SNAPSHOT :: 3.3.1-RC1-bin-SNAPSHOT :: integration :: Wed Jun 21 20:55:06 EDT 2023
[info] 	delivering ivy file to /Users/y3536zha/Desktop/scala_flexible_unsafe/scala_flexible_type_with_test_script/out/bootstrap/scala3-library-bootstrappedJS/scala-3.3.1-RC1-bin-SNAPSHOT-nonbootstrapped/ivy-3.3.1-RC1-bin-SNAPSHOT.xml
[info] 	published scala3-library_sjs1_3 to /Users/y3536zha/.ivy2/local/org.scala-lang/scala3-library_sjs1_3/3.3.1-RC1-bin-SNAPSHOT/poms/scala3-library_sjs1_3.pom
[info] 	published scala3-library_sjs1_3 to /Users/y3536zha/.ivy2/local/org.scala-lang/scala3-library_sjs1_3/3.3.1-RC1-bin-SNAPSHOT/jars/scala3-library_sjs1_3.jar
[info] 	published scala3-library_sjs1_3 to /Users/y3536zha/.ivy2/local/org.scala-lang/scala3-library_sjs1_3/3.3.1-RC1-bin-SNAPSHOT/srcs/scala3-library_sjs1_3-sources.jar
[info] 	published scala3-library_sjs1_3 to /Users/y3536zha/.ivy2/local/org.scala-lang/scala3-library_sjs1_3/3.3.1-RC1-bin-SNAPSHOT/docs/scala3-library_sjs1_3-javadoc.jar
[info] 	published ivy to /Users/y3536zha/.ivy2/local/org.scala-lang/scala3-library_sjs1_3/3.3.1-RC1-bin-SNAPSHOT/ivys/ivy.xml
[info] Test run dotty.communitybuild.CommunityBuildTestA started
[info] Test run dotty.communitybuild.CommunityBuildTestA finished: 0 failed, 0 ignored, 0 total, 0.0s
[info] Test run dotty.communitybuild.CommunityBuildTestC started
[info] Test dotty.communitybuild.CommunityBuildTestC.scalacheck started
[32m[STARTING scalacheck][0m
[32m[DEPENDENCIES DONE, NOW ACTUALLY RUNNING scalacheck][0m
[32mBuilding scalacheck with dotty-bootstrapped 3.3.1-RC1-bin-SNAPSHOT...[0m
[32msbt -sbt-version 1.8.0 -Dsbt.supershell=false -Ddotty.communitybuild.dir=/Users/y3536zha/Desktop/scala_flexible_unsafe/scala_flexible_type_with_test_script/community-build --addPluginSbtFile=/Users/y3536zha/Desktop/scala_flexible_unsafe/scala_flexible_type_with_test_script/community-build/sbt-injected-plugins set Global/testOptions += Tests.Argument(TestFramework("munit.Framework"), "+l"); clean; set Global/logLevel := Level.Error; set Global/updateOptions ~= (_.withLatestSnapshots(false)); set Global/scalacOptions ++= List("-Xcheck-macros","-Ysafe-init","-Yexplicit-nulls","-language:unsafeNulls","-Yflexible-types");++3.3.1-RC1-bin-SNAPSHOT!; coreJVM/test;coreJS/test[0m
[info] welcome to sbt 1.8.0 (Oracle Corporation Java 9.0.4)
[info] loading global plugins from /Users/y3536zha/.sbt/1.0/plugins
[info] loading settings for project scalacheck-build from plugin.sbt,sbt-injected-plugins ...
[info] loading project definition from /Users/y3536zha/Desktop/scala_flexible_unsafe/scala_flexible_type_with_test_script/community-build/community-projects/scalacheck/project
[info] loading settings for project root from build.sbt ...
SLF4J: No SLF4J providers were found.
SLF4J: Defaulting to no-operation (NOP) logger implementation
SLF4J: See https://www.slf4j.org/codes.html#noProviders for further details.
SLF4J: Class path contains SLF4J bindings targeting slf4j-api versions 1.7.x or earlier.
SLF4J: Ignoring binding found at [jar:file:/Users/y3536zha/.sbt/boot/scala-2.12.17/org.scala-sbt/sbt/1.8.0/log4j-slf4j-impl-2.17.1.jar!/org/slf4j/impl/StaticLoggerBinder.class]
SLF4J: See https://www.slf4j.org/codes.html#ignoredBindings for an explanation.
[info] set current project to scalacheck (in build file:/Users/y3536zha/Desktop/scala_flexible_unsafe/scala_flexible_type_with_test_script/community-build/community-projects/scalacheck/)
[info] Defining Global / testOptions
[info] The new value will be used by Test / test / testOptions, Test / testOnly / testOptions and 24 others.
[info] 	Run `last` for details.
[info] Reapplying settings...
[info] set current project to scalacheck (in build file:/Users/y3536zha/Desktop/scala_flexible_unsafe/scala_flexible_type_with_test_script/community-build/community-projects/scalacheck/)
[success] Total time: 0 s, completed Jun 21, 2023, 8:55:24 PM
[info] Defining Global / logLevel
[info] The new value will be used by Test / test / testListeners, Test / testOnly / testListeners and 64 others.
[info] 	Run `last` for details.
[info] Reapplying settings...
[info] set current project to scalacheck (in build file:/Users/y3536zha/Desktop/scala_flexible_unsafe/scala_flexible_type_with_test_script/community-build/community-projects/scalacheck/)
[info] Defining Global / updateOptions
[info] The new value will be used by bench / dependencyTreeIgnoreMissingUpdate / updateOptions, bench / ivyConfiguration and 21 others.
[info] 	Run `last` for details.
[info] Reapplying settings...
[info] set current project to scalacheck (in build file:/Users/y3536zha/Desktop/scala_flexible_unsafe/scala_flexible_type_with_test_script/community-build/community-projects/scalacheck/)
[info] Defining Global / scalacOptions
[info] The new value will be used by bench / scalacOptions, coreJS / scalacOptions and 5 others.
[info] 	Run `last` for details.
[info] Reapplying settings...
[info] set current project to scalacheck (in build file:/Users/y3536zha/Desktop/scala_flexible_unsafe/scala_flexible_type_with_test_script/community-build/community-projects/scalacheck/)
[info] Forcing Scala version to 3.3.1-RC1-bin-SNAPSHOT on all projects.
[info] Reapplying settings...
[info] Loading dependency tracking file /Users/y3536zha/Desktop/scala_flexible_unsafe/scala_flexible_type_with_test_script/community-build/dotty-community-build-deps
[info] Dependency tracking file /Users/y3536zha/Desktop/scala_flexible_unsafe/scala_flexible_type_with_test_script/community-build/dotty-community-build-deps does not exist
[info] set current project to scalacheck (in build file:/Users/y3536zha/Desktop/scala_flexible_unsafe/scala_flexible_type_with_test_script/community-build/community-projects/scalacheck/)
failing seed for P.outer is NpdNMNQ4zOqJRmGoH9ECTkCRy8Qep4TyQaZcr9VRPlJ=
[success] Total time: 64 s (01:04), completed Jun 21, 2023, 8:56:32 PM
[error] failed to start node; did you install it? (run `last ProjectRef(uri("file:/Users/y3536zha/Desktop/scala_flexible_unsafe/scala_flexible_type_with_test_script/community-build/community-projects/scalacheck/"), "coreJS") / Test / loadedTestFrameworks` for the full stack trace)
[error] (coreJS / Test / loadedTestFrameworks) failed to start node; did you install it? (run `last ProjectRef(uri("file:/Users/y3536zha/Desktop/scala_flexible_unsafe/scala_flexible_type_with_test_script/community-build/community-projects/scalacheck/"), "coreJS") / Test / loadedTestFrameworks` for the full stack trace)
[error] Total time: 32 s, completed Jun 21, 2023, 8:57:04 PM
[32mRerunning tests in scalacheck because of a previous run failure.[0m
[32msbt -sbt-version 1.8.0 -Dsbt.supershell=false -Ddotty.communitybuild.dir=/Users/y3536zha/Desktop/scala_flexible_unsafe/scala_flexible_type_with_test_script/community-build --addPluginSbtFile=/Users/y3536zha/Desktop/scala_flexible_unsafe/scala_flexible_type_with_test_script/community-build/sbt-injected-plugins set Global/testOptions += Tests.Argument(TestFramework("munit.Framework"), "+l"); clean; set Global/logLevel := Level.Error; set Global/updateOptions ~= (_.withLatestSnapshots(false)); set Global/scalacOptions ++= List("-Xcheck-macros","-Ysafe-init","-Yexplicit-nulls","-language:unsafeNulls","-Yflexible-types");++3.3.1-RC1-bin-SNAPSHOT!; coreJVM/test;coreJS/test[0m
[info] welcome to sbt 1.8.0 (Oracle Corporation Java 9.0.4)
[info] loading global plugins from /Users/y3536zha/.sbt/1.0/plugins
[info] loading settings for project scalacheck-build from plugin.sbt,sbt-injected-plugins ...
[info] loading project definition from /Users/y3536zha/Desktop/scala_flexible_unsafe/scala_flexible_type_with_test_script/community-build/community-projects/scalacheck/project
[info] loading settings for project root from build.sbt ...
SLF4J: No SLF4J providers were found.
SLF4J: Defaulting to no-operation (NOP) logger implementation
SLF4J: See https://www.slf4j.org/codes.html#noProviders for further details.
SLF4J: Class path contains SLF4J bindings targeting slf4j-api versions 1.7.x or earlier.
SLF4J: Ignoring binding found at [jar:file:/Users/y3536zha/.sbt/boot/scala-2.12.17/org.scala-sbt/sbt/1.8.0/log4j-slf4j-impl-2.17.1.jar!/org/slf4j/impl/StaticLoggerBinder.class]
SLF4J: See https://www.slf4j.org/codes.html#ignoredBindings for an explanation.
[info] set current project to scalacheck (in build file:/Users/y3536zha/Desktop/scala_flexible_unsafe/scala_flexible_type_with_test_script/community-build/community-projects/scalacheck/)
[info] Defining Global / testOptions
[info] The new value will be used by Test / test / testOptions, Test / testOnly / testOptions and 24 others.
[info] 	Run `last` for details.
[info] Reapplying settings...
[info] set current project to scalacheck (in build file:/Users/y3536zha/Desktop/scala_flexible_unsafe/scala_flexible_type_with_test_script/community-build/community-projects/scalacheck/)
[success] Total time: 0 s, completed Jun 21, 2023, 8:57:23 PM
[info] Defining Global / logLevel
[info] The new value will be used by Test / test / testListeners, Test / testOnly / testListeners and 64 others.
[info] 	Run `last` for details.
[info] Reapplying settings...
[info] set current project to scalacheck (in build file:/Users/y3536zha/Desktop/scala_flexible_unsafe/scala_flexible_type_with_test_script/community-build/community-projects/scalacheck/)
[info] Defining Global / updateOptions
[info] The new value will be used by bench / dependencyTreeIgnoreMissingUpdate / updateOptions, bench / ivyConfiguration and 21 others.
[info] 	Run `last` for details.
[info] Reapplying settings...
[info] set current project to scalacheck (in build file:/Users/y3536zha/Desktop/scala_flexible_unsafe/scala_flexible_type_with_test_script/community-build/community-projects/scalacheck/)
[info] Defining Global / scalacOptions
[info] The new value will be used by bench / scalacOptions, coreJS / scalacOptions and 5 others.
[info] 	Run `last` for details.
[info] Reapplying settings...
[info] set current project to scalacheck (in build file:/Users/y3536zha/Desktop/scala_flexible_unsafe/scala_flexible_type_with_test_script/community-build/community-projects/scalacheck/)
[info] Forcing Scala version to 3.3.1-RC1-bin-SNAPSHOT on all projects.
[info] Reapplying settings...
[info] Loading dependency tracking file /Users/y3536zha/Desktop/scala_flexible_unsafe/scala_flexible_type_with_test_script/community-build/dotty-community-build-deps
[info] Dependency tracking file /Users/y3536zha/Desktop/scala_flexible_unsafe/scala_flexible_type_with_test_script/community-build/dotty-community-build-deps does not exist
[info] set current project to scalacheck (in build file:/Users/y3536zha/Desktop/scala_flexible_unsafe/scala_flexible_type_with_test_script/community-build/community-projects/scalacheck/)
failing seed for P.outer is Qb9S5lc5-bL5dSjY5Pn6CgBXbh0YMaiPIB5k8x7rY4A=
[success] Total time: 65 s (01:05), completed Jun 21, 2023, 8:58:32 PM
[error] failed to start node; did you install it? (run `last ProjectRef(uri("file:/Users/y3536zha/Desktop/scala_flexible_unsafe/scala_flexible_type_with_test_script/community-build/community-projects/scalacheck/"), "coreJS") / Test / loadedTestFrameworks` for the full stack trace)
[error] (coreJS / Test / loadedTestFrameworks) failed to start node; did you install it? (run `last ProjectRef(uri("file:/Users/y3536zha/Desktop/scala_flexible_unsafe/scala_flexible_type_with_test_script/community-build/community-projects/scalacheck/"), "coreJS") / Test / loadedTestFrameworks` for the full stack trace)
[error] Total time: 18 s, completed Jun 21, 2023, 8:58:50 PM
[32mRerunning tests in scalacheck because of a previous run failure.[0m
[32msbt -sbt-version 1.8.0 -Dsbt.supershell=false -Ddotty.communitybuild.dir=/Users/y3536zha/Desktop/scala_flexible_unsafe/scala_flexible_type_with_test_script/community-build --addPluginSbtFile=/Users/y3536zha/Desktop/scala_flexible_unsafe/scala_flexible_type_with_test_script/community-build/sbt-injected-plugins set Global/testOptions += Tests.Argument(TestFramework("munit.Framework"), "+l"); clean; set Global/logLevel := Level.Error; set Global/updateOptions ~= (_.withLatestSnapshots(false)); set Global/scalacOptions ++= List("-Xcheck-macros","-Ysafe-init","-Yexplicit-nulls","-language:unsafeNulls","-Yflexible-types");++3.3.1-RC1-bin-SNAPSHOT!; coreJVM/test;coreJS/test[0m
[info] welcome to sbt 1.8.0 (Oracle Corporation Java 9.0.4)
[info] loading global plugins from /Users/y3536zha/.sbt/1.0/plugins
[info] loading settings for project scalacheck-build from plugin.sbt,sbt-injected-plugins ...
[info] loading project definition from /Users/y3536zha/Desktop/scala_flexible_unsafe/scala_flexible_type_with_test_script/community-build/community-projects/scalacheck/project
[info] loading settings for project root from build.sbt ...
SLF4J: No SLF4J providers were found.
SLF4J: Defaulting to no-operation (NOP) logger implementation
SLF4J: See https://www.slf4j.org/codes.html#noProviders for further details.
SLF4J: Class path contains SLF4J bindings targeting slf4j-api versions 1.7.x or earlier.
SLF4J: Ignoring binding found at [jar:file:/Users/y3536zha/.sbt/boot/scala-2.12.17/org.scala-sbt/sbt/1.8.0/log4j-slf4j-impl-2.17.1.jar!/org/slf4j/impl/StaticLoggerBinder.class]
SLF4J: See https://www.slf4j.org/codes.html#ignoredBindings for an explanation.
[info] set current project to scalacheck (in build file:/Users/y3536zha/Desktop/scala_flexible_unsafe/scala_flexible_type_with_test_script/community-build/community-projects/scalacheck/)
[info] Defining Global / testOptions
[info] The new value will be used by Test / test / testOptions, Test / testOnly / testOptions and 24 others.
[info] 	Run `last` for details.
[info] Reapplying settings...
[info] set current project to scalacheck (in build file:/Users/y3536zha/Desktop/scala_flexible_unsafe/scala_flexible_type_with_test_script/community-build/community-projects/scalacheck/)
[success] Total time: 0 s, completed Jun 21, 2023, 8:59:09 PM
[info] Defining Global / logLevel
[info] The new value will be used by Test / test / testListeners, Test / testOnly / testListeners and 64 others.
[info] 	Run `last` for details.
[info] Reapplying settings...
[info] set current project to scalacheck (in build file:/Users/y3536zha/Desktop/scala_flexible_unsafe/scala_flexible_type_with_test_script/community-build/community-projects/scalacheck/)
[info] Defining Global / updateOptions
[info] The new value will be used by bench / dependencyTreeIgnoreMissingUpdate / updateOptions, bench / ivyConfiguration and 21 others.
[info] 	Run `last` for details.
[info] Reapplying settings...
[info] set current project to scalacheck (in build file:/Users/y3536zha/Desktop/scala_flexible_unsafe/scala_flexible_type_with_test_script/community-build/community-projects/scalacheck/)
[info] Defining Global / scalacOptions
[info] The new value will be used by bench / scalacOptions, coreJS / scalacOptions and 5 others.
[info] 	Run `last` for details.
[info] Reapplying settings...
[info] set current project to scalacheck (in build file:/Users/y3536zha/Desktop/scala_flexible_unsafe/scala_flexible_type_with_test_script/community-build/community-projects/scalacheck/)
[info] Forcing Scala version to 3.3.1-RC1-bin-SNAPSHOT on all projects.
[info] Reapplying settings...
[info] Loading dependency tracking file /Users/y3536zha/Desktop/scala_flexible_unsafe/scala_flexible_type_with_test_script/community-build/dotty-community-build-deps
[info] Dependency tracking file /Users/y3536zha/Desktop/scala_flexible_unsafe/scala_flexible_type_with_test_script/community-build/dotty-community-build-deps does not exist
[info] set current project to scalacheck (in build file:/Users/y3536zha/Desktop/scala_flexible_unsafe/scala_flexible_type_with_test_script/community-build/community-projects/scalacheck/)
failing seed for P.outer is PrvR2buNSBOveZ2Fa0puhzQWB_95oN2KGnl6kIK4euC=
[success] Total time: 69 s (01:09), completed Jun 21, 2023, 9:00:21 PM
[error] failed to start node; did you install it? (run `last ProjectRef(uri("file:/Users/y3536zha/Desktop/scala_flexible_unsafe/scala_flexible_type_with_test_script/community-build/community-projects/scalacheck/"), "coreJS") / Test / loadedTestFrameworks` for the full stack trace)
[error] (coreJS / Test / loadedTestFrameworks) failed to start node; did you install it? (run `last ProjectRef(uri("file:/Users/y3536zha/Desktop/scala_flexible_unsafe/scala_flexible_type_with_test_script/community-build/community-projects/scalacheck/"), "coreJS") / Test / loadedTestFrameworks` for the full stack trace)
[error] Total time: 32 s, completed Jun 21, 2023, 9:00:53 PM
[32mRerunning tests in scalacheck because of a previous run failure.[0m
[32msbt -sbt-version 1.8.0 -Dsbt.supershell=false -Ddotty.communitybuild.dir=/Users/y3536zha/Desktop/scala_flexible_unsafe/scala_flexible_type_with_test_script/community-build --addPluginSbtFile=/Users/y3536zha/Desktop/scala_flexible_unsafe/scala_flexible_type_with_test_script/community-build/sbt-injected-plugins set Global/testOptions += Tests.Argument(TestFramework("munit.Framework"), "+l"); clean; set Global/logLevel := Level.Error; set Global/updateOptions ~= (_.withLatestSnapshots(false)); set Global/scalacOptions ++= List("-Xcheck-macros","-Ysafe-init","-Yexplicit-nulls","-language:unsafeNulls","-Yflexible-types");++3.3.1-RC1-bin-SNAPSHOT!; coreJVM/test;coreJS/test[0m
[info] welcome to sbt 1.8.0 (Oracle Corporation Java 9.0.4)
[info] loading global plugins from /Users/y3536zha/.sbt/1.0/plugins
[info] loading settings for project scalacheck-build from plugin.sbt,sbt-injected-plugins ...
[info] loading project definition from /Users/y3536zha/Desktop/scala_flexible_unsafe/scala_flexible_type_with_test_script/community-build/community-projects/scalacheck/project
[info] loading settings for project root from build.sbt ...
SLF4J: No SLF4J providers were found.
SLF4J: Defaulting to no-operation (NOP) logger implementation
SLF4J: See https://www.slf4j.org/codes.html#noProviders for further details.
SLF4J: Class path contains SLF4J bindings targeting slf4j-api versions 1.7.x or earlier.
SLF4J: Ignoring binding found at [jar:file:/Users/y3536zha/.sbt/boot/scala-2.12.17/org.scala-sbt/sbt/1.8.0/log4j-slf4j-impl-2.17.1.jar!/org/slf4j/impl/StaticLoggerBinder.class]
SLF4J: See https://www.slf4j.org/codes.html#ignoredBindings for an explanation.
[info] set current project to scalacheck (in build file:/Users/y3536zha/Desktop/scala_flexible_unsafe/scala_flexible_type_with_test_script/community-build/community-projects/scalacheck/)
[info] Defining Global / testOptions
[info] The new value will be used by Test / test / testOptions, Test / testOnly / testOptions and 24 others.
[info] 	Run `last` for details.
[info] Reapplying settings...
[info] set current project to scalacheck (in build file:/Users/y3536zha/Desktop/scala_flexible_unsafe/scala_flexible_type_with_test_script/community-build/community-projects/scalacheck/)
[success] Total time: 0 s, completed Jun 21, 2023, 9:01:11 PM
[info] Defining Global / logLevel
[info] The new value will be used by Test / test / testListeners, Test / testOnly / testListeners and 64 others.
[info] 	Run `last` for details.
[info] Reapplying settings...
[info] set current project to scalacheck (in build file:/Users/y3536zha/Desktop/scala_flexible_unsafe/scala_flexible_type_with_test_script/community-build/community-projects/scalacheck/)
[info] Defining Global / updateOptions
[info] The new value will be used by bench / dependencyTreeIgnoreMissingUpdate / updateOptions, bench / ivyConfiguration and 21 others.
[info] 	Run `last` for details.
[info] Reapplying settings...
[info] set current project to scalacheck (in build file:/Users/y3536zha/Desktop/scala_flexible_unsafe/scala_flexible_type_with_test_script/community-build/community-projects/scalacheck/)
[info] Defining Global / scalacOptions
[info] The new value will be used by bench / scalacOptions, coreJS / scalacOptions and 5 others.
[info] 	Run `last` for details.
[info] Reapplying settings...
[info] set current project to scalacheck (in build file:/Users/y3536zha/Desktop/scala_flexible_unsafe/scala_flexible_type_with_test_script/community-build/community-projects/scalacheck/)
[info] Forcing Scala version to 3.3.1-RC1-bin-SNAPSHOT on all projects.
[info] Reapplying settings...
[info] Loading dependency tracking file /Users/y3536zha/Desktop/scala_flexible_unsafe/scala_flexible_type_with_test_script/community-build/dotty-community-build-deps
[info] Dependency tracking file /Users/y3536zha/Desktop/scala_flexible_unsafe/scala_flexible_type_with_test_script/community-build/dotty-community-build-deps does not exist
[info] set current project to scalacheck (in build file:/Users/y3536zha/Desktop/scala_flexible_unsafe/scala_flexible_type_with_test_script/community-build/community-projects/scalacheck/)
failing seed for P.outer is i24EgSjlyNhr2oY3MqNbcYTRkciH_cyjPls9g_YriKN=
[success] Total time: 64 s (01:04), completed Jun 21, 2023, 9:02:18 PM
[error] failed to start node; did you install it? (run `last ProjectRef(uri("file:/Users/y3536zha/Desktop/scala_flexible_unsafe/scala_flexible_type_with_test_script/community-build/community-projects/scalacheck/"), "coreJS") / Test / loadedTestFrameworks` for the full stack trace)
[error] (coreJS / Test / loadedTestFrameworks) failed to start node; did you install it? (run `last ProjectRef(uri("file:/Users/y3536zha/Desktop/scala_flexible_unsafe/scala_flexible_type_with_test_script/community-build/community-projects/scalacheck/"), "coreJS") / Test / loadedTestFrameworks` for the full stack trace)
[error] Total time: 22 s, completed Jun 21, 2023, 9:02:40 PM
[32m[FAILURE scalacheck][0m
[32m[scalacheck DONE RUNNING][0m
[error] Test dotty.communitybuild.CommunityBuildTestC.scalacheck failed: java.lang.AssertionError: 
[error] 
[error] sbt exited with an error code. To reproduce without JUnit, use:
[error] 
[error]     sbt community-build/prepareCommunityBuild
[error]     cd community-build/community-projects/scalacheck
[error]     sbt -sbt-version 1.8.0 -Dsbt.supershell=false -Ddotty.communitybuild.dir=/Users/y3536zha/Desktop/scala_flexible_unsafe/scala_flexible_type_with_test_script/community-build --addPluginSbtFile=/Users/y3536zha/Desktop/scala_flexible_unsafe/scala_flexible_type_with_test_script/community-build/sbt-injected-plugins "set Global/testOptions += Tests.Argument(TestFramework("munit.Framework"), "+l"); clean; set Global/logLevel := Level.Error; set Global/updateOptions ~= (_.withLatestSnapshots(false)); set Global/scalacOptions ++= List("-Xcheck-macros","-Ysafe-init","-Yexplicit-nulls","-language:unsafeNulls","-Yflexible-types");++3.3.1-RC1-bin-SNAPSHOT!; coreJVM/test;coreJS/test"
[error] 
[error] For a faster feedback loop on SBT projects, one can try to extract a direct call to dotc
[error] using the sbt export command. For instance, for scalacheck, use
[error]     sbt export jvm/test:compileIncremental
[error] 
[error] , took 453.727 sec
[error]     at dotty.communitybuild.CommunityBuildTest$package$testRunner$.failWith(CommunityBuildTest.scala:15)
[error]     at dotty.communitybuild.CommunityBuildRunner.runProject(CommunityBuildRunner.scala:93)
[error]     at dotty.communitybuild.CommunityBuildRunner.runProject$(CommunityBuildRunner.scala:33)
[error]     at dotty.communitybuild.CommunityBuildTest$package$testRunner$.runProject(CommunityBuildTest.scala:14)
[error]     at dotty.communitybuild.CommunityBuildRunner$.run(CommunityBuildRunner.scala:28)
[error]     at dotty.communitybuild.CommunityBuildTestC.scalacheck(CommunityBuildTest.scala:83)
[error]     at jdk.internal.reflect.NativeMethodAccessorImpl.invoke0(Native Method)
[error]     at jdk.internal.reflect.NativeMethodAccessorImpl.invoke(Unknown Source)
[error]     at jdk.internal.reflect.DelegatingMethodAccessorImpl.invoke(Unknown Source)
[error]     at java.lang.reflect.Method.invoke(Unknown Source)
[error]     ...
[info] Test run dotty.communitybuild.CommunityBuildTestC finished: 1 failed, 0 ignored, 1 total, 453.735s
********************************************************************************
Failed projects:
 - dotty.communitybuild.CommunityBuildTestC.scalacheck
********************************************************************************
[info] Test run dotty.communitybuild.CommunityBuildTestB started
[info] Test run dotty.communitybuild.CommunityBuildTestB finished: 0 failed, 0 ignored, 0 total, 0.0s
[error] Failed: Total 1, Failed 1, Errors 0, Passed 0
[error] Failed tests:
[error] 	dotty.communitybuild.CommunityBuildTestC
[error] (community-build / Test / testOnly) sbt.TestsFailedException: Tests unsuccessful
[error] Total time: 486 s (08:06), completed Jun 21, 2023, 9:02:41 PM
